iter 	 p
500 	 0.5874079 
1000 	 0.5512826 
1500 	 0.6178661 
2000 	 0.6937955 
2500 	 0.5954755 
3000 	 0.6135451 
3500 	 0.5904577 
4000 	 0.5639533 
4500 	 0.6073422 
5000 	 0.5726682 
5500 	 0.5784576 
6000 	 0.5545715 
6500 	 0.6347589 
7000 	 0.6294142 
7500 	 0.5056011 
8000 	 0.6955161 
8500 	 0.6286736 
9000 	 0.5721422 
9500 	 0.5675241 
10000 	 0.5379349 
10500 	 0.5870198 
11000 	 0.5700204 
11500 	 0.6374017 
12000 	 0.5436876 
12500 	 0.6556221 
13000 	 0.5324928 
13500 	 0.6265858 
14000 	 0.5570377 
14500 	 0.5966706 
15000 	 0.5427187 
15500 	 0.633737 
16000 	 0.5639181 
16500 	 0.6347885 
17000 	 0.536717 
17500 	 0.5603133 
18000 	 0.6360869 
18500 	 0.5989026 
19000 	 0.6343605 
19500 	 0.6479075 
20000 	 0.6380254 
20500 	 0.5739442 
21000 	 0.5796827 
21500 	 0.6128821 
22000 	 0.5262121 
22500 	 0.512973 
23000 	 0.5614345 
23500 	 0.5176314 
24000 	 0.6039048 
24500 	 0.5360822 
25000 	 0.6190318 
25500 	 0.6183834 
26000 	 0.5945064 
26500 	 0.5780764 
27000 	 0.5804093 
27500 	 0.5592964 
28000 	 0.6074952 
28500 	 0.5816501 
29000 	 0.5834328 
29500 	 0.6529432 
30000 	 0.6160584 
30500 	 0.5871432 
31000 	 0.6831347 
31500 	 0.5603828 
32000 	 0.5746025 
32500 	 0.644121 
33000 	 0.5013236 
33500 	 0.5978669 
34000 	 0.6003892 
34500 	 0.4879701 
35000 	 0.6482127 
35500 	 0.6292032 
36000 	 0.5364023 
36500 	 0.5999854 
37000 	 0.6246865 
37500 	 0.5656091 
38000 	 0.5890669 
38500 	 0.6021626 
39000 	 0.5259359 
39500 	 0.6180211 
40000 	 0.6393069 
40500 	 0.5129111 
41000 	 0.6200286 
41500 	 0.5390437 
42000 	 0.5688542 
42500 	 0.5844451 
43000 	 0.6377593 
43500 	 0.5433801 
44000 	 0.5459007 
44500 	 0.5779171 
45000 	 0.5518717 
45500 	 0.5476044 
46000 	 0.57783 
46500 	 0.609682 
47000 	 0.5161024 
47500 	 0.6532998 
48000 	 0.6017758 
48500 	 0.552082 
49000 	 0.563097 
49500 	 0.6213944 
50000 	 0.5844088 
50500 	 0.5765116 
51000 	 0.56162 
51500 	 0.5379076 
52000 	 0.5980979 
52500 	 0.5875798 
53000 	 0.6571484 
53500 	 0.5998106 
54000 	 0.568234 
54500 	 0.6302765 
55000 	 0.6409308 
55500 	 0.5383743 
56000 	 0.5621354 
56500 	 0.5208355 
57000 	 0.5019166 
57500 	 0.5957155 
58000 	 0.6413751 
58500 	 0.541459 
59000 	 0.6195679 
59500 	 0.6885285 
60000 	 0.6337925 
60500 	 0.6540498 
61000 	 0.6099072 
61500 	 0.5131116 
62000 	 0.5429423 
62500 	 0.6302189 
63000 	 0.5085414 
63500 	 0.6142991 
64000 	 0.5727235 
64500 	 0.5745546 
65000 	 0.6286412 
65500 	 0.615163 
66000 	 0.6391494 
66500 	 0.5767387 
67000 	 0.541907 
67500 	 0.6488831 
68000 	 0.6013285 
68500 	 0.667188 
69000 	 0.5583409 
69500 	 0.5975907 
70000 	 0.5816948 
70500 	 0.5891573 
71000 	 0.6233427 
71500 	 0.6018199 
72000 	 0.654054 
72500 	 0.6121476 
73000 	 0.543738 
73500 	 0.5487942 
74000 	 0.6278773 
74500 	 0.6449665 
75000 	 0.5597667 
75500 	 0.5948354 
76000 	 0.5665913 
76500 	 0.6906384 
77000 	 0.538298 
77500 	 0.6592631 
78000 	 0.6069992 
78500 	 0.5077611 
79000 	 0.5597588 
79500 	 0.6096359 
80000 	 0.5376304 
80500 	 0.579166 
81000 	 0.6382871 
81500 	 0.5645666 
82000 	 0.620216 
82500 	 0.6386375 
83000 	 0.6377763 
83500 	 0.6081842 
84000 	 0.6353258 
84500 	 0.5213163 
85000 	 0.5826847 
85500 	 0.6912788 
86000 	 0.5471367 
86500 	 0.565662 
87000 	 0.5662736 
87500 	 0.5676003 
88000 	 0.5863446 
88500 	 0.5489302 
89000 	 0.5550967 
89500 	 0.5984768 
90000 	 0.5880687 
90500 	 0.5395325 
91000 	 0.5547674 
91500 	 0.5853963 
92000 	 0.6125951 
92500 	 0.4851761 
93000 	 0.4988704 
93500 	 0.6273751 
94000 	 0.5621524 
94500 	 0.5671354 
95000 	 0.582556 
95500 	 0.5531047 
96000 	 0.4792705 
96500 	 0.5181135 
97000 	 0.6573911 
97500 	 0.6922291 
98000 	 0.5669386 
98500 	 0.6054771 
99000 	 0.6539249 
99500 	 0.6483464 
100000 	 0.6226854 
100500 	 0.5612941 
101000 	 0.5665235 
101500 	 0.5525022 
102000 	 0.6093795 
102500 	 0.5739724 
103000 	 0.6286949 
103500 	 0.5270771 
104000 	 0.6559299 
104500 	 0.6504193 
105000 	 0.5556066 
105500 	 0.626582 
106000 	 0.7247001 
106500 	 0.5208544 
107000 	 0.6076889 
107500 	 0.5803121 
108000 	 0.5899846 
108500 	 0.6482136 
109000 	 0.590401 
109500 	 0.622197 
110000 	 0.5437576 
110500 	 0.5592225 
111000 	 0.5275534 
111500 	 0.6061705 
112000 	 0.6005004 
112500 	 0.6340169 
113000 	 0.6771637 
113500 	 0.6343263 
114000 	 0.57865 
114500 	 0.5394487 
115000 	 0.6018712 
115500 	 0.6622243 
116000 	 0.5241562 
116500 	 0.5954146 
117000 	 0.5915785 
117500 	 0.6069853 
118000 	 0.6797473 
118500 	 0.6211524 
119000 	 0.5281425 
119500 	 0.6380294 
120000 	 0.591581 
120500 	 0.5676812 
121000 	 0.5948737 
121500 	 0.5623486 
122000 	 0.5970701 
122500 	 0.4498051 
123000 	 0.6021816 
123500 	 0.6351388 
124000 	 0.5642521 
124500 	 0.5612732 
125000 	 0.5616048 
125500 	 0.5610568 
126000 	 0.6062498 
126500 	 0.6035389 
127000 	 0.6455452 
127500 	 0.6088542 
128000 	 0.5611976 
128500 	 0.6162419 
129000 	 0.5669131 
129500 	 0.6071867 
130000 	 0.6051459 
130500 	 0.6149814 
131000 	 0.5212127 
131500 	 0.5704074 
132000 	 0.5996814 
132500 	 0.5888881 
133000 	 0.5859144 
133500 	 0.5583768 
134000 	 0.5491352 
134500 	 0.6082559 
135000 	 0.6010629 
135500 	 0.5659262 
136000 	 0.5884848 
136500 	 0.6194023 
137000 	 0.5582094 
137500 	 0.5866907 
138000 	 0.5666458 
138500 	 0.5092002 
139000 	 0.5958806 
139500 	 0.6478603 
140000 	 0.6023115 
140500 	 0.5834594 
141000 	 0.509815 
141500 	 0.6044464 
142000 	 0.6265183 
142500 	 0.5646798 
143000 	 0.5780966 
143500 	 0.6488869 
144000 	 0.6096242 
144500 	 0.5463055 
145000 	 0.5214388 
145500 	 0.644188 
146000 	 0.5422744 
146500 	 0.5728355 
147000 	 0.698215 
147500 	 0.6105001 
148000 	 0.6293862 
148500 	 0.5459656 
149000 	 0.6401748 
149500 	 0.5332419 
150000 	 0.5601115 
150500 	 0.5927377 
151000 	 0.6512472 
151500 	 0.6420607 
152000 	 0.6896174 
152500 	 0.5560537 
153000 	 0.5641252 
153500 	 0.6682384 
154000 	 0.5836593 
154500 	 0.4754676 
155000 	 0.5653494 
155500 	 0.6566394 
156000 	 0.6486113 
156500 	 0.5204373 
157000 	 0.6284436 
157500 	 0.6651317 
158000 	 0.6041942 
158500 	 0.5300586 
159000 	 0.5738814 
159500 	 0.629031 
160000 	 0.6120497 
160500 	 0.5777767 
161000 	 0.5600147 
161500 	 0.6143229 
162000 	 0.6159444 
162500 	 0.5305691 
163000 	 0.6283947 
163500 	 0.5698732 
164000 	 0.549967 
164500 	 0.6022919 
165000 	 0.5962829 
165500 	 0.5275294 
166000 	 0.5712116 
166500 	 0.633984 
167000 	 0.5422758 
167500 	 0.5948758 
168000 	 0.6571408 
168500 	 0.6093499 
169000 	 0.5192155 
169500 	 0.5452099 
170000 	 0.577323 
170500 	 0.6672753 
171000 	 0.6080542 
171500 	 0.5727666 
172000 	 0.6778738 
172500 	 0.617496 
173000 	 0.6571934 
173500 	 0.634616 
174000 	 0.5839256 
174500 	 0.5678276 
175000 	 0.6142816 
175500 	 0.6087326 
176000 	 0.5950285 
176500 	 0.5585335 
177000 	 0.5928881 
177500 	 0.5172832 
178000 	 0.678742 
178500 	 0.599529 
179000 	 0.6353824 
179500 	 0.6633382 
180000 	 0.6010651 
180500 	 0.5932432 
181000 	 0.7242896 
181500 	 0.5534759 
182000 	 0.604349 
182500 	 0.5472789 
183000 	 0.5518715 
183500 	 0.5434445 
184000 	 0.5616449 
184500 	 0.5394773 
185000 	 0.6948609 
185500 	 0.5990975 
186000 	 0.6383462 
186500 	 0.5469587 
187000 	 0.5815792 
187500 	 0.6243605 
188000 	 0.5633707 
188500 	 0.5546154 
189000 	 0.5870502 
189500 	 0.4684413 
190000 	 0.6300257 
190500 	 0.6182292 
191000 	 0.524733 
191500 	 0.5659556 
192000 	 0.5507823 
192500 	 0.6007903 
193000 	 0.576953 
193500 	 0.6285281 
194000 	 0.5924019 
194500 	 0.5089195 
195000 	 0.5915101 
195500 	 0.631801 
196000 	 0.5787164 
196500 	 0.5670336 
197000 	 0.6445582 
197500 	 0.6404359 
198000 	 0.6430713 
198500 	 0.7178517 
199000 	 0.5893866 
199500 	 0.5914756 
200000 	 0.6466833 
200500 	 0.5991092 
201000 	 0.6079246 
201500 	 0.5392595 
202000 	 0.6228263 
202500 	 0.5610466 
203000 	 0.5081887 
203500 	 0.6303556 
204000 	 0.58429 
204500 	 0.5558443 
205000 	 0.5943316 
205500 	 0.5949235 
206000 	 0.5911361 
206500 	 0.5248486 
207000 	 0.6134214 
207500 	 0.5938621 
208000 	 0.5482485 
208500 	 0.5768794 
209000 	 0.6942475 
209500 	 0.5920493 
210000 	 0.5716569 
210500 	 0.5520202 
211000 	 0.6216224 
211500 	 0.584525 
212000 	 0.5761621 
212500 	 0.5951922 
213000 	 0.610423 
213500 	 0.531753 
214000 	 0.5603488 
214500 	 0.5664381 
215000 	 0.5742301 
215500 	 0.6394942 
216000 	 0.636963 
216500 	 0.5522429 
217000 	 0.6370712 
217500 	 0.5341161 
218000 	 0.5190612 
218500 	 0.5767969 
219000 	 0.5790879 
219500 	 0.7168085 
220000 	 0.5948814 
220500 	 0.5827873 
221000 	 0.6180218 
221500 	 0.5533172 
222000 	 0.5769283 
222500 	 0.580969 
223000 	 0.5470321 
223500 	 0.6370878 
224000 	 0.5641963 
224500 	 0.5800419 
225000 	 0.6254937 
225500 	 0.6114998 
226000 	 0.594967 
226500 	 0.651387 
227000 	 0.6083279 
227500 	 0.6090488 
228000 	 0.578208 
228500 	 0.6567432 
229000 	 0.6069466 
229500 	 0.5365149 
230000 	 0.6268296 
230500 	 0.6441195 
231000 	 0.5660983 
231500 	 0.5850444 
232000 	 0.6153516 
232500 	 0.5265909 
233000 	 0.6572042 
233500 	 0.6098729 
234000 	 0.652924 
234500 	 0.5829841 
235000 	 0.6272718 
235500 	 0.6150605 
236000 	 0.6113335 
236500 	 0.6000609 
237000 	 0.6064082 
237500 	 0.6001548 
238000 	 0.5267505 
238500 	 0.6264523 
239000 	 0.6527036 
239500 	 0.5701833 
240000 	 0.6514556 
240500 	 0.5971411 
241000 	 0.6075417 
241500 	 0.598922 
242000 	 0.5022121 
242500 	 0.5394623 
243000 	 0.5621733 
243500 	 0.4784617 
244000 	 0.6251724 
244500 	 0.5203733 
245000 	 0.6167643 
245500 	 0.6203676 
246000 	 0.5675484 
246500 	 0.6114883 
247000 	 0.5615268 
247500 	 0.5812993 
248000 	 0.5916207 
248500 	 0.5295292 
249000 	 0.6209399 
249500 	 0.5859594 
250000 	 0.5803924 
250500 	 0.5919366 
251000 	 0.5683456 
251500 	 0.5846276 
252000 	 0.6192819 
252500 	 0.559412 
253000 	 0.5552242 
253500 	 0.6297307 
254000 	 0.6343275 
254500 	 0.5727752 
255000 	 0.5383661 
255500 	 0.610581 
256000 	 0.6168715 
256500 	 0.4912747 
257000 	 0.5539384 
257500 	 0.5696461 
258000 	 0.5346974 
258500 	 0.5498546 
259000 	 0.6477761 
259500 	 0.5988167 
260000 	 0.6896438 
260500 	 0.5822518 
261000 	 0.6480285 
261500 	 0.5445691 
262000 	 0.5949732 
262500 	 0.635168 
263000 	 0.7043601 
263500 	 0.5791615 
264000 	 0.5528691 
264500 	 0.5850913 
265000 	 0.5956859 
265500 	 0.6550918 
266000 	 0.4829942 
266500 	 0.6788597 
267000 	 0.5611548 
267500 	 0.6380708 
268000 	 0.5762795 
268500 	 0.5944546 
269000 	 0.6420879 
269500 	 0.6408085 
270000 	 0.602884 
270500 	 0.6603834 
271000 	 0.6484445 
271500 	 0.5793486 
272000 	 0.5845394 
272500 	 0.6664239 
273000 	 0.6199721 
273500 	 0.6290788 
274000 	 0.6034624 
274500 	 0.5730787 
275000 	 0.6172468 
275500 	 0.498939 
276000 	 0.5832344 
276500 	 0.6070413 
277000 	 0.5116269 
277500 	 0.598707 
278000 	 0.604027 
278500 	 0.5821997 
279000 	 0.563878 
279500 	 0.5788512 
280000 	 0.562987 
280500 	 0.6136497 
281000 	 0.6106312 
281500 	 0.6289356 
282000 	 0.5994417 
282500 	 0.6382207 
283000 	 0.6667852 
283500 	 0.6200084 
284000 	 0.5901677 
284500 	 0.4856679 
285000 	 0.6646302 
285500 	 0.5747473 
286000 	 0.5092303 
286500 	 0.5732387 
287000 	 0.5959911 
287500 	 0.5669747 
288000 	 0.6379049 
288500 	 0.5840434 
289000 	 0.5607542 
289500 	 0.5519679 
290000 	 0.6022409 
290500 	 0.6170158 
291000 	 0.5901322 
291500 	 0.5844912 
292000 	 0.6260829 
292500 	 0.523899 
293000 	 0.6096052 
293500 	 0.5193076 
294000 	 0.6403385 
294500 	 0.5953734 
295000 	 0.5832296 
295500 	 0.6120374 
296000 	 0.5526066 
296500 	 0.6291037 
297000 	 0.5916495 
297500 	 0.6148786 
298000 	 0.5424813 
298500 	 0.5711118 
299000 	 0.5975125 
299500 	 0.6220894 
300000 	 0.5526673 
300500 	 0.5266265 
301000 	 0.6413515 
301500 	 0.52365 
302000 	 0.6708902 
302500 	 0.6213297 
303000 	 0.5710638 
303500 	 0.5367114 
304000 	 0.5685236 
304500 	 0.4698529 
305000 	 0.6297855 
305500 	 0.5969804 
306000 	 0.5583572 
306500 	 0.5144969 
307000 	 0.6338513 
307500 	 0.6001992 
308000 	 0.5953244 
308500 	 0.5588923 
309000 	 0.6020757 
309500 	 0.5647558 
310000 	 0.5867569 
310500 	 0.6829809 
311000 	 0.6220995 
311500 	 0.5552176 
312000 	 0.6441605 
312500 	 0.613434 
313000 	 0.5572282 
313500 	 0.5228574 
314000 	 0.5883643 
314500 	 0.6246246 
315000 	 0.5636207 
315500 	 0.5224588 
316000 	 0.6746719 
316500 	 0.573471 
317000 	 0.5732931 
317500 	 0.5537281 
318000 	 0.5416224 
318500 	 0.6166571 
319000 	 0.6765332 
319500 	 0.5511625 
320000 	 0.6938364 
320500 	 0.5268043 
321000 	 0.5335573 
321500 	 0.5623126 
322000 	 0.5842322 
322500 	 0.6372137 
323000 	 0.6902447 
323500 	 0.622421 
324000 	 0.6624591 
324500 	 0.6783453 
325000 	 0.6585021 
325500 	 0.5776641 
326000 	 0.5811263 
326500 	 0.6027025 
327000 	 0.5326207 
327500 	 0.5925964 
328000 	 0.5503376 
328500 	 0.5805875 
329000 	 0.4962224 
329500 	 0.6950775 
330000 	 0.5987856 
330500 	 0.675082 
331000 	 0.6291423 
331500 	 0.6428237 
332000 	 0.607306 
332500 	 0.587778 
333000 	 0.5228649 
333500 	 0.5922634 
334000 	 0.4641922 
334500 	 0.5863994 
335000 	 0.6068624 
335500 	 0.6407718 
336000 	 0.5702738 
336500 	 0.6133535 
337000 	 0.5553396 
337500 	 0.591963 
338000 	 0.6243296 
338500 	 0.619173 
339000 	 0.5787059 
339500 	 0.6366905 
340000 	 0.6288723 
340500 	 0.5542748 
341000 	 0.620202 
341500 	 0.662067 
342000 	 0.5294001 
342500 	 0.5407478 
343000 	 0.6491258 
343500 	 0.5785994 
344000 	 0.6033966 
344500 	 0.6051518 
345000 	 0.5489738 
345500 	 0.6111311 
346000 	 0.5672275 
346500 	 0.5810822 
347000 	 0.5730798 
347500 	 0.6688605 
348000 	 0.6363117 
348500 	 0.63427 
349000 	 0.6371172 
349500 	 0.6143396 
350000 	 0.6343526 
350500 	 0.5674886 
351000 	 0.5894823 
351500 	 0.6086873 
352000 	 0.4705584 
352500 	 0.5132485 
353000 	 0.6220508 
353500 	 0.5494522 
354000 	 0.6231054 
354500 	 0.5679687 
355000 	 0.5720042 
355500 	 0.5272482 
356000 	 0.6263409 
356500 	 0.6558858 
357000 	 0.6579708 
357500 	 0.5377846 
358000 	 0.4673177 
358500 	 0.6168892 
359000 	 0.627557 
359500 	 0.5101879 
360000 	 0.6265805 
360500 	 0.616144 
361000 	 0.6447421 
361500 	 0.6561948 
362000 	 0.6583649 
362500 	 0.5672628 
363000 	 0.5357898 
363500 	 0.6372128 
364000 	 0.6185193 
364500 	 0.5742811 
365000 	 0.6251227 
365500 	 0.5926692 
366000 	 0.625912 
366500 	 0.5440418 
367000 	 0.6442275 
367500 	 0.6560929 
368000 	 0.6542464 
368500 	 0.6524573 
369000 	 0.6555196 
369500 	 0.6602598 
370000 	 0.6295913 
370500 	 0.5765528 
371000 	 0.6166549 
371500 	 0.552769 
372000 	 0.5825403 
372500 	 0.4991201 
373000 	 0.5900344 
373500 	 0.5655104 
374000 	 0.6240486 
374500 	 0.6864587 
375000 	 0.6426321 
375500 	 0.5718275 
376000 	 0.635798 
376500 	 0.6082739 
377000 	 0.5112481 
377500 	 0.5028929 
378000 	 0.6120705 
378500 	 0.6438777 
379000 	 0.5950861 
379500 	 0.5601631 
380000 	 0.5613893 
380500 	 0.707277 
381000 	 0.6372767 
381500 	 0.6616032 
382000 	 0.6558164 
382500 	 0.546152 
383000 	 0.6071673 
383500 	 0.6601766 
384000 	 0.677202 
384500 	 0.6414961 
385000 	 0.5944713 
385500 	 0.6095167 
386000 	 0.5924081 
386500 	 0.5723995 
387000 	 0.5965569 
387500 	 0.656678 
388000 	 0.5921716 
388500 	 0.6575945 
389000 	 0.5863553 
389500 	 0.5664654 
390000 	 0.6297377 
390500 	 0.6140959 
391000 	 0.626155 
391500 	 0.6036592 
392000 	 0.5005334 
392500 	 0.5989313 
393000 	 0.5177336 
393500 	 0.5732176 
394000 	 0.5915847 
394500 	 0.5642815 
395000 	 0.6440186 
395500 	 0.5261827 
396000 	 0.6540957 
396500 	 0.5914228 
397000 	 0.5875593 
397500 	 0.629362 
398000 	 0.4921397 
398500 	 0.5315348 
399000 	 0.6167785 
399500 	 0.5037186 
400000 	 0.4722664 
400500 	 0.5799295 
401000 	 0.589019 
401500 	 0.6432319 
402000 	 0.4719121 
402500 	 0.6424462 
403000 	 0.498376 
403500 	 0.5916777 
404000 	 0.6340725 
404500 	 0.6278679 
405000 	 0.5390518 
405500 	 0.6157385 
406000 	 0.5606733 
406500 	 0.6671618 
407000 	 0.627241 
407500 	 0.6510914 
408000 	 0.6187387 
408500 	 0.6037693 
409000 	 0.5154246 
409500 	 0.5553156 
410000 	 0.6890049 
410500 	 0.5868115 
411000 	 0.5441422 
411500 	 0.6105558 
412000 	 0.5563521 
412500 	 0.6052086 
413000 	 0.6415134 
413500 	 0.6345109 
414000 	 0.5528708 
414500 	 0.6499313 
415000 	 0.4932359 
415500 	 0.618831 
416000 	 0.4871781 
416500 	 0.5731612 
417000 	 0.6126643 
417500 	 0.5834327 
418000 	 0.5521428 
418500 	 0.5683421 
419000 	 0.5933246 
419500 	 0.5393651 
420000 	 0.510829 
420500 	 0.6341081 
421000 	 0.6163416 
421500 	 0.5892565 
422000 	 0.5636196 
422500 	 0.5747595 
423000 	 0.533356 
423500 	 0.581656 
424000 	 0.5870433 
424500 	 0.5978081 
425000 	 0.6640832 
425500 	 0.6408864 
426000 	 0.6435196 
426500 	 0.5496925 
427000 	 0.4846046 
427500 	 0.5908551 
428000 	 0.6497554 
428500 	 0.6595822 
429000 	 0.592049 
429500 	 0.5391593 
430000 	 0.5848587 
430500 	 0.5968457 
431000 	 0.6331507 
431500 	 0.57417 
432000 	 0.5816124 
432500 	 0.5866738 
433000 	 0.5770521 
433500 	 0.6265656 
434000 	 0.5853176 
434500 	 0.5539899 
435000 	 0.5993465 
435500 	 0.5402614 
436000 	 0.6190207 
436500 	 0.5425355 
437000 	 0.5369112 
437500 	 0.6347401 
438000 	 0.6597001 
438500 	 0.568811 
439000 	 0.5751036 
439500 	 0.6422808 
440000 	 0.605269 
440500 	 0.5027893 
441000 	 0.6255613 
441500 	 0.5382925 
442000 	 0.6251593 
442500 	 0.5892969 
443000 	 0.6259357 
443500 	 0.6275165 
444000 	 0.5780131 
444500 	 0.6204502 
445000 	 0.5923754 
445500 	 0.6473326 
446000 	 0.6395708 
446500 	 0.5677785 
447000 	 0.5291043 
447500 	 0.5274914 
448000 	 0.5933471 
448500 	 0.6168682 
449000 	 0.5152143 
449500 	 0.6126071 
450000 	 0.50142 
450500 	 0.632881 
451000 	 0.563917 
451500 	 0.6049913 
452000 	 0.5853587 
452500 	 0.5427532 
453000 	 0.620772 
453500 	 0.5660862 
454000 	 0.6319106 
454500 	 0.6596221 
455000 	 0.6474588 
455500 	 0.5797995 
456000 	 0.5207112 
456500 	 0.632907 
457000 	 0.5580256 
457500 	 0.5692407 
458000 	 0.5927163 
458500 	 0.5309321 
459000 	 0.6069172 
459500 	 0.6205476 
460000 	 0.61774 
460500 	 0.5536209 
461000 	 0.5856108 
461500 	 0.6707513 
462000 	 0.6963438 
462500 	 0.5494116 
463000 	 0.5703374 
463500 	 0.5484476 
464000 	 0.5657982 
464500 	 0.6109259 
465000 	 0.6587576 
465500 	 0.535943 
466000 	 0.6370868 
466500 	 0.5958145 
467000 	 0.5973357 
467500 	 0.6275033 
468000 	 0.5433932 
468500 	 0.5590638 
469000 	 0.6232524 
469500 	 0.5865896 
470000 	 0.6210622 
470500 	 0.567055 
471000 	 0.5795412 
471500 	 0.6698137 
472000 	 0.5697493 
472500 	 0.5928809 
473000 	 0.5479801 
473500 	 0.622719 
474000 	 0.5319012 
474500 	 0.607619 
475000 	 0.5130688 
475500 	 0.4981331 
476000 	 0.5856571 
476500 	 0.5138121 
477000 	 0.5424579 
477500 	 0.5949117 
478000 	 0.4916759 
478500 	 0.5283437 
479000 	 0.5999122 
479500 	 0.4666036 
480000 	 0.5483132 
480500 	 0.552694 
481000 	 0.5792901 
481500 	 0.7475803 
482000 	 0.5959545 
482500 	 0.5963968 
483000 	 0.683002 
483500 	 0.4963831 
484000 	 0.5284986 
484500 	 0.534388 
485000 	 0.5754905 
485500 	 0.4910349 
486000 	 0.5508281 
486500 	 0.5497223 
487000 	 0.5155816 
487500 	 0.6588817 
488000 	 0.5822641 
488500 	 0.6301824 
489000 	 0.60809 
489500 	 0.5730518 
490000 	 0.5962301 
490500 	 0.6187493 
491000 	 0.503691 
491500 	 0.5967261 
492000 	 0.5858878 
492500 	 0.5534138 
493000 	 0.5754856 
493500 	 0.5488047 
494000 	 0.6002513 
494500 	 0.5916087 
495000 	 0.6408826 
495500 	 0.6225326 
496000 	 0.5971895 
496500 	 0.574705 
497000 	 0.6236178 
497500 	 0.5640322 
498000 	 0.5761255 
498500 	 0.5283995 
499000 	 0.5918177 
499500 	 0.5922089 
500000 	 0.5993831 
