iter 	 p
500 	 0.521085 
1000 	 0.6251402 
1500 	 0.691598 
2000 	 0.5969465 
2500 	 0.5919264 
3000 	 0.7091526 
3500 	 0.7130092 
4000 	 0.6393336 
4500 	 0.6109558 
5000 	 0.6411848 
5500 	 0.6601642 
6000 	 0.7190876 
6500 	 0.642247 
7000 	 0.6106605 
7500 	 0.6386178 
8000 	 0.6200887 
8500 	 0.6502305 
9000 	 0.6335008 
9500 	 0.6766042 
10000 	 0.6032423 
10500 	 0.6711687 
11000 	 0.6769275 
11500 	 0.6954855 
12000 	 0.6871923 
12500 	 0.6885614 
13000 	 0.6556834 
13500 	 0.5961596 
14000 	 0.6345816 
14500 	 0.6025878 
15000 	 0.6361921 
15500 	 0.6459872 
16000 	 0.630686 
16500 	 0.6504178 
17000 	 0.6679535 
17500 	 0.6109099 
18000 	 0.7129982 
18500 	 0.6735785 
19000 	 0.6306113 
19500 	 0.6682477 
20000 	 0.6947938 
20500 	 0.610516 
21000 	 0.5404587 
21500 	 0.6438076 
22000 	 0.7260198 
22500 	 0.6898315 
23000 	 0.6233638 
23500 	 0.554119 
24000 	 0.6185308 
24500 	 0.6303942 
25000 	 0.6730955 
25500 	 0.7234047 
26000 	 0.6995981 
26500 	 0.6391181 
27000 	 0.6053737 
27500 	 0.6785437 
28000 	 0.6737029 
28500 	 0.6687935 
29000 	 0.5610432 
29500 	 0.6472352 
30000 	 0.7184652 
30500 	 0.6490463 
31000 	 0.7397381 
31500 	 0.7065891 
32000 	 0.628463 
32500 	 0.7017271 
33000 	 0.6584355 
33500 	 0.6291506 
34000 	 0.7072949 
34500 	 0.6844806 
35000 	 0.6580852 
35500 	 0.7213902 
36000 	 0.6700639 
36500 	 0.6568815 
37000 	 0.6283916 
37500 	 0.6168285 
38000 	 0.5458503 
38500 	 0.7082866 
39000 	 0.593352 
39500 	 0.6237683 
40000 	 0.7410832 
40500 	 0.6388107 
41000 	 0.5870689 
41500 	 0.6827091 
42000 	 0.6735838 
42500 	 0.6434711 
43000 	 0.692722 
43500 	 0.622898 
44000 	 0.6321868 
44500 	 0.6653139 
45000 	 0.6008909 
45500 	 0.7548011 
46000 	 0.7350864 
46500 	 0.6543269 
47000 	 0.6158947 
47500 	 0.6627096 
48000 	 0.5857567 
48500 	 0.652435 
49000 	 0.6220469 
49500 	 0.5546355 
50000 	 0.6122558 
50500 	 0.607724 
51000 	 0.6829625 
51500 	 0.5697109 
52000 	 0.6267251 
52500 	 0.5959873 
53000 	 0.6549744 
53500 	 0.669173 
54000 	 0.7203244 
54500 	 0.661247 
55000 	 0.6743704 
55500 	 0.667285 
56000 	 0.693847 
56500 	 0.5841062 
57000 	 0.6088205 
57500 	 0.6516269 
58000 	 0.6182615 
58500 	 0.66325 
59000 	 0.6386289 
59500 	 0.6796422 
60000 	 0.6624515 
60500 	 0.6435317 
61000 	 0.6655285 
61500 	 0.6121872 
62000 	 0.5390709 
62500 	 0.7080845 
63000 	 0.7017104 
63500 	 0.7211271 
64000 	 0.7359824 
64500 	 0.6185916 
65000 	 0.6247433 
65500 	 0.7198799 
66000 	 0.7266075 
66500 	 0.6109425 
67000 	 0.6159435 
67500 	 0.6089011 
68000 	 0.6347185 
68500 	 0.6287748 
69000 	 0.6687354 
69500 	 0.6480999 
70000 	 0.6286674 
70500 	 0.6708465 
71000 	 0.6531529 
71500 	 0.6534994 
72000 	 0.6317035 
72500 	 0.6547554 
73000 	 0.6409344 
73500 	 0.6384012 
74000 	 0.5990121 
74500 	 0.6471356 
75000 	 0.6044962 
75500 	 0.5982177 
76000 	 0.518932 
76500 	 0.6448506 
77000 	 0.675285 
77500 	 0.6259979 
78000 	 0.6622245 
78500 	 0.6733983 
79000 	 0.6118795 
79500 	 0.6387613 
80000 	 0.6640795 
80500 	 0.6669526 
81000 	 0.6642455 
81500 	 0.6205669 
82000 	 0.5922969 
82500 	 0.6456695 
83000 	 0.6689569 
83500 	 0.663152 
84000 	 0.6462104 
84500 	 0.6659361 
85000 	 0.6560897 
85500 	 0.6338897 
86000 	 0.5891432 
86500 	 0.6070663 
87000 	 0.6058926 
87500 	 0.7064001 
88000 	 0.6155714 
88500 	 0.7391584 
89000 	 0.7116641 
89500 	 0.6378715 
90000 	 0.6829243 
90500 	 0.6809453 
91000 	 0.6680741 
91500 	 0.6287063 
92000 	 0.5980182 
92500 	 0.6511984 
93000 	 0.721387 
93500 	 0.6349895 
94000 	 0.6025663 
94500 	 0.6710893 
95000 	 0.6199045 
95500 	 0.7532577 
96000 	 0.6444465 
96500 	 0.5818429 
97000 	 0.6286811 
97500 	 0.6322156 
98000 	 0.7188413 
98500 	 0.6558206 
99000 	 0.6955251 
99500 	 0.6726459 
100000 	 0.6883459 
100500 	 0.5714619 
101000 	 0.604064 
101500 	 0.6589493 
102000 	 0.6561002 
102500 	 0.6768478 
103000 	 0.5538418 
103500 	 0.6253272 
104000 	 0.6676449 
104500 	 0.6430587 
105000 	 0.6262818 
105500 	 0.5533535 
106000 	 0.5679608 
106500 	 0.6430164 
107000 	 0.6357225 
107500 	 0.6412011 
108000 	 0.6417941 
108500 	 0.6922003 
109000 	 0.7028768 
109500 	 0.6177639 
110000 	 0.5528204 
110500 	 0.6353583 
111000 	 0.6253227 
111500 	 0.6708619 
112000 	 0.6665727 
112500 	 0.6641553 
113000 	 0.7079639 
113500 	 0.6865807 
114000 	 0.7384473 
114500 	 0.6590109 
115000 	 0.6438423 
115500 	 0.6750752 
116000 	 0.6984455 
116500 	 0.6754598 
117000 	 0.6486427 
117500 	 0.6620148 
118000 	 0.590487 
118500 	 0.555385 
119000 	 0.6536706 
119500 	 0.5802333 
120000 	 0.6633027 
120500 	 0.5852996 
121000 	 0.6480836 
121500 	 0.678399 
122000 	 0.7108601 
122500 	 0.6825912 
123000 	 0.6731092 
123500 	 0.5970105 
124000 	 0.6653789 
124500 	 0.6068693 
125000 	 0.635502 
125500 	 0.643125 
126000 	 0.6202524 
126500 	 0.6298707 
127000 	 0.6835741 
127500 	 0.6506688 
128000 	 0.6658382 
128500 	 0.6868236 
129000 	 0.6337818 
129500 	 0.6473376 
130000 	 0.690164 
130500 	 0.6590692 
131000 	 0.6536663 
131500 	 0.6695498 
132000 	 0.6149908 
132500 	 0.6931129 
133000 	 0.6460162 
133500 	 0.5769462 
134000 	 0.747974 
134500 	 0.6392096 
135000 	 0.6427759 
135500 	 0.629748 
136000 	 0.5871859 
136500 	 0.6788146 
137000 	 0.6525503 
137500 	 0.6908403 
138000 	 0.6329926 
138500 	 0.5919672 
139000 	 0.6266596 
139500 	 0.7038587 
140000 	 0.6148844 
140500 	 0.6020947 
141000 	 0.6698461 
141500 	 0.6513837 
142000 	 0.5895582 
142500 	 0.6023294 
143000 	 0.6206954 
143500 	 0.6886952 
144000 	 0.5065478 
144500 	 0.66618 
145000 	 0.6086152 
145500 	 0.6320438 
146000 	 0.7304321 
146500 	 0.6133606 
147000 	 0.6915663 
147500 	 0.5725001 
148000 	 0.6519409 
148500 	 0.6333126 
149000 	 0.6755029 
149500 	 0.5891306 
150000 	 0.6237766 
150500 	 0.6244625 
151000 	 0.672483 
151500 	 0.6865256 
152000 	 0.641468 
152500 	 0.628881 
153000 	 0.6047528 
153500 	 0.6067402 
154000 	 0.6576696 
154500 	 0.6933467 
155000 	 0.7326486 
155500 	 0.7028496 
156000 	 0.6210249 
156500 	 0.6449689 
157000 	 0.602057 
157500 	 0.6189712 
158000 	 0.6955052 
158500 	 0.6900309 
159000 	 0.6567285 
159500 	 0.6306803 
160000 	 0.5986973 
160500 	 0.6376808 
161000 	 0.5927338 
161500 	 0.6389157 
162000 	 0.5871607 
162500 	 0.7361111 
163000 	 0.6782634 
163500 	 0.652082 
164000 	 0.5821986 
164500 	 0.5536104 
165000 	 0.7354201 
165500 	 0.6648457 
166000 	 0.674489 
166500 	 0.6781847 
167000 	 0.6384064 
167500 	 0.6226387 
168000 	 0.6152357 
168500 	 0.6662967 
169000 	 0.7107473 
169500 	 0.6482999 
170000 	 0.6712509 
170500 	 0.6388506 
171000 	 0.6213718 
171500 	 0.6080742 
172000 	 0.6548469 
172500 	 0.7009695 
173000 	 0.6949999 
173500 	 0.5879917 
174000 	 0.6448278 
174500 	 0.6063113 
175000 	 0.6104667 
175500 	 0.6268256 
176000 	 0.6227082 
176500 	 0.6555839 
177000 	 0.681168 
177500 	 0.6776447 
178000 	 0.6028974 
178500 	 0.6849405 
179000 	 0.7113696 
179500 	 0.6486112 
180000 	 0.6358023 
180500 	 0.6745579 
181000 	 0.6931313 
181500 	 0.5930023 
182000 	 0.7185318 
182500 	 0.6413342 
183000 	 0.6964594 
183500 	 0.6705628 
184000 	 0.6120474 
184500 	 0.614432 
185000 	 0.6854066 
185500 	 0.6813212 
186000 	 0.7181924 
186500 	 0.6987045 
187000 	 0.5439032 
187500 	 0.5907385 
188000 	 0.5967491 
188500 	 0.6160111 
189000 	 0.6199148 
189500 	 0.7058671 
190000 	 0.6649894 
190500 	 0.6133256 
191000 	 0.7188605 
191500 	 0.6220451 
192000 	 0.6588658 
192500 	 0.6650774 
193000 	 0.6380592 
193500 	 0.6096475 
194000 	 0.7088612 
194500 	 0.6838776 
195000 	 0.5752246 
195500 	 0.7048306 
196000 	 0.6239235 
196500 	 0.6583123 
197000 	 0.6568295 
197500 	 0.6483832 
198000 	 0.6311226 
198500 	 0.674249 
199000 	 0.6825741 
199500 	 0.6079302 
200000 	 0.6709597 
200500 	 0.6287419 
201000 	 0.708661 
201500 	 0.575752 
202000 	 0.575243 
202500 	 0.6361395 
203000 	 0.6662923 
203500 	 0.6405197 
204000 	 0.6460133 
204500 	 0.600015 
205000 	 0.7439806 
205500 	 0.7016218 
206000 	 0.5834335 
206500 	 0.579059 
207000 	 0.6133758 
207500 	 0.5517387 
208000 	 0.675041 
208500 	 0.6399187 
209000 	 0.6868498 
209500 	 0.7319792 
210000 	 0.6162315 
210500 	 0.5576282 
211000 	 0.6113859 
211500 	 0.5635123 
212000 	 0.6458844 
212500 	 0.6962779 
213000 	 0.6204521 
213500 	 0.5433081 
214000 	 0.5490333 
214500 	 0.629478 
215000 	 0.6828256 
215500 	 0.6622668 
216000 	 0.6041571 
216500 	 0.6885065 
217000 	 0.6553228 
217500 	 0.6825742 
218000 	 0.7113693 
218500 	 0.655665 
219000 	 0.7029408 
219500 	 0.6115032 
220000 	 0.5815777 
220500 	 0.5648032 
221000 	 0.6999768 
221500 	 0.6663184 
222000 	 0.6288516 
222500 	 0.6321919 
223000 	 0.6741189 
223500 	 0.6425103 
224000 	 0.6002626 
224500 	 0.6996407 
225000 	 0.7453039 
225500 	 0.6963465 
226000 	 0.6684111 
226500 	 0.6374282 
227000 	 0.6209387 
227500 	 0.7187145 
228000 	 0.6450318 
228500 	 0.660962 
229000 	 0.6247442 
229500 	 0.6870509 
230000 	 0.5945336 
230500 	 0.715445 
231000 	 0.6027637 
231500 	 0.6519925 
232000 	 0.7020235 
232500 	 0.6999388 
233000 	 0.5599252 
233500 	 0.6633646 
234000 	 0.6599949 
234500 	 0.6860604 
235000 	 0.6566201 
235500 	 0.6508369 
236000 	 0.6490684 
236500 	 0.5984031 
237000 	 0.6274792 
237500 	 0.6973356 
238000 	 0.5958251 
238500 	 0.6734699 
239000 	 0.6086531 
239500 	 0.5911937 
240000 	 0.6718284 
240500 	 0.6278797 
241000 	 0.6168737 
241500 	 0.610072 
242000 	 0.6281466 
242500 	 0.6129317 
243000 	 0.6178821 
243500 	 0.7312177 
244000 	 0.6896418 
244500 	 0.7063016 
245000 	 0.6290127 
245500 	 0.6407925 
246000 	 0.7776049 
246500 	 0.6870124 
247000 	 0.7129024 
247500 	 0.6622071 
248000 	 0.6676078 
248500 	 0.6054171 
249000 	 0.5929053 
249500 	 0.5938791 
250000 	 0.6427359 
250500 	 0.6442261 
251000 	 0.6804214 
251500 	 0.688515 
252000 	 0.6512318 
252500 	 0.6254396 
253000 	 0.7026686 
253500 	 0.6114548 
254000 	 0.6765746 
254500 	 0.6072931 
255000 	 0.6481442 
255500 	 0.7344315 
256000 	 0.6691552 
256500 	 0.6197242 
257000 	 0.6193229 
257500 	 0.6447084 
258000 	 0.5780199 
258500 	 0.6621394 
259000 	 0.6650028 
259500 	 0.609529 
260000 	 0.5820342 
260500 	 0.6126837 
261000 	 0.6071395 
261500 	 0.6758725 
262000 	 0.6879101 
262500 	 0.5965099 
263000 	 0.5871297 
263500 	 0.6905426 
264000 	 0.5746607 
264500 	 0.6189843 
265000 	 0.6572407 
265500 	 0.7006912 
266000 	 0.5935239 
266500 	 0.677535 
267000 	 0.692468 
267500 	 0.6401185 
268000 	 0.6439244 
268500 	 0.61962 
269000 	 0.5253079 
269500 	 0.6208623 
270000 	 0.5669335 
270500 	 0.6831877 
271000 	 0.662866 
271500 	 0.6556787 
272000 	 0.6670935 
272500 	 0.5872756 
273000 	 0.6428512 
273500 	 0.6978736 
274000 	 0.714388 
274500 	 0.6055752 
275000 	 0.6012836 
275500 	 0.6320552 
276000 	 0.6487455 
276500 	 0.6309995 
277000 	 0.6418051 
277500 	 0.5961302 
278000 	 0.6394173 
278500 	 0.6650434 
279000 	 0.7329572 
279500 	 0.6917527 
280000 	 0.6565338 
280500 	 0.6924053 
281000 	 0.577273 
281500 	 0.6191617 
282000 	 0.609572 
282500 	 0.6333567 
283000 	 0.6898711 
283500 	 0.6694001 
284000 	 0.6131277 
284500 	 0.6418123 
285000 	 0.6046583 
285500 	 0.6615598 
286000 	 0.6111711 
286500 	 0.6366434 
287000 	 0.6965555 
287500 	 0.6657555 
288000 	 0.5648663 
288500 	 0.5969841 
289000 	 0.6560894 
289500 	 0.6762355 
290000 	 0.5679151 
290500 	 0.6104047 
291000 	 0.6709316 
291500 	 0.6215557 
292000 	 0.6482442 
292500 	 0.7348206 
293000 	 0.6008636 
293500 	 0.6149168 
294000 	 0.5838025 
294500 	 0.6553225 
295000 	 0.6589125 
295500 	 0.6538787 
296000 	 0.5718322 
296500 	 0.6131749 
297000 	 0.6501103 
297500 	 0.6024595 
298000 	 0.6380704 
298500 	 0.5774365 
299000 	 0.6326763 
299500 	 0.7216203 
300000 	 0.6310595 
300500 	 0.5448509 
301000 	 0.7000669 
301500 	 0.6069907 
302000 	 0.6779535 
302500 	 0.6595538 
303000 	 0.6769829 
303500 	 0.6542462 
304000 	 0.6001947 
304500 	 0.6545394 
305000 	 0.6108059 
305500 	 0.6784949 
306000 	 0.6287438 
306500 	 0.7015308 
307000 	 0.63191 
307500 	 0.6568665 
308000 	 0.6659263 
308500 	 0.7005749 
309000 	 0.7563159 
309500 	 0.591239 
310000 	 0.6479222 
310500 	 0.716292 
311000 	 0.6155997 
311500 	 0.6456309 
312000 	 0.6136794 
312500 	 0.7301854 
313000 	 0.6742734 
313500 	 0.6196958 
314000 	 0.5655021 
314500 	 0.6853688 
315000 	 0.6996935 
315500 	 0.6758324 
316000 	 0.6442775 
316500 	 0.6470373 
317000 	 0.5722206 
317500 	 0.6170971 
318000 	 0.5735574 
318500 	 0.6356379 
319000 	 0.7182772 
319500 	 0.6360884 
320000 	 0.6169127 
320500 	 0.6383775 
321000 	 0.5917327 
321500 	 0.6626532 
322000 	 0.5845491 
322500 	 0.6212369 
323000 	 0.6209135 
323500 	 0.6280947 
324000 	 0.6091423 
324500 	 0.647898 
325000 	 0.6529085 
325500 	 0.6457871 
326000 	 0.623626 
326500 	 0.6635937 
327000 	 0.6178245 
327500 	 0.6123558 
328000 	 0.6410028 
328500 	 0.644401 
329000 	 0.5947442 
329500 	 0.6268989 
330000 	 0.6835825 
330500 	 0.6408064 
331000 	 0.6517538 
331500 	 0.6646472 
332000 	 0.7319504 
332500 	 0.7005669 
333000 	 0.6968139 
333500 	 0.7247504 
334000 	 0.7656983 
334500 	 0.6522161 
335000 	 0.6214325 
335500 	 0.6365682 
336000 	 0.7358237 
336500 	 0.6191384 
337000 	 0.6260162 
337500 	 0.6840284 
338000 	 0.6127654 
338500 	 0.5966972 
339000 	 0.6821976 
339500 	 0.6817861 
340000 	 0.6553899 
340500 	 0.6480069 
341000 	 0.6400153 
341500 	 0.6141627 
342000 	 0.6652841 
342500 	 0.5810782 
343000 	 0.6663831 
343500 	 0.5997034 
344000 	 0.6521703 
344500 	 0.5536625 
345000 	 0.5902802 
345500 	 0.6432941 
346000 	 0.6246057 
346500 	 0.6928633 
347000 	 0.6950846 
347500 	 0.652578 
348000 	 0.5552718 
348500 	 0.6001226 
349000 	 0.6848437 
349500 	 0.6798452 
350000 	 0.5707525 
350500 	 0.6064188 
351000 	 0.5697101 
351500 	 0.5631888 
352000 	 0.6714584 
352500 	 0.6541873 
353000 	 0.6673139 
353500 	 0.6956696 
354000 	 0.5820965 
354500 	 0.6336649 
355000 	 0.6548856 
355500 	 0.6152872 
356000 	 0.6980682 
356500 	 0.6778853 
357000 	 0.6810828 
357500 	 0.6171934 
358000 	 0.6295467 
358500 	 0.6010422 
359000 	 0.5663331 
359500 	 0.6204193 
360000 	 0.6633575 
360500 	 0.7242504 
361000 	 0.7235404 
361500 	 0.716521 
362000 	 0.6243318 
362500 	 0.5840094 
363000 	 0.7760951 
363500 	 0.5999491 
364000 	 0.6505373 
364500 	 0.6519421 
365000 	 0.6413025 
365500 	 0.7248033 
366000 	 0.6303799 
366500 	 0.6868628 
367000 	 0.6818721 
367500 	 0.637304 
368000 	 0.6666608 
368500 	 0.6089922 
369000 	 0.6807824 
369500 	 0.6144987 
370000 	 0.7068963 
370500 	 0.6461306 
371000 	 0.6901273 
371500 	 0.6671369 
372000 	 0.6346116 
372500 	 0.5732908 
373000 	 0.6785774 
373500 	 0.6944097 
374000 	 0.6399953 
374500 	 0.559066 
375000 	 0.6805871 
375500 	 0.5110659 
376000 	 0.5986282 
376500 	 0.7058246 
377000 	 0.5979217 
377500 	 0.6616205 
378000 	 0.5700268 
378500 	 0.6275259 
379000 	 0.733577 
379500 	 0.6115463 
380000 	 0.5886932 
380500 	 0.7157057 
381000 	 0.6514129 
381500 	 0.6885655 
382000 	 0.7150739 
382500 	 0.6259827 
383000 	 0.6819178 
383500 	 0.7193885 
384000 	 0.6115455 
384500 	 0.6552949 
385000 	 0.683952 
385500 	 0.6459199 
386000 	 0.6255549 
386500 	 0.7002925 
387000 	 0.6325913 
387500 	 0.6819438 
388000 	 0.7159811 
388500 	 0.6864261 
389000 	 0.603554 
389500 	 0.5833232 
390000 	 0.6151602 
390500 	 0.6866407 
391000 	 0.7605674 
391500 	 0.6954954 
392000 	 0.6224921 
392500 	 0.6201433 
393000 	 0.6689233 
393500 	 0.6979574 
394000 	 0.6474592 
394500 	 0.6678804 
395000 	 0.6201082 
395500 	 0.6679489 
396000 	 0.6279721 
396500 	 0.5540537 
397000 	 0.6651172 
397500 	 0.6327883 
398000 	 0.6780883 
398500 	 0.6238964 
399000 	 0.6904929 
399500 	 0.6200476 
400000 	 0.5629643 
400500 	 0.6390979 
401000 	 0.630051 
401500 	 0.6910623 
402000 	 0.6775453 
402500 	 0.658212 
403000 	 0.6679908 
403500 	 0.5975116 
404000 	 0.6364511 
404500 	 0.7181454 
405000 	 0.6390987 
405500 	 0.6737026 
406000 	 0.6452399 
406500 	 0.6232478 
407000 	 0.5756526 
407500 	 0.6505712 
408000 	 0.6868182 
408500 	 0.696328 
409000 	 0.6378493 
409500 	 0.7307439 
410000 	 0.7259903 
410500 	 0.6042036 
411000 	 0.633096 
411500 	 0.7044872 
412000 	 0.6356053 
412500 	 0.6243055 
413000 	 0.6787961 
413500 	 0.6930225 
414000 	 0.6509719 
414500 	 0.6768665 
415000 	 0.6190895 
415500 	 0.714835 
416000 	 0.6801636 
416500 	 0.6570625 
417000 	 0.6605915 
417500 	 0.6769285 
418000 	 0.6551833 
418500 	 0.6237239 
419000 	 0.6501196 
419500 	 0.6030454 
420000 	 0.6924111 
420500 	 0.6715109 
421000 	 0.6040704 
421500 	 0.5976446 
422000 	 0.6928292 
422500 	 0.6564929 
423000 	 0.6692009 
423500 	 0.6380747 
424000 	 0.622298 
424500 	 0.6160027 
425000 	 0.6709576 
425500 	 0.5466047 
426000 	 0.6552456 
426500 	 0.6166411 
427000 	 0.7068548 
427500 	 0.6860307 
428000 	 0.6875723 
428500 	 0.6455693 
429000 	 0.5654838 
429500 	 0.6780242 
430000 	 0.645407 
430500 	 0.636819 
431000 	 0.6011478 
431500 	 0.6625989 
432000 	 0.6709358 
432500 	 0.6138311 
433000 	 0.7409595 
433500 	 0.726291 
434000 	 0.6244859 
434500 	 0.6718611 
435000 	 0.6839537 
435500 	 0.6823289 
436000 	 0.6741311 
436500 	 0.5839239 
437000 	 0.6755216 
437500 	 0.715908 
438000 	 0.6477394 
438500 	 0.6145051 
439000 	 0.6683212 
439500 	 0.7250475 
440000 	 0.6641692 
440500 	 0.6257085 
441000 	 0.6090824 
441500 	 0.6675482 
442000 	 0.6342665 
442500 	 0.6079618 
443000 	 0.6363546 
443500 	 0.6410276 
444000 	 0.6314271 
444500 	 0.6233308 
445000 	 0.7412735 
445500 	 0.7077065 
446000 	 0.6049425 
446500 	 0.6745612 
447000 	 0.6872559 
447500 	 0.6900492 
448000 	 0.6983451 
448500 	 0.6317069 
449000 	 0.5985998 
449500 	 0.6349602 
450000 	 0.6214868 
450500 	 0.5392355 
451000 	 0.6491656 
451500 	 0.6548256 
452000 	 0.6548739 
452500 	 0.6561268 
453000 	 0.5995274 
453500 	 0.7050823 
454000 	 0.6336205 
454500 	 0.7410189 
455000 	 0.689686 
455500 	 0.6224891 
456000 	 0.6552367 
456500 	 0.6279669 
457000 	 0.6286784 
457500 	 0.6859791 
458000 	 0.6452781 
458500 	 0.7265449 
459000 	 0.6093164 
459500 	 0.6470526 
460000 	 0.6640362 
460500 	 0.6020161 
461000 	 0.6847952 
461500 	 0.742628 
462000 	 0.7223799 
462500 	 0.6704485 
463000 	 0.6163921 
463500 	 0.6578523 
464000 	 0.7014569 
464500 	 0.5613303 
465000 	 0.6203154 
465500 	 0.6142048 
466000 	 0.7017757 
466500 	 0.7107065 
467000 	 0.606332 
467500 	 0.6016599 
468000 	 0.7173891 
468500 	 0.6348647 
469000 	 0.6958712 
469500 	 0.6429822 
470000 	 0.6684822 
470500 	 0.634333 
471000 	 0.596087 
471500 	 0.6575443 
472000 	 0.6509994 
472500 	 0.6568965 
473000 	 0.5904042 
473500 	 0.6704742 
474000 	 0.6714676 
474500 	 0.6254786 
475000 	 0.6596897 
475500 	 0.6367584 
476000 	 0.6639024 
476500 	 0.6878202 
477000 	 0.6532954 
477500 	 0.6996553 
478000 	 0.6584372 
478500 	 0.7331839 
479000 	 0.6584285 
479500 	 0.6496789 
480000 	 0.6818154 
480500 	 0.6477145 
481000 	 0.7193634 
481500 	 0.7139995 
482000 	 0.6467936 
482500 	 0.6106877 
483000 	 0.6543237 
483500 	 0.6408343 
484000 	 0.6928831 
484500 	 0.6405883 
485000 	 0.6317967 
485500 	 0.6358747 
486000 	 0.6140567 
486500 	 0.5584631 
487000 	 0.6415655 
487500 	 0.6333077 
488000 	 0.6727766 
488500 	 0.6522015 
489000 	 0.5991829 
489500 	 0.6811008 
490000 	 0.6960422 
490500 	 0.6906903 
491000 	 0.5729655 
491500 	 0.6573915 
492000 	 0.711237 
492500 	 0.6325691 
493000 	 0.6394237 
493500 	 0.6231899 
494000 	 0.6402291 
494500 	 0.5806597 
495000 	 0.6488888 
495500 	 0.696838 
496000 	 0.6523176 
496500 	 0.6758465 
497000 	 0.7400248 
497500 	 0.6683772 
498000 	 0.6523077 
498500 	 0.7197536 
499000 	 0.6927775 
499500 	 0.5681194 
500000 	 0.645409 
