iter 	 p
500 	 0.7340079 
1000 	 0.6700292 
1500 	 0.7387622 
2000 	 0.7021108 
2500 	 0.6132121 
3000 	 0.7100659 
3500 	 0.558884 
4000 	 0.6468979 
4500 	 0.6568342 
5000 	 0.6717755 
5500 	 0.5854289 
6000 	 0.6410862 
6500 	 0.6772152 
7000 	 0.567609 
7500 	 0.7382061 
8000 	 0.5876445 
8500 	 0.6319654 
9000 	 0.5410853 
9500 	 0.6735825 
10000 	 0.5131881 
10500 	 0.6135747 
11000 	 0.6486111 
11500 	 0.6386886 
12000 	 0.7302719 
12500 	 0.6066261 
13000 	 0.7041632 
13500 	 0.6784067 
14000 	 0.5861915 
14500 	 0.673497 
15000 	 0.6102789 
15500 	 0.7068228 
16000 	 0.6757431 
16500 	 0.6736928 
17000 	 0.6445097 
17500 	 0.6350342 
18000 	 0.6190503 
18500 	 0.6145813 
19000 	 0.7544963 
19500 	 0.6438017 
20000 	 0.5974966 
20500 	 0.7552468 
21000 	 0.6241775 
21500 	 0.7095108 
22000 	 0.7450951 
22500 	 0.6336498 
23000 	 0.593632 
23500 	 0.6293017 
24000 	 0.6262128 
24500 	 0.6444223 
25000 	 0.5791785 
25500 	 0.6476587 
26000 	 0.5881151 
26500 	 0.6845868 
27000 	 0.7474902 
27500 	 0.690352 
28000 	 0.6989676 
28500 	 0.4826564 
29000 	 0.6507937 
29500 	 0.71165 
30000 	 0.6068333 
30500 	 0.6194406 
31000 	 0.7287943 
31500 	 0.6243161 
32000 	 0.5493959 
32500 	 0.7075247 
33000 	 0.639541 
33500 	 0.6315574 
34000 	 0.6743482 
34500 	 0.6256932 
35000 	 0.5774218 
35500 	 0.6346299 
36000 	 0.6554922 
36500 	 0.7092473 
37000 	 0.7393292 
37500 	 0.7333233 
38000 	 0.6323885 
38500 	 0.6284735 
39000 	 0.623304 
39500 	 0.6826215 
40000 	 0.6200991 
40500 	 0.6850322 
41000 	 0.6912369 
41500 	 0.6953957 
42000 	 0.5715667 
42500 	 0.7898837 
43000 	 0.559132 
43500 	 0.6249353 
44000 	 0.6384147 
44500 	 0.6851054 
45000 	 0.6531967 
45500 	 0.714167 
46000 	 0.6451035 
46500 	 0.6256284 
47000 	 0.5838087 
47500 	 0.6278522 
48000 	 0.5896934 
48500 	 0.7413082 
49000 	 0.7583023 
49500 	 0.5904514 
50000 	 0.6133107 
50500 	 0.7011512 
51000 	 0.6866675 
51500 	 0.631041 
52000 	 0.5989063 
52500 	 0.5927094 
53000 	 0.6775715 
53500 	 0.7097265 
54000 	 0.6781834 
54500 	 0.5608808 
55000 	 0.5803119 
55500 	 0.6728646 
56000 	 0.6881413 
56500 	 0.5531485 
57000 	 0.675759 
57500 	 0.6424606 
58000 	 0.7153983 
58500 	 0.6913353 
59000 	 0.6369698 
59500 	 0.6616045 
60000 	 0.5840988 
60500 	 0.6628441 
61000 	 0.6478721 
61500 	 0.7301398 
62000 	 0.5884544 
62500 	 0.6327748 
63000 	 0.67878 
63500 	 0.6237275 
64000 	 0.6092791 
64500 	 0.730204 
65000 	 0.6406773 
65500 	 0.5735137 
66000 	 0.6596349 
66500 	 0.6510004 
67000 	 0.5702235 
67500 	 0.7281089 
68000 	 0.6242086 
68500 	 0.6380757 
69000 	 0.6920961 
69500 	 0.6481858 
70000 	 0.6323902 
70500 	 0.7036646 
71000 	 0.6240223 
71500 	 0.5079411 
72000 	 0.6468486 
72500 	 0.6305986 
73000 	 0.6616192 
73500 	 0.6665486 
74000 	 0.6223607 
74500 	 0.5757727 
75000 	 0.6892215 
75500 	 0.6727617 
76000 	 0.6620854 
76500 	 0.6883219 
77000 	 0.6959633 
77500 	 0.6807776 
78000 	 0.6149043 
78500 	 0.7328725 
79000 	 0.5773376 
79500 	 0.6453303 
80000 	 0.5914706 
80500 	 0.6532203 
81000 	 0.7389183 
81500 	 0.6643444 
82000 	 0.7366325 
82500 	 0.7025036 
83000 	 0.6968481 
83500 	 0.6720658 
84000 	 0.7078502 
84500 	 0.691812 
85000 	 0.6503382 
85500 	 0.6135448 
86000 	 0.6026197 
86500 	 0.64462 
87000 	 0.6092819 
87500 	 0.5476811 
88000 	 0.7018621 
88500 	 0.6671162 
89000 	 0.5409874 
89500 	 0.6046976 
90000 	 0.6748797 
90500 	 0.698906 
91000 	 0.5927621 
91500 	 0.610357 
92000 	 0.6420357 
92500 	 0.650927 
93000 	 0.6807741 
93500 	 0.6977226 
94000 	 0.611375 
94500 	 0.6785458 
95000 	 0.6721176 
95500 	 0.6637958 
96000 	 0.6078325 
96500 	 0.6309522 
97000 	 0.6149359 
97500 	 0.60948 
98000 	 0.6842282 
98500 	 0.6864582 
99000 	 0.6124465 
99500 	 0.5415005 
100000 	 0.794299 
100500 	 0.6315891 
101000 	 0.7032031 
101500 	 0.5879492 
102000 	 0.6659197 
102500 	 0.6754498 
103000 	 0.6076936 
103500 	 0.7021362 
104000 	 0.6930347 
104500 	 0.745301 
105000 	 0.6521353 
105500 	 0.602284 
106000 	 0.6819198 
106500 	 0.7237034 
107000 	 0.5747642 
107500 	 0.7162252 
108000 	 0.6221397 
108500 	 0.63707 
109000 	 0.5351655 
109500 	 0.7064066 
110000 	 0.6886247 
110500 	 0.6120447 
111000 	 0.7691474 
111500 	 0.6547505 
112000 	 0.7093198 
112500 	 0.6376746 
113000 	 0.566452 
113500 	 0.5643874 
114000 	 0.6383305 
114500 	 0.6684222 
115000 	 0.6273578 
115500 	 0.7407758 
116000 	 0.5943536 
116500 	 0.7077849 
117000 	 0.6911324 
117500 	 0.7389082 
118000 	 0.5703152 
118500 	 0.7189685 
119000 	 0.6189244 
119500 	 0.6885382 
120000 	 0.5471988 
120500 	 0.6290858 
121000 	 0.7138768 
121500 	 0.6233748 
122000 	 0.6250561 
122500 	 0.6548587 
123000 	 0.7309699 
123500 	 0.6429809 
124000 	 0.6759339 
124500 	 0.6153393 
125000 	 0.6402024 
125500 	 0.5998247 
126000 	 0.7589546 
126500 	 0.557175 
127000 	 0.6224655 
127500 	 0.5977022 
128000 	 0.6536641 
128500 	 0.6395896 
129000 	 0.6339553 
129500 	 0.7401356 
130000 	 0.6982962 
130500 	 0.7110476 
131000 	 0.6646801 
131500 	 0.6965029 
132000 	 0.6445661 
132500 	 0.7121676 
133000 	 0.675917 
133500 	 0.6864078 
134000 	 0.7235187 
134500 	 0.6430674 
135000 	 0.6915714 
135500 	 0.6049507 
136000 	 0.6495529 
136500 	 0.5955414 
137000 	 0.5937412 
137500 	 0.7199529 
138000 	 0.6912946 
138500 	 0.6597431 
139000 	 0.5832211 
139500 	 0.6696135 
140000 	 0.6463438 
140500 	 0.6931215 
141000 	 0.6736673 
141500 	 0.5799352 
142000 	 0.5955948 
142500 	 0.6455429 
143000 	 0.6234696 
143500 	 0.6142592 
144000 	 0.631281 
144500 	 0.5141737 
145000 	 0.6521061 
145500 	 0.7377707 
146000 	 0.6247295 
146500 	 0.7282583 
147000 	 0.6831643 
147500 	 0.6820542 
148000 	 0.5773655 
148500 	 0.6590963 
149000 	 0.5977196 
149500 	 0.644986 
150000 	 0.6643885 
150500 	 0.6372653 
151000 	 0.7410073 
151500 	 0.6302226 
152000 	 0.6658545 
152500 	 0.7446588 
153000 	 0.6710587 
153500 	 0.6600218 
154000 	 0.6304411 
154500 	 0.686716 
155000 	 0.582103 
155500 	 0.6760549 
156000 	 0.6523227 
156500 	 0.6401269 
157000 	 0.6485919 
157500 	 0.6101552 
158000 	 0.5832487 
158500 	 0.6400297 
159000 	 0.6183233 
159500 	 0.6463335 
160000 	 0.652745 
160500 	 0.7048299 
161000 	 0.6660835 
161500 	 0.6519869 
162000 	 0.6642481 
162500 	 0.6907342 
163000 	 0.6694575 
163500 	 0.6898953 
164000 	 0.6336283 
164500 	 0.669748 
165000 	 0.6645217 
165500 	 0.6187096 
166000 	 0.6499123 
166500 	 0.6753151 
167000 	 0.5875601 
167500 	 0.5972313 
168000 	 0.6532487 
168500 	 0.6691327 
169000 	 0.678508 
169500 	 0.7001466 
170000 	 0.6902943 
170500 	 0.6525075 
171000 	 0.6951017 
171500 	 0.5829918 
172000 	 0.5936915 
172500 	 0.5489164 
173000 	 0.6851956 
173500 	 0.6831441 
174000 	 0.6694567 
174500 	 0.6020804 
175000 	 0.6413548 
175500 	 0.6377838 
176000 	 0.6625356 
176500 	 0.6423134 
177000 	 0.6338651 
177500 	 0.7496483 
178000 	 0.647013 
178500 	 0.6560318 
179000 	 0.5910479 
179500 	 0.7324352 
180000 	 0.7096335 
180500 	 0.6518605 
181000 	 0.6410979 
181500 	 0.6328016 
182000 	 0.5921485 
182500 	 0.6667155 
183000 	 0.6997026 
183500 	 0.7184799 
184000 	 0.6696816 
184500 	 0.7309212 
185000 	 0.634261 
185500 	 0.5971547 
186000 	 0.632366 
186500 	 0.6721677 
187000 	 0.6903826 
187500 	 0.689154 
188000 	 0.5650751 
188500 	 0.7265582 
189000 	 0.5965474 
189500 	 0.6741367 
190000 	 0.7841609 
190500 	 0.7100875 
191000 	 0.6825386 
191500 	 0.6928606 
192000 	 0.6031547 
192500 	 0.6721041 
193000 	 0.5611907 
193500 	 0.643903 
194000 	 0.6103663 
194500 	 0.5953177 
195000 	 0.7250638 
195500 	 0.6816156 
196000 	 0.710144 
196500 	 0.7113014 
197000 	 0.5897206 
197500 	 0.7058147 
198000 	 0.6502509 
198500 	 0.5555988 
199000 	 0.6653694 
199500 	 0.699793 
200000 	 0.6085667 
200500 	 0.7096851 
201000 	 0.6706524 
201500 	 0.7054728 
202000 	 0.6293507 
202500 	 0.7101802 
203000 	 0.6980063 
203500 	 0.6502148 
204000 	 0.6587937 
204500 	 0.6475382 
205000 	 0.6194048 
205500 	 0.6710151 
206000 	 0.6988941 
206500 	 0.6426756 
207000 	 0.7454794 
207500 	 0.7281874 
208000 	 0.6062574 
208500 	 0.7030751 
209000 	 0.7253147 
209500 	 0.764176 
210000 	 0.755976 
210500 	 0.6582021 
211000 	 0.6865032 
211500 	 0.6177905 
212000 	 0.6429514 
212500 	 0.7129701 
213000 	 0.6565543 
213500 	 0.69487 
214000 	 0.7676227 
214500 	 0.6322141 
215000 	 0.6648542 
215500 	 0.6767811 
216000 	 0.6683042 
216500 	 0.5820037 
217000 	 0.4692117 
217500 	 0.6628664 
218000 	 0.6599487 
218500 	 0.7186013 
219000 	 0.676855 
219500 	 0.6806701 
220000 	 0.589142 
220500 	 0.6260341 
221000 	 0.6748412 
221500 	 0.5728123 
222000 	 0.6618699 
222500 	 0.6401907 
223000 	 0.6356931 
223500 	 0.6287959 
224000 	 0.7231313 
224500 	 0.672633 
225000 	 0.6440029 
225500 	 0.6474736 
226000 	 0.6266972 
226500 	 0.7215368 
227000 	 0.703011 
227500 	 0.6599746 
228000 	 0.7204773 
228500 	 0.5565473 
229000 	 0.5750563 
229500 	 0.6016247 
230000 	 0.6303253 
230500 	 0.6527367 
231000 	 0.6490412 
231500 	 0.5820033 
232000 	 0.6751344 
232500 	 0.5905845 
233000 	 0.7068871 
233500 	 0.7247961 
234000 	 0.5861285 
234500 	 0.6251499 
235000 	 0.6501955 
235500 	 0.6362867 
236000 	 0.7373881 
236500 	 0.7551022 
237000 	 0.6350112 
237500 	 0.7224011 
238000 	 0.561173 
238500 	 0.624054 
239000 	 0.6568423 
239500 	 0.6440305 
240000 	 0.723531 
240500 	 0.5209443 
241000 	 0.6772435 
241500 	 0.5628912 
242000 	 0.7062302 
242500 	 0.5855819 
243000 	 0.6948521 
243500 	 0.6200049 
244000 	 0.6397394 
244500 	 0.5799748 
245000 	 0.7066442 
245500 	 0.6743491 
246000 	 0.6631159 
246500 	 0.6836391 
247000 	 0.6630605 
247500 	 0.6601413 
248000 	 0.6842638 
248500 	 0.7330214 
249000 	 0.6725329 
249500 	 0.6785792 
250000 	 0.6561397 
250500 	 0.7178066 
251000 	 0.6851911 
251500 	 0.6806284 
252000 	 0.584238 
252500 	 0.6346336 
253000 	 0.5639071 
253500 	 0.7428142 
254000 	 0.6510757 
254500 	 0.6594233 
255000 	 0.5327869 
255500 	 0.7046153 
256000 	 0.6993752 
256500 	 0.6341843 
257000 	 0.6507945 
257500 	 0.7356905 
258000 	 0.7230186 
258500 	 0.6622591 
259000 	 0.6026032 
259500 	 0.7194992 
260000 	 0.6298552 
260500 	 0.6957061 
261000 	 0.7833945 
261500 	 0.7720265 
262000 	 0.628508 
262500 	 0.684508 
263000 	 0.6500416 
263500 	 0.7170593 
264000 	 0.6066843 
264500 	 0.6297211 
265000 	 0.6946954 
265500 	 0.6907505 
266000 	 0.6474825 
266500 	 0.6674878 
267000 	 0.6920289 
267500 	 0.5942936 
268000 	 0.6258311 
268500 	 0.5209875 
269000 	 0.6541944 
269500 	 0.6554275 
270000 	 0.7558753 
270500 	 0.6395976 
271000 	 0.6290554 
271500 	 0.6327262 
272000 	 0.6894118 
272500 	 0.7238134 
273000 	 0.6818424 
273500 	 0.7307343 
274000 	 0.6347374 
274500 	 0.6660324 
275000 	 0.6844925 
275500 	 0.6438442 
276000 	 0.6385315 
276500 	 0.5287019 
277000 	 0.6748691 
277500 	 0.662141 
278000 	 0.7014746 
278500 	 0.6717886 
279000 	 0.7203611 
279500 	 0.6874269 
280000 	 0.7105051 
280500 	 0.6213173 
281000 	 0.6920558 
281500 	 0.6211878 
282000 	 0.5608311 
282500 	 0.7276113 
283000 	 0.7167966 
283500 	 0.6260933 
284000 	 0.5515472 
284500 	 0.7019996 
285000 	 0.6449145 
285500 	 0.6101223 
286000 	 0.5689383 
286500 	 0.6808072 
287000 	 0.7224956 
287500 	 0.6748882 
288000 	 0.7586274 
288500 	 0.5637755 
289000 	 0.5737113 
289500 	 0.7602624 
290000 	 0.6387005 
290500 	 0.7109456 
291000 	 0.5597918 
291500 	 0.6819849 
292000 	 0.659994 
292500 	 0.5808396 
293000 	 0.6236124 
293500 	 0.6727501 
294000 	 0.6548412 
294500 	 0.6743349 
295000 	 0.6309459 
295500 	 0.6339943 
296000 	 0.6509765 
296500 	 0.7601715 
297000 	 0.6739229 
297500 	 0.630138 
298000 	 0.6866932 
298500 	 0.6851443 
299000 	 0.6183792 
299500 	 0.6838052 
300000 	 0.7418892 
300500 	 0.6575845 
301000 	 0.610087 
301500 	 0.6414901 
302000 	 0.6863758 
302500 	 0.7142587 
303000 	 0.68605 
303500 	 0.6624827 
304000 	 0.6471562 
304500 	 0.6161145 
305000 	 0.6467249 
305500 	 0.5217925 
306000 	 0.6384484 
306500 	 0.6427488 
307000 	 0.7398208 
307500 	 0.6365784 
308000 	 0.6708597 
308500 	 0.7872138 
309000 	 0.6651777 
309500 	 0.6688904 
310000 	 0.6503772 
310500 	 0.6861383 
311000 	 0.6044958 
311500 	 0.6888339 
312000 	 0.635062 
312500 	 0.6785479 
313000 	 0.6997651 
313500 	 0.6927059 
314000 	 0.6990254 
314500 	 0.6718058 
315000 	 0.7591121 
315500 	 0.6599695 
316000 	 0.5698683 
316500 	 0.5578029 
317000 	 0.6746866 
317500 	 0.5132921 
318000 	 0.7238693 
318500 	 0.5840488 
319000 	 0.5836665 
319500 	 0.7079591 
320000 	 0.5722722 
320500 	 0.5537399 
321000 	 0.6278758 
321500 	 0.634385 
322000 	 0.6700138 
322500 	 0.6557624 
323000 	 0.6152069 
323500 	 0.7192776 
324000 	 0.6169593 
324500 	 0.6550039 
325000 	 0.7064489 
325500 	 0.6942832 
326000 	 0.7452971 
326500 	 0.6283945 
327000 	 0.7242687 
327500 	 0.6608856 
328000 	 0.6920719 
328500 	 0.7566358 
329000 	 0.6043646 
329500 	 0.7376262 
330000 	 0.7659494 
330500 	 0.6713219 
331000 	 0.7099486 
331500 	 0.685667 
332000 	 0.6184298 
332500 	 0.6444822 
333000 	 0.6719973 
333500 	 0.675742 
334000 	 0.683772 
334500 	 0.7121486 
335000 	 0.688126 
335500 	 0.718968 
336000 	 0.7367925 
336500 	 0.6158749 
337000 	 0.5627741 
337500 	 0.6994417 
338000 	 0.6312954 
338500 	 0.6327868 
339000 	 0.6405442 
339500 	 0.6488037 
340000 	 0.7406799 
340500 	 0.6988909 
341000 	 0.6686634 
341500 	 0.573677 
342000 	 0.6055315 
342500 	 0.6938754 
343000 	 0.6727281 
343500 	 0.6425144 
344000 	 0.6128908 
344500 	 0.6055113 
345000 	 0.5802877 
345500 	 0.6457492 
346000 	 0.7106988 
346500 	 0.7028841 
347000 	 0.6924006 
347500 	 0.7267018 
348000 	 0.5476248 
348500 	 0.6493719 
349000 	 0.7400679 
349500 	 0.5696769 
350000 	 0.6221809 
350500 	 0.7128349 
351000 	 0.7034201 
351500 	 0.6744958 
352000 	 0.7027115 
352500 	 0.6994622 
353000 	 0.6432613 
353500 	 0.6405841 
354000 	 0.6659657 
354500 	 0.7084712 
355000 	 0.6327293 
355500 	 0.6698646 
356000 	 0.6767661 
356500 	 0.7477888 
357000 	 0.6652545 
357500 	 0.7091577 
358000 	 0.6454661 
358500 	 0.6082526 
359000 	 0.6484474 
359500 	 0.5781416 
360000 	 0.6551411 
360500 	 0.6129431 
361000 	 0.6450996 
361500 	 0.5634717 
362000 	 0.6068029 
362500 	 0.7031433 
363000 	 0.6721851 
363500 	 0.5825312 
364000 	 0.6344392 
364500 	 0.758979 
365000 	 0.6376259 
365500 	 0.5994325 
366000 	 0.6119259 
366500 	 0.6628337 
367000 	 0.6308263 
367500 	 0.7261566 
368000 	 0.6691367 
368500 	 0.6600352 
369000 	 0.58633 
369500 	 0.7164731 
370000 	 0.596211 
370500 	 0.6225558 
371000 	 0.7592947 
371500 	 0.617756 
372000 	 0.6104014 
372500 	 0.6102062 
373000 	 0.6709647 
373500 	 0.6158699 
374000 	 0.6809982 
374500 	 0.6445882 
375000 	 0.7205209 
375500 	 0.6389113 
376000 	 0.6488609 
376500 	 0.6781284 
377000 	 0.5914425 
377500 	 0.6520292 
378000 	 0.6428069 
378500 	 0.6882283 
379000 	 0.7059191 
379500 	 0.6159806 
380000 	 0.7487381 
380500 	 0.6830724 
381000 	 0.6442322 
381500 	 0.6496571 
382000 	 0.6125873 
382500 	 0.6085354 
383000 	 0.6506514 
383500 	 0.6670112 
384000 	 0.6477013 
384500 	 0.7164254 
385000 	 0.6533943 
385500 	 0.6408949 
386000 	 0.7772585 
386500 	 0.7289982 
387000 	 0.6358198 
387500 	 0.7294448 
388000 	 0.6852618 
388500 	 0.7062437 
389000 	 0.6454448 
389500 	 0.5834949 
390000 	 0.6090567 
390500 	 0.7200709 
391000 	 0.612056 
391500 	 0.5918256 
392000 	 0.7052638 
392500 	 0.6534705 
393000 	 0.6494668 
393500 	 0.7152231 
394000 	 0.6839388 
394500 	 0.6801548 
395000 	 0.6974299 
395500 	 0.6790797 
396000 	 0.7451344 
396500 	 0.611504 
397000 	 0.7308548 
397500 	 0.610256 
398000 	 0.6181026 
398500 	 0.630589 
399000 	 0.7146573 
399500 	 0.6988494 
400000 	 0.7238593 
400500 	 0.6483076 
401000 	 0.6618822 
401500 	 0.6691555 
402000 	 0.6623908 
402500 	 0.674183 
403000 	 0.7192737 
403500 	 0.715507 
404000 	 0.7506534 
404500 	 0.5861661 
405000 	 0.7289622 
405500 	 0.6717019 
406000 	 0.6925954 
406500 	 0.7437841 
407000 	 0.6748903 
407500 	 0.6458915 
408000 	 0.6184579 
408500 	 0.6610289 
409000 	 0.6550221 
409500 	 0.6493723 
410000 	 0.6691196 
410500 	 0.6877505 
411000 	 0.6027264 
411500 	 0.6081122 
412000 	 0.6169229 
412500 	 0.6198139 
413000 	 0.6692368 
413500 	 0.6681549 
414000 	 0.7725222 
414500 	 0.6007282 
415000 	 0.5957687 
415500 	 0.6349202 
416000 	 0.7030685 
416500 	 0.6028133 
417000 	 0.6706329 
417500 	 0.7087779 
418000 	 0.623799 
418500 	 0.6211076 
419000 	 0.5997482 
419500 	 0.6105254 
420000 	 0.6704119 
420500 	 0.6669814 
421000 	 0.5819801 
421500 	 0.6327706 
422000 	 0.621878 
422500 	 0.6655381 
423000 	 0.7147234 
423500 	 0.6084352 
424000 	 0.7102504 
424500 	 0.7793325 
425000 	 0.6404653 
425500 	 0.6237857 
426000 	 0.5426316 
426500 	 0.6563653 
427000 	 0.7154503 
427500 	 0.6314542 
428000 	 0.6081241 
428500 	 0.7690233 
429000 	 0.5657275 
429500 	 0.712708 
430000 	 0.6910771 
430500 	 0.7427832 
431000 	 0.6227609 
431500 	 0.7292864 
432000 	 0.6849576 
432500 	 0.6934675 
433000 	 0.6509705 
433500 	 0.7099389 
434000 	 0.6853957 
434500 	 0.5810409 
435000 	 0.7126411 
435500 	 0.7123901 
436000 	 0.6453023 
436500 	 0.6020535 
437000 	 0.7129388 
437500 	 0.5738024 
438000 	 0.6957969 
438500 	 0.7446227 
439000 	 0.5815016 
439500 	 0.7373804 
440000 	 0.6794117 
440500 	 0.7128578 
441000 	 0.6490966 
441500 	 0.6559246 
442000 	 0.5864388 
442500 	 0.6477292 
443000 	 0.5594732 
443500 	 0.6927763 
444000 	 0.7129913 
444500 	 0.6117365 
445000 	 0.7913703 
445500 	 0.7354094 
446000 	 0.6618221 
446500 	 0.6890774 
447000 	 0.6614553 
447500 	 0.6429527 
448000 	 0.6515639 
448500 	 0.5608721 
449000 	 0.7020022 
449500 	 0.5927348 
450000 	 0.6456215 
450500 	 0.6586258 
451000 	 0.5506202 
451500 	 0.6463638 
452000 	 0.7626834 
452500 	 0.7078712 
453000 	 0.6787657 
453500 	 0.6575801 
454000 	 0.7138509 
454500 	 0.6636749 
455000 	 0.5736566 
455500 	 0.6521773 
456000 	 0.5863066 
456500 	 0.7106448 
457000 	 0.5982096 
457500 	 0.6599581 
458000 	 0.6463422 
458500 	 0.7017722 
459000 	 0.6962576 
459500 	 0.6489975 
460000 	 0.7075047 
460500 	 0.5358234 
461000 	 0.7094817 
461500 	 0.7038903 
462000 	 0.7131548 
462500 	 0.6635713 
463000 	 0.7060406 
463500 	 0.6430677 
464000 	 0.5967216 
464500 	 0.562973 
465000 	 0.611614 
465500 	 0.6697746 
466000 	 0.6683625 
466500 	 0.6451979 
467000 	 0.7183128 
467500 	 0.7430071 
468000 	 0.7520455 
468500 	 0.6701956 
469000 	 0.6746948 
469500 	 0.6154738 
470000 	 0.6314371 
470500 	 0.5429964 
471000 	 0.5963117 
471500 	 0.6088342 
472000 	 0.6128339 
472500 	 0.6462738 
473000 	 0.7712807 
473500 	 0.702159 
474000 	 0.7409492 
474500 	 0.5106042 
475000 	 0.6963002 
475500 	 0.7467195 
476000 	 0.6502493 
476500 	 0.6438821 
477000 	 0.6907359 
477500 	 0.6546075 
478000 	 0.6810218 
478500 	 0.6087843 
479000 	 0.7741247 
479500 	 0.5315616 
480000 	 0.5570562 
480500 	 0.6278055 
481000 	 0.5427978 
481500 	 0.6212074 
482000 	 0.6875206 
482500 	 0.6819019 
483000 	 0.6821352 
483500 	 0.5584452 
484000 	 0.6825826 
484500 	 0.712384 
485000 	 0.7348179 
485500 	 0.530662 
486000 	 0.7269916 
486500 	 0.6212476 
487000 	 0.7145979 
487500 	 0.6832906 
488000 	 0.6513607 
488500 	 0.6987873 
489000 	 0.6805448 
489500 	 0.6719069 
490000 	 0.6164214 
490500 	 0.7397196 
491000 	 0.6666097 
491500 	 0.6760878 
492000 	 0.6762274 
492500 	 0.753383 
493000 	 0.6887307 
493500 	 0.6121695 
494000 	 0.6983218 
494500 	 0.6434279 
495000 	 0.6799765 
495500 	 0.6751969 
496000 	 0.7309523 
496500 	 0.6432577 
497000 	 0.6610133 
497500 	 0.6797514 
498000 	 0.6082817 
498500 	 0.5566219 
499000 	 0.730275 
499500 	 0.7078229 
500000 	 0.5118325 
