iter 	 p
500 	 0.4852673 
1000 	 0.4740053 
1500 	 0.4041226 
2000 	 0.3092027 
2500 	 0.4607615 
3000 	 0.3256344 
3500 	 0.3856615 
4000 	 0.3335102 
4500 	 0.3804971 
5000 	 0.4283216 
5500 	 0.2915651 
6000 	 0.3928502 
6500 	 0.2766872 
7000 	 0.2242649 
7500 	 0.5001426 
8000 	 0.5682788 
8500 	 0.3183939 
9000 	 0.3185381 
9500 	 0.3359811 
10000 	 0.3797155 
10500 	 0.2576904 
11000 	 0.3916693 
11500 	 0.5147152 
12000 	 0.3222065 
12500 	 0.4558889 
13000 	 0.3708792 
13500 	 0.3581115 
14000 	 0.5413478 
14500 	 0.4422209 
15000 	 0.48635 
15500 	 0.3343679 
16000 	 0.3409844 
16500 	 0.3353089 
17000 	 0.4169384 
17500 	 0.4063254 
18000 	 0.2584078 
18500 	 0.3620385 
19000 	 0.4020381 
19500 	 0.4217052 
20000 	 0.2129764 
20500 	 0.3520646 
21000 	 0.4540718 
21500 	 0.3825694 
22000 	 0.3500013 
22500 	 0.4004529 
23000 	 0.4333686 
23500 	 0.2883799 
24000 	 0.5121751 
24500 	 0.3280255 
25000 	 0.3037163 
25500 	 0.351053 
26000 	 0.4631074 
26500 	 0.4540957 
27000 	 0.4054361 
27500 	 0.5255038 
28000 	 0.3521015 
28500 	 0.2719814 
29000 	 0.3539181 
29500 	 0.2670329 
30000 	 0.3375942 
30500 	 0.4228906 
31000 	 0.4386037 
31500 	 0.3826905 
32000 	 0.3602092 
32500 	 0.4111565 
33000 	 0.3645127 
33500 	 0.4832098 
34000 	 0.3942814 
34500 	 0.2468342 
35000 	 0.2012606 
35500 	 0.3657787 
36000 	 0.2718918 
36500 	 0.462947 
37000 	 0.4312249 
37500 	 0.2364179 
38000 	 0.3241338 
38500 	 0.2699258 
39000 	 0.399517 
39500 	 0.4208809 
40000 	 0.4463835 
40500 	 0.2778086 
41000 	 0.4632826 
41500 	 0.3663155 
42000 	 0.3981685 
42500 	 0.4264484 
43000 	 0.3526258 
43500 	 0.4392552 
44000 	 0.4515166 
44500 	 0.3384348 
45000 	 0.4018008 
45500 	 0.3965405 
46000 	 0.326768 
46500 	 0.4444684 
47000 	 0.1733741 
47500 	 0.3347804 
48000 	 0.3881499 
48500 	 0.2172591 
49000 	 0.2721738 
49500 	 0.4349408 
50000 	 0.3364876 
50500 	 0.3729058 
51000 	 0.3187542 
51500 	 0.4203004 
52000 	 0.4263726 
52500 	 0.3314618 
53000 	 0.2401973 
53500 	 0.3991127 
54000 	 0.4105022 
54500 	 0.4445192 
55000 	 0.4327697 
55500 	 0.2923837 
56000 	 0.5190619 
56500 	 0.4390584 
57000 	 0.3567394 
57500 	 0.3431541 
58000 	 0.457741 
58500 	 0.3490704 
59000 	 0.2137594 
59500 	 0.3785737 
60000 	 0.3079904 
60500 	 0.4074964 
61000 	 0.3251746 
61500 	 0.3349816 
62000 	 0.3529743 
62500 	 0.3898206 
63000 	 0.3400272 
63500 	 0.5351496 
64000 	 0.2175349 
64500 	 0.4389561 
65000 	 0.2976248 
65500 	 0.3079635 
66000 	 0.3510559 
66500 	 0.1989425 
67000 	 0.3574345 
67500 	 0.4853801 
68000 	 0.3362419 
68500 	 0.5037875 
69000 	 0.3124067 
69500 	 0.4461488 
70000 	 0.2385245 
70500 	 0.4659195 
71000 	 0.3106685 
71500 	 0.3708296 
72000 	 0.2485137 
72500 	 0.4389172 
73000 	 0.4389519 
73500 	 0.5055156 
74000 	 0.2971795 
74500 	 0.343452 
75000 	 0.2690972 
75500 	 0.4863453 
76000 	 0.399032 
76500 	 0.5273654 
77000 	 0.2805664 
77500 	 0.3285688 
78000 	 0.4964978 
78500 	 0.2984032 
79000 	 0.5014175 
79500 	 0.3126679 
80000 	 0.3408706 
80500 	 0.4067493 
81000 	 0.3211273 
81500 	 0.5517106 
82000 	 0.403188 
82500 	 0.2322927 
83000 	 0.2688682 
83500 	 0.234467 
84000 	 0.3034835 
84500 	 0.3020409 
85000 	 0.405478 
85500 	 0.5188171 
86000 	 0.3654565 
86500 	 0.4606162 
87000 	 0.3922326 
87500 	 0.2548624 
88000 	 0.3095865 
88500 	 0.2975858 
89000 	 0.4745059 
89500 	 0.4090992 
90000 	 0.4442711 
90500 	 0.2265443 
91000 	 0.3631711 
91500 	 0.3258801 
92000 	 0.4182151 
92500 	 0.3276191 
93000 	 0.3937522 
93500 	 0.3833161 
94000 	 0.3934308 
94500 	 0.3694059 
95000 	 0.3817778 
95500 	 0.3537857 
96000 	 0.3775739 
96500 	 0.3755273 
97000 	 0.3109181 
97500 	 0.3571899 
98000 	 0.5209832 
98500 	 0.3218825 
99000 	 0.3085185 
99500 	 0.2463443 
100000 	 0.4199376 
100500 	 0.3969199 
101000 	 0.281752 
101500 	 0.3828656 
102000 	 0.3606736 
102500 	 0.4140708 
103000 	 0.4770941 
103500 	 0.3343877 
104000 	 0.4399708 
104500 	 0.4828763 
105000 	 0.3584503 
105500 	 0.3181123 
106000 	 0.4419099 
106500 	 0.299892 
107000 	 0.3831848 
107500 	 0.33613 
108000 	 0.3912733 
108500 	 0.371273 
109000 	 0.4664153 
109500 	 0.5068075 
110000 	 0.3358771 
110500 	 0.3765726 
111000 	 0.3336828 
111500 	 0.3396487 
112000 	 0.3380913 
112500 	 0.4634327 
113000 	 0.4022477 
113500 	 0.5415998 
114000 	 0.4458763 
114500 	 0.4497285 
115000 	 0.4747469 
115500 	 0.2721256 
116000 	 0.2593772 
116500 	 0.3059735 
117000 	 0.3536422 
117500 	 0.4229846 
118000 	 0.289662 
118500 	 0.3743007 
119000 	 0.4128224 
119500 	 0.3037686 
120000 	 0.4521374 
120500 	 0.451621 
121000 	 0.3624677 
121500 	 0.2631839 
122000 	 0.4474137 
122500 	 0.4094155 
123000 	 0.4939266 
123500 	 0.4608001 
124000 	 0.4197385 
124500 	 0.3591013 
125000 	 0.2827486 
125500 	 0.4138766 
126000 	 0.4308978 
126500 	 0.5088707 
127000 	 0.2559299 
127500 	 0.3203485 
128000 	 0.4655579 
128500 	 0.6013799 
129000 	 0.2932239 
129500 	 0.3752448 
130000 	 0.3920303 
130500 	 0.2997117 
131000 	 0.3740108 
131500 	 0.5262916 
132000 	 0.3365208 
132500 	 0.4388984 
133000 	 0.4167272 
133500 	 0.3470886 
134000 	 0.390885 
134500 	 0.3727271 
135000 	 0.2320157 
135500 	 0.4081016 
136000 	 0.2470082 
136500 	 0.3190692 
137000 	 0.2659369 
137500 	 0.3484567 
138000 	 0.3250259 
138500 	 0.4098002 
139000 	 0.3593621 
139500 	 0.4612483 
140000 	 0.456518 
140500 	 0.2567995 
141000 	 0.3225382 
141500 	 0.4243908 
142000 	 0.4141311 
142500 	 0.3473657 
143000 	 0.2448482 
143500 	 0.4289318 
144000 	 0.3249488 
144500 	 0.3044688 
145000 	 0.2689326 
145500 	 0.3647888 
146000 	 0.4691326 
146500 	 0.3520212 
147000 	 0.3446603 
147500 	 0.3199688 
148000 	 0.5231087 
148500 	 0.3267649 
149000 	 0.3867619 
149500 	 0.4604965 
150000 	 0.5445343 
150500 	 0.3120676 
151000 	 0.320606 
151500 	 0.4276803 
152000 	 0.4142523 
152500 	 0.3555164 
153000 	 0.1858206 
153500 	 0.3130993 
154000 	 0.4669795 
154500 	 0.3586668 
155000 	 0.390905 
155500 	 0.4804239 
156000 	 0.2734529 
156500 	 0.3578341 
157000 	 0.2379061 
157500 	 0.3240245 
158000 	 0.3544453 
158500 	 0.2782944 
159000 	 0.3616117 
159500 	 0.3685679 
160000 	 0.4067068 
160500 	 0.436664 
161000 	 0.1793977 
161500 	 0.3431484 
162000 	 0.5149006 
162500 	 0.4430252 
163000 	 0.2820052 
163500 	 0.3190069 
164000 	 0.2610664 
164500 	 0.4836317 
165000 	 0.2455085 
165500 	 0.3569737 
166000 	 0.4594319 
166500 	 0.2796294 
167000 	 0.2062241 
167500 	 0.2953379 
168000 	 0.3500812 
168500 	 0.4333188 
169000 	 0.3821291 
169500 	 0.3920411 
170000 	 0.2828435 
170500 	 0.4064269 
171000 	 0.4258257 
171500 	 0.3989341 
172000 	 0.3120931 
172500 	 0.4142776 
173000 	 0.3267649 
173500 	 0.3982685 
174000 	 0.4376388 
174500 	 0.3500791 
175000 	 0.3754578 
175500 	 0.3408397 
176000 	 0.4112398 
176500 	 0.3650108 
177000 	 0.2324118 
177500 	 0.43108 
178000 	 0.3433272 
178500 	 0.4338045 
179000 	 0.379058 
179500 	 0.5095965 
180000 	 0.4449637 
180500 	 0.2906385 
181000 	 0.4950134 
181500 	 0.3415232 
182000 	 0.4011588 
182500 	 0.2599915 
183000 	 0.4104887 
183500 	 0.3374032 
184000 	 0.3652401 
184500 	 0.1898802 
185000 	 0.3409086 
185500 	 0.3933032 
186000 	 0.4322686 
186500 	 0.4855088 
187000 	 0.4633357 
187500 	 0.3402186 
188000 	 0.4788218 
188500 	 0.3836679 
189000 	 0.4198646 
189500 	 0.2081468 
190000 	 0.4098571 
190500 	 0.2654543 
191000 	 0.4214424 
191500 	 0.4801347 
192000 	 0.2752976 
192500 	 0.3686475 
193000 	 0.2599242 
193500 	 0.243948 
194000 	 0.2845882 
194500 	 0.3385944 
195000 	 0.2759045 
195500 	 0.327399 
196000 	 0.5050361 
196500 	 0.3394443 
197000 	 0.4607853 
197500 	 0.491389 
198000 	 0.4021251 
198500 	 0.4165406 
199000 	 0.4294405 
199500 	 0.4262901 
200000 	 0.4099728 
200500 	 0.4636414 
201000 	 0.3909976 
201500 	 0.3761549 
202000 	 0.3096696 
202500 	 0.2722774 
203000 	 0.4969184 
203500 	 0.3766378 
204000 	 0.4501033 
204500 	 0.5637412 
205000 	 0.3055937 
205500 	 0.4186913 
206000 	 0.2540923 
206500 	 0.2827929 
207000 	 0.3242868 
207500 	 0.4109071 
208000 	 0.3412979 
208500 	 0.4841803 
209000 	 0.5795735 
209500 	 0.4726558 
210000 	 0.3639897 
210500 	 0.464211 
211000 	 0.4769315 
211500 	 0.4590746 
212000 	 0.3555855 
212500 	 0.6117237 
213000 	 0.3166842 
213500 	 0.3752473 
214000 	 0.3220489 
214500 	 0.4741055 
215000 	 0.4534345 
215500 	 0.2698749 
216000 	 0.4752895 
216500 	 0.342093 
217000 	 0.3943266 
217500 	 0.4284467 
218000 	 0.3929263 
218500 	 0.4936526 
219000 	 0.398618 
219500 	 0.3176653 
220000 	 0.3530291 
220500 	 0.3668813 
221000 	 0.4185567 
221500 	 0.2809839 
222000 	 0.3390271 
222500 	 0.3456371 
223000 	 0.4219527 
223500 	 0.2299489 
224000 	 0.311794 
224500 	 0.3751426 
225000 	 0.5227373 
225500 	 0.3748809 
226000 	 0.3505934 
226500 	 0.3702552 
227000 	 0.2847325 
227500 	 0.2495117 
228000 	 0.4022342 
228500 	 0.4286991 
229000 	 0.3247738 
229500 	 0.3084708 
230000 	 0.3383421 
230500 	 0.309038 
231000 	 0.3315554 
231500 	 0.4665431 
232000 	 0.4306198 
232500 	 0.3210719 
233000 	 0.3996726 
233500 	 0.2665095 
234000 	 0.3695805 
234500 	 0.4443402 
235000 	 0.3759169 
235500 	 0.4677248 
236000 	 0.2916418 
236500 	 0.3838764 
237000 	 0.3986261 
237500 	 0.5292491 
238000 	 0.4519902 
238500 	 0.3405478 
239000 	 0.3454326 
239500 	 0.370435 
240000 	 0.3596437 
240500 	 0.324417 
241000 	 0.3339178 
241500 	 0.2341511 
242000 	 0.4753684 
242500 	 0.2340717 
243000 	 0.4213935 
243500 	 0.531622 
244000 	 0.2674846 
244500 	 0.4704449 
245000 	 0.4719949 
245500 	 0.2424027 
246000 	 0.4793542 
246500 	 0.4274456 
247000 	 0.4009582 
247500 	 0.1958947 
248000 	 0.4457355 
248500 	 0.4096237 
249000 	 0.3999422 
249500 	 0.4825823 
250000 	 0.4468541 
250500 	 0.4624057 
251000 	 0.332909 
251500 	 0.3669845 
252000 	 0.3892318 
252500 	 0.4028713 
253000 	 0.4963731 
253500 	 0.2909867 
254000 	 0.3376359 
254500 	 0.3639422 
255000 	 0.370518 
255500 	 0.3825824 
256000 	 0.4956259 
256500 	 0.4345951 
257000 	 0.2756997 
257500 	 0.3853047 
258000 	 0.3374298 
258500 	 0.3213532 
259000 	 0.5379738 
259500 	 0.560452 
260000 	 0.3913345 
260500 	 0.4018827 
261000 	 0.3248115 
261500 	 0.3882192 
262000 	 0.4126545 
262500 	 0.3683152 
263000 	 0.3071856 
263500 	 0.3717218 
264000 	 0.2816295 
264500 	 0.4383198 
265000 	 0.2778514 
265500 	 0.38165 
266000 	 0.32987 
266500 	 0.3447177 
267000 	 0.3401019 
267500 	 0.3548925 
268000 	 0.3580457 
268500 	 0.2966551 
269000 	 0.4267894 
269500 	 0.3273455 
270000 	 0.32235 
270500 	 0.4378013 
271000 	 0.3792646 
271500 	 0.4004189 
272000 	 0.452902 
272500 	 0.2780354 
273000 	 0.263454 
273500 	 0.269763 
274000 	 0.3339011 
274500 	 0.4032258 
275000 	 0.4357041 
275500 	 0.3429814 
276000 	 0.4127375 
276500 	 0.4802169 
277000 	 0.3256087 
277500 	 0.3938333 
278000 	 0.4493046 
278500 	 0.2064243 
279000 	 0.2794057 
279500 	 0.4452703 
280000 	 0.4089239 
280500 	 0.4365274 
281000 	 0.2138053 
281500 	 0.513574 
282000 	 0.4094458 
282500 	 0.3218009 
283000 	 0.4953634 
283500 	 0.2905613 
284000 	 0.4548956 
284500 	 0.3785424 
285000 	 0.3914857 
285500 	 0.4167964 
286000 	 0.4550086 
286500 	 0.3541507 
287000 	 0.3579199 
287500 	 0.3361172 
288000 	 0.3161938 
288500 	 0.4831224 
289000 	 0.2581084 
289500 	 0.3450125 
290000 	 0.4970144 
290500 	 0.3012781 
291000 	 0.4157111 
291500 	 0.5936597 
292000 	 0.3540522 
292500 	 0.3541697 
293000 	 0.4959884 
293500 	 0.253935 
294000 	 0.4560371 
294500 	 0.3507897 
295000 	 0.2648913 
295500 	 0.4381799 
296000 	 0.3389866 
296500 	 0.4520153 
297000 	 0.352055 
297500 	 0.4366897 
298000 	 0.5658583 
298500 	 0.3529018 
299000 	 0.3254877 
299500 	 0.4479682 
300000 	 0.3396086 
300500 	 0.3462387 
301000 	 0.4617058 
301500 	 0.4240511 
302000 	 0.3942767 
302500 	 0.336547 
303000 	 0.2320513 
303500 	 0.4034613 
304000 	 0.4114666 
304500 	 0.3120227 
305000 	 0.3557201 
305500 	 0.5159782 
306000 	 0.4340107 
306500 	 0.3520704 
307000 	 0.4640633 
307500 	 0.4963086 
308000 	 0.5774412 
308500 	 0.4499581 
309000 	 0.4861226 
309500 	 0.4649907 
310000 	 0.2626201 
310500 	 0.250075 
311000 	 0.4343222 
311500 	 0.4889851 
312000 	 0.3149546 
312500 	 0.3207623 
313000 	 0.5097694 
313500 	 0.496293 
314000 	 0.4580219 
314500 	 0.4907582 
315000 	 0.2221521 
315500 	 0.4141777 
316000 	 0.3641429 
316500 	 0.3625244 
317000 	 0.2697293 
317500 	 0.4890749 
318000 	 0.3301179 
318500 	 0.3369637 
319000 	 0.5447923 
319500 	 0.193972 
320000 	 0.4142834 
320500 	 0.3157307 
321000 	 0.3653024 
321500 	 0.2842004 
322000 	 0.3739142 
322500 	 0.4501778 
323000 	 0.3054957 
323500 	 0.3234969 
324000 	 0.3355107 
324500 	 0.4456621 
325000 	 0.5868948 
325500 	 0.2166772 
326000 	 0.4469321 
326500 	 0.3304058 
327000 	 0.3007111 
327500 	 0.3804299 
328000 	 0.3600368 
328500 	 0.4466127 
329000 	 0.4338764 
329500 	 0.309265 
330000 	 0.2856426 
330500 	 0.2526551 
331000 	 0.3426695 
331500 	 0.3579381 
332000 	 0.2839896 
332500 	 0.471911 
333000 	 0.4218681 
333500 	 0.3206504 
334000 	 0.384805 
334500 	 0.3299145 
335000 	 0.4021151 
335500 	 0.5790295 
336000 	 0.2214206 
336500 	 0.3497508 
337000 	 0.2443896 
337500 	 0.2360464 
338000 	 0.4002091 
338500 	 0.4028486 
339000 	 0.46528 
339500 	 0.2686223 
340000 	 0.2129269 
340500 	 0.3620328 
341000 	 0.4847288 
341500 	 0.4403473 
342000 	 0.364131 
342500 	 0.4604726 
343000 	 0.3797851 
343500 	 0.1959752 
344000 	 0.4977779 
344500 	 0.3572165 
345000 	 0.2711787 
345500 	 0.413457 
346000 	 0.4742521 
346500 	 0.3000872 
347000 	 0.3572234 
347500 	 0.4211455 
348000 	 0.3420563 
348500 	 0.4668601 
349000 	 0.3567212 
349500 	 0.4446169 
350000 	 0.3833936 
350500 	 0.4239699 
351000 	 0.4857107 
351500 	 0.3874233 
352000 	 0.4750847 
352500 	 0.4515166 
353000 	 0.2955993 
353500 	 0.3815439 
354000 	 0.3178404 
354500 	 0.3155724 
355000 	 0.3341802 
355500 	 0.3089691 
356000 	 0.5316007 
356500 	 0.3258255 
357000 	 0.4311781 
357500 	 0.3002708 
358000 	 0.324658 
358500 	 0.6005934 
359000 	 0.4435166 
359500 	 0.4198456 
360000 	 0.3093858 
360500 	 0.4295623 
361000 	 0.3719315 
361500 	 0.4535441 
362000 	 0.3167033 
362500 	 0.3541878 
363000 	 0.325786 
363500 	 0.3279818 
364000 	 0.4783434 
364500 	 0.3616477 
365000 	 0.2379102 
365500 	 0.3882644 
366000 	 0.2447328 
366500 	 0.4327126 
367000 	 0.2276769 
367500 	 0.2467498 
368000 	 0.5471674 
368500 	 0.3875732 
369000 	 0.2579111 
369500 	 0.6071033 
370000 	 0.2576933 
370500 	 0.3724146 
371000 	 0.3831065 
371500 	 0.4738777 
372000 	 0.3299914 
372500 	 0.3499724 
373000 	 0.4718361 
373500 	 0.2792684 
374000 	 0.3339588 
374500 	 0.4006871 
375000 	 0.3186735 
375500 	 0.3526334 
376000 	 0.4223279 
376500 	 0.511333 
377000 	 0.2673332 
377500 	 0.4145172 
378000 	 0.3981639 
378500 	 0.2805992 
379000 	 0.317181 
379500 	 0.3587787 
380000 	 0.3043742 
380500 	 0.3505306 
381000 	 0.4114828 
381500 	 0.2717613 
382000 	 0.2402571 
382500 	 0.3141039 
383000 	 0.3712458 
383500 	 0.4053735 
384000 	 0.4470913 
384500 	 0.3331989 
385000 	 0.304572 
385500 	 0.5030332 
386000 	 0.3402066 
386500 	 0.3199281 
387000 	 0.2632864 
387500 	 0.3471833 
388000 	 0.3946974 
388500 	 0.339437 
389000 	 0.4121233 
389500 	 0.5551387 
390000 	 0.2906545 
390500 	 0.4475463 
391000 	 0.2601959 
391500 	 0.4387533 
392000 	 0.4012373 
392500 	 0.4103141 
393000 	 0.3481851 
393500 	 0.3634632 
394000 	 0.3233366 
394500 	 0.4408959 
395000 	 0.3970034 
395500 	 0.3333473 
396000 	 0.3412656 
396500 	 0.3857672 
397000 	 0.3533407 
397500 	 0.248195 
398000 	 0.3690997 
398500 	 0.6457581 
399000 	 0.3828097 
399500 	 0.449308 
400000 	 0.4789904 
400500 	 0.4732415 
401000 	 0.4182943 
401500 	 0.2452883 
402000 	 0.3540896 
402500 	 0.4664762 
403000 	 0.526222 
403500 	 0.4422034 
404000 	 0.362784 
404500 	 0.3599245 
405000 	 0.2865069 
405500 	 0.4023189 
406000 	 0.4040928 
406500 	 0.284593 
407000 	 0.4960521 
407500 	 0.3510095 
408000 	 0.3586407 
408500 	 0.3384244 
409000 	 0.3081788 
409500 	 0.32122 
410000 	 0.3883255 
410500 	 0.1739657 
411000 	 0.3653082 
411500 	 0.3737447 
412000 	 0.384105 
412500 	 0.4791407 
413000 	 0.4387627 
413500 	 0.4082451 
414000 	 0.3952667 
414500 	 0.4674246 
415000 	 0.4784738 
415500 	 0.4096626 
416000 	 0.4068601 
416500 	 0.4655149 
417000 	 0.3458329 
417500 	 0.3001753 
418000 	 0.442385 
418500 	 0.3541039 
419000 	 0.4429879 
419500 	 0.3885746 
420000 	 0.4550613 
420500 	 0.3249051 
421000 	 0.3244368 
421500 	 0.5254436 
422000 	 0.2910046 
422500 	 0.2418397 
423000 	 0.2952853 
423500 	 0.3140829 
424000 	 0.3480145 
424500 	 0.417681 
425000 	 0.4323894 
425500 	 0.4961584 
426000 	 0.2562482 
426500 	 0.2989241 
427000 	 0.2833816 
427500 	 0.3173736 
428000 	 0.3991584 
428500 	 0.4520235 
429000 	 0.4494853 
429500 	 0.3842712 
430000 	 0.3810027 
430500 	 0.3652371 
431000 	 0.405519 
431500 	 0.2792936 
432000 	 0.3741001 
432500 	 0.3354408 
433000 	 0.4507645 
433500 	 0.3222079 
434000 	 0.5445471 
434500 	 0.3509436 
435000 	 0.2675381 
435500 	 0.3052518 
436000 	 0.444951 
436500 	 0.3281381 
437000 	 0.3462458 
437500 	 0.4987493 
438000 	 0.2983901 
438500 	 0.3779569 
439000 	 0.3820199 
439500 	 0.4292479 
440000 	 0.3101349 
440500 	 0.4453728 
441000 	 0.3402165 
441500 	 0.4082513 
442000 	 0.3905102 
442500 	 0.4054686 
443000 	 0.3918736 
443500 	 0.3249064 
444000 	 0.5174589 
444500 	 0.4694859 
445000 	 0.2774934 
445500 	 0.2459651 
446000 	 0.4083757 
446500 	 0.3898254 
447000 	 0.3689073 
447500 	 0.2885143 
448000 	 0.2577427 
448500 	 0.537469 
449000 	 0.3338559 
449500 	 0.3410359 
450000 	 0.267878 
450500 	 0.3511503 
451000 	 0.3955228 
451500 	 0.3292308 
452000 	 0.222992 
452500 	 0.4594071 
453000 	 0.2471991 
453500 	 0.4548222 
454000 	 0.3334386 
454500 	 0.3796809 
455000 	 0.4761341 
455500 	 0.3596337 
456000 	 0.270293 
456500 	 0.3952692 
457000 	 0.3992224 
457500 	 0.3637157 
458000 	 0.3720701 
458500 	 0.4377296 
459000 	 0.4717516 
459500 	 0.336422 
460000 	 0.4753196 
460500 	 0.4121092 
461000 	 0.4657927 
461500 	 0.2613176 
462000 	 0.442607 
462500 	 0.28539 
463000 	 0.3794604 
463500 	 0.4291375 
464000 	 0.351907 
464500 	 0.3409305 
465000 	 0.3236407 
465500 	 0.4403132 
466000 	 0.391914 
466500 	 0.4229342 
467000 	 0.3053817 
467500 	 0.442765 
468000 	 0.3749327 
468500 	 0.3169158 
469000 	 0.3760858 
469500 	 0.3378761 
470000 	 0.2931633 
470500 	 0.2663805 
471000 	 0.4112586 
471500 	 0.3398495 
472000 	 0.3658339 
472500 	 0.3176295 
473000 	 0.3957084 
473500 	 0.3759566 
474000 	 0.2615601 
474500 	 0.475538 
475000 	 0.4631753 
475500 	 0.5243348 
476000 	 0.5218824 
476500 	 0.2460139 
477000 	 0.2012055 
477500 	 0.418448 
478000 	 0.3784495 
478500 	 0.5590616 
479000 	 0.3608769 
479500 	 0.3427425 
480000 	 0.3725121 
480500 	 0.5286358 
481000 	 0.3055834 
481500 	 0.3634698 
482000 	 0.427054 
482500 	 0.3438389 
483000 	 0.304258 
483500 	 0.4069833 
484000 	 0.5109875 
484500 	 0.3141209 
485000 	 0.4536449 
485500 	 0.3086747 
486000 	 0.4380935 
486500 	 0.4250646 
487000 	 0.4427042 
487500 	 0.441181 
488000 	 0.440394 
488500 	 0.358286 
489000 	 0.4454115 
489500 	 0.4159727 
490000 	 0.3325509 
490500 	 0.4373382 
491000 	 0.234748 
491500 	 0.2785503 
492000 	 0.3661165 
492500 	 0.3868143 
493000 	 0.3352767 
493500 	 0.342907 
494000 	 0.4071118 
494500 	 0.4793107 
495000 	 0.4465177 
495500 	 0.4154731 
496000 	 0.491746 
496500 	 0.3106635 
497000 	 0.4287023 
497500 	 0.4329976 
498000 	 0.3425385 
498500 	 0.4072988 
499000 	 0.355639 
499500 	 0.4299966 
500000 	 0.4808187 
