iter 	 p
500 	 0.1174236 
1000 	 0.1893946 
1500 	 0.1833718 
2000 	 0.2368976 
2500 	 0.1641819 
3000 	 0.3321159 
3500 	 0.1812921 
4000 	 0.2644471 
4500 	 0.2441272 
5000 	 0.2158608 
5500 	 0.1817295 
6000 	 0.1335355 
6500 	 0.1154358 
7000 	 0.2352218 
7500 	 0.2292481 
8000 	 0.2255529 
8500 	 0.1490678 
9000 	 0.2797851 
9500 	 0.1532646 
10000 	 0.1786904 
10500 	 0.1609961 
11000 	 0.1522159 
11500 	 0.2040686 
12000 	 0.2558536 
12500 	 0.2249869 
13000 	 0.2438129 
13500 	 0.213087 
14000 	 0.2638615 
14500 	 0.2699865 
15000 	 0.2294541 
15500 	 0.1543699 
16000 	 0.2203567 
16500 	 0.1523904 
17000 	 0.2079365 
17500 	 0.1392159 
18000 	 0.2264136 
18500 	 0.2733999 
19000 	 0.2467549 
19500 	 0.1231034 
20000 	 0.2435364 
20500 	 0.2288227 
21000 	 0.2848465 
21500 	 0.1235258 
22000 	 0.127162 
22500 	 0.1447148 
23000 	 0.1309187 
23500 	 0.1825776 
24000 	 0.168526 
24500 	 0.2503162 
25000 	 0.1385881 
25500 	 0.2020151 
26000 	 0.2276305 
26500 	 0.1819895 
27000 	 0.3623974 
27500 	 0.2519205 
28000 	 0.1562749 
28500 	 0.1503592 
29000 	 0.1803321 
29500 	 0.2515512 
30000 	 0.2392346 
30500 	 0.1692224 
31000 	 0.167032 
31500 	 0.1809067 
32000 	 0.1984347 
32500 	 0.2135953 
33000 	 0.08360885 
33500 	 0.1778305 
34000 	 0.1937108 
34500 	 0.2411194 
35000 	 0.2256381 
35500 	 0.2644012 
36000 	 0.2438548 
36500 	 0.2249584 
37000 	 0.1773229 
37500 	 0.2651427 
38000 	 0.2067407 
38500 	 0.1458681 
39000 	 0.2372965 
39500 	 0.1819805 
40000 	 0.2796461 
40500 	 0.2117484 
41000 	 0.1411834 
41500 	 0.249873 
42000 	 0.1574861 
42500 	 0.1637065 
43000 	 0.1945864 
43500 	 0.1449948 
44000 	 0.1814811 
44500 	 0.2360234 
45000 	 0.231211 
45500 	 0.3628481 
46000 	 0.2115965 
46500 	 0.2409339 
47000 	 0.2016764 
47500 	 0.1247762 
48000 	 0.1682601 
48500 	 0.2548969 
49000 	 0.09058348 
49500 	 0.2389422 
50000 	 0.2029926 
50500 	 0.09192081 
51000 	 0.2516523 
51500 	 0.2060156 
52000 	 0.2666455 
52500 	 0.1944208 
53000 	 0.1626122 
53500 	 0.1672504 
54000 	 0.2044581 
54500 	 0.2890733 
55000 	 0.235923 
55500 	 0.2507212 
56000 	 0.1632379 
56500 	 0.1638816 
57000 	 0.2448376 
57500 	 0.1914797 
58000 	 0.2181089 
58500 	 0.2669696 
59000 	 0.1737682 
59500 	 0.3066191 
60000 	 0.1761836 
60500 	 0.211427 
61000 	 0.2177833 
61500 	 0.1705683 
62000 	 0.2668891 
62500 	 0.1825049 
63000 	 0.2741381 
63500 	 0.1390462 
64000 	 0.234883 
64500 	 0.4310759 
65000 	 0.1632098 
65500 	 0.1156908 
66000 	 0.1397861 
66500 	 0.2531705 
67000 	 0.126502 
67500 	 0.1592443 
68000 	 0.1220912 
68500 	 0.2878178 
69000 	 0.1742137 
69500 	 0.3506532 
70000 	 0.1826493 
70500 	 0.1888872 
71000 	 0.2874022 
71500 	 0.2432852 
72000 	 0.1024328 
72500 	 0.2577978 
73000 	 0.172866 
73500 	 0.1215798 
74000 	 0.1959175 
74500 	 0.3125943 
75000 	 0.2370616 
75500 	 0.2322807 
76000 	 0.1448127 
76500 	 0.1549019 
77000 	 0.2331903 
77500 	 0.2622551 
78000 	 0.1356257 
78500 	 0.1672344 
79000 	 0.2868039 
79500 	 0.2085135 
80000 	 0.2268914 
80500 	 0.1853747 
81000 	 0.2008132 
81500 	 0.2178632 
82000 	 0.2137417 
82500 	 0.2573683 
83000 	 0.2717059 
83500 	 0.3367379 
84000 	 0.1733187 
84500 	 0.1992838 
85000 	 0.1613239 
85500 	 0.1646751 
86000 	 0.183598 
86500 	 0.2341995 
87000 	 0.1218912 
87500 	 0.2321691 
88000 	 0.252051 
88500 	 0.2188108 
89000 	 0.1859484 
89500 	 0.1089976 
90000 	 0.1668246 
90500 	 0.1770637 
91000 	 0.2089711 
91500 	 0.1432303 
92000 	 0.2044196 
92500 	 0.1712019 
93000 	 0.139742 
93500 	 0.2035811 
94000 	 0.1799386 
94500 	 0.1980298 
95000 	 0.2536628 
95500 	 0.2391919 
96000 	 0.1805037 
96500 	 0.2381352 
97000 	 0.1882785 
97500 	 0.1523205 
98000 	 0.1429464 
98500 	 0.2108407 
99000 	 0.1792772 
99500 	 0.1519441 
100000 	 0.0625457 
100500 	 0.2246715 
101000 	 0.2574628 
101500 	 0.2840263 
102000 	 0.2528145 
102500 	 0.2304078 
103000 	 0.1823037 
103500 	 0.1511484 
104000 	 0.1638813 
104500 	 0.2354959 
105000 	 0.189698 
105500 	 0.2656617 
106000 	 0.1224938 
106500 	 0.09993724 
107000 	 0.1551072 
107500 	 0.1600742 
108000 	 0.08622741 
108500 	 0.2563197 
109000 	 0.1485618 
109500 	 0.1531082 
110000 	 0.2525892 
110500 	 0.1841482 
111000 	 0.3411417 
111500 	 0.1345436 
112000 	 0.1930974 
112500 	 0.14497 
113000 	 0.1211199 
113500 	 0.2277719 
114000 	 0.1104772 
114500 	 0.2543745 
115000 	 0.2233271 
115500 	 0.1051293 
116000 	 0.1442417 
116500 	 0.1766606 
117000 	 0.2755745 
117500 	 0.224429 
118000 	 0.2295529 
118500 	 0.2786364 
119000 	 0.3141606 
119500 	 0.2138852 
120000 	 0.2677603 
120500 	 0.2837248 
121000 	 0.2478584 
121500 	 0.2359433 
122000 	 0.1692583 
122500 	 0.217383 
123000 	 0.1082502 
123500 	 0.1583291 
124000 	 0.165591 
124500 	 0.2042292 
125000 	 0.1542078 
125500 	 0.3129304 
126000 	 0.1671765 
126500 	 0.1442757 
127000 	 0.2002035 
127500 	 0.208111 
128000 	 0.1542275 
128500 	 0.1616178 
129000 	 0.2215323 
129500 	 0.1934623 
130000 	 0.2228455 
130500 	 0.1655216 
131000 	 0.2089794 
131500 	 0.09531019 
132000 	 0.2828333 
132500 	 0.2517639 
133000 	 0.1829565 
133500 	 0.2105174 
134000 	 0.1397852 
134500 	 0.2358342 
135000 	 0.2284879 
135500 	 0.1488466 
136000 	 0.2258418 
136500 	 0.2374153 
137000 	 0.2125488 
137500 	 0.1896637 
138000 	 0.2389495 
138500 	 0.2230723 
139000 	 0.1262539 
139500 	 0.1676205 
140000 	 0.2302961 
140500 	 0.1962294 
141000 	 0.1563425 
141500 	 0.1158713 
142000 	 0.1658456 
142500 	 0.2746552 
143000 	 0.2484345 
143500 	 0.2125123 
144000 	 0.1603677 
144500 	 0.290598 
145000 	 0.2347952 
145500 	 0.1649707 
146000 	 0.2396583 
146500 	 0.2020331 
147000 	 0.1471721 
147500 	 0.2019766 
148000 	 0.2203869 
148500 	 0.2038436 
149000 	 0.1912635 
149500 	 0.09007832 
150000 	 0.2192828 
150500 	 0.1454989 
151000 	 0.2387807 
151500 	 0.2629948 
152000 	 0.2318353 
152500 	 0.1168749 
153000 	 0.1331825 
153500 	 0.1455856 
154000 	 0.209558 
154500 	 0.09733179 
155000 	 0.1420297 
155500 	 0.2044199 
156000 	 0.1924881 
156500 	 0.2339508 
157000 	 0.2255559 
157500 	 0.2101339 
158000 	 0.1686363 
158500 	 0.2362685 
159000 	 0.27972 
159500 	 0.176756 
160000 	 0.1636604 
160500 	 0.1864214 
161000 	 0.1852958 
161500 	 0.1250509 
162000 	 0.2423772 
162500 	 0.213573 
163000 	 0.1858921 
163500 	 0.2503501 
164000 	 0.220293 
164500 	 0.195831 
165000 	 0.1990199 
165500 	 0.1719718 
166000 	 0.1432902 
166500 	 0.2076372 
167000 	 0.1754573 
167500 	 0.2488284 
168000 	 0.2988683 
168500 	 0.2468912 
169000 	 0.248195 
169500 	 0.1752608 
170000 	 0.2043707 
170500 	 0.2762753 
171000 	 0.2167959 
171500 	 0.2174673 
172000 	 0.2978186 
172500 	 0.1249179 
173000 	 0.2819158 
173500 	 0.1090408 
174000 	 0.2437157 
174500 	 0.1556959 
175000 	 0.1267517 
175500 	 0.1399904 
176000 	 0.113421 
176500 	 0.2456053 
177000 	 0.2415626 
177500 	 0.2057391 
178000 	 0.1801889 
178500 	 0.1916253 
179000 	 0.1773869 
179500 	 0.09337919 
180000 	 0.2495711 
180500 	 0.1410253 
181000 	 0.1404957 
181500 	 0.1664932 
182000 	 0.2123124 
182500 	 0.2816701 
183000 	 0.2134861 
183500 	 0.2725397 
184000 	 0.1882671 
184500 	 0.3410328 
185000 	 0.2277022 
185500 	 0.2010577 
186000 	 0.2595276 
186500 	 0.2297838 
187000 	 0.1219507 
187500 	 0.1916337 
188000 	 0.2661766 
188500 	 0.1129624 
189000 	 0.246457 
189500 	 0.2791844 
190000 	 0.1860371 
190500 	 0.3258222 
191000 	 0.2635442 
191500 	 0.238226 
192000 	 0.2082262 
192500 	 0.3419128 
193000 	 0.1438745 
193500 	 0.1832076 
194000 	 0.2431938 
194500 	 0.188435 
195000 	 0.2883748 
195500 	 0.2695495 
196000 	 0.146027 
196500 	 0.2450027 
197000 	 0.1780088 
197500 	 0.2240695 
198000 	 0.2714054 
198500 	 0.3051709 
199000 	 0.1607427 
199500 	 0.2199954 
200000 	 0.1567799 
200500 	 0.2764895 
201000 	 0.18104 
201500 	 0.2251859 
202000 	 0.1904284 
202500 	 0.1810875 
203000 	 0.1406177 
203500 	 0.1716198 
204000 	 0.2361184 
204500 	 0.243121 
205000 	 0.1722419 
205500 	 0.219772 
206000 	 0.1458345 
206500 	 0.2183554 
207000 	 0.2429024 
207500 	 0.1635241 
208000 	 0.1385683 
208500 	 0.254626 
209000 	 0.2089046 
209500 	 0.1751813 
210000 	 0.1781608 
210500 	 0.1718739 
211000 	 0.2246286 
211500 	 0.1697283 
212000 	 0.2266724 
212500 	 0.1953249 
213000 	 0.1434531 
213500 	 0.1620405 
214000 	 0.276458 
214500 	 0.2276476 
215000 	 0.1609294 
215500 	 0.3425498 
216000 	 0.1562951 
216500 	 0.2458929 
217000 	 0.2152403 
217500 	 0.151906 
218000 	 0.1985354 
218500 	 0.2525977 
219000 	 0.2679582 
219500 	 0.2413386 
220000 	 0.1980057 
220500 	 0.207449 
221000 	 0.1732128 
221500 	 0.2438288 
222000 	 0.1562779 
222500 	 0.1504544 
223000 	 0.1941394 
223500 	 0.1413062 
224000 	 0.2168098 
224500 	 0.285928 
225000 	 0.1525917 
225500 	 0.2538192 
226000 	 0.1697181 
226500 	 0.2788747 
227000 	 0.1461147 
227500 	 0.2369132 
228000 	 0.3184906 
228500 	 0.2453679 
229000 	 0.2826767 
229500 	 0.2164352 
230000 	 0.1972146 
230500 	 0.1541719 
231000 	 0.2705803 
231500 	 0.2029536 
232000 	 0.2011662 
232500 	 0.2240553 
233000 	 0.2390078 
233500 	 0.1976344 
234000 	 0.207159 
234500 	 0.1586093 
235000 	 0.1910894 
235500 	 0.2518603 
236000 	 0.3041259 
236500 	 0.2732891 
237000 	 0.1642677 
237500 	 0.1650726 
238000 	 0.1051345 
238500 	 0.3081148 
239000 	 0.2169872 
239500 	 0.1916663 
240000 	 0.1258696 
240500 	 0.1672041 
241000 	 0.2398061 
241500 	 0.1754657 
242000 	 0.1750271 
242500 	 0.2672829 
243000 	 0.2423414 
243500 	 0.2910866 
244000 	 0.2466982 
244500 	 0.1158314 
245000 	 0.1117544 
245500 	 0.1558436 
246000 	 0.1084481 
246500 	 0.142801 
247000 	 0.2569458 
247500 	 0.09573008 
248000 	 0.2306741 
248500 	 0.2484605 
249000 	 0.1643653 
249500 	 0.1714262 
250000 	 0.08254291 
250500 	 0.1029146 
251000 	 0.1811966 
251500 	 0.1807444 
252000 	 0.2659627 
252500 	 0.1489345 
253000 	 0.1732763 
253500 	 0.2274618 
254000 	 0.1838748 
254500 	 0.1837184 
255000 	 0.1811628 
255500 	 0.2025288 
256000 	 0.1387182 
256500 	 0.2067591 
257000 	 0.3184146 
257500 	 0.1888419 
258000 	 0.2659338 
258500 	 0.145255 
259000 	 0.2476536 
259500 	 0.1659467 
260000 	 0.1537316 
260500 	 0.3515253 
261000 	 0.2254574 
261500 	 0.1249832 
262000 	 0.1857074 
262500 	 0.1331536 
263000 	 0.1806074 
263500 	 0.2055246 
264000 	 0.1917771 
264500 	 0.1515757 
265000 	 0.2205096 
265500 	 0.262407 
266000 	 0.2044218 
266500 	 0.2878392 
267000 	 0.1379028 
267500 	 0.1760577 
268000 	 0.2192103 
268500 	 0.1765031 
269000 	 0.1620157 
269500 	 0.1771753 
270000 	 0.3060288 
270500 	 0.2590382 
271000 	 0.1098293 
271500 	 0.1772427 
272000 	 0.1726095 
272500 	 0.1013427 
273000 	 0.09890363 
273500 	 0.176795 
274000 	 0.1216232 
274500 	 0.2098767 
275000 	 0.1650055 
275500 	 0.2159539 
276000 	 0.1730497 
276500 	 0.2642483 
277000 	 0.1390304 
277500 	 0.214924 
278000 	 0.1192526 
278500 	 0.2119222 
279000 	 0.2086549 
279500 	 0.1698804 
280000 	 0.1937614 
280500 	 0.2017167 
281000 	 0.2331552 
281500 	 0.1643294 
282000 	 0.1741249 
282500 	 0.1943281 
283000 	 0.2819618 
283500 	 0.2294831 
284000 	 0.197121 
284500 	 0.2540366 
285000 	 0.2192829 
285500 	 0.2174806 
286000 	 0.1589826 
286500 	 0.1187096 
287000 	 0.2386279 
287500 	 0.226094 
288000 	 0.1342417 
288500 	 0.2962422 
289000 	 0.141803 
289500 	 0.1729692 
290000 	 0.1140805 
290500 	 0.3019269 
291000 	 0.2463574 
291500 	 0.2670215 
292000 	 0.1577905 
292500 	 0.335332 
293000 	 0.3024619 
293500 	 0.2287287 
294000 	 0.2164346 
294500 	 0.3354109 
295000 	 0.3151234 
295500 	 0.1705867 
296000 	 0.1758982 
296500 	 0.1660514 
297000 	 0.1896476 
297500 	 0.2302427 
298000 	 0.2393042 
298500 	 0.2357464 
299000 	 0.1828369 
299500 	 0.1533116 
300000 	 0.3303359 
300500 	 0.1392104 
301000 	 0.2385185 
301500 	 0.1750542 
302000 	 0.2229498 
302500 	 0.1736803 
303000 	 0.2015316 
303500 	 0.1910035 
304000 	 0.2077203 
304500 	 0.3621574 
305000 	 0.1269129 
305500 	 0.08883752 
306000 	 0.1424604 
306500 	 0.1653101 
307000 	 0.236333 
307500 	 0.1541876 
308000 	 0.2012392 
308500 	 0.3304611 
309000 	 0.1689708 
309500 	 0.1837375 
310000 	 0.2042692 
310500 	 0.1457317 
311000 	 0.129448 
311500 	 0.1819035 
312000 	 0.314892 
312500 	 0.2395413 
313000 	 0.2846862 
313500 	 0.2219268 
314000 	 0.1146325 
314500 	 0.1874188 
315000 	 0.2889337 
315500 	 0.230222 
316000 	 0.1460792 
316500 	 0.07704622 
317000 	 0.1864309 
317500 	 0.2653912 
318000 	 0.2206676 
318500 	 0.2325261 
319000 	 0.20833 
319500 	 0.1334685 
320000 	 0.1784118 
320500 	 0.1815335 
321000 	 0.1716855 
321500 	 0.2450816 
322000 	 0.2659141 
322500 	 0.1088883 
323000 	 0.1783542 
323500 	 0.1730234 
324000 	 0.1839249 
324500 	 0.2621118 
325000 	 0.1568219 
325500 	 0.2218349 
326000 	 0.1192194 
326500 	 0.1118404 
327000 	 0.09481827 
327500 	 0.3297335 
328000 	 0.2654735 
328500 	 0.2042189 
329000 	 0.2480651 
329500 	 0.3419096 
330000 	 0.3498658 
330500 	 0.1685812 
331000 	 0.243502 
331500 	 0.2616669 
332000 	 0.1629944 
332500 	 0.1264923 
333000 	 0.147563 
333500 	 0.2671779 
334000 	 0.09570782 
334500 	 0.1048545 
335000 	 0.1878779 
335500 	 0.2008717 
336000 	 0.199573 
336500 	 0.3063998 
337000 	 0.3557466 
337500 	 0.1474498 
338000 	 0.2026308 
338500 	 0.2264632 
339000 	 0.2219028 
339500 	 0.2449346 
340000 	 0.1809463 
340500 	 0.2098915 
341000 	 0.176971 
341500 	 0.1946266 
342000 	 0.2121262 
342500 	 0.320597 
343000 	 0.2384982 
343500 	 0.2458301 
344000 	 0.3338647 
344500 	 0.1479151 
345000 	 0.1811117 
345500 	 0.1848664 
346000 	 0.2892777 
346500 	 0.2037815 
347000 	 0.190711 
347500 	 0.1674693 
348000 	 0.1914288 
348500 	 0.1998258 
349000 	 0.1241085 
349500 	 0.2515329 
350000 	 0.1452211 
350500 	 0.2303887 
351000 	 0.2407846 
351500 	 0.22388 
352000 	 0.2181503 
352500 	 0.1997511 
353000 	 0.1353694 
353500 	 0.206971 
354000 	 0.2902392 
354500 	 0.09870087 
355000 	 0.2292326 
355500 	 0.1862677 
356000 	 0.1592663 
356500 	 0.2922819 
357000 	 0.2976533 
357500 	 0.1344252 
358000 	 0.1719844 
358500 	 0.1988017 
359000 	 0.2924046 
359500 	 0.1922896 
360000 	 0.05164249 
360500 	 0.2515211 
361000 	 0.1960415 
361500 	 0.1184465 
362000 	 0.2070833 
362500 	 0.2665839 
363000 	 0.2421404 
363500 	 0.2297712 
364000 	 0.2730046 
364500 	 0.1254915 
365000 	 0.17345 
365500 	 0.152834 
366000 	 0.20393 
366500 	 0.2317706 
367000 	 0.2696417 
367500 	 0.2528703 
368000 	 0.1694485 
368500 	 0.2033661 
369000 	 0.2038886 
369500 	 0.3678443 
370000 	 0.3090957 
370500 	 0.1077599 
371000 	 0.1916094 
371500 	 0.1398113 
372000 	 0.1100815 
372500 	 0.1087576 
373000 	 0.298706 
373500 	 0.2051805 
374000 	 0.1962047 
374500 	 0.1402371 
375000 	 0.1580471 
375500 	 0.1956376 
376000 	 0.2501894 
376500 	 0.2805917 
377000 	 0.2500741 
377500 	 0.117217 
378000 	 0.1719761 
378500 	 0.2529904 
379000 	 0.2703215 
379500 	 0.2752332 
380000 	 0.2050018 
380500 	 0.302711 
381000 	 0.318664 
381500 	 0.1991845 
382000 	 0.2170598 
382500 	 0.1710614 
383000 	 0.1333477 
383500 	 0.1869602 
384000 	 0.2120243 
384500 	 0.2120942 
385000 	 0.1764178 
385500 	 0.2326065 
386000 	 0.1232924 
386500 	 0.2377402 
387000 	 0.2541849 
387500 	 0.1149546 
388000 	 0.1672174 
388500 	 0.1352863 
389000 	 0.2278164 
389500 	 0.2686268 
390000 	 0.1292601 
390500 	 0.2262102 
391000 	 0.189608 
391500 	 0.1460702 
392000 	 0.3184243 
392500 	 0.08944666 
393000 	 0.2394351 
393500 	 0.2031565 
394000 	 0.143779 
394500 	 0.1791697 
395000 	 0.20945 
395500 	 0.1834179 
396000 	 0.3836523 
396500 	 0.2028245 
397000 	 0.225785 
397500 	 0.1190332 
398000 	 0.276273 
398500 	 0.2090082 
399000 	 0.2387826 
399500 	 0.2739435 
400000 	 0.2387642 
400500 	 0.1822915 
401000 	 0.2050374 
401500 	 0.2067994 
402000 	 0.1949766 
402500 	 0.2022525 
403000 	 0.25852 
403500 	 0.1692637 
404000 	 0.1209217 
404500 	 0.3004351 
405000 	 0.2838092 
405500 	 0.1398095 
406000 	 0.2429465 
406500 	 0.2759235 
407000 	 0.1385377 
407500 	 0.2683248 
408000 	 0.2546084 
408500 	 0.2176288 
409000 	 0.1261504 
409500 	 0.2820991 
410000 	 0.2503729 
410500 	 0.3049143 
411000 	 0.181847 
411500 	 0.1875523 
412000 	 0.1566042 
412500 	 0.2351976 
413000 	 0.2550238 
413500 	 0.2363568 
414000 	 0.20192 
414500 	 0.2170252 
415000 	 0.2225637 
415500 	 0.1946161 
416000 	 0.1732185 
416500 	 0.2059807 
417000 	 0.1859518 
417500 	 0.2214719 
418000 	 0.2618982 
418500 	 0.2182835 
419000 	 0.2477473 
419500 	 0.1587674 
420000 	 0.1299613 
420500 	 0.1819471 
421000 	 0.1952327 
421500 	 0.2308534 
422000 	 0.1958885 
422500 	 0.2486327 
423000 	 0.1959934 
423500 	 0.2152628 
424000 	 0.2767371 
424500 	 0.198102 
425000 	 0.3227085 
425500 	 0.1917817 
426000 	 0.1349607 
426500 	 0.1475793 
427000 	 0.1936842 
427500 	 0.1667664 
428000 	 0.2656222 
428500 	 0.1923971 
429000 	 0.160174 
429500 	 0.1608114 
430000 	 0.2462062 
430500 	 0.2635638 
431000 	 0.2188426 
431500 	 0.1068738 
432000 	 0.2201711 
432500 	 0.2495293 
433000 	 0.1862406 
433500 	 0.1459163 
434000 	 0.2168438 
434500 	 0.1516451 
435000 	 0.1941114 
435500 	 0.1761 
436000 	 0.1496752 
436500 	 0.213692 
437000 	 0.2462029 
437500 	 0.1812908 
438000 	 0.1967808 
438500 	 0.1343902 
439000 	 0.1137935 
439500 	 0.2809596 
440000 	 0.1474297 
440500 	 0.1824027 
441000 	 0.1892893 
441500 	 0.1619392 
442000 	 0.1154907 
442500 	 0.296317 
443000 	 0.2009793 
443500 	 0.2365538 
444000 	 0.16175 
444500 	 0.2286683 
445000 	 0.1727305 
445500 	 0.1702618 
446000 	 0.2306 
446500 	 0.1050332 
447000 	 0.2272104 
447500 	 0.1791799 
448000 	 0.1907102 
448500 	 0.3108294 
449000 	 0.2013422 
449500 	 0.2269951 
450000 	 0.2004772 
450500 	 0.2270336 
451000 	 0.1795305 
451500 	 0.1706443 
452000 	 0.153998 
452500 	 0.1219904 
453000 	 0.1652468 
453500 	 0.2532157 
454000 	 0.2389836 
454500 	 0.1732917 
455000 	 0.2562747 
455500 	 0.2255925 
456000 	 0.1900954 
456500 	 0.130577 
457000 	 0.155963 
457500 	 0.2302936 
458000 	 0.1672957 
458500 	 0.1621409 
459000 	 0.1441665 
459500 	 0.3544424 
460000 	 0.2552048 
460500 	 0.1851492 
461000 	 0.2212207 
461500 	 0.1313526 
462000 	 0.1469918 
462500 	 0.1886471 
463000 	 0.1757588 
463500 	 0.1722049 
464000 	 0.2256734 
464500 	 0.08911897 
465000 	 0.208132 
465500 	 0.2765382 
466000 	 0.1572979 
466500 	 0.2654467 
467000 	 0.2012883 
467500 	 0.1491508 
468000 	 0.2026292 
468500 	 0.2629038 
469000 	 0.0966304 
469500 	 0.1822279 
470000 	 0.1808068 
470500 	 0.172529 
471000 	 0.1650877 
471500 	 0.1204407 
472000 	 0.1666301 
472500 	 0.2094427 
473000 	 0.1517195 
473500 	 0.1220548 
474000 	 0.2099318 
474500 	 0.2423163 
475000 	 0.1590516 
475500 	 0.2441648 
476000 	 0.1986791 
476500 	 0.2480985 
477000 	 0.1280063 
477500 	 0.1566541 
478000 	 0.2256341 
478500 	 0.1721566 
479000 	 0.308629 
479500 	 0.1728329 
480000 	 0.2277423 
480500 	 0.122648 
481000 	 0.1254276 
481500 	 0.338134 
482000 	 0.1295616 
482500 	 0.176373 
483000 	 0.1622903 
483500 	 0.08366019 
484000 	 0.1464753 
484500 	 0.2070374 
485000 	 0.2043953 
485500 	 0.1531502 
486000 	 0.2433884 
486500 	 0.2187773 
487000 	 0.1641889 
487500 	 0.2144725 
488000 	 0.1880694 
488500 	 0.2160402 
489000 	 0.1868345 
489500 	 0.2380541 
490000 	 0.2994205 
490500 	 0.1678484 
491000 	 0.1560656 
491500 	 0.1793399 
492000 	 0.1142984 
492500 	 0.2847473 
493000 	 0.1674627 
493500 	 0.1422261 
494000 	 0.1408752 
494500 	 0.2128229 
495000 	 0.2567969 
495500 	 0.141618 
496000 	 0.1484171 
496500 	 0.1682108 
497000 	 0.1301663 
497500 	 0.1054254 
498000 	 0.2364545 
498500 	 0.1184909 
499000 	 0.1515525 
499500 	 0.2105129 
500000 	 0.21052 
