iter 	 p
500 	 0.189683 
1000 	 0.2283005 
1500 	 0.2028732 
2000 	 0.2025052 
2500 	 0.1650903 
3000 	 0.2005087 
3500 	 0.183041 
4000 	 0.2076673 
4500 	 0.2007672 
5000 	 0.1481354 
5500 	 0.164272 
6000 	 0.2340778 
6500 	 0.2228891 
7000 	 0.1523773 
7500 	 0.2085468 
8000 	 0.1763704 
8500 	 0.2315534 
9000 	 0.2282705 
9500 	 0.249152 
10000 	 0.2577785 
10500 	 0.222958 
11000 	 0.2148434 
11500 	 0.1749113 
12000 	 0.2400725 
12500 	 0.2355353 
13000 	 0.1655409 
13500 	 0.2167554 
14000 	 0.2283348 
14500 	 0.200015 
15000 	 0.1418177 
15500 	 0.1985801 
16000 	 0.2439619 
16500 	 0.1949893 
17000 	 0.2010882 
17500 	 0.2135001 
18000 	 0.1719729 
18500 	 0.1757745 
19000 	 0.2734427 
19500 	 0.2416805 
20000 	 0.1726808 
20500 	 0.2212208 
21000 	 0.1639406 
21500 	 0.2309637 
22000 	 0.1848918 
22500 	 0.1935834 
23000 	 0.1787762 
23500 	 0.179243 
24000 	 0.1535982 
24500 	 0.1744014 
25000 	 0.1866517 
25500 	 0.1246021 
26000 	 0.1706934 
26500 	 0.1667312 
27000 	 0.1830894 
27500 	 0.1836709 
28000 	 0.1576866 
28500 	 0.2287557 
29000 	 0.2082506 
29500 	 0.2325033 
30000 	 0.1873597 
30500 	 0.2220142 
31000 	 0.2110827 
31500 	 0.2124863 
32000 	 0.2321163 
32500 	 0.2392988 
33000 	 0.1494313 
33500 	 0.1708053 
34000 	 0.2204729 
34500 	 0.2262039 
35000 	 0.1518692 
35500 	 0.2120569 
36000 	 0.2104305 
36500 	 0.1677555 
37000 	 0.2134477 
37500 	 0.1860265 
38000 	 0.2130568 
38500 	 0.2591836 
39000 	 0.1433585 
39500 	 0.1766825 
40000 	 0.2012204 
40500 	 0.1792875 
41000 	 0.2038994 
41500 	 0.184249 
42000 	 0.2172001 
42500 	 0.1836148 
43000 	 0.2265197 
43500 	 0.2194507 
44000 	 0.1272693 
44500 	 0.2586703 
45000 	 0.229571 
45500 	 0.1967631 
46000 	 0.1359837 
46500 	 0.2289481 
47000 	 0.1804814 
47500 	 0.1721912 
48000 	 0.2080163 
48500 	 0.1833557 
49000 	 0.2487097 
49500 	 0.1966387 
50000 	 0.1963951 
50500 	 0.158396 
51000 	 0.2134492 
51500 	 0.1840394 
52000 	 0.2235515 
52500 	 0.1860873 
53000 	 0.2708049 
53500 	 0.1984371 
54000 	 0.1586107 
54500 	 0.1950719 
55000 	 0.1961279 
55500 	 0.1632114 
56000 	 0.1878737 
56500 	 0.2210132 
57000 	 0.2146267 
57500 	 0.2114098 
58000 	 0.1517078 
58500 	 0.1971966 
59000 	 0.2421858 
59500 	 0.2350997 
60000 	 0.1675483 
60500 	 0.1877227 
61000 	 0.2297728 
61500 	 0.1343438 
62000 	 0.2289585 
62500 	 0.2390355 
63000 	 0.2374195 
63500 	 0.1807166 
64000 	 0.2527247 
64500 	 0.144159 
65000 	 0.2666315 
65500 	 0.2852745 
66000 	 0.2287491 
66500 	 0.1895629 
67000 	 0.1751921 
67500 	 0.1857139 
68000 	 0.1841187 
68500 	 0.2101514 
69000 	 0.2020308 
69500 	 0.1884931 
70000 	 0.2318757 
70500 	 0.1978883 
71000 	 0.2267543 
71500 	 0.2103659 
72000 	 0.2654491 
72500 	 0.1819448 
73000 	 0.1737348 
73500 	 0.1735575 
74000 	 0.1855111 
74500 	 0.1919727 
75000 	 0.1896622 
75500 	 0.1918218 
76000 	 0.206758 
76500 	 0.2317312 
77000 	 0.2643343 
77500 	 0.2568033 
78000 	 0.1623773 
78500 	 0.1752039 
79000 	 0.2109334 
79500 	 0.198109 
80000 	 0.2101875 
80500 	 0.1710138 
81000 	 0.1781965 
81500 	 0.09551942 
82000 	 0.2573741 
82500 	 0.1600308 
83000 	 0.1883779 
83500 	 0.1749713 
84000 	 0.1953873 
84500 	 0.1814391 
85000 	 0.2134458 
85500 	 0.1955743 
86000 	 0.2082921 
86500 	 0.2542985 
87000 	 0.2003319 
87500 	 0.1859282 
88000 	 0.199558 
88500 	 0.1588341 
89000 	 0.2634698 
89500 	 0.2125301 
90000 	 0.2461943 
90500 	 0.1761051 
91000 	 0.1701357 
91500 	 0.171744 
92000 	 0.2574272 
92500 	 0.2586934 
93000 	 0.2104203 
93500 	 0.1906853 
94000 	 0.174205 
94500 	 0.2469253 
95000 	 0.1863297 
95500 	 0.2312171 
96000 	 0.1924602 
96500 	 0.1931542 
97000 	 0.1638439 
97500 	 0.1820402 
98000 	 0.1223526 
98500 	 0.1609976 
99000 	 0.1218246 
99500 	 0.2074585 
100000 	 0.2367068 
100500 	 0.158568 
101000 	 0.2071641 
101500 	 0.1801134 
102000 	 0.1950787 
102500 	 0.224755 
103000 	 0.1744039 
103500 	 0.2155926 
104000 	 0.196261 
104500 	 0.1471133 
105000 	 0.1840311 
105500 	 0.2147815 
106000 	 0.2095705 
106500 	 0.2388074 
107000 	 0.2087357 
107500 	 0.2188488 
108000 	 0.2583241 
108500 	 0.1482374 
109000 	 0.1485714 
109500 	 0.17399 
110000 	 0.1952715 
110500 	 0.2183711 
111000 	 0.1538577 
111500 	 0.1419822 
112000 	 0.1801711 
112500 	 0.2084187 
113000 	 0.1529171 
113500 	 0.2106378 
114000 	 0.1546705 
114500 	 0.202971 
115000 	 0.2536391 
115500 	 0.2083924 
116000 	 0.1682908 
116500 	 0.2415621 
117000 	 0.19619 
117500 	 0.203276 
118000 	 0.2045897 
118500 	 0.1692767 
119000 	 0.1865339 
119500 	 0.18045 
120000 	 0.1881782 
120500 	 0.1976789 
121000 	 0.2300158 
121500 	 0.2503579 
122000 	 0.2632221 
122500 	 0.2139834 
123000 	 0.1738901 
123500 	 0.1893221 
124000 	 0.2502786 
124500 	 0.1634159 
125000 	 0.1940443 
125500 	 0.1717528 
126000 	 0.1723103 
126500 	 0.185055 
127000 	 0.238953 
127500 	 0.2298956 
128000 	 0.2083515 
128500 	 0.1454727 
129000 	 0.2255233 
129500 	 0.2456206 
130000 	 0.21143 
130500 	 0.2370461 
131000 	 0.2521816 
131500 	 0.2182226 
132000 	 0.1960515 
132500 	 0.2033516 
133000 	 0.1941133 
133500 	 0.2129371 
134000 	 0.1798962 
134500 	 0.200739 
135000 	 0.2174728 
135500 	 0.1447676 
136000 	 0.2308783 
136500 	 0.2022139 
137000 	 0.2492262 
137500 	 0.193693 
138000 	 0.1331729 
138500 	 0.2210859 
139000 	 0.1817217 
139500 	 0.1766425 
140000 	 0.2228607 
140500 	 0.2499505 
141000 	 0.1575415 
141500 	 0.180627 
142000 	 0.184566 
142500 	 0.210958 
143000 	 0.22917 
143500 	 0.1889902 
144000 	 0.2559805 
144500 	 0.1655312 
145000 	 0.1969933 
145500 	 0.1374495 
146000 	 0.204343 
146500 	 0.1750198 
147000 	 0.1710311 
147500 	 0.1860117 
148000 	 0.1703672 
148500 	 0.192772 
149000 	 0.2084517 
149500 	 0.1708449 
150000 	 0.1829348 
150500 	 0.1639144 
151000 	 0.2230372 
151500 	 0.1992763 
152000 	 0.1909358 
152500 	 0.2079102 
153000 	 0.2967128 
153500 	 0.1897761 
154000 	 0.1862831 
154500 	 0.1942867 
155000 	 0.2162729 
155500 	 0.2086618 
156000 	 0.2257412 
156500 	 0.1963691 
157000 	 0.2020854 
157500 	 0.1826677 
158000 	 0.2333276 
158500 	 0.2346617 
159000 	 0.1402614 
159500 	 0.1686608 
160000 	 0.2145617 
160500 	 0.1865781 
161000 	 0.1612745 
161500 	 0.2070337 
162000 	 0.1659138 
162500 	 0.1849819 
163000 	 0.254112 
163500 	 0.2499933 
164000 	 0.1492447 
164500 	 0.1801959 
165000 	 0.2166498 
165500 	 0.1960548 
166000 	 0.1696478 
166500 	 0.211697 
167000 	 0.198873 
167500 	 0.1998558 
168000 	 0.1874721 
168500 	 0.2291867 
169000 	 0.2119144 
169500 	 0.2029624 
170000 	 0.2451593 
170500 	 0.2033847 
171000 	 0.1941336 
171500 	 0.1362665 
172000 	 0.2193479 
172500 	 0.137672 
173000 	 0.2092489 
173500 	 0.1567038 
174000 	 0.1678072 
174500 	 0.1468073 
175000 	 0.1640609 
175500 	 0.2152217 
176000 	 0.2079713 
176500 	 0.2381824 
177000 	 0.1879296 
177500 	 0.1982052 
178000 	 0.1704738 
178500 	 0.2009272 
179000 	 0.1709198 
179500 	 0.1613796 
180000 	 0.2403429 
180500 	 0.1748273 
181000 	 0.1837157 
181500 	 0.2515298 
182000 	 0.1825464 
182500 	 0.2334526 
183000 	 0.1975469 
183500 	 0.1873314 
184000 	 0.2803708 
184500 	 0.2047953 
185000 	 0.1685886 
185500 	 0.2202223 
186000 	 0.2109852 
186500 	 0.1546146 
187000 	 0.2460412 
187500 	 0.2289151 
188000 	 0.1658925 
188500 	 0.1823306 
189000 	 0.263358 
189500 	 0.2107532 
190000 	 0.2034142 
190500 	 0.1491385 
191000 	 0.1716091 
191500 	 0.2018226 
192000 	 0.1807575 
192500 	 0.1812645 
193000 	 0.2468796 
193500 	 0.195496 
194000 	 0.2068043 
194500 	 0.245899 
195000 	 0.1971324 
195500 	 0.219953 
196000 	 0.1779112 
196500 	 0.2216709 
197000 	 0.1511688 
197500 	 0.2230767 
198000 	 0.1567918 
198500 	 0.2382449 
199000 	 0.1698471 
199500 	 0.2753749 
200000 	 0.1389915 
200500 	 0.1653221 
201000 	 0.1895523 
201500 	 0.1444288 
202000 	 0.1541526 
202500 	 0.1933732 
203000 	 0.2354597 
203500 	 0.1704336 
204000 	 0.2026424 
204500 	 0.1036065 
205000 	 0.2685996 
205500 	 0.199645 
206000 	 0.2111225 
206500 	 0.2540666 
207000 	 0.270952 
207500 	 0.1619516 
208000 	 0.1641888 
208500 	 0.242928 
209000 	 0.2372865 
209500 	 0.1692913 
210000 	 0.21824 
210500 	 0.157712 
211000 	 0.1859691 
211500 	 0.235703 
212000 	 0.2277195 
212500 	 0.1955423 
213000 	 0.2602669 
213500 	 0.196429 
214000 	 0.2051077 
214500 	 0.2385785 
215000 	 0.1576108 
215500 	 0.1715211 
216000 	 0.216875 
216500 	 0.2239995 
217000 	 0.2243203 
217500 	 0.1802744 
218000 	 0.2025378 
218500 	 0.1866757 
219000 	 0.1471989 
219500 	 0.2009128 
220000 	 0.1729125 
220500 	 0.1781439 
221000 	 0.2511599 
221500 	 0.1962691 
222000 	 0.1729178 
222500 	 0.1685442 
223000 	 0.2313534 
223500 	 0.2187734 
224000 	 0.1373565 
224500 	 0.206242 
225000 	 0.1822598 
225500 	 0.2390895 
226000 	 0.2627495 
226500 	 0.1984177 
227000 	 0.2241231 
227500 	 0.2465181 
228000 	 0.1667256 
228500 	 0.216427 
229000 	 0.2202958 
229500 	 0.1731715 
230000 	 0.2519041 
230500 	 0.2014176 
231000 	 0.1524789 
231500 	 0.2351374 
232000 	 0.1982415 
232500 	 0.209849 
233000 	 0.1669769 
233500 	 0.2039377 
234000 	 0.2421477 
234500 	 0.1873987 
235000 	 0.2546602 
235500 	 0.2307067 
236000 	 0.1817675 
236500 	 0.1744481 
237000 	 0.1927616 
237500 	 0.2137017 
238000 	 0.2418529 
238500 	 0.1900346 
239000 	 0.154485 
239500 	 0.1787056 
240000 	 0.2140718 
240500 	 0.1539531 
241000 	 0.1768374 
241500 	 0.1990698 
242000 	 0.2171229 
242500 	 0.1722465 
243000 	 0.2067719 
243500 	 0.1718165 
244000 	 0.1807369 
244500 	 0.2705487 
245000 	 0.1577599 
245500 	 0.1758256 
246000 	 0.2408629 
246500 	 0.2167994 
247000 	 0.2286093 
247500 	 0.1829868 
248000 	 0.1871764 
248500 	 0.1869405 
249000 	 0.2441696 
249500 	 0.2008117 
250000 	 0.1521825 
250500 	 0.1527063 
251000 	 0.239265 
251500 	 0.1971648 
252000 	 0.2145314 
252500 	 0.1982687 
253000 	 0.1563108 
253500 	 0.2322285 
254000 	 0.1817498 
254500 	 0.1764448 
255000 	 0.1784357 
255500 	 0.2770017 
256000 	 0.2236937 
256500 	 0.2531619 
257000 	 0.1965843 
257500 	 0.1975784 
258000 	 0.1808765 
258500 	 0.211191 
259000 	 0.1451227 
259500 	 0.275738 
260000 	 0.2480016 
260500 	 0.2176504 
261000 	 0.2809039 
261500 	 0.2298378 
262000 	 0.216341 
262500 	 0.1963058 
263000 	 0.2149023 
263500 	 0.196322 
264000 	 0.2401707 
264500 	 0.1884126 
265000 	 0.1653387 
265500 	 0.2157338 
266000 	 0.1763279 
266500 	 0.1713731 
267000 	 0.1696845 
267500 	 0.2317911 
268000 	 0.2041655 
268500 	 0.2591014 
269000 	 0.1933836 
269500 	 0.2101461 
270000 	 0.1745305 
270500 	 0.1931595 
271000 	 0.1606239 
271500 	 0.2409544 
272000 	 0.1467292 
272500 	 0.1552592 
273000 	 0.1713389 
273500 	 0.2091381 
274000 	 0.2331705 
274500 	 0.1997994 
275000 	 0.1677089 
275500 	 0.1617858 
276000 	 0.2115099 
276500 	 0.1782941 
277000 	 0.1746115 
277500 	 0.2298034 
278000 	 0.2287739 
278500 	 0.1635228 
279000 	 0.1533249 
279500 	 0.2080536 
280000 	 0.2215865 
280500 	 0.2029765 
281000 	 0.2010545 
281500 	 0.2002112 
282000 	 0.2021633 
282500 	 0.2014407 
283000 	 0.2340776 
283500 	 0.2219895 
284000 	 0.1263098 
284500 	 0.1927635 
285000 	 0.1816143 
285500 	 0.2014481 
286000 	 0.2167458 
286500 	 0.1603217 
287000 	 0.1576413 
287500 	 0.2177013 
288000 	 0.2388292 
288500 	 0.2058476 
289000 	 0.1990647 
289500 	 0.2330615 
290000 	 0.1992543 
290500 	 0.2767371 
291000 	 0.2148577 
291500 	 0.2277238 
292000 	 0.252002 
292500 	 0.1771346 
293000 	 0.192498 
293500 	 0.1742886 
294000 	 0.1991357 
294500 	 0.2080104 
295000 	 0.1732136 
295500 	 0.2135696 
296000 	 0.2052278 
296500 	 0.2152092 
297000 	 0.2043418 
297500 	 0.209817 
298000 	 0.2140108 
298500 	 0.2364697 
299000 	 0.2475722 
299500 	 0.2059902 
300000 	 0.2380197 
300500 	 0.1820535 
301000 	 0.1873119 
301500 	 0.1626596 
302000 	 0.1843276 
302500 	 0.202728 
303000 	 0.2058031 
303500 	 0.1820037 
304000 	 0.1860821 
304500 	 0.2074052 
305000 	 0.1882196 
305500 	 0.1525088 
306000 	 0.2469708 
306500 	 0.1670084 
307000 	 0.1840461 
307500 	 0.2232844 
308000 	 0.1576941 
308500 	 0.1802191 
309000 	 0.166068 
309500 	 0.1887338 
310000 	 0.27459 
310500 	 0.2068736 
311000 	 0.2334656 
311500 	 0.2238714 
312000 	 0.1614462 
312500 	 0.1887143 
313000 	 0.220226 
313500 	 0.1692408 
314000 	 0.1531281 
314500 	 0.1939369 
315000 	 0.1886239 
315500 	 0.1914826 
316000 	 0.2558566 
316500 	 0.2640282 
317000 	 0.1659369 
317500 	 0.1959582 
318000 	 0.2051719 
318500 	 0.2367029 
319000 	 0.2053798 
319500 	 0.23874 
320000 	 0.2344518 
320500 	 0.1742612 
321000 	 0.2267485 
321500 	 0.1728046 
322000 	 0.1735234 
322500 	 0.1781484 
323000 	 0.2080963 
323500 	 0.2272548 
324000 	 0.1726757 
324500 	 0.1935301 
325000 	 0.1768634 
325500 	 0.1823682 
326000 	 0.2060522 
326500 	 0.2269825 
327000 	 0.2260579 
327500 	 0.2289586 
328000 	 0.1347454 
328500 	 0.2014877 
329000 	 0.2044146 
329500 	 0.1559206 
330000 	 0.1676626 
330500 	 0.203646 
331000 	 0.2129853 
331500 	 0.1917749 
332000 	 0.2845063 
332500 	 0.1782438 
333000 	 0.1452761 
333500 	 0.1974869 
334000 	 0.2385428 
334500 	 0.2572896 
335000 	 0.2408486 
335500 	 0.2057627 
336000 	 0.173833 
336500 	 0.155189 
337000 	 0.2343447 
337500 	 0.2173902 
338000 	 0.2421936 
338500 	 0.1867606 
339000 	 0.2041375 
339500 	 0.1688198 
340000 	 0.2143709 
340500 	 0.266171 
341000 	 0.2266049 
341500 	 0.2260751 
342000 	 0.2466418 
342500 	 0.1808961 
343000 	 0.2376211 
343500 	 0.2135146 
344000 	 0.2024728 
344500 	 0.1909064 
345000 	 0.2391432 
345500 	 0.2227771 
346000 	 0.216965 
346500 	 0.24156 
347000 	 0.2124749 
347500 	 0.2149965 
348000 	 0.1890836 
348500 	 0.2342477 
349000 	 0.1977202 
349500 	 0.2387618 
350000 	 0.1932746 
350500 	 0.1955342 
351000 	 0.2109056 
351500 	 0.1964737 
352000 	 0.205418 
352500 	 0.2121331 
353000 	 0.2064894 
353500 	 0.2113312 
354000 	 0.2313601 
354500 	 0.197826 
355000 	 0.1489134 
355500 	 0.1826806 
356000 	 0.2302354 
356500 	 0.1982557 
357000 	 0.1880859 
357500 	 0.2552035 
358000 	 0.2043611 
358500 	 0.239028 
359000 	 0.2351832 
359500 	 0.2188809 
360000 	 0.2086989 
360500 	 0.2378358 
361000 	 0.1801877 
361500 	 0.2061135 
362000 	 0.1909695 
362500 	 0.2360826 
363000 	 0.1809254 
363500 	 0.1529987 
364000 	 0.2177421 
364500 	 0.2197941 
365000 	 0.2185399 
365500 	 0.1615641 
366000 	 0.2562191 
366500 	 0.1002095 
367000 	 0.2127811 
367500 	 0.1841608 
368000 	 0.2318491 
368500 	 0.1967308 
369000 	 0.2128959 
369500 	 0.2391964 
370000 	 0.1749115 
370500 	 0.2401571 
371000 	 0.3020649 
371500 	 0.1623308 
372000 	 0.2218174 
372500 	 0.2083585 
373000 	 0.1820347 
373500 	 0.1763223 
374000 	 0.1315972 
374500 	 0.2001587 
375000 	 0.2553936 
375500 	 0.1934364 
376000 	 0.2149694 
376500 	 0.2231786 
377000 	 0.1892137 
377500 	 0.2082688 
378000 	 0.1814983 
378500 	 0.2233822 
379000 	 0.1684748 
379500 	 0.1741244 
380000 	 0.2204878 
380500 	 0.1830729 
381000 	 0.2028976 
381500 	 0.1915511 
382000 	 0.1647223 
382500 	 0.1486584 
383000 	 0.2086283 
383500 	 0.203482 
384000 	 0.1534126 
384500 	 0.1905424 
385000 	 0.2057151 
385500 	 0.1692478 
386000 	 0.2479354 
386500 	 0.1850646 
387000 	 0.1418392 
387500 	 0.2013394 
388000 	 0.1525015 
388500 	 0.1871935 
389000 	 0.2619017 
389500 	 0.2062622 
390000 	 0.1951983 
390500 	 0.1115619 
391000 	 0.1791696 
391500 	 0.1768693 
392000 	 0.167519 
392500 	 0.1915009 
393000 	 0.2203406 
393500 	 0.1975003 
394000 	 0.1395297 
394500 	 0.1929577 
395000 	 0.22609 
395500 	 0.1508123 
396000 	 0.1918153 
396500 	 0.2223882 
397000 	 0.1971682 
397500 	 0.2681261 
398000 	 0.2173331 
398500 	 0.2120275 
399000 	 0.2269468 
399500 	 0.1741872 
400000 	 0.19845 
400500 	 0.2240639 
401000 	 0.1765421 
401500 	 0.1816068 
402000 	 0.2130688 
402500 	 0.2326821 
403000 	 0.1725107 
403500 	 0.197096 
404000 	 0.1762623 
404500 	 0.2185523 
405000 	 0.2073058 
405500 	 0.1426086 
406000 	 0.20378 
406500 	 0.2124797 
407000 	 0.2358922 
407500 	 0.1294664 
408000 	 0.2629986 
408500 	 0.2220113 
409000 	 0.1664102 
409500 	 0.2842917 
410000 	 0.2230328 
410500 	 0.2019792 
411000 	 0.191428 
411500 	 0.1452179 
412000 	 0.2060778 
412500 	 0.1581402 
413000 	 0.175464 
413500 	 0.1750325 
414000 	 0.1927269 
414500 	 0.1475146 
415000 	 0.2132164 
415500 	 0.207617 
416000 	 0.1486394 
416500 	 0.1982731 
417000 	 0.2002193 
417500 	 0.1780282 
418000 	 0.1929113 
418500 	 0.2290128 
419000 	 0.188439 
419500 	 0.2254633 
420000 	 0.2423149 
420500 	 0.2948279 
421000 	 0.1691523 
421500 	 0.2021761 
422000 	 0.1948366 
422500 	 0.2233153 
423000 	 0.2111078 
423500 	 0.2317231 
424000 	 0.204267 
424500 	 0.1839015 
425000 	 0.1963755 
425500 	 0.2719163 
426000 	 0.1965145 
426500 	 0.1942859 
427000 	 0.1516606 
427500 	 0.1855328 
428000 	 0.2016524 
428500 	 0.1344824 
429000 	 0.1903494 
429500 	 0.1816862 
430000 	 0.2461198 
430500 	 0.2380022 
431000 	 0.1619084 
431500 	 0.2077396 
432000 	 0.1923674 
432500 	 0.271113 
433000 	 0.2438092 
433500 	 0.2107119 
434000 	 0.1734761 
434500 	 0.1966477 
435000 	 0.2571671 
435500 	 0.1775147 
436000 	 0.2388102 
436500 	 0.144124 
437000 	 0.2546604 
437500 	 0.2286889 
438000 	 0.1900124 
438500 	 0.1663424 
439000 	 0.1721694 
439500 	 0.193113 
440000 	 0.2274242 
440500 	 0.2303237 
441000 	 0.2108157 
441500 	 0.1577689 
442000 	 0.1887768 
442500 	 0.1715545 
443000 	 0.2199131 
443500 	 0.1760404 
444000 	 0.2460818 
444500 	 0.1644505 
445000 	 0.2404341 
445500 	 0.2664576 
446000 	 0.2389925 
446500 	 0.1536063 
447000 	 0.1400117 
447500 	 0.2359402 
448000 	 0.2482277 
448500 	 0.2062885 
449000 	 0.2048693 
449500 	 0.1802454 
450000 	 0.188955 
450500 	 0.1975053 
451000 	 0.1683331 
451500 	 0.2202682 
452000 	 0.1772936 
452500 	 0.1519186 
453000 	 0.155568 
453500 	 0.2216164 
454000 	 0.1553488 
454500 	 0.229196 
455000 	 0.2297293 
455500 	 0.1572093 
456000 	 0.2088589 
456500 	 0.2036205 
457000 	 0.2071377 
457500 	 0.1815898 
458000 	 0.2356173 
458500 	 0.1982389 
459000 	 0.1962287 
459500 	 0.2163402 
460000 	 0.1977638 
460500 	 0.2164399 
461000 	 0.2816273 
461500 	 0.2340493 
462000 	 0.2768459 
462500 	 0.2401567 
463000 	 0.2442391 
463500 	 0.1798115 
464000 	 0.2504072 
464500 	 0.2003854 
465000 	 0.2215038 
465500 	 0.2773929 
466000 	 0.1824058 
466500 	 0.2148519 
467000 	 0.2259825 
467500 	 0.2038457 
468000 	 0.1848835 
468500 	 0.198171 
469000 	 0.1821595 
469500 	 0.19346 
470000 	 0.1502068 
470500 	 0.1932659 
471000 	 0.2108294 
471500 	 0.1991644 
472000 	 0.2133412 
472500 	 0.2082798 
473000 	 0.228364 
473500 	 0.1968567 
474000 	 0.1766501 
474500 	 0.202597 
475000 	 0.2194583 
475500 	 0.2104245 
476000 	 0.2253283 
476500 	 0.1954655 
477000 	 0.1345996 
477500 	 0.1937645 
478000 	 0.2194955 
478500 	 0.1752943 
479000 	 0.1815626 
479500 	 0.1954565 
480000 	 0.1404624 
480500 	 0.212704 
481000 	 0.2000709 
481500 	 0.2209573 
482000 	 0.2573776 
482500 	 0.1786595 
483000 	 0.1775855 
483500 	 0.2701279 
484000 	 0.2343521 
484500 	 0.2150546 
485000 	 0.165418 
485500 	 0.2245389 
486000 	 0.2202705 
486500 	 0.1928041 
487000 	 0.1795186 
487500 	 0.1831704 
488000 	 0.247885 
488500 	 0.1310795 
489000 	 0.2175275 
489500 	 0.2291509 
490000 	 0.1901531 
490500 	 0.1658526 
491000 	 0.2024825 
491500 	 0.2258019 
492000 	 0.2302729 
492500 	 0.2307196 
493000 	 0.2399501 
493500 	 0.2303911 
494000 	 0.1762059 
494500 	 0.2251598 
495000 	 0.2927479 
495500 	 0.2308662 
496000 	 0.2161309 
496500 	 0.2479014 
497000 	 0.2589204 
497500 	 0.1700013 
498000 	 0.2012368 
498500 	 0.2405434 
499000 	 0.2592497 
499500 	 0.301995 
500000 	 0.1839793 
