iter 	 p
500 	 0.9157833 
1000 	 0.818868 
1500 	 0.7945563 
2000 	 0.8833561 
2500 	 0.8579061 
3000 	 0.9033483 
3500 	 0.8495661 
4000 	 0.8045888 
4500 	 0.9010503 
5000 	 0.8417433 
5500 	 0.8060757 
6000 	 0.8284543 
6500 	 0.7873729 
7000 	 0.8935861 
7500 	 0.8376332 
8000 	 0.9256246 
8500 	 0.7896454 
9000 	 0.8945714 
9500 	 0.7864562 
10000 	 0.9464969 
10500 	 0.9082618 
11000 	 0.866507 
11500 	 0.849126 
12000 	 0.9069321 
12500 	 0.8465668 
13000 	 0.8243736 
13500 	 0.8841923 
14000 	 0.8495856 
14500 	 0.7690698 
15000 	 0.9464233 
15500 	 0.9199911 
16000 	 0.8335343 
16500 	 0.8984144 
17000 	 0.8735181 
17500 	 0.8894526 
18000 	 0.8833315 
18500 	 0.9220026 
19000 	 0.8496283 
19500 	 0.8478106 
20000 	 0.911621 
20500 	 0.8368647 
21000 	 0.8232646 
21500 	 0.9148566 
22000 	 0.8232425 
22500 	 0.8982384 
23000 	 0.8968698 
23500 	 0.9318731 
24000 	 0.8828817 
24500 	 0.8156391 
25000 	 0.8758265 
25500 	 0.9036455 
26000 	 0.8812948 
26500 	 0.8342199 
27000 	 0.8743498 
27500 	 0.8669129 
28000 	 0.9406038 
28500 	 0.8020349 
29000 	 0.9056043 
29500 	 0.8894894 
30000 	 0.88402 
30500 	 0.9374126 
31000 	 0.9075948 
31500 	 0.9372445 
32000 	 0.8573454 
32500 	 0.8552959 
33000 	 0.9227644 
33500 	 0.8377756 
34000 	 0.841408 
34500 	 0.7403595 
35000 	 0.9266421 
35500 	 0.925242 
36000 	 0.8722846 
36500 	 0.9188732 
37000 	 0.8952713 
37500 	 0.8672499 
38000 	 0.8368462 
38500 	 0.8567435 
39000 	 0.8584562 
39500 	 0.8900201 
40000 	 0.8514405 
40500 	 0.7756564 
41000 	 0.7919668 
41500 	 0.8030548 
42000 	 0.9155291 
42500 	 0.8439129 
43000 	 0.8215666 
43500 	 0.8244147 
44000 	 0.8528941 
44500 	 0.9077056 
45000 	 0.8640464 
45500 	 0.869795 
46000 	 0.8607756 
46500 	 0.887303 
47000 	 0.8724527 
47500 	 0.8533871 
48000 	 0.8626162 
48500 	 0.8888261 
49000 	 0.8892896 
49500 	 0.821123 
50000 	 0.8226291 
50500 	 0.9008437 
51000 	 0.8285216 
51500 	 0.7906589 
52000 	 0.7967233 
52500 	 0.8540704 
53000 	 0.8292654 
53500 	 0.9094436 
54000 	 0.9473916 
54500 	 0.8860382 
55000 	 0.8613131 
55500 	 0.9443872 
56000 	 0.8363824 
56500 	 0.849316 
57000 	 0.8577339 
57500 	 0.9346037 
58000 	 0.7074825 
58500 	 0.9134524 
59000 	 0.8617835 
59500 	 0.8644794 
60000 	 0.8164577 
60500 	 0.9487035 
61000 	 0.8713486 
61500 	 0.9083819 
62000 	 0.8474981 
62500 	 0.8455237 
63000 	 0.9138611 
63500 	 0.926237 
64000 	 0.8961824 
64500 	 0.715351 
65000 	 0.9080726 
65500 	 0.8599381 
66000 	 0.8297645 
66500 	 0.9112282 
67000 	 0.8446619 
67500 	 0.907131 
68000 	 0.8695758 
68500 	 0.910794 
69000 	 0.8536085 
69500 	 0.8881422 
70000 	 0.8180492 
70500 	 0.8867647 
71000 	 0.8002234 
71500 	 0.8210067 
72000 	 0.9285847 
72500 	 0.8861393 
73000 	 0.8432974 
73500 	 0.8842955 
74000 	 0.9246187 
74500 	 0.8660667 
75000 	 0.8062648 
75500 	 0.8221104 
76000 	 0.8792274 
76500 	 0.9322112 
77000 	 0.9335963 
77500 	 0.8816158 
78000 	 0.8390855 
78500 	 0.8670442 
79000 	 0.8637796 
79500 	 0.8931497 
80000 	 0.7703534 
80500 	 0.8591783 
81000 	 0.8523906 
81500 	 0.9194937 
82000 	 0.8500699 
82500 	 0.8981061 
83000 	 0.7640612 
83500 	 0.8360242 
84000 	 0.8797208 
84500 	 0.7695182 
85000 	 0.8245204 
85500 	 0.8410623 
86000 	 0.699457 
86500 	 0.8678341 
87000 	 0.8785511 
87500 	 0.8719135 
88000 	 0.7659266 
88500 	 0.8093329 
89000 	 0.8118738 
89500 	 0.8408031 
90000 	 0.8477833 
90500 	 0.8992227 
91000 	 0.8842442 
91500 	 0.8807995 
92000 	 0.819565 
92500 	 0.8807104 
93000 	 0.9174078 
93500 	 0.849116 
94000 	 0.9066905 
94500 	 0.9108422 
95000 	 0.8664816 
95500 	 0.8140734 
96000 	 0.8106054 
96500 	 0.8382496 
97000 	 0.8975189 
97500 	 0.8600775 
98000 	 0.880495 
98500 	 0.8612008 
99000 	 0.8134492 
99500 	 0.8688053 
100000 	 0.8617545 
100500 	 0.9174824 
101000 	 0.7699211 
101500 	 0.8851988 
102000 	 0.7599959 
102500 	 0.9398195 
103000 	 0.8703977 
103500 	 0.8581013 
104000 	 0.8778197 
104500 	 0.8795267 
105000 	 0.8822067 
105500 	 0.7827692 
106000 	 0.8087145 
106500 	 0.895348 
107000 	 0.8248238 
107500 	 0.8942834 
108000 	 0.9048924 
108500 	 0.8746869 
109000 	 0.7992586 
109500 	 0.8056257 
110000 	 0.9080272 
110500 	 0.8164515 
111000 	 0.8881786 
111500 	 0.8290299 
112000 	 0.8457921 
112500 	 0.8410581 
113000 	 0.7006768 
113500 	 0.8568574 
114000 	 0.9032614 
114500 	 0.8434745 
115000 	 0.8981041 
115500 	 0.8903236 
116000 	 0.9640746 
116500 	 0.9143523 
117000 	 0.8423051 
117500 	 0.8346429 
118000 	 0.8910904 
118500 	 0.8630897 
119000 	 0.875281 
119500 	 0.7876526 
120000 	 0.89424 
120500 	 0.8861591 
121000 	 0.8141326 
121500 	 0.7938456 
122000 	 0.849083 
122500 	 0.8999958 
123000 	 0.7860383 
123500 	 0.8475438 
124000 	 0.8096852 
124500 	 0.8894512 
125000 	 0.8005429 
125500 	 0.8799102 
126000 	 0.8897575 
126500 	 0.8865217 
127000 	 0.9000091 
127500 	 0.8124008 
128000 	 0.8326872 
128500 	 0.8424529 
129000 	 0.8826873 
129500 	 0.8392879 
130000 	 0.8825796 
130500 	 0.8317213 
131000 	 0.859351 
131500 	 0.938299 
132000 	 0.8773192 
132500 	 0.9072882 
133000 	 0.9056139 
133500 	 0.8852712 
134000 	 0.8343311 
134500 	 0.8858203 
135000 	 0.8910443 
135500 	 0.9305276 
136000 	 0.9269769 
136500 	 0.9305633 
137000 	 0.9277751 
137500 	 0.6965463 
138000 	 0.8406739 
138500 	 0.8162464 
139000 	 0.9396737 
139500 	 0.8425673 
140000 	 0.7993191 
140500 	 0.8310234 
141000 	 0.899204 
141500 	 0.8550036 
142000 	 0.9115206 
142500 	 0.7848807 
143000 	 0.8469173 
143500 	 0.8501202 
144000 	 0.8616343 
144500 	 0.8358699 
145000 	 0.9092945 
145500 	 0.8404689 
146000 	 0.8688485 
146500 	 0.7223772 
147000 	 0.842561 
147500 	 0.8857267 
148000 	 0.8234875 
148500 	 0.8346479 
149000 	 0.8059793 
149500 	 0.8274994 
150000 	 0.9051158 
150500 	 0.8884889 
151000 	 0.8715994 
151500 	 0.8733672 
152000 	 0.7994555 
152500 	 0.7616103 
153000 	 0.8469484 
153500 	 0.8388048 
154000 	 0.8458629 
154500 	 0.8437191 
155000 	 0.9129204 
155500 	 0.8144484 
156000 	 0.8806822 
156500 	 0.8479291 
157000 	 0.8601823 
157500 	 0.9110711 
158000 	 0.8923406 
158500 	 0.9156546 
159000 	 0.8637892 
159500 	 0.8527946 
160000 	 0.894786 
160500 	 0.9001966 
161000 	 0.7877875 
161500 	 0.8304126 
162000 	 0.8169329 
162500 	 0.8460537 
163000 	 0.8988697 
163500 	 0.9013587 
164000 	 0.8592968 
164500 	 0.8100902 
165000 	 0.8875907 
165500 	 0.8491256 
166000 	 0.8690847 
166500 	 0.8125178 
167000 	 0.9158728 
167500 	 0.8286163 
168000 	 0.9069441 
168500 	 0.8895604 
169000 	 0.8809313 
169500 	 0.7263836 
170000 	 0.9125516 
170500 	 0.8422503 
171000 	 0.7872921 
171500 	 0.8125205 
172000 	 0.8747216 
172500 	 0.9385032 
173000 	 0.8346312 
173500 	 0.9247439 
174000 	 0.8018121 
174500 	 0.8691292 
175000 	 0.9376935 
175500 	 0.8129679 
176000 	 0.8662471 
176500 	 0.8405024 
177000 	 0.8138066 
177500 	 0.8475372 
178000 	 0.7824178 
178500 	 0.8901671 
179000 	 0.9252678 
179500 	 0.8652375 
180000 	 0.8358912 
180500 	 0.9114912 
181000 	 0.875984 
181500 	 0.8477437 
182000 	 0.8237165 
182500 	 0.7939716 
183000 	 0.8692518 
183500 	 0.906773 
184000 	 0.8737206 
184500 	 0.9648026 
185000 	 0.8241131 
185500 	 0.9430181 
186000 	 0.8902993 
186500 	 0.8881602 
187000 	 0.8470694 
187500 	 0.7817295 
188000 	 0.8536786 
188500 	 0.890034 
189000 	 0.8281697 
189500 	 0.7608677 
190000 	 0.8359947 
190500 	 0.8464857 
191000 	 0.8802347 
191500 	 0.8456104 
192000 	 0.8849318 
192500 	 0.8032865 
193000 	 0.8743406 
193500 	 0.9354123 
194000 	 0.8662013 
194500 	 0.9039479 
195000 	 0.8248116 
195500 	 0.8798653 
196000 	 0.9092758 
196500 	 0.8121455 
197000 	 0.8658778 
197500 	 0.9430714 
198000 	 0.8100307 
198500 	 0.849197 
199000 	 0.8575222 
199500 	 0.8783576 
200000 	 0.8558863 
200500 	 0.9020005 
201000 	 0.8637244 
201500 	 0.8165212 
202000 	 0.7766405 
202500 	 0.8656916 
203000 	 0.8985318 
203500 	 0.8725158 
204000 	 0.7924617 
204500 	 0.9041661 
205000 	 0.9041236 
205500 	 0.8377842 
206000 	 0.8858475 
206500 	 0.7690906 
207000 	 0.8829605 
207500 	 0.924288 
208000 	 0.8373024 
208500 	 0.8459207 
209000 	 0.8519373 
209500 	 0.9119696 
210000 	 0.9287994 
210500 	 0.8900876 
211000 	 0.8083183 
211500 	 0.8612171 
212000 	 0.8848039 
212500 	 0.8955065 
213000 	 0.8816527 
213500 	 0.86586 
214000 	 0.8714537 
214500 	 0.8901681 
215000 	 0.8502342 
215500 	 0.9390386 
216000 	 0.7939986 
216500 	 0.8845735 
217000 	 0.8480316 
217500 	 0.8333203 
218000 	 0.8339245 
218500 	 0.8738876 
219000 	 0.8725814 
219500 	 0.828447 
220000 	 0.9307884 
220500 	 0.8551596 
221000 	 0.9647142 
221500 	 0.8788657 
222000 	 0.8468135 
222500 	 0.9098162 
223000 	 0.935959 
223500 	 0.8266211 
224000 	 0.8659253 
224500 	 0.8464616 
225000 	 0.8821426 
225500 	 0.8099044 
226000 	 0.6991691 
226500 	 0.8527915 
227000 	 0.8644516 
227500 	 0.8114126 
228000 	 0.806253 
228500 	 0.7576598 
229000 	 0.8317589 
229500 	 0.8923397 
230000 	 0.8509909 
230500 	 0.8658754 
231000 	 0.8343682 
231500 	 0.9124907 
232000 	 0.824536 
232500 	 0.8442995 
233000 	 0.8740669 
233500 	 0.8896819 
234000 	 0.9351418 
234500 	 0.8725927 
235000 	 0.9178842 
235500 	 0.9114505 
236000 	 0.8930401 
236500 	 0.8324006 
237000 	 0.8529561 
237500 	 0.761209 
238000 	 0.8731741 
238500 	 0.8678264 
239000 	 0.8706758 
239500 	 0.7636132 
240000 	 0.769705 
240500 	 0.8044163 
241000 	 0.8950389 
241500 	 0.8482294 
242000 	 0.8441066 
242500 	 0.7881768 
243000 	 0.9002592 
243500 	 0.8279662 
244000 	 0.8901675 
244500 	 0.8695803 
245000 	 0.8406665 
245500 	 0.8603982 
246000 	 0.9373085 
246500 	 0.8552507 
247000 	 0.8545472 
247500 	 0.8463082 
248000 	 0.7714408 
248500 	 0.9120366 
249000 	 0.8431836 
249500 	 0.9217453 
250000 	 0.8439427 
250500 	 0.9320923 
251000 	 0.8168161 
251500 	 0.9089699 
252000 	 0.8770559 
252500 	 0.9045004 
253000 	 0.886403 
253500 	 0.8248079 
254000 	 0.8336177 
254500 	 0.9021774 
255000 	 0.8624232 
255500 	 0.8941861 
256000 	 0.8441428 
256500 	 0.8881445 
257000 	 0.9030834 
257500 	 0.8414426 
258000 	 0.8683821 
258500 	 0.8705499 
259000 	 0.9069939 
259500 	 0.8721676 
260000 	 0.8877684 
260500 	 0.85498 
261000 	 0.8386386 
261500 	 0.8957265 
262000 	 0.8175298 
262500 	 0.7964863 
263000 	 0.8482804 
263500 	 0.864943 
264000 	 0.8443491 
264500 	 0.8053661 
265000 	 0.9182293 
265500 	 0.8318094 
266000 	 0.8664793 
266500 	 0.8780379 
267000 	 0.8618368 
267500 	 0.8824866 
268000 	 0.897886 
268500 	 0.8631109 
269000 	 0.8085049 
269500 	 0.881662 
270000 	 0.9267124 
270500 	 0.8278295 
271000 	 0.8290269 
271500 	 0.8472138 
272000 	 0.8585059 
272500 	 0.8755474 
273000 	 0.9205666 
273500 	 0.8551922 
274000 	 0.8363795 
274500 	 0.8922029 
275000 	 0.8756451 
275500 	 0.8661312 
276000 	 0.8808027 
276500 	 0.8405541 
277000 	 0.8741868 
277500 	 0.8585433 
278000 	 0.9433382 
278500 	 0.9144331 
279000 	 0.9199813 
279500 	 0.8434697 
280000 	 0.8786896 
280500 	 0.8517283 
281000 	 0.9006971 
281500 	 0.9244983 
282000 	 0.8213504 
282500 	 0.8821317 
283000 	 0.8475357 
283500 	 0.8683498 
284000 	 0.9553395 
284500 	 0.8990657 
285000 	 0.8887212 
285500 	 0.9052259 
286000 	 0.9291846 
286500 	 0.8177021 
287000 	 0.8467587 
287500 	 0.8705215 
288000 	 0.8879222 
288500 	 0.8454098 
289000 	 0.8680621 
289500 	 0.818341 
290000 	 0.922677 
290500 	 0.8388702 
291000 	 0.8909106 
291500 	 0.8414376 
292000 	 0.9511947 
292500 	 0.8572247 
293000 	 0.8711713 
293500 	 0.851859 
294000 	 0.8531065 
294500 	 0.8025169 
295000 	 0.8308989 
295500 	 0.9722593 
296000 	 0.9317687 
296500 	 0.9234351 
297000 	 0.792991 
297500 	 0.948361 
298000 	 0.741066 
298500 	 0.9084382 
299000 	 0.8503035 
299500 	 0.922971 
300000 	 0.8471562 
300500 	 0.8873735 
301000 	 0.8231383 
301500 	 0.8600813 
302000 	 0.8747876 
302500 	 0.7292895 
303000 	 0.8362467 
303500 	 0.906836 
304000 	 0.815487 
304500 	 0.8775675 
305000 	 0.7344702 
305500 	 0.8710843 
306000 	 0.9189931 
306500 	 0.9161522 
307000 	 0.796374 
307500 	 0.8640866 
308000 	 0.8407219 
308500 	 0.8375201 
309000 	 0.8959289 
309500 	 0.8952105 
310000 	 0.8762043 
310500 	 0.790028 
311000 	 0.8793075 
311500 	 0.860566 
312000 	 0.9093128 
312500 	 0.9009847 
313000 	 0.8768264 
313500 	 0.9040864 
314000 	 0.8533175 
314500 	 0.9059352 
315000 	 0.8101732 
315500 	 0.9000198 
316000 	 0.7386921 
316500 	 0.8080391 
317000 	 0.8842009 
317500 	 0.8808609 
318000 	 0.8696836 
318500 	 0.9576042 
319000 	 0.869793 
319500 	 0.8860751 
320000 	 0.8597881 
320500 	 0.9053659 
321000 	 0.9064471 
321500 	 0.8504558 
322000 	 0.912955 
322500 	 0.7705406 
323000 	 0.8669428 
323500 	 0.8592099 
324000 	 0.9355712 
324500 	 0.8763686 
325000 	 0.7929627 
325500 	 0.9441472 
326000 	 0.845827 
326500 	 0.8478786 
327000 	 0.8222741 
327500 	 0.8142551 
328000 	 0.7609859 
328500 	 0.8221059 
329000 	 0.8224235 
329500 	 0.8414256 
330000 	 0.8673323 
330500 	 0.9111752 
331000 	 0.9049433 
331500 	 0.8271179 
332000 	 0.9049468 
332500 	 0.8579223 
333000 	 0.8272447 
333500 	 0.8929457 
334000 	 0.9136453 
334500 	 0.9291592 
335000 	 0.8848734 
335500 	 0.9141192 
336000 	 0.803515 
336500 	 0.8965967 
337000 	 0.8928078 
337500 	 0.8796444 
338000 	 0.8262352 
338500 	 0.8162617 
339000 	 0.7906429 
339500 	 0.677421 
340000 	 0.8514813 
340500 	 0.8574201 
341000 	 0.8273888 
341500 	 0.8446305 
342000 	 0.8893063 
342500 	 0.8138498 
343000 	 0.912299 
343500 	 0.844205 
344000 	 0.8260206 
344500 	 0.932177 
345000 	 0.8905125 
345500 	 0.8501251 
346000 	 0.7969309 
346500 	 0.8027832 
347000 	 0.8372651 
347500 	 0.7916601 
348000 	 0.8170867 
348500 	 0.909377 
349000 	 0.8965018 
349500 	 0.8655791 
350000 	 0.9273439 
350500 	 0.8763129 
351000 	 0.9233917 
351500 	 0.8642012 
352000 	 0.8873892 
352500 	 0.8588747 
353000 	 0.7100455 
353500 	 0.8660459 
354000 	 0.8899861 
354500 	 0.7544229 
355000 	 0.7027867 
355500 	 0.8480168 
356000 	 0.8753757 
356500 	 0.8798651 
357000 	 0.9006283 
357500 	 0.7731819 
358000 	 0.8289915 
358500 	 0.8854702 
359000 	 0.884711 
359500 	 0.7916225 
360000 	 0.9126069 
360500 	 0.8216384 
361000 	 0.8492168 
361500 	 0.8735206 
362000 	 0.9355174 
362500 	 0.9516187 
363000 	 0.8551151 
363500 	 0.8745181 
364000 	 0.8408961 
364500 	 0.8769826 
365000 	 0.7855869 
365500 	 0.8279212 
366000 	 0.8689671 
366500 	 0.9023068 
367000 	 0.8169903 
367500 	 0.8811247 
368000 	 0.8184625 
368500 	 0.8971122 
369000 	 0.8024735 
369500 	 0.8627446 
370000 	 0.8515004 
370500 	 0.9267575 
371000 	 0.8367646 
371500 	 0.8944135 
372000 	 0.8803956 
372500 	 0.8917554 
373000 	 0.8815265 
373500 	 0.81158 
374000 	 0.7978599 
374500 	 0.7518807 
375000 	 0.8232378 
375500 	 0.8453348 
376000 	 0.8374707 
376500 	 0.8934535 
377000 	 0.9116381 
377500 	 0.892332 
378000 	 0.9033809 
378500 	 0.9177245 
379000 	 0.8503149 
379500 	 0.8457475 
380000 	 0.7953478 
380500 	 0.8517536 
381000 	 0.7868099 
381500 	 0.8957924 
382000 	 0.9172915 
382500 	 0.836749 
383000 	 0.8727017 
383500 	 0.8799697 
384000 	 0.8639176 
384500 	 0.9150237 
385000 	 0.861903 
385500 	 0.7837097 
386000 	 0.8865418 
386500 	 0.8978708 
387000 	 0.8214534 
387500 	 0.8553754 
388000 	 0.9217466 
388500 	 0.8356487 
389000 	 0.9134217 
389500 	 0.8504855 
390000 	 0.8562068 
390500 	 0.9003501 
391000 	 0.8828712 
391500 	 0.8978193 
392000 	 0.8275305 
392500 	 0.8476437 
393000 	 0.8516422 
393500 	 0.7969951 
394000 	 0.863011 
394500 	 0.9320462 
395000 	 0.8247285 
395500 	 0.8682689 
396000 	 0.9303927 
396500 	 0.9026003 
397000 	 0.7007452 
397500 	 0.9208485 
398000 	 0.8856193 
398500 	 0.8233335 
399000 	 0.7980639 
399500 	 0.8212495 
400000 	 0.7880999 
400500 	 0.850979 
401000 	 0.8086603 
401500 	 0.8551742 
402000 	 0.873166 
402500 	 0.8142708 
403000 	 0.787912 
403500 	 0.9333856 
404000 	 0.8941227 
404500 	 0.9114595 
405000 	 0.8520712 
405500 	 0.8835511 
406000 	 0.789253 
406500 	 0.8778191 
407000 	 0.7948332 
407500 	 0.8981914 
408000 	 0.849799 
408500 	 0.848241 
409000 	 0.805862 
409500 	 0.8002762 
410000 	 0.8236011 
410500 	 0.9178327 
411000 	 0.8840437 
411500 	 0.8534654 
412000 	 0.8757935 
412500 	 0.9184927 
413000 	 0.8121517 
413500 	 0.8090732 
414000 	 0.8326599 
414500 	 0.7723139 
415000 	 0.8063971 
415500 	 0.8461743 
416000 	 0.8228229 
416500 	 0.9027144 
417000 	 0.8074426 
417500 	 0.8503083 
418000 	 0.8979298 
418500 	 0.8081344 
419000 	 0.8372095 
419500 	 0.8966733 
420000 	 0.8348437 
420500 	 0.8956564 
421000 	 0.8515313 
421500 	 0.8626941 
422000 	 0.7807848 
422500 	 0.8137966 
423000 	 0.9163625 
423500 	 0.8520083 
424000 	 0.8210308 
424500 	 0.9113457 
425000 	 0.9111833 
425500 	 0.8351537 
426000 	 0.8963318 
426500 	 0.9346639 
427000 	 0.9167728 
427500 	 0.8639 
428000 	 0.8738937 
428500 	 0.8900198 
429000 	 0.8631058 
429500 	 0.8667132 
430000 	 0.887711 
430500 	 0.9330415 
431000 	 0.8085608 
431500 	 0.8835091 
432000 	 0.8849703 
432500 	 0.8535243 
433000 	 0.9060808 
433500 	 0.8213456 
434000 	 0.874176 
434500 	 0.9511047 
435000 	 0.82056 
435500 	 0.8933915 
436000 	 0.8484487 
436500 	 0.9278071 
437000 	 0.7490343 
437500 	 0.8870578 
438000 	 0.7266212 
438500 	 0.8876199 
439000 	 0.8121624 
439500 	 0.8448325 
440000 	 0.8680113 
440500 	 0.9077508 
441000 	 0.7678376 
441500 	 0.7991909 
442000 	 0.8876524 
442500 	 0.9218661 
443000 	 0.885938 
443500 	 0.8743186 
444000 	 0.8706414 
444500 	 0.9218482 
445000 	 0.8142488 
445500 	 0.9509986 
446000 	 0.9448304 
446500 	 0.8929938 
447000 	 0.8537533 
447500 	 0.8064281 
448000 	 0.8519916 
448500 	 0.8927891 
449000 	 0.8299955 
449500 	 0.8675596 
450000 	 0.890047 
450500 	 0.8661918 
451000 	 0.9092517 
451500 	 0.9038932 
452000 	 0.834271 
452500 	 0.9003414 
453000 	 0.8206583 
453500 	 0.8978248 
454000 	 0.8581207 
454500 	 0.8839288 
455000 	 0.8172436 
455500 	 0.7537996 
456000 	 0.9235417 
456500 	 0.8926363 
457000 	 0.8916864 
457500 	 0.8415072 
458000 	 0.8574001 
458500 	 0.8519946 
459000 	 0.8687368 
459500 	 0.7499484 
460000 	 0.8366172 
460500 	 0.7755342 
461000 	 0.9728905 
461500 	 0.8647917 
462000 	 0.8508995 
462500 	 0.8708747 
463000 	 0.7990332 
463500 	 0.898637 
464000 	 0.884621 
464500 	 0.8594828 
465000 	 0.773127 
465500 	 0.9325866 
466000 	 0.8498871 
466500 	 0.7223419 
467000 	 0.8624864 
467500 	 0.8522283 
468000 	 0.9105161 
468500 	 0.8218493 
469000 	 0.9330375 
469500 	 0.8742256 
470000 	 0.9131777 
470500 	 0.862954 
471000 	 0.7972742 
471500 	 0.9454716 
472000 	 0.8743675 
472500 	 0.9545462 
473000 	 0.8517468 
473500 	 0.7686281 
474000 	 0.8541186 
474500 	 0.9350558 
475000 	 0.7993499 
475500 	 0.8913976 
476000 	 0.7972216 
476500 	 0.8063971 
477000 	 0.8510734 
477500 	 0.7730999 
478000 	 0.8614783 
478500 	 0.8574289 
479000 	 0.8983759 
479500 	 0.8802232 
480000 	 0.8995669 
480500 	 0.86607 
481000 	 0.8757516 
481500 	 0.9089347 
482000 	 0.8480297 
482500 	 0.8462265 
483000 	 0.8294162 
483500 	 0.8896601 
484000 	 0.8493432 
484500 	 0.7386093 
485000 	 0.8538921 
485500 	 0.8753684 
486000 	 0.8050971 
486500 	 0.9361488 
487000 	 0.6557549 
487500 	 0.8117464 
488000 	 0.7889354 
488500 	 0.8266387 
489000 	 0.8828122 
489500 	 0.9292716 
490000 	 0.8831687 
490500 	 0.8515056 
491000 	 0.8859345 
491500 	 0.9348258 
492000 	 0.9161348 
492500 	 0.8866532 
493000 	 0.8487651 
493500 	 0.8937327 
494000 	 0.8363028 
494500 	 0.8486409 
495000 	 0.8855413 
495500 	 0.8322579 
496000 	 0.9444758 
496500 	 0.7946005 
497000 	 0.878778 
497500 	 0.7831635 
498000 	 0.9048484 
498500 	 0.9123261 
499000 	 0.9050994 
499500 	 0.8367205 
500000 	 0.8890127 
