iter 	 p
500 	 0.833315 
1000 	 0.8384201 
1500 	 0.8815015 
2000 	 0.7729776 
2500 	 0.8302772 
3000 	 0.8420091 
3500 	 0.8696401 
4000 	 0.7761964 
4500 	 0.889119 
5000 	 0.881823 
5500 	 0.8968314 
6000 	 0.8401849 
6500 	 0.8055402 
7000 	 0.7360309 
7500 	 0.8269575 
8000 	 0.8104247 
8500 	 0.8505297 
9000 	 0.9020697 
9500 	 0.8282909 
10000 	 0.8600498 
10500 	 0.725755 
11000 	 0.8187322 
11500 	 0.8790076 
12000 	 0.8396476 
12500 	 0.8409671 
13000 	 0.8551972 
13500 	 0.888786 
14000 	 0.8175852 
14500 	 0.8243488 
15000 	 0.8353215 
15500 	 0.8212569 
16000 	 0.8617472 
16500 	 0.8019018 
17000 	 0.913786 
17500 	 0.9051306 
18000 	 0.81867 
18500 	 0.8329412 
19000 	 0.806074 
19500 	 0.8152619 
20000 	 0.7496387 
20500 	 0.8062634 
21000 	 0.8473751 
21500 	 0.8699611 
22000 	 0.8289828 
22500 	 0.9362046 
23000 	 0.7635159 
23500 	 0.844813 
24000 	 0.9095959 
24500 	 0.9124522 
25000 	 0.8389165 
25500 	 0.7887454 
26000 	 0.8428524 
26500 	 0.8374332 
27000 	 0.7525166 
27500 	 0.7514932 
28000 	 0.8302024 
28500 	 0.9060172 
29000 	 0.8541119 
29500 	 0.8775587 
30000 	 0.8531051 
30500 	 0.8999246 
31000 	 0.8968536 
31500 	 0.7376957 
32000 	 0.9424097 
32500 	 0.8003299 
33000 	 0.8066139 
33500 	 0.8742349 
34000 	 0.8894465 
34500 	 0.9284974 
35000 	 0.8515825 
35500 	 0.763752 
36000 	 0.8775392 
36500 	 0.8642825 
37000 	 0.9052836 
37500 	 0.8675647 
38000 	 0.8247014 
38500 	 0.8649433 
39000 	 0.7507925 
39500 	 0.8894456 
40000 	 0.8823213 
40500 	 0.8563061 
41000 	 0.7961377 
41500 	 0.8108351 
42000 	 0.9103522 
42500 	 0.851755 
43000 	 0.7643315 
43500 	 0.901639 
44000 	 0.8637564 
44500 	 0.8172709 
45000 	 0.841643 
45500 	 0.9029027 
46000 	 0.9113795 
46500 	 0.7822965 
47000 	 0.8694012 
47500 	 0.8472311 
48000 	 0.8205574 
48500 	 0.7268763 
49000 	 0.8747021 
49500 	 0.8465348 
50000 	 0.8310648 
50500 	 0.861298 
51000 	 0.8622158 
51500 	 0.877933 
52000 	 0.8565968 
52500 	 0.8642414 
53000 	 0.7089751 
53500 	 0.8650136 
54000 	 0.8237166 
54500 	 0.8479612 
55000 	 0.819125 
55500 	 0.866948 
56000 	 0.839404 
56500 	 0.8674649 
57000 	 0.7810237 
57500 	 0.8326535 
58000 	 0.8685041 
58500 	 0.9458472 
59000 	 0.8497489 
59500 	 0.9167294 
60000 	 0.8711724 
60500 	 0.7764761 
61000 	 0.8103309 
61500 	 0.7741233 
62000 	 0.9077432 
62500 	 0.8805494 
63000 	 0.8514455 
63500 	 0.85719 
64000 	 0.8208257 
64500 	 0.8514382 
65000 	 0.8862058 
65500 	 0.7275312 
66000 	 0.8443547 
66500 	 0.8090623 
67000 	 0.8701948 
67500 	 0.888344 
68000 	 0.8625266 
68500 	 0.8907326 
69000 	 0.8392688 
69500 	 0.8694659 
70000 	 0.8620082 
70500 	 0.791519 
71000 	 0.7736244 
71500 	 0.8513857 
72000 	 0.9098561 
72500 	 0.8473331 
73000 	 0.8936205 
73500 	 0.8614361 
74000 	 0.8627544 
74500 	 0.7792973 
75000 	 0.7942039 
75500 	 0.9059558 
76000 	 0.7671364 
76500 	 0.8368905 
77000 	 0.9102994 
77500 	 0.9008463 
78000 	 0.7988807 
78500 	 0.8483544 
79000 	 0.9122589 
79500 	 0.7460875 
80000 	 0.8558793 
80500 	 0.8711822 
81000 	 0.8283099 
81500 	 0.8454548 
82000 	 0.8268705 
82500 	 0.9406848 
83000 	 0.8144857 
83500 	 0.888847 
84000 	 0.915525 
84500 	 0.8134426 
85000 	 0.8551177 
85500 	 0.7927559 
86000 	 0.8111852 
86500 	 0.8750715 
87000 	 0.8576677 
87500 	 0.8076053 
88000 	 0.8407065 
88500 	 0.8354436 
89000 	 0.8097935 
89500 	 0.8240048 
90000 	 0.9251945 
90500 	 0.8771999 
91000 	 0.8461848 
91500 	 0.8705995 
92000 	 0.9029102 
92500 	 0.8871428 
93000 	 0.7944964 
93500 	 0.8796835 
94000 	 0.900053 
94500 	 0.8551982 
95000 	 0.7612879 
95500 	 0.8031767 
96000 	 0.8641121 
96500 	 0.8328828 
97000 	 0.9250187 
97500 	 0.9261218 
98000 	 0.8506789 
98500 	 0.7837219 
99000 	 0.8905833 
99500 	 0.8626785 
100000 	 0.8712322 
100500 	 0.7677206 
101000 	 0.831735 
101500 	 0.841932 
102000 	 0.8077222 
102500 	 0.7829 
103000 	 0.8463764 
103500 	 0.7240446 
104000 	 0.8282402 
104500 	 0.8673981 
105000 	 0.8786303 
105500 	 0.7791457 
106000 	 0.8542404 
106500 	 0.8579154 
107000 	 0.8437851 
107500 	 0.770664 
108000 	 0.8741097 
108500 	 0.8594894 
109000 	 0.8086167 
109500 	 0.7637984 
110000 	 0.9056291 
110500 	 0.8588061 
111000 	 0.853964 
111500 	 0.879126 
112000 	 0.7931084 
112500 	 0.9300884 
113000 	 0.7629109 
113500 	 0.8901578 
114000 	 0.7667082 
114500 	 0.8536405 
115000 	 0.7826741 
115500 	 0.6835174 
116000 	 0.7526368 
116500 	 0.8441907 
117000 	 0.8387843 
117500 	 0.7862251 
118000 	 0.8319527 
118500 	 0.8426204 
119000 	 0.8671801 
119500 	 0.8222633 
120000 	 0.8835428 
120500 	 0.8741962 
121000 	 0.7905406 
121500 	 0.8655015 
122000 	 0.82337 
122500 	 0.8902672 
123000 	 0.8695869 
123500 	 0.8534992 
124000 	 0.8732901 
124500 	 0.7978255 
125000 	 0.8782103 
125500 	 0.7767073 
126000 	 0.8153569 
126500 	 0.8566132 
127000 	 0.7904151 
127500 	 0.769547 
128000 	 0.8044308 
128500 	 0.9003065 
129000 	 0.7910691 
129500 	 0.8363306 
130000 	 0.9188637 
130500 	 0.8010394 
131000 	 0.9172325 
131500 	 0.8982824 
132000 	 0.8208768 
132500 	 0.8602048 
133000 	 0.7913393 
133500 	 0.7638242 
134000 	 0.9141008 
134500 	 0.7951352 
135000 	 0.8590711 
135500 	 0.8626637 
136000 	 0.818895 
136500 	 0.7769103 
137000 	 0.8257703 
137500 	 0.8897529 
138000 	 0.790388 
138500 	 0.8470132 
139000 	 0.8318974 
139500 	 0.79318 
140000 	 0.9003671 
140500 	 0.8792632 
141000 	 0.9033559 
141500 	 0.8140069 
142000 	 0.8279997 
142500 	 0.8964575 
143000 	 0.8270985 
143500 	 0.7999314 
144000 	 0.7658113 
144500 	 0.8282022 
145000 	 0.8558017 
145500 	 0.8382653 
146000 	 0.8683067 
146500 	 0.7753135 
147000 	 0.7905658 
147500 	 0.8607028 
148000 	 0.8089715 
148500 	 0.820681 
149000 	 0.8186735 
149500 	 0.7458101 
150000 	 0.8908907 
150500 	 0.9085735 
151000 	 0.8092823 
151500 	 0.7155852 
152000 	 0.7771925 
152500 	 0.9044447 
153000 	 0.9045499 
153500 	 0.8855479 
154000 	 0.8409816 
154500 	 0.861292 
155000 	 0.7440273 
155500 	 0.9153217 
156000 	 0.8578153 
156500 	 0.7884518 
157000 	 0.7449683 
157500 	 0.8923777 
158000 	 0.8209849 
158500 	 0.7340135 
159000 	 0.8114978 
159500 	 0.8841381 
160000 	 0.8827488 
160500 	 0.8342851 
161000 	 0.8833837 
161500 	 0.8701107 
162000 	 0.8512142 
162500 	 0.8270441 
163000 	 0.9159578 
163500 	 0.9022285 
164000 	 0.8389205 
164500 	 0.8155005 
165000 	 0.9152868 
165500 	 0.8385917 
166000 	 0.7580818 
166500 	 0.8138248 
167000 	 0.864531 
167500 	 0.8933824 
168000 	 0.9025172 
168500 	 0.8236806 
169000 	 0.8821178 
169500 	 0.8680985 
170000 	 0.8525833 
170500 	 0.8044538 
171000 	 0.7942596 
171500 	 0.8304053 
172000 	 0.8195303 
172500 	 0.911141 
173000 	 0.8276182 
173500 	 0.9069456 
174000 	 0.8456715 
174500 	 0.8995552 
175000 	 0.8175367 
175500 	 0.8644649 
176000 	 0.8453468 
176500 	 0.8875488 
177000 	 0.9081284 
177500 	 0.821195 
178000 	 0.8160036 
178500 	 0.8627333 
179000 	 0.8759073 
179500 	 0.8669702 
180000 	 0.8798201 
180500 	 0.8181929 
181000 	 0.8481815 
181500 	 0.926094 
182000 	 0.891846 
182500 	 0.8769988 
183000 	 0.8498102 
183500 	 0.757987 
184000 	 0.9340904 
184500 	 0.7324012 
185000 	 0.8404245 
185500 	 0.8678535 
186000 	 0.8006683 
186500 	 0.8805345 
187000 	 0.76806 
187500 	 0.9011565 
188000 	 0.7522608 
188500 	 0.8343841 
189000 	 0.8935928 
189500 	 0.8844847 
190000 	 0.8301435 
190500 	 0.8375693 
191000 	 0.8538658 
191500 	 0.8046239 
192000 	 0.8499551 
192500 	 0.8083841 
193000 	 0.8857217 
193500 	 0.9329936 
194000 	 0.7609441 
194500 	 0.8735166 
195000 	 0.8336889 
195500 	 0.8178642 
196000 	 0.8539371 
196500 	 0.8382513 
197000 	 0.8414711 
197500 	 0.8271998 
198000 	 0.8936437 
198500 	 0.8490526 
199000 	 0.8776203 
199500 	 0.9374169 
200000 	 0.8468195 
200500 	 0.8318499 
201000 	 0.8349229 
201500 	 0.8291046 
202000 	 0.8580749 
202500 	 0.684719 
203000 	 0.8588442 
203500 	 0.7949019 
204000 	 0.8456458 
204500 	 0.828048 
205000 	 0.904727 
205500 	 0.8642282 
206000 	 0.8416671 
206500 	 0.7070418 
207000 	 0.86223 
207500 	 0.9094115 
208000 	 0.9324134 
208500 	 0.7654232 
209000 	 0.8719928 
209500 	 0.9037484 
210000 	 0.8440655 
210500 	 0.8739839 
211000 	 0.8985263 
211500 	 0.8552306 
212000 	 0.8340084 
212500 	 0.8818962 
213000 	 0.8331952 
213500 	 0.903127 
214000 	 0.8915804 
214500 	 0.8755923 
215000 	 0.8323919 
215500 	 0.7718991 
216000 	 0.8518902 
216500 	 0.8477415 
217000 	 0.7710499 
217500 	 0.8466097 
218000 	 0.7675478 
218500 	 0.8468508 
219000 	 0.8233227 
219500 	 0.8374545 
220000 	 0.8614712 
220500 	 0.8834229 
221000 	 0.8221267 
221500 	 0.9026226 
222000 	 0.7727908 
222500 	 0.8144748 
223000 	 0.8621926 
223500 	 0.8817017 
224000 	 0.7906935 
224500 	 0.8664335 
225000 	 0.7843941 
225500 	 0.7658858 
226000 	 0.8989058 
226500 	 0.8824849 
227000 	 0.7961649 
227500 	 0.7201056 
228000 	 0.7988832 
228500 	 0.8334813 
229000 	 0.7665059 
229500 	 0.7984467 
230000 	 0.8599946 
230500 	 0.9318063 
231000 	 0.9005436 
231500 	 0.716122 
232000 	 0.8901283 
232500 	 0.8385783 
233000 	 0.8448696 
233500 	 0.8876947 
234000 	 0.8363665 
234500 	 0.7784205 
235000 	 0.8160288 
235500 	 0.8892447 
236000 	 0.7967351 
236500 	 0.8175631 
237000 	 0.8519228 
237500 	 0.7458444 
238000 	 0.8542401 
238500 	 0.8112671 
239000 	 0.8768341 
239500 	 0.8540484 
240000 	 0.8622997 
240500 	 0.8629223 
241000 	 0.8678807 
241500 	 0.8440925 
242000 	 0.9470966 
242500 	 0.769373 
243000 	 0.8169156 
243500 	 0.8888722 
244000 	 0.8160747 
244500 	 0.8052268 
245000 	 0.781322 
245500 	 0.8043463 
246000 	 0.8969262 
246500 	 0.9220859 
247000 	 0.8728129 
247500 	 0.7580351 
248000 	 0.7511877 
248500 	 0.919669 
249000 	 0.8167112 
249500 	 0.9269614 
250000 	 0.9086894 
250500 	 0.7939672 
251000 	 0.9053483 
251500 	 0.8292646 
252000 	 0.8461119 
252500 	 0.8337532 
253000 	 0.8071442 
253500 	 0.7690605 
254000 	 0.6810372 
254500 	 0.8510308 
255000 	 0.867409 
255500 	 0.9226663 
256000 	 0.7356605 
256500 	 0.8303399 
257000 	 0.7963805 
257500 	 0.8533692 
258000 	 0.8760393 
258500 	 0.8405922 
259000 	 0.8550481 
259500 	 0.9090553 
260000 	 0.8233917 
260500 	 0.6840376 
261000 	 0.8588395 
261500 	 0.9061426 
262000 	 0.9491846 
262500 	 0.8877339 
263000 	 0.8897202 
263500 	 0.8900158 
264000 	 0.8698675 
264500 	 0.8177109 
265000 	 0.8735124 
265500 	 0.8299815 
266000 	 0.711701 
266500 	 0.9083341 
267000 	 0.7828154 
267500 	 0.8269212 
268000 	 0.8049234 
268500 	 0.7926865 
269000 	 0.8583493 
269500 	 0.8474241 
270000 	 0.8614591 
270500 	 0.8123827 
271000 	 0.8498318 
271500 	 0.9083156 
272000 	 0.8396717 
272500 	 0.8590202 
273000 	 0.8476498 
273500 	 0.8341438 
274000 	 0.7826823 
274500 	 0.8374019 
275000 	 0.8512412 
275500 	 0.8557053 
276000 	 0.8595707 
276500 	 0.8634332 
277000 	 0.8763474 
277500 	 0.7965077 
278000 	 0.7762829 
278500 	 0.8021224 
279000 	 0.7542272 
279500 	 0.7892198 
280000 	 0.8266064 
280500 	 0.7987206 
281000 	 0.8645811 
281500 	 0.8522903 
282000 	 0.8392379 
282500 	 0.7877559 
283000 	 0.9284332 
283500 	 0.8280573 
284000 	 0.8391911 
284500 	 0.8225994 
285000 	 0.8300873 
285500 	 0.8554639 
286000 	 0.863557 
286500 	 0.9070495 
287000 	 0.903623 
287500 	 0.8187897 
288000 	 0.8226167 
288500 	 0.8470421 
289000 	 0.8066463 
289500 	 0.8442435 
290000 	 0.8649964 
290500 	 0.8575033 
291000 	 0.8903444 
291500 	 0.8197433 
292000 	 0.8878761 
292500 	 0.7870728 
293000 	 0.82932 
293500 	 0.841924 
294000 	 0.7677949 
294500 	 0.7643048 
295000 	 0.8450414 
295500 	 0.7888648 
296000 	 0.8454861 
296500 	 0.8201734 
297000 	 0.8149131 
297500 	 0.7946827 
298000 	 0.8109854 
298500 	 0.8679114 
299000 	 0.8628603 
299500 	 0.8851145 
300000 	 0.8313614 
300500 	 0.8189443 
301000 	 0.7150259 
301500 	 0.7968051 
302000 	 0.9216323 
302500 	 0.8903208 
303000 	 0.8066729 
303500 	 0.8412357 
304000 	 0.8794082 
304500 	 0.8749841 
305000 	 0.8448287 
305500 	 0.8885793 
306000 	 0.9117757 
306500 	 0.8554637 
307000 	 0.9025123 
307500 	 0.857855 
308000 	 0.9077507 
308500 	 0.9064389 
309000 	 0.9289172 
309500 	 0.7696263 
310000 	 0.8358866 
310500 	 0.7972124 
311000 	 0.8292165 
311500 	 0.8555014 
312000 	 0.7579151 
312500 	 0.8818485 
313000 	 0.8717284 
313500 	 0.9115281 
314000 	 0.798821 
314500 	 0.8475726 
315000 	 0.8477835 
315500 	 0.8265119 
316000 	 0.8347763 
316500 	 0.8187672 
317000 	 0.8499471 
317500 	 0.8292332 
318000 	 0.788581 
318500 	 0.8579724 
319000 	 0.7424432 
319500 	 0.8902251 
320000 	 0.8235526 
320500 	 0.7443173 
321000 	 0.9059716 
321500 	 0.8579681 
322000 	 0.8952487 
322500 	 0.8996304 
323000 	 0.8640178 
323500 	 0.8877137 
324000 	 0.8906346 
324500 	 0.7771366 
325000 	 0.8616187 
325500 	 0.8416083 
326000 	 0.8417264 
326500 	 0.8479025 
327000 	 0.8309029 
327500 	 0.8459362 
328000 	 0.8211973 
328500 	 0.8458646 
329000 	 0.8734337 
329500 	 0.828924 
330000 	 0.8729763 
330500 	 0.7652033 
331000 	 0.7502868 
331500 	 0.7970215 
332000 	 0.844679 
332500 	 0.8115244 
333000 	 0.8168558 
333500 	 0.861719 
334000 	 0.847833 
334500 	 0.7690811 
335000 	 0.8642193 
335500 	 0.902601 
336000 	 0.8837648 
336500 	 0.8151188 
337000 	 0.8648159 
337500 	 0.8532365 
338000 	 0.818545 
338500 	 0.8771203 
339000 	 0.8038046 
339500 	 0.7839876 
340000 	 0.865245 
340500 	 0.7546643 
341000 	 0.873463 
341500 	 0.8250009 
342000 	 0.8097293 
342500 	 0.9138001 
343000 	 0.8195401 
343500 	 0.8376 
344000 	 0.9095798 
344500 	 0.8520959 
345000 	 0.8529923 
345500 	 0.8562071 
346000 	 0.8257676 
346500 	 0.8246723 
347000 	 0.9108606 
347500 	 0.8324867 
348000 	 0.8553514 
348500 	 0.8891058 
349000 	 0.8249879 
349500 	 0.8455576 
350000 	 0.9312503 
350500 	 0.8321454 
351000 	 0.8790924 
351500 	 0.880765 
352000 	 0.8420395 
352500 	 0.9092368 
353000 	 0.8468975 
353500 	 0.834287 
354000 	 0.7617496 
354500 	 0.8857486 
355000 	 0.7122253 
355500 	 0.888878 
356000 	 0.8294727 
356500 	 0.8021288 
357000 	 0.7896345 
357500 	 0.8387222 
358000 	 0.8149232 
358500 	 0.9138338 
359000 	 0.835234 
359500 	 0.8209312 
360000 	 0.7955287 
360500 	 0.7555403 
361000 	 0.8780989 
361500 	 0.8948665 
362000 	 0.8497277 
362500 	 0.8579862 
363000 	 0.8998527 
363500 	 0.8969089 
364000 	 0.8266955 
364500 	 0.8787158 
365000 	 0.7199447 
365500 	 0.8928767 
366000 	 0.9093275 
366500 	 0.8689005 
367000 	 0.8476852 
367500 	 0.8170815 
368000 	 0.8058215 
368500 	 0.8332721 
369000 	 0.7700468 
369500 	 0.8824476 
370000 	 0.8432515 
370500 	 0.8473622 
371000 	 0.7148836 
371500 	 0.8766945 
372000 	 0.8504342 
372500 	 0.8698929 
373000 	 0.8690216 
373500 	 0.8542688 
374000 	 0.8886843 
374500 	 0.8369574 
375000 	 0.8807903 
375500 	 0.868706 
376000 	 0.8798251 
376500 	 0.8603409 
377000 	 0.8507705 
377500 	 0.8638492 
378000 	 0.8398943 
378500 	 0.7961929 
379000 	 0.8219555 
379500 	 0.8659569 
380000 	 0.8032241 
380500 	 0.8528766 
381000 	 0.8928378 
381500 	 0.7945598 
382000 	 0.870909 
382500 	 0.9159426 
383000 	 0.8998402 
383500 	 0.8246421 
384000 	 0.7685984 
384500 	 0.8902263 
385000 	 0.8282106 
385500 	 0.8986239 
386000 	 0.8064871 
386500 	 0.7961996 
387000 	 0.7633176 
387500 	 0.8696266 
388000 	 0.7420153 
388500 	 0.8053866 
389000 	 0.7705225 
389500 	 0.7831364 
390000 	 0.8120236 
390500 	 0.871571 
391000 	 0.9073685 
391500 	 0.8956195 
392000 	 0.8835133 
392500 	 0.9303548 
393000 	 0.8948342 
393500 	 0.8298817 
394000 	 0.8544677 
394500 	 0.8198402 
395000 	 0.8482656 
395500 	 0.7830075 
396000 	 0.9231315 
396500 	 0.8024752 
397000 	 0.8455777 
397500 	 0.8700187 
398000 	 0.8549876 
398500 	 0.7878292 
399000 	 0.8882853 
399500 	 0.7702425 
400000 	 0.8470137 
400500 	 0.8848418 
401000 	 0.7981724 
401500 	 0.9086062 
402000 	 0.7437243 
402500 	 0.8307187 
403000 	 0.7717455 
403500 	 0.7784491 
404000 	 0.7958962 
404500 	 0.8069613 
405000 	 0.7724242 
405500 	 0.882768 
406000 	 0.8534627 
406500 	 0.8089053 
407000 	 0.8237962 
407500 	 0.7982363 
408000 	 0.7775087 
408500 	 0.9004676 
409000 	 0.7843195 
409500 	 0.8233214 
410000 	 0.8965661 
410500 	 0.8215122 
411000 	 0.7783054 
411500 	 0.8588523 
412000 	 0.8698462 
412500 	 0.8626908 
413000 	 0.8923375 
413500 	 0.7920596 
414000 	 0.8496478 
414500 	 0.8387499 
415000 	 0.9195575 
415500 	 0.7767311 
416000 	 0.9534506 
416500 	 0.8237417 
417000 	 0.7811481 
417500 	 0.8308953 
418000 	 0.8139921 
418500 	 0.8082708 
419000 	 0.8382127 
419500 	 0.7931741 
420000 	 0.8431651 
420500 	 0.8816775 
421000 	 0.8365032 
421500 	 0.8797674 
422000 	 0.8436149 
422500 	 0.8076229 
423000 	 0.8977201 
423500 	 0.7517524 
424000 	 0.8090478 
424500 	 0.8337456 
425000 	 0.7985788 
425500 	 0.8374498 
426000 	 0.9039659 
426500 	 0.8378388 
427000 	 0.8151779 
427500 	 0.864507 
428000 	 0.8029533 
428500 	 0.8174925 
429000 	 0.8966008 
429500 	 0.7825709 
430000 	 0.9244995 
430500 	 0.8209137 
431000 	 0.7885003 
431500 	 0.9121431 
432000 	 0.8570338 
432500 	 0.8353113 
433000 	 0.8635271 
433500 	 0.8125821 
434000 	 0.8376408 
434500 	 0.8459944 
435000 	 0.8009624 
435500 	 0.7968371 
436000 	 0.7777342 
436500 	 0.8311169 
437000 	 0.7674407 
437500 	 0.8283002 
438000 	 0.8640468 
438500 	 0.8914834 
439000 	 0.8054141 
439500 	 0.8478183 
440000 	 0.8157648 
440500 	 0.7798516 
441000 	 0.8801652 
441500 	 0.7950866 
442000 	 0.8638781 
442500 	 0.9029404 
443000 	 0.906567 
443500 	 0.8554114 
444000 	 0.8056025 
444500 	 0.9107097 
445000 	 0.8521145 
445500 	 0.8518951 
446000 	 0.8166208 
446500 	 0.8720091 
447000 	 0.8391645 
447500 	 0.8992266 
448000 	 0.8484553 
448500 	 0.8950831 
449000 	 0.8047482 
449500 	 0.8760927 
450000 	 0.8680904 
450500 	 0.7671121 
451000 	 0.8287473 
451500 	 0.8893229 
452000 	 0.8667584 
452500 	 0.877871 
453000 	 0.8796679 
453500 	 0.8322552 
454000 	 0.8690351 
454500 	 0.8599463 
455000 	 0.9566481 
455500 	 0.9191959 
456000 	 0.8170407 
456500 	 0.8202944 
457000 	 0.8215123 
457500 	 0.8391515 
458000 	 0.8690507 
458500 	 0.7266755 
459000 	 0.8664496 
459500 	 0.8604495 
460000 	 0.8462754 
460500 	 0.7993509 
461000 	 0.8065609 
461500 	 0.8770249 
462000 	 0.8218884 
462500 	 0.8959012 
463000 	 0.7784831 
463500 	 0.784354 
464000 	 0.7573644 
464500 	 0.7942915 
465000 	 0.80156 
465500 	 0.843169 
466000 	 0.8006665 
466500 	 0.8319759 
467000 	 0.8515352 
467500 	 0.8847333 
468000 	 0.8785478 
468500 	 0.8267177 
469000 	 0.8432244 
469500 	 0.8830213 
470000 	 0.8811212 
470500 	 0.8513524 
471000 	 0.9245264 
471500 	 0.7755688 
472000 	 0.8967752 
472500 	 0.7711516 
473000 	 0.7774001 
473500 	 0.8357916 
474000 	 0.8990764 
474500 	 0.8120299 
475000 	 0.8435318 
475500 	 0.8189222 
476000 	 0.6802074 
476500 	 0.8468116 
477000 	 0.8499416 
477500 	 0.8741863 
478000 	 0.8559762 
478500 	 0.8658209 
479000 	 0.8652967 
479500 	 0.8793347 
480000 	 0.8936179 
480500 	 0.9050214 
481000 	 0.817193 
481500 	 0.860293 
482000 	 0.8499002 
482500 	 0.840328 
483000 	 0.7518831 
483500 	 0.792227 
484000 	 0.841823 
484500 	 0.8371278 
485000 	 0.8912779 
485500 	 0.8369763 
486000 	 0.8082215 
486500 	 0.8959388 
487000 	 0.8049482 
487500 	 0.8533985 
488000 	 0.7537665 
488500 	 0.9053744 
489000 	 0.8489103 
489500 	 0.7840371 
490000 	 0.8674327 
490500 	 0.7477249 
491000 	 0.8361977 
491500 	 0.862883 
492000 	 0.8364499 
492500 	 0.8658639 
493000 	 0.8208938 
493500 	 0.8261464 
494000 	 0.9015793 
494500 	 0.7609145 
495000 	 0.843355 
495500 	 0.7817232 
496000 	 0.9540668 
496500 	 0.7282078 
497000 	 0.9170008 
497500 	 0.8322745 
498000 	 0.8708913 
498500 	 0.8698818 
499000 	 0.8431371 
499500 	 0.8162944 
500000 	 0.8311737 
