iter 	 p
500 	 0.07987869 
1000 	 0.05405394 
1500 	 0.09005413 
2000 	 0.05447109 
2500 	 0.142988 
3000 	 0.2720898 
3500 	 0.06979486 
4000 	 0.1165179 
4500 	 0.09289301 
5000 	 0.05775933 
5500 	 0.1083417 
6000 	 0.3155216 
6500 	 0.1087704 
7000 	 0.0942271 
7500 	 0.1173345 
8000 	 0.1821548 
8500 	 0.2179572 
9000 	 0.2237771 
9500 	 0.02249071 
10000 	 0.115728 
10500 	 0.05507933 
11000 	 0.1004432 
11500 	 0.06326986 
12000 	 0.09778114 
12500 	 0.1522753 
13000 	 0.08223044 
13500 	 0.1947663 
14000 	 0.06975441 
14500 	 0.08935461 
15000 	 0.1975472 
15500 	 0.1428247 
16000 	 0.08308044 
16500 	 0.152097 
17000 	 0.03449205 
17500 	 0.1022198 
18000 	 0.1922985 
18500 	 0.2017353 
19000 	 0.1889945 
19500 	 0.1352434 
20000 	 0.1481148 
20500 	 0.09487964 
21000 	 0.02232262 
21500 	 0.1030379 
22000 	 0.02190171 
22500 	 0.09406947 
23000 	 0.199003 
23500 	 0.1187113 
24000 	 0.04314069 
24500 	 0.102217 
25000 	 0.09653702 
25500 	 0.07462681 
26000 	 0.1211662 
26500 	 0.1520632 
27000 	 0.1472632 
27500 	 0.1367448 
28000 	 0.1778339 
28500 	 0.0846154 
29000 	 0.1282341 
29500 	 0.1035254 
30000 	 0.4726379 
30500 	 0.05209453 
31000 	 0.08113485 
31500 	 0.2036924 
32000 	 0.09267671 
32500 	 0.1619673 
33000 	 0.08618582 
33500 	 0.1029529 
34000 	 0.1348996 
34500 	 0.1592473 
35000 	 0.1246145 
35500 	 0.02371821 
36000 	 0.1388796 
36500 	 0.1794123 
37000 	 0.07497522 
37500 	 0.08319511 
38000 	 0.07168834 
38500 	 0.01639972 
39000 	 0.1633659 
39500 	 0.06778919 
40000 	 0.1436113 
40500 	 0.04145347 
41000 	 0.103583 
41500 	 0.1000646 
42000 	 0.0903277 
42500 	 0.1848646 
43000 	 0.05539451 
43500 	 0.1442276 
44000 	 0.06467963 
44500 	 0.1304526 
45000 	 0.1229254 
45500 	 0.07052663 
46000 	 0.1082221 
46500 	 0.1594848 
47000 	 0.04819896 
47500 	 0.09038761 
48000 	 0.1115802 
48500 	 0.1265493 
49000 	 0.07843176 
49500 	 0.104424 
50000 	 0.08212846 
50500 	 0.09325867 
51000 	 0.08805082 
51500 	 0.06204348 
52000 	 0.177974 
52500 	 0.1361047 
53000 	 0.2818749 
53500 	 0.1381085 
54000 	 0.07782799 
54500 	 0.1240857 
55000 	 0.169211 
55500 	 0.1506809 
56000 	 0.1855917 
56500 	 0.0711822 
57000 	 0.06708909 
57500 	 0.06666042 
58000 	 0.0480652 
58500 	 0.06222327 
59000 	 0.06821901 
59500 	 0.1105648 
60000 	 0.05725111 
60500 	 0.1179639 
61000 	 0.1514537 
61500 	 0.04746116 
62000 	 0.1058004 
62500 	 0.1598617 
63000 	 0.1496916 
63500 	 0.1398607 
64000 	 0.3310191 
64500 	 0.1432386 
65000 	 0.1435169 
65500 	 0.1494578 
66000 	 0.2517509 
66500 	 0.188724 
67000 	 0.09297658 
67500 	 0.3810293 
68000 	 0.2174025 
68500 	 0.1592406 
69000 	 0.02894098 
69500 	 0.1568769 
70000 	 0.1679296 
70500 	 0.1119282 
71000 	 0.03218503 
71500 	 0.1952601 
72000 	 0.071653 
72500 	 0.1586971 
73000 	 0.250219 
73500 	 0.08856975 
74000 	 0.1602325 
74500 	 0.1852622 
75000 	 0.06372504 
75500 	 0.1759882 
76000 	 0.1744736 
76500 	 0.2287999 
77000 	 0.117547 
77500 	 0.2390747 
78000 	 0.1587026 
78500 	 0.1031954 
79000 	 0.1375613 
79500 	 0.2042536 
80000 	 0.08973539 
80500 	 0.1086057 
81000 	 0.1685523 
81500 	 0.118898 
82000 	 0.1128713 
82500 	 0.1834019 
83000 	 0.253962 
83500 	 0.1299154 
84000 	 0.03976197 
84500 	 0.1890307 
85000 	 0.1606165 
85500 	 0.05337222 
86000 	 0.1206061 
86500 	 0.03718236 
87000 	 0.1176647 
87500 	 0.1661301 
88000 	 0.1213855 
88500 	 0.1392938 
89000 	 0.1085937 
89500 	 0.262886 
90000 	 0.07477737 
90500 	 0.219677 
91000 	 0.07452413 
91500 	 0.1734813 
92000 	 0.08163574 
92500 	 0.06943019 
93000 	 0.05603479 
93500 	 0.05996624 
94000 	 0.1955318 
94500 	 0.1612741 
95000 	 0.06464472 
95500 	 0.0598158 
96000 	 0.2809889 
96500 	 0.08467351 
97000 	 0.140953 
97500 	 0.2261667 
98000 	 0.346712 
98500 	 0.1732196 
99000 	 0.1748598 
99500 	 0.1201289 
100000 	 0.1025512 
100500 	 0.1792573 
101000 	 0.06595271 
101500 	 0.01954236 
102000 	 0.1087629 
102500 	 0.1758569 
103000 	 0.08543559 
103500 	 0.1883724 
104000 	 0.07388523 
104500 	 0.05204641 
105000 	 0.1477077 
105500 	 0.05274777 
106000 	 0.0364615 
106500 	 0.1596532 
107000 	 0.1291262 
107500 	 0.1284085 
108000 	 0.08001761 
108500 	 0.07159502 
109000 	 0.211602 
109500 	 0.174115 
110000 	 0.1044117 
110500 	 0.1375044 
111000 	 0.1647639 
111500 	 0.2513132 
112000 	 0.1817191 
112500 	 0.1909751 
113000 	 0.1933599 
113500 	 0.1433129 
114000 	 0.16455 
114500 	 0.1206077 
115000 	 0.1221612 
115500 	 0.07327673 
116000 	 0.06626727 
116500 	 0.06023235 
117000 	 0.02692636 
117500 	 0.1341022 
118000 	 0.147737 
118500 	 0.06638316 
119000 	 0.0620076 
119500 	 0.06724886 
120000 	 0.1586638 
120500 	 0.3134287 
121000 	 0.1260266 
121500 	 0.2847669 
122000 	 0.1285024 
122500 	 0.1179102 
123000 	 0.1454242 
123500 	 0.04341956 
124000 	 0.1939565 
124500 	 0.1033198 
125000 	 0.09038961 
125500 	 0.09901333 
126000 	 0.09550969 
126500 	 0.1342202 
127000 	 0.1327613 
127500 	 0.135548 
128000 	 0.2146565 
128500 	 0.1953243 
129000 	 0.09942351 
129500 	 0.1355485 
130000 	 0.1218586 
130500 	 0.1625544 
131000 	 0.2442969 
131500 	 0.05806286 
132000 	 0.145712 
132500 	 0.05781425 
133000 	 0.1167616 
133500 	 0.1679628 
134000 	 0.2143249 
134500 	 0.1969926 
135000 	 0.09317026 
135500 	 0.07894926 
136000 	 0.2523306 
136500 	 0.1091606 
137000 	 0.1660402 
137500 	 0.04934565 
138000 	 0.1178191 
138500 	 0.02441747 
139000 	 0.1661819 
139500 	 0.1767454 
140000 	 0.116643 
140500 	 0.1709044 
141000 	 0.2520488 
141500 	 0.1297753 
142000 	 0.1396279 
142500 	 0.1044418 
143000 	 0.1554466 
143500 	 0.01229721 
144000 	 0.0425304 
144500 	 0.1072192 
145000 	 0.1590239 
145500 	 0.06325746 
146000 	 0.1099611 
146500 	 0.2456871 
147000 	 0.1573876 
147500 	 0.1365135 
148000 	 0.1353854 
148500 	 0.0245822 
149000 	 0.07690523 
149500 	 0.06455562 
150000 	 0.03698124 
150500 	 0.08823608 
151000 	 0.1940769 
151500 	 0.1038844 
152000 	 0.2015602 
152500 	 0.01940871 
153000 	 0.06951774 
153500 	 0.1300306 
154000 	 0.07889053 
154500 	 0.1981494 
155000 	 0.07323559 
155500 	 0.0561377 
156000 	 0.0537857 
156500 	 0.1901446 
157000 	 0.1419142 
157500 	 0.1763497 
158000 	 0.1391284 
158500 	 0.2007014 
159000 	 0.1292946 
159500 	 0.2577634 
160000 	 0.1265168 
160500 	 0.05811807 
161000 	 0.1455296 
161500 	 0.1685426 
162000 	 0.1532342 
162500 	 0.1436033 
163000 	 0.2410217 
163500 	 0.1884539 
164000 	 0.1352671 
164500 	 0.08808375 
165000 	 0.2179651 
165500 	 0.1812481 
166000 	 0.1398729 
166500 	 0.1131232 
167000 	 0.08640332 
167500 	 0.056288 
168000 	 0.04854404 
168500 	 0.2061316 
169000 	 0.2006702 
169500 	 0.2865851 
170000 	 0.06997174 
170500 	 0.09960673 
171000 	 0.2372706 
171500 	 0.2170949 
172000 	 0.3289929 
172500 	 0.1401056 
173000 	 0.05090319 
173500 	 0.1248753 
174000 	 0.1746158 
174500 	 0.07496997 
175000 	 0.1263525 
175500 	 0.1651763 
176000 	 0.1137527 
176500 	 0.1679223 
177000 	 0.09678473 
177500 	 0.1448367 
178000 	 0.07652387 
178500 	 0.08633865 
179000 	 0.2677614 
179500 	 0.2027734 
180000 	 0.07272153 
180500 	 0.1329054 
181000 	 0.1286703 
181500 	 0.1762118 
182000 	 0.1915181 
182500 	 0.0700136 
183000 	 0.02633711 
183500 	 0.03197423 
184000 	 0.1176089 
184500 	 0.07904131 
185000 	 0.2666385 
185500 	 0.1238594 
186000 	 0.2016859 
186500 	 0.2036952 
187000 	 0.02229427 
187500 	 0.1209371 
188000 	 0.05415826 
188500 	 0.04444986 
189000 	 0.1710911 
189500 	 0.05798505 
190000 	 0.09980845 
190500 	 0.03953129 
191000 	 0.2256801 
191500 	 0.1927122 
192000 	 0.07592964 
192500 	 0.1060308 
193000 	 0.07108777 
193500 	 0.05152497 
194000 	 0.317763 
194500 	 0.205708 
195000 	 0.1400746 
195500 	 0.07384122 
196000 	 0.1237561 
196500 	 0.1539317 
197000 	 0.07277194 
197500 	 0.05792741 
198000 	 0.1930562 
198500 	 0.08318724 
199000 	 0.1411428 
199500 	 0.1068343 
200000 	 0.09753136 
200500 	 0.07842565 
201000 	 0.1894513 
201500 	 0.04615487 
202000 	 0.06029182 
202500 	 0.09025688 
203000 	 0.06556815 
203500 	 0.2051299 
204000 	 0.1116353 
204500 	 0.1843302 
205000 	 0.2009371 
205500 	 0.2247881 
206000 	 0.2497564 
206500 	 0.04171092 
207000 	 0.2783223 
207500 	 0.07770643 
208000 	 0.1549758 
208500 	 0.1330629 
209000 	 0.1529182 
209500 	 0.1675058 
210000 	 0.07865299 
210500 	 0.1378732 
211000 	 0.07183989 
211500 	 0.04181115 
212000 	 0.07589438 
212500 	 0.07294618 
213000 	 0.2158457 
213500 	 0.1401436 
214000 	 0.06784855 
214500 	 0.1698074 
215000 	 0.1712245 
215500 	 0.07196102 
216000 	 0.1731365 
216500 	 0.1463584 
217000 	 0.1461511 
217500 	 0.1190512 
218000 	 0.07011068 
218500 	 0.1110043 
219000 	 0.09178732 
219500 	 0.1035558 
220000 	 0.1068406 
220500 	 0.1480147 
221000 	 0.02695708 
221500 	 0.09747578 
222000 	 0.06093045 
222500 	 0.2590588 
223000 	 0.03975078 
223500 	 0.04601633 
224000 	 0.09876239 
224500 	 0.2080292 
225000 	 0.1844561 
225500 	 0.01831295 
226000 	 0.08876467 
226500 	 0.08651851 
227000 	 0.126939 
227500 	 0.2852119 
228000 	 0.1052627 
228500 	 0.2331308 
229000 	 0.124682 
229500 	 0.09415232 
230000 	 0.2001788 
230500 	 0.2838646 
231000 	 0.1350194 
231500 	 0.1721378 
232000 	 0.2073943 
232500 	 0.09349923 
233000 	 0.1072182 
233500 	 0.1283677 
234000 	 0.1746108 
234500 	 0.2249662 
235000 	 0.1319892 
235500 	 0.1010764 
236000 	 0.1382273 
236500 	 0.08308131 
237000 	 0.07236237 
237500 	 0.2013495 
238000 	 0.1516201 
238500 	 0.08515055 
239000 	 0.08324183 
239500 	 0.07752611 
240000 	 0.1212316 
240500 	 0.1447763 
241000 	 0.0231821 
241500 	 0.1110992 
242000 	 0.09763504 
242500 	 0.1341118 
243000 	 0.06835167 
243500 	 0.08865356 
244000 	 0.1237155 
244500 	 0.0949995 
245000 	 0.1453019 
245500 	 0.1300234 
246000 	 0.1684602 
246500 	 0.1272203 
247000 	 0.06544452 
247500 	 0.003339961 
248000 	 0.2265884 
248500 	 0.1213191 
249000 	 0.1498793 
249500 	 0.1122111 
250000 	 0.2301548 
250500 	 0.1739888 
251000 	 0.2361909 
251500 	 0.1005542 
252000 	 0.09588969 
252500 	 0.1343723 
253000 	 0.02786082 
253500 	 0.07528861 
254000 	 0.02866464 
254500 	 0.04732845 
255000 	 0.1419298 
255500 	 0.03964449 
256000 	 0.1906933 
256500 	 0.04668008 
257000 	 0.1066727 
257500 	 0.1488548 
258000 	 0.2336336 
258500 	 0.1248882 
259000 	 0.122699 
259500 	 0.2156441 
260000 	 0.1890467 
260500 	 0.1907322 
261000 	 0.2962235 
261500 	 0.1867035 
262000 	 0.07303963 
262500 	 0.04137701 
263000 	 0.2199797 
263500 	 0.1105262 
264000 	 0.107805 
264500 	 0.08875156 
265000 	 0.144563 
265500 	 0.1391618 
266000 	 0.1629448 
266500 	 0.04454523 
267000 	 0.1194142 
267500 	 0.1803538 
268000 	 0.1267438 
268500 	 0.2387824 
269000 	 0.1305684 
269500 	 0.1824292 
270000 	 0.06240235 
270500 	 0.08088866 
271000 	 0.2181222 
271500 	 0.2243337 
272000 	 0.2570453 
272500 	 0.1002397 
273000 	 0.2264085 
273500 	 0.1577782 
274000 	 0.01595833 
274500 	 0.1647889 
275000 	 0.127539 
275500 	 0.06451519 
276000 	 0.1287369 
276500 	 0.1907609 
277000 	 0.1427781 
277500 	 0.2117478 
278000 	 0.07098082 
278500 	 0.2036788 
279000 	 0.0843575 
279500 	 0.1178731 
280000 	 0.07097495 
280500 	 0.1384232 
281000 	 0.1563702 
281500 	 0.2079452 
282000 	 0.09318282 
282500 	 0.06704491 
283000 	 0.132677 
283500 	 0.2105775 
284000 	 0.08170747 
284500 	 0.2594947 
285000 	 0.1614176 
285500 	 0.0715609 
286000 	 0.07841949 
286500 	 0.07263374 
287000 	 0.1383624 
287500 	 0.07533039 
288000 	 0.100365 
288500 	 0.09100767 
289000 	 0.1549272 
289500 	 0.03268073 
290000 	 0.1112072 
290500 	 0.05453394 
291000 	 0.244606 
291500 	 0.207825 
292000 	 0.1583736 
292500 	 0.07416797 
293000 	 0.07858626 
293500 	 0.05818085 
294000 	 0.1212041 
294500 	 0.03455325 
295000 	 0.189089 
295500 	 0.173785 
296000 	 0.1478776 
296500 	 0.1612528 
297000 	 0.2826058 
297500 	 0.2035563 
298000 	 0.1203233 
298500 	 0.1616809 
299000 	 0.1535063 
299500 	 0.1165277 
300000 	 0.1455015 
300500 	 0.08932851 
301000 	 0.205879 
301500 	 0.08506101 
302000 	 0.203221 
302500 	 0.1334563 
303000 	 0.2076526 
303500 	 0.1792727 
304000 	 0.1156479 
304500 	 0.2203893 
305000 	 0.1017726 
305500 	 0.0625015 
306000 	 0.09083576 
306500 	 0.1590589 
307000 	 0.1642337 
307500 	 0.1024065 
308000 	 0.06628965 
308500 	 0.2631404 
309000 	 0.134383 
309500 	 0.1328659 
310000 	 0.08319125 
310500 	 0.07478358 
311000 	 0.2394149 
311500 	 0.1352435 
312000 	 0.1442046 
312500 	 0.1298896 
313000 	 0.156111 
313500 	 0.07575945 
314000 	 0.1254795 
314500 	 0.1444323 
315000 	 0.1905292 
315500 	 0.1303041 
316000 	 0.1324095 
316500 	 0.1205969 
317000 	 0.159546 
317500 	 0.1137645 
318000 	 0.1766452 
318500 	 0.1218659 
319000 	 0.1352802 
319500 	 0.1374234 
320000 	 0.1135533 
320500 	 0.2450013 
321000 	 0.1023921 
321500 	 0.03236337 
322000 	 0.08297033 
322500 	 0.10351 
323000 	 0.09872008 
323500 	 0.0664414 
324000 	 0.05286518 
324500 	 0.1431871 
325000 	 0.1523382 
325500 	 0.3377513 
326000 	 0.2810808 
326500 	 0.2237713 
327000 	 0.08125526 
327500 	 0.2126087 
328000 	 0.1661862 
328500 	 0.139555 
329000 	 0.06124463 
329500 	 0.07486403 
330000 	 0.07513533 
330500 	 0.140087 
331000 	 0.197555 
331500 	 0.1553192 
332000 	 0.2296768 
332500 	 0.0525284 
333000 	 0.2477915 
333500 	 0.1282874 
334000 	 0.05369554 
334500 	 0.1092144 
335000 	 0.09215231 
335500 	 0.1132118 
336000 	 0.1790097 
336500 	 0.07918319 
337000 	 0.1081171 
337500 	 0.0611045 
338000 	 0.1989552 
338500 	 0.1598787 
339000 	 0.152004 
339500 	 0.1188611 
340000 	 0.06417036 
340500 	 0.04585344 
341000 	 0.1830018 
341500 	 0.1402003 
342000 	 0.1025347 
342500 	 0.1547015 
343000 	 0.112697 
343500 	 0.1918824 
344000 	 0.1236615 
344500 	 0.2750194 
345000 	 0.1917675 
345500 	 0.1274488 
346000 	 0.0267176 
346500 	 0.1571969 
347000 	 0.1518766 
347500 	 0.1492488 
348000 	 0.222327 
348500 	 0.1012676 
349000 	 0.1905115 
349500 	 0.1504275 
350000 	 0.266196 
350500 	 0.1159782 
351000 	 0.1801288 
351500 	 0.1434502 
352000 	 0.08440954 
352500 	 0.1015192 
353000 	 0.1576234 
353500 	 0.1813445 
354000 	 0.1486189 
354500 	 0.1116986 
355000 	 0.1036391 
355500 	 0.05038673 
356000 	 0.1133842 
356500 	 0.083175 
357000 	 0.1230264 
357500 	 0.08360872 
358000 	 0.151304 
358500 	 0.138357 
359000 	 0.1796682 
359500 	 0.1843593 
360000 	 0.2112064 
360500 	 0.05798959 
361000 	 0.09116952 
361500 	 0.1423703 
362000 	 0.01737565 
362500 	 0.3116272 
363000 	 0.148714 
363500 	 0.04977287 
364000 	 0.0164045 
364500 	 0.06751159 
365000 	 0.1320454 
365500 	 0.08765008 
366000 	 0.1740126 
366500 	 0.1676397 
367000 	 0.273846 
367500 	 0.1353155 
368000 	 0.1779366 
368500 	 0.2218352 
369000 	 0.07168792 
369500 	 0.1099587 
370000 	 0.2353758 
370500 	 0.252245 
371000 	 0.230252 
371500 	 0.265161 
372000 	 0.1074187 
372500 	 0.1338156 
373000 	 0.02688372 
373500 	 0.3286219 
374000 	 0.1160441 
374500 	 0.1125354 
375000 	 0.125104 
375500 	 0.09113867 
376000 	 0.2529231 
376500 	 0.2128203 
377000 	 0.09247307 
377500 	 0.06130964 
378000 	 0.1893792 
378500 	 0.1294912 
379000 	 0.1379463 
379500 	 0.1245133 
380000 	 0.1335166 
380500 	 0.1548252 
381000 	 0.2505147 
381500 	 0.1117731 
382000 	 0.03760572 
382500 	 0.1072885 
383000 	 0.1379076 
383500 	 0.1059149 
384000 	 0.07322917 
384500 	 0.08759489 
385000 	 0.2183869 
385500 	 0.06398497 
386000 	 0.02920721 
386500 	 0.08658226 
387000 	 0.3003455 
387500 	 0.09393604 
388000 	 0.1120714 
388500 	 0.08051087 
389000 	 0.1069841 
389500 	 0.09122793 
390000 	 0.05850939 
390500 	 0.1892651 
391000 	 0.09550495 
391500 	 0.1847456 
392000 	 0.09196722 
392500 	 0.1609644 
393000 	 0.09976524 
393500 	 0.09332697 
394000 	 0.1461947 
394500 	 0.1088366 
395000 	 0.08710585 
395500 	 0.2907151 
396000 	 0.1027753 
396500 	 0.120068 
397000 	 0.1184317 
397500 	 0.1134843 
398000 	 0.03443778 
398500 	 0.1514604 
399000 	 0.2843834 
399500 	 0.1214474 
400000 	 0.1932227 
400500 	 0.3449143 
401000 	 0.06963325 
401500 	 0.1164584 
402000 	 0.2771256 
402500 	 0.1000655 
403000 	 0.03234754 
403500 	 0.09422931 
404000 	 0.1022329 
404500 	 0.1685457 
405000 	 0.1426772 
405500 	 0.2266958 
406000 	 0.1487924 
406500 	 0.2503351 
407000 	 0.1119805 
407500 	 0.1857575 
408000 	 0.1371045 
408500 	 0.08517128 
409000 	 0.1192085 
409500 	 0.05669049 
410000 	 0.1431799 
410500 	 0.1138761 
411000 	 0.08016196 
411500 	 0.05412505 
412000 	 0.05948202 
412500 	 0.1797396 
413000 	 0.2054612 
413500 	 0.09770585 
414000 	 0.2506641 
414500 	 0.07751376 
415000 	 0.07075627 
415500 	 0.1462217 
416000 	 0.1491131 
416500 	 0.1456796 
417000 	 0.05093088 
417500 	 0.2419176 
418000 	 0.09870888 
418500 	 0.09497816 
419000 	 0.07454931 
419500 	 0.2007776 
420000 	 0.170035 
420500 	 0.270632 
421000 	 0.1592411 
421500 	 0.249436 
422000 	 0.07736652 
422500 	 0.192173 
423000 	 0.07989127 
423500 	 0.09040158 
424000 	 0.1942827 
424500 	 0.1053897 
425000 	 0.112014 
425500 	 0.07888857 
426000 	 0.2072258 
426500 	 0.2793921 
427000 	 0.228517 
427500 	 0.08671221 
428000 	 0.08338976 
428500 	 0.06391694 
429000 	 0.1364052 
429500 	 0.07954447 
430000 	 0.1467425 
430500 	 0.1207362 
431000 	 0.1391158 
431500 	 0.1220338 
432000 	 0.04758731 
432500 	 0.1625261 
433000 	 0.04805039 
433500 	 0.1638962 
434000 	 0.1303903 
434500 	 0.1623607 
435000 	 0.0716876 
435500 	 0.2829005 
436000 	 0.1413787 
436500 	 0.1699175 
437000 	 0.2013473 
437500 	 0.1463098 
438000 	 0.06009031 
438500 	 0.05814106 
439000 	 0.1592308 
439500 	 0.156375 
440000 	 0.09136154 
440500 	 0.0724918 
441000 	 0.1167919 
441500 	 0.1699049 
442000 	 0.1173382 
442500 	 0.09955031 
443000 	 0.128516 
443500 	 0.1204552 
444000 	 0.1734707 
444500 	 0.134447 
445000 	 0.05485841 
445500 	 0.2775267 
446000 	 0.03982419 
446500 	 0.1559515 
447000 	 0.1350303 
447500 	 0.02802176 
448000 	 0.1250335 
448500 	 0.2142579 
449000 	 0.05245937 
449500 	 0.1302863 
450000 	 0.1808978 
450500 	 0.1520567 
451000 	 0.05196016 
451500 	 0.09447012 
452000 	 0.04826097 
452500 	 0.1481886 
453000 	 0.1223758 
453500 	 0.0892889 
454000 	 0.08915171 
454500 	 0.1877211 
455000 	 0.07154619 
455500 	 0.1688071 
456000 	 0.1487483 
456500 	 0.03213258 
457000 	 0.06156924 
457500 	 0.3050862 
458000 	 0.2554623 
458500 	 0.1708862 
459000 	 0.1106484 
459500 	 0.05844077 
460000 	 0.1120783 
460500 	 0.2362257 
461000 	 0.227856 
461500 	 0.04797001 
462000 	 0.1299718 
462500 	 0.1002766 
463000 	 0.1442239 
463500 	 0.1754689 
464000 	 0.1351883 
464500 	 0.09634659 
465000 	 0.190778 
465500 	 0.08107113 
466000 	 0.1378591 
466500 	 0.2056441 
467000 	 0.05146966 
467500 	 0.09852447 
468000 	 0.1459947 
468500 	 0.1028267 
469000 	 0.1688579 
469500 	 0.1381152 
470000 	 0.07372084 
470500 	 0.1194319 
471000 	 0.1459964 
471500 	 0.1546923 
472000 	 0.08618097 
472500 	 0.04508034 
473000 	 0.1658635 
473500 	 0.06259585 
474000 	 0.1798347 
474500 	 0.2006641 
475000 	 0.1302114 
475500 	 0.09602169 
476000 	 0.05533741 
476500 	 0.1931697 
477000 	 0.1921814 
477500 	 0.03824816 
478000 	 0.1173712 
478500 	 0.07897258 
479000 	 0.1500093 
479500 	 0.02818543 
480000 	 0.09117693 
480500 	 0.1012575 
481000 	 0.2181523 
481500 	 0.09726897 
482000 	 0.1890046 
482500 	 0.1259194 
483000 	 0.1846564 
483500 	 0.07098927 
484000 	 0.1812593 
484500 	 0.2501128 
485000 	 0.07053164 
485500 	 0.1855639 
486000 	 0.2079364 
486500 	 0.2239987 
487000 	 0.1435038 
487500 	 0.1666843 
488000 	 0.1543933 
488500 	 0.1834623 
489000 	 0.08498479 
489500 	 0.2345704 
490000 	 0.2173154 
490500 	 0.1009323 
491000 	 0.1325578 
491500 	 0.08789035 
492000 	 0.06106094 
492500 	 0.04749914 
493000 	 0.2015135 
493500 	 0.08328469 
494000 	 0.0451412 
494500 	 0.0717714 
495000 	 0.07602931 
495500 	 0.1359204 
496000 	 0.1179439 
496500 	 0.121776 
497000 	 0.07404769 
497500 	 0.07134277 
498000 	 0.1963924 
498500 	 0.1426143 
499000 	 0.1279241 
499500 	 0.04918357 
500000 	 0.1118938 
