iter 	 p
500 	 0.1976076 
1000 	 0.2148603 
1500 	 0.2684714 
2000 	 0.2045776 
2500 	 0.2355111 
3000 	 0.1801104 
3500 	 0.1778663 
4000 	 0.1965381 
4500 	 0.1693875 
5000 	 0.2442213 
5500 	 0.1360526 
6000 	 0.2398217 
6500 	 0.17215 
7000 	 0.2259597 
7500 	 0.2297586 
8000 	 0.1874483 
8500 	 0.160599 
9000 	 0.2395897 
9500 	 0.1647483 
10000 	 0.2081357 
10500 	 0.2663119 
11000 	 0.199231 
11500 	 0.2586026 
12000 	 0.2022522 
12500 	 0.1909773 
13000 	 0.1508217 
13500 	 0.2073019 
14000 	 0.1448566 
14500 	 0.2465268 
15000 	 0.1747791 
15500 	 0.2128702 
16000 	 0.1761557 
16500 	 0.2226346 
17000 	 0.2038422 
17500 	 0.2430156 
18000 	 0.1947988 
18500 	 0.2193031 
19000 	 0.2958776 
19500 	 0.2104844 
20000 	 0.2239159 
20500 	 0.2294757 
21000 	 0.2100888 
21500 	 0.1742318 
22000 	 0.2244427 
22500 	 0.1661272 
23000 	 0.1127758 
23500 	 0.192627 
24000 	 0.1507742 
24500 	 0.2324809 
25000 	 0.2221792 
25500 	 0.1883376 
26000 	 0.2523989 
26500 	 0.1479415 
27000 	 0.2461879 
27500 	 0.2097009 
28000 	 0.1835101 
28500 	 0.2295004 
29000 	 0.2131429 
29500 	 0.2155265 
30000 	 0.1847754 
30500 	 0.2253175 
31000 	 0.1568797 
31500 	 0.2149292 
32000 	 0.1864096 
32500 	 0.2275362 
33000 	 0.2594788 
33500 	 0.2751119 
34000 	 0.1540134 
34500 	 0.1856955 
35000 	 0.1920012 
35500 	 0.1740011 
36000 	 0.1863271 
36500 	 0.1608159 
37000 	 0.2143074 
37500 	 0.3424561 
38000 	 0.235267 
38500 	 0.2382967 
39000 	 0.1587609 
39500 	 0.1948122 
40000 	 0.2296908 
40500 	 0.1874937 
41000 	 0.2473813 
41500 	 0.1625249 
42000 	 0.2383071 
42500 	 0.178602 
43000 	 0.2526744 
43500 	 0.191534 
44000 	 0.2317801 
44500 	 0.2261001 
45000 	 0.2011276 
45500 	 0.1927964 
46000 	 0.2508426 
46500 	 0.1589613 
47000 	 0.1794886 
47500 	 0.1832972 
48000 	 0.1254194 
48500 	 0.2000584 
49000 	 0.1778563 
49500 	 0.2100162 
50000 	 0.1861672 
50500 	 0.1941341 
51000 	 0.1791012 
51500 	 0.1767579 
52000 	 0.2385978 
52500 	 0.1516685 
53000 	 0.1906798 
53500 	 0.1272663 
54000 	 0.2030299 
54500 	 0.1905669 
55000 	 0.2129153 
55500 	 0.1507205 
56000 	 0.2530391 
56500 	 0.1953001 
57000 	 0.1919471 
57500 	 0.2601331 
58000 	 0.2170856 
58500 	 0.1864179 
59000 	 0.2467964 
59500 	 0.2029994 
60000 	 0.2251091 
60500 	 0.3278279 
61000 	 0.2079624 
61500 	 0.2042113 
62000 	 0.1996511 
62500 	 0.299024 
63000 	 0.2343595 
63500 	 0.1941552 
64000 	 0.2688382 
64500 	 0.1761405 
65000 	 0.245357 
65500 	 0.1624832 
66000 	 0.2620536 
66500 	 0.208565 
67000 	 0.1638706 
67500 	 0.1862547 
68000 	 0.1609615 
68500 	 0.209262 
69000 	 0.2395021 
69500 	 0.2185857 
70000 	 0.2341739 
70500 	 0.1648329 
71000 	 0.1505275 
71500 	 0.2010714 
72000 	 0.1491234 
72500 	 0.2330555 
73000 	 0.2244747 
73500 	 0.1775952 
74000 	 0.2124308 
74500 	 0.2465483 
75000 	 0.174669 
75500 	 0.2620611 
76000 	 0.1628711 
76500 	 0.2112056 
77000 	 0.2072727 
77500 	 0.2249634 
78000 	 0.222905 
78500 	 0.2161803 
79000 	 0.2210418 
79500 	 0.2116295 
80000 	 0.227042 
80500 	 0.2041856 
81000 	 0.2792416 
81500 	 0.2053571 
82000 	 0.2061605 
82500 	 0.1949705 
83000 	 0.1730453 
83500 	 0.1515742 
84000 	 0.2543451 
84500 	 0.1900479 
85000 	 0.1492517 
85500 	 0.2036963 
86000 	 0.2081279 
86500 	 0.184729 
87000 	 0.2345649 
87500 	 0.1875338 
88000 	 0.2191674 
88500 	 0.1559519 
89000 	 0.2376066 
89500 	 0.2087984 
90000 	 0.1919773 
90500 	 0.193116 
91000 	 0.2237717 
91500 	 0.1854618 
92000 	 0.2363541 
92500 	 0.2138286 
93000 	 0.2401276 
93500 	 0.1977731 
94000 	 0.2117788 
94500 	 0.203098 
95000 	 0.2342284 
95500 	 0.2589549 
96000 	 0.2094106 
96500 	 0.2623229 
97000 	 0.2225121 
97500 	 0.240262 
98000 	 0.2949015 
98500 	 0.2349387 
99000 	 0.2187381 
99500 	 0.2745756 
100000 	 0.1851092 
100500 	 0.2459219 
101000 	 0.183689 
101500 	 0.2067327 
102000 	 0.2650536 
102500 	 0.2492253 
103000 	 0.1693779 
103500 	 0.2075711 
104000 	 0.1731732 
104500 	 0.2199642 
105000 	 0.1335692 
105500 	 0.1936758 
106000 	 0.2264317 
106500 	 0.2231418 
107000 	 0.2058468 
107500 	 0.1467391 
108000 	 0.1421414 
108500 	 0.175045 
109000 	 0.2148023 
109500 	 0.1950231 
110000 	 0.2169292 
110500 	 0.2049496 
111000 	 0.1650664 
111500 	 0.1690476 
112000 	 0.1886202 
112500 	 0.2950005 
113000 	 0.1807499 
113500 	 0.2430797 
114000 	 0.2443148 
114500 	 0.1850597 
115000 	 0.1538638 
115500 	 0.1526767 
116000 	 0.1369797 
116500 	 0.2295239 
117000 	 0.1777383 
117500 	 0.1980394 
118000 	 0.2086219 
118500 	 0.2084366 
119000 	 0.1491792 
119500 	 0.2472275 
120000 	 0.2194396 
120500 	 0.2142276 
121000 	 0.2121515 
121500 	 0.3098271 
122000 	 0.1994144 
122500 	 0.2471087 
123000 	 0.3012384 
123500 	 0.2103174 
124000 	 0.1990657 
124500 	 0.223713 
125000 	 0.2023175 
125500 	 0.2113604 
126000 	 0.2563429 
126500 	 0.1812492 
127000 	 0.2196463 
127500 	 0.1620234 
128000 	 0.2926088 
128500 	 0.1703598 
129000 	 0.129231 
129500 	 0.2320043 
130000 	 0.2345208 
130500 	 0.1948534 
131000 	 0.1531263 
131500 	 0.1814391 
132000 	 0.2095459 
132500 	 0.2414722 
133000 	 0.1802984 
133500 	 0.2825476 
134000 	 0.1636273 
134500 	 0.2416767 
135000 	 0.2201432 
135500 	 0.192885 
136000 	 0.1766691 
136500 	 0.17323 
137000 	 0.2126244 
137500 	 0.1934421 
138000 	 0.1649276 
138500 	 0.3198713 
139000 	 0.1921171 
139500 	 0.2147218 
140000 	 0.1852763 
140500 	 0.2090902 
141000 	 0.1944119 
141500 	 0.2013789 
142000 	 0.1489634 
142500 	 0.234204 
143000 	 0.2133693 
143500 	 0.1883924 
144000 	 0.2162625 
144500 	 0.2584216 
145000 	 0.2095524 
145500 	 0.1830486 
146000 	 0.1748591 
146500 	 0.2054009 
147000 	 0.1944968 
147500 	 0.2122375 
148000 	 0.1532269 
148500 	 0.1839419 
149000 	 0.2133705 
149500 	 0.1993966 
150000 	 0.1724209 
150500 	 0.2488398 
151000 	 0.1323442 
151500 	 0.1991215 
152000 	 0.1827177 
152500 	 0.2290796 
153000 	 0.213186 
153500 	 0.2377322 
154000 	 0.2371625 
154500 	 0.1873031 
155000 	 0.2205461 
155500 	 0.1498162 
156000 	 0.2411456 
156500 	 0.2569598 
157000 	 0.2259915 
157500 	 0.1938993 
158000 	 0.2932924 
158500 	 0.1944858 
159000 	 0.2185155 
159500 	 0.2498959 
160000 	 0.1664221 
160500 	 0.2218595 
161000 	 0.3055283 
161500 	 0.1885609 
162000 	 0.2010621 
162500 	 0.1242624 
163000 	 0.2518853 
163500 	 0.2351144 
164000 	 0.1918149 
164500 	 0.1381115 
165000 	 0.2045734 
165500 	 0.1020915 
166000 	 0.229311 
166500 	 0.2324197 
167000 	 0.1762801 
167500 	 0.2432466 
168000 	 0.2408425 
168500 	 0.2340585 
169000 	 0.2107849 
169500 	 0.2856609 
170000 	 0.2021368 
170500 	 0.1820969 
171000 	 0.1871288 
171500 	 0.2549627 
172000 	 0.2535349 
172500 	 0.2228849 
173000 	 0.1876139 
173500 	 0.1470502 
174000 	 0.2066506 
174500 	 0.1825525 
175000 	 0.2235896 
175500 	 0.1950298 
176000 	 0.2161957 
176500 	 0.19401 
177000 	 0.3005798 
177500 	 0.1730405 
178000 	 0.1605362 
178500 	 0.1996819 
179000 	 0.1966185 
179500 	 0.255294 
180000 	 0.1520962 
180500 	 0.1670721 
181000 	 0.222941 
181500 	 0.2051556 
182000 	 0.128226 
182500 	 0.2111831 
183000 	 0.1536546 
183500 	 0.2028554 
184000 	 0.2636672 
184500 	 0.150593 
185000 	 0.1892379 
185500 	 0.2346837 
186000 	 0.190733 
186500 	 0.1570044 
187000 	 0.1853623 
187500 	 0.1984934 
188000 	 0.2368598 
188500 	 0.1725284 
189000 	 0.1876292 
189500 	 0.1358688 
190000 	 0.1729244 
190500 	 0.1655065 
191000 	 0.2040431 
191500 	 0.2360295 
192000 	 0.2281178 
192500 	 0.2292265 
193000 	 0.1977143 
193500 	 0.199677 
194000 	 0.2260507 
194500 	 0.2100775 
195000 	 0.2358653 
195500 	 0.2619384 
196000 	 0.1821774 
196500 	 0.1997096 
197000 	 0.2053952 
197500 	 0.2278229 
198000 	 0.1894741 
198500 	 0.2679582 
199000 	 0.1840034 
199500 	 0.1908707 
200000 	 0.2234799 
200500 	 0.2296817 
201000 	 0.1736293 
201500 	 0.2216213 
202000 	 0.1688754 
202500 	 0.1644127 
203000 	 0.1545097 
203500 	 0.1787175 
204000 	 0.2330867 
204500 	 0.2217669 
205000 	 0.2209068 
205500 	 0.2599965 
206000 	 0.2392894 
206500 	 0.2184583 
207000 	 0.2221686 
207500 	 0.2058416 
208000 	 0.1658881 
208500 	 0.2114161 
209000 	 0.1840962 
209500 	 0.1747985 
210000 	 0.1989173 
210500 	 0.2272004 
211000 	 0.2362196 
211500 	 0.2684179 
212000 	 0.2453647 
212500 	 0.1770679 
213000 	 0.1752659 
213500 	 0.1836713 
214000 	 0.1856801 
214500 	 0.2197973 
215000 	 0.143927 
215500 	 0.2418333 
216000 	 0.2241783 
216500 	 0.2777455 
217000 	 0.2905319 
217500 	 0.1725982 
218000 	 0.1672173 
218500 	 0.2314736 
219000 	 0.2315887 
219500 	 0.2368176 
220000 	 0.238774 
220500 	 0.2377364 
221000 	 0.2709019 
221500 	 0.2254241 
222000 	 0.3372587 
222500 	 0.1688439 
223000 	 0.2619469 
223500 	 0.2032347 
224000 	 0.1982836 
224500 	 0.2295089 
225000 	 0.2080399 
225500 	 0.2168013 
226000 	 0.1914508 
226500 	 0.1995422 
227000 	 0.1773143 
227500 	 0.2691104 
228000 	 0.2211498 
228500 	 0.2216391 
229000 	 0.1827347 
229500 	 0.1850573 
230000 	 0.1657436 
230500 	 0.1935858 
231000 	 0.2038056 
231500 	 0.149368 
232000 	 0.1874852 
232500 	 0.1759831 
233000 	 0.2191167 
233500 	 0.2242755 
234000 	 0.1703906 
234500 	 0.2737945 
235000 	 0.2178036 
235500 	 0.1279674 
236000 	 0.170962 
236500 	 0.2014789 
237000 	 0.1713549 
237500 	 0.1759137 
238000 	 0.2346106 
238500 	 0.2042289 
239000 	 0.212734 
239500 	 0.1957219 
240000 	 0.1783359 
240500 	 0.1795882 
241000 	 0.1855665 
241500 	 0.1405055 
242000 	 0.196775 
242500 	 0.1906263 
243000 	 0.2510407 
243500 	 0.1341071 
244000 	 0.1903117 
244500 	 0.1711501 
245000 	 0.2938319 
245500 	 0.2119447 
246000 	 0.2176913 
246500 	 0.158758 
247000 	 0.2166039 
247500 	 0.2827229 
248000 	 0.2314924 
248500 	 0.1831529 
249000 	 0.1479153 
249500 	 0.3174121 
250000 	 0.2476767 
250500 	 0.2476383 
251000 	 0.242448 
251500 	 0.1923077 
252000 	 0.2043556 
252500 	 0.1961944 
253000 	 0.1638186 
253500 	 0.160764 
254000 	 0.243995 
254500 	 0.1395703 
255000 	 0.1512089 
255500 	 0.2100009 
256000 	 0.2223364 
256500 	 0.2136849 
257000 	 0.1955125 
257500 	 0.2235577 
258000 	 0.207957 
258500 	 0.2509549 
259000 	 0.2700839 
259500 	 0.2418503 
260000 	 0.1716268 
260500 	 0.1958797 
261000 	 0.1881247 
261500 	 0.1812434 
262000 	 0.1578406 
262500 	 0.2018256 
263000 	 0.2169926 
263500 	 0.1790663 
264000 	 0.206355 
264500 	 0.2472793 
265000 	 0.1752999 
265500 	 0.1944485 
266000 	 0.1820264 
266500 	 0.2050047 
267000 	 0.2127916 
267500 	 0.1986579 
268000 	 0.2230726 
268500 	 0.1843725 
269000 	 0.1711237 
269500 	 0.2354159 
270000 	 0.215179 
270500 	 0.1873383 
271000 	 0.2069315 
271500 	 0.1643635 
272000 	 0.2239136 
272500 	 0.2352009 
273000 	 0.1895885 
273500 	 0.1755793 
274000 	 0.1989281 
274500 	 0.2797114 
275000 	 0.1535687 
275500 	 0.2176309 
276000 	 0.2794247 
276500 	 0.1792281 
277000 	 0.2581537 
277500 	 0.1850193 
278000 	 0.1704697 
278500 	 0.2395488 
279000 	 0.1703861 
279500 	 0.2241559 
280000 	 0.2198903 
280500 	 0.1652916 
281000 	 0.1725143 
281500 	 0.2672277 
282000 	 0.1867453 
282500 	 0.1618704 
283000 	 0.2207281 
283500 	 0.2018003 
284000 	 0.1925285 
284500 	 0.1706564 
285000 	 0.2644383 
285500 	 0.1767205 
286000 	 0.2174766 
286500 	 0.2033803 
287000 	 0.2014866 
287500 	 0.1787176 
288000 	 0.1359191 
288500 	 0.1610411 
289000 	 0.2452129 
289500 	 0.1901231 
290000 	 0.2201277 
290500 	 0.1886238 
291000 	 0.1626554 
291500 	 0.1754665 
292000 	 0.1509947 
292500 	 0.2372565 
293000 	 0.2289352 
293500 	 0.214649 
294000 	 0.1521624 
294500 	 0.1991195 
295000 	 0.2686669 
295500 	 0.2527964 
296000 	 0.1949871 
296500 	 0.2350386 
297000 	 0.201462 
297500 	 0.14747 
298000 	 0.1759083 
298500 	 0.2277179 
299000 	 0.226255 
299500 	 0.2245817 
300000 	 0.239856 
300500 	 0.2414786 
301000 	 0.206297 
301500 	 0.1782974 
302000 	 0.1802637 
302500 	 0.2158702 
303000 	 0.2897708 
303500 	 0.2138573 
304000 	 0.1606449 
304500 	 0.1067357 
305000 	 0.1841891 
305500 	 0.2203914 
306000 	 0.1828682 
306500 	 0.2166112 
307000 	 0.3179537 
307500 	 0.3175791 
308000 	 0.261948 
308500 	 0.1813349 
309000 	 0.1730257 
309500 	 0.2148239 
310000 	 0.1870505 
310500 	 0.242658 
311000 	 0.2236164 
311500 	 0.2146354 
312000 	 0.2639205 
312500 	 0.1813121 
313000 	 0.2769256 
313500 	 0.2396715 
314000 	 0.2627521 
314500 	 0.2033446 
315000 	 0.2329488 
315500 	 0.1541389 
316000 	 0.1876905 
316500 	 0.2524866 
317000 	 0.13744 
317500 	 0.1895512 
318000 	 0.2063505 
318500 	 0.1833844 
319000 	 0.2588471 
319500 	 0.1876543 
320000 	 0.3584056 
320500 	 0.2778506 
321000 	 0.2459333 
321500 	 0.203764 
322000 	 0.2000371 
322500 	 0.2609312 
323000 	 0.214711 
323500 	 0.1918338 
324000 	 0.1929994 
324500 	 0.2194193 
325000 	 0.1674526 
325500 	 0.2202135 
326000 	 0.1765747 
326500 	 0.1510111 
327000 	 0.286512 
327500 	 0.2425166 
328000 	 0.1200892 
328500 	 0.1450787 
329000 	 0.200726 
329500 	 0.1526685 
330000 	 0.2232998 
330500 	 0.2498311 
331000 	 0.2303584 
331500 	 0.2230842 
332000 	 0.1607663 
332500 	 0.2104388 
333000 	 0.2377383 
333500 	 0.215576 
334000 	 0.2379222 
334500 	 0.1110863 
335000 	 0.1587077 
335500 	 0.1822989 
336000 	 0.1763671 
336500 	 0.2385038 
337000 	 0.1898541 
337500 	 0.1978131 
338000 	 0.1834505 
338500 	 0.1931894 
339000 	 0.2609228 
339500 	 0.1944096 
340000 	 0.1932771 
340500 	 0.1492681 
341000 	 0.2126255 
341500 	 0.167981 
342000 	 0.201478 
342500 	 0.1725353 
343000 	 0.2026592 
343500 	 0.2062121 
344000 	 0.2247281 
344500 	 0.1758423 
345000 	 0.1995323 
345500 	 0.2233076 
346000 	 0.2102106 
346500 	 0.2002332 
347000 	 0.2210608 
347500 	 0.2011385 
348000 	 0.1981498 
348500 	 0.2274061 
349000 	 0.1587817 
349500 	 0.2237531 
350000 	 0.2628451 
350500 	 0.2085981 
351000 	 0.1886125 
351500 	 0.2445373 
352000 	 0.151584 
352500 	 0.1826457 
353000 	 0.1831035 
353500 	 0.2103931 
354000 	 0.1702479 
354500 	 0.2204651 
355000 	 0.148397 
355500 	 0.201832 
356000 	 0.2022219 
356500 	 0.2265881 
357000 	 0.2067496 
357500 	 0.1655285 
358000 	 0.1562654 
358500 	 0.2748211 
359000 	 0.2864088 
359500 	 0.1692515 
360000 	 0.1881095 
360500 	 0.1942914 
361000 	 0.2004745 
361500 	 0.2315385 
362000 	 0.2139902 
362500 	 0.2184626 
363000 	 0.1470468 
363500 	 0.1413854 
364000 	 0.2085903 
364500 	 0.1763078 
365000 	 0.1945424 
365500 	 0.2121356 
366000 	 0.1801622 
366500 	 0.2047727 
367000 	 0.1924061 
367500 	 0.2393187 
368000 	 0.2541112 
368500 	 0.215504 
369000 	 0.2049299 
369500 	 0.2317142 
370000 	 0.2298118 
370500 	 0.1595469 
371000 	 0.2104297 
371500 	 0.2047727 
372000 	 0.2249116 
372500 	 0.1945254 
373000 	 0.1454885 
373500 	 0.2119661 
374000 	 0.2364663 
374500 	 0.1806836 
375000 	 0.2379668 
375500 	 0.1599535 
376000 	 0.2462419 
376500 	 0.1852839 
377000 	 0.2014716 
377500 	 0.2673401 
378000 	 0.1654875 
378500 	 0.2563507 
379000 	 0.2455072 
379500 	 0.2077717 
380000 	 0.1783701 
380500 	 0.2301328 
381000 	 0.1709169 
381500 	 0.2427246 
382000 	 0.1753855 
382500 	 0.191394 
383000 	 0.1754615 
383500 	 0.1881061 
384000 	 0.2052081 
384500 	 0.1789965 
385000 	 0.2114364 
385500 	 0.1989896 
386000 	 0.2601873 
386500 	 0.2212155 
387000 	 0.1827533 
387500 	 0.1754516 
388000 	 0.1630675 
388500 	 0.1711051 
389000 	 0.2194838 
389500 	 0.2115843 
390000 	 0.1996219 
390500 	 0.2504273 
391000 	 0.1918231 
391500 	 0.2197908 
392000 	 0.201871 
392500 	 0.1681389 
393000 	 0.2315428 
393500 	 0.1876972 
394000 	 0.2124567 
394500 	 0.1932606 
395000 	 0.2234543 
395500 	 0.202739 
396000 	 0.1175712 
396500 	 0.234636 
397000 	 0.1926277 
397500 	 0.1559247 
398000 	 0.1499889 
398500 	 0.1954354 
399000 	 0.2171029 
399500 	 0.1703174 
400000 	 0.1847667 
400500 	 0.2007445 
401000 	 0.1879286 
401500 	 0.1368561 
402000 	 0.2028257 
402500 	 0.2252209 
403000 	 0.1398004 
403500 	 0.1338076 
404000 	 0.173839 
404500 	 0.1914322 
405000 	 0.1823303 
405500 	 0.2020954 
406000 	 0.1781967 
406500 	 0.1976971 
407000 	 0.2293671 
407500 	 0.2522875 
408000 	 0.1596231 
408500 	 0.3516174 
409000 	 0.2527907 
409500 	 0.2027384 
410000 	 0.1569264 
410500 	 0.2062354 
411000 	 0.175299 
411500 	 0.1769304 
412000 	 0.2084265 
412500 	 0.2055254 
413000 	 0.2299187 
413500 	 0.1680948 
414000 	 0.1896899 
414500 	 0.2357998 
415000 	 0.1929983 
415500 	 0.294737 
416000 	 0.1779611 
416500 	 0.1555224 
417000 	 0.2110031 
417500 	 0.1668603 
418000 	 0.2031988 
418500 	 0.1906434 
419000 	 0.1633284 
419500 	 0.238879 
420000 	 0.2693986 
420500 	 0.1546288 
421000 	 0.1940191 
421500 	 0.2342346 
422000 	 0.1701602 
422500 	 0.2300529 
423000 	 0.1858468 
423500 	 0.2067644 
424000 	 0.1498107 
424500 	 0.178001 
425000 	 0.2184122 
425500 	 0.1879714 
426000 	 0.2427088 
426500 	 0.2471849 
427000 	 0.2442155 
427500 	 0.2016811 
428000 	 0.2357266 
428500 	 0.1742314 
429000 	 0.2411477 
429500 	 0.1502922 
430000 	 0.2970344 
430500 	 0.1277827 
431000 	 0.1900705 
431500 	 0.2409171 
432000 	 0.2164185 
432500 	 0.2694213 
433000 	 0.2391638 
433500 	 0.1486777 
434000 	 0.2629411 
434500 	 0.2480218 
435000 	 0.2125974 
435500 	 0.2599646 
436000 	 0.2414749 
436500 	 0.2199481 
437000 	 0.1661926 
437500 	 0.22083 
438000 	 0.2275117 
438500 	 0.2371666 
439000 	 0.2364043 
439500 	 0.1640759 
440000 	 0.228436 
440500 	 0.2257124 
441000 	 0.2080226 
441500 	 0.1432825 
442000 	 0.1985056 
442500 	 0.1787674 
443000 	 0.1409797 
443500 	 0.2230629 
444000 	 0.22781 
444500 	 0.2072376 
445000 	 0.1789304 
445500 	 0.2288951 
446000 	 0.1518033 
446500 	 0.2204718 
447000 	 0.2291112 
447500 	 0.1694193 
448000 	 0.2397889 
448500 	 0.2953811 
449000 	 0.2466529 
449500 	 0.1598982 
450000 	 0.2176948 
450500 	 0.1609933 
451000 	 0.2183832 
451500 	 0.1575192 
452000 	 0.1553718 
452500 	 0.2050823 
453000 	 0.1772645 
453500 	 0.217785 
454000 	 0.2089511 
454500 	 0.2456871 
455000 	 0.2245977 
455500 	 0.2636099 
456000 	 0.2005363 
456500 	 0.2580565 
457000 	 0.2196738 
457500 	 0.2145464 
458000 	 0.1416329 
458500 	 0.2140221 
459000 	 0.2711359 
459500 	 0.2359475 
460000 	 0.2039751 
460500 	 0.1848112 
461000 	 0.1844524 
461500 	 0.1884727 
462000 	 0.1645604 
462500 	 0.2218213 
463000 	 0.2254329 
463500 	 0.2420801 
464000 	 0.175699 
464500 	 0.1257801 
465000 	 0.225684 
465500 	 0.2410178 
466000 	 0.1622846 
466500 	 0.2788234 
467000 	 0.2317159 
467500 	 0.2274533 
468000 	 0.2163286 
468500 	 0.1525918 
469000 	 0.2126903 
469500 	 0.1793925 
470000 	 0.135133 
470500 	 0.2007499 
471000 	 0.2239302 
471500 	 0.1844623 
472000 	 0.1915306 
472500 	 0.2308146 
473000 	 0.2307094 
473500 	 0.2341001 
474000 	 0.2037885 
474500 	 0.2298364 
475000 	 0.2281848 
475500 	 0.2186129 
476000 	 0.214353 
476500 	 0.2823602 
477000 	 0.2353131 
477500 	 0.2451275 
478000 	 0.2300984 
478500 	 0.2054095 
479000 	 0.1365733 
479500 	 0.2095608 
480000 	 0.2379062 
480500 	 0.2209109 
481000 	 0.2419768 
481500 	 0.2236485 
482000 	 0.211934 
482500 	 0.1755417 
483000 	 0.2150782 
483500 	 0.2210409 
484000 	 0.1894671 
484500 	 0.2546268 
485000 	 0.2357302 
485500 	 0.2025347 
486000 	 0.1223962 
486500 	 0.1754759 
487000 	 0.1721703 
487500 	 0.1929652 
488000 	 0.1230585 
488500 	 0.1198339 
489000 	 0.1935465 
489500 	 0.2098603 
490000 	 0.2156587 
490500 	 0.1732423 
491000 	 0.2533715 
491500 	 0.1649364 
492000 	 0.194589 
492500 	 0.2383948 
493000 	 0.1607196 
493500 	 0.2656758 
494000 	 0.222817 
494500 	 0.1790739 
495000 	 0.2057739 
495500 	 0.2372168 
496000 	 0.2303279 
496500 	 0.1680163 
497000 	 0.2382068 
497500 	 0.2699195 
498000 	 0.2418311 
498500 	 0.3036832 
499000 	 0.179012 
499500 	 0.2867661 
500000 	 0.2309729 
