iter 	 p
500 	 0.5982865 
1000 	 0.5343377 
1500 	 0.5695089 
2000 	 0.5661332 
2500 	 0.5863948 
3000 	 0.6408087 
3500 	 0.5258057 
4000 	 0.5820922 
4500 	 0.6735256 
5000 	 0.6283702 
5500 	 0.5964044 
6000 	 0.5182325 
6500 	 0.5987734 
7000 	 0.5406672 
7500 	 0.5098188 
8000 	 0.5104379 
8500 	 0.6350509 
9000 	 0.5054717 
9500 	 0.525527 
10000 	 0.5165876 
10500 	 0.5187383 
11000 	 0.5025372 
11500 	 0.6031475 
12000 	 0.5738232 
12500 	 0.6342332 
13000 	 0.6121145 
13500 	 0.6354842 
14000 	 0.5960967 
14500 	 0.5808719 
15000 	 0.5806309 
15500 	 0.6169949 
16000 	 0.6270193 
16500 	 0.4807474 
17000 	 0.5672938 
17500 	 0.5679855 
18000 	 0.6488438 
18500 	 0.584806 
19000 	 0.5795827 
19500 	 0.5812433 
20000 	 0.5452646 
20500 	 0.5324164 
21000 	 0.5142916 
21500 	 0.6101792 
22000 	 0.6034487 
22500 	 0.5136681 
23000 	 0.5642934 
23500 	 0.576435 
24000 	 0.5583791 
24500 	 0.5261871 
25000 	 0.6602556 
25500 	 0.5361842 
26000 	 0.5045934 
26500 	 0.5432213 
27000 	 0.6080223 
27500 	 0.5905772 
28000 	 0.6002418 
28500 	 0.6015012 
29000 	 0.5837051 
29500 	 0.5335187 
30000 	 0.648536 
30500 	 0.5803886 
31000 	 0.5420594 
31500 	 0.6110445 
32000 	 0.5852494 
32500 	 0.5452189 
33000 	 0.541561 
33500 	 0.6678053 
34000 	 0.6759577 
34500 	 0.5472047 
35000 	 0.5141642 
35500 	 0.6175184 
36000 	 0.5047321 
36500 	 0.6424982 
37000 	 0.6188547 
37500 	 0.547167 
38000 	 0.6390915 
38500 	 0.4231134 
39000 	 0.452536 
39500 	 0.5934236 
40000 	 0.5847774 
40500 	 0.649091 
41000 	 0.5607195 
41500 	 0.5221422 
42000 	 0.5732498 
42500 	 0.6343851 
43000 	 0.5895091 
43500 	 0.6009193 
44000 	 0.6900133 
44500 	 0.5132243 
45000 	 0.609482 
45500 	 0.6071824 
46000 	 0.6265535 
46500 	 0.6096263 
47000 	 0.6231314 
47500 	 0.5814303 
48000 	 0.5231172 
48500 	 0.6267728 
49000 	 0.573762 
49500 	 0.5783377 
50000 	 0.6076725 
50500 	 0.560918 
51000 	 0.5891857 
51500 	 0.5998059 
52000 	 0.5629944 
52500 	 0.5913373 
53000 	 0.6481136 
53500 	 0.6299039 
54000 	 0.5378768 
54500 	 0.6201196 
55000 	 0.5664527 
55500 	 0.5508854 
56000 	 0.5914565 
56500 	 0.5519482 
57000 	 0.4997581 
57500 	 0.5390947 
58000 	 0.5977836 
58500 	 0.6097002 
59000 	 0.5013111 
59500 	 0.5520618 
60000 	 0.6015178 
60500 	 0.5810569 
61000 	 0.6160423 
61500 	 0.5776533 
62000 	 0.4972593 
62500 	 0.6198744 
63000 	 0.5756286 
63500 	 0.5958843 
64000 	 0.5804524 
64500 	 0.6132862 
65000 	 0.6427392 
65500 	 0.6646591 
66000 	 0.5498633 
66500 	 0.5307507 
67000 	 0.5809794 
67500 	 0.5565982 
68000 	 0.6288857 
68500 	 0.5798777 
69000 	 0.5814221 
69500 	 0.608697 
70000 	 0.589999 
70500 	 0.6319399 
71000 	 0.5843557 
71500 	 0.6627801 
72000 	 0.5626144 
72500 	 0.604679 
73000 	 0.6596545 
73500 	 0.5985081 
74000 	 0.626127 
74500 	 0.7099209 
75000 	 0.4970369 
75500 	 0.5760685 
76000 	 0.5606358 
76500 	 0.4932548 
77000 	 0.5312233 
77500 	 0.6325335 
78000 	 0.5421022 
78500 	 0.5803858 
79000 	 0.6338261 
79500 	 0.5473614 
80000 	 0.5061345 
80500 	 0.5983331 
81000 	 0.6165859 
81500 	 0.6115056 
82000 	 0.5192765 
82500 	 0.5750578 
83000 	 0.6826814 
83500 	 0.6548177 
84000 	 0.620747 
84500 	 0.5820147 
85000 	 0.6763166 
85500 	 0.596872 
86000 	 0.5729997 
86500 	 0.5928372 
87000 	 0.604983 
87500 	 0.6167661 
88000 	 0.6034086 
88500 	 0.6112864 
89000 	 0.5570351 
89500 	 0.5661767 
90000 	 0.5336429 
90500 	 0.5985359 
91000 	 0.6058326 
91500 	 0.6248356 
92000 	 0.5471024 
92500 	 0.5910611 
93000 	 0.5929634 
93500 	 0.517134 
94000 	 0.5879188 
94500 	 0.5371826 
95000 	 0.5763209 
95500 	 0.5349275 
96000 	 0.550476 
96500 	 0.575242 
97000 	 0.4921847 
97500 	 0.5525135 
98000 	 0.5250521 
98500 	 0.5465499 
99000 	 0.5926366 
99500 	 0.5578287 
100000 	 0.5822043 
100500 	 0.605764 
101000 	 0.5518617 
101500 	 0.5969439 
102000 	 0.4947219 
102500 	 0.5959736 
103000 	 0.5737045 
103500 	 0.5955779 
104000 	 0.5346045 
104500 	 0.5619643 
105000 	 0.6246672 
105500 	 0.6060573 
106000 	 0.4510364 
106500 	 0.6321442 
107000 	 0.56078 
107500 	 0.6174185 
108000 	 0.5082742 
108500 	 0.5920787 
109000 	 0.6279533 
109500 	 0.5148517 
110000 	 0.6887396 
110500 	 0.5792195 
111000 	 0.5881477 
111500 	 0.5906503 
112000 	 0.6209186 
112500 	 0.5422794 
113000 	 0.546849 
113500 	 0.6191771 
114000 	 0.5891484 
114500 	 0.5345686 
115000 	 0.6480545 
115500 	 0.6365251 
116000 	 0.6274411 
116500 	 0.5409203 
117000 	 0.587812 
117500 	 0.6475773 
118000 	 0.5345828 
118500 	 0.4444796 
119000 	 0.6490597 
119500 	 0.5893862 
120000 	 0.5153078 
120500 	 0.578766 
121000 	 0.6212684 
121500 	 0.63228 
122000 	 0.5731361 
122500 	 0.6070697 
123000 	 0.5978121 
123500 	 0.6398155 
124000 	 0.5909102 
124500 	 0.5150342 
125000 	 0.6170025 
125500 	 0.5743866 
126000 	 0.6368802 
126500 	 0.5635022 
127000 	 0.5659855 
127500 	 0.619384 
128000 	 0.6624551 
128500 	 0.5249296 
129000 	 0.5127835 
129500 	 0.5044366 
130000 	 0.5208845 
130500 	 0.666671 
131000 	 0.5092712 
131500 	 0.5312967 
132000 	 0.674659 
132500 	 0.5986403 
133000 	 0.603863 
133500 	 0.586696 
134000 	 0.5586899 
134500 	 0.5345418 
135000 	 0.6030259 
135500 	 0.6440526 
136000 	 0.6058196 
136500 	 0.6373021 
137000 	 0.6530788 
137500 	 0.5739624 
138000 	 0.6700214 
138500 	 0.4771298 
139000 	 0.6201611 
139500 	 0.6002422 
140000 	 0.5999941 
140500 	 0.6525811 
141000 	 0.5622475 
141500 	 0.6235403 
142000 	 0.6168049 
142500 	 0.5571385 
143000 	 0.5808092 
143500 	 0.4608434 
144000 	 0.6053263 
144500 	 0.5833893 
145000 	 0.5655983 
145500 	 0.5522229 
146000 	 0.5872942 
146500 	 0.5041618 
147000 	 0.5890493 
147500 	 0.6577492 
148000 	 0.5240557 
148500 	 0.6117767 
149000 	 0.5912714 
149500 	 0.6315922 
150000 	 0.6129204 
150500 	 0.5310531 
151000 	 0.5300161 
151500 	 0.5773594 
152000 	 0.6676606 
152500 	 0.5336713 
153000 	 0.5860301 
153500 	 0.5054287 
154000 	 0.6002319 
154500 	 0.4820589 
155000 	 0.5305292 
155500 	 0.5990572 
156000 	 0.6779815 
156500 	 0.551405 
157000 	 0.4844973 
157500 	 0.5219523 
158000 	 0.5852207 
158500 	 0.5903673 
159000 	 0.5022835 
159500 	 0.552328 
160000 	 0.5074276 
160500 	 0.5837619 
161000 	 0.552936 
161500 	 0.5588053 
162000 	 0.4893455 
162500 	 0.5449026 
163000 	 0.6301775 
163500 	 0.6164157 
164000 	 0.6324441 
164500 	 0.571077 
165000 	 0.5773545 
165500 	 0.562493 
166000 	 0.592182 
166500 	 0.593434 
167000 	 0.5659858 
167500 	 0.5547102 
168000 	 0.6041315 
168500 	 0.4924731 
169000 	 0.5633739 
169500 	 0.6005997 
170000 	 0.5635549 
170500 	 0.5262276 
171000 	 0.7059648 
171500 	 0.6312295 
172000 	 0.527463 
172500 	 0.6550308 
173000 	 0.6284433 
173500 	 0.6024731 
174000 	 0.6388549 
174500 	 0.5944058 
175000 	 0.6109537 
175500 	 0.5399475 
176000 	 0.6023767 
176500 	 0.5011996 
177000 	 0.520663 
177500 	 0.5336791 
178000 	 0.5933576 
178500 	 0.5309971 
179000 	 0.4871638 
179500 	 0.5434568 
180000 	 0.581645 
180500 	 0.6567554 
181000 	 0.5927598 
181500 	 0.6258642 
182000 	 0.6185361 
182500 	 0.6727353 
183000 	 0.5756408 
183500 	 0.6106299 
184000 	 0.5215868 
184500 	 0.6656831 
185000 	 0.61308 
185500 	 0.5647337 
186000 	 0.5433054 
186500 	 0.6550263 
187000 	 0.6702819 
187500 	 0.5627271 
188000 	 0.626444 
188500 	 0.5307175 
189000 	 0.5937967 
189500 	 0.6083772 
190000 	 0.5132352 
190500 	 0.6187914 
191000 	 0.6045692 
191500 	 0.5636199 
192000 	 0.6075807 
192500 	 0.4763443 
193000 	 0.6560444 
193500 	 0.560167 
194000 	 0.5884697 
194500 	 0.5099929 
195000 	 0.5325055 
195500 	 0.5433607 
196000 	 0.5934085 
196500 	 0.5281837 
197000 	 0.5836353 
197500 	 0.6289845 
198000 	 0.5918537 
198500 	 0.5074619 
199000 	 0.6628697 
199500 	 0.5279417 
200000 	 0.5962359 
200500 	 0.5567353 
201000 	 0.601459 
201500 	 0.5350552 
202000 	 0.5760115 
202500 	 0.61196 
203000 	 0.5808618 
203500 	 0.6841871 
204000 	 0.613761 
204500 	 0.6080533 
205000 	 0.725641 
205500 	 0.5977839 
206000 	 0.5164601 
206500 	 0.508909 
207000 	 0.6917675 
207500 	 0.6056215 
208000 	 0.5524533 
208500 	 0.5656274 
209000 	 0.6008228 
209500 	 0.5243531 
210000 	 0.6680905 
210500 	 0.5597592 
211000 	 0.600632 
211500 	 0.6583185 
212000 	 0.5445705 
212500 	 0.5153875 
213000 	 0.5934541 
213500 	 0.5444984 
214000 	 0.6792828 
214500 	 0.5576383 
215000 	 0.5869106 
215500 	 0.5068146 
216000 	 0.6314522 
216500 	 0.5851072 
217000 	 0.5873564 
217500 	 0.6031589 
218000 	 0.6464631 
218500 	 0.5524674 
219000 	 0.5270933 
219500 	 0.6517543 
220000 	 0.6405658 
220500 	 0.6829569 
221000 	 0.6357628 
221500 	 0.5594673 
222000 	 0.5811558 
222500 	 0.567098 
223000 	 0.6889825 
223500 	 0.6839362 
224000 	 0.5972654 
224500 	 0.6619744 
225000 	 0.5716725 
225500 	 0.6070387 
226000 	 0.6128513 
226500 	 0.6283962 
227000 	 0.5880689 
227500 	 0.6336311 
228000 	 0.4846842 
228500 	 0.6428792 
229000 	 0.5428295 
229500 	 0.6369851 
230000 	 0.631201 
230500 	 0.5764326 
231000 	 0.5059018 
231500 	 0.6045579 
232000 	 0.5845518 
232500 	 0.5578168 
233000 	 0.5691113 
233500 	 0.6704232 
234000 	 0.596419 
234500 	 0.5689826 
235000 	 0.5661848 
235500 	 0.6035646 
236000 	 0.5567253 
236500 	 0.5560523 
237000 	 0.5095045 
237500 	 0.5620462 
238000 	 0.5219393 
238500 	 0.6545681 
239000 	 0.5830183 
239500 	 0.6872401 
240000 	 0.5959249 
240500 	 0.6575183 
241000 	 0.5710901 
241500 	 0.5693547 
242000 	 0.663118 
242500 	 0.5612273 
243000 	 0.5248771 
243500 	 0.5231427 
244000 	 0.5579255 
244500 	 0.5378803 
245000 	 0.5606913 
245500 	 0.6077002 
246000 	 0.6416144 
246500 	 0.577742 
247000 	 0.6278293 
247500 	 0.5678761 
248000 	 0.549949 
248500 	 0.6341687 
249000 	 0.5894823 
249500 	 0.5699999 
250000 	 0.5572185 
250500 	 0.6214492 
251000 	 0.5524093 
251500 	 0.5646958 
252000 	 0.5784408 
252500 	 0.6390541 
253000 	 0.6021063 
253500 	 0.6144057 
254000 	 0.5183557 
254500 	 0.5208866 
255000 	 0.5596987 
255500 	 0.6233611 
256000 	 0.5606778 
256500 	 0.533324 
257000 	 0.5870328 
257500 	 0.5329426 
258000 	 0.5376864 
258500 	 0.5263547 
259000 	 0.5668824 
259500 	 0.5062663 
260000 	 0.6255879 
260500 	 0.5891614 
261000 	 0.6369414 
261500 	 0.481757 
262000 	 0.5783057 
262500 	 0.5823515 
263000 	 0.6417729 
263500 	 0.5769742 
264000 	 0.5908244 
264500 	 0.4790418 
265000 	 0.4942949 
265500 	 0.5802731 
266000 	 0.5074827 
266500 	 0.5424376 
267000 	 0.5579727 
267500 	 0.6762294 
268000 	 0.6098127 
268500 	 0.5483959 
269000 	 0.5392717 
269500 	 0.5457608 
270000 	 0.573844 
270500 	 0.5615047 
271000 	 0.6817094 
271500 	 0.5715405 
272000 	 0.5927555 
272500 	 0.6321935 
273000 	 0.5626561 
273500 	 0.5209523 
274000 	 0.5056279 
274500 	 0.5362166 
275000 	 0.5706056 
275500 	 0.6734541 
276000 	 0.5991197 
276500 	 0.6159456 
277000 	 0.5476374 
277500 	 0.6083286 
278000 	 0.5208624 
278500 	 0.5880421 
279000 	 0.5405373 
279500 	 0.6496418 
280000 	 0.616125 
280500 	 0.6208609 
281000 	 0.5391173 
281500 	 0.5878851 
282000 	 0.5976475 
282500 	 0.5484255 
283000 	 0.642821 
283500 	 0.5681431 
284000 	 0.6306961 
284500 	 0.581937 
285000 	 0.5105693 
285500 	 0.555298 
286000 	 0.5966181 
286500 	 0.5520669 
287000 	 0.5130483 
287500 	 0.6697717 
288000 	 0.5239279 
288500 	 0.6105423 
289000 	 0.6199421 
289500 	 0.6272487 
290000 	 0.4749013 
290500 	 0.5570104 
291000 	 0.5626372 
291500 	 0.5765603 
292000 	 0.5707066 
292500 	 0.6091293 
293000 	 0.6180428 
293500 	 0.5028596 
294000 	 0.458401 
294500 	 0.5229124 
295000 	 0.5733443 
295500 	 0.6145518 
296000 	 0.559282 
296500 	 0.6001736 
297000 	 0.6220694 
297500 	 0.605098 
298000 	 0.5649073 
298500 	 0.6085457 
299000 	 0.5361568 
299500 	 0.5360302 
300000 	 0.5390591 
300500 	 0.5312208 
301000 	 0.6044546 
301500 	 0.6205999 
302000 	 0.5301131 
302500 	 0.5666396 
303000 	 0.5705688 
303500 	 0.5852383 
304000 	 0.5949669 
304500 	 0.5877166 
305000 	 0.4894827 
305500 	 0.5569081 
306000 	 0.5417958 
306500 	 0.6130261 
307000 	 0.5990477 
307500 	 0.6347451 
308000 	 0.6186318 
308500 	 0.5551955 
309000 	 0.5393396 
309500 	 0.5769666 
310000 	 0.5283306 
310500 	 0.5889114 
311000 	 0.5236246 
311500 	 0.5044684 
312000 	 0.5247879 
312500 	 0.5545766 
313000 	 0.5541033 
313500 	 0.4880438 
314000 	 0.5480212 
314500 	 0.5338088 
315000 	 0.5430135 
315500 	 0.5562929 
316000 	 0.5432849 
316500 	 0.5733477 
317000 	 0.6140731 
317500 	 0.604408 
318000 	 0.6148167 
318500 	 0.648868 
319000 	 0.5975571 
319500 	 0.5893503 
320000 	 0.5807964 
320500 	 0.5511921 
321000 	 0.6447219 
321500 	 0.5971445 
322000 	 0.5599666 
322500 	 0.6200974 
323000 	 0.463222 
323500 	 0.5695816 
324000 	 0.6256934 
324500 	 0.5339406 
325000 	 0.5959395 
325500 	 0.5352761 
326000 	 0.6554706 
326500 	 0.5428517 
327000 	 0.546683 
327500 	 0.5846726 
328000 	 0.5612059 
328500 	 0.5762014 
329000 	 0.5539817 
329500 	 0.6702784 
330000 	 0.5203908 
330500 	 0.6114109 
331000 	 0.588904 
331500 	 0.5537419 
332000 	 0.5713685 
332500 	 0.6194036 
333000 	 0.5748859 
333500 	 0.5821999 
334000 	 0.6321481 
334500 	 0.5756401 
335000 	 0.572368 
335500 	 0.5680017 
336000 	 0.6005094 
336500 	 0.6000878 
337000 	 0.603766 
337500 	 0.6027064 
338000 	 0.5248272 
338500 	 0.6378576 
339000 	 0.5774975 
339500 	 0.6320793 
340000 	 0.623808 
340500 	 0.6320607 
341000 	 0.5884443 
341500 	 0.5835052 
342000 	 0.6762738 
342500 	 0.6195523 
343000 	 0.547869 
343500 	 0.6482396 
344000 	 0.5590938 
344500 	 0.5278986 
345000 	 0.5917625 
345500 	 0.6349911 
346000 	 0.4908207 
346500 	 0.5871684 
347000 	 0.5284706 
347500 	 0.6200512 
348000 	 0.5529569 
348500 	 0.5576871 
349000 	 0.5047658 
349500 	 0.5758554 
350000 	 0.5781607 
350500 	 0.6028398 
351000 	 0.7088488 
351500 	 0.5878128 
352000 	 0.59258 
352500 	 0.5745381 
353000 	 0.6123366 
353500 	 0.5540833 
354000 	 0.4994845 
354500 	 0.5615002 
355000 	 0.6270249 
355500 	 0.5860763 
356000 	 0.4742798 
356500 	 0.5401041 
357000 	 0.5296713 
357500 	 0.5856428 
358000 	 0.4725731 
358500 	 0.58698 
359000 	 0.5750455 
359500 	 0.649199 
360000 	 0.5975762 
360500 	 0.5368143 
361000 	 0.548215 
361500 	 0.6465878 
362000 	 0.6575715 
362500 	 0.6051843 
363000 	 0.5201901 
363500 	 0.5199386 
364000 	 0.6178852 
364500 	 0.6005992 
365000 	 0.5147502 
365500 	 0.5747039 
366000 	 0.5633137 
366500 	 0.5988434 
367000 	 0.6033565 
367500 	 0.5405277 
368000 	 0.5569502 
368500 	 0.6194601 
369000 	 0.5423562 
369500 	 0.6340754 
370000 	 0.6197887 
370500 	 0.5629066 
371000 	 0.5791955 
371500 	 0.5945285 
372000 	 0.5282454 
372500 	 0.6126156 
373000 	 0.5528219 
373500 	 0.5398444 
374000 	 0.6840398 
374500 	 0.5380828 
375000 	 0.5127293 
375500 	 0.5549166 
376000 	 0.6380214 
376500 	 0.5897619 
377000 	 0.5991932 
377500 	 0.5958662 
378000 	 0.6435202 
378500 	 0.5121416 
379000 	 0.5888097 
379500 	 0.5958682 
380000 	 0.5159464 
380500 	 0.5241083 
381000 	 0.5483429 
381500 	 0.5615567 
382000 	 0.5628599 
382500 	 0.5605539 
383000 	 0.5594445 
383500 	 0.5518334 
384000 	 0.6044678 
384500 	 0.5753304 
385000 	 0.6193965 
385500 	 0.559656 
386000 	 0.5366127 
386500 	 0.6044153 
387000 	 0.5932688 
387500 	 0.647459 
388000 	 0.5955251 
388500 	 0.5963663 
389000 	 0.5780954 
389500 	 0.627923 
390000 	 0.4907129 
390500 	 0.600042 
391000 	 0.6088963 
391500 	 0.536588 
392000 	 0.6186703 
392500 	 0.6197805 
393000 	 0.5319742 
393500 	 0.5000714 
394000 	 0.5159963 
394500 	 0.5521665 
395000 	 0.6531613 
395500 	 0.5294174 
396000 	 0.4962085 
396500 	 0.6119742 
397000 	 0.53843 
397500 	 0.4635662 
398000 	 0.5466715 
398500 	 0.5538684 
399000 	 0.6049299 
399500 	 0.634347 
400000 	 0.6310331 
400500 	 0.5847376 
401000 	 0.5693891 
401500 	 0.5044745 
402000 	 0.5692361 
402500 	 0.6289359 
403000 	 0.5845663 
403500 	 0.6515107 
404000 	 0.4574378 
404500 	 0.5560672 
405000 	 0.5775199 
405500 	 0.5172871 
406000 	 0.5989782 
406500 	 0.6614716 
407000 	 0.5647866 
407500 	 0.5489586 
408000 	 0.5815434 
408500 	 0.6093536 
409000 	 0.5580228 
409500 	 0.5559749 
410000 	 0.559629 
410500 	 0.5449441 
411000 	 0.609714 
411500 	 0.7010635 
412000 	 0.5303926 
412500 	 0.5754191 
413000 	 0.5741764 
413500 	 0.6798988 
414000 	 0.5424825 
414500 	 0.4903169 
415000 	 0.5324212 
415500 	 0.6209365 
416000 	 0.6502918 
416500 	 0.5372369 
417000 	 0.5489378 
417500 	 0.7142376 
418000 	 0.6109465 
418500 	 0.6007668 
419000 	 0.5995048 
419500 	 0.6157943 
420000 	 0.5524252 
420500 	 0.5683663 
421000 	 0.5781399 
421500 	 0.583221 
422000 	 0.5591306 
422500 	 0.599305 
423000 	 0.5459955 
423500 	 0.5420295 
424000 	 0.5923371 
424500 	 0.5587648 
425000 	 0.5234811 
425500 	 0.6335147 
426000 	 0.6397456 
426500 	 0.5136498 
427000 	 0.5380524 
427500 	 0.6250385 
428000 	 0.6012338 
428500 	 0.5833978 
429000 	 0.5835701 
429500 	 0.5686368 
430000 	 0.6419348 
430500 	 0.489208 
431000 	 0.5771941 
431500 	 0.4999179 
432000 	 0.5850308 
432500 	 0.660549 
433000 	 0.5327725 
433500 	 0.5611578 
434000 	 0.5326957 
434500 	 0.5543003 
435000 	 0.5450569 
435500 	 0.5667499 
436000 	 0.5816734 
436500 	 0.5212087 
437000 	 0.6515036 
437500 	 0.4295736 
438000 	 0.5694013 
438500 	 0.5573548 
439000 	 0.5186635 
439500 	 0.5107368 
440000 	 0.5676217 
440500 	 0.4928733 
441000 	 0.5569192 
441500 	 0.610029 
442000 	 0.5678118 
442500 	 0.6436877 
443000 	 0.6412931 
443500 	 0.5933981 
444000 	 0.558492 
444500 	 0.5923862 
445000 	 0.6758853 
445500 	 0.6531376 
446000 	 0.5310171 
446500 	 0.6094041 
447000 	 0.571434 
447500 	 0.6457755 
448000 	 0.6664314 
448500 	 0.6004904 
449000 	 0.5969188 
449500 	 0.6177848 
450000 	 0.5802791 
450500 	 0.5352542 
451000 	 0.5912134 
451500 	 0.6078608 
452000 	 0.5444223 
452500 	 0.6271088 
453000 	 0.6541792 
453500 	 0.6023912 
454000 	 0.5720132 
454500 	 0.5276628 
455000 	 0.588687 
455500 	 0.6108193 
456000 	 0.5703399 
456500 	 0.5683965 
457000 	 0.5736275 
457500 	 0.5260812 
458000 	 0.6075558 
458500 	 0.6081814 
459000 	 0.6597511 
459500 	 0.4668662 
460000 	 0.6115967 
460500 	 0.5474943 
461000 	 0.6193205 
461500 	 0.5497875 
462000 	 0.687382 
462500 	 0.647937 
463000 	 0.6984707 
463500 	 0.5124567 
464000 	 0.53017 
464500 	 0.6049063 
465000 	 0.5804431 
465500 	 0.4925252 
466000 	 0.5449666 
466500 	 0.5027936 
467000 	 0.6080399 
467500 	 0.5208528 
468000 	 0.5654511 
468500 	 0.6343182 
469000 	 0.5787971 
469500 	 0.5744779 
470000 	 0.6313684 
470500 	 0.6396866 
471000 	 0.5576582 
471500 	 0.5304218 
472000 	 0.62107 
472500 	 0.5782391 
473000 	 0.5543312 
473500 	 0.5808256 
474000 	 0.5546841 
474500 	 0.6281377 
475000 	 0.6445003 
475500 	 0.5734904 
476000 	 0.57466 
476500 	 0.5872503 
477000 	 0.5990855 
477500 	 0.5557808 
478000 	 0.5756691 
478500 	 0.5619913 
479000 	 0.6100888 
479500 	 0.5810995 
480000 	 0.6210409 
480500 	 0.5852888 
481000 	 0.6319155 
481500 	 0.523657 
482000 	 0.6325908 
482500 	 0.6187435 
483000 	 0.5236736 
483500 	 0.6070545 
484000 	 0.6567888 
484500 	 0.6674026 
485000 	 0.6162751 
485500 	 0.585261 
486000 	 0.5777421 
486500 	 0.5699383 
487000 	 0.5295218 
487500 	 0.5836005 
488000 	 0.6442005 
488500 	 0.5783231 
489000 	 0.682327 
489500 	 0.574058 
490000 	 0.5697769 
490500 	 0.5516878 
491000 	 0.4693073 
491500 	 0.5541934 
492000 	 0.629699 
492500 	 0.5785139 
493000 	 0.5377368 
493500 	 0.6384923 
494000 	 0.5329363 
494500 	 0.6392025 
495000 	 0.6176445 
495500 	 0.595429 
496000 	 0.5405274 
496500 	 0.6316192 
497000 	 0.5967068 
497500 	 0.6021495 
498000 	 0.6795635 
498500 	 0.499349 
499000 	 0.6410089 
499500 	 0.6314658 
500000 	 0.6265271 
