iter 	 p
500 	 0.6259834 
1000 	 0.6232816 
1500 	 0.5970707 
2000 	 0.5419146 
2500 	 0.5743534 
3000 	 0.6723374 
3500 	 0.5343255 
4000 	 0.5988512 
4500 	 0.5407312 
5000 	 0.5818596 
5500 	 0.6117816 
6000 	 0.6578686 
6500 	 0.5593707 
7000 	 0.5932069 
7500 	 0.6012269 
8000 	 0.6074684 
8500 	 0.5770956 
9000 	 0.6282826 
9500 	 0.6392617 
10000 	 0.5836292 
10500 	 0.4641352 
11000 	 0.4889457 
11500 	 0.5336798 
12000 	 0.6093652 
12500 	 0.6118662 
13000 	 0.5256663 
13500 	 0.6154482 
14000 	 0.5830934 
14500 	 0.5727555 
15000 	 0.6356672 
15500 	 0.5701575 
16000 	 0.525859 
16500 	 0.5753653 
17000 	 0.5987471 
17500 	 0.5426947 
18000 	 0.4638655 
18500 	 0.5707196 
19000 	 0.5016391 
19500 	 0.4601192 
20000 	 0.5446709 
20500 	 0.4818851 
21000 	 0.6222505 
21500 	 0.5329301 
22000 	 0.5151896 
22500 	 0.4443804 
23000 	 0.5806592 
23500 	 0.664035 
24000 	 0.566878 
24500 	 0.5686271 
25000 	 0.5463761 
25500 	 0.5072686 
26000 	 0.5698592 
26500 	 0.5736765 
27000 	 0.5800587 
27500 	 0.5977635 
28000 	 0.6028446 
28500 	 0.556839 
29000 	 0.6141723 
29500 	 0.5551093 
30000 	 0.5708907 
30500 	 0.6217602 
31000 	 0.582385 
31500 	 0.5547348 
32000 	 0.5891965 
32500 	 0.6031702 
33000 	 0.5480624 
33500 	 0.5495308 
34000 	 0.4902895 
34500 	 0.6284711 
35000 	 0.6160553 
35500 	 0.6250533 
36000 	 0.5846711 
36500 	 0.5391978 
37000 	 0.4615742 
37500 	 0.5988355 
38000 	 0.557735 
38500 	 0.5979986 
39000 	 0.5624121 
39500 	 0.5400916 
40000 	 0.5536289 
40500 	 0.6088078 
41000 	 0.6870671 
41500 	 0.6168599 
42000 	 0.5063225 
42500 	 0.6061806 
43000 	 0.5957138 
43500 	 0.5628232 
44000 	 0.5375982 
44500 	 0.5221211 
45000 	 0.5621382 
45500 	 0.6025452 
46000 	 0.5967893 
46500 	 0.5538556 
47000 	 0.5152755 
47500 	 0.5853303 
48000 	 0.5837054 
48500 	 0.4746904 
49000 	 0.6403771 
49500 	 0.540633 
50000 	 0.5934857 
50500 	 0.5866328 
51000 	 0.6327223 
51500 	 0.5993385 
52000 	 0.6223628 
52500 	 0.598206 
53000 	 0.5814145 
53500 	 0.5798511 
54000 	 0.6368478 
54500 	 0.5172246 
55000 	 0.4793677 
55500 	 0.5816794 
56000 	 0.6650006 
56500 	 0.5536726 
57000 	 0.5371959 
57500 	 0.5911955 
58000 	 0.6073041 
58500 	 0.5404232 
59000 	 0.54487 
59500 	 0.6133928 
60000 	 0.6408959 
60500 	 0.6365066 
61000 	 0.6194812 
61500 	 0.5620734 
62000 	 0.5083539 
62500 	 0.5991678 
63000 	 0.6805261 
63500 	 0.5045181 
64000 	 0.5187228 
64500 	 0.5789273 
65000 	 0.5861236 
65500 	 0.5759875 
66000 	 0.4987221 
66500 	 0.6249455 
67000 	 0.577737 
67500 	 0.5591858 
68000 	 0.6121474 
68500 	 0.4926347 
69000 	 0.5140649 
69500 	 0.4833381 
70000 	 0.5001267 
70500 	 0.5896916 
71000 	 0.6018048 
71500 	 0.4840998 
72000 	 0.4890809 
72500 	 0.5510787 
73000 	 0.5820288 
73500 	 0.5972235 
74000 	 0.5296065 
74500 	 0.605578 
75000 	 0.5886068 
75500 	 0.6481224 
76000 	 0.6395671 
76500 	 0.5490846 
77000 	 0.5979783 
77500 	 0.4892424 
78000 	 0.6292041 
78500 	 0.5913774 
79000 	 0.6303773 
79500 	 0.5529452 
80000 	 0.5585156 
80500 	 0.5724965 
81000 	 0.5364525 
81500 	 0.5420287 
82000 	 0.563509 
82500 	 0.570634 
83000 	 0.6774419 
83500 	 0.6376109 
84000 	 0.472595 
84500 	 0.542185 
85000 	 0.5601097 
85500 	 0.5250974 
86000 	 0.5267667 
86500 	 0.5578947 
87000 	 0.5481551 
87500 	 0.5549279 
88000 	 0.6534834 
88500 	 0.5569515 
89000 	 0.5448271 
89500 	 0.5529878 
90000 	 0.6020466 
90500 	 0.6200942 
91000 	 0.5537295 
91500 	 0.5702345 
92000 	 0.5752955 
92500 	 0.5835955 
93000 	 0.5794135 
93500 	 0.4760352 
94000 	 0.6856409 
94500 	 0.571645 
95000 	 0.5746494 
95500 	 0.6161004 
96000 	 0.5620372 
96500 	 0.5520665 
97000 	 0.5927765 
97500 	 0.4405482 
98000 	 0.5829223 
98500 	 0.5409394 
99000 	 0.53991 
99500 	 0.5548202 
100000 	 0.5625135 
100500 	 0.6325938 
101000 	 0.4927362 
101500 	 0.5261744 
102000 	 0.5405718 
102500 	 0.550206 
103000 	 0.5550451 
103500 	 0.4129073 
104000 	 0.6146586 
104500 	 0.5574994 
105000 	 0.546284 
105500 	 0.5318236 
106000 	 0.584987 
106500 	 0.5612309 
107000 	 0.4695524 
107500 	 0.5771983 
108000 	 0.6226441 
108500 	 0.6677483 
109000 	 0.5150364 
109500 	 0.5903259 
110000 	 0.6221107 
110500 	 0.4997411 
111000 	 0.5885324 
111500 	 0.6706642 
112000 	 0.5465453 
112500 	 0.490326 
113000 	 0.6245169 
113500 	 0.5955411 
114000 	 0.7251963 
114500 	 0.559679 
115000 	 0.592203 
115500 	 0.583743 
116000 	 0.5807812 
116500 	 0.5977222 
117000 	 0.4954792 
117500 	 0.6532837 
118000 	 0.5765384 
118500 	 0.5645084 
119000 	 0.5607386 
119500 	 0.5801226 
120000 	 0.5160023 
120500 	 0.6176995 
121000 	 0.6749312 
121500 	 0.5660079 
122000 	 0.6128992 
122500 	 0.5851374 
123000 	 0.5473443 
123500 	 0.5219675 
124000 	 0.5530373 
124500 	 0.5568375 
125000 	 0.4683605 
125500 	 0.5484083 
126000 	 0.484239 
126500 	 0.5402474 
127000 	 0.5948606 
127500 	 0.518079 
128000 	 0.5996137 
128500 	 0.5933867 
129000 	 0.5080424 
129500 	 0.6154178 
130000 	 0.6249183 
130500 	 0.5625521 
131000 	 0.6701097 
131500 	 0.5436137 
132000 	 0.5304481 
132500 	 0.5307679 
133000 	 0.5852185 
133500 	 0.6215702 
134000 	 0.5470242 
134500 	 0.5606954 
135000 	 0.6104401 
135500 	 0.5319147 
136000 	 0.5817288 
136500 	 0.6122378 
137000 	 0.6425966 
137500 	 0.5902504 
138000 	 0.5095497 
138500 	 0.6043718 
139000 	 0.5660827 
139500 	 0.6070036 
140000 	 0.6405396 
140500 	 0.6129125 
141000 	 0.5698608 
141500 	 0.6052888 
142000 	 0.5516148 
142500 	 0.4595198 
143000 	 0.5317853 
143500 	 0.6187056 
144000 	 0.5731197 
144500 	 0.6645881 
145000 	 0.6001985 
145500 	 0.5264388 
146000 	 0.5859321 
146500 	 0.5408803 
147000 	 0.5354782 
147500 	 0.6531914 
148000 	 0.6474146 
148500 	 0.5621242 
149000 	 0.5713085 
149500 	 0.610787 
150000 	 0.6529124 
150500 	 0.5656838 
151000 	 0.5605195 
151500 	 0.5809311 
152000 	 0.5777626 
152500 	 0.5278172 
153000 	 0.5413734 
153500 	 0.5650528 
154000 	 0.6079752 
154500 	 0.6141378 
155000 	 0.5781381 
155500 	 0.5737948 
156000 	 0.6205465 
156500 	 0.620243 
157000 	 0.6149572 
157500 	 0.4664976 
158000 	 0.4339015 
158500 	 0.5755517 
159000 	 0.5590978 
159500 	 0.6267091 
160000 	 0.6678744 
160500 	 0.5891021 
161000 	 0.5983306 
161500 	 0.6467287 
162000 	 0.5743138 
162500 	 0.6493614 
163000 	 0.5326064 
163500 	 0.5381865 
164000 	 0.5156399 
164500 	 0.6137549 
165000 	 0.5107945 
165500 	 0.5768601 
166000 	 0.5857207 
166500 	 0.5835793 
167000 	 0.5337379 
167500 	 0.6196312 
168000 	 0.5610349 
168500 	 0.5248472 
169000 	 0.5864721 
169500 	 0.6028231 
170000 	 0.5386885 
170500 	 0.5742782 
171000 	 0.5040375 
171500 	 0.577348 
172000 	 0.5971324 
172500 	 0.5120211 
173000 	 0.5409336 
173500 	 0.6250122 
174000 	 0.5135544 
174500 	 0.5817037 
175000 	 0.6166546 
175500 	 0.4777124 
176000 	 0.6166736 
176500 	 0.5781238 
177000 	 0.6263938 
177500 	 0.6175448 
178000 	 0.580725 
178500 	 0.6647777 
179000 	 0.647381 
179500 	 0.6049898 
180000 	 0.6603899 
180500 	 0.6346097 
181000 	 0.5573322 
181500 	 0.4888147 
182000 	 0.6270628 
182500 	 0.5551748 
183000 	 0.6105352 
183500 	 0.4975387 
184000 	 0.6050582 
184500 	 0.6396865 
185000 	 0.5716171 
185500 	 0.5738471 
186000 	 0.5928922 
186500 	 0.5104204 
187000 	 0.5097681 
187500 	 0.6457323 
188000 	 0.5186823 
188500 	 0.5438683 
189000 	 0.6336976 
189500 	 0.5617179 
190000 	 0.6257075 
190500 	 0.582923 
191000 	 0.6094769 
191500 	 0.6476572 
192000 	 0.5712634 
192500 	 0.5016729 
193000 	 0.6026161 
193500 	 0.5742638 
194000 	 0.5855533 
194500 	 0.5290027 
195000 	 0.5853265 
195500 	 0.5877559 
196000 	 0.6114111 
196500 	 0.5510018 
197000 	 0.6095327 
197500 	 0.5927588 
198000 	 0.5939049 
198500 	 0.5079416 
199000 	 0.6205694 
199500 	 0.5880389 
200000 	 0.5676545 
200500 	 0.6030728 
201000 	 0.5588263 
201500 	 0.5288264 
202000 	 0.5668748 
202500 	 0.5846854 
203000 	 0.6425811 
203500 	 0.5494995 
204000 	 0.4339651 
204500 	 0.5526259 
205000 	 0.5989534 
205500 	 0.5242839 
206000 	 0.6080781 
206500 	 0.5549361 
207000 	 0.5196211 
207500 	 0.528986 
208000 	 0.5604606 
208500 	 0.6739362 
209000 	 0.5773729 
209500 	 0.5245289 
210000 	 0.4997771 
210500 	 0.5459471 
211000 	 0.5176122 
211500 	 0.5892795 
212000 	 0.645216 
212500 	 0.5591669 
213000 	 0.5537993 
213500 	 0.673507 
214000 	 0.6074237 
214500 	 0.5636116 
215000 	 0.5927711 
215500 	 0.5875119 
216000 	 0.5955193 
216500 	 0.5939958 
217000 	 0.5908542 
217500 	 0.5520065 
218000 	 0.5301864 
218500 	 0.5401947 
219000 	 0.5976184 
219500 	 0.5682235 
220000 	 0.6116629 
220500 	 0.5870214 
221000 	 0.5895412 
221500 	 0.5107988 
222000 	 0.6524615 
222500 	 0.5821148 
223000 	 0.539691 
223500 	 0.5116194 
224000 	 0.6000966 
224500 	 0.5972541 
225000 	 0.591723 
225500 	 0.6194114 
226000 	 0.5690518 
226500 	 0.64523 
227000 	 0.5615215 
227500 	 0.5825062 
228000 	 0.5906292 
228500 	 0.5015232 
229000 	 0.567101 
229500 	 0.5730085 
230000 	 0.5244411 
230500 	 0.5142526 
231000 	 0.6496145 
231500 	 0.5467092 
232000 	 0.5740391 
232500 	 0.5819403 
233000 	 0.532666 
233500 	 0.5284988 
234000 	 0.5063527 
234500 	 0.6201199 
235000 	 0.5551529 
235500 	 0.5018364 
236000 	 0.4818335 
236500 	 0.6111081 
237000 	 0.5971109 
237500 	 0.6485846 
238000 	 0.5446894 
238500 	 0.5227371 
239000 	 0.6372624 
239500 	 0.5620881 
240000 	 0.5553786 
240500 	 0.5638791 
241000 	 0.6107597 
241500 	 0.5418928 
242000 	 0.5869596 
242500 	 0.600197 
243000 	 0.5687318 
243500 	 0.6050312 
244000 	 0.536597 
244500 	 0.6649548 
245000 	 0.6280752 
245500 	 0.6490808 
246000 	 0.588501 
246500 	 0.5555594 
247000 	 0.5597301 
247500 	 0.4888988 
248000 	 0.5783586 
248500 	 0.5386768 
249000 	 0.6328521 
249500 	 0.6128973 
250000 	 0.5125526 
250500 	 0.5788795 
251000 	 0.6364432 
251500 	 0.5463415 
252000 	 0.5650499 
252500 	 0.6135375 
253000 	 0.5290768 
253500 	 0.5860048 
254000 	 0.6027837 
254500 	 0.5037226 
255000 	 0.5509612 
255500 	 0.5853128 
256000 	 0.5644723 
256500 	 0.4974377 
257000 	 0.5628237 
257500 	 0.6610619 
258000 	 0.5718354 
258500 	 0.5357722 
259000 	 0.6062664 
259500 	 0.5682741 
260000 	 0.4831866 
260500 	 0.5301548 
261000 	 0.5363245 
261500 	 0.6213233 
262000 	 0.5772819 
262500 	 0.4839264 
263000 	 0.4973114 
263500 	 0.5873389 
264000 	 0.5997047 
264500 	 0.6303911 
265000 	 0.622497 
265500 	 0.543127 
266000 	 0.6028032 
266500 	 0.5391414 
267000 	 0.5247456 
267500 	 0.6158655 
268000 	 0.7050737 
268500 	 0.6225107 
269000 	 0.5382502 
269500 	 0.5812713 
270000 	 0.5600054 
270500 	 0.6154488 
271000 	 0.5372571 
271500 	 0.6501372 
272000 	 0.6010055 
272500 	 0.5434313 
273000 	 0.538297 
273500 	 0.4627997 
274000 	 0.569392 
274500 	 0.5967032 
275000 	 0.5636933 
275500 	 0.5665342 
276000 	 0.6171575 
276500 	 0.5428085 
277000 	 0.6261727 
277500 	 0.6878823 
278000 	 0.5092151 
278500 	 0.4803633 
279000 	 0.6342404 
279500 	 0.5328852 
280000 	 0.5505201 
280500 	 0.624211 
281000 	 0.4988573 
281500 	 0.6321384 
282000 	 0.5480451 
282500 	 0.5716119 
283000 	 0.4897334 
283500 	 0.5763875 
284000 	 0.5966744 
284500 	 0.5937226 
285000 	 0.5603489 
285500 	 0.5195334 
286000 	 0.6212855 
286500 	 0.5165278 
287000 	 0.6120339 
287500 	 0.4935229 
288000 	 0.5507203 
288500 	 0.6044474 
289000 	 0.524345 
289500 	 0.6164439 
290000 	 0.5220102 
290500 	 0.5992275 
291000 	 0.5593255 
291500 	 0.5422103 
292000 	 0.5377027 
292500 	 0.5920018 
293000 	 0.5439755 
293500 	 0.5994413 
294000 	 0.5983613 
294500 	 0.5748872 
295000 	 0.558622 
295500 	 0.5374395 
296000 	 0.5244117 
296500 	 0.6165073 
297000 	 0.5939575 
297500 	 0.4680125 
298000 	 0.494454 
298500 	 0.5828499 
299000 	 0.5653504 
299500 	 0.5461737 
300000 	 0.638946 
300500 	 0.6380367 
301000 	 0.6719091 
301500 	 0.583413 
302000 	 0.6302514 
302500 	 0.5690058 
303000 	 0.6337344 
303500 	 0.6092601 
304000 	 0.5161537 
304500 	 0.5532169 
305000 	 0.5518758 
305500 	 0.5635706 
306000 	 0.550652 
306500 	 0.5125239 
307000 	 0.5824499 
307500 	 0.5412741 
308000 	 0.6280019 
308500 	 0.5724191 
309000 	 0.5836723 
309500 	 0.6168986 
310000 	 0.5663745 
310500 	 0.4580754 
311000 	 0.5212585 
311500 	 0.6052133 
312000 	 0.5049224 
312500 	 0.6127027 
313000 	 0.6181948 
313500 	 0.6345164 
314000 	 0.5791341 
314500 	 0.5691561 
315000 	 0.5949913 
315500 	 0.5596813 
316000 	 0.5228679 
316500 	 0.540599 
317000 	 0.6563779 
317500 	 0.5291324 
318000 	 0.5619591 
318500 	 0.55534 
319000 	 0.5715442 
319500 	 0.5477427 
320000 	 0.5803047 
320500 	 0.4679356 
321000 	 0.5789619 
321500 	 0.5670875 
322000 	 0.6257907 
322500 	 0.5519126 
323000 	 0.5577703 
323500 	 0.4972076 
324000 	 0.5975333 
324500 	 0.6331556 
325000 	 0.6153969 
325500 	 0.5499608 
326000 	 0.6137403 
326500 	 0.5668544 
327000 	 0.6472317 
327500 	 0.6608799 
328000 	 0.5242902 
328500 	 0.5595894 
329000 	 0.6033959 
329500 	 0.5490662 
330000 	 0.6133161 
330500 	 0.6084036 
331000 	 0.5459058 
331500 	 0.6204741 
332000 	 0.5637202 
332500 	 0.5381217 
333000 	 0.6571851 
333500 	 0.5645873 
334000 	 0.5724822 
334500 	 0.5969304 
335000 	 0.6307921 
335500 	 0.558389 
336000 	 0.4925726 
336500 	 0.5834105 
337000 	 0.4550055 
337500 	 0.5731881 
338000 	 0.5836797 
338500 	 0.6367478 
339000 	 0.5653256 
339500 	 0.5893787 
340000 	 0.5968953 
340500 	 0.646203 
341000 	 0.5730871 
341500 	 0.6048639 
342000 	 0.5633614 
342500 	 0.5405539 
343000 	 0.5823826 
343500 	 0.5708893 
344000 	 0.5695845 
344500 	 0.6367455 
345000 	 0.6222142 
345500 	 0.6266723 
346000 	 0.620483 
346500 	 0.5732318 
347000 	 0.6049062 
347500 	 0.5076996 
348000 	 0.5299877 
348500 	 0.5405349 
349000 	 0.6199305 
349500 	 0.5195787 
350000 	 0.5602881 
350500 	 0.5888096 
351000 	 0.5678949 
351500 	 0.5447103 
352000 	 0.5567105 
352500 	 0.5494141 
353000 	 0.6353063 
353500 	 0.6040258 
354000 	 0.5230686 
354500 	 0.5891785 
355000 	 0.6402188 
355500 	 0.5840816 
356000 	 0.5531148 
356500 	 0.5435019 
357000 	 0.6486481 
357500 	 0.6343378 
358000 	 0.6170553 
358500 	 0.6086702 
359000 	 0.5554532 
359500 	 0.5629285 
360000 	 0.6166111 
360500 	 0.6432371 
361000 	 0.6532547 
361500 	 0.5755676 
362000 	 0.5782505 
362500 	 0.5426339 
363000 	 0.6441578 
363500 	 0.5483478 
364000 	 0.5842712 
364500 	 0.5494198 
365000 	 0.5539945 
365500 	 0.5647295 
366000 	 0.6472182 
366500 	 0.548994 
367000 	 0.6372842 
367500 	 0.5494119 
368000 	 0.4977687 
368500 	 0.5176138 
369000 	 0.5186188 
369500 	 0.6284405 
370000 	 0.7040221 
370500 	 0.5640353 
371000 	 0.6578904 
371500 	 0.5595894 
372000 	 0.6090245 
372500 	 0.6383007 
373000 	 0.5332164 
373500 	 0.5703979 
374000 	 0.5475405 
374500 	 0.6512401 
375000 	 0.5996819 
375500 	 0.5012343 
376000 	 0.6303179 
376500 	 0.626927 
377000 	 0.5546777 
377500 	 0.5258475 
378000 	 0.6138311 
378500 	 0.6406887 
379000 	 0.6867433 
379500 	 0.5457647 
380000 	 0.5640139 
380500 	 0.5720177 
381000 	 0.5983585 
381500 	 0.6103792 
382000 	 0.5622826 
382500 	 0.5403112 
383000 	 0.4310975 
383500 	 0.5777646 
384000 	 0.6101365 
384500 	 0.6000099 
385000 	 0.5912292 
385500 	 0.5722913 
386000 	 0.5456608 
386500 	 0.658841 
387000 	 0.5432397 
387500 	 0.590227 
388000 	 0.5479418 
388500 	 0.5110291 
389000 	 0.4608954 
389500 	 0.4831494 
390000 	 0.5466724 
390500 	 0.5444593 
391000 	 0.6337562 
391500 	 0.5405838 
392000 	 0.5636337 
392500 	 0.5904006 
393000 	 0.5389736 
393500 	 0.5667903 
394000 	 0.6607048 
394500 	 0.6473637 
395000 	 0.6058789 
395500 	 0.6093409 
396000 	 0.6098655 
396500 	 0.5832004 
397000 	 0.6882835 
397500 	 0.6007465 
398000 	 0.5536916 
398500 	 0.5779697 
399000 	 0.582174 
399500 	 0.6343898 
400000 	 0.6435279 
400500 	 0.5029661 
401000 	 0.5999451 
401500 	 0.5886366 
402000 	 0.543296 
402500 	 0.5664717 
403000 	 0.5785783 
403500 	 0.6059552 
404000 	 0.577449 
404500 	 0.6128358 
405000 	 0.5994054 
405500 	 0.5292476 
406000 	 0.53523 
406500 	 0.5340466 
407000 	 0.5489555 
407500 	 0.5870496 
408000 	 0.6211598 
408500 	 0.5351484 
409000 	 0.5180242 
409500 	 0.5405396 
410000 	 0.6361707 
410500 	 0.5528778 
411000 	 0.5533299 
411500 	 0.67481 
412000 	 0.7047824 
412500 	 0.5620695 
413000 	 0.5611776 
413500 	 0.5860614 
414000 	 0.5765188 
414500 	 0.598391 
415000 	 0.5566719 
415500 	 0.4926824 
416000 	 0.578882 
416500 	 0.6124764 
417000 	 0.5792803 
417500 	 0.5267284 
418000 	 0.532166 
418500 	 0.5360687 
419000 	 0.6032861 
419500 	 0.6747474 
420000 	 0.5440419 
420500 	 0.5774961 
421000 	 0.5974251 
421500 	 0.5806242 
422000 	 0.5638593 
422500 	 0.5831561 
423000 	 0.6351206 
423500 	 0.5919139 
424000 	 0.5058232 
424500 	 0.5003093 
425000 	 0.6242881 
425500 	 0.5450303 
426000 	 0.5262488 
426500 	 0.6285295 
427000 	 0.6528491 
427500 	 0.5594373 
428000 	 0.5850945 
428500 	 0.6376089 
429000 	 0.5629114 
429500 	 0.6385744 
430000 	 0.6184289 
430500 	 0.5702256 
431000 	 0.5867522 
431500 	 0.5399787 
432000 	 0.6116399 
432500 	 0.6229489 
433000 	 0.5430005 
433500 	 0.5618447 
434000 	 0.5787531 
434500 	 0.5784463 
435000 	 0.517589 
435500 	 0.59935 
436000 	 0.5474557 
436500 	 0.5640403 
437000 	 0.5120747 
437500 	 0.5378929 
438000 	 0.4093711 
438500 	 0.6289008 
439000 	 0.6134608 
439500 	 0.6438496 
440000 	 0.5806243 
440500 	 0.7249812 
441000 	 0.6317392 
441500 	 0.4824668 
442000 	 0.709344 
442500 	 0.5192892 
443000 	 0.5820573 
443500 	 0.4909379 
444000 	 0.5905491 
444500 	 0.4959336 
445000 	 0.6256214 
445500 	 0.5391022 
446000 	 0.5363681 
446500 	 0.5913019 
447000 	 0.5470222 
447500 	 0.622718 
448000 	 0.5392716 
448500 	 0.6190132 
449000 	 0.5273643 
449500 	 0.5803756 
450000 	 0.55021 
450500 	 0.5917387 
451000 	 0.4983864 
451500 	 0.5686433 
452000 	 0.5968473 
452500 	 0.5446427 
453000 	 0.5051189 
453500 	 0.5721812 
454000 	 0.5442589 
454500 	 0.5155315 
455000 	 0.6489852 
455500 	 0.5832727 
456000 	 0.5712427 
456500 	 0.4862006 
457000 	 0.5982486 
457500 	 0.5689704 
458000 	 0.6023645 
458500 	 0.5660165 
459000 	 0.6282647 
459500 	 0.5829499 
460000 	 0.5812015 
460500 	 0.6374479 
461000 	 0.5272998 
461500 	 0.5564856 
462000 	 0.524684 
462500 	 0.6535085 
463000 	 0.6879169 
463500 	 0.6641421 
464000 	 0.5209662 
464500 	 0.6194604 
465000 	 0.5665597 
465500 	 0.5929616 
466000 	 0.5397071 
466500 	 0.5501507 
467000 	 0.6239755 
467500 	 0.5745974 
468000 	 0.5609332 
468500 	 0.5053922 
469000 	 0.7131614 
469500 	 0.5307188 
470000 	 0.6571969 
470500 	 0.5981169 
471000 	 0.4753154 
471500 	 0.5936889 
472000 	 0.5384042 
472500 	 0.5487786 
473000 	 0.4712551 
473500 	 0.6595286 
474000 	 0.5090966 
474500 	 0.610059 
475000 	 0.5988771 
475500 	 0.537156 
476000 	 0.6153313 
476500 	 0.5279241 
477000 	 0.6085485 
477500 	 0.6073886 
478000 	 0.5732941 
478500 	 0.5756425 
479000 	 0.5969729 
479500 	 0.5605247 
480000 	 0.569807 
480500 	 0.5868385 
481000 	 0.6172054 
481500 	 0.682027 
482000 	 0.6019375 
482500 	 0.5821414 
483000 	 0.5267038 
483500 	 0.5714118 
484000 	 0.5032339 
484500 	 0.6232184 
485000 	 0.6577801 
485500 	 0.5761711 
486000 	 0.5780651 
486500 	 0.629296 
487000 	 0.5865317 
487500 	 0.5565749 
488000 	 0.5960422 
488500 	 0.5224765 
489000 	 0.6003058 
489500 	 0.6178214 
490000 	 0.5524397 
490500 	 0.714031 
491000 	 0.5446307 
491500 	 0.5776391 
492000 	 0.5906188 
492500 	 0.5327281 
493000 	 0.6023656 
493500 	 0.5926241 
494000 	 0.4692267 
494500 	 0.5365136 
495000 	 0.6345512 
495500 	 0.6360043 
496000 	 0.6258837 
496500 	 0.6112222 
497000 	 0.5653824 
497500 	 0.6077394 
498000 	 0.5476923 
498500 	 0.6080959 
499000 	 0.6326251 
499500 	 0.5217714 
500000 	 0.5584905 
