iter 	 p
500 	 0.2710409 
1000 	 0.2295438 
1500 	 0.3236853 
2000 	 0.2655035 
2500 	 0.2622743 
3000 	 0.2629024 
3500 	 0.2810952 
4000 	 0.2239099 
4500 	 0.226327 
5000 	 0.3186288 
5500 	 0.2566403 
6000 	 0.299831 
6500 	 0.2161643 
7000 	 0.316371 
7500 	 0.3678287 
8000 	 0.2700261 
8500 	 0.2492653 
9000 	 0.3035036 
9500 	 0.2189719 
10000 	 0.2664499 
10500 	 0.3477725 
11000 	 0.266714 
11500 	 0.2751799 
12000 	 0.2731088 
12500 	 0.2727456 
13000 	 0.2078542 
13500 	 0.2520032 
14000 	 0.2485304 
14500 	 0.3426965 
15000 	 0.2286369 
15500 	 0.3020326 
16000 	 0.2682399 
16500 	 0.2750912 
17000 	 0.1868073 
17500 	 0.3542405 
18000 	 0.2793801 
18500 	 0.2213359 
19000 	 0.2094618 
19500 	 0.3329534 
20000 	 0.2031856 
20500 	 0.2035589 
21000 	 0.3217735 
21500 	 0.1946832 
22000 	 0.3625813 
22500 	 0.2881282 
23000 	 0.2597888 
23500 	 0.3652341 
24000 	 0.2090935 
24500 	 0.2972327 
25000 	 0.2833257 
25500 	 0.2328053 
26000 	 0.307368 
26500 	 0.3650413 
27000 	 0.3093172 
27500 	 0.2908276 
28000 	 0.3110179 
28500 	 0.3095033 
29000 	 0.1998702 
29500 	 0.3130375 
30000 	 0.2227934 
30500 	 0.297853 
31000 	 0.2952865 
31500 	 0.2538308 
32000 	 0.2480279 
32500 	 0.3200893 
33000 	 0.3412648 
33500 	 0.2376449 
34000 	 0.2846213 
34500 	 0.2791528 
35000 	 0.2370431 
35500 	 0.2295044 
36000 	 0.255127 
36500 	 0.2640262 
37000 	 0.2827874 
37500 	 0.211924 
38000 	 0.1723783 
38500 	 0.3347444 
39000 	 0.1898161 
39500 	 0.2448499 
40000 	 0.2754753 
40500 	 0.220368 
41000 	 0.24931 
41500 	 0.1658315 
42000 	 0.3197276 
42500 	 0.1919908 
43000 	 0.2672647 
43500 	 0.2424781 
44000 	 0.2283638 
44500 	 0.3419564 
45000 	 0.252495 
45500 	 0.2917325 
46000 	 0.2713132 
46500 	 0.3166165 
47000 	 0.2636492 
47500 	 0.1940897 
48000 	 0.3151785 
48500 	 0.3384477 
49000 	 0.2305495 
49500 	 0.3285792 
50000 	 0.3239062 
50500 	 0.2724592 
51000 	 0.2442995 
51500 	 0.1979173 
52000 	 0.1732584 
52500 	 0.3425257 
53000 	 0.2730112 
53500 	 0.3091327 
54000 	 0.3106825 
54500 	 0.2593465 
55000 	 0.2340417 
55500 	 0.2553608 
56000 	 0.2988576 
56500 	 0.2777932 
57000 	 0.1962301 
57500 	 0.2884402 
58000 	 0.3025824 
58500 	 0.2618696 
59000 	 0.2902987 
59500 	 0.2464134 
60000 	 0.2208701 
60500 	 0.3110596 
61000 	 0.3105395 
61500 	 0.2553962 
62000 	 0.3131716 
62500 	 0.267242 
63000 	 0.266514 
63500 	 0.290533 
64000 	 0.2879636 
64500 	 0.2797974 
65000 	 0.260493 
65500 	 0.292946 
66000 	 0.2453856 
66500 	 0.2387066 
67000 	 0.3080184 
67500 	 0.2551082 
68000 	 0.178035 
68500 	 0.2274266 
69000 	 0.313103 
69500 	 0.2799683 
70000 	 0.2207533 
70500 	 0.2748549 
71000 	 0.3166696 
71500 	 0.2392592 
72000 	 0.223626 
72500 	 0.3407019 
73000 	 0.3081325 
73500 	 0.2121927 
74000 	 0.2602568 
74500 	 0.1817652 
75000 	 0.2588135 
75500 	 0.2305834 
76000 	 0.3548396 
76500 	 0.2727147 
77000 	 0.2476925 
77500 	 0.2236094 
78000 	 0.26813 
78500 	 0.2489158 
79000 	 0.2711086 
79500 	 0.2865375 
80000 	 0.1902587 
80500 	 0.3271728 
81000 	 0.2773181 
81500 	 0.2435752 
82000 	 0.2733037 
82500 	 0.2580657 
83000 	 0.3219686 
83500 	 0.3057576 
84000 	 0.2317249 
84500 	 0.2513432 
85000 	 0.2579858 
85500 	 0.1699595 
86000 	 0.2832276 
86500 	 0.1942391 
87000 	 0.2633439 
87500 	 0.2533557 
88000 	 0.2904339 
88500 	 0.2941569 
89000 	 0.2507843 
89500 	 0.2603454 
90000 	 0.2745866 
90500 	 0.3346899 
91000 	 0.3183463 
91500 	 0.212262 
92000 	 0.2034509 
92500 	 0.3337931 
93000 	 0.2329546 
93500 	 0.2293769 
94000 	 0.3136455 
94500 	 0.1885945 
95000 	 0.2646737 
95500 	 0.2244971 
96000 	 0.324096 
96500 	 0.2566876 
97000 	 0.2200312 
97500 	 0.3041201 
98000 	 0.2101502 
98500 	 0.3064609 
99000 	 0.3270019 
99500 	 0.3629981 
100000 	 0.2454896 
100500 	 0.2850442 
101000 	 0.244692 
101500 	 0.2312716 
102000 	 0.2966263 
102500 	 0.2834364 
103000 	 0.256933 
103500 	 0.2547945 
104000 	 0.3571644 
104500 	 0.3098817 
105000 	 0.3183735 
105500 	 0.2068306 
106000 	 0.2639679 
106500 	 0.3151618 
107000 	 0.2299265 
107500 	 0.2810922 
108000 	 0.2441783 
108500 	 0.3113658 
109000 	 0.276833 
109500 	 0.3201386 
110000 	 0.2761152 
110500 	 0.3051085 
111000 	 0.342796 
111500 	 0.2586408 
112000 	 0.1872357 
112500 	 0.2964979 
113000 	 0.2614159 
113500 	 0.2557422 
114000 	 0.2912957 
114500 	 0.2057872 
115000 	 0.3168058 
115500 	 0.2720301 
116000 	 0.3035746 
116500 	 0.3132933 
117000 	 0.3322945 
117500 	 0.3102964 
118000 	 0.308667 
118500 	 0.2288104 
119000 	 0.2182425 
119500 	 0.287675 
120000 	 0.2656264 
120500 	 0.3050698 
121000 	 0.2678946 
121500 	 0.2323449 
122000 	 0.2912752 
122500 	 0.2955685 
123000 	 0.2210395 
123500 	 0.2558272 
124000 	 0.2254272 
124500 	 0.3482385 
125000 	 0.2805162 
125500 	 0.2726672 
126000 	 0.3377792 
126500 	 0.348789 
127000 	 0.2829558 
127500 	 0.2787244 
128000 	 0.2531692 
128500 	 0.1951477 
129000 	 0.3795579 
129500 	 0.2732709 
130000 	 0.1848763 
130500 	 0.2504714 
131000 	 0.2949795 
131500 	 0.2934203 
132000 	 0.2728171 
132500 	 0.2595415 
133000 	 0.3136898 
133500 	 0.2392044 
134000 	 0.3145375 
134500 	 0.256335 
135000 	 0.2892849 
135500 	 0.2440128 
136000 	 0.2242524 
136500 	 0.2821915 
137000 	 0.2328474 
137500 	 0.2365839 
138000 	 0.2523068 
138500 	 0.2060877 
139000 	 0.3105106 
139500 	 0.3025385 
140000 	 0.2386955 
140500 	 0.3057043 
141000 	 0.227297 
141500 	 0.3024133 
142000 	 0.2898773 
142500 	 0.2799383 
143000 	 0.3211333 
143500 	 0.2489439 
144000 	 0.2196304 
144500 	 0.2974359 
145000 	 0.2289167 
145500 	 0.2706227 
146000 	 0.2867672 
146500 	 0.2637967 
147000 	 0.2323791 
147500 	 0.2460401 
148000 	 0.2336262 
148500 	 0.1915922 
149000 	 0.2949797 
149500 	 0.2560628 
150000 	 0.2241083 
150500 	 0.2480359 
151000 	 0.2323623 
151500 	 0.3599854 
152000 	 0.2255001 
152500 	 0.2499127 
153000 	 0.2346237 
153500 	 0.2929196 
154000 	 0.307789 
154500 	 0.2926996 
155000 	 0.2577837 
155500 	 0.2569728 
156000 	 0.2308852 
156500 	 0.2380632 
157000 	 0.2203725 
157500 	 0.2884378 
158000 	 0.2140079 
158500 	 0.28703 
159000 	 0.3277034 
159500 	 0.2960593 
160000 	 0.263377 
160500 	 0.2690365 
161000 	 0.2417614 
161500 	 0.2241445 
162000 	 0.320618 
162500 	 0.3146747 
163000 	 0.239646 
163500 	 0.2287058 
164000 	 0.2742933 
164500 	 0.2701765 
165000 	 0.2358195 
165500 	 0.189381 
166000 	 0.2829041 
166500 	 0.2980421 
167000 	 0.2471253 
167500 	 0.281344 
168000 	 0.3221493 
168500 	 0.2523593 
169000 	 0.2930221 
169500 	 0.2777966 
170000 	 0.2464626 
170500 	 0.2685597 
171000 	 0.3090946 
171500 	 0.2299497 
172000 	 0.2504145 
172500 	 0.3400318 
173000 	 0.2407416 
173500 	 0.3004786 
174000 	 0.295759 
174500 	 0.2114969 
175000 	 0.2386212 
175500 	 0.2663795 
176000 	 0.3476359 
176500 	 0.2561242 
177000 	 0.3064359 
177500 	 0.2936115 
178000 	 0.2932123 
178500 	 0.2211828 
179000 	 0.3675892 
179500 	 0.2494813 
180000 	 0.2408354 
180500 	 0.298178 
181000 	 0.2793913 
181500 	 0.2676075 
182000 	 0.3351703 
182500 	 0.2938506 
183000 	 0.2043511 
183500 	 0.1993459 
184000 	 0.2793391 
184500 	 0.2393568 
185000 	 0.2596249 
185500 	 0.2615407 
186000 	 0.2806685 
186500 	 0.2238851 
187000 	 0.2715359 
187500 	 0.305017 
188000 	 0.2893647 
188500 	 0.2294918 
189000 	 0.2698655 
189500 	 0.2367307 
190000 	 0.213195 
190500 	 0.276464 
191000 	 0.3153698 
191500 	 0.2719274 
192000 	 0.2993927 
192500 	 0.2308145 
193000 	 0.2692653 
193500 	 0.2157649 
194000 	 0.2649415 
194500 	 0.2526632 
195000 	 0.2233172 
195500 	 0.2355321 
196000 	 0.3214035 
196500 	 0.2288479 
197000 	 0.2858941 
197500 	 0.2247666 
198000 	 0.2519757 
198500 	 0.2475401 
199000 	 0.2572229 
199500 	 0.2704997 
200000 	 0.2929514 
200500 	 0.3250548 
201000 	 0.2564751 
201500 	 0.3467817 
202000 	 0.2500903 
202500 	 0.2792416 
203000 	 0.1695404 
203500 	 0.2729673 
204000 	 0.2928309 
204500 	 0.34066 
205000 	 0.2173047 
205500 	 0.2344666 
206000 	 0.2244991 
206500 	 0.2163477 
207000 	 0.2950711 
207500 	 0.227206 
208000 	 0.2411513 
208500 	 0.2570247 
209000 	 0.226609 
209500 	 0.2441219 
210000 	 0.3111535 
210500 	 0.3141163 
211000 	 0.3081476 
211500 	 0.2334885 
212000 	 0.2290446 
212500 	 0.3411572 
213000 	 0.2810011 
213500 	 0.2406835 
214000 	 0.3177234 
214500 	 0.2731336 
215000 	 0.2779994 
215500 	 0.2423567 
216000 	 0.2041633 
216500 	 0.210342 
217000 	 0.2019283 
217500 	 0.2435294 
218000 	 0.2528746 
218500 	 0.2589037 
219000 	 0.2706277 
219500 	 0.2431751 
220000 	 0.3100785 
220500 	 0.2815426 
221000 	 0.2683154 
221500 	 0.2287533 
222000 	 0.2935706 
222500 	 0.3273528 
223000 	 0.2509159 
223500 	 0.274521 
224000 	 0.1906377 
224500 	 0.1997328 
225000 	 0.2237533 
225500 	 0.2411897 
226000 	 0.2604883 
226500 	 0.3168958 
227000 	 0.2902917 
227500 	 0.3544728 
228000 	 0.2624142 
228500 	 0.3010856 
229000 	 0.3532824 
229500 	 0.2733702 
230000 	 0.3335021 
230500 	 0.2821374 
231000 	 0.2587071 
231500 	 0.3033042 
232000 	 0.2304487 
232500 	 0.2809972 
233000 	 0.2651774 
233500 	 0.2841357 
234000 	 0.2669274 
234500 	 0.2595884 
235000 	 0.3210036 
235500 	 0.2514538 
236000 	 0.2693905 
236500 	 0.241227 
237000 	 0.2223428 
237500 	 0.2871934 
238000 	 0.22077 
238500 	 0.2950786 
239000 	 0.2196409 
239500 	 0.2347933 
240000 	 0.2627628 
240500 	 0.2541273 
241000 	 0.2481345 
241500 	 0.2400996 
242000 	 0.3230105 
242500 	 0.3107034 
243000 	 0.3439626 
243500 	 0.2953045 
244000 	 0.2778797 
244500 	 0.3200228 
245000 	 0.2384725 
245500 	 0.2208855 
246000 	 0.2265809 
246500 	 0.2265975 
247000 	 0.2221933 
247500 	 0.1763975 
248000 	 0.3238573 
248500 	 0.3309246 
249000 	 0.2419185 
249500 	 0.2791146 
250000 	 0.35016 
250500 	 0.2771039 
251000 	 0.2794878 
251500 	 0.1854667 
252000 	 0.3079871 
252500 	 0.1884652 
253000 	 0.3005934 
253500 	 0.2489989 
254000 	 0.1915488 
254500 	 0.1873108 
255000 	 0.2634724 
255500 	 0.2371982 
256000 	 0.2882692 
256500 	 0.2777174 
257000 	 0.2558897 
257500 	 0.2662642 
258000 	 0.3408362 
258500 	 0.261058 
259000 	 0.2329805 
259500 	 0.2642607 
260000 	 0.3202334 
260500 	 0.2241405 
261000 	 0.3276851 
261500 	 0.2684304 
262000 	 0.2441456 
262500 	 0.3124198 
263000 	 0.3553717 
263500 	 0.2414275 
264000 	 0.2627945 
264500 	 0.2579896 
265000 	 0.2279842 
265500 	 0.2284123 
266000 	 0.3009389 
266500 	 0.2328632 
267000 	 0.2505683 
267500 	 0.31834 
268000 	 0.291255 
268500 	 0.2660478 
269000 	 0.3586085 
269500 	 0.3283519 
270000 	 0.3065153 
270500 	 0.296916 
271000 	 0.2398892 
271500 	 0.2723594 
272000 	 0.2997395 
272500 	 0.2481364 
273000 	 0.2444598 
273500 	 0.4113671 
274000 	 0.1713775 
274500 	 0.2809753 
275000 	 0.2357836 
275500 	 0.2327401 
276000 	 0.2765027 
276500 	 0.2590283 
277000 	 0.2632581 
277500 	 0.2616217 
278000 	 0.2991803 
278500 	 0.1956973 
279000 	 0.2837468 
279500 	 0.2476038 
280000 	 0.2650337 
280500 	 0.3565211 
281000 	 0.3039879 
281500 	 0.2717067 
282000 	 0.2944417 
282500 	 0.2691942 
283000 	 0.2346424 
283500 	 0.2622791 
284000 	 0.2667652 
284500 	 0.2284968 
285000 	 0.2809752 
285500 	 0.283366 
286000 	 0.349118 
286500 	 0.2548736 
287000 	 0.2815803 
287500 	 0.2600677 
288000 	 0.3486696 
288500 	 0.3427559 
289000 	 0.2810532 
289500 	 0.2248726 
290000 	 0.331358 
290500 	 0.2755313 
291000 	 0.3125375 
291500 	 0.3149223 
292000 	 0.3426488 
292500 	 0.3689459 
293000 	 0.313936 
293500 	 0.2919633 
294000 	 0.2187932 
294500 	 0.3700495 
295000 	 0.2736319 
295500 	 0.2500632 
296000 	 0.346294 
296500 	 0.2838506 
297000 	 0.2563508 
297500 	 0.2533394 
298000 	 0.2271149 
298500 	 0.2714746 
299000 	 0.3270441 
299500 	 0.2902632 
300000 	 0.2980421 
300500 	 0.2476074 
301000 	 0.23698 
301500 	 0.2604948 
302000 	 0.2668762 
302500 	 0.2539975 
303000 	 0.2888999 
303500 	 0.2251273 
304000 	 0.2538806 
304500 	 0.3199526 
305000 	 0.2893694 
305500 	 0.2953585 
306000 	 0.3118658 
306500 	 0.2825401 
307000 	 0.3071381 
307500 	 0.2483049 
308000 	 0.2270424 
308500 	 0.2124294 
309000 	 0.2404252 
309500 	 0.2480247 
310000 	 0.3420961 
310500 	 0.3250727 
311000 	 0.2336348 
311500 	 0.3359324 
312000 	 0.2581244 
312500 	 0.29741 
313000 	 0.3230939 
313500 	 0.2632854 
314000 	 0.2877853 
314500 	 0.283721 
315000 	 0.3044707 
315500 	 0.2467115 
316000 	 0.2448871 
316500 	 0.2523263 
317000 	 0.2269136 
317500 	 0.33984 
318000 	 0.2210492 
318500 	 0.277613 
319000 	 0.2302882 
319500 	 0.1963149 
320000 	 0.2787357 
320500 	 0.3406138 
321000 	 0.2365488 
321500 	 0.2899408 
322000 	 0.2662663 
322500 	 0.26563 
323000 	 0.2452514 
323500 	 0.2722429 
324000 	 0.282584 
324500 	 0.2358297 
325000 	 0.2393448 
325500 	 0.2183648 
326000 	 0.2685323 
326500 	 0.2970298 
327000 	 0.2609425 
327500 	 0.2403199 
328000 	 0.2907196 
328500 	 0.3194408 
329000 	 0.2352673 
329500 	 0.3078043 
330000 	 0.2885102 
330500 	 0.2799913 
331000 	 0.2472551 
331500 	 0.2120062 
332000 	 0.2815736 
332500 	 0.2985406 
333000 	 0.2296166 
333500 	 0.2531999 
334000 	 0.3526686 
334500 	 0.2763242 
335000 	 0.3216209 
335500 	 0.2213843 
336000 	 0.29675 
336500 	 0.1990749 
337000 	 0.2951509 
337500 	 0.2180745 
338000 	 0.2568202 
338500 	 0.1739277 
339000 	 0.245249 
339500 	 0.2127015 
340000 	 0.2451799 
340500 	 0.2250295 
341000 	 0.270465 
341500 	 0.2788521 
342000 	 0.1782668 
342500 	 0.2707303 
343000 	 0.2594124 
343500 	 0.2927977 
344000 	 0.3695645 
344500 	 0.2458526 
345000 	 0.4067491 
345500 	 0.2477655 
346000 	 0.2329734 
346500 	 0.284516 
347000 	 0.3118178 
347500 	 0.2427247 
348000 	 0.2387021 
348500 	 0.1902262 
349000 	 0.2689055 
349500 	 0.2130746 
350000 	 0.2230211 
350500 	 0.2088976 
351000 	 0.2938604 
351500 	 0.2733247 
352000 	 0.2515349 
352500 	 0.3456557 
353000 	 0.2977129 
353500 	 0.3018069 
354000 	 0.2153889 
354500 	 0.2791632 
355000 	 0.2523691 
355500 	 0.3252686 
356000 	 0.2854569 
356500 	 0.3806329 
357000 	 0.2301595 
357500 	 0.2281324 
358000 	 0.2972318 
358500 	 0.2901768 
359000 	 0.2340882 
359500 	 0.2503793 
360000 	 0.2263468 
360500 	 0.2252441 
361000 	 0.2616404 
361500 	 0.2821778 
362000 	 0.2405522 
362500 	 0.3225378 
363000 	 0.2394864 
363500 	 0.2396818 
364000 	 0.2557018 
364500 	 0.2174933 
365000 	 0.2667204 
365500 	 0.2287577 
366000 	 0.3269455 
366500 	 0.2597633 
367000 	 0.2167758 
367500 	 0.294095 
368000 	 0.3289642 
368500 	 0.3157647 
369000 	 0.2233377 
369500 	 0.2649932 
370000 	 0.2706146 
370500 	 0.2191592 
371000 	 0.3082577 
371500 	 0.2229942 
372000 	 0.2627703 
372500 	 0.2458395 
373000 	 0.2156333 
373500 	 0.2567349 
374000 	 0.2809792 
374500 	 0.2937041 
375000 	 0.3118581 
375500 	 0.2778868 
376000 	 0.2406134 
376500 	 0.1854394 
377000 	 0.3167458 
377500 	 0.3507082 
378000 	 0.239641 
378500 	 0.2776453 
379000 	 0.2197913 
379500 	 0.2467501 
380000 	 0.3268407 
380500 	 0.3233913 
381000 	 0.2423069 
381500 	 0.2028273 
382000 	 0.2756406 
382500 	 0.2540696 
383000 	 0.2444982 
383500 	 0.3224866 
384000 	 0.2533607 
384500 	 0.3126437 
385000 	 0.2801804 
385500 	 0.2564377 
386000 	 0.2765821 
386500 	 0.2708295 
387000 	 0.1937106 
387500 	 0.3393999 
388000 	 0.3073048 
388500 	 0.1911807 
389000 	 0.2873825 
389500 	 0.2583076 
390000 	 0.2200015 
390500 	 0.2450221 
391000 	 0.2729447 
391500 	 0.1979473 
392000 	 0.2587137 
392500 	 0.2691436 
393000 	 0.254964 
393500 	 0.2671838 
394000 	 0.2865668 
394500 	 0.2390827 
395000 	 0.2519905 
395500 	 0.306798 
396000 	 0.3068119 
396500 	 0.2951862 
397000 	 0.2944858 
397500 	 0.2532397 
398000 	 0.2609774 
398500 	 0.2477985 
399000 	 0.2595475 
399500 	 0.3111365 
400000 	 0.2688833 
400500 	 0.2342811 
401000 	 0.3081217 
401500 	 0.261495 
402000 	 0.2859979 
402500 	 0.2964497 
403000 	 0.3243652 
403500 	 0.3428282 
404000 	 0.2370061 
404500 	 0.3022553 
405000 	 0.3137714 
405500 	 0.3411097 
406000 	 0.23756 
406500 	 0.349586 
407000 	 0.180778 
407500 	 0.3342466 
408000 	 0.2919515 
408500 	 0.3202733 
409000 	 0.2626025 
409500 	 0.2254125 
410000 	 0.3052372 
410500 	 0.2550562 
411000 	 0.2348021 
411500 	 0.2955962 
412000 	 0.2211631 
412500 	 0.2860998 
413000 	 0.4187381 
413500 	 0.2244416 
414000 	 0.263699 
414500 	 0.2744744 
415000 	 0.3126144 
415500 	 0.2768073 
416000 	 0.3090121 
416500 	 0.2789113 
417000 	 0.2634093 
417500 	 0.2930248 
418000 	 0.2988802 
418500 	 0.2285839 
419000 	 0.2345817 
419500 	 0.2947624 
420000 	 0.245253 
420500 	 0.2667229 
421000 	 0.2273688 
421500 	 0.2416771 
422000 	 0.1681492 
422500 	 0.2774805 
423000 	 0.3414088 
423500 	 0.3148174 
424000 	 0.2408167 
424500 	 0.2650274 
425000 	 0.2720345 
425500 	 0.3382022 
426000 	 0.2896743 
426500 	 0.2905095 
427000 	 0.2191313 
427500 	 0.2586059 
428000 	 0.2866593 
428500 	 0.2924976 
429000 	 0.2617961 
429500 	 0.2891868 
430000 	 0.2111024 
430500 	 0.3003879 
431000 	 0.2594366 
431500 	 0.2370846 
432000 	 0.4072761 
432500 	 0.3241847 
433000 	 0.3188973 
433500 	 0.273906 
434000 	 0.2436585 
434500 	 0.2518322 
435000 	 0.2865563 
435500 	 0.2488957 
436000 	 0.3444885 
436500 	 0.2049149 
437000 	 0.3036326 
437500 	 0.348814 
438000 	 0.1536195 
438500 	 0.2758657 
439000 	 0.2393508 
439500 	 0.3161321 
440000 	 0.2364431 
440500 	 0.3002017 
441000 	 0.2855299 
441500 	 0.1987657 
442000 	 0.2529947 
442500 	 0.263893 
443000 	 0.2774164 
443500 	 0.2415393 
444000 	 0.230828 
444500 	 0.2295336 
445000 	 0.3822113 
445500 	 0.3111859 
446000 	 0.3312417 
446500 	 0.3025049 
447000 	 0.2647827 
447500 	 0.317504 
448000 	 0.2046568 
448500 	 0.3636182 
449000 	 0.2042743 
449500 	 0.2997259 
450000 	 0.2300369 
450500 	 0.2634952 
451000 	 0.3293241 
451500 	 0.2284666 
452000 	 0.2297116 
452500 	 0.2602663 
453000 	 0.282289 
453500 	 0.233739 
454000 	 0.2682607 
454500 	 0.2394438 
455000 	 0.245234 
455500 	 0.2587085 
456000 	 0.2391569 
456500 	 0.2340265 
457000 	 0.2466908 
457500 	 0.3293866 
458000 	 0.3111212 
458500 	 0.2364222 
459000 	 0.2402462 
459500 	 0.26886 
460000 	 0.259332 
460500 	 0.2594346 
461000 	 0.3008988 
461500 	 0.2779149 
462000 	 0.3333721 
462500 	 0.2675838 
463000 	 0.2779044 
463500 	 0.2051381 
464000 	 0.297823 
464500 	 0.2349617 
465000 	 0.289626 
465500 	 0.3454049 
466000 	 0.29704 
466500 	 0.2182153 
467000 	 0.3150751 
467500 	 0.301676 
468000 	 0.2494252 
468500 	 0.3014461 
469000 	 0.2631094 
469500 	 0.238309 
470000 	 0.2990044 
470500 	 0.2770808 
471000 	 0.2083282 
471500 	 0.2955734 
472000 	 0.2390405 
472500 	 0.2758183 
473000 	 0.2798042 
473500 	 0.2734451 
474000 	 0.310798 
474500 	 0.2381127 
475000 	 0.2687346 
475500 	 0.2086234 
476000 	 0.4137643 
476500 	 0.2864044 
477000 	 0.2058713 
477500 	 0.2134614 
478000 	 0.2357657 
478500 	 0.2610435 
479000 	 0.2796668 
479500 	 0.3156772 
480000 	 0.2795174 
480500 	 0.3619227 
481000 	 0.2445302 
481500 	 0.2791619 
482000 	 0.2337446 
482500 	 0.1912181 
483000 	 0.3000739 
483500 	 0.3338976 
484000 	 0.2346628 
484500 	 0.2124496 
485000 	 0.2434578 
485500 	 0.2965234 
486000 	 0.2437932 
486500 	 0.2637082 
487000 	 0.2345001 
487500 	 0.2235991 
488000 	 0.2270845 
488500 	 0.2549774 
489000 	 0.2817931 
489500 	 0.2673282 
490000 	 0.2907477 
490500 	 0.2780721 
491000 	 0.2133737 
491500 	 0.351772 
492000 	 0.2724933 
492500 	 0.3283359 
493000 	 0.2505093 
493500 	 0.3426971 
494000 	 0.3072349 
494500 	 0.2050083 
495000 	 0.2908465 
495500 	 0.3066336 
496000 	 0.3081987 
496500 	 0.2219299 
497000 	 0.2017923 
497500 	 0.2791127 
498000 	 0.3372237 
498500 	 0.2109143 
499000 	 0.3366037 
499500 	 0.2318782 
500000 	 0.3352591 
