iter 	 p
500 	 0.2422569 
1000 	 0.2586064 
1500 	 0.2840607 
2000 	 0.2014662 
2500 	 0.1632821 
3000 	 0.206912 
3500 	 0.2069598 
4000 	 0.1825255 
4500 	 0.1919467 
5000 	 0.257953 
5500 	 0.1290126 
6000 	 0.1999272 
6500 	 0.2752734 
7000 	 0.1766842 
7500 	 0.1749233 
8000 	 0.1744549 
8500 	 0.1550385 
9000 	 0.2759524 
9500 	 0.2100297 
10000 	 0.2582207 
10500 	 0.1837904 
11000 	 0.225227 
11500 	 0.235828 
12000 	 0.2071061 
12500 	 0.1725931 
13000 	 0.2409906 
13500 	 0.2485245 
14000 	 0.2499424 
14500 	 0.177872 
15000 	 0.1980959 
15500 	 0.1964756 
16000 	 0.2419969 
16500 	 0.2515053 
17000 	 0.2348861 
17500 	 0.3103207 
18000 	 0.2120524 
18500 	 0.2316399 
19000 	 0.1929822 
19500 	 0.2024713 
20000 	 0.2137489 
20500 	 0.1863472 
21000 	 0.1893463 
21500 	 0.2566574 
22000 	 0.2964685 
22500 	 0.1798042 
23000 	 0.21841 
23500 	 0.2852552 
24000 	 0.1123868 
24500 	 0.195995 
25000 	 0.2470582 
25500 	 0.1597406 
26000 	 0.1958646 
26500 	 0.230513 
27000 	 0.1858293 
27500 	 0.1414947 
28000 	 0.1825185 
28500 	 0.174107 
29000 	 0.1438753 
29500 	 0.1968721 
30000 	 0.2047052 
30500 	 0.1603681 
31000 	 0.172347 
31500 	 0.1856562 
32000 	 0.2195738 
32500 	 0.197093 
33000 	 0.2039852 
33500 	 0.2258591 
34000 	 0.1958246 
34500 	 0.2678971 
35000 	 0.1454379 
35500 	 0.2170279 
36000 	 0.1614869 
36500 	 0.1565826 
37000 	 0.2813469 
37500 	 0.2539499 
38000 	 0.1901903 
38500 	 0.1796644 
39000 	 0.2025728 
39500 	 0.2056146 
40000 	 0.1809846 
40500 	 0.2031165 
41000 	 0.2038278 
41500 	 0.2035988 
42000 	 0.1553531 
42500 	 0.2030265 
43000 	 0.1905058 
43500 	 0.2398137 
44000 	 0.1795617 
44500 	 0.2478807 
45000 	 0.207726 
45500 	 0.2209891 
46000 	 0.1740415 
46500 	 0.2016319 
47000 	 0.2436926 
47500 	 0.2383633 
48000 	 0.205503 
48500 	 0.2251638 
49000 	 0.2352915 
49500 	 0.2015356 
50000 	 0.2194599 
50500 	 0.2009017 
51000 	 0.2070148 
51500 	 0.2432344 
52000 	 0.1813399 
52500 	 0.2232652 
53000 	 0.192221 
53500 	 0.2063188 
54000 	 0.2521931 
54500 	 0.2577659 
55000 	 0.203046 
55500 	 0.2025728 
56000 	 0.2595135 
56500 	 0.1817262 
57000 	 0.2366741 
57500 	 0.2327807 
58000 	 0.1527909 
58500 	 0.2631193 
59000 	 0.2244854 
59500 	 0.2474231 
60000 	 0.2151689 
60500 	 0.2501658 
61000 	 0.1719676 
61500 	 0.2541337 
62000 	 0.2544306 
62500 	 0.1562525 
63000 	 0.245931 
63500 	 0.2086688 
64000 	 0.2845391 
64500 	 0.2411303 
65000 	 0.1745947 
65500 	 0.163977 
66000 	 0.1823598 
66500 	 0.2297084 
67000 	 0.1951755 
67500 	 0.1973787 
68000 	 0.2082268 
68500 	 0.2056216 
69000 	 0.2292115 
69500 	 0.168394 
70000 	 0.2175979 
70500 	 0.172054 
71000 	 0.2052455 
71500 	 0.1604076 
72000 	 0.1838043 
72500 	 0.176714 
73000 	 0.1738255 
73500 	 0.2150272 
74000 	 0.2805486 
74500 	 0.1767204 
75000 	 0.1806462 
75500 	 0.2434994 
76000 	 0.1721352 
76500 	 0.2365198 
77000 	 0.2445022 
77500 	 0.2207307 
78000 	 0.2550324 
78500 	 0.2279157 
79000 	 0.2652305 
79500 	 0.1527046 
80000 	 0.1994231 
80500 	 0.2831071 
81000 	 0.2514052 
81500 	 0.1964237 
82000 	 0.2501853 
82500 	 0.2620128 
83000 	 0.2505161 
83500 	 0.2350809 
84000 	 0.2178891 
84500 	 0.2753604 
85000 	 0.1744452 
85500 	 0.1791578 
86000 	 0.2158391 
86500 	 0.2363124 
87000 	 0.2344427 
87500 	 0.1962516 
88000 	 0.1527339 
88500 	 0.1665813 
89000 	 0.1857645 
89500 	 0.244094 
90000 	 0.2301141 
90500 	 0.1702088 
91000 	 0.1903095 
91500 	 0.2075776 
92000 	 0.1829591 
92500 	 0.2585936 
93000 	 0.1800755 
93500 	 0.1730289 
94000 	 0.2315775 
94500 	 0.1976667 
95000 	 0.2247887 
95500 	 0.2380844 
96000 	 0.2326299 
96500 	 0.2029163 
97000 	 0.1807742 
97500 	 0.1668427 
98000 	 0.1112126 
98500 	 0.2670207 
99000 	 0.1856249 
99500 	 0.1956274 
100000 	 0.1632634 
100500 	 0.2122528 
101000 	 0.2407711 
101500 	 0.1762126 
102000 	 0.2195239 
102500 	 0.165449 
103000 	 0.2130563 
103500 	 0.2471199 
104000 	 0.2360382 
104500 	 0.2706816 
105000 	 0.1647149 
105500 	 0.2109943 
106000 	 0.2015738 
106500 	 0.2130317 
107000 	 0.2173941 
107500 	 0.1780486 
108000 	 0.1579835 
108500 	 0.230719 
109000 	 0.2346001 
109500 	 0.1415258 
110000 	 0.2007731 
110500 	 0.2083059 
111000 	 0.2244403 
111500 	 0.2660002 
112000 	 0.1842999 
112500 	 0.226923 
113000 	 0.2492514 
113500 	 0.230331 
114000 	 0.2353764 
114500 	 0.1590829 
115000 	 0.2291555 
115500 	 0.2377959 
116000 	 0.2426707 
116500 	 0.1947682 
117000 	 0.1289053 
117500 	 0.1944106 
118000 	 0.1570937 
118500 	 0.2017852 
119000 	 0.1989587 
119500 	 0.1984175 
120000 	 0.1959583 
120500 	 0.2175058 
121000 	 0.3029674 
121500 	 0.1244014 
122000 	 0.1857557 
122500 	 0.2039248 
123000 	 0.1658918 
123500 	 0.2019467 
124000 	 0.23433 
124500 	 0.2050331 
125000 	 0.1486081 
125500 	 0.2202561 
126000 	 0.251811 
126500 	 0.2026345 
127000 	 0.1607206 
127500 	 0.2121721 
128000 	 0.2177872 
128500 	 0.1828674 
129000 	 0.2146343 
129500 	 0.227664 
130000 	 0.2587771 
130500 	 0.2156508 
131000 	 0.2576594 
131500 	 0.2322474 
132000 	 0.1924402 
132500 	 0.230295 
133000 	 0.1532984 
133500 	 0.1962448 
134000 	 0.1953306 
134500 	 0.2533012 
135000 	 0.1725455 
135500 	 0.2716967 
136000 	 0.1832136 
136500 	 0.241781 
137000 	 0.165245 
137500 	 0.1712225 
138000 	 0.248402 
138500 	 0.2669039 
139000 	 0.2134688 
139500 	 0.2170759 
140000 	 0.1942636 
140500 	 0.3222688 
141000 	 0.1310398 
141500 	 0.1952423 
142000 	 0.1793181 
142500 	 0.1940651 
143000 	 0.1581351 
143500 	 0.2112142 
144000 	 0.1445101 
144500 	 0.1732933 
145000 	 0.187132 
145500 	 0.2643098 
146000 	 0.3248239 
146500 	 0.2123857 
147000 	 0.1888563 
147500 	 0.1976021 
148000 	 0.1946352 
148500 	 0.1739856 
149000 	 0.1605923 
149500 	 0.2526522 
150000 	 0.2823347 
150500 	 0.1656878 
151000 	 0.2030945 
151500 	 0.1532458 
152000 	 0.1966999 
152500 	 0.1638963 
153000 	 0.1939116 
153500 	 0.2083388 
154000 	 0.202689 
154500 	 0.1602344 
155000 	 0.2210436 
155500 	 0.2318771 
156000 	 0.3509735 
156500 	 0.2548952 
157000 	 0.18333 
157500 	 0.2453834 
158000 	 0.2466663 
158500 	 0.1940214 
159000 	 0.2287507 
159500 	 0.1960795 
160000 	 0.2083898 
160500 	 0.1573767 
161000 	 0.2454313 
161500 	 0.2074578 
162000 	 0.2495616 
162500 	 0.1614204 
163000 	 0.257632 
163500 	 0.2128022 
164000 	 0.2282886 
164500 	 0.1351875 
165000 	 0.2558381 
165500 	 0.1997674 
166000 	 0.1614164 
166500 	 0.1487061 
167000 	 0.2175549 
167500 	 0.1858697 
168000 	 0.2260288 
168500 	 0.1775462 
169000 	 0.2354854 
169500 	 0.237462 
170000 	 0.160713 
170500 	 0.2201432 
171000 	 0.2126176 
171500 	 0.1681037 
172000 	 0.1580116 
172500 	 0.2467945 
173000 	 0.1855642 
173500 	 0.2118481 
174000 	 0.2558399 
174500 	 0.1592708 
175000 	 0.1748849 
175500 	 0.1654915 
176000 	 0.1416005 
176500 	 0.1702691 
177000 	 0.1288907 
177500 	 0.2074558 
178000 	 0.1869568 
178500 	 0.2256985 
179000 	 0.2095653 
179500 	 0.1675093 
180000 	 0.1890784 
180500 	 0.2505357 
181000 	 0.1897944 
181500 	 0.1593314 
182000 	 0.1772253 
182500 	 0.1974355 
183000 	 0.2408964 
183500 	 0.2099134 
184000 	 0.1871197 
184500 	 0.2232297 
185000 	 0.2290124 
185500 	 0.2422702 
186000 	 0.2066336 
186500 	 0.1719562 
187000 	 0.1365813 
187500 	 0.1861726 
188000 	 0.1364571 
188500 	 0.1632727 
189000 	 0.2034068 
189500 	 0.2380003 
190000 	 0.1914366 
190500 	 0.1639592 
191000 	 0.2102458 
191500 	 0.1870772 
192000 	 0.183802 
192500 	 0.2198572 
193000 	 0.219942 
193500 	 0.2107149 
194000 	 0.1992281 
194500 	 0.1585327 
195000 	 0.1841364 
195500 	 0.2250381 
196000 	 0.1872613 
196500 	 0.2966511 
197000 	 0.2173716 
197500 	 0.1713752 
198000 	 0.2047876 
198500 	 0.194505 
199000 	 0.1887782 
199500 	 0.2502403 
200000 	 0.20632 
200500 	 0.2232375 
201000 	 0.1993001 
201500 	 0.168085 
202000 	 0.1928874 
202500 	 0.2307966 
203000 	 0.2221768 
203500 	 0.1720828 
204000 	 0.1776678 
204500 	 0.2075423 
205000 	 0.203335 
205500 	 0.1895438 
206000 	 0.1806842 
206500 	 0.1910641 
207000 	 0.1670596 
207500 	 0.2057864 
208000 	 0.2354411 
208500 	 0.2692836 
209000 	 0.1772214 
209500 	 0.2307854 
210000 	 0.180865 
210500 	 0.1917881 
211000 	 0.2471416 
211500 	 0.154913 
212000 	 0.2276814 
212500 	 0.2166806 
213000 	 0.1614571 
213500 	 0.179627 
214000 	 0.3124008 
214500 	 0.1896114 
215000 	 0.2160552 
215500 	 0.1273152 
216000 	 0.206131 
216500 	 0.165117 
217000 	 0.1642332 
217500 	 0.177224 
218000 	 0.1463767 
218500 	 0.1818181 
219000 	 0.2660402 
219500 	 0.1591278 
220000 	 0.1532425 
220500 	 0.1930069 
221000 	 0.2472249 
221500 	 0.2270087 
222000 	 0.2335791 
222500 	 0.2258037 
223000 	 0.2449059 
223500 	 0.256721 
224000 	 0.2456509 
224500 	 0.2793042 
225000 	 0.2297632 
225500 	 0.2271199 
226000 	 0.2165259 
226500 	 0.1890962 
227000 	 0.214404 
227500 	 0.1594325 
228000 	 0.2033087 
228500 	 0.2298622 
229000 	 0.1713211 
229500 	 0.1721004 
230000 	 0.2398399 
230500 	 0.1556332 
231000 	 0.1633543 
231500 	 0.2147071 
232000 	 0.2580472 
232500 	 0.1702897 
233000 	 0.1973681 
233500 	 0.1840024 
234000 	 0.1597047 
234500 	 0.2138606 
235000 	 0.1766933 
235500 	 0.1453066 
236000 	 0.2476983 
236500 	 0.2007814 
237000 	 0.2181155 
237500 	 0.1627022 
238000 	 0.2423499 
238500 	 0.1935051 
239000 	 0.2459231 
239500 	 0.1933776 
240000 	 0.1493514 
240500 	 0.2727761 
241000 	 0.2584193 
241500 	 0.188467 
242000 	 0.2268237 
242500 	 0.1991259 
243000 	 0.2070577 
243500 	 0.2130418 
244000 	 0.1860865 
244500 	 0.1832772 
245000 	 0.197555 
245500 	 0.244819 
246000 	 0.1796472 
246500 	 0.2782398 
247000 	 0.3056444 
247500 	 0.2255002 
248000 	 0.2633559 
248500 	 0.1335565 
249000 	 0.2016188 
249500 	 0.2319516 
250000 	 0.232697 
250500 	 0.2334459 
251000 	 0.1874063 
251500 	 0.2327 
252000 	 0.2473971 
252500 	 0.2240862 
253000 	 0.1347422 
253500 	 0.2336102 
254000 	 0.1972538 
254500 	 0.3280099 
255000 	 0.2067172 
255500 	 0.2018771 
256000 	 0.2253878 
256500 	 0.1908937 
257000 	 0.2350637 
257500 	 0.218334 
258000 	 0.1929565 
258500 	 0.179177 
259000 	 0.1948873 
259500 	 0.1904938 
260000 	 0.2429553 
260500 	 0.1877354 
261000 	 0.2511528 
261500 	 0.2157478 
262000 	 0.2029949 
262500 	 0.2200946 
263000 	 0.1967933 
263500 	 0.2140157 
264000 	 0.1157617 
264500 	 0.2575967 
265000 	 0.1990993 
265500 	 0.2277706 
266000 	 0.2062661 
266500 	 0.2601066 
267000 	 0.2453005 
267500 	 0.2128827 
268000 	 0.2051211 
268500 	 0.2031206 
269000 	 0.1768414 
269500 	 0.1748639 
270000 	 0.2207004 
270500 	 0.2523069 
271000 	 0.2797032 
271500 	 0.1539744 
272000 	 0.244503 
272500 	 0.2495589 
273000 	 0.2290957 
273500 	 0.1977826 
274000 	 0.1756595 
274500 	 0.196014 
275000 	 0.2115693 
275500 	 0.2256795 
276000 	 0.2011175 
276500 	 0.1745156 
277000 	 0.1624531 
277500 	 0.1743229 
278000 	 0.2532863 
278500 	 0.1883715 
279000 	 0.2205491 
279500 	 0.257116 
280000 	 0.2412529 
280500 	 0.2377691 
281000 	 0.251885 
281500 	 0.1736452 
282000 	 0.1544065 
282500 	 0.1115424 
283000 	 0.2096168 
283500 	 0.237837 
284000 	 0.2573782 
284500 	 0.1578626 
285000 	 0.196009 
285500 	 0.2207453 
286000 	 0.2164202 
286500 	 0.2105966 
287000 	 0.1457085 
287500 	 0.2229731 
288000 	 0.21965 
288500 	 0.2086253 
289000 	 0.231056 
289500 	 0.1623402 
290000 	 0.3021335 
290500 	 0.2791751 
291000 	 0.1718825 
291500 	 0.1973646 
292000 	 0.2074305 
292500 	 0.2282577 
293000 	 0.2052492 
293500 	 0.2048602 
294000 	 0.1846277 
294500 	 0.2939909 
295000 	 0.2197003 
295500 	 0.1786515 
296000 	 0.2787637 
296500 	 0.2388499 
297000 	 0.1939648 
297500 	 0.2375524 
298000 	 0.1844484 
298500 	 0.2087115 
299000 	 0.2059616 
299500 	 0.218909 
300000 	 0.2022135 
300500 	 0.1869394 
301000 	 0.1212499 
301500 	 0.2264597 
302000 	 0.1952219 
302500 	 0.297141 
303000 	 0.2106334 
303500 	 0.1855025 
304000 	 0.2692528 
304500 	 0.2395172 
305000 	 0.1238789 
305500 	 0.214909 
306000 	 0.1819445 
306500 	 0.1655875 
307000 	 0.2246912 
307500 	 0.2040893 
308000 	 0.230275 
308500 	 0.2214827 
309000 	 0.204463 
309500 	 0.2442949 
310000 	 0.2536038 
310500 	 0.2174795 
311000 	 0.1787591 
311500 	 0.2120426 
312000 	 0.2466247 
312500 	 0.1894143 
313000 	 0.1121467 
313500 	 0.2359914 
314000 	 0.1973137 
314500 	 0.2816409 
315000 	 0.1718218 
315500 	 0.2707968 
316000 	 0.2410703 
316500 	 0.1938433 
317000 	 0.1811725 
317500 	 0.2543047 
318000 	 0.1744435 
318500 	 0.2984125 
319000 	 0.2525383 
319500 	 0.1922749 
320000 	 0.2280692 
320500 	 0.1603377 
321000 	 0.2464405 
321500 	 0.3010936 
322000 	 0.2303209 
322500 	 0.2062431 
323000 	 0.241567 
323500 	 0.2508012 
324000 	 0.1709164 
324500 	 0.2510199 
325000 	 0.2523353 
325500 	 0.2211554 
326000 	 0.2164051 
326500 	 0.1781811 
327000 	 0.2255301 
327500 	 0.2262681 
328000 	 0.219462 
328500 	 0.2474536 
329000 	 0.1712585 
329500 	 0.2363639 
330000 	 0.189578 
330500 	 0.224832 
331000 	 0.1723683 
331500 	 0.1496692 
332000 	 0.2746384 
332500 	 0.2556051 
333000 	 0.1910373 
333500 	 0.1657542 
334000 	 0.1500122 
334500 	 0.1550354 
335000 	 0.177072 
335500 	 0.165802 
336000 	 0.1457953 
336500 	 0.169089 
337000 	 0.1471407 
337500 	 0.2537403 
338000 	 0.2258679 
338500 	 0.1927001 
339000 	 0.1805889 
339500 	 0.235082 
340000 	 0.2035613 
340500 	 0.1700148 
341000 	 0.1862958 
341500 	 0.1733762 
342000 	 0.2480199 
342500 	 0.2180056 
343000 	 0.2130182 
343500 	 0.1468638 
344000 	 0.2742837 
344500 	 0.1412643 
345000 	 0.2071501 
345500 	 0.1971375 
346000 	 0.2180701 
346500 	 0.1880444 
347000 	 0.1899029 
347500 	 0.1386672 
348000 	 0.1827578 
348500 	 0.1281956 
349000 	 0.2354986 
349500 	 0.1845661 
350000 	 0.2392459 
350500 	 0.1994976 
351000 	 0.1483289 
351500 	 0.227294 
352000 	 0.2215067 
352500 	 0.1713037 
353000 	 0.2376885 
353500 	 0.2748516 
354000 	 0.2467802 
354500 	 0.2005752 
355000 	 0.2060344 
355500 	 0.2008168 
356000 	 0.3164905 
356500 	 0.2439636 
357000 	 0.1743369 
357500 	 0.2298458 
358000 	 0.2650581 
358500 	 0.22027 
359000 	 0.1791857 
359500 	 0.2410239 
360000 	 0.2132771 
360500 	 0.2689996 
361000 	 0.175935 
361500 	 0.1466915 
362000 	 0.3099835 
362500 	 0.2056055 
363000 	 0.1923528 
363500 	 0.1653298 
364000 	 0.1271364 
364500 	 0.2318272 
365000 	 0.2211054 
365500 	 0.2471754 
366000 	 0.2024148 
366500 	 0.2232067 
367000 	 0.2291834 
367500 	 0.280684 
368000 	 0.2111876 
368500 	 0.1502252 
369000 	 0.2471468 
369500 	 0.2623811 
370000 	 0.1729657 
370500 	 0.1928943 
371000 	 0.2412347 
371500 	 0.2613134 
372000 	 0.1974859 
372500 	 0.1903424 
373000 	 0.2155328 
373500 	 0.1789335 
374000 	 0.1982941 
374500 	 0.1872182 
375000 	 0.203886 
375500 	 0.1927747 
376000 	 0.2146617 
376500 	 0.1815957 
377000 	 0.2490629 
377500 	 0.2082674 
378000 	 0.2274858 
378500 	 0.163264 
379000 	 0.2300275 
379500 	 0.199221 
380000 	 0.2166402 
380500 	 0.17058 
381000 	 0.23634 
381500 	 0.2355912 
382000 	 0.2326688 
382500 	 0.1468845 
383000 	 0.229228 
383500 	 0.2414873 
384000 	 0.2011415 
384500 	 0.218899 
385000 	 0.2038096 
385500 	 0.216099 
386000 	 0.2383391 
386500 	 0.221768 
387000 	 0.1719554 
387500 	 0.1828879 
388000 	 0.1720077 
388500 	 0.197334 
389000 	 0.1949829 
389500 	 0.1747947 
390000 	 0.2415166 
390500 	 0.1959989 
391000 	 0.214438 
391500 	 0.2144778 
392000 	 0.195728 
392500 	 0.1638001 
393000 	 0.2264993 
393500 	 0.2389066 
394000 	 0.1821921 
394500 	 0.2199505 
395000 	 0.2098939 
395500 	 0.2293783 
396000 	 0.170907 
396500 	 0.2712193 
397000 	 0.2380405 
397500 	 0.2439192 
398000 	 0.1931023 
398500 	 0.2250206 
399000 	 0.1571665 
399500 	 0.208657 
400000 	 0.2206144 
400500 	 0.207839 
401000 	 0.23875 
401500 	 0.1269453 
402000 	 0.156314 
402500 	 0.2057849 
403000 	 0.1947608 
403500 	 0.2226056 
404000 	 0.2181493 
404500 	 0.2025566 
405000 	 0.2048207 
405500 	 0.2307874 
406000 	 0.1518972 
406500 	 0.2064464 
407000 	 0.1841131 
407500 	 0.2213926 
408000 	 0.216066 
408500 	 0.1773088 
409000 	 0.179754 
409500 	 0.1777936 
410000 	 0.2245391 
410500 	 0.2342863 
411000 	 0.1950889 
411500 	 0.1941856 
412000 	 0.1957859 
412500 	 0.2449756 
413000 	 0.1597223 
413500 	 0.2083632 
414000 	 0.2023066 
414500 	 0.184581 
415000 	 0.2080556 
415500 	 0.2316019 
416000 	 0.2380132 
416500 	 0.2133947 
417000 	 0.2172027 
417500 	 0.2343113 
418000 	 0.1733546 
418500 	 0.1982227 
419000 	 0.2077972 
419500 	 0.226963 
420000 	 0.1798703 
420500 	 0.2196173 
421000 	 0.2153802 
421500 	 0.2767083 
422000 	 0.1591027 
422500 	 0.285286 
423000 	 0.2389812 
423500 	 0.2168517 
424000 	 0.2260795 
424500 	 0.1838243 
425000 	 0.2261361 
425500 	 0.1658164 
426000 	 0.2387294 
426500 	 0.1778547 
427000 	 0.1275732 
427500 	 0.2762152 
428000 	 0.1868918 
428500 	 0.1350881 
429000 	 0.2623226 
429500 	 0.252022 
430000 	 0.1710349 
430500 	 0.1633248 
431000 	 0.2532357 
431500 	 0.2029585 
432000 	 0.2381745 
432500 	 0.1825333 
433000 	 0.2584506 
433500 	 0.2315667 
434000 	 0.2127564 
434500 	 0.2191603 
435000 	 0.2071876 
435500 	 0.1736052 
436000 	 0.1607018 
436500 	 0.1955105 
437000 	 0.2629882 
437500 	 0.1671141 
438000 	 0.2302305 
438500 	 0.1924812 
439000 	 0.2051838 
439500 	 0.1898467 
440000 	 0.2023748 
440500 	 0.2106429 
441000 	 0.2353507 
441500 	 0.1965655 
442000 	 0.2098945 
442500 	 0.2402685 
443000 	 0.1543348 
443500 	 0.1729616 
444000 	 0.1487246 
444500 	 0.1924064 
445000 	 0.1957575 
445500 	 0.1985711 
446000 	 0.1924079 
446500 	 0.2684859 
447000 	 0.1845771 
447500 	 0.2006505 
448000 	 0.1806963 
448500 	 0.1944359 
449000 	 0.2225295 
449500 	 0.1753802 
450000 	 0.209393 
450500 	 0.1567496 
451000 	 0.149215 
451500 	 0.1907663 
452000 	 0.1875826 
452500 	 0.270048 
453000 	 0.2166961 
453500 	 0.2344741 
454000 	 0.1361684 
454500 	 0.1671254 
455000 	 0.1999923 
455500 	 0.1726166 
456000 	 0.1915831 
456500 	 0.2325771 
457000 	 0.2690418 
457500 	 0.2740053 
458000 	 0.2349474 
458500 	 0.2036438 
459000 	 0.2185324 
459500 	 0.1788027 
460000 	 0.1742437 
460500 	 0.2394093 
461000 	 0.2825835 
461500 	 0.1291627 
462000 	 0.1467414 
462500 	 0.2466789 
463000 	 0.3164485 
463500 	 0.209264 
464000 	 0.2507651 
464500 	 0.2333221 
465000 	 0.2159496 
465500 	 0.2023188 
466000 	 0.1759033 
466500 	 0.1785158 
467000 	 0.144069 
467500 	 0.2391978 
468000 	 0.2438391 
468500 	 0.16897 
469000 	 0.1987824 
469500 	 0.1781971 
470000 	 0.2528918 
470500 	 0.1516702 
471000 	 0.1716593 
471500 	 0.1718281 
472000 	 0.2340715 
472500 	 0.1726409 
473000 	 0.2916592 
473500 	 0.1806531 
474000 	 0.2405031 
474500 	 0.1901836 
475000 	 0.2338776 
475500 	 0.2982153 
476000 	 0.2310297 
476500 	 0.1607724 
477000 	 0.2965234 
477500 	 0.2119537 
478000 	 0.221561 
478500 	 0.2078254 
479000 	 0.1949185 
479500 	 0.2945713 
480000 	 0.2401766 
480500 	 0.1917275 
481000 	 0.2431161 
481500 	 0.2142606 
482000 	 0.2017925 
482500 	 0.2036238 
483000 	 0.2289141 
483500 	 0.1588203 
484000 	 0.2043729 
484500 	 0.2530517 
485000 	 0.2347171 
485500 	 0.1940422 
486000 	 0.1432343 
486500 	 0.2117495 
487000 	 0.2537495 
487500 	 0.199671 
488000 	 0.2395069 
488500 	 0.1760415 
489000 	 0.2167663 
489500 	 0.2147496 
490000 	 0.2078783 
490500 	 0.1931631 
491000 	 0.224149 
491500 	 0.2177817 
492000 	 0.1848672 
492500 	 0.148034 
493000 	 0.2345056 
493500 	 0.2477853 
494000 	 0.2159877 
494500 	 0.2320764 
495000 	 0.2007166 
495500 	 0.2238513 
496000 	 0.2302401 
496500 	 0.1472473 
497000 	 0.1947508 
497500 	 0.1980709 
498000 	 0.2141078 
498500 	 0.1203997 
499000 	 0.2128813 
499500 	 0.1786094 
500000 	 0.2063449 
