iter 	 p
500 	 0.6335665 
1000 	 0.5377722 
1500 	 0.6855062 
2000 	 0.6362525 
2500 	 0.591643 
3000 	 0.5482835 
3500 	 0.4759923 
4000 	 0.724494 
4500 	 0.5775512 
5000 	 0.5446764 
5500 	 0.5445748 
6000 	 0.6912984 
6500 	 0.5813109 
7000 	 0.560633 
7500 	 0.7911913 
8000 	 0.5774129 
8500 	 0.6292275 
9000 	 0.6304515 
9500 	 0.6161331 
10000 	 0.6849117 
10500 	 0.672903 
11000 	 0.6322152 
11500 	 0.6076417 
12000 	 0.6920733 
12500 	 0.5575632 
13000 	 0.5285745 
13500 	 0.6662314 
14000 	 0.7015233 
14500 	 0.7485367 
15000 	 0.6294024 
15500 	 0.6588715 
16000 	 0.5663058 
16500 	 0.583115 
17000 	 0.5915744 
17500 	 0.7475392 
18000 	 0.5650393 
18500 	 0.5735737 
19000 	 0.6144635 
19500 	 0.5608878 
20000 	 0.6843757 
20500 	 0.6533346 
21000 	 0.5758527 
21500 	 0.6145337 
22000 	 0.6524612 
22500 	 0.4405627 
23000 	 0.6013791 
23500 	 0.4947377 
24000 	 0.6499809 
24500 	 0.6208169 
25000 	 0.4410304 
25500 	 0.6889462 
26000 	 0.7383641 
26500 	 0.6820483 
27000 	 0.6502593 
27500 	 0.7135024 
28000 	 0.79132 
28500 	 0.6476066 
29000 	 0.7228832 
29500 	 0.6289395 
30000 	 0.616371 
30500 	 0.7051108 
31000 	 0.6603734 
31500 	 0.6994438 
32000 	 0.6840071 
32500 	 0.6172855 
33000 	 0.7003651 
33500 	 0.6934576 
34000 	 0.6903008 
34500 	 0.6880825 
35000 	 0.5821486 
35500 	 0.7088642 
36000 	 0.624082 
36500 	 0.6627461 
37000 	 0.6497853 
37500 	 0.7044288 
38000 	 0.6366632 
38500 	 0.6929819 
39000 	 0.6552994 
39500 	 0.6127944 
40000 	 0.7553246 
40500 	 0.6880479 
41000 	 0.5139122 
41500 	 0.607713 
42000 	 0.6963912 
42500 	 0.7499912 
43000 	 0.5552282 
43500 	 0.7336922 
44000 	 0.7082985 
44500 	 0.6324726 
45000 	 0.4937287 
45500 	 0.6515865 
46000 	 0.6725439 
46500 	 0.5201429 
47000 	 0.4855178 
47500 	 0.6200821 
48000 	 0.6655254 
48500 	 0.6077025 
49000 	 0.6627609 
49500 	 0.5892205 
50000 	 0.6615791 
50500 	 0.5581224 
51000 	 0.6162347 
51500 	 0.579764 
52000 	 0.6526451 
52500 	 0.6186048 
53000 	 0.66759 
53500 	 0.7549178 
54000 	 0.664528 
54500 	 0.510495 
55000 	 0.5942778 
55500 	 0.5474742 
56000 	 0.6800983 
56500 	 0.6997088 
57000 	 0.64701 
57500 	 0.5794818 
58000 	 0.6198806 
58500 	 0.6355741 
59000 	 0.6188034 
59500 	 0.5973016 
60000 	 0.7831326 
60500 	 0.6419911 
61000 	 0.690514 
61500 	 0.6411159 
62000 	 0.6310821 
62500 	 0.622348 
63000 	 0.5787838 
63500 	 0.6490354 
64000 	 0.6488611 
64500 	 0.6049355 
65000 	 0.5514593 
65500 	 0.6800378 
66000 	 0.47897 
66500 	 0.6369648 
67000 	 0.6645099 
67500 	 0.4847627 
68000 	 0.6400332 
68500 	 0.6402553 
69000 	 0.6419569 
69500 	 0.5920996 
70000 	 0.6496308 
70500 	 0.5803585 
71000 	 0.5673018 
71500 	 0.4415225 
72000 	 0.6092234 
72500 	 0.6674793 
73000 	 0.6694983 
73500 	 0.6452901 
74000 	 0.6264122 
74500 	 0.6851068 
75000 	 0.5996416 
75500 	 0.6093812 
76000 	 0.7021774 
76500 	 0.6093562 
77000 	 0.5885818 
77500 	 0.63703 
78000 	 0.5099636 
78500 	 0.6614999 
79000 	 0.6777453 
79500 	 0.6195624 
80000 	 0.7169423 
80500 	 0.5396105 
81000 	 0.6545698 
81500 	 0.7504553 
82000 	 0.6246593 
82500 	 0.5799491 
83000 	 0.5879923 
83500 	 0.667873 
84000 	 0.6570176 
84500 	 0.8227694 
85000 	 0.550363 
85500 	 0.6285872 
86000 	 0.551798 
86500 	 0.5665305 
87000 	 0.5726113 
87500 	 0.7298433 
88000 	 0.5195928 
88500 	 0.6807098 
89000 	 0.6998488 
89500 	 0.6447144 
90000 	 0.6173902 
90500 	 0.6488202 
91000 	 0.6393948 
91500 	 0.6717353 
92000 	 0.5889284 
92500 	 0.6225876 
93000 	 0.8249217 
93500 	 0.712206 
94000 	 0.6383904 
94500 	 0.547678 
95000 	 0.5867044 
95500 	 0.3952047 
96000 	 0.7364318 
96500 	 0.666029 
97000 	 0.7524263 
97500 	 0.5236208 
98000 	 0.7355573 
98500 	 0.7250505 
99000 	 0.5631329 
99500 	 0.5818757 
100000 	 0.5509097 
100500 	 0.6364591 
101000 	 0.5187665 
101500 	 0.7188304 
102000 	 0.7256755 
102500 	 0.6154991 
103000 	 0.6405057 
103500 	 0.6663406 
104000 	 0.7499221 
104500 	 0.6390374 
105000 	 0.5916133 
105500 	 0.6367389 
106000 	 0.6942813 
106500 	 0.6659314 
107000 	 0.7277179 
107500 	 0.6570244 
108000 	 0.610761 
108500 	 0.5748441 
109000 	 0.5924056 
109500 	 0.6884721 
110000 	 0.664645 
110500 	 0.6367996 
111000 	 0.6580687 
111500 	 0.5698887 
112000 	 0.6453748 
112500 	 0.5448758 
113000 	 0.7487048 
113500 	 0.6510577 
114000 	 0.6146827 
114500 	 0.6942779 
115000 	 0.6034265 
115500 	 0.7293388 
116000 	 0.7071114 
116500 	 0.603726 
117000 	 0.5520667 
117500 	 0.5930245 
118000 	 0.7099296 
118500 	 0.5645225 
119000 	 0.6609101 
119500 	 0.6848033 
120000 	 0.7457036 
120500 	 0.6926445 
121000 	 0.7208546 
121500 	 0.6934454 
122000 	 0.7400055 
122500 	 0.6584356 
123000 	 0.670814 
123500 	 0.548075 
124000 	 0.8054189 
124500 	 0.5962696 
125000 	 0.5997467 
125500 	 0.7453879 
126000 	 0.6693763 
126500 	 0.5479514 
127000 	 0.7032267 
127500 	 0.6678577 
128000 	 0.5395967 
128500 	 0.59656 
129000 	 0.4700533 
129500 	 0.5857622 
130000 	 0.6108338 
130500 	 0.6979725 
131000 	 0.6547943 
131500 	 0.6347868 
132000 	 0.6811319 
132500 	 0.6807747 
133000 	 0.6008974 
133500 	 0.5157517 
134000 	 0.6012045 
134500 	 0.5345449 
135000 	 0.5662127 
135500 	 0.6689226 
136000 	 0.7065359 
136500 	 0.7809902 
137000 	 0.607618 
137500 	 0.7079099 
138000 	 0.5505284 
138500 	 0.6787755 
139000 	 0.6795231 
139500 	 0.622778 
140000 	 0.5618618 
140500 	 0.7685685 
141000 	 0.6821257 
141500 	 0.7484621 
142000 	 0.4724069 
142500 	 0.6864462 
143000 	 0.5957157 
143500 	 0.7535636 
144000 	 0.6194609 
144500 	 0.5370813 
145000 	 0.6286592 
145500 	 0.7571135 
146000 	 0.7148908 
146500 	 0.4750699 
147000 	 0.7205456 
147500 	 0.5790631 
148000 	 0.5803838 
148500 	 0.6480353 
149000 	 0.6901648 
149500 	 0.641354 
150000 	 0.6935331 
150500 	 0.6684386 
151000 	 0.6096231 
151500 	 0.5321244 
152000 	 0.6558541 
152500 	 0.5268141 
153000 	 0.7421601 
153500 	 0.6059699 
154000 	 0.6707747 
154500 	 0.6433527 
155000 	 0.7275767 
155500 	 0.8092459 
156000 	 0.6003313 
156500 	 0.5975096 
157000 	 0.6738157 
157500 	 0.5426034 
158000 	 0.5261406 
158500 	 0.6815277 
159000 	 0.5729349 
159500 	 0.7557635 
160000 	 0.5568092 
160500 	 0.6486921 
161000 	 0.4555192 
161500 	 0.5669527 
162000 	 0.6472542 
162500 	 0.7053829 
163000 	 0.6505561 
163500 	 0.558154 
164000 	 0.6410886 
164500 	 0.6904418 
165000 	 0.6077075 
165500 	 0.7980741 
166000 	 0.6252667 
166500 	 0.621654 
167000 	 0.6153325 
167500 	 0.6222059 
168000 	 0.6694861 
168500 	 0.6294242 
169000 	 0.6615727 
169500 	 0.4950122 
170000 	 0.5440105 
170500 	 0.6801694 
171000 	 0.6867907 
171500 	 0.623156 
172000 	 0.5951691 
172500 	 0.5088173 
173000 	 0.6317165 
173500 	 0.6653905 
174000 	 0.6437415 
174500 	 0.5725842 
175000 	 0.6952702 
175500 	 0.6350772 
176000 	 0.6135564 
176500 	 0.5582411 
177000 	 0.6332936 
177500 	 0.6426393 
178000 	 0.6256034 
178500 	 0.6790088 
179000 	 0.6149297 
179500 	 0.5620428 
180000 	 0.6311814 
180500 	 0.6307904 
181000 	 0.4923003 
181500 	 0.6207223 
182000 	 0.5822775 
182500 	 0.5846195 
183000 	 0.802581 
183500 	 0.5990371 
184000 	 0.7103564 
184500 	 0.7142737 
185000 	 0.6010607 
185500 	 0.6801597 
186000 	 0.6875269 
186500 	 0.578966 
187000 	 0.7319067 
187500 	 0.4734239 
188000 	 0.5785151 
188500 	 0.721811 
189000 	 0.6403667 
189500 	 0.5533081 
190000 	 0.5399991 
190500 	 0.5519734 
191000 	 0.6077848 
191500 	 0.6725084 
192000 	 0.6585639 
192500 	 0.6642882 
193000 	 0.6249386 
193500 	 0.6467136 
194000 	 0.6006315 
194500 	 0.7050188 
195000 	 0.4905389 
195500 	 0.6458158 
196000 	 0.8109441 
196500 	 0.6770796 
197000 	 0.5873048 
197500 	 0.6609066 
198000 	 0.5695311 
198500 	 0.6860945 
199000 	 0.5217795 
199500 	 0.6637102 
200000 	 0.7369909 
200500 	 0.7232213 
201000 	 0.6005772 
201500 	 0.6072929 
202000 	 0.6327027 
202500 	 0.787178 
203000 	 0.7743541 
203500 	 0.6481559 
204000 	 0.6408688 
204500 	 0.7643955 
205000 	 0.6746411 
205500 	 0.5276919 
206000 	 0.5864795 
206500 	 0.5316899 
207000 	 0.6353773 
207500 	 0.409117 
208000 	 0.5748878 
208500 	 0.6500929 
209000 	 0.7130534 
209500 	 0.6612744 
210000 	 0.6822507 
210500 	 0.6935651 
211000 	 0.7154674 
211500 	 0.5789736 
212000 	 0.7333317 
212500 	 0.5729631 
213000 	 0.580109 
213500 	 0.7360616 
214000 	 0.6416974 
214500 	 0.4795727 
215000 	 0.5536899 
215500 	 0.656315 
216000 	 0.5772793 
216500 	 0.641826 
217000 	 0.5043184 
217500 	 0.7212354 
218000 	 0.7094622 
218500 	 0.6837757 
219000 	 0.6723072 
219500 	 0.5875634 
220000 	 0.622899 
220500 	 0.6092321 
221000 	 0.7207756 
221500 	 0.6713036 
222000 	 0.6668744 
222500 	 0.5700756 
223000 	 0.6588969 
223500 	 0.731532 
224000 	 0.6988166 
224500 	 0.6619787 
225000 	 0.7040174 
225500 	 0.6417408 
226000 	 0.8302313 
226500 	 0.7148254 
227000 	 0.6381065 
227500 	 0.7843292 
228000 	 0.4452851 
228500 	 0.6161526 
229000 	 0.6759197 
229500 	 0.703593 
230000 	 0.6379241 
230500 	 0.5698984 
231000 	 0.6051377 
231500 	 0.7272527 
232000 	 0.6291306 
232500 	 0.5599495 
233000 	 0.5758884 
233500 	 0.5399036 
234000 	 0.6701197 
234500 	 0.4881575 
235000 	 0.5493026 
235500 	 0.5962124 
236000 	 0.6819825 
236500 	 0.6142072 
237000 	 0.5812692 
237500 	 0.5915289 
238000 	 0.5332196 
238500 	 0.7170008 
239000 	 0.569984 
239500 	 0.5489576 
240000 	 0.6643381 
240500 	 0.713142 
241000 	 0.7154736 
241500 	 0.5335177 
242000 	 0.5985524 
242500 	 0.5917613 
243000 	 0.699742 
243500 	 0.5672863 
244000 	 0.506312 
244500 	 0.7295152 
245000 	 0.4630882 
245500 	 0.573737 
246000 	 0.6093847 
246500 	 0.7048983 
247000 	 0.6739782 
247500 	 0.4793406 
248000 	 0.6185721 
248500 	 0.5911017 
249000 	 0.6521862 
249500 	 0.5460405 
250000 	 0.7555674 
250500 	 0.5663245 
251000 	 0.6476305 
251500 	 0.6845609 
252000 	 0.7337351 
252500 	 0.6667445 
253000 	 0.58361 
253500 	 0.617257 
254000 	 0.7111042 
254500 	 0.6471049 
255000 	 0.6424908 
255500 	 0.6117496 
256000 	 0.5585149 
256500 	 0.727022 
257000 	 0.7318099 
257500 	 0.6864224 
258000 	 0.5061996 
258500 	 0.7633862 
259000 	 0.713109 
259500 	 0.7014643 
260000 	 0.7253828 
260500 	 0.7085469 
261000 	 0.7210782 
261500 	 0.5846528 
262000 	 0.6096411 
262500 	 0.5487528 
263000 	 0.5902861 
263500 	 0.6102883 
264000 	 0.7696927 
264500 	 0.6815988 
265000 	 0.7169421 
265500 	 0.5964296 
266000 	 0.5679791 
266500 	 0.6074588 
267000 	 0.657168 
267500 	 0.5605122 
268000 	 0.7107239 
268500 	 0.7113541 
269000 	 0.573631 
269500 	 0.6215285 
270000 	 0.5337975 
270500 	 0.6328263 
271000 	 0.602671 
271500 	 0.5684951 
272000 	 0.5769334 
272500 	 0.5531026 
273000 	 0.6067227 
273500 	 0.6820846 
274000 	 0.5933308 
274500 	 0.7757073 
275000 	 0.7927593 
275500 	 0.7404865 
276000 	 0.6266518 
276500 	 0.5349661 
277000 	 0.6374926 
277500 	 0.6165754 
278000 	 0.7699135 
278500 	 0.6839796 
279000 	 0.6271823 
279500 	 0.6639593 
280000 	 0.677547 
280500 	 0.6772688 
281000 	 0.6384618 
281500 	 0.5716802 
282000 	 0.6055048 
282500 	 0.5894309 
283000 	 0.5780567 
283500 	 0.6649929 
284000 	 0.7836961 
284500 	 0.5990453 
285000 	 0.7208917 
285500 	 0.770033 
286000 	 0.7800968 
286500 	 0.694476 
287000 	 0.655318 
287500 	 0.4906117 
288000 	 0.761607 
288500 	 0.580921 
289000 	 0.5894048 
289500 	 0.7175331 
290000 	 0.6746099 
290500 	 0.7322133 
291000 	 0.7608622 
291500 	 0.4385545 
292000 	 0.5304038 
292500 	 0.6923954 
293000 	 0.6199334 
293500 	 0.7032637 
294000 	 0.6541265 
294500 	 0.566917 
295000 	 0.7813211 
295500 	 0.6846471 
296000 	 0.6157327 
296500 	 0.6717227 
297000 	 0.5484481 
297500 	 0.6658546 
298000 	 0.6705748 
298500 	 0.7000421 
299000 	 0.7168908 
299500 	 0.5357404 
300000 	 0.6403636 
300500 	 0.6964549 
301000 	 0.7092488 
301500 	 0.5879542 
302000 	 0.6083984 
302500 	 0.7046203 
303000 	 0.6831688 
303500 	 0.6514133 
304000 	 0.6767898 
304500 	 0.6305074 
305000 	 0.7267221 
305500 	 0.7078207 
306000 	 0.4935982 
306500 	 0.5389013 
307000 	 0.5317772 
307500 	 0.629054 
308000 	 0.81183 
308500 	 0.5220118 
309000 	 0.6000618 
309500 	 0.5687441 
310000 	 0.7136303 
310500 	 0.720834 
311000 	 0.6442613 
311500 	 0.5654048 
312000 	 0.7168612 
312500 	 0.7039413 
313000 	 0.6153669 
313500 	 0.7499354 
314000 	 0.4847412 
314500 	 0.5976546 
315000 	 0.5593445 
315500 	 0.5940407 
316000 	 0.7670235 
316500 	 0.6082698 
317000 	 0.7345416 
317500 	 0.5568098 
318000 	 0.5451281 
318500 	 0.5757115 
319000 	 0.7101752 
319500 	 0.6173957 
320000 	 0.6062339 
320500 	 0.5834126 
321000 	 0.7199933 
321500 	 0.7114211 
322000 	 0.7157635 
322500 	 0.6548108 
323000 	 0.5761999 
323500 	 0.7247192 
324000 	 0.5951949 
324500 	 0.3532565 
325000 	 0.7077691 
325500 	 0.6057712 
326000 	 0.5736773 
326500 	 0.4785689 
327000 	 0.6993977 
327500 	 0.7273042 
328000 	 0.6361611 
328500 	 0.5277554 
329000 	 0.7961726 
329500 	 0.5776866 
330000 	 0.6541995 
330500 	 0.7844693 
331000 	 0.8231483 
331500 	 0.5572292 
332000 	 0.6412022 
332500 	 0.6998989 
333000 	 0.7248911 
333500 	 0.6440969 
334000 	 0.670658 
334500 	 0.5937828 
335000 	 0.6668769 
335500 	 0.7310398 
336000 	 0.6248377 
336500 	 0.7220971 
337000 	 0.6033637 
337500 	 0.6140775 
338000 	 0.6414587 
338500 	 0.5595344 
339000 	 0.6918496 
339500 	 0.5521683 
340000 	 0.7270395 
340500 	 0.6058991 
341000 	 0.5360931 
341500 	 0.6112629 
342000 	 0.5659749 
342500 	 0.6925517 
343000 	 0.5916141 
343500 	 0.7322631 
344000 	 0.6152556 
344500 	 0.6772862 
345000 	 0.5601407 
345500 	 0.5119325 
346000 	 0.7021356 
346500 	 0.6520293 
347000 	 0.6780595 
347500 	 0.4479092 
348000 	 0.5460706 
348500 	 0.489418 
349000 	 0.6682343 
349500 	 0.6419014 
350000 	 0.6768916 
350500 	 0.6553029 
351000 	 0.6821059 
351500 	 0.8200279 
352000 	 0.6862079 
352500 	 0.7451626 
353000 	 0.7341308 
353500 	 0.5382676 
354000 	 0.560893 
354500 	 0.6489041 
355000 	 0.5757969 
355500 	 0.6513122 
356000 	 0.7853525 
356500 	 0.5968594 
357000 	 0.7678472 
357500 	 0.6616121 
358000 	 0.5793509 
358500 	 0.5478323 
359000 	 0.551911 
359500 	 0.5580847 
360000 	 0.5689627 
360500 	 0.4770508 
361000 	 0.6963971 
361500 	 0.5278198 
362000 	 0.6868135 
362500 	 0.5424626 
363000 	 0.5960205 
363500 	 0.6587663 
364000 	 0.5694012 
364500 	 0.782101 
365000 	 0.5908908 
365500 	 0.5844218 
366000 	 0.6707134 
366500 	 0.6512441 
367000 	 0.5289844 
367500 	 0.6392949 
368000 	 0.5239252 
368500 	 0.6339815 
369000 	 0.5172392 
369500 	 0.6297992 
370000 	 0.7651916 
370500 	 0.5437869 
371000 	 0.6780545 
371500 	 0.588675 
372000 	 0.6836672 
372500 	 0.4316844 
373000 	 0.6510319 
373500 	 0.6853566 
374000 	 0.6751798 
374500 	 0.6155438 
375000 	 0.685528 
375500 	 0.6599684 
376000 	 0.67436 
376500 	 0.5971838 
377000 	 0.5284688 
377500 	 0.6247987 
378000 	 0.6096328 
378500 	 0.5929603 
379000 	 0.6336103 
379500 	 0.490251 
380000 	 0.5828836 
380500 	 0.5973172 
381000 	 0.6666679 
381500 	 0.5879215 
382000 	 0.6483063 
382500 	 0.6086427 
383000 	 0.7430138 
383500 	 0.8026278 
384000 	 0.6677124 
384500 	 0.6091885 
385000 	 0.6961097 
385500 	 0.5675269 
386000 	 0.4554709 
386500 	 0.6334363 
387000 	 0.7016874 
387500 	 0.6525862 
388000 	 0.6955584 
388500 	 0.6577975 
389000 	 0.6188953 
389500 	 0.647355 
390000 	 0.5749353 
390500 	 0.7223734 
391000 	 0.6555712 
391500 	 0.5426458 
392000 	 0.6638583 
392500 	 0.5114067 
393000 	 0.770557 
393500 	 0.7086845 
394000 	 0.5482095 
394500 	 0.5990804 
395000 	 0.7151671 
395500 	 0.7334555 
396000 	 0.6231715 
396500 	 0.5325761 
397000 	 0.7623048 
397500 	 0.505006 
398000 	 0.6610792 
398500 	 0.6610545 
399000 	 0.6629448 
399500 	 0.5526676 
400000 	 0.5714603 
400500 	 0.6816781 
401000 	 0.7224593 
401500 	 0.7609719 
402000 	 0.7005394 
402500 	 0.7902227 
403000 	 0.6874993 
403500 	 0.7636471 
404000 	 0.7002286 
404500 	 0.5072401 
405000 	 0.6539918 
405500 	 0.6912523 
406000 	 0.5586169 
406500 	 0.6388994 
407000 	 0.7780925 
407500 	 0.5957949 
408000 	 0.5742589 
408500 	 0.5626242 
409000 	 0.7621346 
409500 	 0.7020036 
410000 	 0.5648966 
410500 	 0.5574571 
411000 	 0.58379 
411500 	 0.7555223 
412000 	 0.6846193 
412500 	 0.5433412 
413000 	 0.7224777 
413500 	 0.6316864 
414000 	 0.6141973 
414500 	 0.5249237 
415000 	 0.6416785 
415500 	 0.608304 
416000 	 0.5624782 
416500 	 0.7133036 
417000 	 0.6402784 
417500 	 0.7066056 
418000 	 0.6323504 
418500 	 0.6350725 
419000 	 0.4689383 
419500 	 0.6694368 
420000 	 0.4982648 
420500 	 0.668151 
421000 	 0.6301182 
421500 	 0.6300742 
422000 	 0.600413 
422500 	 0.7537437 
423000 	 0.7571691 
423500 	 0.5862761 
424000 	 0.6312771 
424500 	 0.518929 
425000 	 0.5381886 
425500 	 0.4906845 
426000 	 0.6445639 
426500 	 0.6699477 
427000 	 0.6811782 
427500 	 0.6498432 
428000 	 0.5609184 
428500 	 0.6112103 
429000 	 0.480344 
429500 	 0.7076618 
430000 	 0.6536544 
430500 	 0.6655167 
431000 	 0.5482334 
431500 	 0.6033636 
432000 	 0.6138695 
432500 	 0.632919 
433000 	 0.6124198 
433500 	 0.626636 
434000 	 0.6871431 
434500 	 0.5700992 
435000 	 0.627428 
435500 	 0.6236363 
436000 	 0.7614813 
436500 	 0.5934774 
437000 	 0.5970416 
437500 	 0.6662628 
438000 	 0.5668313 
438500 	 0.627551 
439000 	 0.6603773 
439500 	 0.6429862 
440000 	 0.7050559 
440500 	 0.6677358 
441000 	 0.5366318 
441500 	 0.6893926 
442000 	 0.6639828 
442500 	 0.7151772 
443000 	 0.6068086 
443500 	 0.6843966 
444000 	 0.6846776 
444500 	 0.541172 
445000 	 0.5851872 
445500 	 0.6462629 
446000 	 0.7056435 
446500 	 0.7733986 
447000 	 0.4775289 
447500 	 0.768504 
448000 	 0.6623512 
448500 	 0.6857299 
449000 	 0.4531463 
449500 	 0.5775012 
450000 	 0.5805902 
450500 	 0.4203596 
451000 	 0.6002962 
451500 	 0.6020071 
452000 	 0.57136 
452500 	 0.6040654 
453000 	 0.5777565 
453500 	 0.5708123 
454000 	 0.5200666 
454500 	 0.6166307 
455000 	 0.7485411 
455500 	 0.5766448 
456000 	 0.5324279 
456500 	 0.5375689 
457000 	 0.7076971 
457500 	 0.6496885 
458000 	 0.6499511 
458500 	 0.7654584 
459000 	 0.5976103 
459500 	 0.619366 
460000 	 0.714139 
460500 	 0.6856636 
461000 	 0.6379636 
461500 	 0.6013558 
462000 	 0.753204 
462500 	 0.4892949 
463000 	 0.596967 
463500 	 0.5412325 
464000 	 0.6728673 
464500 	 0.609399 
465000 	 0.7142745 
465500 	 0.727217 
466000 	 0.6192533 
466500 	 0.5309815 
467000 	 0.6329147 
467500 	 0.6896456 
468000 	 0.6539549 
468500 	 0.7336341 
469000 	 0.6686641 
469500 	 0.4111008 
470000 	 0.6160742 
470500 	 0.7166709 
471000 	 0.6414641 
471500 	 0.6715786 
472000 	 0.6786572 
472500 	 0.605711 
473000 	 0.6603026 
473500 	 0.5652032 
474000 	 0.6943134 
474500 	 0.6083568 
475000 	 0.6857158 
475500 	 0.6398358 
476000 	 0.6327138 
476500 	 0.5123599 
477000 	 0.6153874 
477500 	 0.5431179 
478000 	 0.6635982 
478500 	 0.5208661 
479000 	 0.5509845 
479500 	 0.7327154 
480000 	 0.6181541 
480500 	 0.5940878 
481000 	 0.6994114 
481500 	 0.6344443 
482000 	 0.5283763 
482500 	 0.6034045 
483000 	 0.6709428 
483500 	 0.6552856 
484000 	 0.6445462 
484500 	 0.711047 
485000 	 0.5970733 
485500 	 0.6063699 
486000 	 0.5468662 
486500 	 0.7564089 
487000 	 0.6921622 
487500 	 0.5999339 
488000 	 0.7862182 
488500 	 0.6092672 
489000 	 0.6001764 
489500 	 0.5723869 
490000 	 0.7532688 
490500 	 0.751056 
491000 	 0.6141075 
491500 	 0.6033493 
492000 	 0.6701849 
492500 	 0.3409392 
493000 	 0.7214126 
493500 	 0.6449086 
494000 	 0.6184895 
494500 	 0.6610299 
495000 	 0.6511712 
495500 	 0.6397782 
496000 	 0.684182 
496500 	 0.7075042 
497000 	 0.5485619 
497500 	 0.6316885 
498000 	 0.5153504 
498500 	 0.6889229 
499000 	 0.5687529 
499500 	 0.5101763 
500000 	 0.6997189 
