iter 	 p
500 	 0.499455 
1000 	 0.5939958 
1500 	 0.4824344 
2000 	 0.3404876 
2500 	 0.6364317 
3000 	 0.3705507 
3500 	 0.5150878 
4000 	 0.5262487 
4500 	 0.3855559 
5000 	 0.5247085 
5500 	 0.4345696 
6000 	 0.5560766 
6500 	 0.5750265 
7000 	 0.3755676 
7500 	 0.4237077 
8000 	 0.504186 
8500 	 0.4870374 
9000 	 0.4945271 
9500 	 0.5423185 
10000 	 0.520353 
10500 	 0.4876492 
11000 	 0.4909247 
11500 	 0.5017688 
12000 	 0.4606158 
12500 	 0.4374061 
13000 	 0.6090854 
13500 	 0.4650659 
14000 	 0.5261113 
14500 	 0.3922606 
15000 	 0.4392461 
15500 	 0.3301993 
16000 	 0.3731373 
16500 	 0.5504891 
17000 	 0.5362055 
17500 	 0.3898711 
18000 	 0.3948097 
18500 	 0.4382772 
19000 	 0.6236463 
19500 	 0.5985322 
20000 	 0.3844979 
20500 	 0.3191258 
21000 	 0.3991289 
21500 	 0.4054668 
22000 	 0.5725071 
22500 	 0.5317699 
23000 	 0.3709143 
23500 	 0.5596207 
24000 	 0.5052752 
24500 	 0.6195157 
25000 	 0.5981197 
25500 	 0.4406722 
26000 	 0.5330843 
26500 	 0.4600656 
27000 	 0.5600001 
27500 	 0.4722798 
28000 	 0.5561163 
28500 	 0.412629 
29000 	 0.5247496 
29500 	 0.4867605 
30000 	 0.4401311 
30500 	 0.3945117 
31000 	 0.5323145 
31500 	 0.5488553 
32000 	 0.5753638 
32500 	 0.5303435 
33000 	 0.6497533 
33500 	 0.6372251 
34000 	 0.687648 
34500 	 0.5379778 
35000 	 0.4152568 
35500 	 0.375962 
36000 	 0.7145657 
36500 	 0.5501161 
37000 	 0.497697 
37500 	 0.4213043 
38000 	 0.5599988 
38500 	 0.4470005 
39000 	 0.6420283 
39500 	 0.5545217 
40000 	 0.5798102 
40500 	 0.5380688 
41000 	 0.4797317 
41500 	 0.3782172 
42000 	 0.5382952 
42500 	 0.5432053 
43000 	 0.5281972 
43500 	 0.5174892 
44000 	 0.4055867 
44500 	 0.564822 
45000 	 0.4792255 
45500 	 0.3861992 
46000 	 0.4147668 
46500 	 0.3736465 
47000 	 0.4145532 
47500 	 0.5476854 
48000 	 0.5630936 
48500 	 0.4525959 
49000 	 0.5965704 
49500 	 0.4455539 
50000 	 0.5830288 
50500 	 0.6044199 
51000 	 0.6481714 
51500 	 0.4526242 
52000 	 0.5687079 
52500 	 0.3778429 
53000 	 0.4370099 
53500 	 0.4592505 
54000 	 0.4859493 
54500 	 0.4943833 
55000 	 0.513224 
55500 	 0.5262716 
56000 	 0.5009425 
56500 	 0.5697103 
57000 	 0.466239 
57500 	 0.5387756 
58000 	 0.5000247 
58500 	 0.5936884 
59000 	 0.4525099 
59500 	 0.4449103 
60000 	 0.4338876 
60500 	 0.5424905 
61000 	 0.6031034 
61500 	 0.5612981 
62000 	 0.5949734 
62500 	 0.516965 
63000 	 0.4432273 
63500 	 0.5455057 
64000 	 0.5446517 
64500 	 0.4611298 
65000 	 0.6622241 
65500 	 0.5092086 
66000 	 0.3820784 
66500 	 0.4787612 
67000 	 0.4358816 
67500 	 0.5234646 
68000 	 0.4757042 
68500 	 0.4131056 
69000 	 0.4446976 
69500 	 0.4246948 
70000 	 0.4469246 
70500 	 0.436565 
71000 	 0.6476157 
71500 	 0.5531987 
72000 	 0.5800436 
72500 	 0.4194557 
73000 	 0.4510414 
73500 	 0.5153983 
74000 	 0.5044743 
74500 	 0.4736799 
75000 	 0.4056231 
75500 	 0.6153652 
76000 	 0.4597884 
76500 	 0.4908855 
77000 	 0.3916763 
77500 	 0.444184 
78000 	 0.4679808 
78500 	 0.433847 
79000 	 0.5988229 
79500 	 0.5226835 
80000 	 0.5111253 
80500 	 0.463422 
81000 	 0.5031215 
81500 	 0.5663594 
82000 	 0.5047927 
82500 	 0.3861995 
83000 	 0.5097486 
83500 	 0.5242912 
84000 	 0.4582571 
84500 	 0.5917823 
85000 	 0.4103004 
85500 	 0.5506251 
86000 	 0.6537885 
86500 	 0.5863448 
87000 	 0.4805458 
87500 	 0.4734178 
88000 	 0.444662 
88500 	 0.564303 
89000 	 0.6728445 
89500 	 0.5435764 
90000 	 0.4892716 
90500 	 0.5358548 
91000 	 0.5217067 
91500 	 0.4608552 
92000 	 0.5741779 
92500 	 0.544681 
93000 	 0.4710191 
93500 	 0.6272078 
94000 	 0.5310313 
94500 	 0.407946 
95000 	 0.5605195 
95500 	 0.5360623 
96000 	 0.6718185 
96500 	 0.5111762 
97000 	 0.5192257 
97500 	 0.4355331 
98000 	 0.4458761 
98500 	 0.4935402 
99000 	 0.5522582 
99500 	 0.4491821 
100000 	 0.5175691 
100500 	 0.498449 
101000 	 0.6137249 
101500 	 0.541317 
102000 	 0.4644786 
102500 	 0.4031765 
103000 	 0.4941845 
103500 	 0.4902465 
104000 	 0.4207634 
104500 	 0.4433806 
105000 	 0.4564678 
105500 	 0.4408417 
106000 	 0.4845515 
106500 	 0.4801656 
107000 	 0.5171085 
107500 	 0.6176558 
108000 	 0.500234 
108500 	 0.5212253 
109000 	 0.3995236 
109500 	 0.4005382 
110000 	 0.5483049 
110500 	 0.4864722 
111000 	 0.414089 
111500 	 0.3594163 
112000 	 0.4484047 
112500 	 0.4555775 
113000 	 0.4828244 
113500 	 0.4663811 
114000 	 0.4948519 
114500 	 0.4803206 
115000 	 0.5040646 
115500 	 0.4436198 
116000 	 0.324393 
116500 	 0.5699719 
117000 	 0.4982823 
117500 	 0.4895546 
118000 	 0.5329233 
118500 	 0.3567004 
119000 	 0.4799027 
119500 	 0.4725862 
120000 	 0.5941478 
120500 	 0.4128453 
121000 	 0.4182926 
121500 	 0.5424292 
122000 	 0.6132454 
122500 	 0.4147928 
123000 	 0.5190075 
123500 	 0.3376051 
124000 	 0.5098131 
124500 	 0.5692608 
125000 	 0.4380429 
125500 	 0.5539363 
126000 	 0.5024426 
126500 	 0.5817783 
127000 	 0.4798169 
127500 	 0.3617151 
128000 	 0.5092667 
128500 	 0.5158178 
129000 	 0.3931363 
129500 	 0.390332 
130000 	 0.505386 
130500 	 0.4312134 
131000 	 0.5391931 
131500 	 0.5727601 
132000 	 0.450709 
132500 	 0.4056362 
133000 	 0.5090101 
133500 	 0.4629542 
134000 	 0.5934142 
134500 	 0.5668939 
135000 	 0.5086359 
135500 	 0.52254 
136000 	 0.5176385 
136500 	 0.5199111 
137000 	 0.5430982 
137500 	 0.4847599 
138000 	 0.4782659 
138500 	 0.5920658 
139000 	 0.5218213 
139500 	 0.626991 
140000 	 0.4757928 
140500 	 0.4719936 
141000 	 0.5309821 
141500 	 0.3594145 
142000 	 0.5946677 
142500 	 0.479019 
143000 	 0.4065665 
143500 	 0.330274 
144000 	 0.4811259 
144500 	 0.6183908 
145000 	 0.4345668 
145500 	 0.5024716 
146000 	 0.5120567 
146500 	 0.4809315 
147000 	 0.5726252 
147500 	 0.5522602 
148000 	 0.5022364 
148500 	 0.4999441 
149000 	 0.4477941 
149500 	 0.6265903 
150000 	 0.4417469 
150500 	 0.5448484 
151000 	 0.449638 
151500 	 0.5017932 
152000 	 0.3395735 
152500 	 0.5398319 
153000 	 0.6352864 
153500 	 0.5354684 
154000 	 0.4779997 
154500 	 0.4703879 
155000 	 0.4203422 
155500 	 0.586642 
156000 	 0.501295 
156500 	 0.4889342 
157000 	 0.6066537 
157500 	 0.3903776 
158000 	 0.5994598 
158500 	 0.5852618 
159000 	 0.4333465 
159500 	 0.5007335 
160000 	 0.5967742 
160500 	 0.390587 
161000 	 0.5451405 
161500 	 0.5480191 
162000 	 0.5995697 
162500 	 0.5654969 
163000 	 0.4740856 
163500 	 0.572328 
164000 	 0.446573 
164500 	 0.4317251 
165000 	 0.3719958 
165500 	 0.5472462 
166000 	 0.5545996 
166500 	 0.4214597 
167000 	 0.6050905 
167500 	 0.4985473 
168000 	 0.5050575 
168500 	 0.3519974 
169000 	 0.5494808 
169500 	 0.3791802 
170000 	 0.4419025 
170500 	 0.3884409 
171000 	 0.512318 
171500 	 0.5262206 
172000 	 0.4821026 
172500 	 0.4574575 
173000 	 0.514247 
173500 	 0.581552 
174000 	 0.4806622 
174500 	 0.4434518 
175000 	 0.4150244 
175500 	 0.5951058 
176000 	 0.5053337 
176500 	 0.4569014 
177000 	 0.4753761 
177500 	 0.4746196 
178000 	 0.5002879 
178500 	 0.4861233 
179000 	 0.4310517 
179500 	 0.6377724 
180000 	 0.395344 
180500 	 0.5613303 
181000 	 0.5361806 
181500 	 0.5055086 
182000 	 0.4690498 
182500 	 0.4435539 
183000 	 0.3835846 
183500 	 0.375839 
184000 	 0.416354 
184500 	 0.3781834 
185000 	 0.4776245 
185500 	 0.581762 
186000 	 0.5070848 
186500 	 0.5061548 
187000 	 0.510327 
187500 	 0.3966708 
188000 	 0.369096 
188500 	 0.4024219 
189000 	 0.5699147 
189500 	 0.5192573 
190000 	 0.4672764 
190500 	 0.6581859 
191000 	 0.5384567 
191500 	 0.437242 
192000 	 0.435311 
192500 	 0.5124052 
193000 	 0.5792993 
193500 	 0.6121399 
194000 	 0.4784212 
194500 	 0.5325852 
195000 	 0.6341836 
195500 	 0.4147201 
196000 	 0.4641482 
196500 	 0.4455788 
197000 	 0.4009817 
197500 	 0.4411961 
198000 	 0.5642108 
198500 	 0.505799 
199000 	 0.5795797 
199500 	 0.5523229 
200000 	 0.3794242 
200500 	 0.4756708 
201000 	 0.5002492 
201500 	 0.3665841 
202000 	 0.455373 
202500 	 0.4598756 
203000 	 0.4005594 
203500 	 0.4113594 
204000 	 0.5106855 
204500 	 0.3530117 
205000 	 0.6254878 
205500 	 0.498079 
206000 	 0.5337339 
206500 	 0.6084224 
207000 	 0.3931054 
207500 	 0.5307373 
208000 	 0.5510198 
208500 	 0.4100879 
209000 	 0.4012606 
209500 	 0.4773589 
210000 	 0.4654896 
210500 	 0.6215594 
211000 	 0.5315283 
211500 	 0.3675173 
212000 	 0.4034617 
212500 	 0.6333569 
213000 	 0.5100315 
213500 	 0.4165436 
214000 	 0.5204249 
214500 	 0.4965544 
215000 	 0.4545166 
215500 	 0.6277687 
216000 	 0.5125715 
216500 	 0.4816765 
217000 	 0.3336295 
217500 	 0.4011235 
218000 	 0.4896595 
218500 	 0.5590528 
219000 	 0.4239219 
219500 	 0.5918554 
220000 	 0.419176 
220500 	 0.5112845 
221000 	 0.4881006 
221500 	 0.4270641 
222000 	 0.4122943 
222500 	 0.4536327 
223000 	 0.6093264 
223500 	 0.4916318 
224000 	 0.5943357 
224500 	 0.3396777 
225000 	 0.5592811 
225500 	 0.372945 
226000 	 0.5717717 
226500 	 0.5137614 
227000 	 0.5110717 
227500 	 0.5051659 
228000 	 0.6148783 
228500 	 0.5913627 
229000 	 0.4584987 
229500 	 0.6186683 
230000 	 0.4740233 
230500 	 0.5418452 
231000 	 0.4442331 
231500 	 0.4909167 
232000 	 0.5550145 
232500 	 0.5664161 
233000 	 0.4237535 
233500 	 0.4953367 
234000 	 0.3975697 
234500 	 0.6170442 
235000 	 0.3891679 
235500 	 0.5464738 
236000 	 0.4900224 
236500 	 0.4302795 
237000 	 0.4121918 
237500 	 0.4888643 
238000 	 0.5236492 
238500 	 0.5090287 
239000 	 0.4102461 
239500 	 0.5127054 
240000 	 0.5251595 
240500 	 0.4149961 
241000 	 0.3972102 
241500 	 0.4116247 
242000 	 0.3675914 
242500 	 0.643342 
243000 	 0.4733178 
243500 	 0.5082371 
244000 	 0.5943549 
244500 	 0.4912723 
245000 	 0.5345169 
245500 	 0.4159422 
246000 	 0.4859437 
246500 	 0.3532812 
247000 	 0.3543777 
247500 	 0.5654344 
248000 	 0.4091195 
248500 	 0.3552904 
249000 	 0.5007504 
249500 	 0.5985561 
250000 	 0.4112221 
250500 	 0.556942 
251000 	 0.3980233 
251500 	 0.6270776 
252000 	 0.4527938 
252500 	 0.4043106 
253000 	 0.5298474 
253500 	 0.5476595 
254000 	 0.4680418 
254500 	 0.5200692 
255000 	 0.4121832 
255500 	 0.4568534 
256000 	 0.5145693 
256500 	 0.3975343 
257000 	 0.4833452 
257500 	 0.5643981 
258000 	 0.5210943 
258500 	 0.4554497 
259000 	 0.499852 
259500 	 0.4956813 
260000 	 0.3457215 
260500 	 0.6958933 
261000 	 0.5721591 
261500 	 0.4673786 
262000 	 0.4674657 
262500 	 0.4432487 
263000 	 0.6556122 
263500 	 0.4660501 
264000 	 0.514016 
264500 	 0.3655635 
265000 	 0.427782 
265500 	 0.4995993 
266000 	 0.4592123 
266500 	 0.459514 
267000 	 0.4218371 
267500 	 0.7191322 
268000 	 0.7531007 
268500 	 0.4737427 
269000 	 0.442932 
269500 	 0.4924832 
270000 	 0.496515 
270500 	 0.5941883 
271000 	 0.5490496 
271500 	 0.4808015 
272000 	 0.394762 
272500 	 0.5579052 
273000 	 0.41992 
273500 	 0.5241514 
274000 	 0.5547424 
274500 	 0.3954944 
275000 	 0.4887216 
275500 	 0.4947092 
276000 	 0.5222712 
276500 	 0.4167307 
277000 	 0.5986594 
277500 	 0.432979 
278000 	 0.6838049 
278500 	 0.3939286 
279000 	 0.4145382 
279500 	 0.3827202 
280000 	 0.4547703 
280500 	 0.4852184 
281000 	 0.5639459 
281500 	 0.5615009 
282000 	 0.3520366 
282500 	 0.5953705 
283000 	 0.5830982 
283500 	 0.4380795 
284000 	 0.4152321 
284500 	 0.4282291 
285000 	 0.615794 
285500 	 0.5537214 
286000 	 0.5817457 
286500 	 0.4592704 
287000 	 0.644977 
287500 	 0.5263112 
288000 	 0.6200212 
288500 	 0.6049887 
289000 	 0.4748129 
289500 	 0.3834835 
290000 	 0.5512883 
290500 	 0.5659343 
291000 	 0.5238079 
291500 	 0.534085 
292000 	 0.4606631 
292500 	 0.5296496 
293000 	 0.5894146 
293500 	 0.535055 
294000 	 0.4942051 
294500 	 0.3869068 
295000 	 0.4212869 
295500 	 0.3728944 
296000 	 0.6170031 
296500 	 0.4057248 
297000 	 0.4228694 
297500 	 0.4672769 
298000 	 0.4761838 
298500 	 0.29843 
299000 	 0.5478411 
299500 	 0.5220065 
300000 	 0.5835091 
300500 	 0.3740065 
301000 	 0.4990249 
301500 	 0.5443638 
302000 	 0.5388894 
302500 	 0.5526862 
303000 	 0.4567496 
303500 	 0.5958414 
304000 	 0.5021252 
304500 	 0.4939993 
305000 	 0.5368102 
305500 	 0.638239 
306000 	 0.4999565 
306500 	 0.4133073 
307000 	 0.5295454 
307500 	 0.5178378 
308000 	 0.4430599 
308500 	 0.6792512 
309000 	 0.4413525 
309500 	 0.438603 
310000 	 0.5689564 
310500 	 0.429459 
311000 	 0.4333328 
311500 	 0.5717149 
312000 	 0.5357482 
312500 	 0.511234 
313000 	 0.4339448 
313500 	 0.5232426 
314000 	 0.3413418 
314500 	 0.5626825 
315000 	 0.3455426 
315500 	 0.5527666 
316000 	 0.6314759 
316500 	 0.4868328 
317000 	 0.5537977 
317500 	 0.5734278 
318000 	 0.486421 
318500 	 0.6194549 
319000 	 0.539289 
319500 	 0.5575948 
320000 	 0.485614 
320500 	 0.5285368 
321000 	 0.5468433 
321500 	 0.4447222 
322000 	 0.546373 
322500 	 0.4721325 
323000 	 0.4820181 
323500 	 0.5300819 
324000 	 0.446147 
324500 	 0.4556867 
325000 	 0.5964783 
325500 	 0.5769662 
326000 	 0.6242248 
326500 	 0.5679966 
327000 	 0.4557474 
327500 	 0.3500524 
328000 	 0.5516882 
328500 	 0.4703055 
329000 	 0.6255576 
329500 	 0.4696423 
330000 	 0.5958184 
330500 	 0.4711732 
331000 	 0.6640131 
331500 	 0.5728758 
332000 	 0.4935384 
332500 	 0.4365357 
333000 	 0.5582396 
333500 	 0.4792151 
334000 	 0.52119 
334500 	 0.5006299 
335000 	 0.5607428 
335500 	 0.4290987 
336000 	 0.4285502 
336500 	 0.5628511 
337000 	 0.4477202 
337500 	 0.5195642 
338000 	 0.5915158 
338500 	 0.589387 
339000 	 0.5306554 
339500 	 0.4845166 
340000 	 0.4792961 
340500 	 0.4139649 
341000 	 0.4702004 
341500 	 0.5179552 
342000 	 0.5644406 
342500 	 0.5540113 
343000 	 0.4922518 
343500 	 0.3990338 
344000 	 0.5218148 
344500 	 0.5883447 
345000 	 0.349721 
345500 	 0.4758343 
346000 	 0.4732377 
346500 	 0.5524856 
347000 	 0.6164585 
347500 	 0.5720605 
348000 	 0.5328454 
348500 	 0.4260805 
349000 	 0.4625688 
349500 	 0.4367145 
350000 	 0.4495004 
350500 	 0.6324925 
351000 	 0.5026647 
351500 	 0.4405533 
352000 	 0.5825254 
352500 	 0.406369 
353000 	 0.4476125 
353500 	 0.4711293 
354000 	 0.3934347 
354500 	 0.5045881 
355000 	 0.5053565 
355500 	 0.5306157 
356000 	 0.5668098 
356500 	 0.5875854 
357000 	 0.5321658 
357500 	 0.5138121 
358000 	 0.4247582 
358500 	 0.5310105 
359000 	 0.5437013 
359500 	 0.5010133 
360000 	 0.4475101 
360500 	 0.329538 
361000 	 0.3931981 
361500 	 0.4457975 
362000 	 0.5270979 
362500 	 0.6432074 
363000 	 0.4159216 
363500 	 0.4234789 
364000 	 0.5737216 
364500 	 0.4330299 
365000 	 0.452722 
365500 	 0.3933465 
366000 	 0.4780782 
366500 	 0.4929597 
367000 	 0.5792865 
367500 	 0.4915592 
368000 	 0.4841051 
368500 	 0.4348389 
369000 	 0.4511042 
369500 	 0.5390709 
370000 	 0.64656 
370500 	 0.4457212 
371000 	 0.5804112 
371500 	 0.4126293 
372000 	 0.5092322 
372500 	 0.4107249 
373000 	 0.5187298 
373500 	 0.4211797 
374000 	 0.3866823 
374500 	 0.5054572 
375000 	 0.6422625 
375500 	 0.4859142 
376000 	 0.5385406 
376500 	 0.478459 
377000 	 0.6341109 
377500 	 0.4036042 
378000 	 0.4142911 
378500 	 0.5659035 
379000 	 0.5667801 
379500 	 0.5968627 
380000 	 0.4265081 
380500 	 0.3853993 
381000 	 0.3962437 
381500 	 0.4158937 
382000 	 0.5483886 
382500 	 0.4000045 
383000 	 0.4557651 
383500 	 0.4789122 
384000 	 0.4700323 
384500 	 0.4154564 
385000 	 0.5826251 
385500 	 0.5490744 
386000 	 0.6034156 
386500 	 0.4185667 
387000 	 0.6667801 
387500 	 0.5563459 
388000 	 0.2820863 
388500 	 0.429506 
389000 	 0.4311503 
389500 	 0.5057031 
390000 	 0.5622926 
390500 	 0.5207563 
391000 	 0.4288129 
391500 	 0.5105502 
392000 	 0.4949417 
392500 	 0.6179274 
393000 	 0.4399772 
393500 	 0.4923652 
394000 	 0.5870626 
394500 	 0.5949105 
395000 	 0.447683 
395500 	 0.489386 
396000 	 0.4993193 
396500 	 0.453193 
397000 	 0.4474157 
397500 	 0.5020005 
398000 	 0.5581108 
398500 	 0.4687817 
399000 	 0.6255328 
399500 	 0.5912335 
400000 	 0.5351266 
400500 	 0.4654925 
401000 	 0.6200343 
401500 	 0.4538313 
402000 	 0.4420111 
402500 	 0.3746801 
403000 	 0.5144161 
403500 	 0.5869688 
404000 	 0.5141542 
404500 	 0.5433916 
405000 	 0.4254643 
405500 	 0.4698303 
406000 	 0.5587846 
406500 	 0.5293491 
407000 	 0.5200212 
407500 	 0.4727205 
408000 	 0.5752 
408500 	 0.4596459 
409000 	 0.4241416 
409500 	 0.4339816 
410000 	 0.450255 
410500 	 0.5360538 
411000 	 0.5367468 
411500 	 0.5328955 
412000 	 0.5635832 
412500 	 0.4060063 
413000 	 0.4371507 
413500 	 0.4989478 
414000 	 0.5254098 
414500 	 0.5551456 
415000 	 0.4739405 
415500 	 0.3592422 
416000 	 0.4619817 
416500 	 0.5473098 
417000 	 0.6198714 
417500 	 0.3937864 
418000 	 0.4663215 
418500 	 0.5212097 
419000 	 0.4695032 
419500 	 0.6026276 
420000 	 0.3968207 
420500 	 0.559373 
421000 	 0.4619938 
421500 	 0.5203356 
422000 	 0.6809517 
422500 	 0.4523919 
423000 	 0.7223798 
423500 	 0.297867 
424000 	 0.3693188 
424500 	 0.4215973 
425000 	 0.4683385 
425500 	 0.5151108 
426000 	 0.5954563 
426500 	 0.3948307 
427000 	 0.5058129 
427500 	 0.5466869 
428000 	 0.5516593 
428500 	 0.4939215 
429000 	 0.4969791 
429500 	 0.4142468 
430000 	 0.4313276 
430500 	 0.4740628 
431000 	 0.4593101 
431500 	 0.4298196 
432000 	 0.5314792 
432500 	 0.4278286 
433000 	 0.5659815 
433500 	 0.4482139 
434000 	 0.5690886 
434500 	 0.4132333 
435000 	 0.4985759 
435500 	 0.4717227 
436000 	 0.5292561 
436500 	 0.5383935 
437000 	 0.5139882 
437500 	 0.5145151 
438000 	 0.5815377 
438500 	 0.4901449 
439000 	 0.4509708 
439500 	 0.4933363 
440000 	 0.5467898 
440500 	 0.4571408 
441000 	 0.5717396 
441500 	 0.5733087 
442000 	 0.4944711 
442500 	 0.4699976 
443000 	 0.4105472 
443500 	 0.3217727 
444000 	 0.5306222 
444500 	 0.5794993 
445000 	 0.551279 
445500 	 0.5174596 
446000 	 0.4465452 
446500 	 0.4038587 
447000 	 0.4139997 
447500 	 0.6558923 
448000 	 0.4863131 
448500 	 0.4567361 
449000 	 0.4356343 
449500 	 0.5785044 
450000 	 0.4797976 
450500 	 0.5018685 
451000 	 0.5691376 
451500 	 0.4778674 
452000 	 0.5604629 
452500 	 0.4796627 
453000 	 0.5314224 
453500 	 0.4210557 
454000 	 0.5844418 
454500 	 0.4037606 
455000 	 0.5654468 
455500 	 0.5349346 
456000 	 0.5195012 
456500 	 0.6751845 
457000 	 0.3988569 
457500 	 0.6816259 
458000 	 0.5615944 
458500 	 0.5202783 
459000 	 0.4498116 
459500 	 0.6352988 
460000 	 0.5370212 
460500 	 0.5351142 
461000 	 0.4640232 
461500 	 0.4296949 
462000 	 0.4941344 
462500 	 0.4815322 
463000 	 0.4233588 
463500 	 0.537506 
464000 	 0.5833037 
464500 	 0.5120008 
465000 	 0.6027021 
465500 	 0.52892 
466000 	 0.432499 
466500 	 0.4370316 
467000 	 0.5646778 
467500 	 0.5995141 
468000 	 0.315579 
468500 	 0.3820921 
469000 	 0.5316125 
469500 	 0.4517429 
470000 	 0.552721 
470500 	 0.2874734 
471000 	 0.4763652 
471500 	 0.509923 
472000 	 0.5010216 
472500 	 0.5071547 
473000 	 0.4659507 
473500 	 0.5073822 
474000 	 0.4383009 
474500 	 0.49086 
475000 	 0.4403431 
475500 	 0.579075 
476000 	 0.6392558 
476500 	 0.5138406 
477000 	 0.6343112 
477500 	 0.5454192 
478000 	 0.3843525 
478500 	 0.6407323 
479000 	 0.4955362 
479500 	 0.4550409 
480000 	 0.4914274 
480500 	 0.6208082 
481000 	 0.5379072 
481500 	 0.6190962 
482000 	 0.5777735 
482500 	 0.5268151 
483000 	 0.5898904 
483500 	 0.5701571 
484000 	 0.4536636 
484500 	 0.3729796 
485000 	 0.4683082 
485500 	 0.4596328 
486000 	 0.5148053 
486500 	 0.5415383 
487000 	 0.4496195 
487500 	 0.46978 
488000 	 0.4426782 
488500 	 0.5042066 
489000 	 0.5731028 
489500 	 0.4817114 
490000 	 0.3672721 
490500 	 0.5176251 
491000 	 0.5076817 
491500 	 0.4174443 
492000 	 0.560317 
492500 	 0.5306602 
493000 	 0.5044319 
493500 	 0.3805129 
494000 	 0.4596646 
494500 	 0.5610932 
495000 	 0.536314 
495500 	 0.4271821 
496000 	 0.4835096 
496500 	 0.5373488 
497000 	 0.4746658 
497500 	 0.4991505 
498000 	 0.4496032 
498500 	 0.4660218 
499000 	 0.5312818 
499500 	 0.5487144 
500000 	 0.4363159 
