iter 	 p
500 	 0.4250323 
1000 	 0.4805673 
1500 	 0.6720162 
2000 	 0.5226256 
2500 	 0.3907168 
3000 	 0.5464058 
3500 	 0.5104329 
4000 	 0.6063525 
4500 	 0.5666245 
5000 	 0.5481905 
5500 	 0.5690136 
6000 	 0.511873 
6500 	 0.4633284 
7000 	 0.5969075 
7500 	 0.6233323 
8000 	 0.5031915 
8500 	 0.4825631 
9000 	 0.4952242 
9500 	 0.4621659 
10000 	 0.530588 
10500 	 0.6322506 
11000 	 0.4864987 
11500 	 0.4589982 
12000 	 0.6298542 
12500 	 0.4678123 
13000 	 0.5096749 
13500 	 0.6217703 
14000 	 0.5827326 
14500 	 0.5706171 
15000 	 0.5061466 
15500 	 0.4510084 
16000 	 0.4607811 
16500 	 0.635955 
17000 	 0.429262 
17500 	 0.5268596 
18000 	 0.4921912 
18500 	 0.5780991 
19000 	 0.4958871 
19500 	 0.4932256 
20000 	 0.5484701 
20500 	 0.537976 
21000 	 0.4420138 
21500 	 0.4387173 
22000 	 0.5234084 
22500 	 0.5706578 
23000 	 0.60677 
23500 	 0.4043003 
24000 	 0.431204 
24500 	 0.5928107 
25000 	 0.5694766 
25500 	 0.5236637 
26000 	 0.4233015 
26500 	 0.3961894 
27000 	 0.397918 
27500 	 0.5373167 
28000 	 0.5219861 
28500 	 0.6244426 
29000 	 0.5607597 
29500 	 0.5048359 
30000 	 0.4331436 
30500 	 0.668057 
31000 	 0.5346218 
31500 	 0.5543608 
32000 	 0.4907397 
32500 	 0.515374 
33000 	 0.5883789 
33500 	 0.6365274 
34000 	 0.5255945 
34500 	 0.5733993 
35000 	 0.6178338 
35500 	 0.4813604 
36000 	 0.5154393 
36500 	 0.5795757 
37000 	 0.4294591 
37500 	 0.3949678 
38000 	 0.5016488 
38500 	 0.5635771 
39000 	 0.6495383 
39500 	 0.4114495 
40000 	 0.5326765 
40500 	 0.4858835 
41000 	 0.5591886 
41500 	 0.5903738 
42000 	 0.5618465 
42500 	 0.4638245 
43000 	 0.569864 
43500 	 0.3807163 
44000 	 0.6090557 
44500 	 0.5397008 
45000 	 0.5733053 
45500 	 0.5750068 
46000 	 0.504392 
46500 	 0.5471025 
47000 	 0.5108648 
47500 	 0.6135676 
48000 	 0.4845905 
48500 	 0.4121842 
49000 	 0.4822945 
49500 	 0.6107679 
50000 	 0.6297602 
50500 	 0.4257934 
51000 	 0.4933814 
51500 	 0.3899372 
52000 	 0.4479985 
52500 	 0.6507992 
53000 	 0.4759318 
53500 	 0.4469349 
54000 	 0.4360893 
54500 	 0.5861889 
55000 	 0.5211364 
55500 	 0.5455589 
56000 	 0.5852172 
56500 	 0.5005778 
57000 	 0.6497888 
57500 	 0.5306398 
58000 	 0.5383408 
58500 	 0.42979 
59000 	 0.4991656 
59500 	 0.4232531 
60000 	 0.5852318 
60500 	 0.6842805 
61000 	 0.4199843 
61500 	 0.6107919 
62000 	 0.6106146 
62500 	 0.4783798 
63000 	 0.4534817 
63500 	 0.5292324 
64000 	 0.5345633 
64500 	 0.4665513 
65000 	 0.597833 
65500 	 0.5909986 
66000 	 0.5639128 
66500 	 0.4748375 
67000 	 0.572299 
67500 	 0.3964018 
68000 	 0.5406702 
68500 	 0.4298483 
69000 	 0.5209239 
69500 	 0.4227726 
70000 	 0.4812399 
70500 	 0.5273302 
71000 	 0.5756238 
71500 	 0.4003014 
72000 	 0.5309474 
72500 	 0.4741636 
73000 	 0.6082567 
73500 	 0.5196131 
74000 	 0.5302977 
74500 	 0.5320388 
75000 	 0.5820902 
75500 	 0.5203953 
76000 	 0.6238785 
76500 	 0.5538263 
77000 	 0.6190626 
77500 	 0.5243036 
78000 	 0.609051 
78500 	 0.5498915 
79000 	 0.5079361 
79500 	 0.5252554 
80000 	 0.583721 
80500 	 0.5175499 
81000 	 0.547647 
81500 	 0.5522435 
82000 	 0.4982669 
82500 	 0.4252434 
83000 	 0.5656357 
83500 	 0.5383671 
84000 	 0.5174325 
84500 	 0.5296401 
85000 	 0.4730344 
85500 	 0.4743589 
86000 	 0.4418112 
86500 	 0.4737932 
87000 	 0.5119788 
87500 	 0.5163335 
88000 	 0.5587567 
88500 	 0.5624392 
89000 	 0.5505735 
89500 	 0.5788238 
90000 	 0.4593391 
90500 	 0.6034774 
91000 	 0.6055973 
91500 	 0.4560371 
92000 	 0.4312749 
92500 	 0.4682577 
93000 	 0.4898211 
93500 	 0.4744091 
94000 	 0.4080243 
94500 	 0.50372 
95000 	 0.5710581 
95500 	 0.4607524 
96000 	 0.6049028 
96500 	 0.469195 
97000 	 0.5402139 
97500 	 0.4195784 
98000 	 0.5338024 
98500 	 0.4386497 
99000 	 0.5695585 
99500 	 0.5546864 
100000 	 0.4188878 
100500 	 0.6196724 
101000 	 0.4974279 
101500 	 0.5094235 
102000 	 0.4932243 
102500 	 0.5273967 
103000 	 0.3998721 
103500 	 0.5836186 
104000 	 0.5294159 
104500 	 0.5528062 
105000 	 0.544433 
105500 	 0.4956942 
106000 	 0.5660924 
106500 	 0.5989725 
107000 	 0.6066882 
107500 	 0.5286496 
108000 	 0.5204678 
108500 	 0.5227817 
109000 	 0.6939648 
109500 	 0.3407671 
110000 	 0.5901126 
110500 	 0.4748584 
111000 	 0.4640163 
111500 	 0.5484404 
112000 	 0.4823058 
112500 	 0.5579376 
113000 	 0.4548197 
113500 	 0.569629 
114000 	 0.5005853 
114500 	 0.5512553 
115000 	 0.4865712 
115500 	 0.6254058 
116000 	 0.5134536 
116500 	 0.4392399 
117000 	 0.6293979 
117500 	 0.4997708 
118000 	 0.4234617 
118500 	 0.5134251 
119000 	 0.6155052 
119500 	 0.594264 
120000 	 0.5607155 
120500 	 0.4570046 
121000 	 0.5369123 
121500 	 0.4941083 
122000 	 0.6853257 
122500 	 0.5306467 
123000 	 0.5878079 
123500 	 0.4334129 
124000 	 0.5048457 
124500 	 0.5648391 
125000 	 0.5182377 
125500 	 0.6501592 
126000 	 0.4855232 
126500 	 0.5094548 
127000 	 0.5744318 
127500 	 0.3769374 
128000 	 0.5776343 
128500 	 0.6499656 
129000 	 0.4532124 
129500 	 0.4611164 
130000 	 0.4584317 
130500 	 0.6338704 
131000 	 0.4522361 
131500 	 0.5416195 
132000 	 0.5524807 
132500 	 0.3984513 
133000 	 0.4852412 
133500 	 0.4476389 
134000 	 0.6100417 
134500 	 0.3515711 
135000 	 0.5509097 
135500 	 0.7061867 
136000 	 0.4802735 
136500 	 0.4869778 
137000 	 0.4836767 
137500 	 0.5440265 
138000 	 0.5042571 
138500 	 0.4505599 
139000 	 0.5373546 
139500 	 0.4132084 
140000 	 0.5603562 
140500 	 0.5609219 
141000 	 0.5218198 
141500 	 0.6035984 
142000 	 0.550059 
142500 	 0.5061044 
143000 	 0.6658732 
143500 	 0.5208691 
144000 	 0.4354172 
144500 	 0.484565 
145000 	 0.465824 
145500 	 0.6464551 
146000 	 0.460963 
146500 	 0.4415256 
147000 	 0.5184368 
147500 	 0.44987 
148000 	 0.5581031 
148500 	 0.4948368 
149000 	 0.6038043 
149500 	 0.5829851 
150000 	 0.4907046 
150500 	 0.367889 
151000 	 0.4628557 
151500 	 0.5708713 
152000 	 0.3619264 
152500 	 0.5341909 
153000 	 0.4587499 
153500 	 0.5394855 
154000 	 0.6178715 
154500 	 0.4284566 
155000 	 0.5189189 
155500 	 0.4959647 
156000 	 0.5616595 
156500 	 0.4132622 
157000 	 0.5432732 
157500 	 0.7188061 
158000 	 0.5198994 
158500 	 0.4450603 
159000 	 0.5581517 
159500 	 0.5822881 
160000 	 0.625691 
160500 	 0.4312104 
161000 	 0.4866072 
161500 	 0.4828228 
162000 	 0.4783573 
162500 	 0.6539747 
163000 	 0.6068035 
163500 	 0.5866864 
164000 	 0.69275 
164500 	 0.52752 
165000 	 0.4000626 
165500 	 0.581988 
166000 	 0.524754 
166500 	 0.5172734 
167000 	 0.5713986 
167500 	 0.5252399 
168000 	 0.5793582 
168500 	 0.3505955 
169000 	 0.4023358 
169500 	 0.4801599 
170000 	 0.3759199 
170500 	 0.568767 
171000 	 0.5469447 
171500 	 0.5043108 
172000 	 0.5551129 
172500 	 0.5257999 
173000 	 0.599472 
173500 	 0.4847198 
174000 	 0.6542642 
174500 	 0.5089829 
175000 	 0.553306 
175500 	 0.578659 
176000 	 0.5160647 
176500 	 0.563733 
177000 	 0.4873894 
177500 	 0.5768076 
178000 	 0.5921449 
178500 	 0.5006395 
179000 	 0.6258631 
179500 	 0.5716646 
180000 	 0.4788837 
180500 	 0.4692967 
181000 	 0.5397773 
181500 	 0.3338812 
182000 	 0.5743919 
182500 	 0.3720535 
183000 	 0.489323 
183500 	 0.6299859 
184000 	 0.6146764 
184500 	 0.4899984 
185000 	 0.4673657 
185500 	 0.4571118 
186000 	 0.4910686 
186500 	 0.4920524 
187000 	 0.6905267 
187500 	 0.5737126 
188000 	 0.501837 
188500 	 0.5891412 
189000 	 0.5705519 
189500 	 0.5857678 
190000 	 0.4638974 
190500 	 0.5494193 
191000 	 0.5666542 
191500 	 0.5606467 
192000 	 0.5880191 
192500 	 0.5317155 
193000 	 0.5452854 
193500 	 0.3897842 
194000 	 0.5326376 
194500 	 0.4981618 
195000 	 0.4361768 
195500 	 0.5925878 
196000 	 0.4876767 
196500 	 0.4566967 
197000 	 0.5016737 
197500 	 0.5380876 
198000 	 0.5457268 
198500 	 0.4745884 
199000 	 0.6339629 
199500 	 0.5370677 
200000 	 0.5809552 
200500 	 0.4736015 
201000 	 0.5540511 
201500 	 0.5499654 
202000 	 0.5406747 
202500 	 0.4960335 
203000 	 0.4876842 
203500 	 0.4711865 
204000 	 0.4832631 
204500 	 0.4650136 
205000 	 0.5165516 
205500 	 0.5745781 
206000 	 0.5329767 
206500 	 0.5695436 
207000 	 0.5581019 
207500 	 0.4749169 
208000 	 0.5356045 
208500 	 0.633027 
209000 	 0.5241309 
209500 	 0.604614 
210000 	 0.5914151 
210500 	 0.4869216 
211000 	 0.6158107 
211500 	 0.6572947 
212000 	 0.4679432 
212500 	 0.4627682 
213000 	 0.462561 
213500 	 0.5328764 
214000 	 0.4965821 
214500 	 0.484397 
215000 	 0.4863094 
215500 	 0.4824535 
216000 	 0.4713848 
216500 	 0.5359211 
217000 	 0.5896672 
217500 	 0.436019 
218000 	 0.6712272 
218500 	 0.4870967 
219000 	 0.5105276 
219500 	 0.6477001 
220000 	 0.6900138 
220500 	 0.4752382 
221000 	 0.5342167 
221500 	 0.4529062 
222000 	 0.4815764 
222500 	 0.5247672 
223000 	 0.4640894 
223500 	 0.6897345 
224000 	 0.5197085 
224500 	 0.4941606 
225000 	 0.545163 
225500 	 0.419132 
226000 	 0.522879 
226500 	 0.4449545 
227000 	 0.4184209 
227500 	 0.390521 
228000 	 0.4789451 
228500 	 0.6111461 
229000 	 0.6783755 
229500 	 0.4029173 
230000 	 0.4318061 
230500 	 0.4441372 
231000 	 0.354361 
231500 	 0.4997376 
232000 	 0.4762974 
232500 	 0.3985766 
233000 	 0.4679466 
233500 	 0.6095468 
234000 	 0.5719394 
234500 	 0.544731 
235000 	 0.5024536 
235500 	 0.5951968 
236000 	 0.6506379 
236500 	 0.4303879 
237000 	 0.4243697 
237500 	 0.6811315 
238000 	 0.4767819 
238500 	 0.5717378 
239000 	 0.4600434 
239500 	 0.5678207 
240000 	 0.4424545 
240500 	 0.5517365 
241000 	 0.482464 
241500 	 0.6355975 
242000 	 0.6337977 
242500 	 0.6574039 
243000 	 0.4956236 
243500 	 0.617961 
244000 	 0.5506602 
244500 	 0.4553554 
245000 	 0.4753508 
245500 	 0.4843562 
246000 	 0.5256238 
246500 	 0.6524979 
247000 	 0.4463704 
247500 	 0.6487827 
248000 	 0.5487213 
248500 	 0.4710638 
249000 	 0.5423253 
249500 	 0.4351313 
250000 	 0.5623196 
250500 	 0.4657146 
251000 	 0.5477335 
251500 	 0.6017659 
252000 	 0.6419671 
252500 	 0.4642875 
253000 	 0.6436418 
253500 	 0.5501564 
254000 	 0.4936078 
254500 	 0.6647843 
255000 	 0.5655477 
255500 	 0.5754558 
256000 	 0.6344548 
256500 	 0.5334949 
257000 	 0.5864888 
257500 	 0.576028 
258000 	 0.5465498 
258500 	 0.5838764 
259000 	 0.6438437 
259500 	 0.6147395 
260000 	 0.5619812 
260500 	 0.5654093 
261000 	 0.6112343 
261500 	 0.4611137 
262000 	 0.5303411 
262500 	 0.5538521 
263000 	 0.5662911 
263500 	 0.5191522 
264000 	 0.5698762 
264500 	 0.6960217 
265000 	 0.5267047 
265500 	 0.50395 
266000 	 0.4371931 
266500 	 0.6228898 
267000 	 0.5191647 
267500 	 0.583279 
268000 	 0.5426819 
268500 	 0.3206948 
269000 	 0.3041411 
269500 	 0.6328106 
270000 	 0.5147165 
270500 	 0.4967556 
271000 	 0.504193 
271500 	 0.4897283 
272000 	 0.5176385 
272500 	 0.4074143 
273000 	 0.5488052 
273500 	 0.4258231 
274000 	 0.4508841 
274500 	 0.5869822 
275000 	 0.5856415 
275500 	 0.6249472 
276000 	 0.5450978 
276500 	 0.669412 
277000 	 0.4310579 
277500 	 0.5040555 
278000 	 0.551686 
278500 	 0.4348229 
279000 	 0.5594784 
279500 	 0.5443154 
280000 	 0.4900005 
280500 	 0.5171967 
281000 	 0.4567285 
281500 	 0.601865 
282000 	 0.4284039 
282500 	 0.4916553 
283000 	 0.5290179 
283500 	 0.5110556 
284000 	 0.6966582 
284500 	 0.4750594 
285000 	 0.5413094 
285500 	 0.3922648 
286000 	 0.5108871 
286500 	 0.5011065 
287000 	 0.5437157 
287500 	 0.5880649 
288000 	 0.359319 
288500 	 0.3882115 
289000 	 0.5559111 
289500 	 0.526717 
290000 	 0.5212327 
290500 	 0.6348129 
291000 	 0.4517922 
291500 	 0.4989866 
292000 	 0.5500363 
292500 	 0.54598 
293000 	 0.5403312 
293500 	 0.5839456 
294000 	 0.5244441 
294500 	 0.469054 
295000 	 0.5339736 
295500 	 0.6009116 
296000 	 0.5299732 
296500 	 0.4756372 
297000 	 0.4803735 
297500 	 0.486185 
298000 	 0.6342888 
298500 	 0.4205193 
299000 	 0.5090051 
299500 	 0.5411533 
300000 	 0.5753698 
300500 	 0.4930289 
301000 	 0.5078764 
301500 	 0.4788981 
302000 	 0.4773652 
302500 	 0.5228481 
303000 	 0.4103843 
303500 	 0.5020327 
304000 	 0.6622476 
304500 	 0.5321947 
305000 	 0.5763293 
305500 	 0.4926192 
306000 	 0.5783954 
306500 	 0.3916491 
307000 	 0.6574423 
307500 	 0.4890748 
308000 	 0.3916181 
308500 	 0.5748536 
309000 	 0.5200105 
309500 	 0.6100413 
310000 	 0.5239878 
310500 	 0.649275 
311000 	 0.5062781 
311500 	 0.6344933 
312000 	 0.5124545 
312500 	 0.5529778 
313000 	 0.6294494 
313500 	 0.5309132 
314000 	 0.5088761 
314500 	 0.5022553 
315000 	 0.6042426 
315500 	 0.5350073 
316000 	 0.568763 
316500 	 0.5436152 
317000 	 0.5185167 
317500 	 0.5118634 
318000 	 0.4661682 
318500 	 0.6792151 
319000 	 0.6317082 
319500 	 0.3768074 
320000 	 0.5429313 
320500 	 0.5529591 
321000 	 0.6594837 
321500 	 0.4992251 
322000 	 0.589045 
322500 	 0.4579369 
323000 	 0.4899753 
323500 	 0.6412669 
324000 	 0.5490498 
324500 	 0.5527069 
325000 	 0.4489155 
325500 	 0.4770619 
326000 	 0.535821 
326500 	 0.4752966 
327000 	 0.4907134 
327500 	 0.3972088 
328000 	 0.4827294 
328500 	 0.5020674 
329000 	 0.5928852 
329500 	 0.5351153 
330000 	 0.4969487 
330500 	 0.4658099 
331000 	 0.5305039 
331500 	 0.4344229 
332000 	 0.443215 
332500 	 0.4130088 
333000 	 0.603592 
333500 	 0.5669043 
334000 	 0.4927175 
334500 	 0.4862216 
335000 	 0.7282954 
335500 	 0.6950129 
336000 	 0.6578682 
336500 	 0.4846008 
337000 	 0.3781871 
337500 	 0.5837753 
338000 	 0.5470213 
338500 	 0.5064944 
339000 	 0.4264984 
339500 	 0.5707791 
340000 	 0.5318876 
340500 	 0.5408147 
341000 	 0.4693211 
341500 	 0.578166 
342000 	 0.4843708 
342500 	 0.5511236 
343000 	 0.4881717 
343500 	 0.5593572 
344000 	 0.4621796 
344500 	 0.3724116 
345000 	 0.5891966 
345500 	 0.64412 
346000 	 0.5526586 
346500 	 0.5397412 
347000 	 0.5364497 
347500 	 0.5557574 
348000 	 0.4126849 
348500 	 0.7520664 
349000 	 0.3644728 
349500 	 0.4886476 
350000 	 0.5966595 
350500 	 0.4708334 
351000 	 0.4696851 
351500 	 0.5600718 
352000 	 0.5196371 
352500 	 0.5658975 
353000 	 0.5892278 
353500 	 0.4402661 
354000 	 0.5723166 
354500 	 0.5262649 
355000 	 0.4454925 
355500 	 0.5221454 
356000 	 0.5275835 
356500 	 0.5590139 
357000 	 0.5396089 
357500 	 0.5214111 
358000 	 0.5193829 
358500 	 0.4480655 
359000 	 0.5309482 
359500 	 0.5288386 
360000 	 0.4995661 
360500 	 0.5593457 
361000 	 0.4583348 
361500 	 0.4820884 
362000 	 0.2821765 
362500 	 0.5374148 
363000 	 0.4818161 
363500 	 0.5565885 
364000 	 0.445897 
364500 	 0.5060602 
365000 	 0.4270466 
365500 	 0.4912567 
366000 	 0.4326601 
366500 	 0.6313319 
367000 	 0.5549509 
367500 	 0.4929314 
368000 	 0.4500425 
368500 	 0.5644046 
369000 	 0.4899952 
369500 	 0.5921164 
370000 	 0.4568092 
370500 	 0.5760226 
371000 	 0.6021755 
371500 	 0.5389182 
372000 	 0.5228216 
372500 	 0.424475 
373000 	 0.5640309 
373500 	 0.4625235 
374000 	 0.4400641 
374500 	 0.4403926 
375000 	 0.5514147 
375500 	 0.4844296 
376000 	 0.4466455 
376500 	 0.6364498 
377000 	 0.4829878 
377500 	 0.6473246 
378000 	 0.5699209 
378500 	 0.5943541 
379000 	 0.4269004 
379500 	 0.5687032 
380000 	 0.5378709 
380500 	 0.5864468 
381000 	 0.5210246 
381500 	 0.499058 
382000 	 0.5103499 
382500 	 0.5971972 
383000 	 0.5759635 
383500 	 0.4319954 
384000 	 0.5908739 
384500 	 0.5199141 
385000 	 0.6172852 
385500 	 0.451288 
386000 	 0.4300093 
386500 	 0.5113134 
387000 	 0.5166042 
387500 	 0.5316399 
388000 	 0.483899 
388500 	 0.5931754 
389000 	 0.5162982 
389500 	 0.5744936 
390000 	 0.4932316 
390500 	 0.4567348 
391000 	 0.6252908 
391500 	 0.4891808 
392000 	 0.4559465 
392500 	 0.473839 
393000 	 0.6688234 
393500 	 0.6546137 
394000 	 0.6248534 
394500 	 0.7434915 
395000 	 0.5785185 
395500 	 0.5367646 
396000 	 0.5437579 
396500 	 0.6397928 
397000 	 0.6207977 
397500 	 0.5244225 
398000 	 0.5999582 
398500 	 0.5780304 
399000 	 0.4503864 
399500 	 0.5625295 
400000 	 0.5076902 
400500 	 0.5492593 
401000 	 0.4973621 
401500 	 0.4703144 
402000 	 0.5260221 
402500 	 0.458883 
403000 	 0.5046343 
403500 	 0.6303206 
404000 	 0.5064052 
404500 	 0.6382634 
405000 	 0.4217774 
405500 	 0.4141449 
406000 	 0.4451445 
406500 	 0.4620286 
407000 	 0.5772047 
407500 	 0.5247254 
408000 	 0.5654896 
408500 	 0.6696684 
409000 	 0.5100044 
409500 	 0.6732179 
410000 	 0.5054361 
410500 	 0.4027422 
411000 	 0.4843679 
411500 	 0.5450816 
412000 	 0.6818688 
412500 	 0.4245291 
413000 	 0.562391 
413500 	 0.5704507 
414000 	 0.4539118 
414500 	 0.4605974 
415000 	 0.5244972 
415500 	 0.5071537 
416000 	 0.5688914 
416500 	 0.485622 
417000 	 0.564049 
417500 	 0.43888 
418000 	 0.5391345 
418500 	 0.5682548 
419000 	 0.4788959 
419500 	 0.5200962 
420000 	 0.5022867 
420500 	 0.508471 
421000 	 0.4559416 
421500 	 0.5063857 
422000 	 0.5719367 
422500 	 0.6433105 
423000 	 0.453823 
423500 	 0.5966319 
424000 	 0.5360328 
424500 	 0.4105173 
425000 	 0.4127572 
425500 	 0.3362447 
426000 	 0.4649195 
426500 	 0.4045402 
427000 	 0.4786763 
427500 	 0.5573439 
428000 	 0.5117027 
428500 	 0.522851 
429000 	 0.5447991 
429500 	 0.3986623 
430000 	 0.5053821 
430500 	 0.5354055 
431000 	 0.524439 
431500 	 0.5447626 
432000 	 0.5038522 
432500 	 0.6861364 
433000 	 0.4837302 
433500 	 0.4389664 
434000 	 0.5754942 
434500 	 0.4596598 
435000 	 0.5719955 
435500 	 0.4921268 
436000 	 0.4735935 
436500 	 0.4032006 
437000 	 0.6099867 
437500 	 0.5609248 
438000 	 0.6639967 
438500 	 0.4927934 
439000 	 0.5406373 
439500 	 0.4661699 
440000 	 0.5615001 
440500 	 0.629997 
441000 	 0.555404 
441500 	 0.4673055 
442000 	 0.4938112 
442500 	 0.7069113 
443000 	 0.619584 
443500 	 0.5879744 
444000 	 0.4832367 
444500 	 0.63557 
445000 	 0.4056069 
445500 	 0.4931956 
446000 	 0.6148891 
446500 	 0.5819852 
447000 	 0.5491685 
447500 	 0.4650394 
448000 	 0.5017744 
448500 	 0.5993921 
449000 	 0.5810123 
449500 	 0.5011062 
450000 	 0.5184842 
450500 	 0.5596065 
451000 	 0.4933683 
451500 	 0.6052705 
452000 	 0.4679841 
452500 	 0.6131484 
453000 	 0.6241069 
453500 	 0.5348399 
454000 	 0.5664573 
454500 	 0.5215232 
455000 	 0.667846 
455500 	 0.5234109 
456000 	 0.61382 
456500 	 0.5660612 
457000 	 0.5408114 
457500 	 0.4295394 
458000 	 0.5280884 
458500 	 0.4233578 
459000 	 0.6056372 
459500 	 0.5076063 
460000 	 0.6663288 
460500 	 0.5557418 
461000 	 0.5186092 
461500 	 0.4886124 
462000 	 0.4396264 
462500 	 0.4924433 
463000 	 0.5191716 
463500 	 0.4923024 
464000 	 0.5357082 
464500 	 0.4328284 
465000 	 0.524535 
465500 	 0.5925166 
466000 	 0.571559 
466500 	 0.7212076 
467000 	 0.5312587 
467500 	 0.617217 
468000 	 0.4651402 
468500 	 0.4620278 
469000 	 0.4685586 
469500 	 0.4881014 
470000 	 0.5314056 
470500 	 0.3596731 
471000 	 0.5116703 
471500 	 0.4942346 
472000 	 0.5555663 
472500 	 0.5469872 
473000 	 0.696689 
473500 	 0.5697482 
474000 	 0.5112717 
474500 	 0.4921141 
475000 	 0.5111249 
475500 	 0.4674981 
476000 	 0.5037772 
476500 	 0.6850245 
477000 	 0.5446536 
477500 	 0.5397453 
478000 	 0.5367653 
478500 	 0.469056 
479000 	 0.4858442 
479500 	 0.502996 
480000 	 0.4856702 
480500 	 0.520523 
481000 	 0.6168514 
481500 	 0.7022971 
482000 	 0.4873186 
482500 	 0.5565864 
483000 	 0.5034684 
483500 	 0.5352785 
484000 	 0.605655 
484500 	 0.4564114 
485000 	 0.5563908 
485500 	 0.5453478 
486000 	 0.5840135 
486500 	 0.5795042 
487000 	 0.5192807 
487500 	 0.5649126 
488000 	 0.6199685 
488500 	 0.394219 
489000 	 0.5175547 
489500 	 0.4099007 
490000 	 0.510361 
490500 	 0.5011924 
491000 	 0.5108142 
491500 	 0.4829624 
492000 	 0.49405 
492500 	 0.4542795 
493000 	 0.4614724 
493500 	 0.563629 
494000 	 0.4595243 
494500 	 0.5966568 
495000 	 0.4927389 
495500 	 0.5204956 
496000 	 0.5124221 
496500 	 0.5120653 
497000 	 0.5512435 
497500 	 0.5111847 
498000 	 0.6115887 
498500 	 0.5735815 
499000 	 0.7264338 
499500 	 0.5064051 
500000 	 0.4013679 
