iter 	 p
500 	 0.2788975 
1000 	 0.190687 
1500 	 0.1848458 
2000 	 0.2169727 
2500 	 0.2452949 
3000 	 0.2289514 
3500 	 0.1818054 
4000 	 0.2674474 
4500 	 0.2043528 
5000 	 0.1911475 
5500 	 0.2356856 
6000 	 0.1956181 
6500 	 0.2351111 
7000 	 0.2331997 
7500 	 0.1617014 
8000 	 0.2441429 
8500 	 0.2227346 
9000 	 0.2149329 
9500 	 0.2065191 
10000 	 0.1760677 
10500 	 0.234016 
11000 	 0.224155 
11500 	 0.1863407 
12000 	 0.2134072 
12500 	 0.2260974 
13000 	 0.2816366 
13500 	 0.2236251 
14000 	 0.1821518 
14500 	 0.3015122 
15000 	 0.2138248 
15500 	 0.1530836 
16000 	 0.2428172 
16500 	 0.165578 
17000 	 0.1650802 
17500 	 0.1975014 
18000 	 0.1975616 
18500 	 0.2552507 
19000 	 0.2045054 
19500 	 0.2347578 
20000 	 0.181624 
20500 	 0.1819723 
21000 	 0.2472702 
21500 	 0.1916903 
22000 	 0.3208061 
22500 	 0.2074559 
23000 	 0.1573139 
23500 	 0.1999201 
24000 	 0.2500752 
24500 	 0.2828599 
25000 	 0.222832 
25500 	 0.2479013 
26000 	 0.2210911 
26500 	 0.1724783 
27000 	 0.229504 
27500 	 0.209671 
28000 	 0.238316 
28500 	 0.2014676 
29000 	 0.2210669 
29500 	 0.235962 
30000 	 0.2835454 
30500 	 0.1935657 
31000 	 0.1514889 
31500 	 0.2054928 
32000 	 0.1788288 
32500 	 0.2795317 
33000 	 0.1838045 
33500 	 0.1190968 
34000 	 0.257556 
34500 	 0.2195401 
35000 	 0.155081 
35500 	 0.2107854 
36000 	 0.176658 
36500 	 0.2165065 
37000 	 0.2599732 
37500 	 0.1385963 
38000 	 0.2126641 
38500 	 0.18298 
39000 	 0.1827913 
39500 	 0.2847993 
40000 	 0.2341006 
40500 	 0.2530322 
41000 	 0.1733553 
41500 	 0.1681837 
42000 	 0.2502872 
42500 	 0.2046483 
43000 	 0.1297836 
43500 	 0.2627055 
44000 	 0.2162183 
44500 	 0.1539092 
45000 	 0.1986056 
45500 	 0.1737135 
46000 	 0.1892874 
46500 	 0.2518964 
47000 	 0.2078901 
47500 	 0.2075812 
48000 	 0.1763246 
48500 	 0.1777618 
49000 	 0.1884322 
49500 	 0.1645171 
50000 	 0.1906973 
50500 	 0.2203929 
51000 	 0.2332508 
51500 	 0.2205944 
52000 	 0.2568262 
52500 	 0.2054946 
53000 	 0.2146487 
53500 	 0.2790246 
54000 	 0.2495417 
54500 	 0.1998158 
55000 	 0.1978009 
55500 	 0.2451138 
56000 	 0.1986912 
56500 	 0.2795078 
57000 	 0.1620314 
57500 	 0.1515784 
58000 	 0.2558301 
58500 	 0.1341177 
59000 	 0.2200845 
59500 	 0.1915205 
60000 	 0.1899428 
60500 	 0.2133835 
61000 	 0.2134096 
61500 	 0.179712 
62000 	 0.2263494 
62500 	 0.1787449 
63000 	 0.1915213 
63500 	 0.2854044 
64000 	 0.2121783 
64500 	 0.2561522 
65000 	 0.1863344 
65500 	 0.2091354 
66000 	 0.1974459 
66500 	 0.2030767 
67000 	 0.2048678 
67500 	 0.2516085 
68000 	 0.220956 
68500 	 0.1432846 
69000 	 0.2095084 
69500 	 0.2829955 
70000 	 0.2177561 
70500 	 0.2406491 
71000 	 0.1838733 
71500 	 0.2109229 
72000 	 0.1624744 
72500 	 0.2768659 
73000 	 0.2347404 
73500 	 0.2208841 
74000 	 0.2707857 
74500 	 0.1482914 
75000 	 0.2151314 
75500 	 0.2449285 
76000 	 0.2336264 
76500 	 0.15353 
77000 	 0.2487723 
77500 	 0.2464589 
78000 	 0.2398637 
78500 	 0.1331829 
79000 	 0.2797817 
79500 	 0.1791627 
80000 	 0.2302327 
80500 	 0.2222642 
81000 	 0.2170929 
81500 	 0.2062265 
82000 	 0.3040455 
82500 	 0.2348377 
83000 	 0.2324536 
83500 	 0.1894998 
84000 	 0.1991866 
84500 	 0.239381 
85000 	 0.2698165 
85500 	 0.1861609 
86000 	 0.2410483 
86500 	 0.1657575 
87000 	 0.2337773 
87500 	 0.1759746 
88000 	 0.2290115 
88500 	 0.2158659 
89000 	 0.2256999 
89500 	 0.2071684 
90000 	 0.1678054 
90500 	 0.171159 
91000 	 0.1846835 
91500 	 0.2419239 
92000 	 0.1610924 
92500 	 0.2804874 
93000 	 0.1830506 
93500 	 0.1348132 
94000 	 0.1273162 
94500 	 0.1781449 
95000 	 0.1663593 
95500 	 0.2242877 
96000 	 0.2466874 
96500 	 0.2173757 
97000 	 0.225026 
97500 	 0.1804656 
98000 	 0.2611278 
98500 	 0.1643583 
99000 	 0.2930123 
99500 	 0.2454824 
100000 	 0.1821909 
100500 	 0.2124756 
101000 	 0.2407735 
101500 	 0.2430042 
102000 	 0.249407 
102500 	 0.2409645 
103000 	 0.1702069 
103500 	 0.2398253 
104000 	 0.1456739 
104500 	 0.1748731 
105000 	 0.2512681 
105500 	 0.1510077 
106000 	 0.2510369 
106500 	 0.2343573 
107000 	 0.2181982 
107500 	 0.1997605 
108000 	 0.224657 
108500 	 0.1533121 
109000 	 0.2426858 
109500 	 0.2723557 
110000 	 0.2444654 
110500 	 0.1858756 
111000 	 0.1702176 
111500 	 0.2209298 
112000 	 0.2517192 
112500 	 0.2359586 
113000 	 0.2437702 
113500 	 0.1998266 
114000 	 0.1739656 
114500 	 0.2246352 
115000 	 0.1956838 
115500 	 0.2265614 
116000 	 0.1951079 
116500 	 0.1806819 
117000 	 0.172699 
117500 	 0.2353528 
118000 	 0.1493536 
118500 	 0.1612856 
119000 	 0.2464604 
119500 	 0.1810752 
120000 	 0.2534077 
120500 	 0.2459378 
121000 	 0.3061945 
121500 	 0.2135875 
122000 	 0.181315 
122500 	 0.1773116 
123000 	 0.2458367 
123500 	 0.1950545 
124000 	 0.1551927 
124500 	 0.1946322 
125000 	 0.1920551 
125500 	 0.1539183 
126000 	 0.2191079 
126500 	 0.2174727 
127000 	 0.2184822 
127500 	 0.2632547 
128000 	 0.2537066 
128500 	 0.2696251 
129000 	 0.2752923 
129500 	 0.2071167 
130000 	 0.2655697 
130500 	 0.2193323 
131000 	 0.2744597 
131500 	 0.2358277 
132000 	 0.1913617 
132500 	 0.2146134 
133000 	 0.2772961 
133500 	 0.2065898 
134000 	 0.3088763 
134500 	 0.2125896 
135000 	 0.2954185 
135500 	 0.2125996 
136000 	 0.2541513 
136500 	 0.1679508 
137000 	 0.1549557 
137500 	 0.2034163 
138000 	 0.221752 
138500 	 0.2131459 
139000 	 0.2162323 
139500 	 0.2475601 
140000 	 0.1733994 
140500 	 0.2900174 
141000 	 0.2207773 
141500 	 0.1847098 
142000 	 0.2757652 
142500 	 0.2686654 
143000 	 0.1360839 
143500 	 0.2214423 
144000 	 0.1463726 
144500 	 0.2881516 
145000 	 0.2070419 
145500 	 0.2133993 
146000 	 0.2604606 
146500 	 0.2424907 
147000 	 0.1742256 
147500 	 0.2250456 
148000 	 0.1990054 
148500 	 0.2077118 
149000 	 0.244723 
149500 	 0.2746231 
150000 	 0.2471883 
150500 	 0.1753634 
151000 	 0.2414617 
151500 	 0.2010288 
152000 	 0.3142109 
152500 	 0.1534174 
153000 	 0.1946003 
153500 	 0.2568252 
154000 	 0.2104063 
154500 	 0.1795928 
155000 	 0.2370373 
155500 	 0.2422347 
156000 	 0.3052165 
156500 	 0.2846023 
157000 	 0.1898515 
157500 	 0.2496914 
158000 	 0.1812734 
158500 	 0.1722282 
159000 	 0.2045698 
159500 	 0.2019116 
160000 	 0.2064029 
160500 	 0.1579652 
161000 	 0.2083874 
161500 	 0.2629922 
162000 	 0.2843688 
162500 	 0.2448895 
163000 	 0.1636657 
163500 	 0.2561996 
164000 	 0.1989932 
164500 	 0.2131183 
165000 	 0.2529646 
165500 	 0.2081559 
166000 	 0.1795276 
166500 	 0.3182911 
167000 	 0.161104 
167500 	 0.2141003 
168000 	 0.1970921 
168500 	 0.2259503 
169000 	 0.130822 
169500 	 0.2514521 
170000 	 0.1259301 
170500 	 0.147279 
171000 	 0.1882933 
171500 	 0.2252095 
172000 	 0.2768843 
172500 	 0.195641 
173000 	 0.1889373 
173500 	 0.1812852 
174000 	 0.2661462 
174500 	 0.2345774 
175000 	 0.223197 
175500 	 0.2309795 
176000 	 0.2143528 
176500 	 0.248128 
177000 	 0.1624331 
177500 	 0.2399204 
178000 	 0.259281 
178500 	 0.2237416 
179000 	 0.2200185 
179500 	 0.2236974 
180000 	 0.2082418 
180500 	 0.2205309 
181000 	 0.2486762 
181500 	 0.1931331 
182000 	 0.2560836 
182500 	 0.1780601 
183000 	 0.2606962 
183500 	 0.1763165 
184000 	 0.2324567 
184500 	 0.2462512 
185000 	 0.2081876 
185500 	 0.2134318 
186000 	 0.2220516 
186500 	 0.1539111 
187000 	 0.2476173 
187500 	 0.1566619 
188000 	 0.2006741 
188500 	 0.2545684 
189000 	 0.2067386 
189500 	 0.2351591 
190000 	 0.2098684 
190500 	 0.1532869 
191000 	 0.1883654 
191500 	 0.1949732 
192000 	 0.2968575 
192500 	 0.1893531 
193000 	 0.1746899 
193500 	 0.2529118 
194000 	 0.323114 
194500 	 0.248526 
195000 	 0.2136034 
195500 	 0.1886104 
196000 	 0.1857486 
196500 	 0.23291 
197000 	 0.1655978 
197500 	 0.306597 
198000 	 0.2552452 
198500 	 0.1977414 
199000 	 0.2234917 
199500 	 0.2402665 
200000 	 0.1932505 
200500 	 0.2400542 
201000 	 0.2399891 
201500 	 0.1950537 
202000 	 0.2018247 
202500 	 0.2055006 
203000 	 0.2260067 
203500 	 0.2190006 
204000 	 0.1994452 
204500 	 0.1730533 
205000 	 0.194658 
205500 	 0.2413557 
206000 	 0.2463449 
206500 	 0.2382125 
207000 	 0.1934906 
207500 	 0.1855798 
208000 	 0.2229263 
208500 	 0.2110152 
209000 	 0.3023653 
209500 	 0.2425131 
210000 	 0.2521895 
210500 	 0.3095164 
211000 	 0.1632844 
211500 	 0.2236649 
212000 	 0.2148328 
212500 	 0.1714758 
213000 	 0.2049864 
213500 	 0.3961692 
214000 	 0.1865173 
214500 	 0.2463715 
215000 	 0.2040259 
215500 	 0.2670769 
216000 	 0.3585431 
216500 	 0.2237878 
217000 	 0.2834726 
217500 	 0.2289509 
218000 	 0.2222027 
218500 	 0.1967604 
219000 	 0.3050433 
219500 	 0.1843552 
220000 	 0.2155393 
220500 	 0.2420242 
221000 	 0.2109496 
221500 	 0.2480762 
222000 	 0.2052371 
222500 	 0.2452749 
223000 	 0.2183136 
223500 	 0.1796616 
224000 	 0.2595355 
224500 	 0.1879972 
225000 	 0.2028671 
225500 	 0.2040989 
226000 	 0.3007893 
226500 	 0.2221184 
227000 	 0.2298043 
227500 	 0.2454859 
228000 	 0.2785124 
228500 	 0.1744784 
229000 	 0.2303177 
229500 	 0.2584307 
230000 	 0.2267559 
230500 	 0.1845788 
231000 	 0.1985434 
231500 	 0.2088839 
232000 	 0.1095933 
232500 	 0.2595277 
233000 	 0.1985228 
233500 	 0.1902368 
234000 	 0.2469148 
234500 	 0.1579056 
235000 	 0.2411245 
235500 	 0.1887632 
236000 	 0.1996438 
236500 	 0.2860737 
237000 	 0.1878079 
237500 	 0.1893061 
238000 	 0.2439096 
238500 	 0.1347778 
239000 	 0.2341913 
239500 	 0.2220298 
240000 	 0.234482 
240500 	 0.1886186 
241000 	 0.1681489 
241500 	 0.1931532 
242000 	 0.2260437 
242500 	 0.2200471 
243000 	 0.1788408 
243500 	 0.1992446 
244000 	 0.1524098 
244500 	 0.2631009 
245000 	 0.2109912 
245500 	 0.2724259 
246000 	 0.2209198 
246500 	 0.1890023 
247000 	 0.2849021 
247500 	 0.2083265 
248000 	 0.1776839 
248500 	 0.2433156 
249000 	 0.1732553 
249500 	 0.2724377 
250000 	 0.2110142 
250500 	 0.2100362 
251000 	 0.2294222 
251500 	 0.2787369 
252000 	 0.1951625 
252500 	 0.1751449 
253000 	 0.2427401 
253500 	 0.1380416 
254000 	 0.1711861 
254500 	 0.1897126 
255000 	 0.1395919 
255500 	 0.2162032 
256000 	 0.189838 
256500 	 0.2590672 
257000 	 0.2674906 
257500 	 0.2055446 
258000 	 0.2483344 
258500 	 0.1819555 
259000 	 0.208902 
259500 	 0.1725363 
260000 	 0.2059373 
260500 	 0.2597661 
261000 	 0.1442144 
261500 	 0.2206835 
262000 	 0.2487338 
262500 	 0.2731684 
263000 	 0.2516891 
263500 	 0.2479067 
264000 	 0.2077773 
264500 	 0.1848109 
265000 	 0.2460663 
265500 	 0.147919 
266000 	 0.1790625 
266500 	 0.2838356 
267000 	 0.1662365 
267500 	 0.2140807 
268000 	 0.1713651 
268500 	 0.2121862 
269000 	 0.2457077 
269500 	 0.2448031 
270000 	 0.2663188 
270500 	 0.1746146 
271000 	 0.2809187 
271500 	 0.1477864 
272000 	 0.1785804 
272500 	 0.1937846 
273000 	 0.2466605 
273500 	 0.1941808 
274000 	 0.1822441 
274500 	 0.1873013 
275000 	 0.1614773 
275500 	 0.1963529 
276000 	 0.2080527 
276500 	 0.1711282 
277000 	 0.2241029 
277500 	 0.3022398 
278000 	 0.2585803 
278500 	 0.1980982 
279000 	 0.209665 
279500 	 0.2245923 
280000 	 0.2323862 
280500 	 0.257011 
281000 	 0.1517609 
281500 	 0.2257904 
282000 	 0.2375682 
282500 	 0.2660084 
283000 	 0.3383607 
283500 	 0.1843437 
284000 	 0.2155685 
284500 	 0.1571957 
285000 	 0.1679108 
285500 	 0.2060338 
286000 	 0.1902517 
286500 	 0.1990825 
287000 	 0.2680993 
287500 	 0.2534919 
288000 	 0.2373521 
288500 	 0.2209767 
289000 	 0.20677 
289500 	 0.271195 
290000 	 0.208335 
290500 	 0.2125009 
291000 	 0.2088972 
291500 	 0.1960275 
292000 	 0.1522258 
292500 	 0.1835784 
293000 	 0.1474119 
293500 	 0.2425162 
294000 	 0.1851957 
294500 	 0.1821626 
295000 	 0.2137671 
295500 	 0.2058348 
296000 	 0.2088587 
296500 	 0.2052276 
297000 	 0.1462692 
297500 	 0.2364359 
298000 	 0.2509489 
298500 	 0.1658728 
299000 	 0.2232525 
299500 	 0.2839172 
300000 	 0.3220525 
300500 	 0.2218831 
301000 	 0.1830666 
301500 	 0.2278112 
302000 	 0.2165413 
302500 	 0.1665002 
303000 	 0.2490873 
303500 	 0.2381217 
304000 	 0.268849 
304500 	 0.1664796 
305000 	 0.2341526 
305500 	 0.1853849 
306000 	 0.1746325 
306500 	 0.2848728 
307000 	 0.2592131 
307500 	 0.2070737 
308000 	 0.1700523 
308500 	 0.2457309 
309000 	 0.1376199 
309500 	 0.1797025 
310000 	 0.2409158 
310500 	 0.1787884 
311000 	 0.1810175 
311500 	 0.2067214 
312000 	 0.1718561 
312500 	 0.2048811 
313000 	 0.1978552 
313500 	 0.2086592 
314000 	 0.2635369 
314500 	 0.2007044 
315000 	 0.2789526 
315500 	 0.1932901 
316000 	 0.2015236 
316500 	 0.259022 
317000 	 0.2787129 
317500 	 0.1712098 
318000 	 0.1598443 
318500 	 0.1911608 
319000 	 0.2170583 
319500 	 0.2889897 
320000 	 0.1721977 
320500 	 0.2117428 
321000 	 0.2257251 
321500 	 0.1630493 
322000 	 0.3286288 
322500 	 0.2077991 
323000 	 0.2301469 
323500 	 0.2338331 
324000 	 0.1533053 
324500 	 0.2009033 
325000 	 0.16016 
325500 	 0.1897241 
326000 	 0.2074038 
326500 	 0.1241332 
327000 	 0.2212021 
327500 	 0.2201662 
328000 	 0.2024093 
328500 	 0.1916883 
329000 	 0.2466189 
329500 	 0.2362076 
330000 	 0.2628732 
330500 	 0.2033859 
331000 	 0.1781179 
331500 	 0.2307622 
332000 	 0.3506273 
332500 	 0.2025598 
333000 	 0.1931033 
333500 	 0.2252713 
334000 	 0.1630809 
334500 	 0.2228805 
335000 	 0.2011651 
335500 	 0.2216513 
336000 	 0.1885008 
336500 	 0.1874225 
337000 	 0.1974647 
337500 	 0.2638218 
338000 	 0.2567409 
338500 	 0.229256 
339000 	 0.1554739 
339500 	 0.1322523 
340000 	 0.2079837 
340500 	 0.1693163 
341000 	 0.2153291 
341500 	 0.1824826 
342000 	 0.2763538 
342500 	 0.2277185 
343000 	 0.1486031 
343500 	 0.2539682 
344000 	 0.2185553 
344500 	 0.2345291 
345000 	 0.2350788 
345500 	 0.2685764 
346000 	 0.1953228 
346500 	 0.187915 
347000 	 0.147548 
347500 	 0.1558767 
348000 	 0.1738328 
348500 	 0.2436578 
349000 	 0.1963347 
349500 	 0.1978727 
350000 	 0.208624 
350500 	 0.1852224 
351000 	 0.1728107 
351500 	 0.2260871 
352000 	 0.2391222 
352500 	 0.1965306 
353000 	 0.2623129 
353500 	 0.2753721 
354000 	 0.1674494 
354500 	 0.1375059 
355000 	 0.1914916 
355500 	 0.2059753 
356000 	 0.2525531 
356500 	 0.1810718 
357000 	 0.2166295 
357500 	 0.2663601 
358000 	 0.2486879 
358500 	 0.2972946 
359000 	 0.1606582 
359500 	 0.1521241 
360000 	 0.145395 
360500 	 0.2235671 
361000 	 0.2474883 
361500 	 0.1632234 
362000 	 0.2392106 
362500 	 0.1607346 
363000 	 0.3128171 
363500 	 0.1706816 
364000 	 0.2668145 
364500 	 0.2500264 
365000 	 0.239793 
365500 	 0.1871936 
366000 	 0.1650578 
366500 	 0.2143883 
367000 	 0.2997045 
367500 	 0.2425817 
368000 	 0.2488503 
368500 	 0.1552979 
369000 	 0.2247332 
369500 	 0.2372609 
370000 	 0.1989577 
370500 	 0.2455142 
371000 	 0.1576395 
371500 	 0.214879 
372000 	 0.184177 
372500 	 0.2276886 
373000 	 0.1456312 
373500 	 0.1590896 
374000 	 0.2345273 
374500 	 0.26613 
375000 	 0.1798544 
375500 	 0.2023027 
376000 	 0.1989156 
376500 	 0.2750821 
377000 	 0.1498032 
377500 	 0.1348505 
378000 	 0.17185 
378500 	 0.2368827 
379000 	 0.2365267 
379500 	 0.1996499 
380000 	 0.2525552 
380500 	 0.2051461 
381000 	 0.1841808 
381500 	 0.2534787 
382000 	 0.2003145 
382500 	 0.2395208 
383000 	 0.1926172 
383500 	 0.2168677 
384000 	 0.1995486 
384500 	 0.1826444 
385000 	 0.1464929 
385500 	 0.188671 
386000 	 0.2403053 
386500 	 0.2646552 
387000 	 0.2352311 
387500 	 0.2136226 
388000 	 0.1712109 
388500 	 0.2380842 
389000 	 0.1851037 
389500 	 0.1244485 
390000 	 0.2884077 
390500 	 0.1584465 
391000 	 0.1460189 
391500 	 0.229214 
392000 	 0.2751855 
392500 	 0.1861847 
393000 	 0.3252057 
393500 	 0.2576375 
394000 	 0.2509017 
394500 	 0.2803896 
395000 	 0.2294359 
395500 	 0.1653007 
396000 	 0.1666497 
396500 	 0.2585984 
397000 	 0.239082 
397500 	 0.1366297 
398000 	 0.2107474 
398500 	 0.2280093 
399000 	 0.1556484 
399500 	 0.2451414 
400000 	 0.2282577 
400500 	 0.2174907 
401000 	 0.1791281 
401500 	 0.1848582 
402000 	 0.2135119 
402500 	 0.1155459 
403000 	 0.2053227 
403500 	 0.2149828 
404000 	 0.2319403 
404500 	 0.2279941 
405000 	 0.2228616 
405500 	 0.2429072 
406000 	 0.2201913 
406500 	 0.2193093 
407000 	 0.2106214 
407500 	 0.2106703 
408000 	 0.1982586 
408500 	 0.1951819 
409000 	 0.2384829 
409500 	 0.1339998 
410000 	 0.2324882 
410500 	 0.2566505 
411000 	 0.2537861 
411500 	 0.1470609 
412000 	 0.197969 
412500 	 0.3223302 
413000 	 0.1820464 
413500 	 0.213403 
414000 	 0.1963343 
414500 	 0.2244739 
415000 	 0.1813923 
415500 	 0.1581877 
416000 	 0.2301183 
416500 	 0.2513504 
417000 	 0.2196965 
417500 	 0.1726902 
418000 	 0.2850826 
418500 	 0.166764 
419000 	 0.2098752 
419500 	 0.2677973 
420000 	 0.22749 
420500 	 0.1732991 
421000 	 0.211919 
421500 	 0.2110405 
422000 	 0.2461155 
422500 	 0.2326149 
423000 	 0.2369122 
423500 	 0.227836 
424000 	 0.1875894 
424500 	 0.2053636 
425000 	 0.2277739 
425500 	 0.2544662 
426000 	 0.2073344 
426500 	 0.2150265 
427000 	 0.2145555 
427500 	 0.1384891 
428000 	 0.1605988 
428500 	 0.2575966 
429000 	 0.2415297 
429500 	 0.2243059 
430000 	 0.1888329 
430500 	 0.2055633 
431000 	 0.1419278 
431500 	 0.2774651 
432000 	 0.2060828 
432500 	 0.3401464 
433000 	 0.2447391 
433500 	 0.2189551 
434000 	 0.2995809 
434500 	 0.2196371 
435000 	 0.2048198 
435500 	 0.2284905 
436000 	 0.2440617 
436500 	 0.1955512 
437000 	 0.2268027 
437500 	 0.2339653 
438000 	 0.1660051 
438500 	 0.2447265 
439000 	 0.2795244 
439500 	 0.199326 
440000 	 0.2057034 
440500 	 0.2299155 
441000 	 0.2284324 
441500 	 0.2463418 
442000 	 0.187859 
442500 	 0.2031063 
443000 	 0.2246543 
443500 	 0.2049271 
444000 	 0.2199506 
444500 	 0.2878853 
445000 	 0.2415908 
445500 	 0.2024507 
446000 	 0.2479908 
446500 	 0.2215016 
447000 	 0.1459963 
447500 	 0.2015537 
448000 	 0.2600985 
448500 	 0.2159207 
449000 	 0.1936091 
449500 	 0.304392 
450000 	 0.2145407 
450500 	 0.2830204 
451000 	 0.2191314 
451500 	 0.2461761 
452000 	 0.2411874 
452500 	 0.2148636 
453000 	 0.2435139 
453500 	 0.2492125 
454000 	 0.1710633 
454500 	 0.2154534 
455000 	 0.235244 
455500 	 0.2850438 
456000 	 0.1700917 
456500 	 0.2040659 
457000 	 0.2975267 
457500 	 0.1833099 
458000 	 0.3033668 
458500 	 0.1433621 
459000 	 0.3167951 
459500 	 0.2203979 
460000 	 0.232981 
460500 	 0.2466028 
461000 	 0.1664381 
461500 	 0.160495 
462000 	 0.2416717 
462500 	 0.2484327 
463000 	 0.2203506 
463500 	 0.2221323 
464000 	 0.1666659 
464500 	 0.1847147 
465000 	 0.1597895 
465500 	 0.1594821 
466000 	 0.2443471 
466500 	 0.2873551 
467000 	 0.2246265 
467500 	 0.184727 
468000 	 0.2054251 
468500 	 0.2139967 
469000 	 0.2296714 
469500 	 0.2380476 
470000 	 0.1874877 
470500 	 0.1756395 
471000 	 0.2005182 
471500 	 0.2417762 
472000 	 0.2041644 
472500 	 0.2454868 
473000 	 0.2717272 
473500 	 0.1728564 
474000 	 0.1786954 
474500 	 0.2599429 
475000 	 0.2127527 
475500 	 0.208001 
476000 	 0.2193397 
476500 	 0.200554 
477000 	 0.2349431 
477500 	 0.3030803 
478000 	 0.30201 
478500 	 0.194565 
479000 	 0.2078179 
479500 	 0.3097038 
480000 	 0.2059354 
480500 	 0.2729503 
481000 	 0.2569908 
481500 	 0.1986255 
482000 	 0.187822 
482500 	 0.1942293 
483000 	 0.2684179 
483500 	 0.1671995 
484000 	 0.2042616 
484500 	 0.1783194 
485000 	 0.2557788 
485500 	 0.2493599 
486000 	 0.1817865 
486500 	 0.2061893 
487000 	 0.2557041 
487500 	 0.2135646 
488000 	 0.2257153 
488500 	 0.2474649 
489000 	 0.2017908 
489500 	 0.1998787 
490000 	 0.2252312 
490500 	 0.1925781 
491000 	 0.1920825 
491500 	 0.2068591 
492000 	 0.2400515 
492500 	 0.2191094 
493000 	 0.1994874 
493500 	 0.2130092 
494000 	 0.2014912 
494500 	 0.1902123 
495000 	 0.1506945 
495500 	 0.1855121 
496000 	 0.2206778 
496500 	 0.2393101 
497000 	 0.2024834 
497500 	 0.28071 
498000 	 0.207007 
498500 	 0.1517389 
499000 	 0.2208832 
499500 	 0.1828084 
500000 	 0.2249858 
