iter 	 p
500 	 0.2075297 
1000 	 0.2473852 
1500 	 0.2528754 
2000 	 0.2511211 
2500 	 0.1772497 
3000 	 0.2392353 
3500 	 0.2551067 
4000 	 0.222563 
4500 	 0.2413104 
5000 	 0.2345977 
5500 	 0.20782 
6000 	 0.2188537 
6500 	 0.2588586 
7000 	 0.2100699 
7500 	 0.1850043 
8000 	 0.2811611 
8500 	 0.2703097 
9000 	 0.2760435 
9500 	 0.280367 
10000 	 0.2976544 
10500 	 0.2504646 
11000 	 0.1955988 
11500 	 0.2071628 
12000 	 0.2029208 
12500 	 0.2305565 
13000 	 0.208527 
13500 	 0.2538186 
14000 	 0.2086495 
14500 	 0.3329361 
15000 	 0.2332751 
15500 	 0.3198696 
16000 	 0.2537983 
16500 	 0.3149721 
17000 	 0.1973222 
17500 	 0.3494307 
18000 	 0.237997 
18500 	 0.2210425 
19000 	 0.2419639 
19500 	 0.250211 
20000 	 0.2337947 
20500 	 0.2529093 
21000 	 0.3143934 
21500 	 0.2192589 
22000 	 0.2499202 
22500 	 0.2850274 
23000 	 0.1943312 
23500 	 0.1873415 
24000 	 0.2019745 
24500 	 0.1965086 
25000 	 0.2480337 
25500 	 0.2274042 
26000 	 0.2432563 
26500 	 0.2273428 
27000 	 0.3117607 
27500 	 0.1742469 
28000 	 0.2926949 
28500 	 0.2434065 
29000 	 0.1690331 
29500 	 0.2329703 
30000 	 0.2506768 
30500 	 0.2558398 
31000 	 0.2816012 
31500 	 0.3441244 
32000 	 0.1895742 
32500 	 0.2876119 
33000 	 0.2271869 
33500 	 0.2351071 
34000 	 0.2541315 
34500 	 0.1973913 
35000 	 0.2143432 
35500 	 0.226624 
36000 	 0.2257249 
36500 	 0.1761809 
37000 	 0.302733 
37500 	 0.2182228 
38000 	 0.2528694 
38500 	 0.2532025 
39000 	 0.2071676 
39500 	 0.3162756 
40000 	 0.3029293 
40500 	 0.2537821 
41000 	 0.2608474 
41500 	 0.2635563 
42000 	 0.2285394 
42500 	 0.3161061 
43000 	 0.2888281 
43500 	 0.1737397 
44000 	 0.1233589 
44500 	 0.2501186 
45000 	 0.2485147 
45500 	 0.1657746 
46000 	 0.2120587 
46500 	 0.2744498 
47000 	 0.2847367 
47500 	 0.2459367 
48000 	 0.3233192 
48500 	 0.2711764 
49000 	 0.2132017 
49500 	 0.2318633 
50000 	 0.2349744 
50500 	 0.2169426 
51000 	 0.1998975 
51500 	 0.272346 
52000 	 0.190027 
52500 	 0.179951 
53000 	 0.260729 
53500 	 0.2903232 
54000 	 0.2530884 
54500 	 0.1796029 
55000 	 0.2331787 
55500 	 0.2021098 
56000 	 0.2633727 
56500 	 0.2372138 
57000 	 0.2905872 
57500 	 0.2236157 
58000 	 0.1906857 
58500 	 0.2408309 
59000 	 0.1969962 
59500 	 0.2271439 
60000 	 0.2830425 
60500 	 0.2255476 
61000 	 0.1981933 
61500 	 0.244713 
62000 	 0.2963951 
62500 	 0.2834347 
63000 	 0.2501174 
63500 	 0.2086495 
64000 	 0.2581427 
64500 	 0.2493754 
65000 	 0.2916826 
65500 	 0.1631159 
66000 	 0.2322565 
66500 	 0.1644433 
67000 	 0.2669001 
67500 	 0.2341615 
68000 	 0.2819847 
68500 	 0.223588 
69000 	 0.2442014 
69500 	 0.250482 
70000 	 0.2026456 
70500 	 0.2589233 
71000 	 0.2208718 
71500 	 0.2255261 
72000 	 0.1927442 
72500 	 0.233109 
73000 	 0.2403867 
73500 	 0.2173755 
74000 	 0.2437398 
74500 	 0.311618 
75000 	 0.2178766 
75500 	 0.1918782 
76000 	 0.247276 
76500 	 0.2186199 
77000 	 0.1685153 
77500 	 0.2331208 
78000 	 0.2372847 
78500 	 0.3027087 
79000 	 0.2872095 
79500 	 0.2789322 
80000 	 0.2490927 
80500 	 0.2986718 
81000 	 0.2331386 
81500 	 0.2719502 
82000 	 0.2164405 
82500 	 0.2264516 
83000 	 0.275749 
83500 	 0.1971064 
84000 	 0.2602392 
84500 	 0.2180989 
85000 	 0.2676594 
85500 	 0.2482407 
86000 	 0.2773261 
86500 	 0.2025887 
87000 	 0.2231171 
87500 	 0.2394673 
88000 	 0.248297 
88500 	 0.2208169 
89000 	 0.1871113 
89500 	 0.2881328 
90000 	 0.3082695 
90500 	 0.2080564 
91000 	 0.2107382 
91500 	 0.1595166 
92000 	 0.1787924 
92500 	 0.2326682 
93000 	 0.2529118 
93500 	 0.2285793 
94000 	 0.2361372 
94500 	 0.1981263 
95000 	 0.3111261 
95500 	 0.281156 
96000 	 0.1703088 
96500 	 0.2117198 
97000 	 0.1985166 
97500 	 0.3268441 
98000 	 0.188751 
98500 	 0.2460709 
99000 	 0.3246512 
99500 	 0.230057 
100000 	 0.1687063 
100500 	 0.2166593 
101000 	 0.3046329 
101500 	 0.2705053 
102000 	 0.2603984 
102500 	 0.1923768 
103000 	 0.2979289 
103500 	 0.1647217 
104000 	 0.2884599 
104500 	 0.2101484 
105000 	 0.2549554 
105500 	 0.2329094 
106000 	 0.2752627 
106500 	 0.2597414 
107000 	 0.2567918 
107500 	 0.1913032 
108000 	 0.2262695 
108500 	 0.2912552 
109000 	 0.2592558 
109500 	 0.3329289 
110000 	 0.1847052 
110500 	 0.1948402 
111000 	 0.3060624 
111500 	 0.2512311 
112000 	 0.2402599 
112500 	 0.304294 
113000 	 0.1625656 
113500 	 0.2261528 
114000 	 0.2288797 
114500 	 0.2614851 
115000 	 0.2032104 
115500 	 0.2096466 
116000 	 0.2410138 
116500 	 0.2498304 
117000 	 0.2177024 
117500 	 0.2568919 
118000 	 0.2741495 
118500 	 0.2235247 
119000 	 0.1624085 
119500 	 0.2622755 
120000 	 0.2470449 
120500 	 0.1988318 
121000 	 0.326954 
121500 	 0.2309581 
122000 	 0.2534616 
122500 	 0.249065 
123000 	 0.2095049 
123500 	 0.2573769 
124000 	 0.2956218 
124500 	 0.1972845 
125000 	 0.1878421 
125500 	 0.2055775 
126000 	 0.2459342 
126500 	 0.2278302 
127000 	 0.2833965 
127500 	 0.2353549 
128000 	 0.2177407 
128500 	 0.1681344 
129000 	 0.2956418 
129500 	 0.2286105 
130000 	 0.2652295 
130500 	 0.1726676 
131000 	 0.1830282 
131500 	 0.1896121 
132000 	 0.2002599 
132500 	 0.2671328 
133000 	 0.2736954 
133500 	 0.1853222 
134000 	 0.2658931 
134500 	 0.2003038 
135000 	 0.2195078 
135500 	 0.2715841 
136000 	 0.2968424 
136500 	 0.2027389 
137000 	 0.1645317 
137500 	 0.2196782 
138000 	 0.2906578 
138500 	 0.2783756 
139000 	 0.2703913 
139500 	 0.2560484 
140000 	 0.255091 
140500 	 0.1716609 
141000 	 0.2199966 
141500 	 0.195443 
142000 	 0.2200628 
142500 	 0.245089 
143000 	 0.2541615 
143500 	 0.2559535 
144000 	 0.2127453 
144500 	 0.2386551 
145000 	 0.1691307 
145500 	 0.2943709 
146000 	 0.2353815 
146500 	 0.1904599 
147000 	 0.1941354 
147500 	 0.2328982 
148000 	 0.2373486 
148500 	 0.2279962 
149000 	 0.2460202 
149500 	 0.2270868 
150000 	 0.26698 
150500 	 0.2866043 
151000 	 0.2510988 
151500 	 0.2242201 
152000 	 0.273068 
152500 	 0.1782781 
153000 	 0.3251485 
153500 	 0.1678106 
154000 	 0.2540786 
154500 	 0.2717875 
155000 	 0.3207535 
155500 	 0.2021577 
156000 	 0.2803564 
156500 	 0.2488246 
157000 	 0.3053752 
157500 	 0.2372411 
158000 	 0.2650006 
158500 	 0.2080431 
159000 	 0.1981005 
159500 	 0.2458366 
160000 	 0.251985 
160500 	 0.2631038 
161000 	 0.1949093 
161500 	 0.2717767 
162000 	 0.2589852 
162500 	 0.2567192 
163000 	 0.2172931 
163500 	 0.22622 
164000 	 0.2777172 
164500 	 0.2877455 
165000 	 0.2243373 
165500 	 0.2486095 
166000 	 0.1974459 
166500 	 0.2355116 
167000 	 0.2095184 
167500 	 0.2513298 
168000 	 0.285906 
168500 	 0.2843269 
169000 	 0.2220705 
169500 	 0.297485 
170000 	 0.2564751 
170500 	 0.2411117 
171000 	 0.2267899 
171500 	 0.2513533 
172000 	 0.237842 
172500 	 0.2854742 
173000 	 0.2372194 
173500 	 0.2163101 
174000 	 0.2208275 
174500 	 0.2806237 
175000 	 0.1918971 
175500 	 0.2123898 
176000 	 0.2237816 
176500 	 0.2897867 
177000 	 0.2420437 
177500 	 0.2358139 
178000 	 0.1904061 
178500 	 0.3373807 
179000 	 0.2148834 
179500 	 0.2808855 
180000 	 0.2816938 
180500 	 0.2255161 
181000 	 0.3031704 
181500 	 0.2098378 
182000 	 0.2022141 
182500 	 0.1991057 
183000 	 0.1994308 
183500 	 0.2557426 
184000 	 0.230118 
184500 	 0.2710913 
185000 	 0.2014275 
185500 	 0.2300882 
186000 	 0.3417984 
186500 	 0.3049572 
187000 	 0.3342384 
187500 	 0.3342711 
188000 	 0.2171286 
188500 	 0.1813058 
189000 	 0.204491 
189500 	 0.1916927 
190000 	 0.3288348 
190500 	 0.2969765 
191000 	 0.2549466 
191500 	 0.274256 
192000 	 0.2149964 
192500 	 0.2827187 
193000 	 0.2259462 
193500 	 0.2313385 
194000 	 0.2586674 
194500 	 0.2707335 
195000 	 0.2269383 
195500 	 0.20545 
196000 	 0.1846336 
196500 	 0.2040025 
197000 	 0.2583541 
197500 	 0.2607372 
198000 	 0.1888243 
198500 	 0.2018179 
199000 	 0.3181071 
199500 	 0.2026718 
200000 	 0.3259063 
200500 	 0.3266815 
201000 	 0.2937539 
201500 	 0.3061683 
202000 	 0.2571704 
202500 	 0.2379191 
203000 	 0.2168118 
203500 	 0.2013802 
204000 	 0.2376676 
204500 	 0.1572713 
205000 	 0.2571295 
205500 	 0.3448804 
206000 	 0.2727129 
206500 	 0.2617106 
207000 	 0.25033 
207500 	 0.2065798 
208000 	 0.3044091 
208500 	 0.2850156 
209000 	 0.2052914 
209500 	 0.2667758 
210000 	 0.1864261 
210500 	 0.243188 
211000 	 0.2409301 
211500 	 0.2258885 
212000 	 0.2949506 
212500 	 0.2410258 
213000 	 0.275493 
213500 	 0.1886755 
214000 	 0.2332577 
214500 	 0.2045105 
215000 	 0.283236 
215500 	 0.2891023 
216000 	 0.2548239 
216500 	 0.2886342 
217000 	 0.2138527 
217500 	 0.2546035 
218000 	 0.2705874 
218500 	 0.2899971 
219000 	 0.1919785 
219500 	 0.2792704 
220000 	 0.3583135 
220500 	 0.2453924 
221000 	 0.2108163 
221500 	 0.2841476 
222000 	 0.2291085 
222500 	 0.2552025 
223000 	 0.1990968 
223500 	 0.2434638 
224000 	 0.1443257 
224500 	 0.2703162 
225000 	 0.2577898 
225500 	 0.2306608 
226000 	 0.2570604 
226500 	 0.1666181 
227000 	 0.299693 
227500 	 0.2532592 
228000 	 0.1973914 
228500 	 0.2735065 
229000 	 0.2107618 
229500 	 0.262227 
230000 	 0.1339845 
230500 	 0.1955045 
231000 	 0.2204603 
231500 	 0.185804 
232000 	 0.2610045 
232500 	 0.2474243 
233000 	 0.2393027 
233500 	 0.1512947 
234000 	 0.2487998 
234500 	 0.2090698 
235000 	 0.2125643 
235500 	 0.2278093 
236000 	 0.270133 
236500 	 0.2526474 
237000 	 0.1985452 
237500 	 0.2721109 
238000 	 0.253935 
238500 	 0.201997 
239000 	 0.214292 
239500 	 0.1693738 
240000 	 0.2224564 
240500 	 0.2249278 
241000 	 0.179133 
241500 	 0.2261115 
242000 	 0.2339782 
242500 	 0.2831185 
243000 	 0.2051329 
243500 	 0.1903528 
244000 	 0.2035213 
244500 	 0.2255656 
245000 	 0.187283 
245500 	 0.2585151 
246000 	 0.2935549 
246500 	 0.2457923 
247000 	 0.2359462 
247500 	 0.2714025 
248000 	 0.2571727 
248500 	 0.2797019 
249000 	 0.3395408 
249500 	 0.2757816 
250000 	 0.2847927 
250500 	 0.203129 
251000 	 0.2222249 
251500 	 0.1959119 
252000 	 0.251014 
252500 	 0.1871321 
253000 	 0.2126668 
253500 	 0.3018529 
254000 	 0.2377999 
254500 	 0.1960967 
255000 	 0.2226252 
255500 	 0.2392712 
256000 	 0.2860927 
256500 	 0.2727525 
257000 	 0.2890518 
257500 	 0.1878429 
258000 	 0.2133317 
258500 	 0.2534581 
259000 	 0.2298931 
259500 	 0.2684109 
260000 	 0.219708 
260500 	 0.2341601 
261000 	 0.2398154 
261500 	 0.2169883 
262000 	 0.2697615 
262500 	 0.2357152 
263000 	 0.284247 
263500 	 0.263855 
264000 	 0.2007787 
264500 	 0.3212701 
265000 	 0.1792385 
265500 	 0.3293808 
266000 	 0.2852974 
266500 	 0.2637032 
267000 	 0.2102421 
267500 	 0.1586847 
268000 	 0.2140361 
268500 	 0.2708077 
269000 	 0.2435168 
269500 	 0.2387257 
270000 	 0.2433226 
270500 	 0.238352 
271000 	 0.2134007 
271500 	 0.2570147 
272000 	 0.2030595 
272500 	 0.3213651 
273000 	 0.2809229 
273500 	 0.1847408 
274000 	 0.3179381 
274500 	 0.2295452 
275000 	 0.2336103 
275500 	 0.2322496 
276000 	 0.3371677 
276500 	 0.1813193 
277000 	 0.205349 
277500 	 0.2227353 
278000 	 0.2124956 
278500 	 0.2196943 
279000 	 0.1813054 
279500 	 0.3308309 
280000 	 0.3423998 
280500 	 0.2456176 
281000 	 0.268272 
281500 	 0.257018 
282000 	 0.2052635 
282500 	 0.2697914 
283000 	 0.2689728 
283500 	 0.2269904 
284000 	 0.3255275 
284500 	 0.247345 
285000 	 0.1879358 
285500 	 0.2756622 
286000 	 0.2438851 
286500 	 0.174146 
287000 	 0.259359 
287500 	 0.1658496 
288000 	 0.2354804 
288500 	 0.285725 
289000 	 0.2138386 
289500 	 0.2236021 
290000 	 0.2400427 
290500 	 0.2964789 
291000 	 0.220698 
291500 	 0.2980777 
292000 	 0.2061055 
292500 	 0.1695014 
293000 	 0.2152549 
293500 	 0.3417183 
294000 	 0.2339152 
294500 	 0.2819858 
295000 	 0.2352197 
295500 	 0.2154306 
296000 	 0.3253166 
296500 	 0.26532 
297000 	 0.2605366 
297500 	 0.2520326 
298000 	 0.2119147 
298500 	 0.2405639 
299000 	 0.3191621 
299500 	 0.2259313 
300000 	 0.2351468 
300500 	 0.2370588 
301000 	 0.2037588 
301500 	 0.1941182 
302000 	 0.2298213 
302500 	 0.2429869 
303000 	 0.2392122 
303500 	 0.3415915 
304000 	 0.2705924 
304500 	 0.2068273 
305000 	 0.1845138 
305500 	 0.2538228 
306000 	 0.2390765 
306500 	 0.2759731 
307000 	 0.2045262 
307500 	 0.1957386 
308000 	 0.2291177 
308500 	 0.2599088 
309000 	 0.2013628 
309500 	 0.2884021 
310000 	 0.186049 
310500 	 0.3128556 
311000 	 0.2937544 
311500 	 0.2539251 
312000 	 0.1887579 
312500 	 0.2693149 
313000 	 0.1308065 
313500 	 0.3147211 
314000 	 0.2389054 
314500 	 0.2251047 
315000 	 0.3401789 
315500 	 0.2604311 
316000 	 0.1754959 
316500 	 0.288377 
317000 	 0.2819688 
317500 	 0.1590967 
318000 	 0.2251766 
318500 	 0.2909444 
319000 	 0.2642217 
319500 	 0.1421823 
320000 	 0.2991806 
320500 	 0.2071943 
321000 	 0.2448902 
321500 	 0.2097831 
322000 	 0.2559481 
322500 	 0.2064406 
323000 	 0.2098559 
323500 	 0.3183524 
324000 	 0.2949605 
324500 	 0.2600521 
325000 	 0.2813429 
325500 	 0.2492082 
326000 	 0.2260895 
326500 	 0.2313051 
327000 	 0.2712619 
327500 	 0.2079567 
328000 	 0.2444932 
328500 	 0.2692827 
329000 	 0.2509744 
329500 	 0.245433 
330000 	 0.224844 
330500 	 0.184289 
331000 	 0.2140428 
331500 	 0.2309869 
332000 	 0.3026894 
332500 	 0.2519069 
333000 	 0.2574106 
333500 	 0.2414672 
334000 	 0.2719993 
334500 	 0.2898857 
335000 	 0.2275093 
335500 	 0.1801804 
336000 	 0.2613394 
336500 	 0.2709633 
337000 	 0.215766 
337500 	 0.2327587 
338000 	 0.2068121 
338500 	 0.2701246 
339000 	 0.1969837 
339500 	 0.2147069 
340000 	 0.2239972 
340500 	 0.2890661 
341000 	 0.2703001 
341500 	 0.2778879 
342000 	 0.2204048 
342500 	 0.2219863 
343000 	 0.2161564 
343500 	 0.1799341 
344000 	 0.2153086 
344500 	 0.2601465 
345000 	 0.3036411 
345500 	 0.2811292 
346000 	 0.2655218 
346500 	 0.2260623 
347000 	 0.2344643 
347500 	 0.2876617 
348000 	 0.2440328 
348500 	 0.2411973 
349000 	 0.2417147 
349500 	 0.1812585 
350000 	 0.1864757 
350500 	 0.1768556 
351000 	 0.3236892 
351500 	 0.1975435 
352000 	 0.2483909 
352500 	 0.2100145 
353000 	 0.2704939 
353500 	 0.2292813 
354000 	 0.2222158 
354500 	 0.2350079 
355000 	 0.2621524 
355500 	 0.2163296 
356000 	 0.2807301 
356500 	 0.2270506 
357000 	 0.2534369 
357500 	 0.3020136 
358000 	 0.2397554 
358500 	 0.2625859 
359000 	 0.2104226 
359500 	 0.1487263 
360000 	 0.1552381 
360500 	 0.2385938 
361000 	 0.1953922 
361500 	 0.2555774 
362000 	 0.2566048 
362500 	 0.2976491 
363000 	 0.1835867 
363500 	 0.2616559 
364000 	 0.283481 
364500 	 0.2489781 
365000 	 0.1840591 
365500 	 0.1987568 
366000 	 0.2102984 
366500 	 0.2180258 
367000 	 0.2458101 
367500 	 0.2551375 
368000 	 0.2709064 
368500 	 0.177745 
369000 	 0.2096972 
369500 	 0.2533066 
370000 	 0.1617682 
370500 	 0.2092883 
371000 	 0.2331334 
371500 	 0.2312505 
372000 	 0.2335274 
372500 	 0.2614115 
373000 	 0.1684404 
373500 	 0.311912 
374000 	 0.3351586 
374500 	 0.33446 
375000 	 0.295477 
375500 	 0.2248761 
376000 	 0.2318651 
376500 	 0.270798 
377000 	 0.3007485 
377500 	 0.2915569 
378000 	 0.2291094 
378500 	 0.248818 
379000 	 0.1766677 
379500 	 0.2503906 
380000 	 0.1579661 
380500 	 0.2362793 
381000 	 0.2274784 
381500 	 0.2810568 
382000 	 0.3055142 
382500 	 0.2044643 
383000 	 0.1939249 
383500 	 0.2288964 
384000 	 0.2076194 
384500 	 0.2039327 
385000 	 0.1793977 
385500 	 0.2236536 
386000 	 0.2591291 
386500 	 0.2159873 
387000 	 0.2371459 
387500 	 0.2076405 
388000 	 0.2076899 
388500 	 0.2471632 
389000 	 0.2771001 
389500 	 0.2083881 
390000 	 0.1406427 
390500 	 0.2264805 
391000 	 0.2023741 
391500 	 0.2456168 
392000 	 0.228964 
392500 	 0.2919359 
393000 	 0.2602833 
393500 	 0.2506477 
394000 	 0.2229123 
394500 	 0.264402 
395000 	 0.3010627 
395500 	 0.2471962 
396000 	 0.2050451 
396500 	 0.2284476 
397000 	 0.2762947 
397500 	 0.2587558 
398000 	 0.2322914 
398500 	 0.2925508 
399000 	 0.2463805 
399500 	 0.2264116 
400000 	 0.2446226 
400500 	 0.2922137 
401000 	 0.2549263 
401500 	 0.2492291 
402000 	 0.279064 
402500 	 0.18943 
403000 	 0.2147882 
403500 	 0.2972425 
404000 	 0.2705448 
404500 	 0.2835848 
405000 	 0.2963552 
405500 	 0.3612449 
406000 	 0.2154101 
406500 	 0.2159951 
407000 	 0.2337316 
407500 	 0.3191469 
408000 	 0.2555704 
408500 	 0.1750393 
409000 	 0.2961202 
409500 	 0.2071705 
410000 	 0.2698838 
410500 	 0.2196797 
411000 	 0.2895291 
411500 	 0.1987603 
412000 	 0.2974601 
412500 	 0.233512 
413000 	 0.2425911 
413500 	 0.2415321 
414000 	 0.2289104 
414500 	 0.2691831 
415000 	 0.2154222 
415500 	 0.2863463 
416000 	 0.3181445 
416500 	 0.1733995 
417000 	 0.2179687 
417500 	 0.1906822 
418000 	 0.2403482 
418500 	 0.1414117 
419000 	 0.2670256 
419500 	 0.2626744 
420000 	 0.2395206 
420500 	 0.1720654 
421000 	 0.202257 
421500 	 0.2032866 
422000 	 0.2164458 
422500 	 0.3030113 
423000 	 0.2757076 
423500 	 0.205807 
424000 	 0.2252531 
424500 	 0.2245326 
425000 	 0.2526269 
425500 	 0.2370835 
426000 	 0.2734372 
426500 	 0.2943679 
427000 	 0.2337327 
427500 	 0.2371989 
428000 	 0.219376 
428500 	 0.2683256 
429000 	 0.2152884 
429500 	 0.2330087 
430000 	 0.2932002 
430500 	 0.2315309 
431000 	 0.2801652 
431500 	 0.3414026 
432000 	 0.2225416 
432500 	 0.2073605 
433000 	 0.2830255 
433500 	 0.2853718 
434000 	 0.2277653 
434500 	 0.2209949 
435000 	 0.3139018 
435500 	 0.2347908 
436000 	 0.2375565 
436500 	 0.1892302 
437000 	 0.2049196 
437500 	 0.195821 
438000 	 0.1878261 
438500 	 0.1826986 
439000 	 0.216826 
439500 	 0.3486407 
440000 	 0.1961177 
440500 	 0.1957197 
441000 	 0.2427581 
441500 	 0.1940755 
442000 	 0.2051674 
442500 	 0.2394812 
443000 	 0.227184 
443500 	 0.3376815 
444000 	 0.2449164 
444500 	 0.2091765 
445000 	 0.1751881 
445500 	 0.2230621 
446000 	 0.177799 
446500 	 0.2513723 
447000 	 0.2238461 
447500 	 0.2275022 
448000 	 0.1972817 
448500 	 0.3527347 
449000 	 0.2296659 
449500 	 0.1809104 
450000 	 0.2313161 
450500 	 0.2073165 
451000 	 0.245681 
451500 	 0.2826025 
452000 	 0.2453756 
452500 	 0.2293695 
453000 	 0.2407236 
453500 	 0.2684616 
454000 	 0.2090618 
454500 	 0.2312597 
455000 	 0.2089646 
455500 	 0.3428712 
456000 	 0.2318806 
456500 	 0.3056239 
457000 	 0.2982335 
457500 	 0.1863131 
458000 	 0.2731831 
458500 	 0.276959 
459000 	 0.2319671 
459500 	 0.3127714 
460000 	 0.2529687 
460500 	 0.1586845 
461000 	 0.2767381 
461500 	 0.218919 
462000 	 0.3148558 
462500 	 0.2081362 
463000 	 0.2185789 
463500 	 0.3066188 
464000 	 0.2238774 
464500 	 0.2583239 
465000 	 0.2128851 
465500 	 0.2591838 
466000 	 0.2597605 
466500 	 0.2297107 
467000 	 0.2492638 
467500 	 0.2747692 
468000 	 0.2410954 
468500 	 0.2172098 
469000 	 0.2203288 
469500 	 0.3161594 
470000 	 0.2762468 
470500 	 0.2305237 
471000 	 0.2404369 
471500 	 0.2636084 
472000 	 0.1779235 
472500 	 0.2324437 
473000 	 0.2298968 
473500 	 0.248755 
474000 	 0.1955695 
474500 	 0.2413421 
475000 	 0.3065517 
475500 	 0.2002037 
476000 	 0.2127615 
476500 	 0.2551168 
477000 	 0.2703585 
477500 	 0.2349141 
478000 	 0.254348 
478500 	 0.1691203 
479000 	 0.1472025 
479500 	 0.2198324 
480000 	 0.2885323 
480500 	 0.3313239 
481000 	 0.168233 
481500 	 0.2182592 
482000 	 0.2063905 
482500 	 0.2092898 
483000 	 0.2373102 
483500 	 0.2778872 
484000 	 0.2298947 
484500 	 0.2546659 
485000 	 0.154636 
485500 	 0.2418746 
486000 	 0.2407611 
486500 	 0.2712449 
487000 	 0.2420511 
487500 	 0.2243442 
488000 	 0.1886669 
488500 	 0.2474021 
489000 	 0.2484369 
489500 	 0.2210028 
490000 	 0.2110737 
490500 	 0.2116589 
491000 	 0.2358448 
491500 	 0.2199585 
492000 	 0.2783695 
492500 	 0.1715366 
493000 	 0.2543391 
493500 	 0.1323837 
494000 	 0.2775727 
494500 	 0.246298 
495000 	 0.1913142 
495500 	 0.2467316 
496000 	 0.2683045 
496500 	 0.1991178 
497000 	 0.2188039 
497500 	 0.2199495 
498000 	 0.3018415 
498500 	 0.199256 
499000 	 0.2375717 
499500 	 0.2910959 
500000 	 0.2127423 
