iter 	 p
500 	 0.8389223 
1000 	 0.7424326 
1500 	 0.8094119 
2000 	 0.8105591 
2500 	 0.8631849 
3000 	 0.7329287 
3500 	 0.7685283 
4000 	 0.7051912 
4500 	 0.7845686 
5000 	 0.6965575 
5500 	 0.5664295 
6000 	 0.9104771 
6500 	 0.8406382 
7000 	 0.9031718 
7500 	 0.8443554 
8000 	 0.7766912 
8500 	 0.786264 
9000 	 0.7989969 
9500 	 0.8300659 
10000 	 0.8200552 
10500 	 0.8025559 
11000 	 0.73519 
11500 	 0.7570444 
12000 	 0.8064442 
12500 	 0.7762935 
13000 	 0.8006232 
13500 	 0.8468105 
14000 	 0.6905892 
14500 	 0.7340678 
15000 	 0.670293 
15500 	 0.8356082 
16000 	 0.9442122 
16500 	 0.8571884 
17000 	 0.9016301 
17500 	 0.6174735 
18000 	 0.8545802 
18500 	 0.8574392 
19000 	 0.9037236 
19500 	 0.8594181 
20000 	 0.7902594 
20500 	 0.7881528 
21000 	 0.8249962 
21500 	 0.7703114 
22000 	 0.7614613 
22500 	 0.7491417 
23000 	 0.7449774 
23500 	 0.8199853 
24000 	 0.8078373 
24500 	 0.7860257 
25000 	 0.8781967 
25500 	 0.6745031 
26000 	 0.8689527 
26500 	 0.664281 
27000 	 0.7382355 
27500 	 0.8301298 
28000 	 0.7434159 
28500 	 0.8679011 
29000 	 0.8388496 
29500 	 0.872183 
30000 	 0.8257353 
30500 	 0.8087947 
31000 	 0.8320411 
31500 	 0.7508802 
32000 	 0.8139885 
32500 	 0.7705824 
33000 	 0.8526752 
33500 	 0.8834509 
34000 	 0.7787518 
34500 	 0.834742 
35000 	 0.8861972 
35500 	 0.7636054 
36000 	 0.8048273 
36500 	 0.777255 
37000 	 0.8756613 
37500 	 0.724577 
38000 	 0.9019979 
38500 	 0.7778409 
39000 	 0.8156116 
39500 	 0.8230038 
40000 	 0.8255111 
40500 	 0.7481371 
41000 	 0.8151876 
41500 	 0.8116872 
42000 	 0.8701542 
42500 	 0.6367689 
43000 	 0.8730355 
43500 	 0.8022819 
44000 	 0.8987402 
44500 	 0.8430324 
45000 	 0.733751 
45500 	 0.8269607 
46000 	 0.8503842 
46500 	 0.8401507 
47000 	 0.8118945 
47500 	 0.8272957 
48000 	 0.6981792 
48500 	 0.8688717 
49000 	 0.7053606 
49500 	 0.7809519 
50000 	 0.7329622 
50500 	 0.7586098 
51000 	 0.8865212 
51500 	 0.7819436 
52000 	 0.9279561 
52500 	 0.8538489 
53000 	 0.8652148 
53500 	 0.8347717 
54000 	 0.7720995 
54500 	 0.8009386 
55000 	 0.7624276 
55500 	 0.6609147 
56000 	 0.8390749 
56500 	 0.6400405 
57000 	 0.8186581 
57500 	 0.8636812 
58000 	 0.6289685 
58500 	 0.8459433 
59000 	 0.8228037 
59500 	 0.7588957 
60000 	 0.7351216 
60500 	 0.940463 
61000 	 0.8611827 
61500 	 0.8000677 
62000 	 0.7023365 
62500 	 0.8499741 
63000 	 0.8372874 
63500 	 0.7745594 
64000 	 0.7657247 
64500 	 0.7894414 
65000 	 0.7093522 
65500 	 0.7971176 
66000 	 0.6810718 
66500 	 0.8830133 
67000 	 0.8971451 
67500 	 0.8538928 
68000 	 0.737662 
68500 	 0.8927756 
69000 	 0.8405957 
69500 	 0.7586122 
70000 	 0.7684894 
70500 	 0.8473785 
71000 	 0.7300473 
71500 	 0.8737403 
72000 	 0.7835718 
72500 	 0.8461089 
73000 	 0.7770979 
73500 	 0.7681004 
74000 	 0.8096024 
74500 	 0.7508839 
75000 	 0.8510861 
75500 	 0.7545422 
76000 	 0.825312 
76500 	 0.8413556 
77000 	 0.789475 
77500 	 0.7956236 
78000 	 0.8302706 
78500 	 0.7971829 
79000 	 0.7012385 
79500 	 0.8374521 
80000 	 0.82917 
80500 	 0.8597892 
81000 	 0.8376011 
81500 	 0.7751307 
82000 	 0.7265664 
82500 	 0.8489623 
83000 	 0.798078 
83500 	 0.6427008 
84000 	 0.7484366 
84500 	 0.8490313 
85000 	 0.7118271 
85500 	 0.7674058 
86000 	 0.8729526 
86500 	 0.8611216 
87000 	 0.8396796 
87500 	 0.904389 
88000 	 0.8574358 
88500 	 0.7612089 
89000 	 0.8603628 
89500 	 0.8172239 
90000 	 0.7093011 
90500 	 0.7266689 
91000 	 0.8006607 
91500 	 0.8716982 
92000 	 0.7756004 
92500 	 0.8412296 
93000 	 0.8380438 
93500 	 0.7995777 
94000 	 0.7995603 
94500 	 0.8120355 
95000 	 0.865441 
95500 	 0.8489878 
96000 	 0.7305641 
96500 	 0.840816 
97000 	 0.7759117 
97500 	 0.8111373 
98000 	 0.8239555 
98500 	 0.7863638 
99000 	 0.6978261 
99500 	 0.8952956 
100000 	 0.7513333 
100500 	 0.8105801 
101000 	 0.8448548 
101500 	 0.7636368 
102000 	 0.8228755 
102500 	 0.8269872 
103000 	 0.8037841 
103500 	 0.688175 
104000 	 0.7813317 
104500 	 0.7761366 
105000 	 0.8672378 
105500 	 0.800974 
106000 	 0.702303 
106500 	 0.8333333 
107000 	 0.8426604 
107500 	 0.7287888 
108000 	 0.7943669 
108500 	 0.7183831 
109000 	 0.673953 
109500 	 0.7945747 
110000 	 0.8832662 
110500 	 0.8367712 
111000 	 0.8279374 
111500 	 0.8049194 
112000 	 0.8697393 
112500 	 0.7724115 
113000 	 0.8176289 
113500 	 0.7780662 
114000 	 0.7191405 
114500 	 0.7685588 
115000 	 0.9089385 
115500 	 0.8200935 
116000 	 0.6671355 
116500 	 0.6866405 
117000 	 0.8698236 
117500 	 0.7543949 
118000 	 0.7513675 
118500 	 0.6839893 
119000 	 0.7702453 
119500 	 0.7912351 
120000 	 0.8400102 
120500 	 0.666839 
121000 	 0.8406444 
121500 	 0.7824983 
122000 	 0.7186788 
122500 	 0.8479857 
123000 	 0.7794588 
123500 	 0.7691774 
124000 	 0.738912 
124500 	 0.8811339 
125000 	 0.8912127 
125500 	 0.7879246 
126000 	 0.8265999 
126500 	 0.8531274 
127000 	 0.8614011 
127500 	 0.740525 
128000 	 0.8076149 
128500 	 0.7702159 
129000 	 0.8481274 
129500 	 0.7973098 
130000 	 0.7351676 
130500 	 0.7726251 
131000 	 0.8844081 
131500 	 0.855795 
132000 	 0.8597172 
132500 	 0.8686018 
133000 	 0.7245993 
133500 	 0.8904287 
134000 	 0.8584632 
134500 	 0.8496872 
135000 	 0.7470715 
135500 	 0.7877107 
136000 	 0.714066 
136500 	 0.7811527 
137000 	 0.7968948 
137500 	 0.8850524 
138000 	 0.8621686 
138500 	 0.8361334 
139000 	 0.8196041 
139500 	 0.8988474 
140000 	 0.7160489 
140500 	 0.838083 
141000 	 0.8066301 
141500 	 0.7294701 
142000 	 0.8120069 
142500 	 0.8214408 
143000 	 0.8370846 
143500 	 0.8720855 
144000 	 0.9354222 
144500 	 0.7434028 
145000 	 0.8129547 
145500 	 0.8029758 
146000 	 0.8341065 
146500 	 0.8459006 
147000 	 0.8978311 
147500 	 0.6611778 
148000 	 0.8274919 
148500 	 0.6945724 
149000 	 0.8611385 
149500 	 0.8023241 
150000 	 0.9240862 
150500 	 0.7561577 
151000 	 0.85749 
151500 	 0.7249457 
152000 	 0.8838784 
152500 	 0.8765254 
153000 	 0.7810871 
153500 	 0.8445642 
154000 	 0.8336989 
154500 	 0.8594526 
155000 	 0.8813669 
155500 	 0.8559021 
156000 	 0.8210014 
156500 	 0.9161576 
157000 	 0.7526079 
157500 	 0.7604076 
158000 	 0.844606 
158500 	 0.8710801 
159000 	 0.7566963 
159500 	 0.8198524 
160000 	 0.7954365 
160500 	 0.8872395 
161000 	 0.7319711 
161500 	 0.6595161 
162000 	 0.8347797 
162500 	 0.9220684 
163000 	 0.6207141 
163500 	 0.8953638 
164000 	 0.7456658 
164500 	 0.7127744 
165000 	 0.7651297 
165500 	 0.8895313 
166000 	 0.868291 
166500 	 0.8090645 
167000 	 0.7789807 
167500 	 0.8086521 
168000 	 0.8178329 
168500 	 0.7110544 
169000 	 0.7290129 
169500 	 0.6955586 
170000 	 0.8701451 
170500 	 0.8770268 
171000 	 0.8283666 
171500 	 0.7862895 
172000 	 0.7798109 
172500 	 0.6972321 
173000 	 0.8431377 
173500 	 0.8730188 
174000 	 0.7488885 
174500 	 0.8254122 
175000 	 0.7999857 
175500 	 0.8007219 
176000 	 0.8138903 
176500 	 0.8435046 
177000 	 0.7836292 
177500 	 0.711929 
178000 	 0.7964814 
178500 	 0.6543501 
179000 	 0.8250963 
179500 	 0.8533533 
180000 	 0.6880271 
180500 	 0.8136189 
181000 	 0.7819395 
181500 	 0.7622156 
182000 	 0.8752118 
182500 	 0.8136054 
183000 	 0.7827434 
183500 	 0.8287556 
184000 	 0.83624 
184500 	 0.7925951 
185000 	 0.8380677 
185500 	 0.7435011 
186000 	 0.7827585 
186500 	 0.8508803 
187000 	 0.8185951 
187500 	 0.9350478 
188000 	 0.784904 
188500 	 0.7789783 
189000 	 0.7876219 
189500 	 0.8645879 
190000 	 0.796027 
190500 	 0.796168 
191000 	 0.7198724 
191500 	 0.8064166 
192000 	 0.8805928 
192500 	 0.6573328 
193000 	 0.7675394 
193500 	 0.6866257 
194000 	 0.682157 
194500 	 0.8927206 
195000 	 0.7614012 
195500 	 0.8136833 
196000 	 0.6441426 
196500 	 0.9001956 
197000 	 0.8083168 
197500 	 0.7666914 
198000 	 0.8160033 
198500 	 0.6413828 
199000 	 0.7940645 
199500 	 0.8663978 
200000 	 0.8207997 
200500 	 0.8433131 
201000 	 0.7825926 
201500 	 0.7743069 
202000 	 0.7418774 
202500 	 0.7948876 
203000 	 0.8305047 
203500 	 0.7921973 
204000 	 0.8299278 
204500 	 0.7369923 
205000 	 0.589533 
205500 	 0.7321103 
206000 	 0.7237252 
206500 	 0.7710409 
207000 	 0.8029599 
207500 	 0.7601252 
208000 	 0.7924832 
208500 	 0.8503023 
209000 	 0.8158617 
209500 	 0.7468119 
210000 	 0.8063788 
210500 	 0.8374136 
211000 	 0.8438221 
211500 	 0.809847 
212000 	 0.7636222 
212500 	 0.8574124 
213000 	 0.7840628 
213500 	 0.8655043 
214000 	 0.8506271 
214500 	 0.7386154 
215000 	 0.8296656 
215500 	 0.8232053 
216000 	 0.7232669 
216500 	 0.7213061 
217000 	 0.7729221 
217500 	 0.8004397 
218000 	 0.7927672 
218500 	 0.8573994 
219000 	 0.8405916 
219500 	 0.7369626 
220000 	 0.8522093 
220500 	 0.8311318 
221000 	 0.8495284 
221500 	 0.7920405 
222000 	 0.872259 
222500 	 0.8213288 
223000 	 0.8035249 
223500 	 0.6995631 
224000 	 0.875512 
224500 	 0.8707401 
225000 	 0.8409326 
225500 	 0.8200956 
226000 	 0.7887067 
226500 	 0.8406973 
227000 	 0.6834518 
227500 	 0.8378517 
228000 	 0.6430941 
228500 	 0.7798834 
229000 	 0.7273061 
229500 	 0.8476335 
230000 	 0.6882028 
230500 	 0.8522991 
231000 	 0.793635 
231500 	 0.8089295 
232000 	 0.8685771 
232500 	 0.8034694 
233000 	 0.8054486 
233500 	 0.8492814 
234000 	 0.7554129 
234500 	 0.8511535 
235000 	 0.8497829 
235500 	 0.8455425 
236000 	 0.7792 
236500 	 0.7831909 
237000 	 0.903791 
237500 	 0.7722508 
238000 	 0.7600894 
238500 	 0.8209277 
239000 	 0.8440707 
239500 	 0.8435622 
240000 	 0.8394213 
240500 	 0.8970714 
241000 	 0.7198203 
241500 	 0.6953753 
242000 	 0.8132581 
242500 	 0.7460572 
243000 	 0.7285219 
243500 	 0.8448639 
244000 	 0.8248081 
244500 	 0.8726423 
245000 	 0.690878 
245500 	 0.8297102 
246000 	 0.8916173 
246500 	 0.7515289 
247000 	 0.908203 
247500 	 0.7574808 
248000 	 0.8774113 
248500 	 0.7905359 
249000 	 0.8212746 
249500 	 0.7046748 
250000 	 0.8353421 
250500 	 0.7538483 
251000 	 0.7278837 
251500 	 0.8479534 
252000 	 0.7942788 
252500 	 0.7261823 
253000 	 0.8078359 
253500 	 0.6949897 
254000 	 0.8617462 
254500 	 0.8138431 
255000 	 0.8384909 
255500 	 0.8274823 
256000 	 0.8303873 
256500 	 0.8303731 
257000 	 0.8100422 
257500 	 0.837158 
258000 	 0.8971944 
258500 	 0.6821746 
259000 	 0.7907132 
259500 	 0.8268487 
260000 	 0.7463212 
260500 	 0.8289047 
261000 	 0.761923 
261500 	 0.884503 
262000 	 0.9199084 
262500 	 0.786981 
263000 	 0.8636744 
263500 	 0.8999992 
264000 	 0.8362374 
264500 	 0.9284253 
265000 	 0.7987383 
265500 	 0.7589428 
266000 	 0.8191178 
266500 	 0.7113248 
267000 	 0.7848738 
267500 	 0.8570673 
268000 	 0.571638 
268500 	 0.8257132 
269000 	 0.8996652 
269500 	 0.8687622 
270000 	 0.7564064 
270500 	 0.8500248 
271000 	 0.9467918 
271500 	 0.8029436 
272000 	 0.7609192 
272500 	 0.7288039 
273000 	 0.7560571 
273500 	 0.850137 
274000 	 0.8694013 
274500 	 0.7843137 
275000 	 0.7036689 
275500 	 0.7185285 
276000 	 0.8187266 
276500 	 0.7031037 
277000 	 0.8851895 
277500 	 0.7040919 
278000 	 0.8648025 
278500 	 0.7879096 
279000 	 0.8468924 
279500 	 0.8845061 
280000 	 0.6866432 
280500 	 0.7964321 
281000 	 0.8481684 
281500 	 0.6957789 
282000 	 0.8117295 
282500 	 0.7171465 
283000 	 0.892167 
283500 	 0.6780445 
284000 	 0.7842474 
284500 	 0.8164579 
285000 	 0.8441043 
285500 	 0.7826187 
286000 	 0.8356475 
286500 	 0.8261855 
287000 	 0.8279122 
287500 	 0.8125749 
288000 	 0.807586 
288500 	 0.7363434 
289000 	 0.8476827 
289500 	 0.9150425 
290000 	 0.8792693 
290500 	 0.7727633 
291000 	 0.718842 
291500 	 0.7889222 
292000 	 0.7577853 
292500 	 0.76215 
293000 	 0.7504163 
293500 	 0.8242152 
294000 	 0.872662 
294500 	 0.8131168 
295000 	 0.8860778 
295500 	 0.8242645 
296000 	 0.8367993 
296500 	 0.8280048 
297000 	 0.8447915 
297500 	 0.8431428 
298000 	 0.7614647 
298500 	 0.8690428 
299000 	 0.7268493 
299500 	 0.7459214 
300000 	 0.7539028 
300500 	 0.8997085 
301000 	 0.8955597 
301500 	 0.8731887 
302000 	 0.715172 
302500 	 0.7809788 
303000 	 0.9121364 
303500 	 0.8236812 
304000 	 0.7397984 
304500 	 0.8471223 
305000 	 0.6458765 
305500 	 0.8629894 
306000 	 0.7932573 
306500 	 0.8464926 
307000 	 0.7605477 
307500 	 0.7988568 
308000 	 0.7735063 
308500 	 0.8383486 
309000 	 0.8201822 
309500 	 0.6883126 
310000 	 0.7701208 
310500 	 0.7894622 
311000 	 0.765391 
311500 	 0.7972545 
312000 	 0.7098181 
312500 	 0.7693438 
313000 	 0.8684624 
313500 	 0.7654341 
314000 	 0.7677759 
314500 	 0.7722787 
315000 	 0.8050492 
315500 	 0.8242813 
316000 	 0.8423012 
316500 	 0.757282 
317000 	 0.7166504 
317500 	 0.7315654 
318000 	 0.7931257 
318500 	 0.7558099 
319000 	 0.7772956 
319500 	 0.8411954 
320000 	 0.7555343 
320500 	 0.7755816 
321000 	 0.6894211 
321500 	 0.8402498 
322000 	 0.8009784 
322500 	 0.9279042 
323000 	 0.8800804 
323500 	 0.7878242 
324000 	 0.794996 
324500 	 0.8626125 
325000 	 0.7426517 
325500 	 0.7863137 
326000 	 0.8930536 
326500 	 0.7496789 
327000 	 0.7279381 
327500 	 0.8083772 
328000 	 0.8065651 
328500 	 0.7736264 
329000 	 0.8854647 
329500 	 0.8399936 
330000 	 0.8045719 
330500 	 0.7581169 
331000 	 0.8927411 
331500 	 0.6774769 
332000 	 0.848746 
332500 	 0.830551 
333000 	 0.7809755 
333500 	 0.8054899 
334000 	 0.7994655 
334500 	 0.7333084 
335000 	 0.7877115 
335500 	 0.7922302 
336000 	 0.7858396 
336500 	 0.7877607 
337000 	 0.8077798 
337500 	 0.7988246 
338000 	 0.7595486 
338500 	 0.7574593 
339000 	 0.7239371 
339500 	 0.8015999 
340000 	 0.8851009 
340500 	 0.8063608 
341000 	 0.8499364 
341500 	 0.8977084 
342000 	 0.7507387 
342500 	 0.8652703 
343000 	 0.7943083 
343500 	 0.8394212 
344000 	 0.7355449 
344500 	 0.7916407 
345000 	 0.8336443 
345500 	 0.7242151 
346000 	 0.7746168 
346500 	 0.7255159 
347000 	 0.8500919 
347500 	 0.8727234 
348000 	 0.5747721 
348500 	 0.819237 
349000 	 0.8153707 
349500 	 0.8968024 
350000 	 0.7982368 
350500 	 0.7973885 
351000 	 0.7748767 
351500 	 0.7844398 
352000 	 0.7870259 
352500 	 0.7915048 
353000 	 0.8873303 
353500 	 0.7053832 
354000 	 0.7992016 
354500 	 0.8306959 
355000 	 0.7439096 
355500 	 0.7017517 
356000 	 0.833577 
356500 	 0.8695785 
357000 	 0.8775623 
357500 	 0.7401331 
358000 	 0.7264929 
358500 	 0.8400665 
359000 	 0.8359467 
359500 	 0.8558774 
360000 	 0.8083469 
360500 	 0.7529656 
361000 	 0.8604607 
361500 	 0.8708025 
362000 	 0.8310759 
362500 	 0.7402791 
363000 	 0.8062044 
363500 	 0.7765148 
364000 	 0.7462676 
364500 	 0.9097911 
365000 	 0.871209 
365500 	 0.7478994 
366000 	 0.8026482 
366500 	 0.8295058 
367000 	 0.7618575 
367500 	 0.8056672 
368000 	 0.903491 
368500 	 0.8749913 
369000 	 0.787799 
369500 	 0.8642704 
370000 	 0.620955 
370500 	 0.8061709 
371000 	 0.8838821 
371500 	 0.6518259 
372000 	 0.9097663 
372500 	 0.8931919 
373000 	 0.9132138 
373500 	 0.7404156 
374000 	 0.8532968 
374500 	 0.8463787 
375000 	 0.8100758 
375500 	 0.8936014 
376000 	 0.7683641 
376500 	 0.6803121 
377000 	 0.738221 
377500 	 0.9101963 
378000 	 0.6204588 
378500 	 0.7853329 
379000 	 0.8080808 
379500 	 0.8264481 
380000 	 0.8139557 
380500 	 0.8725918 
381000 	 0.8559818 
381500 	 0.7600303 
382000 	 0.8476357 
382500 	 0.8492187 
383000 	 0.7672199 
383500 	 0.7974052 
384000 	 0.8893402 
384500 	 0.7705428 
385000 	 0.7623946 
385500 	 0.8175978 
386000 	 0.568155 
386500 	 0.9022145 
387000 	 0.848932 
387500 	 0.8246515 
388000 	 0.8851831 
388500 	 0.7465611 
389000 	 0.8623806 
389500 	 0.6343834 
390000 	 0.7394664 
390500 	 0.8941322 
391000 	 0.9019729 
391500 	 0.9096811 
392000 	 0.8704205 
392500 	 0.7016463 
393000 	 0.8229425 
393500 	 0.8517778 
394000 	 0.8474003 
394500 	 0.8226382 
395000 	 0.8343745 
395500 	 0.7555989 
396000 	 0.8610294 
396500 	 0.8157274 
397000 	 0.8981442 
397500 	 0.8302097 
398000 	 0.8107309 
398500 	 0.8847208 
399000 	 0.8634643 
399500 	 0.8619048 
400000 	 0.8323536 
400500 	 0.8189274 
401000 	 0.7628484 
401500 	 0.790817 
402000 	 0.8612049 
402500 	 0.8591548 
403000 	 0.7572218 
403500 	 0.8560327 
404000 	 0.8492942 
404500 	 0.7067022 
405000 	 0.7543368 
405500 	 0.6760384 
406000 	 0.7400129 
406500 	 0.746227 
407000 	 0.7378571 
407500 	 0.6926079 
408000 	 0.8588962 
408500 	 0.6372403 
409000 	 0.8758389 
409500 	 0.7509154 
410000 	 0.7456889 
410500 	 0.7148807 
411000 	 0.8131535 
411500 	 0.8266349 
412000 	 0.806885 
412500 	 0.8503095 
413000 	 0.8421427 
413500 	 0.8014047 
414000 	 0.7215862 
414500 	 0.6892984 
415000 	 0.9006797 
415500 	 0.8140032 
416000 	 0.8019822 
416500 	 0.8590614 
417000 	 0.7386128 
417500 	 0.7369735 
418000 	 0.8507625 
418500 	 0.8593654 
419000 	 0.8675989 
419500 	 0.7480376 
420000 	 0.8805104 
420500 	 0.9177067 
421000 	 0.8402883 
421500 	 0.8331444 
422000 	 0.7079911 
422500 	 0.8004493 
423000 	 0.7848929 
423500 	 0.8594588 
424000 	 0.780977 
424500 	 0.8753741 
425000 	 0.7339956 
425500 	 0.912822 
426000 	 0.7309914 
426500 	 0.7957046 
427000 	 0.7049326 
427500 	 0.7708033 
428000 	 0.6605353 
428500 	 0.8835419 
429000 	 0.7997967 
429500 	 0.7657136 
430000 	 0.794524 
430500 	 0.7741818 
431000 	 0.8255029 
431500 	 0.8130703 
432000 	 0.8028185 
432500 	 0.8621973 
433000 	 0.8526763 
433500 	 0.8434922 
434000 	 0.8148844 
434500 	 0.8118936 
435000 	 0.7442861 
435500 	 0.7469562 
436000 	 0.9079112 
436500 	 0.746697 
437000 	 0.8340471 
437500 	 0.9009408 
438000 	 0.9129101 
438500 	 0.7230939 
439000 	 0.8922923 
439500 	 0.8487053 
440000 	 0.8488057 
440500 	 0.843731 
441000 	 0.7359657 
441500 	 0.7118868 
442000 	 0.8734493 
442500 	 0.8182482 
443000 	 0.7875805 
443500 	 0.8186491 
444000 	 0.873274 
444500 	 0.7752463 
445000 	 0.6342088 
445500 	 0.7865806 
446000 	 0.6903959 
446500 	 0.787538 
447000 	 0.8708074 
447500 	 0.7999121 
448000 	 0.7203864 
448500 	 0.9044933 
449000 	 0.812919 
449500 	 0.8256643 
450000 	 0.7995591 
450500 	 0.7631404 
451000 	 0.7105829 
451500 	 0.9041653 
452000 	 0.8226247 
452500 	 0.8671034 
453000 	 0.8947788 
453500 	 0.7649517 
454000 	 0.8347515 
454500 	 0.8451435 
455000 	 0.6164963 
455500 	 0.8778543 
456000 	 0.8302706 
456500 	 0.8397945 
457000 	 0.6753422 
457500 	 0.8482533 
458000 	 0.8773655 
458500 	 0.8073175 
459000 	 0.7038033 
459500 	 0.7690199 
460000 	 0.7518311 
460500 	 0.8646479 
461000 	 0.8133382 
461500 	 0.8070731 
462000 	 0.854636 
462500 	 0.7364813 
463000 	 0.7010952 
463500 	 0.8767383 
464000 	 0.7594189 
464500 	 0.5707125 
465000 	 0.7536949 
465500 	 0.8045743 
466000 	 0.8119639 
466500 	 0.8408451 
467000 	 0.8061182 
467500 	 0.7783274 
468000 	 0.8401288 
468500 	 0.8239541 
469000 	 0.8254213 
469500 	 0.8125176 
470000 	 0.8949137 
470500 	 0.6973467 
471000 	 0.8125689 
471500 	 0.7866421 
472000 	 0.7174587 
472500 	 0.7546255 
473000 	 0.6862377 
473500 	 0.7435067 
474000 	 0.8358583 
474500 	 0.7636621 
475000 	 0.7956595 
475500 	 0.7585036 
476000 	 0.7729195 
476500 	 0.6327912 
477000 	 0.8577293 
477500 	 0.7806074 
478000 	 0.7499502 
478500 	 0.8705085 
479000 	 0.7895886 
479500 	 0.7413709 
480000 	 0.7853217 
480500 	 0.7296944 
481000 	 0.751721 
481500 	 0.7877631 
482000 	 0.8379285 
482500 	 0.841567 
483000 	 0.803413 
483500 	 0.5956067 
484000 	 0.7681016 
484500 	 0.8442502 
485000 	 0.7853405 
485500 	 0.8480286 
486000 	 0.6886434 
486500 	 0.7614984 
487000 	 0.7364992 
487500 	 0.8566773 
488000 	 0.8365796 
488500 	 0.8028134 
489000 	 0.7249823 
489500 	 0.728004 
490000 	 0.781765 
490500 	 0.8614175 
491000 	 0.7518352 
491500 	 0.6445227 
492000 	 0.705097 
492500 	 0.8300606 
493000 	 0.7682415 
493500 	 0.7712216 
494000 	 0.8038335 
494500 	 0.7562563 
495000 	 0.8210728 
495500 	 0.703461 
496000 	 0.6853962 
496500 	 0.7708184 
497000 	 0.8868416 
497500 	 0.7782348 
498000 	 0.864345 
498500 	 0.8532335 
499000 	 0.8439891 
499500 	 0.8184017 
500000 	 0.7431927 
