iter 	 p
500 	 0.7870996 
1000 	 0.7847769 
1500 	 0.8023677 
2000 	 0.7807224 
2500 	 0.8852493 
3000 	 0.9131199 
3500 	 0.7943096 
4000 	 0.8362294 
4500 	 0.8494145 
5000 	 0.7878705 
5500 	 0.8310592 
6000 	 0.7042478 
6500 	 0.8665298 
7000 	 0.7064194 
7500 	 0.840952 
8000 	 0.8148667 
8500 	 0.8523529 
9000 	 0.7805244 
9500 	 0.7891177 
10000 	 0.7978994 
10500 	 0.8075771 
11000 	 0.7213199 
11500 	 0.743789 
12000 	 0.8006384 
12500 	 0.69261 
13000 	 0.6154008 
13500 	 0.7858121 
14000 	 0.845645 
14500 	 0.7448471 
15000 	 0.7356583 
15500 	 0.852407 
16000 	 0.847616 
16500 	 0.8690479 
17000 	 0.7583493 
17500 	 0.7570601 
18000 	 0.6776404 
18500 	 0.8304405 
19000 	 0.7734442 
19500 	 0.7852497 
20000 	 0.8467545 
20500 	 0.8390277 
21000 	 0.7470224 
21500 	 0.8320178 
22000 	 0.7985359 
22500 	 0.7924749 
23000 	 0.7434166 
23500 	 0.70735 
24000 	 0.7316695 
24500 	 0.9148272 
25000 	 0.7574534 
25500 	 0.8195347 
26000 	 0.8382594 
26500 	 0.7870817 
27000 	 0.8877223 
27500 	 0.8023087 
28000 	 0.6704974 
28500 	 0.8015759 
29000 	 0.7447686 
29500 	 0.753752 
30000 	 0.8035705 
30500 	 0.7324456 
31000 	 0.8476518 
31500 	 0.7782218 
32000 	 0.7100974 
32500 	 0.5681047 
33000 	 0.7742429 
33500 	 0.8711514 
34000 	 0.8114058 
34500 	 0.800202 
35000 	 0.8335772 
35500 	 0.8403868 
36000 	 0.8371367 
36500 	 0.8098157 
37000 	 0.7642285 
37500 	 0.8429511 
38000 	 0.8342723 
38500 	 0.8296078 
39000 	 0.7997202 
39500 	 0.9037762 
40000 	 0.7505583 
40500 	 0.7664648 
41000 	 0.8152888 
41500 	 0.7267708 
42000 	 0.7748728 
42500 	 0.8054595 
43000 	 0.8910766 
43500 	 0.8301197 
44000 	 0.8173493 
44500 	 0.7766692 
45000 	 0.8363265 
45500 	 0.8541354 
46000 	 0.8686474 
46500 	 0.7473976 
47000 	 0.8469574 
47500 	 0.7822774 
48000 	 0.9175781 
48500 	 0.8358736 
49000 	 0.8163262 
49500 	 0.8676397 
50000 	 0.8624574 
50500 	 0.8180794 
51000 	 0.8815294 
51500 	 0.7475349 
52000 	 0.8621531 
52500 	 0.8032098 
53000 	 0.8690758 
53500 	 0.9031814 
54000 	 0.6555791 
54500 	 0.7690145 
55000 	 0.8430194 
55500 	 0.7865679 
56000 	 0.8460014 
56500 	 0.8434002 
57000 	 0.8394954 
57500 	 0.9003051 
58000 	 0.7368942 
58500 	 0.9140049 
59000 	 0.7335616 
59500 	 0.8130246 
60000 	 0.8726449 
60500 	 0.8940957 
61000 	 0.8841114 
61500 	 0.7141152 
62000 	 0.7718178 
62500 	 0.6814497 
63000 	 0.7922421 
63500 	 0.8248244 
64000 	 0.5887415 
64500 	 0.7962554 
65000 	 0.7443906 
65500 	 0.7909126 
66000 	 0.8514905 
66500 	 0.8507488 
67000 	 0.761657 
67500 	 0.8019874 
68000 	 0.7768111 
68500 	 0.8163782 
69000 	 0.7667116 
69500 	 0.7862183 
70000 	 0.7896252 
70500 	 0.8054848 
71000 	 0.8792174 
71500 	 0.8981747 
72000 	 0.8177433 
72500 	 0.6058918 
73000 	 0.7868536 
73500 	 0.7486247 
74000 	 0.8793792 
74500 	 0.8068279 
75000 	 0.9125739 
75500 	 0.7720608 
76000 	 0.8146691 
76500 	 0.7352867 
77000 	 0.8297972 
77500 	 0.7557073 
78000 	 0.8756837 
78500 	 0.8124575 
79000 	 0.8005375 
79500 	 0.8657322 
80000 	 0.7363872 
80500 	 0.8096839 
81000 	 0.8632974 
81500 	 0.9136683 
82000 	 0.75838 
82500 	 0.8247512 
83000 	 0.8363623 
83500 	 0.8618693 
84000 	 0.9018861 
84500 	 0.8247751 
85000 	 0.8372832 
85500 	 0.8409816 
86000 	 0.7160191 
86500 	 0.7944801 
87000 	 0.8052259 
87500 	 0.6772637 
88000 	 0.8229004 
88500 	 0.6221879 
89000 	 0.6908892 
89500 	 0.7344251 
90000 	 0.7216468 
90500 	 0.7694583 
91000 	 0.8604077 
91500 	 0.7809501 
92000 	 0.8022885 
92500 	 0.8338132 
93000 	 0.742923 
93500 	 0.8000857 
94000 	 0.8919058 
94500 	 0.6774214 
95000 	 0.8675649 
95500 	 0.8816999 
96000 	 0.7990273 
96500 	 0.7691671 
97000 	 0.8002501 
97500 	 0.7140279 
98000 	 0.9024704 
98500 	 0.7981101 
99000 	 0.5617481 
99500 	 0.7373043 
100000 	 0.8927658 
100500 	 0.7543979 
101000 	 0.7726907 
101500 	 0.8356603 
102000 	 0.7032445 
102500 	 0.6712486 
103000 	 0.7215315 
103500 	 0.7782602 
104000 	 0.8472754 
104500 	 0.7625275 
105000 	 0.7844096 
105500 	 0.6600572 
106000 	 0.764714 
106500 	 0.7279153 
107000 	 0.7447455 
107500 	 0.9073168 
108000 	 0.7998804 
108500 	 0.7146346 
109000 	 0.8028327 
109500 	 0.7854398 
110000 	 0.8156397 
110500 	 0.836872 
111000 	 0.9055573 
111500 	 0.7293967 
112000 	 0.8626466 
112500 	 0.6103636 
113000 	 0.9030953 
113500 	 0.9124543 
114000 	 0.8721311 
114500 	 0.7392137 
115000 	 0.9227542 
115500 	 0.8429553 
116000 	 0.823566 
116500 	 0.8129648 
117000 	 0.7967997 
117500 	 0.7700232 
118000 	 0.7725143 
118500 	 0.8412469 
119000 	 0.7634734 
119500 	 0.8799701 
120000 	 0.7770126 
120500 	 0.766613 
121000 	 0.8836078 
121500 	 0.8317421 
122000 	 0.7200616 
122500 	 0.7573252 
123000 	 0.8777628 
123500 	 0.7286241 
124000 	 0.688554 
124500 	 0.8139144 
125000 	 0.8695028 
125500 	 0.7588763 
126000 	 0.7800641 
126500 	 0.7373715 
127000 	 0.8493659 
127500 	 0.8691871 
128000 	 0.73894 
128500 	 0.7703409 
129000 	 0.7652199 
129500 	 0.8167768 
130000 	 0.8482209 
130500 	 0.7989388 
131000 	 0.8237954 
131500 	 0.8207362 
132000 	 0.8088192 
132500 	 0.8902714 
133000 	 0.8186563 
133500 	 0.6903311 
134000 	 0.8402017 
134500 	 0.8611215 
135000 	 0.7543728 
135500 	 0.8067044 
136000 	 0.8091954 
136500 	 0.7647955 
137000 	 0.8480729 
137500 	 0.7947907 
138000 	 0.8532551 
138500 	 0.6682969 
139000 	 0.6731883 
139500 	 0.8018703 
140000 	 0.7313315 
140500 	 0.7833854 
141000 	 0.6555181 
141500 	 0.8278703 
142000 	 0.7566545 
142500 	 0.8304958 
143000 	 0.7508031 
143500 	 0.7130906 
144000 	 0.7826703 
144500 	 0.8094931 
145000 	 0.7989129 
145500 	 0.7603563 
146000 	 0.861284 
146500 	 0.9259519 
147000 	 0.7994665 
147500 	 0.8003259 
148000 	 0.6690536 
148500 	 0.7310445 
149000 	 0.8110025 
149500 	 0.8025985 
150000 	 0.6288779 
150500 	 0.7662123 
151000 	 0.9284573 
151500 	 0.858457 
152000 	 0.770616 
152500 	 0.8059859 
153000 	 0.8249388 
153500 	 0.7870995 
154000 	 0.7389699 
154500 	 0.8898633 
155000 	 0.8993826 
155500 	 0.7421157 
156000 	 0.8094459 
156500 	 0.8368824 
157000 	 0.8825206 
157500 	 0.8825382 
158000 	 0.9022731 
158500 	 0.6558859 
159000 	 0.8130028 
159500 	 0.9007865 
160000 	 0.7421717 
160500 	 0.6576765 
161000 	 0.878514 
161500 	 0.8065218 
162000 	 0.7991751 
162500 	 0.8270735 
163000 	 0.7273245 
163500 	 0.7361696 
164000 	 0.7702545 
164500 	 0.7649865 
165000 	 0.7573571 
165500 	 0.6587256 
166000 	 0.8011221 
166500 	 0.7044112 
167000 	 0.9043087 
167500 	 0.7836869 
168000 	 0.8246126 
168500 	 0.7249738 
169000 	 0.7830681 
169500 	 0.8330165 
170000 	 0.7422202 
170500 	 0.8575806 
171000 	 0.8487712 
171500 	 0.8261056 
172000 	 0.7222149 
172500 	 0.8144174 
173000 	 0.8290223 
173500 	 0.8550306 
174000 	 0.8436201 
174500 	 0.6016051 
175000 	 0.7808206 
175500 	 0.9007513 
176000 	 0.7868077 
176500 	 0.7674239 
177000 	 0.8670254 
177500 	 0.806072 
178000 	 0.6983051 
178500 	 0.7549019 
179000 	 0.7956035 
179500 	 0.8356601 
180000 	 0.7648308 
180500 	 0.8630743 
181000 	 0.6786029 
181500 	 0.7626918 
182000 	 0.8851878 
182500 	 0.8199806 
183000 	 0.8552992 
183500 	 0.6871543 
184000 	 0.7490232 
184500 	 0.8299595 
185000 	 0.8507861 
185500 	 0.862329 
186000 	 0.7318368 
186500 	 0.7014988 
187000 	 0.8821254 
187500 	 0.7440045 
188000 	 0.9050801 
188500 	 0.9002465 
189000 	 0.8827431 
189500 	 0.816215 
190000 	 0.7935517 
190500 	 0.7716971 
191000 	 0.8246814 
191500 	 0.8325133 
192000 	 0.8815097 
192500 	 0.8900737 
193000 	 0.7404791 
193500 	 0.894434 
194000 	 0.7444973 
194500 	 0.7526917 
195000 	 0.7964529 
195500 	 0.8256856 
196000 	 0.7387547 
196500 	 0.796454 
197000 	 0.8700339 
197500 	 0.838912 
198000 	 0.6556572 
198500 	 0.8276201 
199000 	 0.7362925 
199500 	 0.8688613 
200000 	 0.8889304 
200500 	 0.8141667 
201000 	 0.8088897 
201500 	 0.8302139 
202000 	 0.8439405 
202500 	 0.8715175 
203000 	 0.8146661 
203500 	 0.7915152 
204000 	 0.737412 
204500 	 0.8473581 
205000 	 0.7800992 
205500 	 0.7827078 
206000 	 0.8628612 
206500 	 0.7947139 
207000 	 0.86383 
207500 	 0.8331658 
208000 	 0.7962438 
208500 	 0.8742215 
209000 	 0.8275015 
209500 	 0.8041313 
210000 	 0.9233401 
210500 	 0.6967977 
211000 	 0.7707066 
211500 	 0.8490545 
212000 	 0.8128738 
212500 	 0.794886 
213000 	 0.7294214 
213500 	 0.7874103 
214000 	 0.8655496 
214500 	 0.855297 
215000 	 0.7572899 
215500 	 0.7293102 
216000 	 0.8294721 
216500 	 0.8298825 
217000 	 0.7114614 
217500 	 0.83463 
218000 	 0.7708976 
218500 	 0.7159662 
219000 	 0.8155378 
219500 	 0.9154023 
220000 	 0.8551259 
220500 	 0.6717564 
221000 	 0.8201694 
221500 	 0.816442 
222000 	 0.7261382 
222500 	 0.6729521 
223000 	 0.7883065 
223500 	 0.7422181 
224000 	 0.8131108 
224500 	 0.872377 
225000 	 0.7829578 
225500 	 0.7870284 
226000 	 0.8886179 
226500 	 0.8042143 
227000 	 0.8275538 
227500 	 0.796402 
228000 	 0.8640123 
228500 	 0.8235213 
229000 	 0.7828202 
229500 	 0.7733508 
230000 	 0.847623 
230500 	 0.7810154 
231000 	 0.8245721 
231500 	 0.8646445 
232000 	 0.7426452 
232500 	 0.8115754 
233000 	 0.7763158 
233500 	 0.8171325 
234000 	 0.805716 
234500 	 0.8623258 
235000 	 0.8247261 
235500 	 0.7308281 
236000 	 0.7980372 
236500 	 0.8053659 
237000 	 0.7444213 
237500 	 0.7633624 
238000 	 0.8152885 
238500 	 0.5544386 
239000 	 0.8404819 
239500 	 0.7540867 
240000 	 0.8133622 
240500 	 0.7742902 
241000 	 0.6595252 
241500 	 0.7547219 
242000 	 0.7713225 
242500 	 0.8224154 
243000 	 0.8137953 
243500 	 0.6589221 
244000 	 0.7906567 
244500 	 0.7845917 
245000 	 0.7048125 
245500 	 0.6757668 
246000 	 0.7453237 
246500 	 0.8718511 
247000 	 0.8885076 
247500 	 0.860744 
248000 	 0.8344387 
248500 	 0.8690366 
249000 	 0.748256 
249500 	 0.6929263 
250000 	 0.768426 
250500 	 0.7623969 
251000 	 0.7775738 
251500 	 0.8150686 
252000 	 0.8622844 
252500 	 0.8177954 
253000 	 0.6592196 
253500 	 0.6511281 
254000 	 0.7481907 
254500 	 0.8553366 
255000 	 0.7723912 
255500 	 0.8345623 
256000 	 0.8190746 
256500 	 0.9015768 
257000 	 0.7848087 
257500 	 0.8502437 
258000 	 0.8029433 
258500 	 0.8421035 
259000 	 0.8046315 
259500 	 0.7398978 
260000 	 0.7809545 
260500 	 0.9339109 
261000 	 0.7642261 
261500 	 0.8472134 
262000 	 0.8399909 
262500 	 0.7998311 
263000 	 0.8936308 
263500 	 0.8148778 
264000 	 0.8468876 
264500 	 0.7594034 
265000 	 0.7649898 
265500 	 0.8554264 
266000 	 0.81089 
266500 	 0.8629146 
267000 	 0.640194 
267500 	 0.8895577 
268000 	 0.7514574 
268500 	 0.8736232 
269000 	 0.7658218 
269500 	 0.7822645 
270000 	 0.8585813 
270500 	 0.8009141 
271000 	 0.8709603 
271500 	 0.8904133 
272000 	 0.7748796 
272500 	 0.8480569 
273000 	 0.8010158 
273500 	 0.7700189 
274000 	 0.8443332 
274500 	 0.7500234 
275000 	 0.7327438 
275500 	 0.8046508 
276000 	 0.8216347 
276500 	 0.8538529 
277000 	 0.603859 
277500 	 0.807913 
278000 	 0.7552856 
278500 	 0.8099856 
279000 	 0.8659057 
279500 	 0.8811155 
280000 	 0.7993534 
280500 	 0.7182693 
281000 	 0.8187998 
281500 	 0.8858247 
282000 	 0.782411 
282500 	 0.8838332 
283000 	 0.7296675 
283500 	 0.8346718 
284000 	 0.8415041 
284500 	 0.7418901 
285000 	 0.8270225 
285500 	 0.8471288 
286000 	 0.7581967 
286500 	 0.8062025 
287000 	 0.7727187 
287500 	 0.776578 
288000 	 0.7659437 
288500 	 0.7174994 
289000 	 0.9323346 
289500 	 0.8186648 
290000 	 0.8272692 
290500 	 0.7951774 
291000 	 0.8028469 
291500 	 0.8872368 
292000 	 0.8198061 
292500 	 0.7138767 
293000 	 0.717253 
293500 	 0.7801717 
294000 	 0.7422828 
294500 	 0.7720396 
295000 	 0.7689703 
295500 	 0.7631794 
296000 	 0.8895886 
296500 	 0.905906 
297000 	 0.8025123 
297500 	 0.683977 
298000 	 0.8479879 
298500 	 0.7539126 
299000 	 0.770179 
299500 	 0.8436237 
300000 	 0.8331485 
300500 	 0.7698881 
301000 	 0.7842418 
301500 	 0.8332944 
302000 	 0.8338569 
302500 	 0.8427813 
303000 	 0.8456967 
303500 	 0.8024716 
304000 	 0.8317398 
304500 	 0.7569335 
305000 	 0.8246949 
305500 	 0.9130601 
306000 	 0.7572083 
306500 	 0.8492986 
307000 	 0.6617497 
307500 	 0.7605927 
308000 	 0.8000491 
308500 	 0.853855 
309000 	 0.6880566 
309500 	 0.8373954 
310000 	 0.8188571 
310500 	 0.8450179 
311000 	 0.8626382 
311500 	 0.8947881 
312000 	 0.8406289 
312500 	 0.9060284 
313000 	 0.8620465 
313500 	 0.7828786 
314000 	 0.7329762 
314500 	 0.8008659 
315000 	 0.8328634 
315500 	 0.7736098 
316000 	 0.8622446 
316500 	 0.8097313 
317000 	 0.7766559 
317500 	 0.7351453 
318000 	 0.8278572 
318500 	 0.8175671 
319000 	 0.8084734 
319500 	 0.9053599 
320000 	 0.7048001 
320500 	 0.7911183 
321000 	 0.7248085 
321500 	 0.7487214 
322000 	 0.7573157 
322500 	 0.9331278 
323000 	 0.810096 
323500 	 0.8456812 
324000 	 0.7653585 
324500 	 0.8414364 
325000 	 0.8388717 
325500 	 0.692271 
326000 	 0.7687678 
326500 	 0.8825511 
327000 	 0.7735864 
327500 	 0.8103371 
328000 	 0.7298792 
328500 	 0.7499132 
329000 	 0.7310274 
329500 	 0.758451 
330000 	 0.7761544 
330500 	 0.7281318 
331000 	 0.7772022 
331500 	 0.7778603 
332000 	 0.752752 
332500 	 0.8690114 
333000 	 0.6909912 
333500 	 0.8098101 
334000 	 0.8923537 
334500 	 0.7313239 
335000 	 0.8505136 
335500 	 0.658444 
336000 	 0.7881897 
336500 	 0.818663 
337000 	 0.8865513 
337500 	 0.8132592 
338000 	 0.7424075 
338500 	 0.7570563 
339000 	 0.839129 
339500 	 0.8367921 
340000 	 0.9017139 
340500 	 0.7798184 
341000 	 0.7321329 
341500 	 0.7408725 
342000 	 0.8486326 
342500 	 0.8007184 
343000 	 0.7072536 
343500 	 0.8956837 
344000 	 0.8920533 
344500 	 0.8198549 
345000 	 0.8397374 
345500 	 0.9147675 
346000 	 0.8779278 
346500 	 0.7826838 
347000 	 0.8636041 
347500 	 0.7996276 
348000 	 0.7620723 
348500 	 0.8506326 
349000 	 0.839937 
349500 	 0.7497894 
350000 	 0.8943434 
350500 	 0.7512128 
351000 	 0.8169318 
351500 	 0.7560099 
352000 	 0.8476692 
352500 	 0.7975675 
353000 	 0.8835302 
353500 	 0.8010319 
354000 	 0.7533193 
354500 	 0.8132846 
355000 	 0.7071708 
355500 	 0.880165 
356000 	 0.8865342 
356500 	 0.6936167 
357000 	 0.8352403 
357500 	 0.7558977 
358000 	 0.8703446 
358500 	 0.7689441 
359000 	 0.7197131 
359500 	 0.7733943 
360000 	 0.7744547 
360500 	 0.8183754 
361000 	 0.8073317 
361500 	 0.7498443 
362000 	 0.7379568 
362500 	 0.7856824 
363000 	 0.7456797 
363500 	 0.8282004 
364000 	 0.8806432 
364500 	 0.6764495 
365000 	 0.8878522 
365500 	 0.9045593 
366000 	 0.6459273 
366500 	 0.7622026 
367000 	 0.7536377 
367500 	 0.8593233 
368000 	 0.8165035 
368500 	 0.8166618 
369000 	 0.839941 
369500 	 0.8381405 
370000 	 0.7272384 
370500 	 0.7277849 
371000 	 0.8508222 
371500 	 0.8174854 
372000 	 0.8401956 
372500 	 0.7168987 
373000 	 0.9102328 
373500 	 0.6491127 
374000 	 0.8364204 
374500 	 0.9355327 
375000 	 0.7511766 
375500 	 0.8178731 
376000 	 0.7948772 
376500 	 0.8943428 
377000 	 0.7980172 
377500 	 0.7879113 
378000 	 0.8188045 
378500 	 0.7807695 
379000 	 0.7741861 
379500 	 0.8346237 
380000 	 0.6232337 
380500 	 0.8824842 
381000 	 0.7932643 
381500 	 0.771591 
382000 	 0.6617398 
382500 	 0.8340914 
383000 	 0.7490255 
383500 	 0.7204025 
384000 	 0.9129439 
384500 	 0.77124 
385000 	 0.8194845 
385500 	 0.8640481 
386000 	 0.8753227 
386500 	 0.8825193 
387000 	 0.7980719 
387500 	 0.7649542 
388000 	 0.7505296 
388500 	 0.7923254 
389000 	 0.7751964 
389500 	 0.7951049 
390000 	 0.8205841 
390500 	 0.7616199 
391000 	 0.7352058 
391500 	 0.8226835 
392000 	 0.9110526 
392500 	 0.8411632 
393000 	 0.7625707 
393500 	 0.7095179 
394000 	 0.8424143 
394500 	 0.7197641 
395000 	 0.7979544 
395500 	 0.8895863 
396000 	 0.7765262 
396500 	 0.8955234 
397000 	 0.8767835 
397500 	 0.8245998 
398000 	 0.7830961 
398500 	 0.7185637 
399000 	 0.7765148 
399500 	 0.9037522 
400000 	 0.8060317 
400500 	 0.6280514 
401000 	 0.7329948 
401500 	 0.7727404 
402000 	 0.8153326 
402500 	 0.7455123 
403000 	 0.7263075 
403500 	 0.8423941 
404000 	 0.8655678 
404500 	 0.7480469 
405000 	 0.7618022 
405500 	 0.8804318 
406000 	 0.7271787 
406500 	 0.9103324 
407000 	 0.8607829 
407500 	 0.7987481 
408000 	 0.8481396 
408500 	 0.7851102 
409000 	 0.7620963 
409500 	 0.7204824 
410000 	 0.8135318 
410500 	 0.8692734 
411000 	 0.625093 
411500 	 0.675699 
412000 	 0.8185076 
412500 	 0.8104058 
413000 	 0.8171779 
413500 	 0.8546754 
414000 	 0.6205094 
414500 	 0.8811895 
415000 	 0.7538788 
415500 	 0.8526666 
416000 	 0.8350531 
416500 	 0.7747657 
417000 	 0.8035768 
417500 	 0.7641492 
418000 	 0.7755786 
418500 	 0.5825728 
419000 	 0.6569055 
419500 	 0.7825198 
420000 	 0.7399684 
420500 	 0.8819036 
421000 	 0.7958466 
421500 	 0.6979325 
422000 	 0.925421 
422500 	 0.7428266 
423000 	 0.8238405 
423500 	 0.8136958 
424000 	 0.852804 
424500 	 0.8144764 
425000 	 0.8638662 
425500 	 0.7859307 
426000 	 0.7704083 
426500 	 0.8705549 
427000 	 0.8596438 
427500 	 0.8024782 
428000 	 0.7985104 
428500 	 0.8329961 
429000 	 0.7745983 
429500 	 0.8917877 
430000 	 0.9011634 
430500 	 0.8282658 
431000 	 0.8665387 
431500 	 0.6497171 
432000 	 0.8211866 
432500 	 0.8540291 
433000 	 0.7853983 
433500 	 0.9242013 
434000 	 0.8294622 
434500 	 0.7213415 
435000 	 0.8253276 
435500 	 0.8286343 
436000 	 0.7979339 
436500 	 0.8364213 
437000 	 0.8553318 
437500 	 0.8174702 
438000 	 0.7263219 
438500 	 0.7944891 
439000 	 0.8126519 
439500 	 0.6866914 
440000 	 0.8271822 
440500 	 0.8805201 
441000 	 0.8428314 
441500 	 0.8675107 
442000 	 0.8984116 
442500 	 0.7351965 
443000 	 0.8450314 
443500 	 0.7968565 
444000 	 0.9115373 
444500 	 0.8557492 
445000 	 0.8313734 
445500 	 0.79597 
446000 	 0.766696 
446500 	 0.8920634 
447000 	 0.8665936 
447500 	 0.7485989 
448000 	 0.7714164 
448500 	 0.8108347 
449000 	 0.8336728 
449500 	 0.9142367 
450000 	 0.7201123 
450500 	 0.7591792 
451000 	 0.7939023 
451500 	 0.8156471 
452000 	 0.7309022 
452500 	 0.8003365 
453000 	 0.8218787 
453500 	 0.8294612 
454000 	 0.7288406 
454500 	 0.8035795 
455000 	 0.9359645 
455500 	 0.7425956 
456000 	 0.8959467 
456500 	 0.634513 
457000 	 0.5720286 
457500 	 0.8541689 
458000 	 0.7313273 
458500 	 0.8497945 
459000 	 0.7264454 
459500 	 0.8400878 
460000 	 0.7492807 
460500 	 0.9570857 
461000 	 0.8061289 
461500 	 0.7632536 
462000 	 0.6915524 
462500 	 0.7393178 
463000 	 0.7080258 
463500 	 0.8362458 
464000 	 0.8312055 
464500 	 0.7624441 
465000 	 0.7948663 
465500 	 0.7649931 
466000 	 0.7501346 
466500 	 0.8141881 
467000 	 0.7354465 
467500 	 0.8413623 
468000 	 0.8786184 
468500 	 0.716465 
469000 	 0.7031458 
469500 	 0.9347428 
470000 	 0.821421 
470500 	 0.8732424 
471000 	 0.7301328 
471500 	 0.8045164 
472000 	 0.7033307 
472500 	 0.7949482 
473000 	 0.713164 
473500 	 0.7977166 
474000 	 0.7713477 
474500 	 0.8832419 
475000 	 0.9128265 
475500 	 0.8460671 
476000 	 0.8089718 
476500 	 0.849386 
477000 	 0.7533171 
477500 	 0.8220621 
478000 	 0.8604284 
478500 	 0.7368035 
479000 	 0.8359688 
479500 	 0.8605152 
480000 	 0.7724413 
480500 	 0.845962 
481000 	 0.8168263 
481500 	 0.9084412 
482000 	 0.8455651 
482500 	 0.7655262 
483000 	 0.8153739 
483500 	 0.8091267 
484000 	 0.7751925 
484500 	 0.7279056 
485000 	 0.7536631 
485500 	 0.8191896 
486000 	 0.7416065 
486500 	 0.7203102 
487000 	 0.7841327 
487500 	 0.7644777 
488000 	 0.8959938 
488500 	 0.709092 
489000 	 0.6849219 
489500 	 0.8534796 
490000 	 0.8014845 
490500 	 0.7301241 
491000 	 0.8445294 
491500 	 0.8231061 
492000 	 0.8310394 
492500 	 0.7386154 
493000 	 0.7513977 
493500 	 0.7705407 
494000 	 0.8409799 
494500 	 0.7173876 
495000 	 0.7949811 
495500 	 0.7551929 
496000 	 0.7392238 
496500 	 0.7553232 
497000 	 0.8364676 
497500 	 0.7820409 
498000 	 0.7538983 
498500 	 0.8366683 
499000 	 0.8836678 
499500 	 0.7023651 
500000 	 0.8313089 
