iter 	 p
500 	 0.5318778 
1000 	 0.451292 
1500 	 0.4781762 
2000 	 0.4681765 
2500 	 0.4620738 
3000 	 0.5838455 
3500 	 0.5166971 
4000 	 0.4994588 
4500 	 0.4708617 
5000 	 0.5364972 
5500 	 0.4989412 
6000 	 0.4983894 
6500 	 0.5872204 
7000 	 0.5521638 
7500 	 0.5058374 
8000 	 0.4884394 
8500 	 0.4543723 
9000 	 0.5176988 
9500 	 0.5384009 
10000 	 0.4471797 
10500 	 0.5314968 
11000 	 0.4547451 
11500 	 0.5105263 
12000 	 0.5385615 
12500 	 0.4959427 
13000 	 0.5263154 
13500 	 0.5118133 
14000 	 0.4659361 
14500 	 0.5307169 
15000 	 0.4834005 
15500 	 0.5153027 
16000 	 0.507268 
16500 	 0.4104744 
17000 	 0.5275515 
17500 	 0.4735994 
18000 	 0.5886334 
18500 	 0.4972782 
19000 	 0.5495897 
19500 	 0.5293134 
20000 	 0.4289504 
20500 	 0.485017 
21000 	 0.4344849 
21500 	 0.4848779 
22000 	 0.4385126 
22500 	 0.4910835 
23000 	 0.5219822 
23500 	 0.5531565 
24000 	 0.4922757 
24500 	 0.5557342 
25000 	 0.4183489 
25500 	 0.482511 
26000 	 0.4717803 
26500 	 0.5144431 
27000 	 0.5071926 
27500 	 0.5091515 
28000 	 0.5146981 
28500 	 0.5437743 
29000 	 0.5922162 
29500 	 0.5317485 
30000 	 0.5639057 
30500 	 0.4824671 
31000 	 0.4794324 
31500 	 0.5605575 
32000 	 0.5162656 
32500 	 0.5325501 
33000 	 0.5572524 
33500 	 0.5031108 
34000 	 0.4486924 
34500 	 0.5223056 
35000 	 0.5602565 
35500 	 0.5334649 
36000 	 0.5400919 
36500 	 0.5230638 
37000 	 0.4822487 
37500 	 0.4995484 
38000 	 0.5196237 
38500 	 0.5638629 
39000 	 0.4781791 
39500 	 0.5381436 
40000 	 0.52001 
40500 	 0.4941821 
41000 	 0.5432907 
41500 	 0.5832116 
42000 	 0.4614532 
42500 	 0.5983186 
43000 	 0.5443054 
43500 	 0.5041101 
44000 	 0.5326395 
44500 	 0.5376168 
45000 	 0.4961925 
45500 	 0.4796055 
46000 	 0.4879814 
46500 	 0.5323923 
47000 	 0.5203166 
47500 	 0.5123595 
48000 	 0.5807099 
48500 	 0.5157561 
49000 	 0.5024033 
49500 	 0.5366326 
50000 	 0.4792489 
50500 	 0.5123034 
51000 	 0.4885493 
51500 	 0.5301153 
52000 	 0.6261579 
52500 	 0.5389937 
53000 	 0.5387424 
53500 	 0.5848306 
54000 	 0.5088634 
54500 	 0.5029356 
55000 	 0.5470383 
55500 	 0.5634758 
56000 	 0.5565359 
56500 	 0.5036333 
57000 	 0.569652 
57500 	 0.5296171 
58000 	 0.487125 
58500 	 0.6085712 
59000 	 0.4346688 
59500 	 0.5241071 
60000 	 0.4511156 
60500 	 0.5046931 
61000 	 0.4660064 
61500 	 0.5158465 
62000 	 0.5516353 
62500 	 0.4763802 
63000 	 0.4987765 
63500 	 0.5030402 
64000 	 0.4496985 
64500 	 0.5273818 
65000 	 0.5561545 
65500 	 0.5231264 
66000 	 0.4499281 
66500 	 0.5392284 
67000 	 0.4324837 
67500 	 0.4776158 
68000 	 0.4940881 
68500 	 0.5206596 
69000 	 0.5227323 
69500 	 0.5005902 
70000 	 0.5579406 
70500 	 0.5181518 
71000 	 0.4947103 
71500 	 0.5487121 
72000 	 0.5065868 
72500 	 0.4773741 
73000 	 0.4669951 
73500 	 0.5019116 
74000 	 0.4696906 
74500 	 0.5902484 
75000 	 0.5692339 
75500 	 0.5319485 
76000 	 0.472811 
76500 	 0.534558 
77000 	 0.5690584 
77500 	 0.5839278 
78000 	 0.435075 
78500 	 0.4572802 
79000 	 0.5490896 
79500 	 0.4483381 
80000 	 0.5282033 
80500 	 0.6164622 
81000 	 0.4644338 
81500 	 0.5060128 
82000 	 0.6239536 
82500 	 0.5454974 
83000 	 0.5254718 
83500 	 0.5296972 
84000 	 0.5307598 
84500 	 0.5280236 
85000 	 0.5156421 
85500 	 0.5171454 
86000 	 0.4389662 
86500 	 0.5080376 
87000 	 0.454921 
87500 	 0.4880277 
88000 	 0.5556278 
88500 	 0.5334149 
89000 	 0.5294404 
89500 	 0.4957092 
90000 	 0.5719821 
90500 	 0.5067812 
91000 	 0.4679417 
91500 	 0.5027176 
92000 	 0.5095575 
92500 	 0.5750059 
93000 	 0.5317195 
93500 	 0.5678789 
94000 	 0.5130191 
94500 	 0.4116929 
95000 	 0.4738286 
95500 	 0.5303238 
96000 	 0.5774566 
96500 	 0.5103635 
97000 	 0.5077526 
97500 	 0.5518417 
98000 	 0.4703566 
98500 	 0.5400817 
99000 	 0.5661127 
99500 	 0.5266851 
100000 	 0.5115225 
100500 	 0.4714691 
101000 	 0.5643656 
101500 	 0.4601876 
102000 	 0.5399279 
102500 	 0.5023989 
103000 	 0.5179677 
103500 	 0.5159872 
104000 	 0.4992903 
104500 	 0.5501477 
105000 	 0.4493354 
105500 	 0.4533032 
106000 	 0.5166249 
106500 	 0.4576051 
107000 	 0.4914058 
107500 	 0.4665872 
108000 	 0.4946378 
108500 	 0.6137994 
109000 	 0.4827409 
109500 	 0.5729742 
110000 	 0.597638 
110500 	 0.4997126 
111000 	 0.469888 
111500 	 0.5704438 
112000 	 0.4720578 
112500 	 0.5189362 
113000 	 0.5349383 
113500 	 0.4730461 
114000 	 0.5606331 
114500 	 0.4801694 
115000 	 0.4934463 
115500 	 0.4478539 
116000 	 0.5851758 
116500 	 0.4735815 
117000 	 0.5366029 
117500 	 0.5298293 
118000 	 0.5071706 
118500 	 0.4294236 
119000 	 0.5091508 
119500 	 0.5709837 
120000 	 0.5000298 
120500 	 0.449545 
121000 	 0.4646892 
121500 	 0.4749683 
122000 	 0.5243911 
122500 	 0.5298421 
123000 	 0.5003508 
123500 	 0.4014559 
124000 	 0.482457 
124500 	 0.4781861 
125000 	 0.5155855 
125500 	 0.5347098 
126000 	 0.5567286 
126500 	 0.5181105 
127000 	 0.4720728 
127500 	 0.5239919 
128000 	 0.4730811 
128500 	 0.5330973 
129000 	 0.5264973 
129500 	 0.5334021 
130000 	 0.5215515 
130500 	 0.5399748 
131000 	 0.5611472 
131500 	 0.5022481 
132000 	 0.5805158 
132500 	 0.4621006 
133000 	 0.5895182 
133500 	 0.5191247 
134000 	 0.4818531 
134500 	 0.508261 
135000 	 0.5771601 
135500 	 0.5107624 
136000 	 0.3641312 
136500 	 0.4640969 
137000 	 0.5269368 
137500 	 0.5182089 
138000 	 0.5549555 
138500 	 0.4719387 
139000 	 0.4911381 
139500 	 0.5037923 
140000 	 0.5550177 
140500 	 0.4953445 
141000 	 0.5396537 
141500 	 0.535893 
142000 	 0.5458385 
142500 	 0.6188575 
143000 	 0.5019799 
143500 	 0.4819579 
144000 	 0.6047846 
144500 	 0.4127169 
145000 	 0.4807329 
145500 	 0.4408109 
146000 	 0.4846204 
146500 	 0.5310949 
147000 	 0.5069638 
147500 	 0.4594666 
148000 	 0.4591276 
148500 	 0.4877816 
149000 	 0.5389766 
149500 	 0.539945 
150000 	 0.5458379 
150500 	 0.510596 
151000 	 0.582879 
151500 	 0.4249031 
152000 	 0.524221 
152500 	 0.4724267 
153000 	 0.579468 
153500 	 0.549337 
154000 	 0.6033757 
154500 	 0.5594497 
155000 	 0.5052873 
155500 	 0.5098666 
156000 	 0.594023 
156500 	 0.5960516 
157000 	 0.4851886 
157500 	 0.5759145 
158000 	 0.4969913 
158500 	 0.5413899 
159000 	 0.4689713 
159500 	 0.5123658 
160000 	 0.4982275 
160500 	 0.5126623 
161000 	 0.4621818 
161500 	 0.5021531 
162000 	 0.5588202 
162500 	 0.5177403 
163000 	 0.4698105 
163500 	 0.4815854 
164000 	 0.4457842 
164500 	 0.4363388 
165000 	 0.5362547 
165500 	 0.5513774 
166000 	 0.5340427 
166500 	 0.4783304 
167000 	 0.5541156 
167500 	 0.5512925 
168000 	 0.5881195 
168500 	 0.5248199 
169000 	 0.4644356 
169500 	 0.5165252 
170000 	 0.4028349 
170500 	 0.5596855 
171000 	 0.4427032 
171500 	 0.4540302 
172000 	 0.5669963 
172500 	 0.5159565 
173000 	 0.5324263 
173500 	 0.5347377 
174000 	 0.5484204 
174500 	 0.5564958 
175000 	 0.5699653 
175500 	 0.4713022 
176000 	 0.4625287 
176500 	 0.5150496 
177000 	 0.4514001 
177500 	 0.5171061 
178000 	 0.453642 
178500 	 0.5042863 
179000 	 0.5538142 
179500 	 0.4678891 
180000 	 0.5189668 
180500 	 0.5414878 
181000 	 0.459639 
181500 	 0.4454681 
182000 	 0.4178985 
182500 	 0.5568323 
183000 	 0.4674093 
183500 	 0.5629638 
184000 	 0.4893172 
184500 	 0.4643312 
185000 	 0.5271298 
185500 	 0.4402952 
186000 	 0.5371424 
186500 	 0.5633413 
187000 	 0.4818107 
187500 	 0.5043667 
188000 	 0.5255652 
188500 	 0.4567738 
189000 	 0.5936209 
189500 	 0.5025621 
190000 	 0.5328694 
190500 	 0.5254743 
191000 	 0.4798425 
191500 	 0.5284221 
192000 	 0.4421368 
192500 	 0.4828506 
193000 	 0.5150595 
193500 	 0.5585848 
194000 	 0.4492856 
194500 	 0.502257 
195000 	 0.5023633 
195500 	 0.4928164 
196000 	 0.4969616 
196500 	 0.5139432 
197000 	 0.462495 
197500 	 0.4709583 
198000 	 0.4412902 
198500 	 0.508304 
199000 	 0.5502641 
199500 	 0.5121589 
200000 	 0.564976 
200500 	 0.4762238 
201000 	 0.4472424 
201500 	 0.414999 
202000 	 0.5871649 
202500 	 0.4542388 
203000 	 0.4826619 
203500 	 0.4611203 
204000 	 0.4996205 
204500 	 0.4680824 
205000 	 0.5072574 
205500 	 0.49598 
206000 	 0.5540172 
206500 	 0.4557486 
207000 	 0.5968496 
207500 	 0.4915011 
208000 	 0.506234 
208500 	 0.5331731 
209000 	 0.4468478 
209500 	 0.530133 
210000 	 0.4560588 
210500 	 0.5035952 
211000 	 0.5117253 
211500 	 0.4892532 
212000 	 0.4669678 
212500 	 0.6070898 
213000 	 0.5284551 
213500 	 0.5446794 
214000 	 0.4215154 
214500 	 0.4821096 
215000 	 0.5421738 
215500 	 0.5431054 
216000 	 0.4684331 
216500 	 0.4378745 
217000 	 0.430519 
217500 	 0.4786624 
218000 	 0.4470447 
218500 	 0.4421345 
219000 	 0.5577955 
219500 	 0.523408 
220000 	 0.4922244 
220500 	 0.5590018 
221000 	 0.5061037 
221500 	 0.5788433 
222000 	 0.482191 
222500 	 0.4621246 
223000 	 0.4898241 
223500 	 0.5571505 
224000 	 0.4622089 
224500 	 0.5458793 
225000 	 0.4931961 
225500 	 0.4897548 
226000 	 0.5027689 
226500 	 0.4654956 
227000 	 0.4870508 
227500 	 0.5242098 
228000 	 0.4383992 
228500 	 0.5109726 
229000 	 0.4532161 
229500 	 0.5035399 
230000 	 0.5513566 
230500 	 0.6080412 
231000 	 0.4845136 
231500 	 0.4957506 
232000 	 0.4455537 
232500 	 0.4784837 
233000 	 0.5214557 
233500 	 0.6077692 
234000 	 0.5060578 
234500 	 0.5441222 
235000 	 0.5103442 
235500 	 0.5205177 
236000 	 0.4713405 
236500 	 0.4059335 
237000 	 0.5023479 
237500 	 0.483104 
238000 	 0.4818575 
238500 	 0.4603266 
239000 	 0.5217659 
239500 	 0.5250328 
240000 	 0.4789987 
240500 	 0.530755 
241000 	 0.529769 
241500 	 0.4684734 
242000 	 0.5291705 
242500 	 0.5235777 
243000 	 0.5216081 
243500 	 0.5346213 
244000 	 0.5929668 
244500 	 0.4859747 
245000 	 0.5397911 
245500 	 0.4753538 
246000 	 0.5649703 
246500 	 0.4983044 
247000 	 0.5133521 
247500 	 0.5861745 
248000 	 0.4961112 
248500 	 0.4993317 
249000 	 0.562905 
249500 	 0.4818754 
250000 	 0.4268918 
250500 	 0.4832674 
251000 	 0.528445 
251500 	 0.5261454 
252000 	 0.5339672 
252500 	 0.5316186 
253000 	 0.5041898 
253500 	 0.519167 
254000 	 0.5944762 
254500 	 0.4604983 
255000 	 0.5072292 
255500 	 0.4932022 
256000 	 0.4656544 
256500 	 0.5278784 
257000 	 0.5329167 
257500 	 0.539087 
258000 	 0.4108947 
258500 	 0.4572869 
259000 	 0.4927402 
259500 	 0.5218364 
260000 	 0.5692773 
260500 	 0.5154762 
261000 	 0.515568 
261500 	 0.5009174 
262000 	 0.5453041 
262500 	 0.6321886 
263000 	 0.520674 
263500 	 0.4948896 
264000 	 0.5737313 
264500 	 0.5086166 
265000 	 0.5010816 
265500 	 0.5574156 
266000 	 0.5683958 
266500 	 0.5179187 
267000 	 0.5346796 
267500 	 0.4296863 
268000 	 0.4902356 
268500 	 0.4625561 
269000 	 0.5467384 
269500 	 0.4608367 
270000 	 0.4988901 
270500 	 0.4945455 
271000 	 0.5466083 
271500 	 0.4813276 
272000 	 0.5162069 
272500 	 0.5030392 
273000 	 0.5791435 
273500 	 0.4580416 
274000 	 0.5945287 
274500 	 0.5659664 
275000 	 0.5359577 
275500 	 0.5295086 
276000 	 0.5145212 
276500 	 0.4932879 
277000 	 0.5041757 
277500 	 0.5020824 
278000 	 0.5058053 
278500 	 0.4844529 
279000 	 0.4181872 
279500 	 0.5443425 
280000 	 0.5519037 
280500 	 0.4768292 
281000 	 0.4619215 
281500 	 0.5082203 
282000 	 0.5012931 
282500 	 0.5401551 
283000 	 0.494767 
283500 	 0.5336636 
284000 	 0.3877602 
284500 	 0.4885779 
285000 	 0.6167494 
285500 	 0.5759078 
286000 	 0.5915914 
286500 	 0.5542014 
287000 	 0.500623 
287500 	 0.5189188 
288000 	 0.4645711 
288500 	 0.4809003 
289000 	 0.5425124 
289500 	 0.4810033 
290000 	 0.5377376 
290500 	 0.4914179 
291000 	 0.4767509 
291500 	 0.3944526 
292000 	 0.5268119 
292500 	 0.465665 
293000 	 0.5085737 
293500 	 0.5580456 
294000 	 0.4357989 
294500 	 0.5176391 
295000 	 0.5848586 
295500 	 0.6139826 
296000 	 0.5529256 
296500 	 0.4805854 
297000 	 0.5064647 
297500 	 0.4976135 
298000 	 0.5771085 
298500 	 0.5251774 
299000 	 0.4563653 
299500 	 0.5443159 
300000 	 0.4669776 
300500 	 0.473552 
301000 	 0.5280052 
301500 	 0.4788435 
302000 	 0.5189409 
302500 	 0.5070019 
303000 	 0.5182917 
303500 	 0.575857 
304000 	 0.4607378 
304500 	 0.5052896 
305000 	 0.5309846 
305500 	 0.5854929 
306000 	 0.5559697 
306500 	 0.5502199 
307000 	 0.4659578 
307500 	 0.4869804 
308000 	 0.4504356 
308500 	 0.5860866 
309000 	 0.5954968 
309500 	 0.5278098 
310000 	 0.5038375 
310500 	 0.5352452 
311000 	 0.4686367 
311500 	 0.4671397 
312000 	 0.4421604 
312500 	 0.5226094 
313000 	 0.4873124 
313500 	 0.5725403 
314000 	 0.5210253 
314500 	 0.535971 
315000 	 0.5688877 
315500 	 0.5402695 
316000 	 0.4480886 
316500 	 0.5459105 
317000 	 0.5293238 
317500 	 0.499815 
318000 	 0.5386471 
318500 	 0.5378709 
319000 	 0.4748772 
319500 	 0.5639515 
320000 	 0.4396132 
320500 	 0.4976953 
321000 	 0.5326517 
321500 	 0.5729547 
322000 	 0.4748486 
322500 	 0.5031651 
323000 	 0.5224482 
323500 	 0.4837091 
324000 	 0.5366739 
324500 	 0.4850762 
325000 	 0.4973793 
325500 	 0.519854 
326000 	 0.443919 
326500 	 0.5241538 
327000 	 0.494661 
327500 	 0.5320361 
328000 	 0.5416726 
328500 	 0.475902 
329000 	 0.5071748 
329500 	 0.5249341 
330000 	 0.4700799 
330500 	 0.57759 
331000 	 0.4808948 
331500 	 0.4227218 
332000 	 0.4443141 
332500 	 0.5062219 
333000 	 0.4238091 
333500 	 0.5042842 
334000 	 0.5905257 
334500 	 0.5568954 
335000 	 0.4589889 
335500 	 0.5382993 
336000 	 0.4608569 
336500 	 0.4804698 
337000 	 0.4748901 
337500 	 0.5313486 
338000 	 0.5575327 
338500 	 0.5058669 
339000 	 0.4664844 
339500 	 0.5301464 
340000 	 0.552958 
340500 	 0.4976978 
341000 	 0.4952658 
341500 	 0.5184551 
342000 	 0.5526066 
342500 	 0.4781387 
343000 	 0.4226432 
343500 	 0.521661 
344000 	 0.4544271 
344500 	 0.4705935 
345000 	 0.4655324 
345500 	 0.5211264 
346000 	 0.519926 
346500 	 0.4234174 
347000 	 0.4583816 
347500 	 0.5362809 
348000 	 0.5055144 
348500 	 0.4830006 
349000 	 0.4746763 
349500 	 0.5470841 
350000 	 0.472015 
350500 	 0.4946381 
351000 	 0.6096814 
351500 	 0.525183 
352000 	 0.4962162 
352500 	 0.6063836 
353000 	 0.5142745 
353500 	 0.4876395 
354000 	 0.5613359 
354500 	 0.5600796 
355000 	 0.5642891 
355500 	 0.4882257 
356000 	 0.4479632 
356500 	 0.5184598 
357000 	 0.5626141 
357500 	 0.5144989 
358000 	 0.5774231 
358500 	 0.4627794 
359000 	 0.4959947 
359500 	 0.5346414 
360000 	 0.4775003 
360500 	 0.490262 
361000 	 0.4502576 
361500 	 0.4910929 
362000 	 0.4512745 
362500 	 0.5014395 
363000 	 0.5422579 
363500 	 0.5034948 
364000 	 0.5231404 
364500 	 0.436601 
365000 	 0.485511 
365500 	 0.4496041 
366000 	 0.5134996 
366500 	 0.5422138 
367000 	 0.513285 
367500 	 0.5152876 
368000 	 0.4531776 
368500 	 0.5096514 
369000 	 0.4860959 
369500 	 0.4596195 
370000 	 0.444459 
370500 	 0.4603576 
371000 	 0.4157223 
371500 	 0.4444017 
372000 	 0.5015963 
372500 	 0.4398566 
373000 	 0.5475419 
373500 	 0.5156437 
374000 	 0.503794 
374500 	 0.4869478 
375000 	 0.4943234 
375500 	 0.5123098 
376000 	 0.4880074 
376500 	 0.5003089 
377000 	 0.5239192 
377500 	 0.4943669 
378000 	 0.4704911 
378500 	 0.5165122 
379000 	 0.4974568 
379500 	 0.5098971 
380000 	 0.5349748 
380500 	 0.5203018 
381000 	 0.4966121 
381500 	 0.5350685 
382000 	 0.502963 
382500 	 0.4484095 
383000 	 0.4921698 
383500 	 0.5585237 
384000 	 0.4716346 
384500 	 0.5056596 
385000 	 0.5078524 
385500 	 0.529908 
386000 	 0.545792 
386500 	 0.5113573 
387000 	 0.5556901 
387500 	 0.4788705 
388000 	 0.4693253 
388500 	 0.3984161 
389000 	 0.5629121 
389500 	 0.5295597 
390000 	 0.439142 
390500 	 0.6354889 
391000 	 0.4211215 
391500 	 0.5100697 
392000 	 0.5060417 
392500 	 0.4737372 
393000 	 0.537908 
393500 	 0.4973077 
394000 	 0.5336382 
394500 	 0.5814954 
395000 	 0.5425099 
395500 	 0.3981867 
396000 	 0.472576 
396500 	 0.4871584 
397000 	 0.4885087 
397500 	 0.3869542 
398000 	 0.5005216 
398500 	 0.4867538 
399000 	 0.5270086 
399500 	 0.4944222 
400000 	 0.4947198 
400500 	 0.5405173 
401000 	 0.4624904 
401500 	 0.577127 
402000 	 0.5306881 
402500 	 0.5577412 
403000 	 0.5144292 
403500 	 0.5605233 
404000 	 0.4400379 
404500 	 0.5164015 
405000 	 0.4944599 
405500 	 0.4947835 
406000 	 0.5642112 
406500 	 0.4940132 
407000 	 0.46222 
407500 	 0.5161156 
408000 	 0.5605465 
408500 	 0.5132739 
409000 	 0.5098418 
409500 	 0.3964798 
410000 	 0.5693993 
410500 	 0.5062882 
411000 	 0.4747799 
411500 	 0.5118298 
412000 	 0.5547359 
412500 	 0.5493789 
413000 	 0.5628745 
413500 	 0.4942025 
414000 	 0.5571859 
414500 	 0.5140393 
415000 	 0.4324733 
415500 	 0.4904473 
416000 	 0.5335757 
416500 	 0.5626069 
417000 	 0.4979216 
417500 	 0.5177927 
418000 	 0.4718135 
418500 	 0.5881136 
419000 	 0.4645514 
419500 	 0.4606027 
420000 	 0.5222221 
420500 	 0.4992981 
421000 	 0.5531181 
421500 	 0.563857 
422000 	 0.4516412 
422500 	 0.4992935 
423000 	 0.496653 
423500 	 0.564012 
424000 	 0.5647488 
424500 	 0.5080302 
425000 	 0.586312 
425500 	 0.4590363 
426000 	 0.5404048 
426500 	 0.5420171 
427000 	 0.5429796 
427500 	 0.5107134 
428000 	 0.5398509 
428500 	 0.6149413 
429000 	 0.5508283 
429500 	 0.5095777 
430000 	 0.5177396 
430500 	 0.5465518 
431000 	 0.4896266 
431500 	 0.5176532 
432000 	 0.4989656 
432500 	 0.5476927 
433000 	 0.5220554 
433500 	 0.4969649 
434000 	 0.5293872 
434500 	 0.4736153 
435000 	 0.566229 
435500 	 0.4573482 
436000 	 0.5682167 
436500 	 0.5739186 
437000 	 0.4412016 
437500 	 0.5527883 
438000 	 0.4759914 
438500 	 0.4630734 
439000 	 0.5134249 
439500 	 0.4691686 
440000 	 0.4926957 
440500 	 0.4631485 
441000 	 0.5374251 
441500 	 0.5229533 
442000 	 0.5444016 
442500 	 0.5600036 
443000 	 0.4900084 
443500 	 0.5031266 
444000 	 0.5256559 
444500 	 0.4880474 
445000 	 0.4962507 
445500 	 0.5028563 
446000 	 0.6057568 
446500 	 0.5558949 
447000 	 0.5070786 
447500 	 0.5266225 
448000 	 0.5226701 
448500 	 0.4738313 
449000 	 0.4514523 
449500 	 0.5409003 
450000 	 0.464903 
450500 	 0.5549685 
451000 	 0.5383901 
451500 	 0.506269 
452000 	 0.4387797 
452500 	 0.4943914 
453000 	 0.5746235 
453500 	 0.5630715 
454000 	 0.5543609 
454500 	 0.5201439 
455000 	 0.4377761 
455500 	 0.4726708 
456000 	 0.5274871 
456500 	 0.4826289 
457000 	 0.4592556 
457500 	 0.5110004 
458000 	 0.4809322 
458500 	 0.6174292 
459000 	 0.5225443 
459500 	 0.5495758 
460000 	 0.4903277 
460500 	 0.5433998 
461000 	 0.4664286 
461500 	 0.5333218 
462000 	 0.4344036 
462500 	 0.5696267 
463000 	 0.6148689 
463500 	 0.4389254 
464000 	 0.5851722 
464500 	 0.5311908 
465000 	 0.5477975 
465500 	 0.4913432 
466000 	 0.3722019 
466500 	 0.4867674 
467000 	 0.4788252 
467500 	 0.5504869 
468000 	 0.5244643 
468500 	 0.5014332 
469000 	 0.4748141 
469500 	 0.4922996 
470000 	 0.5447937 
470500 	 0.486937 
471000 	 0.4935554 
471500 	 0.4370683 
472000 	 0.5401534 
472500 	 0.526631 
473000 	 0.4693712 
473500 	 0.4780943 
474000 	 0.4740384 
474500 	 0.4385344 
475000 	 0.5069244 
475500 	 0.5434951 
476000 	 0.492654 
476500 	 0.5464489 
477000 	 0.5449475 
477500 	 0.5236944 
478000 	 0.5081914 
478500 	 0.5269344 
479000 	 0.5017714 
479500 	 0.5132734 
480000 	 0.492279 
480500 	 0.4665898 
481000 	 0.5371147 
481500 	 0.5222008 
482000 	 0.5139731 
482500 	 0.4828623 
483000 	 0.4798327 
483500 	 0.4712871 
484000 	 0.4580508 
484500 	 0.4213878 
485000 	 0.5481576 
485500 	 0.4798574 
486000 	 0.551176 
486500 	 0.5507438 
487000 	 0.43173 
487500 	 0.5018507 
488000 	 0.5303235 
488500 	 0.4823517 
489000 	 0.4780024 
489500 	 0.5300169 
490000 	 0.5229011 
490500 	 0.4425256 
491000 	 0.475049 
491500 	 0.4906503 
492000 	 0.5376554 
492500 	 0.4329776 
493000 	 0.5128668 
493500 	 0.5202511 
494000 	 0.4941577 
494500 	 0.502644 
495000 	 0.5425376 
495500 	 0.5655892 
496000 	 0.4843859 
496500 	 0.4149895 
497000 	 0.5405664 
497500 	 0.569664 
498000 	 0.5510375 
498500 	 0.5319163 
499000 	 0.5385276 
499500 	 0.5543042 
500000 	 0.5171296 
