iter 	 p
500 	 0.5754956 
1000 	 0.6348595 
1500 	 0.5030406 
2000 	 0.6749225 
2500 	 0.5456386 
3000 	 0.5662427 
3500 	 0.6103928 
4000 	 0.5539931 
4500 	 0.5796772 
5000 	 0.4707572 
5500 	 0.6076475 
6000 	 0.5667936 
6500 	 0.559305 
7000 	 0.5761048 
7500 	 0.5254283 
8000 	 0.6106603 
8500 	 0.5777956 
9000 	 0.5446074 
9500 	 0.5675956 
10000 	 0.5523915 
10500 	 0.5307591 
11000 	 0.4635117 
11500 	 0.5774609 
12000 	 0.5794627 
12500 	 0.5197112 
13000 	 0.5595161 
13500 	 0.5340186 
14000 	 0.598696 
14500 	 0.5382359 
15000 	 0.5053057 
15500 	 0.4944458 
16000 	 0.5003685 
16500 	 0.5331401 
17000 	 0.4899942 
17500 	 0.4931174 
18000 	 0.4931954 
18500 	 0.6005395 
19000 	 0.52602 
19500 	 0.5182883 
20000 	 0.5579988 
20500 	 0.5074823 
21000 	 0.5952795 
21500 	 0.5551853 
22000 	 0.5345175 
22500 	 0.5138787 
23000 	 0.5057696 
23500 	 0.5348169 
24000 	 0.5351268 
24500 	 0.5720721 
25000 	 0.5292771 
25500 	 0.5663211 
26000 	 0.5068831 
26500 	 0.5772059 
27000 	 0.5468953 
27500 	 0.5740821 
28000 	 0.5664504 
28500 	 0.5616427 
29000 	 0.5048721 
29500 	 0.5573658 
30000 	 0.5031446 
30500 	 0.5437773 
31000 	 0.5660013 
31500 	 0.5449816 
32000 	 0.5475759 
32500 	 0.5370386 
33000 	 0.6015093 
33500 	 0.5839142 
34000 	 0.4621566 
34500 	 0.6081563 
35000 	 0.5113028 
35500 	 0.5645941 
36000 	 0.5708906 
36500 	 0.5897329 
37000 	 0.5316496 
37500 	 0.6107291 
38000 	 0.5442252 
38500 	 0.5673447 
39000 	 0.5800421 
39500 	 0.5032227 
40000 	 0.5273753 
40500 	 0.5422283 
41000 	 0.5822935 
41500 	 0.5288913 
42000 	 0.5575291 
42500 	 0.5350578 
43000 	 0.5105417 
43500 	 0.6118465 
44000 	 0.5445202 
44500 	 0.5547463 
45000 	 0.604618 
45500 	 0.528801 
46000 	 0.5664454 
46500 	 0.6370409 
47000 	 0.548817 
47500 	 0.6334058 
48000 	 0.5544754 
48500 	 0.552533 
49000 	 0.5471615 
49500 	 0.5394335 
50000 	 0.6273676 
50500 	 0.4935427 
51000 	 0.5189007 
51500 	 0.4796474 
52000 	 0.4724922 
52500 	 0.5583365 
53000 	 0.5737546 
53500 	 0.5004125 
54000 	 0.4848059 
54500 	 0.4981723 
55000 	 0.6975609 
55500 	 0.5889409 
56000 	 0.5634764 
56500 	 0.5969427 
57000 	 0.6152873 
57500 	 0.5450492 
58000 	 0.5588386 
58500 	 0.5296545 
59000 	 0.5235062 
59500 	 0.4940719 
60000 	 0.5884124 
60500 	 0.5836773 
61000 	 0.5259503 
61500 	 0.523224 
62000 	 0.5045206 
62500 	 0.5850385 
63000 	 0.5968162 
63500 	 0.5279411 
64000 	 0.5498872 
64500 	 0.5956639 
65000 	 0.4838062 
65500 	 0.5199798 
66000 	 0.4632725 
66500 	 0.5675598 
67000 	 0.4984865 
67500 	 0.5293453 
68000 	 0.6219144 
68500 	 0.5637553 
69000 	 0.5821702 
69500 	 0.5687459 
70000 	 0.6079787 
70500 	 0.5687691 
71000 	 0.5360089 
71500 	 0.4560883 
72000 	 0.5931528 
72500 	 0.5020969 
73000 	 0.4890206 
73500 	 0.4241506 
74000 	 0.5895209 
74500 	 0.5540078 
75000 	 0.5474098 
75500 	 0.5222296 
76000 	 0.5426098 
76500 	 0.537676 
77000 	 0.5181883 
77500 	 0.6117915 
78000 	 0.496463 
78500 	 0.6394313 
79000 	 0.5809876 
79500 	 0.6466036 
80000 	 0.492683 
80500 	 0.4885224 
81000 	 0.5622945 
81500 	 0.504173 
82000 	 0.5315182 
82500 	 0.5953941 
83000 	 0.5403293 
83500 	 0.5570352 
84000 	 0.5712451 
84500 	 0.5333959 
85000 	 0.5987924 
85500 	 0.5905403 
86000 	 0.4876936 
86500 	 0.593158 
87000 	 0.4425428 
87500 	 0.5471892 
88000 	 0.5971871 
88500 	 0.5551602 
89000 	 0.5729023 
89500 	 0.5300792 
90000 	 0.5935439 
90500 	 0.5127973 
91000 	 0.5417371 
91500 	 0.5010436 
92000 	 0.562921 
92500 	 0.5396476 
93000 	 0.616736 
93500 	 0.6092065 
94000 	 0.5466862 
94500 	 0.5738023 
95000 	 0.5600865 
95500 	 0.6101568 
96000 	 0.5643932 
96500 	 0.5887643 
97000 	 0.513097 
97500 	 0.5026194 
98000 	 0.4545028 
98500 	 0.5273106 
99000 	 0.5303509 
99500 	 0.5152802 
100000 	 0.5976744 
100500 	 0.6314677 
101000 	 0.540389 
101500 	 0.5856837 
102000 	 0.6256398 
102500 	 0.6194276 
103000 	 0.5381503 
103500 	 0.5865331 
104000 	 0.5200647 
104500 	 0.5308016 
105000 	 0.6102937 
105500 	 0.6206806 
106000 	 0.5981899 
106500 	 0.5688569 
107000 	 0.4714455 
107500 	 0.55773 
108000 	 0.4345246 
108500 	 0.5375501 
109000 	 0.5740238 
109500 	 0.5625318 
110000 	 0.4905445 
110500 	 0.5884426 
111000 	 0.5848252 
111500 	 0.6241398 
112000 	 0.5823429 
112500 	 0.5534261 
113000 	 0.5404558 
113500 	 0.5709555 
114000 	 0.5418844 
114500 	 0.538773 
115000 	 0.5337475 
115500 	 0.5451942 
116000 	 0.6056703 
116500 	 0.5414611 
117000 	 0.460188 
117500 	 0.5538783 
118000 	 0.5405668 
118500 	 0.6010747 
119000 	 0.5165971 
119500 	 0.5778173 
120000 	 0.5447548 
120500 	 0.4615537 
121000 	 0.5501164 
121500 	 0.5297345 
122000 	 0.5506985 
122500 	 0.5159959 
123000 	 0.567251 
123500 	 0.5703984 
124000 	 0.5441532 
124500 	 0.5879845 
125000 	 0.5909393 
125500 	 0.6151147 
126000 	 0.5988386 
126500 	 0.6186419 
127000 	 0.5906233 
127500 	 0.5809078 
128000 	 0.5472752 
128500 	 0.5902136 
129000 	 0.6304114 
129500 	 0.5798524 
130000 	 0.5377642 
130500 	 0.6799482 
131000 	 0.5446057 
131500 	 0.520681 
132000 	 0.4863724 
132500 	 0.5466179 
133000 	 0.5803815 
133500 	 0.5639831 
134000 	 0.58557 
134500 	 0.6480763 
135000 	 0.5111669 
135500 	 0.5835368 
136000 	 0.4618619 
136500 	 0.5814964 
137000 	 0.5366919 
137500 	 0.5593769 
138000 	 0.5499445 
138500 	 0.5311772 
139000 	 0.521738 
139500 	 0.6067365 
140000 	 0.5737612 
140500 	 0.4981127 
141000 	 0.5419238 
141500 	 0.5701397 
142000 	 0.5554054 
142500 	 0.6125631 
143000 	 0.4695471 
143500 	 0.5600954 
144000 	 0.544023 
144500 	 0.5485989 
145000 	 0.5391921 
145500 	 0.5267085 
146000 	 0.6100574 
146500 	 0.5418824 
147000 	 0.5752884 
147500 	 0.6247658 
148000 	 0.5836893 
148500 	 0.5560986 
149000 	 0.52296 
149500 	 0.5810993 
150000 	 0.5387375 
150500 	 0.5239339 
151000 	 0.5608085 
151500 	 0.5105002 
152000 	 0.6020146 
152500 	 0.5997788 
153000 	 0.6168856 
153500 	 0.6097072 
154000 	 0.5236952 
154500 	 0.5899677 
155000 	 0.5233383 
155500 	 0.5071308 
156000 	 0.573806 
156500 	 0.5721676 
157000 	 0.6347016 
157500 	 0.519683 
158000 	 0.5254599 
158500 	 0.5032941 
159000 	 0.5661993 
159500 	 0.5812809 
160000 	 0.4944591 
160500 	 0.5335828 
161000 	 0.5251431 
161500 	 0.5737091 
162000 	 0.6041775 
162500 	 0.4693115 
163000 	 0.5405595 
163500 	 0.5295075 
164000 	 0.565774 
164500 	 0.5327012 
165000 	 0.6423033 
165500 	 0.5396839 
166000 	 0.6046632 
166500 	 0.5732494 
167000 	 0.549033 
167500 	 0.5822641 
168000 	 0.4596242 
168500 	 0.5511842 
169000 	 0.5346515 
169500 	 0.578949 
170000 	 0.5372784 
170500 	 0.5840122 
171000 	 0.4761901 
171500 	 0.5081651 
172000 	 0.6391943 
172500 	 0.5461561 
173000 	 0.5750726 
173500 	 0.4690436 
174000 	 0.5834961 
174500 	 0.5255147 
175000 	 0.5560739 
175500 	 0.4940922 
176000 	 0.5901628 
176500 	 0.5181422 
177000 	 0.5254455 
177500 	 0.6080476 
178000 	 0.5200937 
178500 	 0.5698657 
179000 	 0.5828284 
179500 	 0.587262 
180000 	 0.5135457 
180500 	 0.5629156 
181000 	 0.5613096 
181500 	 0.5943905 
182000 	 0.5277086 
182500 	 0.5441309 
183000 	 0.6010152 
183500 	 0.5204398 
184000 	 0.5268162 
184500 	 0.4692633 
185000 	 0.529596 
185500 	 0.5531383 
186000 	 0.5313896 
186500 	 0.589435 
187000 	 0.5102361 
187500 	 0.5507973 
188000 	 0.665726 
188500 	 0.5971819 
189000 	 0.4509351 
189500 	 0.5461852 
190000 	 0.5813464 
190500 	 0.5767074 
191000 	 0.5322702 
191500 	 0.5070064 
192000 	 0.5486966 
192500 	 0.5812591 
193000 	 0.5411468 
193500 	 0.4647263 
194000 	 0.5461968 
194500 	 0.4697112 
195000 	 0.5537058 
195500 	 0.556151 
196000 	 0.5485695 
196500 	 0.4966862 
197000 	 0.543058 
197500 	 0.6338724 
198000 	 0.5463076 
198500 	 0.5604706 
199000 	 0.5045868 
199500 	 0.5900685 
200000 	 0.5188023 
200500 	 0.5547047 
201000 	 0.5103038 
201500 	 0.5605677 
202000 	 0.5486895 
202500 	 0.5541576 
203000 	 0.5423502 
203500 	 0.476046 
204000 	 0.5425093 
204500 	 0.6719861 
205000 	 0.540285 
205500 	 0.5425761 
206000 	 0.5074696 
206500 	 0.5182943 
207000 	 0.5283051 
207500 	 0.5441002 
208000 	 0.6058222 
208500 	 0.566152 
209000 	 0.545766 
209500 	 0.5992779 
210000 	 0.4949587 
210500 	 0.5757287 
211000 	 0.570069 
211500 	 0.5805478 
212000 	 0.5721007 
212500 	 0.5481601 
213000 	 0.4853057 
213500 	 0.5248471 
214000 	 0.4894081 
214500 	 0.5265068 
215000 	 0.6816223 
215500 	 0.5018515 
216000 	 0.4781196 
216500 	 0.5846495 
217000 	 0.550386 
217500 	 0.5407503 
218000 	 0.5880261 
218500 	 0.5753823 
219000 	 0.5386633 
219500 	 0.5717853 
220000 	 0.4577872 
220500 	 0.5141044 
221000 	 0.6286728 
221500 	 0.5763199 
222000 	 0.5209464 
222500 	 0.5629911 
223000 	 0.6153001 
223500 	 0.5930775 
224000 	 0.4778159 
224500 	 0.5876083 
225000 	 0.5968446 
225500 	 0.4926566 
226000 	 0.5312056 
226500 	 0.601503 
227000 	 0.5436545 
227500 	 0.5001541 
228000 	 0.5856744 
228500 	 0.5255944 
229000 	 0.595721 
229500 	 0.6067484 
230000 	 0.5971572 
230500 	 0.4991025 
231000 	 0.5074629 
231500 	 0.5711635 
232000 	 0.5923754 
232500 	 0.5771023 
233000 	 0.5623687 
233500 	 0.6233116 
234000 	 0.5727777 
234500 	 0.4687563 
235000 	 0.5345155 
235500 	 0.5090203 
236000 	 0.5245553 
236500 	 0.5541896 
237000 	 0.5417966 
237500 	 0.6220124 
238000 	 0.539497 
238500 	 0.5440045 
239000 	 0.5874158 
239500 	 0.517031 
240000 	 0.5811456 
240500 	 0.5881333 
241000 	 0.5658273 
241500 	 0.565156 
242000 	 0.5366943 
242500 	 0.5094761 
243000 	 0.5438552 
243500 	 0.5901199 
244000 	 0.6125087 
244500 	 0.6376927 
245000 	 0.546027 
245500 	 0.559796 
246000 	 0.5628708 
246500 	 0.5379745 
247000 	 0.5862276 
247500 	 0.5418203 
248000 	 0.5695915 
248500 	 0.4616699 
249000 	 0.5225149 
249500 	 0.522204 
250000 	 0.5868179 
250500 	 0.5187704 
251000 	 0.5379618 
251500 	 0.5509224 
252000 	 0.5665111 
252500 	 0.597149 
253000 	 0.6009324 
253500 	 0.5235505 
254000 	 0.5306998 
254500 	 0.5379353 
255000 	 0.5157462 
255500 	 0.5293352 
256000 	 0.4931447 
256500 	 0.5696634 
257000 	 0.5506317 
257500 	 0.5488154 
258000 	 0.6137427 
258500 	 0.6287848 
259000 	 0.4915848 
259500 	 0.5651281 
260000 	 0.6166633 
260500 	 0.5871053 
261000 	 0.4727019 
261500 	 0.5824146 
262000 	 0.5392272 
262500 	 0.57057 
263000 	 0.5879524 
263500 	 0.5202745 
264000 	 0.4794967 
264500 	 0.5143753 
265000 	 0.5174959 
265500 	 0.5179443 
266000 	 0.5915831 
266500 	 0.5589346 
267000 	 0.5287206 
267500 	 0.5757057 
268000 	 0.5767268 
268500 	 0.4776075 
269000 	 0.6315203 
269500 	 0.4687808 
270000 	 0.5592641 
270500 	 0.5843183 
271000 	 0.6001484 
271500 	 0.5504072 
272000 	 0.5576874 
272500 	 0.5056832 
273000 	 0.5278883 
273500 	 0.5230959 
274000 	 0.6080222 
274500 	 0.5500726 
275000 	 0.5582072 
275500 	 0.6063498 
276000 	 0.4689375 
276500 	 0.5333668 
277000 	 0.6202103 
277500 	 0.5530152 
278000 	 0.4948297 
278500 	 0.5518807 
279000 	 0.5748702 
279500 	 0.5710647 
280000 	 0.6169204 
280500 	 0.6165217 
281000 	 0.5323925 
281500 	 0.6075948 
282000 	 0.4913229 
282500 	 0.5580907 
283000 	 0.5769044 
283500 	 0.4914901 
284000 	 0.590888 
284500 	 0.5066724 
285000 	 0.4776866 
285500 	 0.630788 
286000 	 0.5519385 
286500 	 0.4942332 
287000 	 0.5215562 
287500 	 0.5652275 
288000 	 0.5341122 
288500 	 0.4484158 
289000 	 0.5567512 
289500 	 0.4946166 
290000 	 0.6823896 
290500 	 0.5399567 
291000 	 0.5880182 
291500 	 0.5967902 
292000 	 0.6041211 
292500 	 0.4774204 
293000 	 0.4986381 
293500 	 0.4885647 
294000 	 0.4771895 
294500 	 0.5063752 
295000 	 0.5651697 
295500 	 0.5556426 
296000 	 0.5768762 
296500 	 0.533416 
297000 	 0.5898495 
297500 	 0.5613786 
298000 	 0.5887123 
298500 	 0.5736039 
299000 	 0.5210373 
299500 	 0.4957206 
300000 	 0.5016978 
300500 	 0.5383086 
301000 	 0.5156901 
301500 	 0.5641647 
302000 	 0.521223 
302500 	 0.6009924 
303000 	 0.6190361 
303500 	 0.5700472 
304000 	 0.5762195 
304500 	 0.6007277 
305000 	 0.5019735 
305500 	 0.570468 
306000 	 0.5781965 
306500 	 0.6242172 
307000 	 0.4813927 
307500 	 0.5852086 
308000 	 0.6351916 
308500 	 0.5500288 
309000 	 0.523158 
309500 	 0.4974354 
310000 	 0.5406328 
310500 	 0.5314812 
311000 	 0.631393 
311500 	 0.5149095 
312000 	 0.5078312 
312500 	 0.5219885 
313000 	 0.522317 
313500 	 0.5146768 
314000 	 0.5344135 
314500 	 0.5331233 
315000 	 0.4811488 
315500 	 0.4958847 
316000 	 0.5855362 
316500 	 0.5932476 
317000 	 0.5155978 
317500 	 0.5011744 
318000 	 0.5328217 
318500 	 0.615639 
319000 	 0.5442035 
319500 	 0.5258209 
320000 	 0.4627444 
320500 	 0.5362454 
321000 	 0.6354207 
321500 	 0.5102117 
322000 	 0.5278749 
322500 	 0.538881 
323000 	 0.5258779 
323500 	 0.487704 
324000 	 0.5304427 
324500 	 0.5138438 
325000 	 0.6154178 
325500 	 0.585808 
326000 	 0.539148 
326500 	 0.5332832 
327000 	 0.5293983 
327500 	 0.5337622 
328000 	 0.5045337 
328500 	 0.575619 
329000 	 0.5794749 
329500 	 0.5433387 
330000 	 0.5263211 
330500 	 0.5063631 
331000 	 0.5331143 
331500 	 0.5853648 
332000 	 0.52279 
332500 	 0.5292333 
333000 	 0.576665 
333500 	 0.542546 
334000 	 0.5495922 
334500 	 0.5184652 
335000 	 0.5968553 
335500 	 0.5752336 
336000 	 0.5938725 
336500 	 0.5562217 
337000 	 0.527808 
337500 	 0.5374367 
338000 	 0.5373082 
338500 	 0.5201373 
339000 	 0.4981263 
339500 	 0.5078297 
340000 	 0.5682809 
340500 	 0.5927501 
341000 	 0.4731515 
341500 	 0.5072753 
342000 	 0.6356858 
342500 	 0.5704576 
343000 	 0.5641456 
343500 	 0.5776829 
344000 	 0.5430771 
344500 	 0.4946906 
345000 	 0.5551608 
345500 	 0.5546217 
346000 	 0.5210313 
346500 	 0.6231766 
347000 	 0.6282355 
347500 	 0.5446719 
348000 	 0.5484465 
348500 	 0.5500763 
349000 	 0.6508768 
349500 	 0.588498 
350000 	 0.6147989 
350500 	 0.4773517 
351000 	 0.65277 
351500 	 0.5601836 
352000 	 0.5395932 
352500 	 0.561393 
353000 	 0.6193339 
353500 	 0.5556792 
354000 	 0.5714813 
354500 	 0.4898734 
355000 	 0.6045444 
355500 	 0.4550405 
356000 	 0.6405184 
356500 	 0.5984448 
357000 	 0.4656272 
357500 	 0.5959386 
358000 	 0.4419581 
358500 	 0.4957513 
359000 	 0.5500874 
359500 	 0.5743312 
360000 	 0.595945 
360500 	 0.5440117 
361000 	 0.5253979 
361500 	 0.4918338 
362000 	 0.5737563 
362500 	 0.5597066 
363000 	 0.5071456 
363500 	 0.5055376 
364000 	 0.5054075 
364500 	 0.5018152 
365000 	 0.55913 
365500 	 0.5663338 
366000 	 0.6129734 
366500 	 0.6056253 
367000 	 0.5351341 
367500 	 0.4680438 
368000 	 0.5587059 
368500 	 0.5636105 
369000 	 0.4898738 
369500 	 0.5489646 
370000 	 0.5552546 
370500 	 0.5534991 
371000 	 0.5324622 
371500 	 0.4855909 
372000 	 0.4614279 
372500 	 0.595455 
373000 	 0.6361054 
373500 	 0.4783844 
374000 	 0.5087681 
374500 	 0.5767414 
375000 	 0.5821548 
375500 	 0.4792846 
376000 	 0.5942242 
376500 	 0.599816 
377000 	 0.6061511 
377500 	 0.6153093 
378000 	 0.5477522 
378500 	 0.4814331 
379000 	 0.5986467 
379500 	 0.5053602 
380000 	 0.5567375 
380500 	 0.5809723 
381000 	 0.5662016 
381500 	 0.6220332 
382000 	 0.5930634 
382500 	 0.5858502 
383000 	 0.5363541 
383500 	 0.6253782 
384000 	 0.5684425 
384500 	 0.5946417 
385000 	 0.5347808 
385500 	 0.5132808 
386000 	 0.5960004 
386500 	 0.5531388 
387000 	 0.5688489 
387500 	 0.5792272 
388000 	 0.5262064 
388500 	 0.5927524 
389000 	 0.557812 
389500 	 0.5355514 
390000 	 0.5657474 
390500 	 0.5231058 
391000 	 0.51263 
391500 	 0.4941775 
392000 	 0.4934709 
392500 	 0.5907288 
393000 	 0.6102086 
393500 	 0.5304161 
394000 	 0.6026473 
394500 	 0.590125 
395000 	 0.5623686 
395500 	 0.5320235 
396000 	 0.5656521 
396500 	 0.5439249 
397000 	 0.5998217 
397500 	 0.4893989 
398000 	 0.5795148 
398500 	 0.5532468 
399000 	 0.5430685 
399500 	 0.5737378 
400000 	 0.5557475 
400500 	 0.5458081 
401000 	 0.5394833 
401500 	 0.5039029 
402000 	 0.605207 
402500 	 0.577314 
403000 	 0.5743504 
403500 	 0.5829035 
404000 	 0.5166201 
404500 	 0.5264474 
405000 	 0.570604 
405500 	 0.4753406 
406000 	 0.5012371 
406500 	 0.5968165 
407000 	 0.5344708 
407500 	 0.5898224 
408000 	 0.5323361 
408500 	 0.4696489 
409000 	 0.5354181 
409500 	 0.6156487 
410000 	 0.5054815 
410500 	 0.5294142 
411000 	 0.5668602 
411500 	 0.5806663 
412000 	 0.5908833 
412500 	 0.5597978 
413000 	 0.6054747 
413500 	 0.5398614 
414000 	 0.6075968 
414500 	 0.5505335 
415000 	 0.5604254 
415500 	 0.5948418 
416000 	 0.5505869 
416500 	 0.5467695 
417000 	 0.535074 
417500 	 0.6075336 
418000 	 0.5963209 
418500 	 0.5681068 
419000 	 0.6182955 
419500 	 0.5373432 
420000 	 0.5750441 
420500 	 0.581118 
421000 	 0.6020363 
421500 	 0.5616269 
422000 	 0.6034391 
422500 	 0.6545604 
423000 	 0.5624205 
423500 	 0.5799675 
424000 	 0.5544227 
424500 	 0.5581385 
425000 	 0.5048298 
425500 	 0.6300682 
426000 	 0.5826733 
426500 	 0.5164751 
427000 	 0.5177266 
427500 	 0.5202324 
428000 	 0.5758276 
428500 	 0.5196459 
429000 	 0.500813 
429500 	 0.5831536 
430000 	 0.5656067 
430500 	 0.5581461 
431000 	 0.5676958 
431500 	 0.5863475 
432000 	 0.5795092 
432500 	 0.5405115 
433000 	 0.5884263 
433500 	 0.4978806 
434000 	 0.6160375 
434500 	 0.5852143 
435000 	 0.5525228 
435500 	 0.5811261 
436000 	 0.6219986 
436500 	 0.5998927 
437000 	 0.5502763 
437500 	 0.5123062 
438000 	 0.4891588 
438500 	 0.5896111 
439000 	 0.5316976 
439500 	 0.5790978 
440000 	 0.558797 
440500 	 0.552191 
441000 	 0.5163133 
441500 	 0.5541737 
442000 	 0.5761184 
442500 	 0.5237196 
443000 	 0.6400357 
443500 	 0.5516029 
444000 	 0.6400733 
444500 	 0.5623045 
445000 	 0.5893784 
445500 	 0.5116749 
446000 	 0.5411661 
446500 	 0.5590359 
447000 	 0.5869455 
447500 	 0.5771056 
448000 	 0.5438295 
448500 	 0.5619713 
449000 	 0.5474167 
449500 	 0.5176682 
450000 	 0.6063394 
450500 	 0.479111 
451000 	 0.5241885 
451500 	 0.547528 
452000 	 0.6235399 
452500 	 0.5530444 
453000 	 0.5624365 
453500 	 0.5540016 
454000 	 0.5794928 
454500 	 0.5432973 
455000 	 0.5530344 
455500 	 0.4829466 
456000 	 0.5927906 
456500 	 0.5385222 
457000 	 0.5478599 
457500 	 0.5839166 
458000 	 0.4823802 
458500 	 0.538153 
459000 	 0.5569807 
459500 	 0.5635392 
460000 	 0.5967386 
460500 	 0.4863571 
461000 	 0.5806399 
461500 	 0.5700688 
462000 	 0.5216911 
462500 	 0.4076255 
463000 	 0.4512246 
463500 	 0.5480023 
464000 	 0.6113157 
464500 	 0.5647671 
465000 	 0.6147715 
465500 	 0.511518 
466000 	 0.5376727 
466500 	 0.5256051 
467000 	 0.4907565 
467500 	 0.6137061 
468000 	 0.5985227 
468500 	 0.5199624 
469000 	 0.4912929 
469500 	 0.5758389 
470000 	 0.488338 
470500 	 0.5266489 
471000 	 0.5237402 
471500 	 0.5558507 
472000 	 0.535964 
472500 	 0.5591499 
473000 	 0.4987692 
473500 	 0.5449101 
474000 	 0.5775877 
474500 	 0.5480205 
475000 	 0.5874128 
475500 	 0.5107684 
476000 	 0.5519286 
476500 	 0.5495904 
477000 	 0.5147324 
477500 	 0.5961838 
478000 	 0.6096404 
478500 	 0.5825278 
479000 	 0.5243719 
479500 	 0.5499355 
480000 	 0.5118856 
480500 	 0.5549415 
481000 	 0.5545004 
481500 	 0.551892 
482000 	 0.551572 
482500 	 0.5603567 
483000 	 0.5647009 
483500 	 0.5305656 
484000 	 0.533907 
484500 	 0.563358 
485000 	 0.4971132 
485500 	 0.5403729 
486000 	 0.590096 
486500 	 0.5314958 
487000 	 0.5690311 
487500 	 0.5676288 
488000 	 0.5766678 
488500 	 0.4832414 
489000 	 0.4935015 
489500 	 0.5213791 
490000 	 0.5710632 
490500 	 0.564005 
491000 	 0.6018519 
491500 	 0.5314767 
492000 	 0.5071831 
492500 	 0.5114569 
493000 	 0.6079272 
493500 	 0.6031168 
494000 	 0.5883668 
494500 	 0.4951454 
495000 	 0.5154945 
495500 	 0.5799792 
496000 	 0.5648665 
496500 	 0.5774631 
497000 	 0.5251632 
497500 	 0.6144127 
498000 	 0.5544173 
498500 	 0.6217362 
499000 	 0.5683892 
499500 	 0.5719668 
500000 	 0.5346533 
