iter 	 p
500 	 0.6011635 
1000 	 0.5705558 
1500 	 0.5654428 
2000 	 0.602758 
2500 	 0.6246605 
3000 	 0.6719244 
3500 	 0.6016468 
4000 	 0.623849 
4500 	 0.5798025 
5000 	 0.5393809 
5500 	 0.5619744 
6000 	 0.6164554 
6500 	 0.5990743 
7000 	 0.6236609 
7500 	 0.5639878 
8000 	 0.6100962 
8500 	 0.6008607 
9000 	 0.6130612 
9500 	 0.5805788 
10000 	 0.6373573 
10500 	 0.6382434 
11000 	 0.6045958 
11500 	 0.5839449 
12000 	 0.6575919 
12500 	 0.6243643 
13000 	 0.66013 
13500 	 0.5725498 
14000 	 0.5828545 
14500 	 0.588428 
15000 	 0.533844 
15500 	 0.6442325 
16000 	 0.6549343 
16500 	 0.5833714 
17000 	 0.5670262 
17500 	 0.6026058 
18000 	 0.5586991 
18500 	 0.5585989 
19000 	 0.569446 
19500 	 0.5614451 
20000 	 0.6056543 
20500 	 0.6109533 
21000 	 0.6760965 
21500 	 0.5771799 
22000 	 0.6198164 
22500 	 0.6537981 
23000 	 0.5787306 
23500 	 0.6860474 
24000 	 0.517143 
24500 	 0.6097382 
25000 	 0.5514198 
25500 	 0.5796712 
26000 	 0.6000298 
26500 	 0.5202508 
27000 	 0.5796407 
27500 	 0.5889638 
28000 	 0.5902578 
28500 	 0.5868049 
29000 	 0.554832 
29500 	 0.6137336 
30000 	 0.6205762 
30500 	 0.5600195 
31000 	 0.5776102 
31500 	 0.5823886 
32000 	 0.5814447 
32500 	 0.5986458 
33000 	 0.5162015 
33500 	 0.6429976 
34000 	 0.6732878 
34500 	 0.6244968 
35000 	 0.6128577 
35500 	 0.5943003 
36000 	 0.5036904 
36500 	 0.5734764 
37000 	 0.600977 
37500 	 0.6392394 
38000 	 0.6320164 
38500 	 0.6126668 
39000 	 0.549346 
39500 	 0.5577797 
40000 	 0.578483 
40500 	 0.6256424 
41000 	 0.6821623 
41500 	 0.5462715 
42000 	 0.5519569 
42500 	 0.578666 
43000 	 0.5278368 
43500 	 0.6161671 
44000 	 0.5179442 
44500 	 0.4995794 
45000 	 0.682826 
45500 	 0.5674174 
46000 	 0.5525575 
46500 	 0.5419381 
47000 	 0.5891026 
47500 	 0.49724 
48000 	 0.5481944 
48500 	 0.6031561 
49000 	 0.5373554 
49500 	 0.4565416 
50000 	 0.6334226 
50500 	 0.6353855 
51000 	 0.6259927 
51500 	 0.6198133 
52000 	 0.5786466 
52500 	 0.6286557 
53000 	 0.5702089 
53500 	 0.5053398 
54000 	 0.5541125 
54500 	 0.5829019 
55000 	 0.5731744 
55500 	 0.5820864 
56000 	 0.5894898 
56500 	 0.5481266 
57000 	 0.4727872 
57500 	 0.5787297 
58000 	 0.6325211 
58500 	 0.5348291 
59000 	 0.6338823 
59500 	 0.631262 
60000 	 0.5190294 
60500 	 0.586563 
61000 	 0.6633626 
61500 	 0.5572892 
62000 	 0.5916535 
62500 	 0.6059703 
63000 	 0.6082253 
63500 	 0.6899956 
64000 	 0.6211336 
64500 	 0.568698 
65000 	 0.5954275 
65500 	 0.5624716 
66000 	 0.5775534 
66500 	 0.6899996 
67000 	 0.6035724 
67500 	 0.592307 
68000 	 0.5927661 
68500 	 0.6444953 
69000 	 0.5154273 
69500 	 0.5745184 
70000 	 0.61982 
70500 	 0.5365394 
71000 	 0.619463 
71500 	 0.545185 
72000 	 0.5480162 
72500 	 0.5523641 
73000 	 0.5459347 
73500 	 0.5752445 
74000 	 0.6173131 
74500 	 0.6131222 
75000 	 0.6077971 
75500 	 0.6584988 
76000 	 0.5850171 
76500 	 0.5832858 
77000 	 0.5817093 
77500 	 0.5975796 
78000 	 0.559018 
78500 	 0.6613682 
79000 	 0.6296048 
79500 	 0.6053437 
80000 	 0.5579904 
80500 	 0.5981238 
81000 	 0.6758472 
81500 	 0.6279641 
82000 	 0.5924216 
82500 	 0.6155275 
83000 	 0.6664394 
83500 	 0.6549845 
84000 	 0.5871417 
84500 	 0.6370648 
85000 	 0.5668856 
85500 	 0.6000604 
86000 	 0.6219749 
86500 	 0.5555389 
87000 	 0.6427387 
87500 	 0.6060927 
88000 	 0.6416628 
88500 	 0.5546306 
89000 	 0.6222215 
89500 	 0.6312644 
90000 	 0.5900169 
90500 	 0.5232797 
91000 	 0.6460925 
91500 	 0.6230338 
92000 	 0.6054691 
92500 	 0.5252125 
93000 	 0.5616821 
93500 	 0.5419251 
94000 	 0.615285 
94500 	 0.5525948 
95000 	 0.6341157 
95500 	 0.5533844 
96000 	 0.5362466 
96500 	 0.6115303 
97000 	 0.5419451 
97500 	 0.6200717 
98000 	 0.5920747 
98500 	 0.5725858 
99000 	 0.6032734 
99500 	 0.6230393 
100000 	 0.6044164 
100500 	 0.6113217 
101000 	 0.6269357 
101500 	 0.6037646 
102000 	 0.618968 
102500 	 0.6406931 
103000 	 0.5470532 
103500 	 0.5336008 
104000 	 0.5185204 
104500 	 0.6299542 
105000 	 0.5758605 
105500 	 0.5801771 
106000 	 0.5800374 
106500 	 0.5861585 
107000 	 0.5155987 
107500 	 0.5633736 
108000 	 0.5955778 
108500 	 0.5814535 
109000 	 0.5669998 
109500 	 0.590971 
110000 	 0.5734735 
110500 	 0.6672391 
111000 	 0.6470752 
111500 	 0.588205 
112000 	 0.565538 
112500 	 0.6337791 
113000 	 0.609462 
113500 	 0.5791731 
114000 	 0.5686621 
114500 	 0.5932311 
115000 	 0.5612376 
115500 	 0.6514043 
116000 	 0.6191052 
116500 	 0.6456728 
117000 	 0.6135923 
117500 	 0.5446025 
118000 	 0.679832 
118500 	 0.6293944 
119000 	 0.5680864 
119500 	 0.5307362 
120000 	 0.5247487 
120500 	 0.5689185 
121000 	 0.6011343 
121500 	 0.5405218 
122000 	 0.6016453 
122500 	 0.6770809 
123000 	 0.6353099 
123500 	 0.625084 
124000 	 0.6242155 
124500 	 0.5881252 
125000 	 0.5830132 
125500 	 0.5503104 
126000 	 0.6406663 
126500 	 0.6111146 
127000 	 0.6066005 
127500 	 0.6321263 
128000 	 0.6406496 
128500 	 0.5507376 
129000 	 0.5939795 
129500 	 0.6456923 
130000 	 0.6485329 
130500 	 0.5779841 
131000 	 0.6252574 
131500 	 0.5849596 
132000 	 0.5410557 
132500 	 0.64962 
133000 	 0.621519 
133500 	 0.612218 
134000 	 0.5637871 
134500 	 0.5984939 
135000 	 0.6782591 
135500 	 0.5499482 
136000 	 0.5791178 
136500 	 0.5443092 
137000 	 0.642233 
137500 	 0.5043622 
138000 	 0.5800074 
138500 	 0.6474986 
139000 	 0.6102404 
139500 	 0.6335722 
140000 	 0.6043323 
140500 	 0.6361235 
141000 	 0.5773017 
141500 	 0.5726941 
142000 	 0.6290688 
142500 	 0.5841077 
143000 	 0.5888451 
143500 	 0.5526911 
144000 	 0.613865 
144500 	 0.5318111 
145000 	 0.5573996 
145500 	 0.5895032 
146000 	 0.5977798 
146500 	 0.668099 
147000 	 0.5976287 
147500 	 0.5962256 
148000 	 0.6588267 
148500 	 0.6592228 
149000 	 0.6704626 
149500 	 0.6723815 
150000 	 0.5967878 
150500 	 0.6280109 
151000 	 0.5649389 
151500 	 0.5882221 
152000 	 0.5940865 
152500 	 0.6218585 
153000 	 0.6028758 
153500 	 0.6832405 
154000 	 0.6615434 
154500 	 0.5720793 
155000 	 0.6069569 
155500 	 0.6506261 
156000 	 0.5187792 
156500 	 0.5302814 
157000 	 0.5843171 
157500 	 0.5688311 
158000 	 0.5581058 
158500 	 0.6159323 
159000 	 0.6091078 
159500 	 0.581978 
160000 	 0.5879462 
160500 	 0.5604955 
161000 	 0.5532088 
161500 	 0.6172935 
162000 	 0.5247294 
162500 	 0.5487458 
163000 	 0.5904256 
163500 	 0.628768 
164000 	 0.5433173 
164500 	 0.5565807 
165000 	 0.6057466 
165500 	 0.5864088 
166000 	 0.6874698 
166500 	 0.6533425 
167000 	 0.578641 
167500 	 0.606797 
168000 	 0.5809896 
168500 	 0.6089253 
169000 	 0.6126262 
169500 	 0.5552421 
170000 	 0.595326 
170500 	 0.5520887 
171000 	 0.5659668 
171500 	 0.6181868 
172000 	 0.6334655 
172500 	 0.6371093 
173000 	 0.5816888 
173500 	 0.6085797 
174000 	 0.5990346 
174500 	 0.6191122 
175000 	 0.6436677 
175500 	 0.5792333 
176000 	 0.6278779 
176500 	 0.6011279 
177000 	 0.5870512 
177500 	 0.6505257 
178000 	 0.593753 
178500 	 0.5295152 
179000 	 0.6034117 
179500 	 0.6061148 
180000 	 0.600152 
180500 	 0.5935107 
181000 	 0.5791303 
181500 	 0.6365748 
182000 	 0.5232957 
182500 	 0.6613287 
183000 	 0.5308554 
183500 	 0.5829805 
184000 	 0.5969686 
184500 	 0.5634385 
185000 	 0.5937814 
185500 	 0.5969147 
186000 	 0.6704927 
186500 	 0.5595884 
187000 	 0.5302994 
187500 	 0.5718788 
188000 	 0.5860275 
188500 	 0.6283832 
189000 	 0.643485 
189500 	 0.6349654 
190000 	 0.5906551 
190500 	 0.5857758 
191000 	 0.5655635 
191500 	 0.6876563 
192000 	 0.6424758 
192500 	 0.6263593 
193000 	 0.6300695 
193500 	 0.5849835 
194000 	 0.6960192 
194500 	 0.6177192 
195000 	 0.5990616 
195500 	 0.6084685 
196000 	 0.6149694 
196500 	 0.5863275 
197000 	 0.6409526 
197500 	 0.6250642 
198000 	 0.6191638 
198500 	 0.6059961 
199000 	 0.6182223 
199500 	 0.5506857 
200000 	 0.5750728 
200500 	 0.5843841 
201000 	 0.5902048 
201500 	 0.581232 
202000 	 0.5927317 
202500 	 0.6180903 
203000 	 0.5860525 
203500 	 0.5887745 
204000 	 0.6269072 
204500 	 0.663914 
205000 	 0.5683201 
205500 	 0.5237071 
206000 	 0.607431 
206500 	 0.5929646 
207000 	 0.5503157 
207500 	 0.6423722 
208000 	 0.6102476 
208500 	 0.6254871 
209000 	 0.5594232 
209500 	 0.5450198 
210000 	 0.5438897 
210500 	 0.6149961 
211000 	 0.6627674 
211500 	 0.6414456 
212000 	 0.6524253 
212500 	 0.493887 
213000 	 0.5397922 
213500 	 0.619466 
214000 	 0.6254024 
214500 	 0.609175 
215000 	 0.5570013 
215500 	 0.5741802 
216000 	 0.484874 
216500 	 0.5764141 
217000 	 0.6689266 
217500 	 0.6235173 
218000 	 0.5846696 
218500 	 0.6238451 
219000 	 0.6341511 
219500 	 0.6186722 
220000 	 0.6111367 
220500 	 0.5670763 
221000 	 0.5514911 
221500 	 0.5382569 
222000 	 0.697611 
222500 	 0.6131274 
223000 	 0.5925753 
223500 	 0.6043088 
224000 	 0.5818166 
224500 	 0.5268363 
225000 	 0.5979534 
225500 	 0.5941445 
226000 	 0.5826045 
226500 	 0.650224 
227000 	 0.5422321 
227500 	 0.6433075 
228000 	 0.479894 
228500 	 0.5702164 
229000 	 0.6233464 
229500 	 0.604542 
230000 	 0.5472387 
230500 	 0.6529761 
231000 	 0.6175771 
231500 	 0.6588433 
232000 	 0.5992719 
232500 	 0.6004625 
233000 	 0.5340276 
233500 	 0.5261643 
234000 	 0.6338968 
234500 	 0.569847 
235000 	 0.6191156 
235500 	 0.5976096 
236000 	 0.6161293 
236500 	 0.5780824 
237000 	 0.6410364 
237500 	 0.532061 
238000 	 0.5769517 
238500 	 0.519953 
239000 	 0.6464397 
239500 	 0.5567603 
240000 	 0.5428331 
240500 	 0.6166374 
241000 	 0.5727696 
241500 	 0.5518923 
242000 	 0.6056564 
242500 	 0.6545308 
243000 	 0.5887305 
243500 	 0.5930306 
244000 	 0.5347831 
244500 	 0.5461651 
245000 	 0.5939064 
245500 	 0.6386457 
246000 	 0.6081643 
246500 	 0.5105479 
247000 	 0.5886709 
247500 	 0.6267961 
248000 	 0.5816894 
248500 	 0.5687569 
249000 	 0.6192001 
249500 	 0.5369629 
250000 	 0.6427167 
250500 	 0.5912802 
251000 	 0.4982736 
251500 	 0.570026 
252000 	 0.5975383 
252500 	 0.6551441 
253000 	 0.5149859 
253500 	 0.6092915 
254000 	 0.5689565 
254500 	 0.628697 
255000 	 0.5061163 
255500 	 0.5348735 
256000 	 0.5884347 
256500 	 0.6266773 
257000 	 0.590328 
257500 	 0.5639934 
258000 	 0.5493731 
258500 	 0.5953921 
259000 	 0.5754326 
259500 	 0.6054309 
260000 	 0.6751456 
260500 	 0.5461436 
261000 	 0.572434 
261500 	 0.616442 
262000 	 0.6308486 
262500 	 0.6431824 
263000 	 0.6053012 
263500 	 0.5196659 
264000 	 0.5911463 
264500 	 0.5907489 
265000 	 0.6341154 
265500 	 0.5060813 
266000 	 0.5812148 
266500 	 0.6227182 
267000 	 0.5435154 
267500 	 0.6067254 
268000 	 0.5978888 
268500 	 0.4957669 
269000 	 0.5840772 
269500 	 0.6178752 
270000 	 0.5873957 
270500 	 0.6052663 
271000 	 0.5970943 
271500 	 0.6767635 
272000 	 0.6245188 
272500 	 0.5079448 
273000 	 0.6023169 
273500 	 0.6131172 
274000 	 0.5926124 
274500 	 0.6068702 
275000 	 0.5367909 
275500 	 0.6074903 
276000 	 0.6045883 
276500 	 0.5965741 
277000 	 0.6214774 
277500 	 0.635887 
278000 	 0.5853898 
278500 	 0.6594301 
279000 	 0.6339658 
279500 	 0.6226817 
280000 	 0.5574663 
280500 	 0.6273841 
281000 	 0.6239502 
281500 	 0.582107 
282000 	 0.5995082 
282500 	 0.5594332 
283000 	 0.5594437 
283500 	 0.4748569 
284000 	 0.6089114 
284500 	 0.618442 
285000 	 0.5854537 
285500 	 0.5863137 
286000 	 0.5779767 
286500 	 0.5471581 
287000 	 0.5462526 
287500 	 0.5690821 
288000 	 0.5460649 
288500 	 0.542027 
289000 	 0.6460784 
289500 	 0.6666759 
290000 	 0.5370754 
290500 	 0.6043277 
291000 	 0.5375898 
291500 	 0.5847777 
292000 	 0.5691675 
292500 	 0.6421523 
293000 	 0.6683888 
293500 	 0.561922 
294000 	 0.5603428 
294500 	 0.5668936 
295000 	 0.5863352 
295500 	 0.5938301 
296000 	 0.612775 
296500 	 0.5672635 
297000 	 0.6181479 
297500 	 0.6261124 
298000 	 0.5766894 
298500 	 0.6307758 
299000 	 0.6550483 
299500 	 0.571629 
300000 	 0.5996648 
300500 	 0.5272515 
301000 	 0.6692888 
301500 	 0.6680994 
302000 	 0.6373438 
302500 	 0.6131952 
303000 	 0.6884167 
303500 	 0.5968883 
304000 	 0.5750727 
304500 	 0.5644264 
305000 	 0.6274899 
305500 	 0.6183602 
306000 	 0.4983262 
306500 	 0.6627497 
307000 	 0.5654104 
307500 	 0.6174358 
308000 	 0.5528408 
308500 	 0.603863 
309000 	 0.6145904 
309500 	 0.595277 
310000 	 0.5582915 
310500 	 0.5794196 
311000 	 0.5439871 
311500 	 0.5715708 
312000 	 0.6199657 
312500 	 0.5596039 
313000 	 0.5649497 
313500 	 0.672013 
314000 	 0.6214689 
314500 	 0.552101 
315000 	 0.6342614 
315500 	 0.5570239 
316000 	 0.6315844 
316500 	 0.6517776 
317000 	 0.6295825 
317500 	 0.6117408 
318000 	 0.5533241 
318500 	 0.5564136 
319000 	 0.5966548 
319500 	 0.6324856 
320000 	 0.6277845 
320500 	 0.5478902 
321000 	 0.5649862 
321500 	 0.6153987 
322000 	 0.5926052 
322500 	 0.5632696 
323000 	 0.6459721 
323500 	 0.61613 
324000 	 0.5939666 
324500 	 0.5865556 
325000 	 0.5638964 
325500 	 0.5732582 
326000 	 0.5881617 
326500 	 0.614909 
327000 	 0.5590543 
327500 	 0.5562452 
328000 	 0.6459908 
328500 	 0.5848967 
329000 	 0.6132497 
329500 	 0.579065 
330000 	 0.5812612 
330500 	 0.6601809 
331000 	 0.6420636 
331500 	 0.6116797 
332000 	 0.6222846 
332500 	 0.6081556 
333000 	 0.5404063 
333500 	 0.5945605 
334000 	 0.5680053 
334500 	 0.6349719 
335000 	 0.5486586 
335500 	 0.6315529 
336000 	 0.5644206 
336500 	 0.6066595 
337000 	 0.642223 
337500 	 0.6256489 
338000 	 0.6243658 
338500 	 0.6024942 
339000 	 0.638639 
339500 	 0.6366244 
340000 	 0.5832828 
340500 	 0.6090353 
341000 	 0.6270121 
341500 	 0.5660527 
342000 	 0.5191291 
342500 	 0.5699397 
343000 	 0.5712443 
343500 	 0.5887503 
344000 	 0.6369682 
344500 	 0.5720429 
345000 	 0.5615336 
345500 	 0.6126891 
346000 	 0.6186096 
346500 	 0.6559484 
347000 	 0.6776679 
347500 	 0.6142856 
348000 	 0.6543574 
348500 	 0.6583584 
349000 	 0.5543904 
349500 	 0.5786178 
350000 	 0.6006524 
350500 	 0.5959409 
351000 	 0.6274873 
351500 	 0.5961492 
352000 	 0.6219715 
352500 	 0.6306426 
353000 	 0.6671384 
353500 	 0.5981755 
354000 	 0.5641132 
354500 	 0.563279 
355000 	 0.5227161 
355500 	 0.6681481 
356000 	 0.6177837 
356500 	 0.5768251 
357000 	 0.569004 
357500 	 0.5736467 
358000 	 0.5775261 
358500 	 0.5938999 
359000 	 0.6367729 
359500 	 0.5460212 
360000 	 0.5944318 
360500 	 0.6240081 
361000 	 0.6170425 
361500 	 0.6272607 
362000 	 0.6090639 
362500 	 0.5212967 
363000 	 0.5589249 
363500 	 0.572046 
364000 	 0.5762879 
364500 	 0.6342523 
365000 	 0.5828851 
365500 	 0.6447951 
366000 	 0.6671859 
366500 	 0.600984 
367000 	 0.5596881 
367500 	 0.5927513 
368000 	 0.5701329 
368500 	 0.5801612 
369000 	 0.5310529 
369500 	 0.635385 
370000 	 0.5953632 
370500 	 0.6150934 
371000 	 0.6618497 
371500 	 0.625113 
372000 	 0.568128 
372500 	 0.5388215 
373000 	 0.6203414 
373500 	 0.59223 
374000 	 0.640207 
374500 	 0.6338505 
375000 	 0.5721031 
375500 	 0.5821332 
376000 	 0.6152828 
376500 	 0.576583 
377000 	 0.675427 
377500 	 0.5937369 
378000 	 0.6560161 
378500 	 0.532431 
379000 	 0.5952177 
379500 	 0.6685854 
380000 	 0.5511558 
380500 	 0.5909548 
381000 	 0.5998204 
381500 	 0.5688872 
382000 	 0.6858194 
382500 	 0.6284735 
383000 	 0.5776208 
383500 	 0.5638914 
384000 	 0.6376346 
384500 	 0.6593616 
385000 	 0.6531559 
385500 	 0.6099486 
386000 	 0.6056528 
386500 	 0.5174899 
387000 	 0.6193699 
387500 	 0.6375665 
388000 	 0.6139533 
388500 	 0.599639 
389000 	 0.5816018 
389500 	 0.6282357 
390000 	 0.5751718 
390500 	 0.5965818 
391000 	 0.5816599 
391500 	 0.6064814 
392000 	 0.4905869 
392500 	 0.6038562 
393000 	 0.5875177 
393500 	 0.5598481 
394000 	 0.6041367 
394500 	 0.5102486 
395000 	 0.6250111 
395500 	 0.5674168 
396000 	 0.5683156 
396500 	 0.5768023 
397000 	 0.5917817 
397500 	 0.6356755 
398000 	 0.586403 
398500 	 0.5747539 
399000 	 0.5873001 
399500 	 0.6325436 
400000 	 0.5276949 
400500 	 0.6288169 
401000 	 0.5823902 
401500 	 0.5289146 
402000 	 0.6674684 
402500 	 0.6116766 
403000 	 0.5785933 
403500 	 0.5426945 
404000 	 0.6125462 
404500 	 0.6004332 
405000 	 0.6280406 
405500 	 0.558432 
406000 	 0.5324278 
406500 	 0.6008395 
407000 	 0.5361137 
407500 	 0.6543426 
408000 	 0.5663414 
408500 	 0.5757955 
409000 	 0.6298158 
409500 	 0.6463693 
410000 	 0.5556894 
410500 	 0.6200705 
411000 	 0.6064621 
411500 	 0.6080713 
412000 	 0.6190001 
412500 	 0.6902283 
413000 	 0.5485817 
413500 	 0.5539834 
414000 	 0.6118508 
414500 	 0.6083775 
415000 	 0.5477745 
415500 	 0.6229499 
416000 	 0.5064746 
416500 	 0.621404 
417000 	 0.5685928 
417500 	 0.6329933 
418000 	 0.6333429 
418500 	 0.607268 
419000 	 0.6604723 
419500 	 0.5903569 
420000 	 0.5571676 
420500 	 0.6387602 
421000 	 0.6208881 
421500 	 0.5760494 
422000 	 0.6309493 
422500 	 0.5814269 
423000 	 0.6330211 
423500 	 0.5486227 
424000 	 0.6296942 
424500 	 0.5847117 
425000 	 0.6210084 
425500 	 0.56007 
426000 	 0.6073202 
426500 	 0.6358575 
427000 	 0.6100837 
427500 	 0.5619809 
428000 	 0.5363371 
428500 	 0.614384 
429000 	 0.6683875 
429500 	 0.5547117 
430000 	 0.6486679 
430500 	 0.6275622 
431000 	 0.6416302 
431500 	 0.581224 
432000 	 0.5808218 
432500 	 0.5650187 
433000 	 0.6366136 
433500 	 0.5601913 
434000 	 0.5809718 
434500 	 0.6185174 
435000 	 0.5765292 
435500 	 0.5611453 
436000 	 0.5510368 
436500 	 0.5943142 
437000 	 0.6742426 
437500 	 0.5992749 
438000 	 0.6226299 
438500 	 0.6443199 
439000 	 0.5413529 
439500 	 0.6571595 
440000 	 0.609543 
440500 	 0.6267972 
441000 	 0.5950381 
441500 	 0.5888643 
442000 	 0.6158236 
442500 	 0.6055092 
443000 	 0.6316746 
443500 	 0.6073137 
444000 	 0.5760121 
444500 	 0.6879093 
445000 	 0.6026467 
445500 	 0.6142136 
446000 	 0.5174507 
446500 	 0.6144591 
447000 	 0.5957355 
447500 	 0.5987449 
448000 	 0.604279 
448500 	 0.5944042 
449000 	 0.5784578 
449500 	 0.5799534 
450000 	 0.6053074 
450500 	 0.5828729 
451000 	 0.5828578 
451500 	 0.5374517 
452000 	 0.5553679 
452500 	 0.5532764 
453000 	 0.6540381 
453500 	 0.6053608 
454000 	 0.5459405 
454500 	 0.6329482 
455000 	 0.5111822 
455500 	 0.636541 
456000 	 0.6275723 
456500 	 0.5569167 
457000 	 0.5860115 
457500 	 0.5529488 
458000 	 0.6780175 
458500 	 0.5867059 
459000 	 0.721935 
459500 	 0.6434377 
460000 	 0.606864 
460500 	 0.5548516 
461000 	 0.4949246 
461500 	 0.6160771 
462000 	 0.5426785 
462500 	 0.6197291 
463000 	 0.5723319 
463500 	 0.6049163 
464000 	 0.5967064 
464500 	 0.5611279 
465000 	 0.5883365 
465500 	 0.5768717 
466000 	 0.5566499 
466500 	 0.5541953 
467000 	 0.550664 
467500 	 0.5828661 
468000 	 0.5563661 
468500 	 0.6707234 
469000 	 0.6092471 
469500 	 0.5374988 
470000 	 0.6222784 
470500 	 0.6025586 
471000 	 0.640227 
471500 	 0.5693095 
472000 	 0.5450201 
472500 	 0.5308239 
473000 	 0.5640426 
473500 	 0.6013189 
474000 	 0.6286539 
474500 	 0.5746116 
475000 	 0.5640021 
475500 	 0.6030157 
476000 	 0.6153171 
476500 	 0.587589 
477000 	 0.6132921 
477500 	 0.5146541 
478000 	 0.4985611 
478500 	 0.5506283 
479000 	 0.6057546 
479500 	 0.6223372 
480000 	 0.6328209 
480500 	 0.5888069 
481000 	 0.6124745 
481500 	 0.5654217 
482000 	 0.5932455 
482500 	 0.5741695 
483000 	 0.5301574 
483500 	 0.5879658 
484000 	 0.5873719 
484500 	 0.5743182 
485000 	 0.5794902 
485500 	 0.5780722 
486000 	 0.5947682 
486500 	 0.5597613 
487000 	 0.6567667 
487500 	 0.6705183 
488000 	 0.6241116 
488500 	 0.66118 
489000 	 0.5946527 
489500 	 0.613968 
490000 	 0.6445154 
490500 	 0.5882312 
491000 	 0.6657883 
491500 	 0.581965 
492000 	 0.5978311 
492500 	 0.5418368 
493000 	 0.6772863 
493500 	 0.6051487 
494000 	 0.5930804 
494500 	 0.479545 
495000 	 0.5788867 
495500 	 0.6092702 
496000 	 0.643732 
496500 	 0.6201665 
497000 	 0.6146207 
497500 	 0.5759402 
498000 	 0.5319255 
498500 	 0.5973334 
499000 	 0.5863916 
499500 	 0.5752543 
500000 	 0.6440176 
