iter 	 p
500 	 0.8288948 
1000 	 0.7828592 
1500 	 0.7591253 
2000 	 0.7534968 
2500 	 0.7894656 
3000 	 0.7694292 
3500 	 0.7051279 
4000 	 0.8542912 
4500 	 0.7608628 
5000 	 0.8061893 
5500 	 0.7260744 
6000 	 0.8469303 
6500 	 0.8235051 
7000 	 0.7825539 
7500 	 0.8006595 
8000 	 0.8330121 
8500 	 0.788343 
9000 	 0.8202231 
9500 	 0.8000706 
10000 	 0.7888379 
10500 	 0.7184989 
11000 	 0.8150106 
11500 	 0.7556547 
12000 	 0.81379 
12500 	 0.768114 
13000 	 0.7655885 
13500 	 0.7433073 
14000 	 0.7446797 
14500 	 0.7675232 
15000 	 0.780084 
15500 	 0.7914801 
16000 	 0.7492675 
16500 	 0.8338393 
17000 	 0.7791243 
17500 	 0.805689 
18000 	 0.8130733 
18500 	 0.7161698 
19000 	 0.7975772 
19500 	 0.8228093 
20000 	 0.811717 
20500 	 0.8362901 
21000 	 0.7650044 
21500 	 0.7788895 
22000 	 0.797202 
22500 	 0.7844772 
23000 	 0.7949257 
23500 	 0.7938398 
24000 	 0.8070866 
24500 	 0.8001179 
25000 	 0.7758194 
25500 	 0.8063018 
26000 	 0.7841024 
26500 	 0.8181693 
27000 	 0.8192574 
27500 	 0.8070232 
28000 	 0.8559642 
28500 	 0.82868 
29000 	 0.7435969 
29500 	 0.8095425 
30000 	 0.8373967 
30500 	 0.8312308 
31000 	 0.801788 
31500 	 0.7775612 
32000 	 0.7925171 
32500 	 0.7862488 
33000 	 0.8128635 
33500 	 0.7404167 
34000 	 0.798759 
34500 	 0.7287477 
35000 	 0.7424977 
35500 	 0.7691764 
36000 	 0.7474152 
36500 	 0.8578582 
37000 	 0.8479507 
37500 	 0.7750382 
38000 	 0.7403027 
38500 	 0.7544172 
39000 	 0.7797399 
39500 	 0.8093286 
40000 	 0.8152973 
40500 	 0.7395945 
41000 	 0.7967713 
41500 	 0.775808 
42000 	 0.7406792 
42500 	 0.8273686 
43000 	 0.8113049 
43500 	 0.7339954 
44000 	 0.7633387 
44500 	 0.8157329 
45000 	 0.7682417 
45500 	 0.7595385 
46000 	 0.8339325 
46500 	 0.8548882 
47000 	 0.7215029 
47500 	 0.8594782 
48000 	 0.8193432 
48500 	 0.7950163 
49000 	 0.8375783 
49500 	 0.776729 
50000 	 0.7403388 
50500 	 0.7705562 
51000 	 0.8038665 
51500 	 0.8117188 
52000 	 0.7630117 
52500 	 0.796621 
53000 	 0.8104525 
53500 	 0.8213081 
54000 	 0.7707983 
54500 	 0.792058 
55000 	 0.8367762 
55500 	 0.7898612 
56000 	 0.7624847 
56500 	 0.821593 
57000 	 0.7934753 
57500 	 0.817547 
58000 	 0.7229002 
58500 	 0.8493406 
59000 	 0.7902439 
59500 	 0.8183759 
60000 	 0.8239977 
60500 	 0.8187252 
61000 	 0.7776232 
61500 	 0.7801811 
62000 	 0.7283302 
62500 	 0.6892555 
63000 	 0.7533989 
63500 	 0.7842397 
64000 	 0.761189 
64500 	 0.7963929 
65000 	 0.8336664 
65500 	 0.824903 
66000 	 0.7193167 
66500 	 0.7633993 
67000 	 0.8030547 
67500 	 0.7978101 
68000 	 0.7454093 
68500 	 0.7229229 
69000 	 0.7576058 
69500 	 0.8504616 
70000 	 0.8217836 
70500 	 0.7545753 
71000 	 0.7829743 
71500 	 0.7616903 
72000 	 0.716985 
72500 	 0.6690886 
73000 	 0.7966295 
73500 	 0.7909446 
74000 	 0.8474795 
74500 	 0.7887396 
75000 	 0.7045187 
75500 	 0.809231 
76000 	 0.8097233 
76500 	 0.8041097 
77000 	 0.7938606 
77500 	 0.777705 
78000 	 0.8254596 
78500 	 0.8153104 
79000 	 0.8014429 
79500 	 0.7251845 
80000 	 0.8369013 
80500 	 0.7711778 
81000 	 0.778387 
81500 	 0.7672079 
82000 	 0.7550363 
82500 	 0.7569672 
83000 	 0.761651 
83500 	 0.7715488 
84000 	 0.7880729 
84500 	 0.7657007 
85000 	 0.7786997 
85500 	 0.7544394 
86000 	 0.7895867 
86500 	 0.7823937 
87000 	 0.7537272 
87500 	 0.7772161 
88000 	 0.8309698 
88500 	 0.8122988 
89000 	 0.7694781 
89500 	 0.7759444 
90000 	 0.7735331 
90500 	 0.6988552 
91000 	 0.7716044 
91500 	 0.678229 
92000 	 0.8282353 
92500 	 0.8139027 
93000 	 0.7762048 
93500 	 0.7904239 
94000 	 0.7883322 
94500 	 0.7922909 
95000 	 0.8068003 
95500 	 0.7720153 
96000 	 0.7561642 
96500 	 0.7932777 
97000 	 0.7453758 
97500 	 0.8478262 
98000 	 0.8032095 
98500 	 0.8853586 
99000 	 0.7605667 
99500 	 0.7548388 
100000 	 0.7609586 
100500 	 0.7345516 
101000 	 0.8317378 
101500 	 0.8587613 
102000 	 0.7893665 
102500 	 0.7230855 
103000 	 0.8237339 
103500 	 0.7248923 
104000 	 0.8281449 
104500 	 0.8496764 
105000 	 0.7710851 
105500 	 0.7978039 
106000 	 0.7288627 
106500 	 0.8219742 
107000 	 0.7619782 
107500 	 0.7927287 
108000 	 0.7936558 
108500 	 0.7724927 
109000 	 0.7969622 
109500 	 0.7564101 
110000 	 0.8193556 
110500 	 0.7675947 
111000 	 0.7994112 
111500 	 0.8455669 
112000 	 0.7950694 
112500 	 0.733865 
113000 	 0.7752906 
113500 	 0.8128808 
114000 	 0.7576276 
114500 	 0.7727233 
115000 	 0.8017456 
115500 	 0.6907617 
116000 	 0.7719379 
116500 	 0.7325989 
117000 	 0.7544422 
117500 	 0.7536598 
118000 	 0.7923244 
118500 	 0.7291569 
119000 	 0.8374699 
119500 	 0.8215046 
120000 	 0.7517068 
120500 	 0.8271681 
121000 	 0.8033444 
121500 	 0.7295703 
122000 	 0.7403538 
122500 	 0.821497 
123000 	 0.7801544 
123500 	 0.7631864 
124000 	 0.7536317 
124500 	 0.7800906 
125000 	 0.7609373 
125500 	 0.8530035 
126000 	 0.7976302 
126500 	 0.7519409 
127000 	 0.7165156 
127500 	 0.7930805 
128000 	 0.7987356 
128500 	 0.7327784 
129000 	 0.7596313 
129500 	 0.8205848 
130000 	 0.7858867 
130500 	 0.8359971 
131000 	 0.7660276 
131500 	 0.7648525 
132000 	 0.8535445 
132500 	 0.8594738 
133000 	 0.8364939 
133500 	 0.7066047 
134000 	 0.8216748 
134500 	 0.7804859 
135000 	 0.7832367 
135500 	 0.7447438 
136000 	 0.7434681 
136500 	 0.757626 
137000 	 0.7684939 
137500 	 0.6802702 
138000 	 0.6936081 
138500 	 0.7744973 
139000 	 0.7967829 
139500 	 0.688601 
140000 	 0.7848973 
140500 	 0.7545361 
141000 	 0.7873133 
141500 	 0.7681002 
142000 	 0.7800859 
142500 	 0.733345 
143000 	 0.798296 
143500 	 0.8094499 
144000 	 0.7845227 
144500 	 0.7766975 
145000 	 0.7758153 
145500 	 0.7757778 
146000 	 0.7946237 
146500 	 0.7561011 
147000 	 0.8339071 
147500 	 0.7858064 
148000 	 0.7414973 
148500 	 0.798069 
149000 	 0.7986917 
149500 	 0.8548908 
150000 	 0.8163909 
150500 	 0.8191086 
151000 	 0.8235619 
151500 	 0.8495006 
152000 	 0.7788293 
152500 	 0.7883423 
153000 	 0.8093389 
153500 	 0.7882462 
154000 	 0.8253436 
154500 	 0.7982171 
155000 	 0.7797677 
155500 	 0.7525592 
156000 	 0.7746259 
156500 	 0.7784967 
157000 	 0.776443 
157500 	 0.8628064 
158000 	 0.7490897 
158500 	 0.7635825 
159000 	 0.7967927 
159500 	 0.8327275 
160000 	 0.7742946 
160500 	 0.798213 
161000 	 0.821114 
161500 	 0.7680943 
162000 	 0.7852538 
162500 	 0.8469569 
163000 	 0.7542583 
163500 	 0.7835315 
164000 	 0.7866572 
164500 	 0.7776902 
165000 	 0.7769579 
165500 	 0.7531553 
166000 	 0.8030559 
166500 	 0.8247117 
167000 	 0.7837808 
167500 	 0.7740924 
168000 	 0.807011 
168500 	 0.7431396 
169000 	 0.7532932 
169500 	 0.7872917 
170000 	 0.7099319 
170500 	 0.7174133 
171000 	 0.8021324 
171500 	 0.6832618 
172000 	 0.7407829 
172500 	 0.8001634 
173000 	 0.8526737 
173500 	 0.8159604 
174000 	 0.797682 
174500 	 0.7864199 
175000 	 0.736919 
175500 	 0.8001176 
176000 	 0.7489819 
176500 	 0.789629 
177000 	 0.7416917 
177500 	 0.7466111 
178000 	 0.7883952 
178500 	 0.7829219 
179000 	 0.7324078 
179500 	 0.85306 
180000 	 0.7261346 
180500 	 0.8311154 
181000 	 0.8183982 
181500 	 0.7492065 
182000 	 0.8472213 
182500 	 0.7376617 
183000 	 0.7229208 
183500 	 0.7366403 
184000 	 0.7714802 
184500 	 0.8223267 
185000 	 0.7162032 
185500 	 0.8198699 
186000 	 0.7435775 
186500 	 0.8056004 
187000 	 0.8054868 
187500 	 0.8130605 
188000 	 0.7779464 
188500 	 0.7983811 
189000 	 0.8201603 
189500 	 0.8122487 
190000 	 0.8136651 
190500 	 0.7675103 
191000 	 0.8116823 
191500 	 0.8110583 
192000 	 0.8152565 
192500 	 0.80267 
193000 	 0.7894927 
193500 	 0.765386 
194000 	 0.7822087 
194500 	 0.7277674 
195000 	 0.7335175 
195500 	 0.7695125 
196000 	 0.8392723 
196500 	 0.8395896 
197000 	 0.813574 
197500 	 0.8258989 
198000 	 0.8153876 
198500 	 0.7737665 
199000 	 0.7013406 
199500 	 0.782677 
200000 	 0.7280172 
200500 	 0.8062574 
201000 	 0.8336951 
201500 	 0.7700692 
202000 	 0.7731757 
202500 	 0.7979145 
203000 	 0.7562855 
203500 	 0.8107855 
204000 	 0.7598398 
204500 	 0.87303 
205000 	 0.8138325 
205500 	 0.7692985 
206000 	 0.7468966 
206500 	 0.7491881 
207000 	 0.8167432 
207500 	 0.7852216 
208000 	 0.7113893 
208500 	 0.8092812 
209000 	 0.7752296 
209500 	 0.8228263 
210000 	 0.7533924 
210500 	 0.8197951 
211000 	 0.8126713 
211500 	 0.7865144 
212000 	 0.8189945 
212500 	 0.799621 
213000 	 0.7848278 
213500 	 0.7725299 
214000 	 0.7604829 
214500 	 0.7710118 
215000 	 0.7638469 
215500 	 0.7711706 
216000 	 0.8066524 
216500 	 0.7815002 
217000 	 0.772496 
217500 	 0.6944665 
218000 	 0.7756951 
218500 	 0.7393465 
219000 	 0.766424 
219500 	 0.8025704 
220000 	 0.7756921 
220500 	 0.7503433 
221000 	 0.7421829 
221500 	 0.7513078 
222000 	 0.784181 
222500 	 0.7642803 
223000 	 0.8247816 
223500 	 0.8117183 
224000 	 0.8531578 
224500 	 0.8166377 
225000 	 0.7499875 
225500 	 0.7195913 
226000 	 0.7779176 
226500 	 0.7947404 
227000 	 0.7875731 
227500 	 0.7331104 
228000 	 0.8056018 
228500 	 0.8251837 
229000 	 0.8125302 
229500 	 0.6919204 
230000 	 0.8217863 
230500 	 0.7655798 
231000 	 0.801981 
231500 	 0.7701952 
232000 	 0.7776902 
232500 	 0.7442957 
233000 	 0.8069712 
233500 	 0.7384597 
234000 	 0.7990988 
234500 	 0.715903 
235000 	 0.7648497 
235500 	 0.7486319 
236000 	 0.7800451 
236500 	 0.7442532 
237000 	 0.7732524 
237500 	 0.7687506 
238000 	 0.8207459 
238500 	 0.7600859 
239000 	 0.7301358 
239500 	 0.7742695 
240000 	 0.7296201 
240500 	 0.7879877 
241000 	 0.825467 
241500 	 0.7968722 
242000 	 0.8188303 
242500 	 0.8148509 
243000 	 0.777768 
243500 	 0.7434225 
244000 	 0.7699521 
244500 	 0.807452 
245000 	 0.7960467 
245500 	 0.8748893 
246000 	 0.8046224 
246500 	 0.8211582 
247000 	 0.8175353 
247500 	 0.7497319 
248000 	 0.8187658 
248500 	 0.7774382 
249000 	 0.741701 
249500 	 0.831603 
250000 	 0.8031537 
250500 	 0.7504939 
251000 	 0.7900992 
251500 	 0.8159859 
252000 	 0.7774629 
252500 	 0.8477696 
253000 	 0.8004789 
253500 	 0.7509732 
254000 	 0.7715163 
254500 	 0.8084155 
255000 	 0.7978953 
255500 	 0.8007698 
256000 	 0.8018845 
256500 	 0.7986398 
257000 	 0.7176224 
257500 	 0.7814636 
258000 	 0.7710712 
258500 	 0.8483061 
259000 	 0.7335882 
259500 	 0.8380554 
260000 	 0.7514046 
260500 	 0.821174 
261000 	 0.6538764 
261500 	 0.8048115 
262000 	 0.7891905 
262500 	 0.8236351 
263000 	 0.7430021 
263500 	 0.8547274 
264000 	 0.7935628 
264500 	 0.8331724 
265000 	 0.7548483 
265500 	 0.7639968 
266000 	 0.733567 
266500 	 0.8478733 
267000 	 0.7445872 
267500 	 0.8233478 
268000 	 0.7929521 
268500 	 0.8508258 
269000 	 0.7285037 
269500 	 0.7843976 
270000 	 0.7780914 
270500 	 0.8126465 
271000 	 0.7577816 
271500 	 0.7462636 
272000 	 0.7616019 
272500 	 0.7603797 
273000 	 0.7850545 
273500 	 0.7739775 
274000 	 0.7868856 
274500 	 0.8183471 
275000 	 0.8082334 
275500 	 0.8351053 
276000 	 0.7489901 
276500 	 0.7500886 
277000 	 0.831543 
277500 	 0.7174321 
278000 	 0.8287032 
278500 	 0.7333562 
279000 	 0.82045 
279500 	 0.8349871 
280000 	 0.7527492 
280500 	 0.8370214 
281000 	 0.8317942 
281500 	 0.7979446 
282000 	 0.7811952 
282500 	 0.7682114 
283000 	 0.8313806 
283500 	 0.726104 
284000 	 0.7917352 
284500 	 0.781337 
285000 	 0.7984754 
285500 	 0.8073677 
286000 	 0.8194674 
286500 	 0.8018291 
287000 	 0.7360558 
287500 	 0.732805 
288000 	 0.7571752 
288500 	 0.7501636 
289000 	 0.7206715 
289500 	 0.8019772 
290000 	 0.7685367 
290500 	 0.7550091 
291000 	 0.8472896 
291500 	 0.7657833 
292000 	 0.7406456 
292500 	 0.8440116 
293000 	 0.8419165 
293500 	 0.7340946 
294000 	 0.8318434 
294500 	 0.7888282 
295000 	 0.7271449 
295500 	 0.734842 
296000 	 0.7746544 
296500 	 0.8371369 
297000 	 0.8313585 
297500 	 0.8126017 
298000 	 0.7628307 
298500 	 0.7221344 
299000 	 0.7883792 
299500 	 0.8482013 
300000 	 0.7639021 
300500 	 0.8419429 
301000 	 0.8531636 
301500 	 0.8491519 
302000 	 0.6771142 
302500 	 0.8125018 
303000 	 0.8032374 
303500 	 0.7905579 
304000 	 0.7500865 
304500 	 0.7920841 
305000 	 0.7905177 
305500 	 0.7237318 
306000 	 0.76326 
306500 	 0.7603355 
307000 	 0.6869323 
307500 	 0.8272997 
308000 	 0.7379316 
308500 	 0.7132775 
309000 	 0.7663708 
309500 	 0.715163 
310000 	 0.7296387 
310500 	 0.7558729 
311000 	 0.7600841 
311500 	 0.7197505 
312000 	 0.7496293 
312500 	 0.7783809 
313000 	 0.7995602 
313500 	 0.7508204 
314000 	 0.7045093 
314500 	 0.7681043 
315000 	 0.7467808 
315500 	 0.7786452 
316000 	 0.7553221 
316500 	 0.7873519 
317000 	 0.7893404 
317500 	 0.7756771 
318000 	 0.7737309 
318500 	 0.7614551 
319000 	 0.7677317 
319500 	 0.7309746 
320000 	 0.7915336 
320500 	 0.8014035 
321000 	 0.8185947 
321500 	 0.8186981 
322000 	 0.822721 
322500 	 0.8137878 
323000 	 0.7355644 
323500 	 0.7947083 
324000 	 0.7871252 
324500 	 0.8408893 
325000 	 0.819304 
325500 	 0.8271625 
326000 	 0.7785568 
326500 	 0.7798713 
327000 	 0.7971101 
327500 	 0.7663548 
328000 	 0.8505787 
328500 	 0.7757684 
329000 	 0.7726583 
329500 	 0.7778267 
330000 	 0.7766446 
330500 	 0.7622208 
331000 	 0.7808658 
331500 	 0.808721 
332000 	 0.7780115 
332500 	 0.8129169 
333000 	 0.7621292 
333500 	 0.792145 
334000 	 0.768719 
334500 	 0.7676297 
335000 	 0.7895407 
335500 	 0.763634 
336000 	 0.8123477 
336500 	 0.8345337 
337000 	 0.8402032 
337500 	 0.7341304 
338000 	 0.7967069 
338500 	 0.7815186 
339000 	 0.7153257 
339500 	 0.7896464 
340000 	 0.8260209 
340500 	 0.7677379 
341000 	 0.8430084 
341500 	 0.7290798 
342000 	 0.779961 
342500 	 0.7859395 
343000 	 0.8147342 
343500 	 0.8483638 
344000 	 0.7763106 
344500 	 0.7528087 
345000 	 0.8179446 
345500 	 0.7320906 
346000 	 0.8365328 
346500 	 0.7668078 
347000 	 0.7591758 
347500 	 0.80951 
348000 	 0.8161468 
348500 	 0.8151933 
349000 	 0.8081992 
349500 	 0.7908282 
350000 	 0.7440283 
350500 	 0.807331 
351000 	 0.7705029 
351500 	 0.7037919 
352000 	 0.8239154 
352500 	 0.7313 
353000 	 0.776842 
353500 	 0.7074489 
354000 	 0.7238122 
354500 	 0.8332395 
355000 	 0.7501066 
355500 	 0.7415717 
356000 	 0.7865692 
356500 	 0.8070361 
357000 	 0.7286673 
357500 	 0.739401 
358000 	 0.724308 
358500 	 0.7711104 
359000 	 0.8335396 
359500 	 0.7784963 
360000 	 0.8114564 
360500 	 0.8054773 
361000 	 0.7692167 
361500 	 0.8420991 
362000 	 0.7912989 
362500 	 0.7573027 
363000 	 0.7711215 
363500 	 0.7167479 
364000 	 0.8331826 
364500 	 0.8064419 
365000 	 0.7808857 
365500 	 0.755972 
366000 	 0.834295 
366500 	 0.777832 
367000 	 0.7849265 
367500 	 0.8052128 
368000 	 0.8567976 
368500 	 0.7865646 
369000 	 0.8113307 
369500 	 0.758788 
370000 	 0.7462208 
370500 	 0.8402974 
371000 	 0.7902848 
371500 	 0.8099902 
372000 	 0.8011159 
372500 	 0.7970693 
373000 	 0.8308278 
373500 	 0.8247462 
374000 	 0.8023994 
374500 	 0.8358529 
375000 	 0.7545564 
375500 	 0.7966079 
376000 	 0.7782481 
376500 	 0.8179603 
377000 	 0.7797316 
377500 	 0.751495 
378000 	 0.745266 
378500 	 0.8050095 
379000 	 0.7615317 
379500 	 0.7484296 
380000 	 0.7057611 
380500 	 0.8207928 
381000 	 0.8214208 
381500 	 0.8059372 
382000 	 0.8253551 
382500 	 0.7763218 
383000 	 0.7846511 
383500 	 0.7944164 
384000 	 0.7720948 
384500 	 0.748282 
385000 	 0.7393037 
385500 	 0.7380328 
386000 	 0.825021 
386500 	 0.8385557 
387000 	 0.7594672 
387500 	 0.6827871 
388000 	 0.8515509 
388500 	 0.7828802 
389000 	 0.8361734 
389500 	 0.834411 
390000 	 0.7895782 
390500 	 0.8299751 
391000 	 0.7559295 
391500 	 0.8260624 
392000 	 0.7548091 
392500 	 0.8314959 
393000 	 0.8270377 
393500 	 0.7940862 
394000 	 0.754384 
394500 	 0.8152757 
395000 	 0.7720994 
395500 	 0.8496857 
396000 	 0.7597578 
396500 	 0.8063733 
397000 	 0.7509639 
397500 	 0.8505267 
398000 	 0.7472957 
398500 	 0.8248736 
399000 	 0.798558 
399500 	 0.860075 
400000 	 0.821377 
400500 	 0.7293223 
401000 	 0.7928729 
401500 	 0.7800993 
402000 	 0.8250393 
402500 	 0.8543013 
403000 	 0.8412697 
403500 	 0.8121793 
404000 	 0.7754345 
404500 	 0.7504867 
405000 	 0.7583533 
405500 	 0.7657732 
406000 	 0.7365097 
406500 	 0.8466167 
407000 	 0.842572 
407500 	 0.8243107 
408000 	 0.7899156 
408500 	 0.7464812 
409000 	 0.78422 
409500 	 0.8200518 
410000 	 0.7092126 
410500 	 0.7343426 
411000 	 0.787846 
411500 	 0.844896 
412000 	 0.8112764 
412500 	 0.8230771 
413000 	 0.7737298 
413500 	 0.8121243 
414000 	 0.8149872 
414500 	 0.7565222 
415000 	 0.8212267 
415500 	 0.7852136 
416000 	 0.7935386 
416500 	 0.7974289 
417000 	 0.7854654 
417500 	 0.788261 
418000 	 0.8124859 
418500 	 0.75506 
419000 	 0.7175158 
419500 	 0.7354381 
420000 	 0.7264559 
420500 	 0.8020086 
421000 	 0.8024721 
421500 	 0.778743 
422000 	 0.782411 
422500 	 0.7535899 
423000 	 0.7773945 
423500 	 0.754447 
424000 	 0.7548687 
424500 	 0.8007574 
425000 	 0.8346015 
425500 	 0.797752 
426000 	 0.8291232 
426500 	 0.8386361 
427000 	 0.7294754 
427500 	 0.7539903 
428000 	 0.720076 
428500 	 0.8404338 
429000 	 0.8266571 
429500 	 0.7882788 
430000 	 0.8335448 
430500 	 0.7525374 
431000 	 0.7656247 
431500 	 0.8006048 
432000 	 0.8255693 
432500 	 0.7826808 
433000 	 0.8102861 
433500 	 0.7579432 
434000 	 0.7379127 
434500 	 0.7759773 
435000 	 0.7727036 
435500 	 0.815689 
436000 	 0.7596633 
436500 	 0.7997574 
437000 	 0.777796 
437500 	 0.7484114 
438000 	 0.8008186 
438500 	 0.8217587 
439000 	 0.7904025 
439500 	 0.86059 
440000 	 0.7720918 
440500 	 0.7230164 
441000 	 0.7473968 
441500 	 0.8134879 
442000 	 0.8457964 
442500 	 0.7647822 
443000 	 0.7615702 
443500 	 0.7964048 
444000 	 0.7812085 
444500 	 0.8131352 
445000 	 0.7542638 
445500 	 0.8093903 
446000 	 0.7904219 
446500 	 0.8010847 
447000 	 0.7180351 
447500 	 0.7966141 
448000 	 0.8294952 
448500 	 0.740682 
449000 	 0.8027439 
449500 	 0.7948296 
450000 	 0.7707881 
450500 	 0.8208991 
451000 	 0.7969449 
451500 	 0.7428163 
452000 	 0.7455144 
452500 	 0.7791049 
453000 	 0.7695393 
453500 	 0.763993 
454000 	 0.8626484 
454500 	 0.7205177 
455000 	 0.8287171 
455500 	 0.7541765 
456000 	 0.7602149 
456500 	 0.7861049 
457000 	 0.7955054 
457500 	 0.8064145 
458000 	 0.8055375 
458500 	 0.8042801 
459000 	 0.7558761 
459500 	 0.7992714 
460000 	 0.7390156 
460500 	 0.8233532 
461000 	 0.8099903 
461500 	 0.7466593 
462000 	 0.8164389 
462500 	 0.8081642 
463000 	 0.7720629 
463500 	 0.797279 
464000 	 0.8227848 
464500 	 0.7495956 
465000 	 0.8200311 
465500 	 0.7960134 
466000 	 0.8250612 
466500 	 0.7990927 
467000 	 0.823537 
467500 	 0.7087664 
468000 	 0.7574503 
468500 	 0.7838552 
469000 	 0.8025514 
469500 	 0.7438218 
470000 	 0.7985408 
470500 	 0.8392108 
471000 	 0.8384583 
471500 	 0.8325176 
472000 	 0.8311116 
472500 	 0.7296588 
473000 	 0.7082388 
473500 	 0.7227577 
474000 	 0.816258 
474500 	 0.7802087 
475000 	 0.7528262 
475500 	 0.768364 
476000 	 0.8070703 
476500 	 0.8079789 
477000 	 0.8033158 
477500 	 0.8252986 
478000 	 0.8271078 
478500 	 0.7780223 
479000 	 0.8107596 
479500 	 0.8051301 
480000 	 0.7560879 
480500 	 0.8206797 
481000 	 0.7815553 
481500 	 0.743161 
482000 	 0.7667896 
482500 	 0.8195603 
483000 	 0.7892769 
483500 	 0.7184882 
484000 	 0.7686545 
484500 	 0.7128524 
485000 	 0.7959596 
485500 	 0.7796969 
486000 	 0.7656551 
486500 	 0.8063041 
487000 	 0.677584 
487500 	 0.767385 
488000 	 0.8216711 
488500 	 0.7547673 
489000 	 0.7345807 
489500 	 0.7830926 
490000 	 0.7884066 
490500 	 0.7515362 
491000 	 0.8188266 
491500 	 0.840041 
492000 	 0.7916921 
492500 	 0.8041979 
493000 	 0.7546529 
493500 	 0.8104566 
494000 	 0.8375459 
494500 	 0.7575896 
495000 	 0.8208264 
495500 	 0.7755524 
496000 	 0.7663378 
496500 	 0.7786533 
497000 	 0.7804307 
497500 	 0.8132691 
498000 	 0.7578056 
498500 	 0.8013692 
499000 	 0.8103907 
499500 	 0.749779 
500000 	 0.8432414 
