iter 	 p
500 	 0.1555565 
1000 	 0.2552574 
1500 	 0.2261611 
2000 	 0.1438474 
2500 	 0.1608911 
3000 	 0.1571749 
3500 	 0.1463412 
4000 	 0.1779992 
4500 	 0.1617567 
5000 	 0.08449183 
5500 	 0.181139 
6000 	 0.1934895 
6500 	 0.1005847 
7000 	 0.160715 
7500 	 0.25095 
8000 	 0.1493157 
8500 	 0.1328009 
9000 	 0.2421933 
9500 	 0.1783186 
10000 	 0.1424164 
10500 	 0.1555803 
11000 	 0.2638012 
11500 	 0.1138008 
12000 	 0.3166949 
12500 	 0.2260529 
13000 	 0.1455622 
13500 	 0.1605611 
14000 	 0.1460182 
14500 	 0.2501032 
15000 	 0.1500993 
15500 	 0.2066273 
16000 	 0.2029129 
16500 	 0.1551497 
17000 	 0.2125393 
17500 	 0.151469 
18000 	 0.1406299 
18500 	 0.3044768 
19000 	 0.155274 
19500 	 0.172324 
20000 	 0.125363 
20500 	 0.2134645 
21000 	 0.2388648 
21500 	 0.1883875 
22000 	 0.21441 
22500 	 0.1432762 
23000 	 0.2368923 
23500 	 0.2468798 
24000 	 0.1729706 
24500 	 0.2111168 
25000 	 0.2121617 
25500 	 0.1342436 
26000 	 0.1601029 
26500 	 0.1779276 
27000 	 0.1447442 
27500 	 0.2000756 
28000 	 0.2423237 
28500 	 0.2009515 
29000 	 0.1915191 
29500 	 0.1696686 
30000 	 0.183571 
30500 	 0.2004665 
31000 	 0.1832567 
31500 	 0.1665989 
32000 	 0.2033833 
32500 	 0.1768013 
33000 	 0.1295683 
33500 	 0.1917885 
34000 	 0.186351 
34500 	 0.1880653 
35000 	 0.177472 
35500 	 0.2454435 
36000 	 0.1466765 
36500 	 0.2080778 
37000 	 0.1725328 
37500 	 0.2790634 
38000 	 0.2601796 
38500 	 0.1831159 
39000 	 0.1322151 
39500 	 0.2245803 
40000 	 0.242957 
40500 	 0.1808133 
41000 	 0.1592151 
41500 	 0.122098 
42000 	 0.1992855 
42500 	 0.1445269 
43000 	 0.2000088 
43500 	 0.1845527 
44000 	 0.1737137 
44500 	 0.2439577 
45000 	 0.1766164 
45500 	 0.1447799 
46000 	 0.1671187 
46500 	 0.120821 
47000 	 0.2216265 
47500 	 0.1919357 
48000 	 0.2961569 
48500 	 0.2010002 
49000 	 0.1919083 
49500 	 0.1881387 
50000 	 0.2462053 
50500 	 0.1545375 
51000 	 0.1793663 
51500 	 0.2348327 
52000 	 0.1580416 
52500 	 0.23872 
53000 	 0.2266366 
53500 	 0.2248114 
54000 	 0.2012651 
54500 	 0.1723907 
55000 	 0.110142 
55500 	 0.1822153 
56000 	 0.1952743 
56500 	 0.1155079 
57000 	 0.09839197 
57500 	 0.1927955 
58000 	 0.2477932 
58500 	 0.2336046 
59000 	 0.2098175 
59500 	 0.2162879 
60000 	 0.2234295 
60500 	 0.1445856 
61000 	 0.206213 
61500 	 0.2202935 
62000 	 0.2349463 
62500 	 0.1432035 
63000 	 0.2768378 
63500 	 0.1471498 
64000 	 0.2068779 
64500 	 0.109992 
65000 	 0.2288368 
65500 	 0.212263 
66000 	 0.2395226 
66500 	 0.1960463 
67000 	 0.1457365 
67500 	 0.1464613 
68000 	 0.1367988 
68500 	 0.1365029 
69000 	 0.1690439 
69500 	 0.2019449 
70000 	 0.2359724 
70500 	 0.2424952 
71000 	 0.328969 
71500 	 0.2086114 
72000 	 0.1932676 
72500 	 0.2580407 
73000 	 0.1752384 
73500 	 0.1344093 
74000 	 0.154633 
74500 	 0.1413842 
75000 	 0.1431799 
75500 	 0.239978 
76000 	 0.1956789 
76500 	 0.1772066 
77000 	 0.1368296 
77500 	 0.2567334 
78000 	 0.1779172 
78500 	 0.1951293 
79000 	 0.2261248 
79500 	 0.1624216 
80000 	 0.1919687 
80500 	 0.263053 
81000 	 0.2059534 
81500 	 0.2468759 
82000 	 0.1492691 
82500 	 0.212486 
83000 	 0.1890736 
83500 	 0.1615205 
84000 	 0.1010062 
84500 	 0.2819791 
85000 	 0.3134419 
85500 	 0.1806787 
86000 	 0.1602784 
86500 	 0.1946225 
87000 	 0.1655125 
87500 	 0.1680429 
88000 	 0.2113321 
88500 	 0.2070187 
89000 	 0.1534762 
89500 	 0.167362 
90000 	 0.2592287 
90500 	 0.2215196 
91000 	 0.2791262 
91500 	 0.1442984 
92000 	 0.1841834 
92500 	 0.1851782 
93000 	 0.1503433 
93500 	 0.1429042 
94000 	 0.1857563 
94500 	 0.1903139 
95000 	 0.1875562 
95500 	 0.1733281 
96000 	 0.3632781 
96500 	 0.1737548 
97000 	 0.1809867 
97500 	 0.2972891 
98000 	 0.1742182 
98500 	 0.1952282 
99000 	 0.1549099 
99500 	 0.1592009 
100000 	 0.1356606 
100500 	 0.2398837 
101000 	 0.1724711 
101500 	 0.2368562 
102000 	 0.1818556 
102500 	 0.2212312 
103000 	 0.1866578 
103500 	 0.1538321 
104000 	 0.1449325 
104500 	 0.1381986 
105000 	 0.1719026 
105500 	 0.1444885 
106000 	 0.3071757 
106500 	 0.1423528 
107000 	 0.1213323 
107500 	 0.255175 
108000 	 0.1958454 
108500 	 0.2055944 
109000 	 0.221829 
109500 	 0.2215545 
110000 	 0.1309012 
110500 	 0.1805914 
111000 	 0.2476579 
111500 	 0.124224 
112000 	 0.2007059 
112500 	 0.199576 
113000 	 0.2494577 
113500 	 0.1655392 
114000 	 0.1737339 
114500 	 0.1302061 
115000 	 0.1930451 
115500 	 0.2138134 
116000 	 0.2265589 
116500 	 0.2438352 
117000 	 0.1402862 
117500 	 0.1782305 
118000 	 0.1741857 
118500 	 0.08974788 
119000 	 0.1595464 
119500 	 0.1974195 
120000 	 0.3036241 
120500 	 0.07014429 
121000 	 0.1859427 
121500 	 0.1926401 
122000 	 0.2056842 
122500 	 0.2461976 
123000 	 0.2100924 
123500 	 0.1894141 
124000 	 0.1729425 
124500 	 0.1659109 
125000 	 0.2974699 
125500 	 0.1763131 
126000 	 0.1952639 
126500 	 0.1398783 
127000 	 0.3252129 
127500 	 0.220326 
128000 	 0.161066 
128500 	 0.1839678 
129000 	 0.2179577 
129500 	 0.1846947 
130000 	 0.2341886 
130500 	 0.1946825 
131000 	 0.1422054 
131500 	 0.2738253 
132000 	 0.249624 
132500 	 0.2136295 
133000 	 0.3321713 
133500 	 0.1818285 
134000 	 0.1855776 
134500 	 0.307389 
135000 	 0.1166096 
135500 	 0.1620527 
136000 	 0.1790436 
136500 	 0.2221151 
137000 	 0.2488538 
137500 	 0.2648598 
138000 	 0.2463176 
138500 	 0.1800617 
139000 	 0.1288872 
139500 	 0.1926369 
140000 	 0.07834895 
140500 	 0.2136208 
141000 	 0.1680956 
141500 	 0.2162394 
142000 	 0.1094961 
142500 	 0.2044954 
143000 	 0.1481832 
143500 	 0.1610928 
144000 	 0.196131 
144500 	 0.1501916 
145000 	 0.1962707 
145500 	 0.2652628 
146000 	 0.1857422 
146500 	 0.1627053 
147000 	 0.275468 
147500 	 0.1108467 
148000 	 0.225609 
148500 	 0.2749576 
149000 	 0.1739538 
149500 	 0.1853004 
150000 	 0.1468302 
150500 	 0.1174493 
151000 	 0.1679618 
151500 	 0.1986837 
152000 	 0.1646342 
152500 	 0.2391264 
153000 	 0.1832397 
153500 	 0.1591461 
154000 	 0.2234067 
154500 	 0.1403806 
155000 	 0.1608558 
155500 	 0.2076402 
156000 	 0.1916645 
156500 	 0.1537776 
157000 	 0.1860939 
157500 	 0.1881625 
158000 	 0.1446913 
158500 	 0.2226587 
159000 	 0.235734 
159500 	 0.1830177 
160000 	 0.2373118 
160500 	 0.1798282 
161000 	 0.1742488 
161500 	 0.1632707 
162000 	 0.175893 
162500 	 0.1908643 
163000 	 0.1542699 
163500 	 0.1691113 
164000 	 0.281302 
164500 	 0.09732177 
165000 	 0.1896568 
165500 	 0.15865 
166000 	 0.2131384 
166500 	 0.2444222 
167000 	 0.1719336 
167500 	 0.2236574 
168000 	 0.16359 
168500 	 0.1033803 
169000 	 0.1613561 
169500 	 0.2003925 
170000 	 0.2063726 
170500 	 0.201724 
171000 	 0.1742484 
171500 	 0.2294682 
172000 	 0.2390568 
172500 	 0.1340602 
173000 	 0.203458 
173500 	 0.2894167 
174000 	 0.1988728 
174500 	 0.1523122 
175000 	 0.2280301 
175500 	 0.251596 
176000 	 0.168114 
176500 	 0.287381 
177000 	 0.1481167 
177500 	 0.1375926 
178000 	 0.181193 
178500 	 0.2086176 
179000 	 0.2565855 
179500 	 0.2261366 
180000 	 0.1921533 
180500 	 0.161501 
181000 	 0.1852866 
181500 	 0.3047608 
182000 	 0.1729192 
182500 	 0.1880263 
183000 	 0.2496292 
183500 	 0.202508 
184000 	 0.1454085 
184500 	 0.295509 
185000 	 0.2089224 
185500 	 0.1528188 
186000 	 0.1238804 
186500 	 0.1856004 
187000 	 0.1368301 
187500 	 0.1983028 
188000 	 0.2089045 
188500 	 0.1603352 
189000 	 0.2125826 
189500 	 0.1061482 
190000 	 0.2672879 
190500 	 0.2805614 
191000 	 0.2238643 
191500 	 0.2237975 
192000 	 0.1308094 
192500 	 0.2485189 
193000 	 0.1760927 
193500 	 0.1605679 
194000 	 0.2152083 
194500 	 0.1939505 
195000 	 0.1862287 
195500 	 0.08597599 
196000 	 0.2074198 
196500 	 0.2030042 
197000 	 0.07647554 
197500 	 0.1236218 
198000 	 0.1857516 
198500 	 0.1661881 
199000 	 0.1520094 
199500 	 0.1683273 
200000 	 0.1340907 
200500 	 0.1304007 
201000 	 0.133611 
201500 	 0.1595825 
202000 	 0.2255631 
202500 	 0.1772724 
203000 	 0.1588155 
203500 	 0.2203118 
204000 	 0.200362 
204500 	 0.1841526 
205000 	 0.1599001 
205500 	 0.1410915 
206000 	 0.1543706 
206500 	 0.2170972 
207000 	 0.2572573 
207500 	 0.2081624 
208000 	 0.1950201 
208500 	 0.2129466 
209000 	 0.182956 
209500 	 0.2786784 
210000 	 0.1636356 
210500 	 0.1594772 
211000 	 0.2200495 
211500 	 0.3046028 
212000 	 0.1567398 
212500 	 0.1942627 
213000 	 0.1720124 
213500 	 0.2369997 
214000 	 0.1361735 
214500 	 0.1276647 
215000 	 0.1431888 
215500 	 0.1677242 
216000 	 0.1058527 
216500 	 0.1503318 
217000 	 0.1595028 
217500 	 0.1864468 
218000 	 0.169604 
218500 	 0.2103547 
219000 	 0.1535049 
219500 	 0.1509488 
220000 	 0.2177073 
220500 	 0.2969103 
221000 	 0.154493 
221500 	 0.1930277 
222000 	 0.2144223 
222500 	 0.2443807 
223000 	 0.2004733 
223500 	 0.2225431 
224000 	 0.1321431 
224500 	 0.1351496 
225000 	 0.2164547 
225500 	 0.1238081 
226000 	 0.1681469 
226500 	 0.2233894 
227000 	 0.1788647 
227500 	 0.2651256 
228000 	 0.2660041 
228500 	 0.1113605 
229000 	 0.1340112 
229500 	 0.1740858 
230000 	 0.191221 
230500 	 0.2112484 
231000 	 0.2204556 
231500 	 0.1441346 
232000 	 0.1459888 
232500 	 0.07552126 
233000 	 0.09678961 
233500 	 0.1657457 
234000 	 0.2287896 
234500 	 0.2312756 
235000 	 0.2234961 
235500 	 0.2463506 
236000 	 0.06026927 
236500 	 0.2241089 
237000 	 0.1714691 
237500 	 0.2777607 
238000 	 0.2196113 
238500 	 0.1584395 
239000 	 0.1885751 
239500 	 0.1510707 
240000 	 0.2434543 
240500 	 0.1884548 
241000 	 0.165198 
241500 	 0.2017426 
242000 	 0.1600513 
242500 	 0.1382309 
243000 	 0.1831546 
243500 	 0.1244254 
244000 	 0.1742881 
244500 	 0.1635735 
245000 	 0.1769423 
245500 	 0.2449277 
246000 	 0.1548879 
246500 	 0.1681516 
247000 	 0.1902699 
247500 	 0.2476486 
248000 	 0.1793085 
248500 	 0.1980618 
249000 	 0.2597644 
249500 	 0.175835 
250000 	 0.2834936 
250500 	 0.148528 
251000 	 0.2005544 
251500 	 0.1385839 
252000 	 0.1765705 
252500 	 0.1541313 
253000 	 0.205715 
253500 	 0.1295219 
254000 	 0.09410067 
254500 	 0.2176022 
255000 	 0.223813 
255500 	 0.1633395 
256000 	 0.2491737 
256500 	 0.1904886 
257000 	 0.05996301 
257500 	 0.1416876 
258000 	 0.2088432 
258500 	 0.2228923 
259000 	 0.1386475 
259500 	 0.1872842 
260000 	 0.190934 
260500 	 0.2193226 
261000 	 0.1484207 
261500 	 0.1426178 
262000 	 0.2346753 
262500 	 0.1629044 
263000 	 0.2322631 
263500 	 0.2749448 
264000 	 0.2427183 
264500 	 0.1370793 
265000 	 0.2785421 
265500 	 0.1032173 
266000 	 0.1331406 
266500 	 0.2210296 
267000 	 0.208248 
267500 	 0.159156 
268000 	 0.1583298 
268500 	 0.1481988 
269000 	 0.1912277 
269500 	 0.1649242 
270000 	 0.1427652 
270500 	 0.1633994 
271000 	 0.204003 
271500 	 0.2362399 
272000 	 0.2050602 
272500 	 0.1245665 
273000 	 0.1109583 
273500 	 0.2334192 
274000 	 0.1338504 
274500 	 0.1897865 
275000 	 0.1856729 
275500 	 0.2504732 
276000 	 0.166351 
276500 	 0.2938054 
277000 	 0.1593488 
277500 	 0.1660877 
278000 	 0.1013749 
278500 	 0.1380598 
279000 	 0.2254976 
279500 	 0.179521 
280000 	 0.1706922 
280500 	 0.1887082 
281000 	 0.2185409 
281500 	 0.2851527 
282000 	 0.2573853 
282500 	 0.2675294 
283000 	 0.1354193 
283500 	 0.2031734 
284000 	 0.1251792 
284500 	 0.1948168 
285000 	 0.1473355 
285500 	 0.1745304 
286000 	 0.3051914 
286500 	 0.1312075 
287000 	 0.2886907 
287500 	 0.1554216 
288000 	 0.1398199 
288500 	 0.2573864 
289000 	 0.1600702 
289500 	 0.1692502 
290000 	 0.2679774 
290500 	 0.105035 
291000 	 0.2327893 
291500 	 0.2252837 
292000 	 0.1701296 
292500 	 0.1995289 
293000 	 0.1866723 
293500 	 0.3038159 
294000 	 0.185062 
294500 	 0.1877303 
295000 	 0.1526659 
295500 	 0.1400743 
296000 	 0.1543194 
296500 	 0.1769416 
297000 	 0.2101812 
297500 	 0.195382 
298000 	 0.1348315 
298500 	 0.1487177 
299000 	 0.2154709 
299500 	 0.3005198 
300000 	 0.2701075 
300500 	 0.2397413 
301000 	 0.1672747 
301500 	 0.1606679 
302000 	 0.1513192 
302500 	 0.2688438 
303000 	 0.2276085 
303500 	 0.2221859 
304000 	 0.1892566 
304500 	 0.1359381 
305000 	 0.29241 
305500 	 0.2261033 
306000 	 0.2227048 
306500 	 0.2013766 
307000 	 0.2855691 
307500 	 0.1743043 
308000 	 0.2396642 
308500 	 0.1787981 
309000 	 0.1670707 
309500 	 0.1584479 
310000 	 0.2152099 
310500 	 0.1634765 
311000 	 0.2309258 
311500 	 0.1927298 
312000 	 0.1935608 
312500 	 0.1895803 
313000 	 0.2120413 
313500 	 0.2014916 
314000 	 0.2130714 
314500 	 0.159112 
315000 	 0.2166311 
315500 	 0.1873409 
316000 	 0.1550392 
316500 	 0.1947616 
317000 	 0.1675449 
317500 	 0.2518152 
318000 	 0.185042 
318500 	 0.1708491 
319000 	 0.3251884 
319500 	 0.1385812 
320000 	 0.2504332 
320500 	 0.1255694 
321000 	 0.1163776 
321500 	 0.1704918 
322000 	 0.268733 
322500 	 0.1951908 
323000 	 0.1244357 
323500 	 0.1710913 
324000 	 0.153053 
324500 	 0.1392008 
325000 	 0.2127037 
325500 	 0.1700177 
326000 	 0.2085574 
326500 	 0.1764758 
327000 	 0.1879727 
327500 	 0.2105207 
328000 	 0.1371488 
328500 	 0.1433941 
329000 	 0.2086341 
329500 	 0.2638398 
330000 	 0.2115693 
330500 	 0.2895407 
331000 	 0.1902715 
331500 	 0.1825629 
332000 	 0.1622847 
332500 	 0.1367663 
333000 	 0.2495435 
333500 	 0.2901304 
334000 	 0.250658 
334500 	 0.1020706 
335000 	 0.2428826 
335500 	 0.1777363 
336000 	 0.1547503 
336500 	 0.2171664 
337000 	 0.09232991 
337500 	 0.2199473 
338000 	 0.1895027 
338500 	 0.281002 
339000 	 0.1284228 
339500 	 0.168559 
340000 	 0.2137948 
340500 	 0.1905741 
341000 	 0.2440226 
341500 	 0.2699266 
342000 	 0.2318566 
342500 	 0.1423841 
343000 	 0.1514862 
343500 	 0.2155166 
344000 	 0.1484202 
344500 	 0.2461001 
345000 	 0.239352 
345500 	 0.1636778 
346000 	 0.2285834 
346500 	 0.1100299 
347000 	 0.1001365 
347500 	 0.1216878 
348000 	 0.1431104 
348500 	 0.1727202 
349000 	 0.1663379 
349500 	 0.2245074 
350000 	 0.1835526 
350500 	 0.2346699 
351000 	 0.1389267 
351500 	 0.2783504 
352000 	 0.1634873 
352500 	 0.1235709 
353000 	 0.1541743 
353500 	 0.1907505 
354000 	 0.2416848 
354500 	 0.2378869 
355000 	 0.228757 
355500 	 0.1303729 
356000 	 0.257194 
356500 	 0.2712776 
357000 	 0.1233273 
357500 	 0.2164358 
358000 	 0.2412791 
358500 	 0.09345087 
359000 	 0.2098648 
359500 	 0.2133441 
360000 	 0.2639092 
360500 	 0.2263374 
361000 	 0.1488685 
361500 	 0.1733678 
362000 	 0.2158908 
362500 	 0.2467888 
363000 	 0.2115727 
363500 	 0.2211663 
364000 	 0.2462198 
364500 	 0.1998372 
365000 	 0.2043148 
365500 	 0.2223038 
366000 	 0.1922082 
366500 	 0.1763551 
367000 	 0.1051879 
367500 	 0.275705 
368000 	 0.1739494 
368500 	 0.092137 
369000 	 0.1599536 
369500 	 0.1344524 
370000 	 0.1954887 
370500 	 0.1707895 
371000 	 0.2335688 
371500 	 0.1639185 
372000 	 0.1849123 
372500 	 0.1731676 
373000 	 0.2688717 
373500 	 0.1585424 
374000 	 0.278804 
374500 	 0.2540372 
375000 	 0.1919801 
375500 	 0.1300475 
376000 	 0.2719142 
376500 	 0.1623998 
377000 	 0.2053314 
377500 	 0.1172494 
378000 	 0.1977168 
378500 	 0.1838807 
379000 	 0.3463348 
379500 	 0.08415383 
380000 	 0.2540736 
380500 	 0.2170505 
381000 	 0.1836837 
381500 	 0.1816878 
382000 	 0.161156 
382500 	 0.1482584 
383000 	 0.221261 
383500 	 0.1385465 
384000 	 0.1680799 
384500 	 0.1421324 
385000 	 0.2453091 
385500 	 0.1806487 
386000 	 0.1619888 
386500 	 0.1626414 
387000 	 0.1275672 
387500 	 0.2717321 
388000 	 0.2448549 
388500 	 0.1432085 
389000 	 0.08341079 
389500 	 0.1510012 
390000 	 0.2097906 
390500 	 0.1940703 
391000 	 0.1755093 
391500 	 0.2000723 
392000 	 0.2622977 
392500 	 0.1246242 
393000 	 0.2443611 
393500 	 0.1714497 
394000 	 0.1564238 
394500 	 0.2250292 
395000 	 0.1472205 
395500 	 0.2633441 
396000 	 0.1920012 
396500 	 0.1828779 
397000 	 0.1537635 
397500 	 0.2191177 
398000 	 0.168586 
398500 	 0.2319534 
399000 	 0.172672 
399500 	 0.1548013 
400000 	 0.2467269 
400500 	 0.1668786 
401000 	 0.1998079 
401500 	 0.2001141 
402000 	 0.1520524 
402500 	 0.1398456 
403000 	 0.3199116 
403500 	 0.2689773 
404000 	 0.2234686 
404500 	 0.2235283 
405000 	 0.1390215 
405500 	 0.1080512 
406000 	 0.1636464 
406500 	 0.2165779 
407000 	 0.1783143 
407500 	 0.1662518 
408000 	 0.1821274 
408500 	 0.1321408 
409000 	 0.1975485 
409500 	 0.2076954 
410000 	 0.2085359 
410500 	 0.1830258 
411000 	 0.3366637 
411500 	 0.177582 
412000 	 0.1413079 
412500 	 0.1542282 
413000 	 0.1366739 
413500 	 0.1598805 
414000 	 0.1178378 
414500 	 0.1687458 
415000 	 0.1903459 
415500 	 0.2144378 
416000 	 0.1817012 
416500 	 0.1688947 
417000 	 0.1125394 
417500 	 0.2537449 
418000 	 0.2669966 
418500 	 0.1822628 
419000 	 0.2365037 
419500 	 0.1184381 
420000 	 0.1768534 
420500 	 0.2526457 
421000 	 0.1729576 
421500 	 0.1898191 
422000 	 0.2365062 
422500 	 0.1507743 
423000 	 0.1364042 
423500 	 0.2386007 
424000 	 0.1834155 
424500 	 0.2477254 
425000 	 0.1486978 
425500 	 0.1378635 
426000 	 0.2661216 
426500 	 0.156557 
427000 	 0.1702923 
427500 	 0.2405747 
428000 	 0.2173402 
428500 	 0.07218542 
429000 	 0.2951844 
429500 	 0.1536565 
430000 	 0.2959454 
430500 	 0.1974997 
431000 	 0.1770188 
431500 	 0.1514352 
432000 	 0.1385132 
432500 	 0.09430706 
433000 	 0.1796087 
433500 	 0.204504 
434000 	 0.203817 
434500 	 0.2666365 
435000 	 0.1388386 
435500 	 0.1068075 
436000 	 0.1783358 
436500 	 0.1919055 
437000 	 0.1546525 
437500 	 0.1676385 
438000 	 0.1617956 
438500 	 0.1995894 
439000 	 0.2203302 
439500 	 0.1786691 
440000 	 0.2868681 
440500 	 0.1159288 
441000 	 0.2465206 
441500 	 0.2312581 
442000 	 0.1789959 
442500 	 0.1567916 
443000 	 0.1641326 
443500 	 0.1509191 
444000 	 0.2119746 
444500 	 0.09371954 
445000 	 0.2885269 
445500 	 0.1137547 
446000 	 0.1267438 
446500 	 0.131375 
447000 	 0.1811691 
447500 	 0.2324541 
448000 	 0.2457738 
448500 	 0.1503132 
449000 	 0.2601504 
449500 	 0.176618 
450000 	 0.2035236 
450500 	 0.202598 
451000 	 0.1822326 
451500 	 0.1985422 
452000 	 0.2396268 
452500 	 0.1123178 
453000 	 0.1050832 
453500 	 0.2808278 
454000 	 0.1468025 
454500 	 0.09611377 
455000 	 0.2205933 
455500 	 0.1764951 
456000 	 0.3126899 
456500 	 0.2319822 
457000 	 0.2644714 
457500 	 0.1230914 
458000 	 0.2078198 
458500 	 0.2002337 
459000 	 0.2544476 
459500 	 0.2647736 
460000 	 0.2347982 
460500 	 0.1723697 
461000 	 0.1851488 
461500 	 0.2838763 
462000 	 0.09568451 
462500 	 0.08242689 
463000 	 0.2015532 
463500 	 0.2564233 
464000 	 0.2763522 
464500 	 0.2298538 
465000 	 0.2099218 
465500 	 0.1561698 
466000 	 0.2146461 
466500 	 0.09750805 
467000 	 0.1738356 
467500 	 0.1677124 
468000 	 0.2017337 
468500 	 0.1667711 
469000 	 0.2110442 
469500 	 0.1424658 
470000 	 0.1248543 
470500 	 0.2046257 
471000 	 0.1344074 
471500 	 0.1813051 
472000 	 0.1947822 
472500 	 0.3018611 
473000 	 0.1596966 
473500 	 0.1788529 
474000 	 0.3421209 
474500 	 0.2139936 
475000 	 0.1490148 
475500 	 0.1696758 
476000 	 0.1130955 
476500 	 0.1702238 
477000 	 0.155305 
477500 	 0.1485237 
478000 	 0.1421148 
478500 	 0.2650169 
479000 	 0.1346849 
479500 	 0.1898743 
480000 	 0.1681478 
480500 	 0.207901 
481000 	 0.1567206 
481500 	 0.07790671 
482000 	 0.173329 
482500 	 0.1463003 
483000 	 0.2096702 
483500 	 0.215118 
484000 	 0.1608874 
484500 	 0.1567736 
485000 	 0.1185852 
485500 	 0.2625671 
486000 	 0.1218026 
486500 	 0.1741369 
487000 	 0.1286237 
487500 	 0.2094123 
488000 	 0.2223275 
488500 	 0.1832427 
489000 	 0.2557521 
489500 	 0.2276881 
490000 	 0.2153716 
490500 	 0.1224844 
491000 	 0.1103573 
491500 	 0.1064845 
492000 	 0.222782 
492500 	 0.2213912 
493000 	 0.2553645 
493500 	 0.1738894 
494000 	 0.197269 
494500 	 0.2348963 
495000 	 0.2380206 
495500 	 0.1974496 
496000 	 0.1245511 
496500 	 0.1175105 
497000 	 0.2032202 
497500 	 0.2291895 
498000 	 0.1898084 
498500 	 0.1793583 
499000 	 0.1633784 
499500 	 0.2449158 
500000 	 0.1417003 
