iter 	 p
500 	 0.2275019 
1000 	 0.2517421 
1500 	 0.2834265 
2000 	 0.1761776 
2500 	 0.1962585 
3000 	 0.1834999 
3500 	 0.2094532 
4000 	 0.1946682 
4500 	 0.2171657 
5000 	 0.1449722 
5500 	 0.27946 
6000 	 0.2520574 
6500 	 0.2106229 
7000 	 0.2603454 
7500 	 0.2041389 
8000 	 0.2624105 
8500 	 0.2259247 
9000 	 0.1809244 
9500 	 0.2532566 
10000 	 0.2505929 
10500 	 0.262451 
11000 	 0.2075438 
11500 	 0.1627088 
12000 	 0.152396 
12500 	 0.216704 
13000 	 0.2945498 
13500 	 0.1769516 
14000 	 0.1981729 
14500 	 0.2320982 
15000 	 0.1413188 
15500 	 0.1609026 
16000 	 0.2146355 
16500 	 0.1671172 
17000 	 0.1272422 
17500 	 0.2444755 
18000 	 0.3269591 
18500 	 0.1929789 
19000 	 0.2251743 
19500 	 0.2896108 
20000 	 0.2782946 
20500 	 0.1658942 
21000 	 0.2219207 
21500 	 0.2429184 
22000 	 0.1619151 
22500 	 0.1226904 
23000 	 0.2020916 
23500 	 0.1418508 
24000 	 0.2059945 
24500 	 0.1657565 
25000 	 0.2938996 
25500 	 0.2174803 
26000 	 0.1288981 
26500 	 0.2755762 
27000 	 0.171477 
27500 	 0.2055763 
28000 	 0.2571936 
28500 	 0.260892 
29000 	 0.1658178 
29500 	 0.2325994 
30000 	 0.2505877 
30500 	 0.2228095 
31000 	 0.134837 
31500 	 0.2318525 
32000 	 0.2814181 
32500 	 0.2153769 
33000 	 0.1446648 
33500 	 0.1228196 
34000 	 0.2533397 
34500 	 0.194961 
35000 	 0.1843039 
35500 	 0.1511961 
36000 	 0.2354725 
36500 	 0.2719053 
37000 	 0.225393 
37500 	 0.1484211 
38000 	 0.1405259 
38500 	 0.2432576 
39000 	 0.1639807 
39500 	 0.2500577 
40000 	 0.1772157 
40500 	 0.1072588 
41000 	 0.1538053 
41500 	 0.23501 
42000 	 0.181858 
42500 	 0.1726382 
43000 	 0.1418743 
43500 	 0.1785141 
44000 	 0.2182535 
44500 	 0.1817027 
45000 	 0.1651531 
45500 	 0.2887162 
46000 	 0.2553909 
46500 	 0.1400783 
47000 	 0.1866746 
47500 	 0.1906077 
48000 	 0.2411486 
48500 	 0.2400618 
49000 	 0.142421 
49500 	 0.2765364 
50000 	 0.1851547 
50500 	 0.2495737 
51000 	 0.1630857 
51500 	 0.2505225 
52000 	 0.346201 
52500 	 0.1863 
53000 	 0.2262326 
53500 	 0.2350032 
54000 	 0.2970317 
54500 	 0.1496088 
55000 	 0.2475486 
55500 	 0.1695742 
56000 	 0.2116338 
56500 	 0.2080735 
57000 	 0.180266 
57500 	 0.2571431 
58000 	 0.1354491 
58500 	 0.2026418 
59000 	 0.1662936 
59500 	 0.2075113 
60000 	 0.2418441 
60500 	 0.2374663 
61000 	 0.151305 
61500 	 0.2275902 
62000 	 0.2276865 
62500 	 0.1829086 
63000 	 0.2144828 
63500 	 0.18867 
64000 	 0.1765838 
64500 	 0.1990185 
65000 	 0.2088139 
65500 	 0.131046 
66000 	 0.1819487 
66500 	 0.1501855 
67000 	 0.1649464 
67500 	 0.1996382 
68000 	 0.1496914 
68500 	 0.1667069 
69000 	 0.1880562 
69500 	 0.2820826 
70000 	 0.2188889 
70500 	 0.2310515 
71000 	 0.1949584 
71500 	 0.1902288 
72000 	 0.2344393 
72500 	 0.1420933 
73000 	 0.2126555 
73500 	 0.1792994 
74000 	 0.2603405 
74500 	 0.2109728 
75000 	 0.1868709 
75500 	 0.2642948 
76000 	 0.1671529 
76500 	 0.2175797 
77000 	 0.237713 
77500 	 0.1762459 
78000 	 0.2118465 
78500 	 0.2182961 
79000 	 0.2554278 
79500 	 0.1488504 
80000 	 0.2802457 
80500 	 0.1663331 
81000 	 0.203854 
81500 	 0.327341 
82000 	 0.1133044 
82500 	 0.1645474 
83000 	 0.2100627 
83500 	 0.2402972 
84000 	 0.313016 
84500 	 0.1917212 
85000 	 0.2228417 
85500 	 0.1528145 
86000 	 0.2225496 
86500 	 0.1963835 
87000 	 0.2287923 
87500 	 0.2224501 
88000 	 0.2853825 
88500 	 0.1943456 
89000 	 0.1245311 
89500 	 0.156169 
90000 	 0.2419684 
90500 	 0.2698643 
91000 	 0.2491217 
91500 	 0.1383251 
92000 	 0.3083578 
92500 	 0.3259062 
93000 	 0.1200094 
93500 	 0.1861225 
94000 	 0.2413409 
94500 	 0.1860744 
95000 	 0.3034268 
95500 	 0.1673398 
96000 	 0.2518213 
96500 	 0.2495441 
97000 	 0.1734387 
97500 	 0.1977839 
98000 	 0.2057081 
98500 	 0.2029201 
99000 	 0.1742474 
99500 	 0.1560616 
100000 	 0.2958189 
100500 	 0.1242229 
101000 	 0.1780051 
101500 	 0.1767904 
102000 	 0.2401182 
102500 	 0.2376821 
103000 	 0.2757903 
103500 	 0.2333611 
104000 	 0.2395873 
104500 	 0.1343223 
105000 	 0.2825441 
105500 	 0.2694929 
106000 	 0.2425204 
106500 	 0.2204518 
107000 	 0.1945721 
107500 	 0.2725869 
108000 	 0.3313422 
108500 	 0.2303459 
109000 	 0.2589915 
109500 	 0.1892538 
110000 	 0.1575565 
110500 	 0.295749 
111000 	 0.1287062 
111500 	 0.2844805 
112000 	 0.2035223 
112500 	 0.1294952 
113000 	 0.1974349 
113500 	 0.2156149 
114000 	 0.1881993 
114500 	 0.1767457 
115000 	 0.2453291 
115500 	 0.2676801 
116000 	 0.1584172 
116500 	 0.2195418 
117000 	 0.1518264 
117500 	 0.1619453 
118000 	 0.2915038 
118500 	 0.1898807 
119000 	 0.2505093 
119500 	 0.1770603 
120000 	 0.2576543 
120500 	 0.347821 
121000 	 0.18596 
121500 	 0.2197237 
122000 	 0.2637632 
122500 	 0.2846566 
123000 	 0.1682685 
123500 	 0.156503 
124000 	 0.2431078 
124500 	 0.2534301 
125000 	 0.09928149 
125500 	 0.2460482 
126000 	 0.2158012 
126500 	 0.2530437 
127000 	 0.3119527 
127500 	 0.2951414 
128000 	 0.206701 
128500 	 0.2191129 
129000 	 0.1689312 
129500 	 0.2570689 
130000 	 0.2360417 
130500 	 0.1856397 
131000 	 0.16545 
131500 	 0.2686737 
132000 	 0.2135344 
132500 	 0.2133298 
133000 	 0.2417639 
133500 	 0.2247896 
134000 	 0.1697906 
134500 	 0.2077614 
135000 	 0.1329356 
135500 	 0.1776913 
136000 	 0.2343081 
136500 	 0.1219683 
137000 	 0.1870405 
137500 	 0.1193723 
138000 	 0.1951127 
138500 	 0.1168936 
139000 	 0.1355037 
139500 	 0.2357928 
140000 	 0.2230132 
140500 	 0.3209483 
141000 	 0.1432857 
141500 	 0.2609862 
142000 	 0.1312975 
142500 	 0.2062074 
143000 	 0.1797115 
143500 	 0.2053821 
144000 	 0.2159378 
144500 	 0.1952919 
145000 	 0.1812349 
145500 	 0.2200409 
146000 	 0.2852694 
146500 	 0.2207899 
147000 	 0.2272077 
147500 	 0.2360284 
148000 	 0.138268 
148500 	 0.1859031 
149000 	 0.1960888 
149500 	 0.142129 
150000 	 0.3072309 
150500 	 0.2917381 
151000 	 0.2557882 
151500 	 0.2133407 
152000 	 0.1975743 
152500 	 0.1951737 
153000 	 0.1754015 
153500 	 0.1906606 
154000 	 0.231115 
154500 	 0.2550648 
155000 	 0.21598 
155500 	 0.3049982 
156000 	 0.2682827 
156500 	 0.1255883 
157000 	 0.2414918 
157500 	 0.1980029 
158000 	 0.2810828 
158500 	 0.239234 
159000 	 0.1854783 
159500 	 0.1639952 
160000 	 0.2233852 
160500 	 0.3819788 
161000 	 0.1361425 
161500 	 0.1782677 
162000 	 0.1886645 
162500 	 0.2529601 
163000 	 0.1976701 
163500 	 0.2018747 
164000 	 0.2664283 
164500 	 0.1985569 
165000 	 0.159942 
165500 	 0.1413506 
166000 	 0.2467196 
166500 	 0.0870395 
167000 	 0.1490772 
167500 	 0.160158 
168000 	 0.1934666 
168500 	 0.2234937 
169000 	 0.1492627 
169500 	 0.1522107 
170000 	 0.2498817 
170500 	 0.2927265 
171000 	 0.2073838 
171500 	 0.238962 
172000 	 0.2561492 
172500 	 0.1719671 
173000 	 0.2355574 
173500 	 0.2214734 
174000 	 0.2639324 
174500 	 0.1883114 
175000 	 0.332204 
175500 	 0.1675515 
176000 	 0.1991915 
176500 	 0.1838246 
177000 	 0.3000612 
177500 	 0.1592345 
178000 	 0.3237238 
178500 	 0.2762539 
179000 	 0.1654521 
179500 	 0.182075 
180000 	 0.2324493 
180500 	 0.186865 
181000 	 0.1713878 
181500 	 0.3651376 
182000 	 0.2440086 
182500 	 0.1433846 
183000 	 0.2725149 
183500 	 0.1924214 
184000 	 0.2347764 
184500 	 0.1767725 
185000 	 0.2043152 
185500 	 0.1963588 
186000 	 0.1607772 
186500 	 0.1830907 
187000 	 0.1266638 
187500 	 0.2426746 
188000 	 0.2156798 
188500 	 0.2666686 
189000 	 0.2231917 
189500 	 0.1957437 
190000 	 0.2075634 
190500 	 0.267633 
191000 	 0.1962706 
191500 	 0.1812116 
192000 	 0.1894603 
192500 	 0.1290758 
193000 	 0.2109402 
193500 	 0.2584362 
194000 	 0.2049882 
194500 	 0.2150131 
195000 	 0.2108231 
195500 	 0.1802076 
196000 	 0.1936508 
196500 	 0.2328974 
197000 	 0.1821034 
197500 	 0.1938705 
198000 	 0.2407086 
198500 	 0.1366744 
199000 	 0.212782 
199500 	 0.1469792 
200000 	 0.1407515 
200500 	 0.1647738 
201000 	 0.1691417 
201500 	 0.1842267 
202000 	 0.2277197 
202500 	 0.1757126 
203000 	 0.1777378 
203500 	 0.2456132 
204000 	 0.2058053 
204500 	 0.1612156 
205000 	 0.3207856 
205500 	 0.2367706 
206000 	 0.1736782 
206500 	 0.2379453 
207000 	 0.2157058 
207500 	 0.1648711 
208000 	 0.2461882 
208500 	 0.1684036 
209000 	 0.08621465 
209500 	 0.1945326 
210000 	 0.2387012 
210500 	 0.2244059 
211000 	 0.2824167 
211500 	 0.1195116 
212000 	 0.2168785 
212500 	 0.2096264 
213000 	 0.1774852 
213500 	 0.2233058 
214000 	 0.2209002 
214500 	 0.1639861 
215000 	 0.1158231 
215500 	 0.2767235 
216000 	 0.282209 
216500 	 0.1993935 
217000 	 0.1182888 
217500 	 0.175287 
218000 	 0.195282 
218500 	 0.1080289 
219000 	 0.1924447 
219500 	 0.1393242 
220000 	 0.1186883 
220500 	 0.2824222 
221000 	 0.2042281 
221500 	 0.1735339 
222000 	 0.1172271 
222500 	 0.1537274 
223000 	 0.208918 
223500 	 0.2036731 
224000 	 0.2476794 
224500 	 0.2261344 
225000 	 0.2417199 
225500 	 0.1321945 
226000 	 0.196076 
226500 	 0.2274219 
227000 	 0.2181295 
227500 	 0.2879277 
228000 	 0.233003 
228500 	 0.2539822 
229000 	 0.1771666 
229500 	 0.2035464 
230000 	 0.1937812 
230500 	 0.2498678 
231000 	 0.2309584 
231500 	 0.2474717 
232000 	 0.2084587 
232500 	 0.2665914 
233000 	 0.1555409 
233500 	 0.2142483 
234000 	 0.2829524 
234500 	 0.1791529 
235000 	 0.1650733 
235500 	 0.12279 
236000 	 0.2094963 
236500 	 0.2342894 
237000 	 0.1901193 
237500 	 0.2101525 
238000 	 0.2251343 
238500 	 0.1872758 
239000 	 0.1625592 
239500 	 0.2726816 
240000 	 0.1454589 
240500 	 0.2802684 
241000 	 0.2771661 
241500 	 0.2188388 
242000 	 0.1635518 
242500 	 0.1868401 
243000 	 0.2153981 
243500 	 0.2489911 
244000 	 0.1988819 
244500 	 0.1465887 
245000 	 0.2002809 
245500 	 0.2729551 
246000 	 0.1954514 
246500 	 0.1925575 
247000 	 0.1529834 
247500 	 0.2798049 
248000 	 0.1363602 
248500 	 0.281426 
249000 	 0.2582727 
249500 	 0.1749154 
250000 	 0.2771199 
250500 	 0.202559 
251000 	 0.1997972 
251500 	 0.2465901 
252000 	 0.2618402 
252500 	 0.1324562 
253000 	 0.2947382 
253500 	 0.2090506 
254000 	 0.2242742 
254500 	 0.124367 
255000 	 0.2386247 
255500 	 0.2230845 
256000 	 0.2782756 
256500 	 0.190405 
257000 	 0.1710825 
257500 	 0.1555498 
258000 	 0.1552309 
258500 	 0.1305289 
259000 	 0.2502261 
259500 	 0.2272879 
260000 	 0.1970027 
260500 	 0.2123944 
261000 	 0.1368865 
261500 	 0.2873687 
262000 	 0.236234 
262500 	 0.1549888 
263000 	 0.1623967 
263500 	 0.2046052 
264000 	 0.250614 
264500 	 0.3006959 
265000 	 0.1754131 
265500 	 0.2315796 
266000 	 0.2286401 
266500 	 0.1948462 
267000 	 0.2447411 
267500 	 0.2274886 
268000 	 0.2689676 
268500 	 0.2135596 
269000 	 0.1865347 
269500 	 0.2255965 
270000 	 0.1608654 
270500 	 0.1989506 
271000 	 0.191932 
271500 	 0.165065 
272000 	 0.1329675 
272500 	 0.2471353 
273000 	 0.1621032 
273500 	 0.278766 
274000 	 0.1761118 
274500 	 0.1334638 
275000 	 0.2330129 
275500 	 0.225671 
276000 	 0.2023255 
276500 	 0.2393684 
277000 	 0.2773527 
277500 	 0.2331119 
278000 	 0.204911 
278500 	 0.1901478 
279000 	 0.2648429 
279500 	 0.1671928 
280000 	 0.2203158 
280500 	 0.2226455 
281000 	 0.1589865 
281500 	 0.1724892 
282000 	 0.1527597 
282500 	 0.2483792 
283000 	 0.1847922 
283500 	 0.2057341 
284000 	 0.1869386 
284500 	 0.1496274 
285000 	 0.2525608 
285500 	 0.135972 
286000 	 0.2350013 
286500 	 0.2558248 
287000 	 0.1608446 
287500 	 0.168913 
288000 	 0.1657302 
288500 	 0.1945342 
289000 	 0.1664318 
289500 	 0.1965303 
290000 	 0.1305999 
290500 	 0.2158596 
291000 	 0.253538 
291500 	 0.2654419 
292000 	 0.2466683 
292500 	 0.1761967 
293000 	 0.1985802 
293500 	 0.2795882 
294000 	 0.258848 
294500 	 0.1444919 
295000 	 0.2000367 
295500 	 0.1960514 
296000 	 0.2025548 
296500 	 0.2670796 
297000 	 0.217122 
297500 	 0.163187 
298000 	 0.1998013 
298500 	 0.1943086 
299000 	 0.2283784 
299500 	 0.1284775 
300000 	 0.2545125 
300500 	 0.1939556 
301000 	 0.1600985 
301500 	 0.1221812 
302000 	 0.2151218 
302500 	 0.1911169 
303000 	 0.1642643 
303500 	 0.1979247 
304000 	 0.2055571 
304500 	 0.155438 
305000 	 0.2523775 
305500 	 0.243856 
306000 	 0.3122647 
306500 	 0.3519697 
307000 	 0.2131994 
307500 	 0.1236375 
308000 	 0.1731608 
308500 	 0.2145503 
309000 	 0.1226104 
309500 	 0.1573306 
310000 	 0.1346051 
310500 	 0.1875579 
311000 	 0.2042322 
311500 	 0.2639518 
312000 	 0.1544444 
312500 	 0.1888723 
313000 	 0.3191644 
313500 	 0.163357 
314000 	 0.2372 
314500 	 0.2135902 
315000 	 0.118229 
315500 	 0.1887324 
316000 	 0.1688675 
316500 	 0.2641054 
317000 	 0.192058 
317500 	 0.2211012 
318000 	 0.2652438 
318500 	 0.160045 
319000 	 0.1617403 
319500 	 0.1469257 
320000 	 0.2704167 
320500 	 0.1195652 
321000 	 0.278417 
321500 	 0.2099882 
322000 	 0.2418462 
322500 	 0.1614368 
323000 	 0.2099528 
323500 	 0.1649022 
324000 	 0.1682747 
324500 	 0.1666334 
325000 	 0.3232094 
325500 	 0.1048148 
326000 	 0.133245 
326500 	 0.1717384 
327000 	 0.2303935 
327500 	 0.1901032 
328000 	 0.2814834 
328500 	 0.2978192 
329000 	 0.1906308 
329500 	 0.1258758 
330000 	 0.2562775 
330500 	 0.2525621 
331000 	 0.1574375 
331500 	 0.1791135 
332000 	 0.2748909 
332500 	 0.180459 
333000 	 0.190646 
333500 	 0.174649 
334000 	 0.2073067 
334500 	 0.1716305 
335000 	 0.2376538 
335500 	 0.2087882 
336000 	 0.1951724 
336500 	 0.2003769 
337000 	 0.266911 
337500 	 0.1960439 
338000 	 0.2271972 
338500 	 0.1912521 
339000 	 0.1048979 
339500 	 0.2142236 
340000 	 0.2238539 
340500 	 0.1777195 
341000 	 0.1376014 
341500 	 0.2481002 
342000 	 0.2757456 
342500 	 0.1952031 
343000 	 0.1851434 
343500 	 0.2216259 
344000 	 0.2339902 
344500 	 0.1874122 
345000 	 0.1432175 
345500 	 0.1311181 
346000 	 0.2202605 
346500 	 0.303248 
347000 	 0.3389212 
347500 	 0.2308058 
348000 	 0.218794 
348500 	 0.1643015 
349000 	 0.2928633 
349500 	 0.1946375 
350000 	 0.2220402 
350500 	 0.177487 
351000 	 0.2154736 
351500 	 0.2360936 
352000 	 0.2171464 
352500 	 0.1697496 
353000 	 0.2828375 
353500 	 0.2465423 
354000 	 0.1393175 
354500 	 0.1334847 
355000 	 0.131995 
355500 	 0.1817313 
356000 	 0.1460531 
356500 	 0.2539353 
357000 	 0.2688728 
357500 	 0.1952547 
358000 	 0.2265534 
358500 	 0.2603033 
359000 	 0.164171 
359500 	 0.1508822 
360000 	 0.196742 
360500 	 0.1800996 
361000 	 0.1881378 
361500 	 0.234081 
362000 	 0.2043886 
362500 	 0.2690121 
363000 	 0.1864416 
363500 	 0.2389889 
364000 	 0.2070924 
364500 	 0.1644805 
365000 	 0.1935169 
365500 	 0.196398 
366000 	 0.2376374 
366500 	 0.2532066 
367000 	 0.2515785 
367500 	 0.2015378 
368000 	 0.2098565 
368500 	 0.2353299 
369000 	 0.2723047 
369500 	 0.2165511 
370000 	 0.1680359 
370500 	 0.2525159 
371000 	 0.2038829 
371500 	 0.1841275 
372000 	 0.342794 
372500 	 0.2350192 
373000 	 0.1225248 
373500 	 0.1899779 
374000 	 0.1711723 
374500 	 0.2226842 
375000 	 0.2620668 
375500 	 0.2317645 
376000 	 0.2200529 
376500 	 0.212301 
377000 	 0.1773678 
377500 	 0.2153533 
378000 	 0.2067815 
378500 	 0.1547116 
379000 	 0.1838839 
379500 	 0.1213424 
380000 	 0.2120955 
380500 	 0.1831749 
381000 	 0.2437507 
381500 	 0.2145979 
382000 	 0.132064 
382500 	 0.2536799 
383000 	 0.273018 
383500 	 0.2670149 
384000 	 0.2243586 
384500 	 0.2319153 
385000 	 0.2248522 
385500 	 0.2051476 
386000 	 0.1914996 
386500 	 0.1981045 
387000 	 0.1904228 
387500 	 0.1492319 
388000 	 0.1845855 
388500 	 0.2161015 
389000 	 0.2777719 
389500 	 0.2409051 
390000 	 0.2294919 
390500 	 0.2413463 
391000 	 0.1234653 
391500 	 0.2188144 
392000 	 0.3012399 
392500 	 0.2049106 
393000 	 0.1741209 
393500 	 0.1856814 
394000 	 0.2008192 
394500 	 0.2128704 
395000 	 0.18929 
395500 	 0.2062705 
396000 	 0.2683435 
396500 	 0.2464826 
397000 	 0.1018095 
397500 	 0.1851935 
398000 	 0.2042953 
398500 	 0.255646 
399000 	 0.1884539 
399500 	 0.3257534 
400000 	 0.2449139 
400500 	 0.2227803 
401000 	 0.1648837 
401500 	 0.2086963 
402000 	 0.1179971 
402500 	 0.2133742 
403000 	 0.2063417 
403500 	 0.1322318 
404000 	 0.2461936 
404500 	 0.1789259 
405000 	 0.2416507 
405500 	 0.06057137 
406000 	 0.2889538 
406500 	 0.1570276 
407000 	 0.2127852 
407500 	 0.2251191 
408000 	 0.2006026 
408500 	 0.2245698 
409000 	 0.187212 
409500 	 0.1696909 
410000 	 0.2783844 
410500 	 0.2052415 
411000 	 0.1583794 
411500 	 0.1910564 
412000 	 0.2449759 
412500 	 0.1641721 
413000 	 0.2009703 
413500 	 0.1804932 
414000 	 0.2071391 
414500 	 0.172169 
415000 	 0.1837694 
415500 	 0.1996122 
416000 	 0.1306614 
416500 	 0.1994114 
417000 	 0.2196892 
417500 	 0.1709977 
418000 	 0.225464 
418500 	 0.2243454 
419000 	 0.1547948 
419500 	 0.286964 
420000 	 0.150454 
420500 	 0.1640606 
421000 	 0.1782155 
421500 	 0.2476075 
422000 	 0.1829294 
422500 	 0.2059389 
423000 	 0.1737658 
423500 	 0.2706374 
424000 	 0.2305034 
424500 	 0.2173745 
425000 	 0.2859919 
425500 	 0.155263 
426000 	 0.176867 
426500 	 0.2348235 
427000 	 0.1862708 
427500 	 0.1248038 
428000 	 0.2135585 
428500 	 0.1975122 
429000 	 0.2636732 
429500 	 0.183668 
430000 	 0.3165156 
430500 	 0.2853322 
431000 	 0.1898846 
431500 	 0.1868719 
432000 	 0.2257474 
432500 	 0.1467284 
433000 	 0.1737844 
433500 	 0.1435592 
434000 	 0.2262182 
434500 	 0.171439 
435000 	 0.2182599 
435500 	 0.2859651 
436000 	 0.2093515 
436500 	 0.283434 
437000 	 0.1213397 
437500 	 0.2967578 
438000 	 0.169762 
438500 	 0.2311885 
439000 	 0.1966032 
439500 	 0.1762547 
440000 	 0.1798939 
440500 	 0.230674 
441000 	 0.110354 
441500 	 0.2339828 
442000 	 0.2889846 
442500 	 0.1003609 
443000 	 0.2155801 
443500 	 0.1337744 
444000 	 0.214109 
444500 	 0.1668257 
445000 	 0.1135215 
445500 	 0.1877402 
446000 	 0.1352171 
446500 	 0.2389695 
447000 	 0.2167748 
447500 	 0.1517964 
448000 	 0.1878168 
448500 	 0.1733346 
449000 	 0.1791928 
449500 	 0.1781899 
450000 	 0.1652846 
450500 	 0.2044015 
451000 	 0.1772048 
451500 	 0.2261448 
452000 	 0.2068537 
452500 	 0.224507 
453000 	 0.1918228 
453500 	 0.1698889 
454000 	 0.1682928 
454500 	 0.2370918 
455000 	 0.2688739 
455500 	 0.2000054 
456000 	 0.203788 
456500 	 0.2202308 
457000 	 0.2435896 
457500 	 0.1226334 
458000 	 0.2062853 
458500 	 0.1389392 
459000 	 0.2110761 
459500 	 0.2428802 
460000 	 0.2528453 
460500 	 0.1849197 
461000 	 0.2747163 
461500 	 0.122575 
462000 	 0.1983864 
462500 	 0.2279941 
463000 	 0.2191928 
463500 	 0.1813313 
464000 	 0.3144234 
464500 	 0.151566 
465000 	 0.1721379 
465500 	 0.178146 
466000 	 0.1579122 
466500 	 0.2179324 
467000 	 0.2516661 
467500 	 0.1720547 
468000 	 0.1652616 
468500 	 0.2169352 
469000 	 0.2372625 
469500 	 0.1779835 
470000 	 0.2912197 
470500 	 0.226255 
471000 	 0.1932096 
471500 	 0.1451949 
472000 	 0.1102439 
472500 	 0.254642 
473000 	 0.2309546 
473500 	 0.2762277 
474000 	 0.1941751 
474500 	 0.1991383 
475000 	 0.164326 
475500 	 0.2184624 
476000 	 0.2510584 
476500 	 0.2212614 
477000 	 0.2333084 
477500 	 0.1263619 
478000 	 0.2320765 
478500 	 0.1548839 
479000 	 0.2195787 
479500 	 0.1172322 
480000 	 0.1806711 
480500 	 0.1650344 
481000 	 0.183212 
481500 	 0.2271394 
482000 	 0.260912 
482500 	 0.1464016 
483000 	 0.1418346 
483500 	 0.1302959 
484000 	 0.237481 
484500 	 0.2374949 
485000 	 0.2664559 
485500 	 0.1289219 
486000 	 0.3190176 
486500 	 0.2311249 
487000 	 0.2024074 
487500 	 0.09611645 
488000 	 0.1648992 
488500 	 0.1796624 
489000 	 0.1278458 
489500 	 0.1875328 
490000 	 0.1728769 
490500 	 0.2955409 
491000 	 0.2031951 
491500 	 0.2423366 
492000 	 0.2210763 
492500 	 0.1971045 
493000 	 0.157988 
493500 	 0.1758604 
494000 	 0.2964287 
494500 	 0.1909553 
495000 	 0.2156454 
495500 	 0.1664316 
496000 	 0.1528753 
496500 	 0.2200119 
497000 	 0.1203288 
497500 	 0.2913551 
498000 	 0.2331476 
498500 	 0.2040788 
499000 	 0.2141705 
499500 	 0.2059843 
500000 	 0.2417634 
