iter 	 p
500 	 0.08233493 
1000 	 0.04064347 
1500 	 0.1227127 
2000 	 0.08811741 
2500 	 0.09751114 
3000 	 0.07081213 
3500 	 0.1342228 
4000 	 0.1094224 
4500 	 0.1189924 
5000 	 0.07975254 
5500 	 0.106029 
6000 	 0.04334734 
6500 	 0.110375 
7000 	 0.07557855 
7500 	 0.06178195 
8000 	 0.07993485 
8500 	 0.0791765 
9000 	 0.1334267 
9500 	 0.114921 
10000 	 0.1153619 
10500 	 0.112066 
11000 	 0.1127812 
11500 	 0.1130969 
12000 	 0.08592834 
12500 	 0.1092653 
13000 	 0.1234793 
13500 	 0.1057879 
14000 	 0.04655542 
14500 	 0.1128284 
15000 	 0.09539614 
15500 	 0.07202539 
16000 	 0.1025852 
16500 	 0.1132548 
17000 	 0.04274564 
17500 	 0.05324087 
18000 	 0.09614234 
18500 	 0.08722984 
19000 	 0.1122286 
19500 	 0.06677518 
20000 	 0.07735553 
20500 	 0.1611177 
21000 	 0.2020298 
21500 	 0.05432981 
22000 	 0.06678026 
22500 	 0.1154547 
23000 	 0.2122397 
23500 	 0.1060283 
24000 	 0.1355658 
24500 	 0.1333776 
25000 	 0.08979824 
25500 	 0.08856538 
26000 	 0.07880401 
26500 	 0.09379165 
27000 	 0.08945861 
27500 	 0.1580425 
28000 	 0.08080121 
28500 	 0.07826144 
29000 	 0.1380819 
29500 	 0.1523261 
30000 	 0.08628867 
30500 	 0.08922689 
31000 	 0.1667712 
31500 	 0.1547167 
32000 	 0.104744 
32500 	 0.05799178 
33000 	 0.156283 
33500 	 0.1530388 
34000 	 0.08213651 
34500 	 0.1042822 
35000 	 0.1405358 
35500 	 0.09736746 
36000 	 0.0552001 
36500 	 0.085918 
37000 	 0.06750854 
37500 	 0.05402711 
38000 	 0.1084445 
38500 	 0.1047973 
39000 	 0.06146931 
39500 	 0.09843092 
40000 	 0.1481084 
40500 	 0.1709978 
41000 	 0.3273974 
41500 	 0.04381529 
42000 	 0.08864891 
42500 	 0.08780525 
43000 	 0.1364119 
43500 	 0.06436186 
44000 	 0.08395598 
44500 	 0.04344858 
45000 	 0.09896644 
45500 	 0.07419307 
46000 	 0.1628133 
46500 	 0.079112 
47000 	 0.0592939 
47500 	 0.09323384 
48000 	 0.1318547 
48500 	 0.1383709 
49000 	 0.1048991 
49500 	 0.1297762 
50000 	 0.05300754 
50500 	 0.04856809 
51000 	 0.06915682 
51500 	 0.06416267 
52000 	 0.1434158 
52500 	 0.137837 
53000 	 0.1417508 
53500 	 0.07752959 
54000 	 0.04176019 
54500 	 0.1410226 
55000 	 0.06731666 
55500 	 0.1267169 
56000 	 0.1088865 
56500 	 0.139409 
57000 	 0.08012528 
57500 	 0.1105561 
58000 	 0.1113668 
58500 	 0.09176441 
59000 	 0.07869622 
59500 	 0.08044724 
60000 	 0.1998864 
60500 	 0.04889933 
61000 	 0.1077825 
61500 	 0.08276382 
62000 	 0.1464582 
62500 	 0.1014217 
63000 	 0.1368377 
63500 	 0.1142871 
64000 	 0.08786784 
64500 	 0.1102654 
65000 	 0.07835416 
65500 	 0.1046198 
66000 	 0.1624194 
66500 	 0.07471765 
67000 	 0.1180975 
67500 	 0.1165814 
68000 	 0.09410848 
68500 	 0.08785045 
69000 	 0.06692813 
69500 	 0.06416139 
70000 	 0.0522444 
70500 	 0.07660082 
71000 	 0.1462316 
71500 	 0.1017843 
72000 	 0.08217181 
72500 	 0.08782201 
73000 	 0.09949376 
73500 	 0.06562882 
74000 	 0.1488533 
74500 	 0.09076166 
75000 	 0.122772 
75500 	 0.04839613 
76000 	 0.07419225 
76500 	 0.06711981 
77000 	 0.1745471 
77500 	 0.09584569 
78000 	 0.170054 
78500 	 0.1458059 
79000 	 0.05325578 
79500 	 0.08393648 
80000 	 0.2346762 
80500 	 0.1206483 
81000 	 0.06230519 
81500 	 0.1035284 
82000 	 0.102975 
82500 	 0.1295403 
83000 	 0.110094 
83500 	 0.06862072 
84000 	 0.1063359 
84500 	 0.1811072 
85000 	 0.1232521 
85500 	 0.09630856 
86000 	 0.06913658 
86500 	 0.06667689 
87000 	 0.07252691 
87500 	 0.0542187 
88000 	 0.1377825 
88500 	 0.1014002 
89000 	 0.06902625 
89500 	 0.07190474 
90000 	 0.09895137 
90500 	 0.1184439 
91000 	 0.07357445 
91500 	 0.09506638 
92000 	 0.09454731 
92500 	 0.1338437 
93000 	 0.09686769 
93500 	 0.1179424 
94000 	 0.05413013 
94500 	 0.1169493 
95000 	 0.1039474 
95500 	 0.09003032 
96000 	 0.114336 
96500 	 0.1258041 
97000 	 0.09613699 
97500 	 0.1993105 
98000 	 0.04823567 
98500 	 0.08828299 
99000 	 0.08605502 
99500 	 0.1767945 
100000 	 0.1646478 
100500 	 0.09312183 
101000 	 0.07659141 
101500 	 0.1070278 
102000 	 0.09087966 
102500 	 0.06733285 
103000 	 0.09411688 
103500 	 0.119241 
104000 	 0.07502016 
104500 	 0.08251639 
105000 	 0.05825516 
105500 	 0.1079589 
106000 	 0.06998301 
106500 	 0.04427898 
107000 	 0.09028581 
107500 	 0.03982256 
108000 	 0.1358334 
108500 	 0.07276965 
109000 	 0.08138466 
109500 	 0.04228744 
110000 	 0.06500774 
110500 	 0.05805645 
111000 	 0.08568102 
111500 	 0.09435564 
112000 	 0.06571706 
112500 	 0.06302392 
113000 	 0.06323043 
113500 	 0.09689689 
114000 	 0.09334462 
114500 	 0.06133039 
115000 	 0.1022057 
115500 	 0.1373332 
116000 	 0.04123368 
116500 	 0.1121189 
117000 	 0.07996349 
117500 	 0.03191519 
118000 	 0.08251201 
118500 	 0.06444458 
119000 	 0.1621777 
119500 	 0.07897462 
120000 	 0.1390528 
120500 	 0.04425494 
121000 	 0.06920835 
121500 	 0.08241935 
122000 	 0.04378435 
122500 	 0.07324588 
123000 	 0.06518583 
123500 	 0.09340005 
124000 	 0.07948102 
124500 	 0.05848813 
125000 	 0.05412249 
125500 	 0.1180225 
126000 	 0.0306977 
126500 	 0.0621603 
127000 	 0.1415866 
127500 	 0.06833432 
128000 	 0.1197896 
128500 	 0.07047925 
129000 	 0.04709416 
129500 	 0.05551381 
130000 	 0.1588794 
130500 	 0.07104324 
131000 	 0.1177443 
131500 	 0.1026679 
132000 	 0.07899209 
132500 	 0.1634533 
133000 	 0.06090711 
133500 	 0.06200254 
134000 	 0.07956373 
134500 	 0.02287033 
135000 	 0.08133049 
135500 	 0.1356088 
136000 	 0.122425 
136500 	 0.1223193 
137000 	 0.0575574 
137500 	 0.1475168 
138000 	 0.07069018 
138500 	 0.1125164 
139000 	 0.06653409 
139500 	 0.07019548 
140000 	 0.0688998 
140500 	 0.1020678 
141000 	 0.1243441 
141500 	 0.1445619 
142000 	 0.09181863 
142500 	 0.07827619 
143000 	 0.1054664 
143500 	 0.1135847 
144000 	 0.1586157 
144500 	 0.1522339 
145000 	 0.07447419 
145500 	 0.1088 
146000 	 0.08253615 
146500 	 0.08735013 
147000 	 0.1097967 
147500 	 0.09579728 
148000 	 0.05185345 
148500 	 0.1053371 
149000 	 0.06983997 
149500 	 0.09325018 
150000 	 0.08176589 
150500 	 0.08514951 
151000 	 0.0926861 
151500 	 0.08184425 
152000 	 0.1002919 
152500 	 0.08218008 
153000 	 0.05793798 
153500 	 0.09699004 
154000 	 0.1128016 
154500 	 0.08987976 
155000 	 0.09344683 
155500 	 0.1491319 
156000 	 0.1116671 
156500 	 0.09592815 
157000 	 0.09620978 
157500 	 0.09095099 
158000 	 0.06326253 
158500 	 0.09110028 
159000 	 0.1342262 
159500 	 0.04572972 
160000 	 0.1937927 
160500 	 0.0716311 
161000 	 0.1300652 
161500 	 0.06520546 
162000 	 0.06289539 
162500 	 0.05836512 
163000 	 0.1143526 
163500 	 0.08078683 
164000 	 0.1065895 
164500 	 0.08534015 
165000 	 0.07542493 
165500 	 0.1291337 
166000 	 0.1213694 
166500 	 0.06820716 
167000 	 0.0772835 
167500 	 0.03710039 
168000 	 0.07890209 
168500 	 0.1006087 
169000 	 0.07005671 
169500 	 0.08787 
170000 	 0.07034171 
170500 	 0.06978639 
171000 	 0.1294226 
171500 	 0.15857 
172000 	 0.06918875 
172500 	 0.06338633 
173000 	 0.07470524 
173500 	 0.04770301 
174000 	 0.09317583 
174500 	 0.1438431 
175000 	 0.0579993 
175500 	 0.1438018 
176000 	 0.1552112 
176500 	 0.04419078 
177000 	 0.0993371 
177500 	 0.0836237 
178000 	 0.09590976 
178500 	 0.1106881 
179000 	 0.0512702 
179500 	 0.05682563 
180000 	 0.1155068 
180500 	 0.1095938 
181000 	 0.1578928 
181500 	 0.1340864 
182000 	 0.09727479 
182500 	 0.08125647 
183000 	 0.07142378 
183500 	 0.07436777 
184000 	 0.0872551 
184500 	 0.1338012 
185000 	 0.1114764 
185500 	 0.07403918 
186000 	 0.05120347 
186500 	 0.063446 
187000 	 0.07207696 
187500 	 0.06731744 
188000 	 0.126294 
188500 	 0.09052012 
189000 	 0.1285323 
189500 	 0.0751558 
190000 	 0.1004304 
190500 	 0.09208937 
191000 	 0.184589 
191500 	 0.1121079 
192000 	 0.05035608 
192500 	 0.07624398 
193000 	 0.06240286 
193500 	 0.1714885 
194000 	 0.09880494 
194500 	 0.09437497 
195000 	 0.06422734 
195500 	 0.09495837 
196000 	 0.1006229 
196500 	 0.06393534 
197000 	 0.07031981 
197500 	 0.1453487 
198000 	 0.09895502 
198500 	 0.06402636 
199000 	 0.1014078 
199500 	 0.07935271 
200000 	 0.05837283 
200500 	 0.06614793 
201000 	 0.1068258 
201500 	 0.03684351 
202000 	 0.06120317 
202500 	 0.09056256 
203000 	 0.08268556 
203500 	 0.1191702 
204000 	 0.1008648 
204500 	 0.03063372 
205000 	 0.1025752 
205500 	 0.1162253 
206000 	 0.0658503 
206500 	 0.09429616 
207000 	 0.1576654 
207500 	 0.08101313 
208000 	 0.1019111 
208500 	 0.1003265 
209000 	 0.0756296 
209500 	 0.1009604 
210000 	 0.06146193 
210500 	 0.1405227 
211000 	 0.07106331 
211500 	 0.09434633 
212000 	 0.02641064 
212500 	 0.07640165 
213000 	 0.160344 
213500 	 0.08552018 
214000 	 0.1777795 
214500 	 0.07616885 
215000 	 0.04447405 
215500 	 0.1257552 
216000 	 0.1186899 
216500 	 0.06990994 
217000 	 0.1172294 
217500 	 0.1055316 
218000 	 0.1218775 
218500 	 0.09265098 
219000 	 0.08637088 
219500 	 0.1095346 
220000 	 0.09421955 
220500 	 0.05371292 
221000 	 0.1087631 
221500 	 0.06315968 
222000 	 0.03839117 
222500 	 0.05880256 
223000 	 0.08198734 
223500 	 0.04748746 
224000 	 0.1376303 
224500 	 0.1431349 
225000 	 0.06522595 
225500 	 0.07703789 
226000 	 0.09840886 
226500 	 0.07418407 
227000 	 0.1077951 
227500 	 0.06267417 
228000 	 0.1360793 
228500 	 0.06066563 
229000 	 0.167514 
229500 	 0.08577757 
230000 	 0.09866223 
230500 	 0.09760317 
231000 	 0.197078 
231500 	 0.07228439 
232000 	 0.1013123 
232500 	 0.08030525 
233000 	 0.1733855 
233500 	 0.08420279 
234000 	 0.06162498 
234500 	 0.05680331 
235000 	 0.08990986 
235500 	 0.09035459 
236000 	 0.05976539 
236500 	 0.05757291 
237000 	 0.1099391 
237500 	 0.05179529 
238000 	 0.128008 
238500 	 0.08264613 
239000 	 0.07484225 
239500 	 0.06627564 
240000 	 0.0772461 
240500 	 0.05306331 
241000 	 0.09066832 
241500 	 0.1174652 
242000 	 0.105829 
242500 	 0.1521743 
243000 	 0.07728582 
243500 	 0.0938198 
244000 	 0.1425196 
244500 	 0.05231793 
245000 	 0.06583211 
245500 	 0.05700636 
246000 	 0.1054889 
246500 	 0.1110857 
247000 	 0.0715182 
247500 	 0.1643488 
248000 	 0.09559502 
248500 	 0.07490424 
249000 	 0.1144598 
249500 	 0.05787563 
250000 	 0.09992056 
250500 	 0.04762663 
251000 	 0.1427572 
251500 	 0.08124584 
252000 	 0.183988 
252500 	 0.08033535 
253000 	 0.05982112 
253500 	 0.07081026 
254000 	 0.08534372 
254500 	 0.1136037 
255000 	 0.09072901 
255500 	 0.1041071 
256000 	 0.0830084 
256500 	 0.1936893 
257000 	 0.07809141 
257500 	 0.06985005 
258000 	 0.1451824 
258500 	 0.03985897 
259000 	 0.05446955 
259500 	 0.08600056 
260000 	 0.07701032 
260500 	 0.173643 
261000 	 0.05097142 
261500 	 0.0409369 
262000 	 0.1185687 
262500 	 0.1078808 
263000 	 0.04957923 
263500 	 0.1568937 
264000 	 0.1744384 
264500 	 0.06422265 
265000 	 0.05011198 
265500 	 0.116445 
266000 	 0.05983664 
266500 	 0.08169375 
267000 	 0.07968746 
267500 	 0.06752134 
268000 	 0.07423268 
268500 	 0.08160657 
269000 	 0.1053171 
269500 	 0.1158445 
270000 	 0.1566977 
270500 	 0.05511632 
271000 	 0.06719629 
271500 	 0.08846555 
272000 	 0.1159128 
272500 	 0.1054609 
273000 	 0.1060593 
273500 	 0.06025666 
274000 	 0.04525923 
274500 	 0.07352196 
275000 	 0.08032969 
275500 	 0.1947369 
276000 	 0.1099987 
276500 	 0.0946835 
277000 	 0.06995264 
277500 	 0.09191649 
278000 	 0.0972392 
278500 	 0.05447454 
279000 	 0.07699912 
279500 	 0.04508031 
280000 	 0.1257509 
280500 	 0.07319969 
281000 	 0.1580121 
281500 	 0.1376614 
282000 	 0.102891 
282500 	 0.08097004 
283000 	 0.07417785 
283500 	 0.04861247 
284000 	 0.07199827 
284500 	 0.08426095 
285000 	 0.08587682 
285500 	 0.04770496 
286000 	 0.09521233 
286500 	 0.07585254 
287000 	 0.1417581 
287500 	 0.07744848 
288000 	 0.05780935 
288500 	 0.1004706 
289000 	 0.08601338 
289500 	 0.1544512 
290000 	 0.08197727 
290500 	 0.09732918 
291000 	 0.06217111 
291500 	 0.07614697 
292000 	 0.1834221 
292500 	 0.02942317 
293000 	 0.07663165 
293500 	 0.1090089 
294000 	 0.1472273 
294500 	 0.08091769 
295000 	 0.2028842 
295500 	 0.119869 
296000 	 0.1019972 
296500 	 0.08071772 
297000 	 0.09402107 
297500 	 0.05836289 
298000 	 0.07329657 
298500 	 0.1220163 
299000 	 0.05322828 
299500 	 0.04088574 
300000 	 0.1552082 
300500 	 0.1000858 
301000 	 0.1081656 
301500 	 0.1717043 
302000 	 0.0461588 
302500 	 0.07479541 
303000 	 0.1099224 
303500 	 0.09435638 
304000 	 0.09847998 
304500 	 0.129327 
305000 	 0.06712875 
305500 	 0.2159284 
306000 	 0.04871862 
306500 	 0.07571341 
307000 	 0.02799842 
307500 	 0.06202131 
308000 	 0.09724957 
308500 	 0.08230459 
309000 	 0.1049781 
309500 	 0.06260245 
310000 	 0.1249779 
310500 	 0.08079445 
311000 	 0.04649907 
311500 	 0.1090177 
312000 	 0.1089209 
312500 	 0.08067949 
313000 	 0.1790762 
313500 	 0.1378883 
314000 	 0.1174651 
314500 	 0.08440369 
315000 	 0.1769527 
315500 	 0.0457662 
316000 	 0.0874722 
316500 	 0.157592 
317000 	 0.1351039 
317500 	 0.0813281 
318000 	 0.07240444 
318500 	 0.0823653 
319000 	 0.09061794 
319500 	 0.1143687 
320000 	 0.04648438 
320500 	 0.04178568 
321000 	 0.1102296 
321500 	 0.1497226 
322000 	 0.1053593 
322500 	 0.06704735 
323000 	 0.04877838 
323500 	 0.1272131 
324000 	 0.1161125 
324500 	 0.05249871 
325000 	 0.1455231 
325500 	 0.07716723 
326000 	 0.05493029 
326500 	 0.06601681 
327000 	 0.06681938 
327500 	 0.1236861 
328000 	 0.06775943 
328500 	 0.1360022 
329000 	 0.1669873 
329500 	 0.1085064 
330000 	 0.111144 
330500 	 0.06283979 
331000 	 0.08569506 
331500 	 0.1037095 
332000 	 0.09561463 
332500 	 0.104242 
333000 	 0.06398926 
333500 	 0.128654 
334000 	 0.1425231 
334500 	 0.05246923 
335000 	 0.1127832 
335500 	 0.1554237 
336000 	 0.1208343 
336500 	 0.0603634 
337000 	 0.04926572 
337500 	 0.128519 
338000 	 0.1248603 
338500 	 0.06449403 
339000 	 0.08718764 
339500 	 0.133916 
340000 	 0.128905 
340500 	 0.06987243 
341000 	 0.07712537 
341500 	 0.07662776 
342000 	 0.05979441 
342500 	 0.05851869 
343000 	 0.06549359 
343500 	 0.1287055 
344000 	 0.06651397 
344500 	 0.06907006 
345000 	 0.06511532 
345500 	 0.1267129 
346000 	 0.1298324 
346500 	 0.07424929 
347000 	 0.08241877 
347500 	 0.09681935 
348000 	 0.1299395 
348500 	 0.09079446 
349000 	 0.05909861 
349500 	 0.08282691 
350000 	 0.08028774 
350500 	 0.1339019 
351000 	 0.1470417 
351500 	 0.06165941 
352000 	 0.08446047 
352500 	 0.1340747 
353000 	 0.07560846 
353500 	 0.03624022 
354000 	 0.07296599 
354500 	 0.1301836 
355000 	 0.0945877 
355500 	 0.1193035 
356000 	 0.1460308 
356500 	 0.04176271 
357000 	 0.1522735 
357500 	 0.07403844 
358000 	 0.09639987 
358500 	 0.08165473 
359000 	 0.09976318 
359500 	 0.1317142 
360000 	 0.02805382 
360500 	 0.09206016 
361000 	 0.1194262 
361500 	 0.08086126 
362000 	 0.05145289 
362500 	 0.04594979 
363000 	 0.08545014 
363500 	 0.08388428 
364000 	 0.1302462 
364500 	 0.1029634 
365000 	 0.08078525 
365500 	 0.08136934 
366000 	 0.1307368 
366500 	 0.155599 
367000 	 0.1437763 
367500 	 0.09600539 
368000 	 0.09658255 
368500 	 0.06018877 
369000 	 0.1387941 
369500 	 0.0610078 
370000 	 0.1406533 
370500 	 0.07127017 
371000 	 0.0810955 
371500 	 0.09264952 
372000 	 0.1159415 
372500 	 0.1012802 
373000 	 0.1229225 
373500 	 0.05029067 
374000 	 0.05833523 
374500 	 0.07575147 
375000 	 0.1505437 
375500 	 0.1397926 
376000 	 0.1588581 
376500 	 0.1284963 
377000 	 0.08982172 
377500 	 0.1139794 
378000 	 0.08490027 
378500 	 0.1352522 
379000 	 0.02187563 
379500 	 0.09268152 
380000 	 0.08612265 
380500 	 0.1062311 
381000 	 0.04428495 
381500 	 0.05052109 
382000 	 0.0870483 
382500 	 0.147488 
383000 	 0.08094109 
383500 	 0.115521 
384000 	 0.1013855 
384500 	 0.05998835 
385000 	 0.1115953 
385500 	 0.06137785 
386000 	 0.1741898 
386500 	 0.09295329 
387000 	 0.08380319 
387500 	 0.04972921 
388000 	 0.08205449 
388500 	 0.04560397 
389000 	 0.0696873 
389500 	 0.04927094 
390000 	 0.06236594 
390500 	 0.06445231 
391000 	 0.08317436 
391500 	 0.09092767 
392000 	 0.06002435 
392500 	 0.07642958 
393000 	 0.05164018 
393500 	 0.1233424 
394000 	 0.1066806 
394500 	 0.04407333 
395000 	 0.04861249 
395500 	 0.08509362 
396000 	 0.04889324 
396500 	 0.1529632 
397000 	 0.07552655 
397500 	 0.1011438 
398000 	 0.08481714 
398500 	 0.03990945 
399000 	 0.09401252 
399500 	 0.1440085 
400000 	 0.04918113 
400500 	 0.1291683 
401000 	 0.1332357 
401500 	 0.09364848 
402000 	 0.09307663 
402500 	 0.08010978 
403000 	 0.09272278 
403500 	 0.1012992 
404000 	 0.1614401 
404500 	 0.08103266 
405000 	 0.1119137 
405500 	 0.1186919 
406000 	 0.0784072 
406500 	 0.08371169 
407000 	 0.1085533 
407500 	 0.05265124 
408000 	 0.152182 
408500 	 0.08940959 
409000 	 0.08518981 
409500 	 0.05743682 
410000 	 0.1138949 
410500 	 0.1024024 
411000 	 0.1326402 
411500 	 0.06631295 
412000 	 0.08407411 
412500 	 0.1346004 
413000 	 0.1339882 
413500 	 0.06888287 
414000 	 0.110168 
414500 	 0.1005743 
415000 	 0.1250627 
415500 	 0.1083069 
416000 	 0.08290398 
416500 	 0.1759625 
417000 	 0.0632508 
417500 	 0.07708404 
418000 	 0.1021595 
418500 	 0.126297 
419000 	 0.05819736 
419500 	 0.08455884 
420000 	 0.1018301 
420500 	 0.14193 
421000 	 0.05189931 
421500 	 0.06602954 
422000 	 0.07916787 
422500 	 0.08600242 
423000 	 0.1223717 
423500 	 0.1516338 
424000 	 0.07651591 
424500 	 0.09576848 
425000 	 0.07945206 
425500 	 0.04756069 
426000 	 0.07915761 
426500 	 0.1015887 
427000 	 0.1440272 
427500 	 0.06558743 
428000 	 0.06522 
428500 	 0.1111053 
429000 	 0.1034098 
429500 	 0.03691491 
430000 	 0.1513285 
430500 	 0.1584569 
431000 	 0.07064957 
431500 	 0.05638208 
432000 	 0.09461361 
432500 	 0.08086325 
433000 	 0.1302877 
433500 	 0.07759371 
434000 	 0.1442196 
434500 	 0.03827377 
435000 	 0.1492497 
435500 	 0.10269 
436000 	 0.07514945 
436500 	 0.1782248 
437000 	 0.1439636 
437500 	 0.06146966 
438000 	 0.1343184 
438500 	 0.1313196 
439000 	 0.08465993 
439500 	 0.07587362 
440000 	 0.1250608 
440500 	 0.08742095 
441000 	 0.1453915 
441500 	 0.06827591 
442000 	 0.06292818 
442500 	 0.05694851 
443000 	 0.1026098 
443500 	 0.07999929 
444000 	 0.09988121 
444500 	 0.1485546 
445000 	 0.09480954 
445500 	 0.06608333 
446000 	 0.0315915 
446500 	 0.07607481 
447000 	 0.07309291 
447500 	 0.08167386 
448000 	 0.07398691 
448500 	 0.07228566 
449000 	 0.07512152 
449500 	 0.1177791 
450000 	 0.06440691 
450500 	 0.04717211 
451000 	 0.1618254 
451500 	 0.02426729 
452000 	 0.07372277 
452500 	 0.03254627 
453000 	 0.05053217 
453500 	 0.08933664 
454000 	 0.1715521 
454500 	 0.0946204 
455000 	 0.1337433 
455500 	 0.0704638 
456000 	 0.09607463 
456500 	 0.1166164 
457000 	 0.1263978 
457500 	 0.1045599 
458000 	 0.07782156 
458500 	 0.09754998 
459000 	 0.1178346 
459500 	 0.1385474 
460000 	 0.1047801 
460500 	 0.07974803 
461000 	 0.105052 
461500 	 0.07922325 
462000 	 0.04055786 
462500 	 0.1549541 
463000 	 0.0677671 
463500 	 0.05422628 
464000 	 0.0620813 
464500 	 0.1090352 
465000 	 0.04728102 
465500 	 0.172009 
466000 	 0.0516703 
466500 	 0.1299653 
467000 	 0.08874443 
467500 	 0.08853168 
468000 	 0.1488845 
468500 	 0.09909968 
469000 	 0.09080995 
469500 	 0.08475275 
470000 	 0.0962314 
470500 	 0.08497537 
471000 	 0.07161669 
471500 	 0.1047149 
472000 	 0.1584525 
472500 	 0.1082792 
473000 	 0.1549383 
473500 	 0.05635961 
474000 	 0.05941565 
474500 	 0.06309451 
475000 	 0.2171787 
475500 	 0.06372865 
476000 	 0.1147806 
476500 	 0.06903207 
477000 	 0.05846264 
477500 	 0.111147 
478000 	 0.09821593 
478500 	 0.1251309 
479000 	 0.07150044 
479500 	 0.06999245 
480000 	 0.05688664 
480500 	 0.1465216 
481000 	 0.06843201 
481500 	 0.06393535 
482000 	 0.08787997 
482500 	 0.1054961 
483000 	 0.02769264 
483500 	 0.1143565 
484000 	 0.09944997 
484500 	 0.05568915 
485000 	 0.05676615 
485500 	 0.1193343 
486000 	 0.0993119 
486500 	 0.06429862 
487000 	 0.1240829 
487500 	 0.09413265 
488000 	 0.06028971 
488500 	 0.1194574 
489000 	 0.1138706 
489500 	 0.06824639 
490000 	 0.06390981 
490500 	 0.1096076 
491000 	 0.1276813 
491500 	 0.0820992 
492000 	 0.1314521 
492500 	 0.1165431 
493000 	 0.08599414 
493500 	 0.04626472 
494000 	 0.07781204 
494500 	 0.1122458 
495000 	 0.07315001 
495500 	 0.09441002 
496000 	 0.08995153 
496500 	 0.0931194 
497000 	 0.1535319 
497500 	 0.1520137 
498000 	 0.04929488 
498500 	 0.10264 
499000 	 0.1272278 
499500 	 0.1215947 
500000 	 0.03454668 
