iter 	 p
500 	 0.2048136 
1000 	 0.196328 
1500 	 0.2385332 
2000 	 0.1362978 
2500 	 0.2070867 
3000 	 0.2252813 
3500 	 0.2824146 
4000 	 0.1513365 
4500 	 0.103734 
5000 	 0.1693226 
5500 	 0.1628682 
6000 	 0.2279756 
6500 	 0.1218607 
7000 	 0.1143355 
7500 	 0.2431596 
8000 	 0.1240848 
8500 	 0.2743158 
9000 	 0.1412533 
9500 	 0.253326 
10000 	 0.18398 
10500 	 0.2463166 
11000 	 0.1533248 
11500 	 0.1524688 
12000 	 0.2372472 
12500 	 0.2131433 
13000 	 0.1945447 
13500 	 0.2091453 
14000 	 0.1368807 
14500 	 0.2089614 
15000 	 0.2415315 
15500 	 0.2528177 
16000 	 0.2511951 
16500 	 0.1193456 
17000 	 0.146931 
17500 	 0.1613642 
18000 	 0.1827669 
18500 	 0.1237005 
19000 	 0.2429772 
19500 	 0.3037622 
20000 	 0.2028085 
20500 	 0.1900272 
21000 	 0.214607 
21500 	 0.1388643 
22000 	 0.2113312 
22500 	 0.1440216 
23000 	 0.2084979 
23500 	 0.2068968 
24000 	 0.2249483 
24500 	 0.166334 
25000 	 0.1811557 
25500 	 0.1885046 
26000 	 0.3231025 
26500 	 0.1930933 
27000 	 0.2142324 
27500 	 0.1607489 
28000 	 0.2118935 
28500 	 0.202461 
29000 	 0.1832246 
29500 	 0.1982822 
30000 	 0.1841158 
30500 	 0.2461156 
31000 	 0.2079312 
31500 	 0.1851393 
32000 	 0.2464539 
32500 	 0.1947763 
33000 	 0.1991354 
33500 	 0.2428911 
34000 	 0.2726797 
34500 	 0.2260975 
35000 	 0.2013597 
35500 	 0.1777687 
36000 	 0.1574229 
36500 	 0.2318212 
37000 	 0.19657 
37500 	 0.1532548 
38000 	 0.1714521 
38500 	 0.1816889 
39000 	 0.1766272 
39500 	 0.1435242 
40000 	 0.2097243 
40500 	 0.1959454 
41000 	 0.203563 
41500 	 0.2089415 
42000 	 0.1388304 
42500 	 0.2556574 
43000 	 0.1879148 
43500 	 0.2577008 
44000 	 0.2290591 
44500 	 0.1959575 
45000 	 0.2017948 
45500 	 0.1742574 
46000 	 0.1429818 
46500 	 0.1804292 
47000 	 0.1615538 
47500 	 0.1150655 
48000 	 0.2946525 
48500 	 0.2107207 
49000 	 0.218525 
49500 	 0.185235 
50000 	 0.1349531 
50500 	 0.2123697 
51000 	 0.1829799 
51500 	 0.2227784 
52000 	 0.2206565 
52500 	 0.1754038 
53000 	 0.1851815 
53500 	 0.1215095 
54000 	 0.2341034 
54500 	 0.2465305 
55000 	 0.2836826 
55500 	 0.2016319 
56000 	 0.308993 
56500 	 0.1914344 
57000 	 0.2490148 
57500 	 0.2078847 
58000 	 0.1997636 
58500 	 0.2468054 
59000 	 0.2061556 
59500 	 0.1949501 
60000 	 0.1257894 
60500 	 0.1734499 
61000 	 0.1703314 
61500 	 0.1387071 
62000 	 0.3190934 
62500 	 0.1848257 
63000 	 0.2170577 
63500 	 0.2598391 
64000 	 0.2937662 
64500 	 0.1860564 
65000 	 0.2240149 
65500 	 0.2019466 
66000 	 0.2265044 
66500 	 0.1849791 
67000 	 0.1699196 
67500 	 0.1401615 
68000 	 0.1597892 
68500 	 0.2491408 
69000 	 0.2481925 
69500 	 0.2244194 
70000 	 0.1538461 
70500 	 0.1406274 
71000 	 0.1919037 
71500 	 0.1918124 
72000 	 0.190936 
72500 	 0.1538771 
73000 	 0.1286503 
73500 	 0.2411506 
74000 	 0.230818 
74500 	 0.1852494 
75000 	 0.305574 
75500 	 0.1699326 
76000 	 0.2547209 
76500 	 0.1995119 
77000 	 0.2477556 
77500 	 0.1914796 
78000 	 0.2502972 
78500 	 0.2926667 
79000 	 0.1519697 
79500 	 0.2621552 
80000 	 0.2426275 
80500 	 0.2240158 
81000 	 0.1867729 
81500 	 0.2167923 
82000 	 0.2157883 
82500 	 0.1997585 
83000 	 0.197 
83500 	 0.217483 
84000 	 0.1225291 
84500 	 0.184171 
85000 	 0.1729376 
85500 	 0.2123003 
86000 	 0.2676414 
86500 	 0.2325182 
87000 	 0.2580072 
87500 	 0.2208535 
88000 	 0.1464934 
88500 	 0.190202 
89000 	 0.2350588 
89500 	 0.1562454 
90000 	 0.1983169 
90500 	 0.1537944 
91000 	 0.1696898 
91500 	 0.1924667 
92000 	 0.1543524 
92500 	 0.1877684 
93000 	 0.1327953 
93500 	 0.1998383 
94000 	 0.198504 
94500 	 0.2077334 
95000 	 0.158108 
95500 	 0.1939431 
96000 	 0.2468417 
96500 	 0.1660536 
97000 	 0.263419 
97500 	 0.2652954 
98000 	 0.1251211 
98500 	 0.1959267 
99000 	 0.2431157 
99500 	 0.1602754 
100000 	 0.1807561 
100500 	 0.2073133 
101000 	 0.2618152 
101500 	 0.2127713 
102000 	 0.1535327 
102500 	 0.2502442 
103000 	 0.2534538 
103500 	 0.1535733 
104000 	 0.197135 
104500 	 0.1724822 
105000 	 0.1722064 
105500 	 0.2594779 
106000 	 0.2065235 
106500 	 0.1721006 
107000 	 0.1777826 
107500 	 0.195573 
108000 	 0.214886 
108500 	 0.1482023 
109000 	 0.207418 
109500 	 0.2894007 
110000 	 0.1251181 
110500 	 0.190403 
111000 	 0.1532358 
111500 	 0.1404232 
112000 	 0.1928734 
112500 	 0.187614 
113000 	 0.2804924 
113500 	 0.1629359 
114000 	 0.2017333 
114500 	 0.2692989 
115000 	 0.2382976 
115500 	 0.1949183 
116000 	 0.1819694 
116500 	 0.2057186 
117000 	 0.1639238 
117500 	 0.1879258 
118000 	 0.2537402 
118500 	 0.1530834 
119000 	 0.1712757 
119500 	 0.1827766 
120000 	 0.3005733 
120500 	 0.3159338 
121000 	 0.2297043 
121500 	 0.1707599 
122000 	 0.1830048 
122500 	 0.2152135 
123000 	 0.2088116 
123500 	 0.2033375 
124000 	 0.1863261 
124500 	 0.2233338 
125000 	 0.1903096 
125500 	 0.1831283 
126000 	 0.2090949 
126500 	 0.190578 
127000 	 0.220817 
127500 	 0.1500606 
128000 	 0.2363403 
128500 	 0.2132198 
129000 	 0.2467878 
129500 	 0.1950112 
130000 	 0.1581088 
130500 	 0.1693068 
131000 	 0.189622 
131500 	 0.2513187 
132000 	 0.2246929 
132500 	 0.1776409 
133000 	 0.2050085 
133500 	 0.1673852 
134000 	 0.2382757 
134500 	 0.2212268 
135000 	 0.1342515 
135500 	 0.1743687 
136000 	 0.2279589 
136500 	 0.1691379 
137000 	 0.2657181 
137500 	 0.2162251 
138000 	 0.176954 
138500 	 0.1709183 
139000 	 0.1977477 
139500 	 0.2218175 
140000 	 0.1728126 
140500 	 0.1383761 
141000 	 0.1953971 
141500 	 0.2315559 
142000 	 0.2736478 
142500 	 0.1624422 
143000 	 0.1621297 
143500 	 0.1806688 
144000 	 0.1626571 
144500 	 0.2066241 
145000 	 0.1997455 
145500 	 0.2032036 
146000 	 0.1327903 
146500 	 0.2283882 
147000 	 0.2409638 
147500 	 0.2098113 
148000 	 0.1802701 
148500 	 0.1861383 
149000 	 0.2132042 
149500 	 0.224101 
150000 	 0.2355748 
150500 	 0.2536214 
151000 	 0.1525922 
151500 	 0.244795 
152000 	 0.1544812 
152500 	 0.1691019 
153000 	 0.2428164 
153500 	 0.2146682 
154000 	 0.1674417 
154500 	 0.2000541 
155000 	 0.3267035 
155500 	 0.1417744 
156000 	 0.1824502 
156500 	 0.1464767 
157000 	 0.1488858 
157500 	 0.2010663 
158000 	 0.2108664 
158500 	 0.2890587 
159000 	 0.1377763 
159500 	 0.2658598 
160000 	 0.1211035 
160500 	 0.2205386 
161000 	 0.239 
161500 	 0.2028822 
162000 	 0.1629016 
162500 	 0.2032634 
163000 	 0.1887797 
163500 	 0.2656027 
164000 	 0.1669734 
164500 	 0.2009075 
165000 	 0.1374059 
165500 	 0.2110627 
166000 	 0.1311876 
166500 	 0.152587 
167000 	 0.1981137 
167500 	 0.1661914 
168000 	 0.2099935 
168500 	 0.2150741 
169000 	 0.1059878 
169500 	 0.201842 
170000 	 0.1709682 
170500 	 0.1870431 
171000 	 0.2303104 
171500 	 0.1670261 
172000 	 0.2025715 
172500 	 0.1758185 
173000 	 0.1908504 
173500 	 0.2110225 
174000 	 0.1797681 
174500 	 0.1641481 
175000 	 0.1318461 
175500 	 0.1987894 
176000 	 0.3236124 
176500 	 0.2296976 
177000 	 0.166671 
177500 	 0.2238709 
178000 	 0.2383951 
178500 	 0.1779581 
179000 	 0.1425485 
179500 	 0.1398604 
180000 	 0.2527957 
180500 	 0.2248285 
181000 	 0.2415316 
181500 	 0.220552 
182000 	 0.2548116 
182500 	 0.2108483 
183000 	 0.2039492 
183500 	 0.1824817 
184000 	 0.2225658 
184500 	 0.217245 
185000 	 0.1829777 
185500 	 0.2197573 
186000 	 0.2216286 
186500 	 0.2017129 
187000 	 0.1568738 
187500 	 0.2446173 
188000 	 0.1905922 
188500 	 0.1673202 
189000 	 0.2200136 
189500 	 0.2081353 
190000 	 0.2446658 
190500 	 0.15559 
191000 	 0.2304055 
191500 	 0.2805691 
192000 	 0.2360431 
192500 	 0.1635212 
193000 	 0.1958677 
193500 	 0.1945212 
194000 	 0.1798033 
194500 	 0.1351883 
195000 	 0.2369787 
195500 	 0.2036767 
196000 	 0.1034207 
196500 	 0.1593466 
197000 	 0.2384016 
197500 	 0.1803419 
198000 	 0.1678218 
198500 	 0.3240629 
199000 	 0.1818286 
199500 	 0.1680651 
200000 	 0.219423 
200500 	 0.1589041 
201000 	 0.2912672 
201500 	 0.1974576 
202000 	 0.1143087 
202500 	 0.1906233 
203000 	 0.2712943 
203500 	 0.2454963 
204000 	 0.1710544 
204500 	 0.2436746 
205000 	 0.1829265 
205500 	 0.1477135 
206000 	 0.1172748 
206500 	 0.1687943 
207000 	 0.2143486 
207500 	 0.2038019 
208000 	 0.1922553 
208500 	 0.1741054 
209000 	 0.1154492 
209500 	 0.1909335 
210000 	 0.2084246 
210500 	 0.1803638 
211000 	 0.205259 
211500 	 0.2692916 
212000 	 0.1725037 
212500 	 0.1871955 
213000 	 0.1624277 
213500 	 0.2215383 
214000 	 0.1526858 
214500 	 0.1941674 
215000 	 0.1842228 
215500 	 0.2183707 
216000 	 0.2316023 
216500 	 0.2260695 
217000 	 0.2248308 
217500 	 0.2048172 
218000 	 0.2269507 
218500 	 0.2187119 
219000 	 0.2579295 
219500 	 0.1080612 
220000 	 0.2094438 
220500 	 0.257478 
221000 	 0.2066046 
221500 	 0.2254116 
222000 	 0.1420787 
222500 	 0.2033203 
223000 	 0.2544821 
223500 	 0.2023513 
224000 	 0.1281972 
224500 	 0.1759604 
225000 	 0.2347092 
225500 	 0.1981388 
226000 	 0.1108837 
226500 	 0.1844834 
227000 	 0.1306265 
227500 	 0.2270253 
228000 	 0.130442 
228500 	 0.2474796 
229000 	 0.2205725 
229500 	 0.3321735 
230000 	 0.2339739 
230500 	 0.1925541 
231000 	 0.1779045 
231500 	 0.221416 
232000 	 0.2356379 
232500 	 0.1940626 
233000 	 0.1964412 
233500 	 0.2103244 
234000 	 0.1938009 
234500 	 0.1706234 
235000 	 0.2567589 
235500 	 0.1602404 
236000 	 0.2175629 
236500 	 0.2193037 
237000 	 0.1732326 
237500 	 0.2013031 
238000 	 0.1841315 
238500 	 0.1578155 
239000 	 0.223451 
239500 	 0.1696715 
240000 	 0.1849464 
240500 	 0.1567572 
241000 	 0.1805557 
241500 	 0.2222929 
242000 	 0.1843451 
242500 	 0.2336769 
243000 	 0.1832178 
243500 	 0.1631534 
244000 	 0.1892402 
244500 	 0.1903678 
245000 	 0.1898578 
245500 	 0.2209417 
246000 	 0.1648571 
246500 	 0.1931557 
247000 	 0.1536484 
247500 	 0.2332559 
248000 	 0.1344263 
248500 	 0.179834 
249000 	 0.1617443 
249500 	 0.1684205 
250000 	 0.1745105 
250500 	 0.2222983 
251000 	 0.1764408 
251500 	 0.1397708 
252000 	 0.2076495 
252500 	 0.1871904 
253000 	 0.1527243 
253500 	 0.1601734 
254000 	 0.2044519 
254500 	 0.1842724 
255000 	 0.2010715 
255500 	 0.3245541 
256000 	 0.1931825 
256500 	 0.1990721 
257000 	 0.1792411 
257500 	 0.1753884 
258000 	 0.2396633 
258500 	 0.2981439 
259000 	 0.2164542 
259500 	 0.168982 
260000 	 0.2211943 
260500 	 0.1373845 
261000 	 0.2178606 
261500 	 0.1406182 
262000 	 0.1677243 
262500 	 0.2048071 
263000 	 0.1722191 
263500 	 0.1697763 
264000 	 0.1744951 
264500 	 0.1941827 
265000 	 0.2019934 
265500 	 0.1681181 
266000 	 0.1935976 
266500 	 0.2594945 
267000 	 0.1720127 
267500 	 0.1917829 
268000 	 0.1682958 
268500 	 0.1358173 
269000 	 0.1730618 
269500 	 0.2156693 
270000 	 0.2897503 
270500 	 0.1784177 
271000 	 0.2418611 
271500 	 0.1522158 
272000 	 0.2903681 
272500 	 0.2648832 
273000 	 0.2142328 
273500 	 0.1906447 
274000 	 0.2269773 
274500 	 0.1782049 
275000 	 0.1805319 
275500 	 0.1270854 
276000 	 0.2145704 
276500 	 0.1842954 
277000 	 0.2391034 
277500 	 0.2317586 
278000 	 0.1488465 
278500 	 0.1968245 
279000 	 0.1528813 
279500 	 0.192088 
280000 	 0.129406 
280500 	 0.1845498 
281000 	 0.2048833 
281500 	 0.1606986 
282000 	 0.1416054 
282500 	 0.1721879 
283000 	 0.1532334 
283500 	 0.1471542 
284000 	 0.2091697 
284500 	 0.2279405 
285000 	 0.1755192 
285500 	 0.2227573 
286000 	 0.293914 
286500 	 0.1431506 
287000 	 0.1531208 
287500 	 0.2899601 
288000 	 0.1726718 
288500 	 0.2513833 
289000 	 0.1711451 
289500 	 0.1544166 
290000 	 0.2738241 
290500 	 0.2047053 
291000 	 0.209859 
291500 	 0.1682053 
292000 	 0.1850494 
292500 	 0.1632095 
293000 	 0.2451601 
293500 	 0.1917142 
294000 	 0.2215199 
294500 	 0.2833104 
295000 	 0.09748835 
295500 	 0.1834117 
296000 	 0.2109053 
296500 	 0.2301151 
297000 	 0.1756453 
297500 	 0.1799617 
298000 	 0.2033152 
298500 	 0.2034511 
299000 	 0.1598323 
299500 	 0.1800436 
300000 	 0.1669993 
300500 	 0.2440242 
301000 	 0.192519 
301500 	 0.2487443 
302000 	 0.2162291 
302500 	 0.1775674 
303000 	 0.1644863 
303500 	 0.1890757 
304000 	 0.1261693 
304500 	 0.1765385 
305000 	 0.1908194 
305500 	 0.1566075 
306000 	 0.2307441 
306500 	 0.1954945 
307000 	 0.128454 
307500 	 0.2157965 
308000 	 0.2528993 
308500 	 0.2325353 
309000 	 0.1805836 
309500 	 0.1320728 
310000 	 0.1556495 
310500 	 0.2470841 
311000 	 0.2664272 
311500 	 0.1195073 
312000 	 0.1947919 
312500 	 0.1682869 
313000 	 0.155304 
313500 	 0.1965663 
314000 	 0.1779267 
314500 	 0.2119436 
315000 	 0.1451088 
315500 	 0.1961126 
316000 	 0.1862288 
316500 	 0.2594208 
317000 	 0.261707 
317500 	 0.2221634 
318000 	 0.1865992 
318500 	 0.163107 
319000 	 0.2015995 
319500 	 0.2607751 
320000 	 0.2047682 
320500 	 0.2327936 
321000 	 0.1788962 
321500 	 0.1356213 
322000 	 0.1517861 
322500 	 0.2394807 
323000 	 0.2233617 
323500 	 0.2952035 
324000 	 0.1956075 
324500 	 0.2251148 
325000 	 0.2331472 
325500 	 0.2984964 
326000 	 0.1885945 
326500 	 0.3043688 
327000 	 0.1871198 
327500 	 0.1821326 
328000 	 0.245954 
328500 	 0.2456255 
329000 	 0.2199952 
329500 	 0.213694 
330000 	 0.2153332 
330500 	 0.1557448 
331000 	 0.1753642 
331500 	 0.1999112 
332000 	 0.2233903 
332500 	 0.2022282 
333000 	 0.2897694 
333500 	 0.214089 
334000 	 0.2296516 
334500 	 0.2094196 
335000 	 0.2417604 
335500 	 0.2261995 
336000 	 0.2526079 
336500 	 0.3646485 
337000 	 0.1533736 
337500 	 0.2934303 
338000 	 0.2116124 
338500 	 0.3534866 
339000 	 0.1518232 
339500 	 0.2520363 
340000 	 0.1583034 
340500 	 0.2102827 
341000 	 0.1824323 
341500 	 0.3163606 
342000 	 0.1518774 
342500 	 0.2626988 
343000 	 0.1873014 
343500 	 0.1414217 
344000 	 0.1448202 
344500 	 0.3005786 
345000 	 0.216468 
345500 	 0.159815 
346000 	 0.1605811 
346500 	 0.2146895 
347000 	 0.2051592 
347500 	 0.2119841 
348000 	 0.2105065 
348500 	 0.1369657 
349000 	 0.1762553 
349500 	 0.1354365 
350000 	 0.2905294 
350500 	 0.2501798 
351000 	 0.1915047 
351500 	 0.1749859 
352000 	 0.1939736 
352500 	 0.2014245 
353000 	 0.2050938 
353500 	 0.2341525 
354000 	 0.2087997 
354500 	 0.2021898 
355000 	 0.2012059 
355500 	 0.1722303 
356000 	 0.1566503 
356500 	 0.16735 
357000 	 0.2235515 
357500 	 0.2210227 
358000 	 0.201574 
358500 	 0.1219781 
359000 	 0.2300973 
359500 	 0.2199715 
360000 	 0.2119853 
360500 	 0.233626 
361000 	 0.1252901 
361500 	 0.141101 
362000 	 0.1718229 
362500 	 0.2611669 
363000 	 0.2236587 
363500 	 0.2563322 
364000 	 0.09585615 
364500 	 0.1792435 
365000 	 0.1660278 
365500 	 0.1495394 
366000 	 0.1736193 
366500 	 0.1960237 
367000 	 0.1569127 
367500 	 0.1851038 
368000 	 0.1328059 
368500 	 0.2076427 
369000 	 0.2537805 
369500 	 0.2296657 
370000 	 0.2114839 
370500 	 0.2531735 
371000 	 0.2275639 
371500 	 0.1556048 
372000 	 0.1962224 
372500 	 0.2193924 
373000 	 0.1530636 
373500 	 0.2790932 
374000 	 0.2527122 
374500 	 0.2334119 
375000 	 0.3067155 
375500 	 0.1859213 
376000 	 0.2259116 
376500 	 0.1886309 
377000 	 0.1979984 
377500 	 0.1765167 
378000 	 0.1324025 
378500 	 0.19284 
379000 	 0.2084642 
379500 	 0.2546138 
380000 	 0.1931085 
380500 	 0.2719768 
381000 	 0.201655 
381500 	 0.1430696 
382000 	 0.1997231 
382500 	 0.1732042 
383000 	 0.2868574 
383500 	 0.1745076 
384000 	 0.1496753 
384500 	 0.2373716 
385000 	 0.2074142 
385500 	 0.2379768 
386000 	 0.197479 
386500 	 0.1807723 
387000 	 0.2852589 
387500 	 0.210359 
388000 	 0.2227921 
388500 	 0.204816 
389000 	 0.2726748 
389500 	 0.2000975 
390000 	 0.1942145 
390500 	 0.1788513 
391000 	 0.1882296 
391500 	 0.2190428 
392000 	 0.2041723 
392500 	 0.2312469 
393000 	 0.1841952 
393500 	 0.1708377 
394000 	 0.2304347 
394500 	 0.1522127 
395000 	 0.1714744 
395500 	 0.245463 
396000 	 0.2098316 
396500 	 0.1711527 
397000 	 0.2311807 
397500 	 0.207677 
398000 	 0.1842788 
398500 	 0.1582356 
399000 	 0.2179756 
399500 	 0.1744014 
400000 	 0.165542 
400500 	 0.1358924 
401000 	 0.1761075 
401500 	 0.1845934 
402000 	 0.27554 
402500 	 0.1884944 
403000 	 0.2427981 
403500 	 0.1473813 
404000 	 0.2594664 
404500 	 0.2392706 
405000 	 0.2528628 
405500 	 0.1828126 
406000 	 0.1775972 
406500 	 0.2611472 
407000 	 0.1837256 
407500 	 0.1528344 
408000 	 0.1635332 
408500 	 0.1648533 
409000 	 0.1745122 
409500 	 0.222711 
410000 	 0.2052843 
410500 	 0.2360015 
411000 	 0.1986052 
411500 	 0.156866 
412000 	 0.2508591 
412500 	 0.2109076 
413000 	 0.2122905 
413500 	 0.2106883 
414000 	 0.2140283 
414500 	 0.174052 
415000 	 0.2368309 
415500 	 0.215061 
416000 	 0.2299371 
416500 	 0.1065394 
417000 	 0.1891269 
417500 	 0.1636819 
418000 	 0.2011222 
418500 	 0.2167478 
419000 	 0.1694598 
419500 	 0.1917719 
420000 	 0.1662373 
420500 	 0.1950035 
421000 	 0.1845124 
421500 	 0.1333087 
422000 	 0.216813 
422500 	 0.1972035 
423000 	 0.2272023 
423500 	 0.2353529 
424000 	 0.1563001 
424500 	 0.1845097 
425000 	 0.2192639 
425500 	 0.2150603 
426000 	 0.2783156 
426500 	 0.2253198 
427000 	 0.1795848 
427500 	 0.2533353 
428000 	 0.1820857 
428500 	 0.1708557 
429000 	 0.2087736 
429500 	 0.2368608 
430000 	 0.1254106 
430500 	 0.1887822 
431000 	 0.1206666 
431500 	 0.2585946 
432000 	 0.2839051 
432500 	 0.249277 
433000 	 0.2198587 
433500 	 0.2501991 
434000 	 0.2206312 
434500 	 0.1617159 
435000 	 0.1672061 
435500 	 0.1960462 
436000 	 0.1596042 
436500 	 0.1176635 
437000 	 0.1701352 
437500 	 0.2544363 
438000 	 0.2229657 
438500 	 0.1996391 
439000 	 0.2405371 
439500 	 0.2146484 
440000 	 0.2852619 
440500 	 0.1362953 
441000 	 0.1605658 
441500 	 0.1635172 
442000 	 0.1864093 
442500 	 0.1470912 
443000 	 0.2523566 
443500 	 0.1809578 
444000 	 0.1921105 
444500 	 0.2050208 
445000 	 0.1917086 
445500 	 0.1280203 
446000 	 0.1855586 
446500 	 0.2169298 
447000 	 0.2305397 
447500 	 0.1394234 
448000 	 0.1978761 
448500 	 0.1490024 
449000 	 0.2312252 
449500 	 0.1918191 
450000 	 0.218384 
450500 	 0.2015158 
451000 	 0.1815172 
451500 	 0.2338874 
452000 	 0.3305148 
452500 	 0.149457 
453000 	 0.1848096 
453500 	 0.2123973 
454000 	 0.2200144 
454500 	 0.1675117 
455000 	 0.2407103 
455500 	 0.1832377 
456000 	 0.2612041 
456500 	 0.1570506 
457000 	 0.1822437 
457500 	 0.1964733 
458000 	 0.1259223 
458500 	 0.1585585 
459000 	 0.1977412 
459500 	 0.1366008 
460000 	 0.2192191 
460500 	 0.1878799 
461000 	 0.2646904 
461500 	 0.1839267 
462000 	 0.1875133 
462500 	 0.2402913 
463000 	 0.1561978 
463500 	 0.2019442 
464000 	 0.1321896 
464500 	 0.1921876 
465000 	 0.1780846 
465500 	 0.1819404 
466000 	 0.2375313 
466500 	 0.1988407 
467000 	 0.2281117 
467500 	 0.1675845 
468000 	 0.1607097 
468500 	 0.2383481 
469000 	 0.1897896 
469500 	 0.1494867 
470000 	 0.1674307 
470500 	 0.1982898 
471000 	 0.2418539 
471500 	 0.1416749 
472000 	 0.1631065 
472500 	 0.1510141 
473000 	 0.158357 
473500 	 0.1934406 
474000 	 0.1658647 
474500 	 0.2221362 
475000 	 0.1601699 
475500 	 0.1741444 
476000 	 0.2005113 
476500 	 0.2581948 
477000 	 0.234122 
477500 	 0.1509002 
478000 	 0.2059397 
478500 	 0.2325827 
479000 	 0.1754903 
479500 	 0.1467047 
480000 	 0.3111089 
480500 	 0.2173866 
481000 	 0.1981435 
481500 	 0.2253573 
482000 	 0.1120613 
482500 	 0.1983259 
483000 	 0.2482676 
483500 	 0.2465438 
484000 	 0.1305696 
484500 	 0.1971988 
485000 	 0.2252012 
485500 	 0.2080596 
486000 	 0.1779466 
486500 	 0.1658359 
487000 	 0.2034431 
487500 	 0.2068303 
488000 	 0.1800469 
488500 	 0.1905078 
489000 	 0.2141146 
489500 	 0.1866094 
490000 	 0.1636492 
490500 	 0.1730633 
491000 	 0.1886651 
491500 	 0.2153976 
492000 	 0.264594 
492500 	 0.1522791 
493000 	 0.2302148 
493500 	 0.243835 
494000 	 0.1459637 
494500 	 0.1754409 
495000 	 0.2385605 
495500 	 0.2349403 
496000 	 0.2107053 
496500 	 0.2675387 
497000 	 0.1701364 
497500 	 0.2164664 
498000 	 0.1251132 
498500 	 0.1621023 
499000 	 0.1866677 
499500 	 0.1666315 
500000 	 0.1909308 
