iter 	 p
500 	 0.2066472 
1000 	 0.1704787 
1500 	 0.2497812 
2000 	 0.2161994 
2500 	 0.2185984 
3000 	 0.2012611 
3500 	 0.2298585 
4000 	 0.191735 
4500 	 0.1884925 
5000 	 0.1736122 
5500 	 0.1884867 
6000 	 0.2226741 
6500 	 0.1790186 
7000 	 0.1595254 
7500 	 0.1995233 
8000 	 0.1418717 
8500 	 0.2154715 
9000 	 0.1990012 
9500 	 0.1692432 
10000 	 0.138602 
10500 	 0.1392262 
11000 	 0.1995554 
11500 	 0.2494798 
12000 	 0.1490598 
12500 	 0.2154949 
13000 	 0.2514212 
13500 	 0.1963663 
14000 	 0.1827698 
14500 	 0.2132194 
15000 	 0.1168597 
15500 	 0.2782585 
16000 	 0.1591123 
16500 	 0.1007018 
17000 	 0.2079605 
17500 	 0.1563599 
18000 	 0.1435153 
18500 	 0.1446169 
19000 	 0.1565308 
19500 	 0.1731437 
20000 	 0.1611405 
20500 	 0.2312953 
21000 	 0.1933731 
21500 	 0.1838677 
22000 	 0.2031077 
22500 	 0.1930113 
23000 	 0.1472806 
23500 	 0.2086728 
24000 	 0.136189 
24500 	 0.182017 
25000 	 0.1795491 
25500 	 0.199928 
26000 	 0.2583321 
26500 	 0.3126348 
27000 	 0.1846725 
27500 	 0.1952952 
28000 	 0.2067968 
28500 	 0.2239759 
29000 	 0.1120956 
29500 	 0.1998703 
30000 	 0.2180728 
30500 	 0.1625134 
31000 	 0.1414849 
31500 	 0.1734254 
32000 	 0.1919154 
32500 	 0.1266062 
33000 	 0.147935 
33500 	 0.1861403 
34000 	 0.1812575 
34500 	 0.1315884 
35000 	 0.2303344 
35500 	 0.2107689 
36000 	 0.1459392 
36500 	 0.1655379 
37000 	 0.2280779 
37500 	 0.1472918 
38000 	 0.1954005 
38500 	 0.1756199 
39000 	 0.2123568 
39500 	 0.1711845 
40000 	 0.2357752 
40500 	 0.2057749 
41000 	 0.1345121 
41500 	 0.2120611 
42000 	 0.1855162 
42500 	 0.09919478 
43000 	 0.1829602 
43500 	 0.1629288 
44000 	 0.135076 
44500 	 0.2295013 
45000 	 0.1537314 
45500 	 0.1271786 
46000 	 0.1656667 
46500 	 0.1700003 
47000 	 0.2607434 
47500 	 0.1589369 
48000 	 0.09696187 
48500 	 0.1609199 
49000 	 0.1485263 
49500 	 0.1932928 
50000 	 0.1997629 
50500 	 0.2703744 
51000 	 0.1892841 
51500 	 0.1723132 
52000 	 0.2506124 
52500 	 0.1347765 
53000 	 0.2135135 
53500 	 0.1415937 
54000 	 0.1743579 
54500 	 0.177464 
55000 	 0.1841389 
55500 	 0.2744453 
56000 	 0.1883114 
56500 	 0.2014168 
57000 	 0.1357659 
57500 	 0.1523919 
58000 	 0.1292268 
58500 	 0.1817712 
59000 	 0.2115182 
59500 	 0.2069944 
60000 	 0.1665488 
60500 	 0.2321825 
61000 	 0.165713 
61500 	 0.222251 
62000 	 0.1468606 
62500 	 0.2551687 
63000 	 0.2058836 
63500 	 0.1603618 
64000 	 0.1681208 
64500 	 0.1592471 
65000 	 0.204208 
65500 	 0.2232154 
66000 	 0.1790763 
66500 	 0.1952817 
67000 	 0.1828559 
67500 	 0.2033237 
68000 	 0.1529488 
68500 	 0.2137842 
69000 	 0.1608795 
69500 	 0.1676904 
70000 	 0.2161844 
70500 	 0.1369916 
71000 	 0.1842413 
71500 	 0.2387759 
72000 	 0.1248449 
72500 	 0.2327472 
73000 	 0.2509278 
73500 	 0.1870215 
74000 	 0.2150779 
74500 	 0.1720637 
75000 	 0.1553629 
75500 	 0.1187913 
76000 	 0.2041341 
76500 	 0.1564533 
77000 	 0.1974299 
77500 	 0.2198094 
78000 	 0.2093236 
78500 	 0.2702574 
79000 	 0.2041262 
79500 	 0.199927 
80000 	 0.2059972 
80500 	 0.2674584 
81000 	 0.1378124 
81500 	 0.1985715 
82000 	 0.2339403 
82500 	 0.1597322 
83000 	 0.1910969 
83500 	 0.1799069 
84000 	 0.2513504 
84500 	 0.2178987 
85000 	 0.2209809 
85500 	 0.1468981 
86000 	 0.1610123 
86500 	 0.1715996 
87000 	 0.152778 
87500 	 0.1551259 
88000 	 0.1794527 
88500 	 0.1139823 
89000 	 0.2626078 
89500 	 0.1833028 
90000 	 0.2671552 
90500 	 0.2129515 
91000 	 0.2189066 
91500 	 0.1209732 
92000 	 0.1802384 
92500 	 0.181696 
93000 	 0.1446215 
93500 	 0.1767289 
94000 	 0.1582722 
94500 	 0.2374096 
95000 	 0.1886998 
95500 	 0.3192691 
96000 	 0.1932778 
96500 	 0.1987247 
97000 	 0.2264405 
97500 	 0.1894179 
98000 	 0.1240422 
98500 	 0.2217258 
99000 	 0.2028406 
99500 	 0.2595706 
100000 	 0.1827593 
100500 	 0.1573121 
101000 	 0.1555977 
101500 	 0.1289925 
102000 	 0.1025469 
102500 	 0.1815018 
103000 	 0.1914197 
103500 	 0.1298342 
104000 	 0.1570784 
104500 	 0.1829521 
105000 	 0.194369 
105500 	 0.1414542 
106000 	 0.2640638 
106500 	 0.2102936 
107000 	 0.1800042 
107500 	 0.2351725 
108000 	 0.1851272 
108500 	 0.1547301 
109000 	 0.1483308 
109500 	 0.1871663 
110000 	 0.1871736 
110500 	 0.1890741 
111000 	 0.1678286 
111500 	 0.2024538 
112000 	 0.2088564 
112500 	 0.146503 
113000 	 0.1201184 
113500 	 0.1345384 
114000 	 0.1519621 
114500 	 0.2002196 
115000 	 0.1584516 
115500 	 0.210192 
116000 	 0.1769168 
116500 	 0.1401062 
117000 	 0.1642089 
117500 	 0.2522636 
118000 	 0.1751669 
118500 	 0.1841337 
119000 	 0.1912813 
119500 	 0.191281 
120000 	 0.2052669 
120500 	 0.2414597 
121000 	 0.1961681 
121500 	 0.1765142 
122000 	 0.1480373 
122500 	 0.2092578 
123000 	 0.2721416 
123500 	 0.1305955 
124000 	 0.1903307 
124500 	 0.2202884 
125000 	 0.103132 
125500 	 0.1850392 
126000 	 0.2417506 
126500 	 0.1674842 
127000 	 0.1712498 
127500 	 0.2019329 
128000 	 0.2200246 
128500 	 0.1569842 
129000 	 0.1753824 
129500 	 0.1421793 
130000 	 0.2128448 
130500 	 0.1394474 
131000 	 0.2012536 
131500 	 0.1728652 
132000 	 0.2028825 
132500 	 0.2164231 
133000 	 0.2188094 
133500 	 0.2665948 
134000 	 0.2152887 
134500 	 0.1452828 
135000 	 0.1842125 
135500 	 0.2529268 
136000 	 0.1862787 
136500 	 0.1571931 
137000 	 0.1839419 
137500 	 0.307828 
138000 	 0.1929835 
138500 	 0.1723039 
139000 	 0.142655 
139500 	 0.1811682 
140000 	 0.1870782 
140500 	 0.218279 
141000 	 0.1446319 
141500 	 0.198493 
142000 	 0.1034933 
142500 	 0.1965709 
143000 	 0.2372032 
143500 	 0.2748462 
144000 	 0.1389202 
144500 	 0.1877897 
145000 	 0.2162186 
145500 	 0.1171879 
146000 	 0.1743606 
146500 	 0.1864992 
147000 	 0.1782508 
147500 	 0.121244 
148000 	 0.2378726 
148500 	 0.2169949 
149000 	 0.201079 
149500 	 0.2073552 
150000 	 0.1979648 
150500 	 0.2077921 
151000 	 0.2546187 
151500 	 0.1431872 
152000 	 0.1870607 
152500 	 0.1482628 
153000 	 0.2296139 
153500 	 0.1449051 
154000 	 0.1260647 
154500 	 0.226874 
155000 	 0.1597929 
155500 	 0.1306164 
156000 	 0.1779365 
156500 	 0.1724781 
157000 	 0.1480595 
157500 	 0.1805786 
158000 	 0.2038207 
158500 	 0.1233311 
159000 	 0.1703925 
159500 	 0.1670527 
160000 	 0.1885899 
160500 	 0.2105528 
161000 	 0.1621102 
161500 	 0.1858277 
162000 	 0.2370851 
162500 	 0.1614881 
163000 	 0.2209944 
163500 	 0.1913132 
164000 	 0.2445458 
164500 	 0.1290978 
165000 	 0.1732622 
165500 	 0.1441229 
166000 	 0.0895109 
166500 	 0.2419951 
167000 	 0.1483518 
167500 	 0.205726 
168000 	 0.191596 
168500 	 0.1776141 
169000 	 0.1747133 
169500 	 0.1411739 
170000 	 0.1930269 
170500 	 0.1651205 
171000 	 0.214895 
171500 	 0.1523205 
172000 	 0.1771284 
172500 	 0.1856315 
173000 	 0.1944474 
173500 	 0.1993577 
174000 	 0.2169988 
174500 	 0.2190251 
175000 	 0.2374522 
175500 	 0.2513061 
176000 	 0.2836007 
176500 	 0.1952225 
177000 	 0.2097235 
177500 	 0.2034161 
178000 	 0.1275725 
178500 	 0.2476483 
179000 	 0.2153345 
179500 	 0.2111444 
180000 	 0.1533707 
180500 	 0.2489022 
181000 	 0.2064534 
181500 	 0.1043296 
182000 	 0.1457938 
182500 	 0.2051866 
183000 	 0.2882425 
183500 	 0.1247778 
184000 	 0.2675205 
184500 	 0.1571734 
185000 	 0.3007147 
185500 	 0.2147654 
186000 	 0.1881752 
186500 	 0.1750502 
187000 	 0.1683837 
187500 	 0.1516491 
188000 	 0.151422 
188500 	 0.2300292 
189000 	 0.276698 
189500 	 0.1771547 
190000 	 0.1914624 
190500 	 0.2030914 
191000 	 0.1393093 
191500 	 0.2339644 
192000 	 0.1756184 
192500 	 0.2113218 
193000 	 0.2257239 
193500 	 0.1741647 
194000 	 0.1452959 
194500 	 0.2190483 
195000 	 0.1613328 
195500 	 0.1702951 
196000 	 0.2674076 
196500 	 0.1965959 
197000 	 0.1639915 
197500 	 0.2042475 
198000 	 0.1972482 
198500 	 0.2455322 
199000 	 0.2410038 
199500 	 0.2156889 
200000 	 0.1932229 
200500 	 0.1754166 
201000 	 0.2011241 
201500 	 0.1508878 
202000 	 0.1834957 
202500 	 0.1815384 
203000 	 0.2567875 
203500 	 0.1861047 
204000 	 0.1437909 
204500 	 0.1815642 
205000 	 0.1764754 
205500 	 0.1231312 
206000 	 0.1844232 
206500 	 0.1225098 
207000 	 0.1193242 
207500 	 0.1865839 
208000 	 0.1522732 
208500 	 0.1289031 
209000 	 0.1039738 
209500 	 0.2615726 
210000 	 0.184479 
210500 	 0.2080289 
211000 	 0.2056365 
211500 	 0.1370913 
212000 	 0.1139859 
212500 	 0.1738595 
213000 	 0.206344 
213500 	 0.1533472 
214000 	 0.206777 
214500 	 0.1485169 
215000 	 0.211453 
215500 	 0.213189 
216000 	 0.1410232 
216500 	 0.1786378 
217000 	 0.2031367 
217500 	 0.1764185 
218000 	 0.1317222 
218500 	 0.178193 
219000 	 0.1861393 
219500 	 0.2262676 
220000 	 0.2005982 
220500 	 0.2162991 
221000 	 0.1508956 
221500 	 0.2031762 
222000 	 0.1886511 
222500 	 0.2243995 
223000 	 0.1984203 
223500 	 0.223936 
224000 	 0.1886134 
224500 	 0.2290959 
225000 	 0.1768821 
225500 	 0.2187357 
226000 	 0.2135893 
226500 	 0.2102873 
227000 	 0.2324576 
227500 	 0.2138075 
228000 	 0.1596635 
228500 	 0.1725118 
229000 	 0.2165327 
229500 	 0.1912875 
230000 	 0.1787327 
230500 	 0.1794677 
231000 	 0.1481417 
231500 	 0.1666248 
232000 	 0.2363656 
232500 	 0.2047286 
233000 	 0.1772364 
233500 	 0.1862303 
234000 	 0.2662133 
234500 	 0.2312125 
235000 	 0.1269664 
235500 	 0.16827 
236000 	 0.2048972 
236500 	 0.1611853 
237000 	 0.1202369 
237500 	 0.195244 
238000 	 0.1776538 
238500 	 0.1546714 
239000 	 0.1710461 
239500 	 0.1594311 
240000 	 0.1971789 
240500 	 0.2101441 
241000 	 0.1312609 
241500 	 0.2129523 
242000 	 0.1907687 
242500 	 0.183222 
243000 	 0.1921303 
243500 	 0.2224433 
244000 	 0.2121575 
244500 	 0.1845136 
245000 	 0.1886563 
245500 	 0.1729197 
246000 	 0.2330756 
246500 	 0.16655 
247000 	 0.1949295 
247500 	 0.2039385 
248000 	 0.1898104 
248500 	 0.1585132 
249000 	 0.2161686 
249500 	 0.2277627 
250000 	 0.1181163 
250500 	 0.1374058 
251000 	 0.274317 
251500 	 0.2251974 
252000 	 0.1784838 
252500 	 0.1759387 
253000 	 0.1233002 
253500 	 0.2210458 
254000 	 0.1057809 
254500 	 0.1647295 
255000 	 0.1889165 
255500 	 0.1766947 
256000 	 0.3241926 
256500 	 0.1402236 
257000 	 0.2282918 
257500 	 0.206562 
258000 	 0.1446417 
258500 	 0.1557911 
259000 	 0.2509177 
259500 	 0.1900767 
260000 	 0.1658017 
260500 	 0.1464277 
261000 	 0.2615885 
261500 	 0.173725 
262000 	 0.1856514 
262500 	 0.1741075 
263000 	 0.1692272 
263500 	 0.1968955 
264000 	 0.1828845 
264500 	 0.1551489 
265000 	 0.2303227 
265500 	 0.1687071 
266000 	 0.1374157 
266500 	 0.1486924 
267000 	 0.2733105 
267500 	 0.2274796 
268000 	 0.1657535 
268500 	 0.2663059 
269000 	 0.1990404 
269500 	 0.1594398 
270000 	 0.1907299 
270500 	 0.156957 
271000 	 0.2234069 
271500 	 0.1408663 
272000 	 0.1413873 
272500 	 0.1227227 
273000 	 0.1696031 
273500 	 0.177719 
274000 	 0.201567 
274500 	 0.2127779 
275000 	 0.2023622 
275500 	 0.214167 
276000 	 0.2405441 
276500 	 0.1512397 
277000 	 0.172622 
277500 	 0.1999291 
278000 	 0.1413839 
278500 	 0.1590688 
279000 	 0.1862804 
279500 	 0.2231901 
280000 	 0.2382134 
280500 	 0.1474353 
281000 	 0.2295819 
281500 	 0.1793553 
282000 	 0.2346948 
282500 	 0.1500914 
283000 	 0.09815923 
283500 	 0.1753315 
284000 	 0.1522493 
284500 	 0.1989132 
285000 	 0.1834758 
285500 	 0.2035361 
286000 	 0.2277647 
286500 	 0.1759631 
287000 	 0.2426957 
287500 	 0.1557604 
288000 	 0.1574715 
288500 	 0.1458898 
289000 	 0.2124156 
289500 	 0.1847719 
290000 	 0.1926003 
290500 	 0.2302458 
291000 	 0.1775934 
291500 	 0.1420392 
292000 	 0.2221031 
292500 	 0.2320698 
293000 	 0.1529154 
293500 	 0.2102795 
294000 	 0.1807761 
294500 	 0.146196 
295000 	 0.1534753 
295500 	 0.2306137 
296000 	 0.1642559 
296500 	 0.1321047 
297000 	 0.223168 
297500 	 0.2108815 
298000 	 0.1945227 
298500 	 0.2557963 
299000 	 0.1555069 
299500 	 0.217398 
300000 	 0.1477901 
300500 	 0.1721791 
301000 	 0.1638184 
301500 	 0.2323148 
302000 	 0.2392682 
302500 	 0.1773248 
303000 	 0.1630537 
303500 	 0.278304 
304000 	 0.2290457 
304500 	 0.2776291 
305000 	 0.2150294 
305500 	 0.1453438 
306000 	 0.1951953 
306500 	 0.1486224 
307000 	 0.1652871 
307500 	 0.1654731 
308000 	 0.1853723 
308500 	 0.1610892 
309000 	 0.1606207 
309500 	 0.2314056 
310000 	 0.1826642 
310500 	 0.184734 
311000 	 0.1527815 
311500 	 0.2107548 
312000 	 0.1814076 
312500 	 0.196654 
313000 	 0.1610124 
313500 	 0.254862 
314000 	 0.2052444 
314500 	 0.2465478 
315000 	 0.1983146 
315500 	 0.2563298 
316000 	 0.1700519 
316500 	 0.1707643 
317000 	 0.1928889 
317500 	 0.1951418 
318000 	 0.1912935 
318500 	 0.1419621 
319000 	 0.1577796 
319500 	 0.2151959 
320000 	 0.2839831 
320500 	 0.1797755 
321000 	 0.1899427 
321500 	 0.1786093 
322000 	 0.2066903 
322500 	 0.2206161 
323000 	 0.1814611 
323500 	 0.1776582 
324000 	 0.1301985 
324500 	 0.1809127 
325000 	 0.1567645 
325500 	 0.2203602 
326000 	 0.1578258 
326500 	 0.1915041 
327000 	 0.2195329 
327500 	 0.2475682 
328000 	 0.2059674 
328500 	 0.1641384 
329000 	 0.2205629 
329500 	 0.1012911 
330000 	 0.2462798 
330500 	 0.08838169 
331000 	 0.230178 
331500 	 0.2103041 
332000 	 0.2013635 
332500 	 0.3045207 
333000 	 0.2235389 
333500 	 0.1816042 
334000 	 0.1874288 
334500 	 0.2156785 
335000 	 0.2076869 
335500 	 0.2881168 
336000 	 0.1451992 
336500 	 0.1222808 
337000 	 0.1957356 
337500 	 0.1883855 
338000 	 0.1770549 
338500 	 0.2117459 
339000 	 0.1949166 
339500 	 0.2086547 
340000 	 0.176848 
340500 	 0.1950609 
341000 	 0.1972346 
341500 	 0.1702321 
342000 	 0.1695533 
342500 	 0.148853 
343000 	 0.157943 
343500 	 0.1715526 
344000 	 0.2491979 
344500 	 0.1254846 
345000 	 0.1715787 
345500 	 0.1587869 
346000 	 0.1237124 
346500 	 0.1748871 
347000 	 0.1991816 
347500 	 0.206403 
348000 	 0.1872014 
348500 	 0.2625398 
349000 	 0.1482321 
349500 	 0.1916437 
350000 	 0.1654621 
350500 	 0.2275781 
351000 	 0.1739989 
351500 	 0.2294106 
352000 	 0.2185094 
352500 	 0.216213 
353000 	 0.1642128 
353500 	 0.1713598 
354000 	 0.2135263 
354500 	 0.1761619 
355000 	 0.1096859 
355500 	 0.1329935 
356000 	 0.1815467 
356500 	 0.1694474 
357000 	 0.2144087 
357500 	 0.174183 
358000 	 0.1645617 
358500 	 0.1893694 
359000 	 0.1790197 
359500 	 0.155027 
360000 	 0.1522125 
360500 	 0.2022865 
361000 	 0.17127 
361500 	 0.1546282 
362000 	 0.1844349 
362500 	 0.190936 
363000 	 0.2346341 
363500 	 0.191107 
364000 	 0.1971789 
364500 	 0.1289798 
365000 	 0.2298916 
365500 	 0.1785703 
366000 	 0.1985237 
366500 	 0.189899 
367000 	 0.1827234 
367500 	 0.1706389 
368000 	 0.1462532 
368500 	 0.1441248 
369000 	 0.220601 
369500 	 0.1572737 
370000 	 0.1630353 
370500 	 0.2307197 
371000 	 0.1642156 
371500 	 0.1688101 
372000 	 0.2020641 
372500 	 0.1072566 
373000 	 0.2074876 
373500 	 0.2383134 
374000 	 0.1683613 
374500 	 0.2202197 
375000 	 0.1912689 
375500 	 0.2243941 
376000 	 0.1454497 
376500 	 0.1713597 
377000 	 0.2095587 
377500 	 0.2012108 
378000 	 0.1547158 
378500 	 0.1527247 
379000 	 0.1090204 
379500 	 0.2048264 
380000 	 0.1594968 
380500 	 0.2331195 
381000 	 0.2613556 
381500 	 0.1345334 
382000 	 0.1469017 
382500 	 0.1629855 
383000 	 0.2380882 
383500 	 0.3508406 
384000 	 0.1802964 
384500 	 0.2217348 
385000 	 0.1980199 
385500 	 0.1796346 
386000 	 0.1646361 
386500 	 0.1294561 
387000 	 0.1885026 
387500 	 0.1421822 
388000 	 0.1875042 
388500 	 0.1512472 
389000 	 0.2422208 
389500 	 0.2480244 
390000 	 0.207234 
390500 	 0.1724081 
391000 	 0.16041 
391500 	 0.1862028 
392000 	 0.2714493 
392500 	 0.267294 
393000 	 0.1581798 
393500 	 0.213775 
394000 	 0.1275846 
394500 	 0.1773683 
395000 	 0.3060939 
395500 	 0.2120598 
396000 	 0.1713118 
396500 	 0.1555591 
397000 	 0.15511 
397500 	 0.2358251 
398000 	 0.1815338 
398500 	 0.2067059 
399000 	 0.1794071 
399500 	 0.1649315 
400000 	 0.1860086 
400500 	 0.1569641 
401000 	 0.1531006 
401500 	 0.1205537 
402000 	 0.1952853 
402500 	 0.1791063 
403000 	 0.1993362 
403500 	 0.1577791 
404000 	 0.2189223 
404500 	 0.142788 
405000 	 0.1979239 
405500 	 0.1767938 
406000 	 0.192534 
406500 	 0.1192349 
407000 	 0.1782829 
407500 	 0.1829529 
408000 	 0.1846067 
408500 	 0.2124322 
409000 	 0.1894369 
409500 	 0.1728605 
410000 	 0.1903462 
410500 	 0.1860614 
411000 	 0.2066504 
411500 	 0.1702004 
412000 	 0.149306 
412500 	 0.2144629 
413000 	 0.1910452 
413500 	 0.1223171 
414000 	 0.1753721 
414500 	 0.1050049 
415000 	 0.2172745 
415500 	 0.1037735 
416000 	 0.2026153 
416500 	 0.1695418 
417000 	 0.1891214 
417500 	 0.1770889 
418000 	 0.1574386 
418500 	 0.1353526 
419000 	 0.1768473 
419500 	 0.1375113 
420000 	 0.2534686 
420500 	 0.1897447 
421000 	 0.1754982 
421500 	 0.2268554 
422000 	 0.2441646 
422500 	 0.1913699 
423000 	 0.1769576 
423500 	 0.1607848 
424000 	 0.2623537 
424500 	 0.1777164 
425000 	 0.1913673 
425500 	 0.1626528 
426000 	 0.188188 
426500 	 0.1912346 
427000 	 0.2108773 
427500 	 0.1381982 
428000 	 0.1943823 
428500 	 0.1344648 
429000 	 0.1659609 
429500 	 0.161936 
430000 	 0.1931772 
430500 	 0.2329924 
431000 	 0.1982247 
431500 	 0.1220841 
432000 	 0.1418183 
432500 	 0.1750124 
433000 	 0.1442211 
433500 	 0.187631 
434000 	 0.1195328 
434500 	 0.1632766 
435000 	 0.1730287 
435500 	 0.1854895 
436000 	 0.1774566 
436500 	 0.1524264 
437000 	 0.1412609 
437500 	 0.2212839 
438000 	 0.1747534 
438500 	 0.2287701 
439000 	 0.2343206 
439500 	 0.1697027 
440000 	 0.1959812 
440500 	 0.1388224 
441000 	 0.1547128 
441500 	 0.1559933 
442000 	 0.2886489 
442500 	 0.2255076 
443000 	 0.2273249 
443500 	 0.1448645 
444000 	 0.1109335 
444500 	 0.1616116 
445000 	 0.1595381 
445500 	 0.138595 
446000 	 0.1674097 
446500 	 0.09683894 
447000 	 0.1601984 
447500 	 0.1752024 
448000 	 0.222648 
448500 	 0.1810719 
449000 	 0.1639887 
449500 	 0.1421881 
450000 	 0.1905343 
450500 	 0.171363 
451000 	 0.1468156 
451500 	 0.175084 
452000 	 0.1011662 
452500 	 0.2580857 
453000 	 0.1505945 
453500 	 0.2056526 
454000 	 0.2020703 
454500 	 0.1481346 
455000 	 0.2024739 
455500 	 0.1788607 
456000 	 0.1684178 
456500 	 0.1686187 
457000 	 0.211382 
457500 	 0.1983191 
458000 	 0.1646029 
458500 	 0.159197 
459000 	 0.1083574 
459500 	 0.1349738 
460000 	 0.166803 
460500 	 0.1441707 
461000 	 0.1728587 
461500 	 0.2202547 
462000 	 0.1604739 
462500 	 0.1661872 
463000 	 0.2369232 
463500 	 0.1763127 
464000 	 0.1785828 
464500 	 0.1694151 
465000 	 0.200348 
465500 	 0.1629354 
466000 	 0.1978914 
466500 	 0.1550732 
467000 	 0.1672891 
467500 	 0.1452316 
468000 	 0.1421307 
468500 	 0.1598497 
469000 	 0.2517748 
469500 	 0.2878527 
470000 	 0.2148791 
470500 	 0.2035199 
471000 	 0.1734507 
471500 	 0.2247801 
472000 	 0.1707481 
472500 	 0.1761516 
473000 	 0.1775559 
473500 	 0.1871228 
474000 	 0.2156035 
474500 	 0.2622413 
475000 	 0.1936909 
475500 	 0.2068124 
476000 	 0.1874943 
476500 	 0.268308 
477000 	 0.2135972 
477500 	 0.1644365 
478000 	 0.2058105 
478500 	 0.1776188 
479000 	 0.1603853 
479500 	 0.2109944 
480000 	 0.1567335 
480500 	 0.1820421 
481000 	 0.2009635 
481500 	 0.1965884 
482000 	 0.1603834 
482500 	 0.2324121 
483000 	 0.1887418 
483500 	 0.2751437 
484000 	 0.1005304 
484500 	 0.1837383 
485000 	 0.1879702 
485500 	 0.2258703 
486000 	 0.2449814 
486500 	 0.1747219 
487000 	 0.1870154 
487500 	 0.1640946 
488000 	 0.1256729 
488500 	 0.1826721 
489000 	 0.1484872 
489500 	 0.1781612 
490000 	 0.1608664 
490500 	 0.1972275 
491000 	 0.08634681 
491500 	 0.1313629 
492000 	 0.1893542 
492500 	 0.2288106 
493000 	 0.2076239 
493500 	 0.1845337 
494000 	 0.1572117 
494500 	 0.1536929 
495000 	 0.2006232 
495500 	 0.1605966 
496000 	 0.1860876 
496500 	 0.1748384 
497000 	 0.1478212 
497500 	 0.2254703 
498000 	 0.1345551 
498500 	 0.1369247 
499000 	 0.1564661 
499500 	 0.1923816 
500000 	 0.2436879 
