iter 	 p
500 	 0.1791102 
1000 	 0.2332379 
1500 	 0.2821519 
2000 	 0.3158665 
2500 	 0.3266657 
3000 	 0.1987657 
3500 	 0.2459745 
4000 	 0.1755219 
4500 	 0.2456878 
5000 	 0.2200908 
5500 	 0.2245195 
6000 	 0.3626562 
6500 	 0.2701262 
7000 	 0.2683444 
7500 	 0.2526324 
8000 	 0.196571 
8500 	 0.1581155 
9000 	 0.259644 
9500 	 0.3815501 
10000 	 0.3112413 
10500 	 0.1875521 
11000 	 0.2553551 
11500 	 0.2388515 
12000 	 0.2488463 
12500 	 0.205628 
13000 	 0.2830289 
13500 	 0.2758532 
14000 	 0.2987592 
14500 	 0.1440287 
15000 	 0.3287876 
15500 	 0.2684223 
16000 	 0.3243664 
16500 	 0.2347834 
17000 	 0.202684 
17500 	 0.2026485 
18000 	 0.250489 
18500 	 0.2992205 
19000 	 0.3308035 
19500 	 0.2116981 
20000 	 0.3148698 
20500 	 0.2361772 
21000 	 0.3098531 
21500 	 0.2971683 
22000 	 0.254995 
22500 	 0.2792787 
23000 	 0.2922793 
23500 	 0.3193179 
24000 	 0.2258081 
24500 	 0.2549172 
25000 	 0.2991946 
25500 	 0.2627743 
26000 	 0.2387736 
26500 	 0.2645339 
27000 	 0.265458 
27500 	 0.1668698 
28000 	 0.197602 
28500 	 0.3673457 
29000 	 0.3136653 
29500 	 0.2178303 
30000 	 0.2345531 
30500 	 0.171223 
31000 	 0.2356519 
31500 	 0.2216447 
32000 	 0.1956429 
32500 	 0.276332 
33000 	 0.3274628 
33500 	 0.2622163 
34000 	 0.1313854 
34500 	 0.4001756 
35000 	 0.2232183 
35500 	 0.2615459 
36000 	 0.2337065 
36500 	 0.2388765 
37000 	 0.2656349 
37500 	 0.2050784 
38000 	 0.2400539 
38500 	 0.3074351 
39000 	 0.2464952 
39500 	 0.2961487 
40000 	 0.2261734 
40500 	 0.2364918 
41000 	 0.2081532 
41500 	 0.3002946 
42000 	 0.2384601 
42500 	 0.1844898 
43000 	 0.2861045 
43500 	 0.2203657 
44000 	 0.2213933 
44500 	 0.2733212 
45000 	 0.3165295 
45500 	 0.2489972 
46000 	 0.3345143 
46500 	 0.1990263 
47000 	 0.2201828 
47500 	 0.1995956 
48000 	 0.3128618 
48500 	 0.1653223 
49000 	 0.1971802 
49500 	 0.1772733 
50000 	 0.2140335 
50500 	 0.2531458 
51000 	 0.2175403 
51500 	 0.2426563 
52000 	 0.2611953 
52500 	 0.3042056 
53000 	 0.273914 
53500 	 0.2861666 
54000 	 0.2583689 
54500 	 0.1994213 
55000 	 0.1775007 
55500 	 0.3609361 
56000 	 0.2192164 
56500 	 0.320775 
57000 	 0.2371431 
57500 	 0.2782 
58000 	 0.3108565 
58500 	 0.2365556 
59000 	 0.2172229 
59500 	 0.3443829 
60000 	 0.2247678 
60500 	 0.2376727 
61000 	 0.2748978 
61500 	 0.4104604 
62000 	 0.3108247 
62500 	 0.2581894 
63000 	 0.1704219 
63500 	 0.2352231 
64000 	 0.348737 
64500 	 0.3023073 
65000 	 0.3036395 
65500 	 0.2233139 
66000 	 0.3205748 
66500 	 0.2996572 
67000 	 0.2479759 
67500 	 0.1817026 
68000 	 0.2440168 
68500 	 0.2347155 
69000 	 0.1983937 
69500 	 0.2788968 
70000 	 0.2705649 
70500 	 0.2665728 
71000 	 0.2286245 
71500 	 0.3564194 
72000 	 0.2312599 
72500 	 0.3148739 
73000 	 0.2426038 
73500 	 0.2135513 
74000 	 0.3073281 
74500 	 0.2199041 
75000 	 0.3577962 
75500 	 0.2116357 
76000 	 0.3063354 
76500 	 0.3104632 
77000 	 0.3483024 
77500 	 0.3107483 
78000 	 0.206257 
78500 	 0.1522996 
79000 	 0.2471008 
79500 	 0.2432007 
80000 	 0.2783176 
80500 	 0.2447802 
81000 	 0.1330995 
81500 	 0.1701691 
82000 	 0.3372256 
82500 	 0.3167476 
83000 	 0.2884669 
83500 	 0.2325122 
84000 	 0.1910091 
84500 	 0.2078154 
85000 	 0.253968 
85500 	 0.2663975 
86000 	 0.2428943 
86500 	 0.2235047 
87000 	 0.2950648 
87500 	 0.23989 
88000 	 0.2858618 
88500 	 0.216025 
89000 	 0.2406944 
89500 	 0.267052 
90000 	 0.263991 
90500 	 0.3682221 
91000 	 0.4208283 
91500 	 0.3952474 
92000 	 0.3120081 
92500 	 0.3013485 
93000 	 0.2699951 
93500 	 0.2502493 
94000 	 0.1916546 
94500 	 0.267299 
95000 	 0.2603998 
95500 	 0.254468 
96000 	 0.344166 
96500 	 0.2026599 
97000 	 0.2988432 
97500 	 0.312764 
98000 	 0.18038 
98500 	 0.2755458 
99000 	 0.2241032 
99500 	 0.2063421 
100000 	 0.338425 
100500 	 0.3202811 
101000 	 0.1797526 
101500 	 0.1802875 
102000 	 0.1706686 
102500 	 0.1861796 
103000 	 0.221095 
103500 	 0.2079735 
104000 	 0.252693 
104500 	 0.239245 
105000 	 0.2241924 
105500 	 0.1823621 
106000 	 0.3086598 
106500 	 0.2459431 
107000 	 0.183668 
107500 	 0.196174 
108000 	 0.3140135 
108500 	 0.2882964 
109000 	 0.2514887 
109500 	 0.232048 
110000 	 0.236425 
110500 	 0.2289182 
111000 	 0.2925122 
111500 	 0.3162432 
112000 	 0.2868923 
112500 	 0.2261403 
113000 	 0.3362362 
113500 	 0.2466827 
114000 	 0.3264621 
114500 	 0.3112852 
115000 	 0.2750357 
115500 	 0.3127713 
116000 	 0.2119184 
116500 	 0.276558 
117000 	 0.2669924 
117500 	 0.2992846 
118000 	 0.3377713 
118500 	 0.244486 
119000 	 0.2182219 
119500 	 0.240434 
120000 	 0.1971597 
120500 	 0.2272645 
121000 	 0.2298601 
121500 	 0.2853684 
122000 	 0.2083337 
122500 	 0.2135338 
123000 	 0.3100433 
123500 	 0.3077223 
124000 	 0.3220227 
124500 	 0.2196293 
125000 	 0.1828771 
125500 	 0.314933 
126000 	 0.2413087 
126500 	 0.3166169 
127000 	 0.2793011 
127500 	 0.1941694 
128000 	 0.2564452 
128500 	 0.1814269 
129000 	 0.2765918 
129500 	 0.3183021 
130000 	 0.1654687 
130500 	 0.2250506 
131000 	 0.1981377 
131500 	 0.2695464 
132000 	 0.1745138 
132500 	 0.2019373 
133000 	 0.2384237 
133500 	 0.2490106 
134000 	 0.1787606 
134500 	 0.2906331 
135000 	 0.2933965 
135500 	 0.234069 
136000 	 0.2014929 
136500 	 0.2424963 
137000 	 0.2324805 
137500 	 0.3158168 
138000 	 0.2412687 
138500 	 0.2186982 
139000 	 0.2597152 
139500 	 0.1924803 
140000 	 0.1809475 
140500 	 0.2927274 
141000 	 0.3284762 
141500 	 0.2828412 
142000 	 0.2153191 
142500 	 0.2090618 
143000 	 0.2899185 
143500 	 0.1971477 
144000 	 0.2983212 
144500 	 0.2604756 
145000 	 0.1620465 
145500 	 0.2649568 
146000 	 0.2187962 
146500 	 0.2778958 
147000 	 0.3234414 
147500 	 0.3509081 
148000 	 0.3058628 
148500 	 0.2469292 
149000 	 0.2005295 
149500 	 0.3290069 
150000 	 0.2037464 
150500 	 0.2621831 
151000 	 0.2747848 
151500 	 0.1889243 
152000 	 0.2644672 
152500 	 0.1919147 
153000 	 0.274968 
153500 	 0.3554484 
154000 	 0.2490381 
154500 	 0.1892974 
155000 	 0.1646813 
155500 	 0.247481 
156000 	 0.2175752 
156500 	 0.184659 
157000 	 0.2883668 
157500 	 0.274508 
158000 	 0.2082033 
158500 	 0.1963264 
159000 	 0.2664024 
159500 	 0.1616465 
160000 	 0.2911477 
160500 	 0.3215831 
161000 	 0.3079941 
161500 	 0.3287684 
162000 	 0.3000719 
162500 	 0.2992629 
163000 	 0.3016804 
163500 	 0.2874003 
164000 	 0.3114397 
164500 	 0.2701704 
165000 	 0.3232525 
165500 	 0.2900845 
166000 	 0.2052325 
166500 	 0.1488427 
167000 	 0.2669391 
167500 	 0.3115359 
168000 	 0.2679364 
168500 	 0.3307783 
169000 	 0.2397686 
169500 	 0.2960902 
170000 	 0.2495932 
170500 	 0.2525458 
171000 	 0.3391759 
171500 	 0.3060009 
172000 	 0.2391998 
172500 	 0.1833781 
173000 	 0.2373876 
173500 	 0.2767691 
174000 	 0.3067467 
174500 	 0.2050365 
175000 	 0.2497483 
175500 	 0.2889336 
176000 	 0.2300241 
176500 	 0.3707087 
177000 	 0.2495585 
177500 	 0.3342867 
178000 	 0.2773749 
178500 	 0.2823715 
179000 	 0.269277 
179500 	 0.2757325 
180000 	 0.3550055 
180500 	 0.2422293 
181000 	 0.1089938 
181500 	 0.3105528 
182000 	 0.1952643 
182500 	 0.2144181 
183000 	 0.2738368 
183500 	 0.2821174 
184000 	 0.2700113 
184500 	 0.3180174 
185000 	 0.2954288 
185500 	 0.3569789 
186000 	 0.2060195 
186500 	 0.3464579 
187000 	 0.2492064 
187500 	 0.1946864 
188000 	 0.3081811 
188500 	 0.2663036 
189000 	 0.19945 
189500 	 0.2495091 
190000 	 0.316276 
190500 	 0.3003219 
191000 	 0.3155584 
191500 	 0.1393512 
192000 	 0.1993153 
192500 	 0.3435505 
193000 	 0.2333855 
193500 	 0.4122262 
194000 	 0.2610162 
194500 	 0.3098676 
195000 	 0.232423 
195500 	 0.1975018 
196000 	 0.2808558 
196500 	 0.2848856 
197000 	 0.2495023 
197500 	 0.2814261 
198000 	 0.2250149 
198500 	 0.2925426 
199000 	 0.2326118 
199500 	 0.1939453 
200000 	 0.2455596 
200500 	 0.3124037 
201000 	 0.2037627 
201500 	 0.225608 
202000 	 0.2770611 
202500 	 0.209298 
203000 	 0.1730515 
203500 	 0.2714858 
204000 	 0.2771337 
204500 	 0.259502 
205000 	 0.3528092 
205500 	 0.1961895 
206000 	 0.3212969 
206500 	 0.3472056 
207000 	 0.2266726 
207500 	 0.1559416 
208000 	 0.2256472 
208500 	 0.3013094 
209000 	 0.2150276 
209500 	 0.235359 
210000 	 0.3024456 
210500 	 0.3128143 
211000 	 0.2541211 
211500 	 0.2152907 
212000 	 0.2773104 
212500 	 0.2571348 
213000 	 0.306986 
213500 	 0.3104803 
214000 	 0.1816254 
214500 	 0.21887 
215000 	 0.3340397 
215500 	 0.2512499 
216000 	 0.2941094 
216500 	 0.1782057 
217000 	 0.3389875 
217500 	 0.2880225 
218000 	 0.1911208 
218500 	 0.3031849 
219000 	 0.2691267 
219500 	 0.2200998 
220000 	 0.2218354 
220500 	 0.1831311 
221000 	 0.3093587 
221500 	 0.221183 
222000 	 0.2066238 
222500 	 0.2571537 
223000 	 0.3797057 
223500 	 0.3111896 
224000 	 0.2589697 
224500 	 0.2006335 
225000 	 0.3198826 
225500 	 0.1504091 
226000 	 0.3934572 
226500 	 0.292541 
227000 	 0.2448131 
227500 	 0.2288854 
228000 	 0.2307735 
228500 	 0.3131621 
229000 	 0.2511995 
229500 	 0.2810931 
230000 	 0.1843582 
230500 	 0.2118501 
231000 	 0.2448288 
231500 	 0.2934102 
232000 	 0.3384538 
232500 	 0.2418214 
233000 	 0.2772816 
233500 	 0.3620253 
234000 	 0.2250453 
234500 	 0.2777533 
235000 	 0.2331759 
235500 	 0.2301351 
236000 	 0.245488 
236500 	 0.2493243 
237000 	 0.2782675 
237500 	 0.351201 
238000 	 0.1774689 
238500 	 0.3117514 
239000 	 0.1395398 
239500 	 0.1951316 
240000 	 0.2181087 
240500 	 0.2665008 
241000 	 0.2358693 
241500 	 0.2466315 
242000 	 0.2634508 
242500 	 0.2344364 
243000 	 0.3084881 
243500 	 0.2388019 
244000 	 0.2146565 
244500 	 0.2138619 
245000 	 0.2100425 
245500 	 0.2949209 
246000 	 0.2788021 
246500 	 0.2401982 
247000 	 0.2310617 
247500 	 0.2210994 
248000 	 0.3207474 
248500 	 0.3029804 
249000 	 0.1908365 
249500 	 0.2936721 
250000 	 0.353959 
250500 	 0.2736364 
251000 	 0.139452 
251500 	 0.3572708 
252000 	 0.1925435 
252500 	 0.2050759 
253000 	 0.2944493 
253500 	 0.3287225 
254000 	 0.1714775 
254500 	 0.2630128 
255000 	 0.3278994 
255500 	 0.2511309 
256000 	 0.3176483 
256500 	 0.2879339 
257000 	 0.2112279 
257500 	 0.3301712 
258000 	 0.3026218 
258500 	 0.1686267 
259000 	 0.3405674 
259500 	 0.3970399 
260000 	 0.2277346 
260500 	 0.2734054 
261000 	 0.1838406 
261500 	 0.3707448 
262000 	 0.2305375 
262500 	 0.17443 
263000 	 0.1922914 
263500 	 0.261218 
264000 	 0.2740787 
264500 	 0.1880148 
265000 	 0.3375808 
265500 	 0.3842422 
266000 	 0.2928655 
266500 	 0.1804614 
267000 	 0.308992 
267500 	 0.2330292 
268000 	 0.2546221 
268500 	 0.3332494 
269000 	 0.2751865 
269500 	 0.2949693 
270000 	 0.2801553 
270500 	 0.18768 
271000 	 0.237184 
271500 	 0.2591428 
272000 	 0.2103401 
272500 	 0.1744998 
273000 	 0.2164761 
273500 	 0.128173 
274000 	 0.2545653 
274500 	 0.2277108 
275000 	 0.2526008 
275500 	 0.2871031 
276000 	 0.302654 
276500 	 0.2368589 
277000 	 0.272527 
277500 	 0.2837308 
278000 	 0.2165686 
278500 	 0.2264035 
279000 	 0.1952566 
279500 	 0.2644613 
280000 	 0.2681177 
280500 	 0.1961706 
281000 	 0.255105 
281500 	 0.2663332 
282000 	 0.3375188 
282500 	 0.2484842 
283000 	 0.1187558 
283500 	 0.3053571 
284000 	 0.3289037 
284500 	 0.1690038 
285000 	 0.3351889 
285500 	 0.2242392 
286000 	 0.2356254 
286500 	 0.2004344 
287000 	 0.2868386 
287500 	 0.2666558 
288000 	 0.2016717 
288500 	 0.2376714 
289000 	 0.2188087 
289500 	 0.2285653 
290000 	 0.2173518 
290500 	 0.3372849 
291000 	 0.2476719 
291500 	 0.2475836 
292000 	 0.2443788 
292500 	 0.303857 
293000 	 0.2146061 
293500 	 0.1966491 
294000 	 0.2226284 
294500 	 0.24233 
295000 	 0.3021983 
295500 	 0.2316323 
296000 	 0.1868157 
296500 	 0.2739532 
297000 	 0.3060302 
297500 	 0.2485091 
298000 	 0.2513599 
298500 	 0.241217 
299000 	 0.2194168 
299500 	 0.253516 
300000 	 0.3020242 
300500 	 0.2371068 
301000 	 0.2529065 
301500 	 0.3526268 
302000 	 0.1913692 
302500 	 0.3003951 
303000 	 0.221603 
303500 	 0.3103681 
304000 	 0.3323836 
304500 	 0.2849111 
305000 	 0.2409341 
305500 	 0.2348158 
306000 	 0.309849 
306500 	 0.264122 
307000 	 0.2975102 
307500 	 0.3355502 
308000 	 0.241876 
308500 	 0.3074307 
309000 	 0.228046 
309500 	 0.2522813 
310000 	 0.2349824 
310500 	 0.2649695 
311000 	 0.2559669 
311500 	 0.2788314 
312000 	 0.2521417 
312500 	 0.3106162 
313000 	 0.2650296 
313500 	 0.3584866 
314000 	 0.2586061 
314500 	 0.2518497 
315000 	 0.3182694 
315500 	 0.3151738 
316000 	 0.2882365 
316500 	 0.2800022 
317000 	 0.2100853 
317500 	 0.2166504 
318000 	 0.2398103 
318500 	 0.2343717 
319000 	 0.2296898 
319500 	 0.2458767 
320000 	 0.3015747 
320500 	 0.3225432 
321000 	 0.1270369 
321500 	 0.2407154 
322000 	 0.2416664 
322500 	 0.1749634 
323000 	 0.177553 
323500 	 0.2290478 
324000 	 0.1813805 
324500 	 0.2793766 
325000 	 0.2112493 
325500 	 0.2430291 
326000 	 0.2243687 
326500 	 0.2612833 
327000 	 0.2711267 
327500 	 0.2063706 
328000 	 0.1487111 
328500 	 0.3843146 
329000 	 0.2777327 
329500 	 0.3026138 
330000 	 0.312335 
330500 	 0.1787619 
331000 	 0.2237449 
331500 	 0.2804421 
332000 	 0.2084052 
332500 	 0.2634776 
333000 	 0.347267 
333500 	 0.2391045 
334000 	 0.2063272 
334500 	 0.3023246 
335000 	 0.2049141 
335500 	 0.2620314 
336000 	 0.2136587 
336500 	 0.2277361 
337000 	 0.2078451 
337500 	 0.1866606 
338000 	 0.2637027 
338500 	 0.2391892 
339000 	 0.1963373 
339500 	 0.3466673 
340000 	 0.2651898 
340500 	 0.2090691 
341000 	 0.2341154 
341500 	 0.2674009 
342000 	 0.1995033 
342500 	 0.2691702 
343000 	 0.2358009 
343500 	 0.2278022 
344000 	 0.2354439 
344500 	 0.2738613 
345000 	 0.3009296 
345500 	 0.1931672 
346000 	 0.1976654 
346500 	 0.274908 
347000 	 0.2047949 
347500 	 0.2159001 
348000 	 0.2702818 
348500 	 0.2723232 
349000 	 0.4072984 
349500 	 0.2414672 
350000 	 0.2398565 
350500 	 0.2007706 
351000 	 0.3320659 
351500 	 0.2833789 
352000 	 0.3515499 
352500 	 0.2722368 
353000 	 0.1455655 
353500 	 0.2590412 
354000 	 0.2854358 
354500 	 0.1662498 
355000 	 0.2493435 
355500 	 0.1726828 
356000 	 0.3117105 
356500 	 0.1970938 
357000 	 0.1750028 
357500 	 0.2392933 
358000 	 0.2462619 
358500 	 0.3549247 
359000 	 0.2386099 
359500 	 0.1911417 
360000 	 0.1873614 
360500 	 0.3205456 
361000 	 0.3014241 
361500 	 0.213158 
362000 	 0.2191684 
362500 	 0.2653671 
363000 	 0.3088147 
363500 	 0.3046125 
364000 	 0.3198784 
364500 	 0.3067376 
365000 	 0.2429702 
365500 	 0.2042328 
366000 	 0.2939446 
366500 	 0.2000538 
367000 	 0.2728365 
367500 	 0.2035324 
368000 	 0.272908 
368500 	 0.2896547 
369000 	 0.2915643 
369500 	 0.2404099 
370000 	 0.2038581 
370500 	 0.2679194 
371000 	 0.2039005 
371500 	 0.2389028 
372000 	 0.2076742 
372500 	 0.2596936 
373000 	 0.2669637 
373500 	 0.2031404 
374000 	 0.2868155 
374500 	 0.2345982 
375000 	 0.3471638 
375500 	 0.3213942 
376000 	 0.1709016 
376500 	 0.2724135 
377000 	 0.2402385 
377500 	 0.2775779 
378000 	 0.186014 
378500 	 0.1630966 
379000 	 0.2209249 
379500 	 0.1814623 
380000 	 0.2429927 
380500 	 0.323679 
381000 	 0.208315 
381500 	 0.2025349 
382000 	 0.3955909 
382500 	 0.3091628 
383000 	 0.2784256 
383500 	 0.2465217 
384000 	 0.3315617 
384500 	 0.2691979 
385000 	 0.2420645 
385500 	 0.224773 
386000 	 0.2033287 
386500 	 0.2098737 
387000 	 0.3051028 
387500 	 0.2919916 
388000 	 0.2141074 
388500 	 0.2615656 
389000 	 0.2554881 
389500 	 0.24318 
390000 	 0.359536 
390500 	 0.2567732 
391000 	 0.4072686 
391500 	 0.236556 
392000 	 0.2892837 
392500 	 0.2603044 
393000 	 0.2854057 
393500 	 0.276434 
394000 	 0.2192989 
394500 	 0.2910417 
395000 	 0.2721141 
395500 	 0.176328 
396000 	 0.347856 
396500 	 0.259724 
397000 	 0.2196939 
397500 	 0.3383846 
398000 	 0.286294 
398500 	 0.315272 
399000 	 0.3199988 
399500 	 0.2067681 
400000 	 0.1932682 
400500 	 0.3277169 
401000 	 0.240856 
401500 	 0.3528735 
402000 	 0.2618582 
402500 	 0.327903 
403000 	 0.1703548 
403500 	 0.2600885 
404000 	 0.2603101 
404500 	 0.2101868 
405000 	 0.1826995 
405500 	 0.2117759 
406000 	 0.2459847 
406500 	 0.2592181 
407000 	 0.3531453 
407500 	 0.1813787 
408000 	 0.2114227 
408500 	 0.2353134 
409000 	 0.3281648 
409500 	 0.1671144 
410000 	 0.2444654 
410500 	 0.3994727 
411000 	 0.2981591 
411500 	 0.282729 
412000 	 0.2680561 
412500 	 0.279696 
413000 	 0.3350693 
413500 	 0.226712 
414000 	 0.1762612 
414500 	 0.1683691 
415000 	 0.2436693 
415500 	 0.2182647 
416000 	 0.3157361 
416500 	 0.2442897 
417000 	 0.1876515 
417500 	 0.2217368 
418000 	 0.1965353 
418500 	 0.2602497 
419000 	 0.2121785 
419500 	 0.2470628 
420000 	 0.3003526 
420500 	 0.2727641 
421000 	 0.297172 
421500 	 0.2761687 
422000 	 0.2192133 
422500 	 0.1909103 
423000 	 0.2545148 
423500 	 0.274233 
424000 	 0.2915454 
424500 	 0.2724086 
425000 	 0.3464749 
425500 	 0.2193822 
426000 	 0.2454119 
426500 	 0.2437284 
427000 	 0.2696612 
427500 	 0.2999287 
428000 	 0.1992527 
428500 	 0.2220923 
429000 	 0.2440762 
429500 	 0.2201927 
430000 	 0.2638829 
430500 	 0.2707153 
431000 	 0.2845425 
431500 	 0.2323747 
432000 	 0.2488085 
432500 	 0.263104 
433000 	 0.3299461 
433500 	 0.1659353 
434000 	 0.2893736 
434500 	 0.2274096 
435000 	 0.2455148 
435500 	 0.2920138 
436000 	 0.2175409 
436500 	 0.2766631 
437000 	 0.3622642 
437500 	 0.238145 
438000 	 0.2954629 
438500 	 0.1895717 
439000 	 0.2461617 
439500 	 0.371042 
440000 	 0.294834 
440500 	 0.2496984 
441000 	 0.3156104 
441500 	 0.2263472 
442000 	 0.2182787 
442500 	 0.3033128 
443000 	 0.2198954 
443500 	 0.1917843 
444000 	 0.2508984 
444500 	 0.2617577 
445000 	 0.2882946 
445500 	 0.3920086 
446000 	 0.2421853 
446500 	 0.2840353 
447000 	 0.1667466 
447500 	 0.2920122 
448000 	 0.2322422 
448500 	 0.175256 
449000 	 0.2723725 
449500 	 0.2439365 
450000 	 0.1666213 
450500 	 0.2383582 
451000 	 0.3008437 
451500 	 0.219124 
452000 	 0.256076 
452500 	 0.3095424 
453000 	 0.301132 
453500 	 0.3345343 
454000 	 0.2343028 
454500 	 0.2239059 
455000 	 0.2063642 
455500 	 0.2369086 
456000 	 0.3084121 
456500 	 0.2478339 
457000 	 0.2447299 
457500 	 0.3294745 
458000 	 0.3188862 
458500 	 0.2329152 
459000 	 0.1453286 
459500 	 0.2857419 
460000 	 0.2707245 
460500 	 0.3441608 
461000 	 0.2400556 
461500 	 0.2678585 
462000 	 0.3048131 
462500 	 0.2344928 
463000 	 0.2978503 
463500 	 0.2816979 
464000 	 0.2416339 
464500 	 0.2794474 
465000 	 0.2196414 
465500 	 0.3761208 
466000 	 0.2669815 
466500 	 0.2042468 
467000 	 0.2662051 
467500 	 0.2968836 
468000 	 0.2695046 
468500 	 0.368189 
469000 	 0.2361617 
469500 	 0.2845181 
470000 	 0.2686258 
470500 	 0.2032845 
471000 	 0.2815874 
471500 	 0.3572261 
472000 	 0.2599678 
472500 	 0.2148247 
473000 	 0.3451839 
473500 	 0.2791232 
474000 	 0.2933343 
474500 	 0.3558477 
475000 	 0.2975591 
475500 	 0.1495662 
476000 	 0.193083 
476500 	 0.254328 
477000 	 0.3391845 
477500 	 0.2901048 
478000 	 0.3034784 
478500 	 0.35377 
479000 	 0.2432938 
479500 	 0.3435634 
480000 	 0.2967764 
480500 	 0.2100381 
481000 	 0.2263467 
481500 	 0.2532542 
482000 	 0.2364672 
482500 	 0.295949 
483000 	 0.3128224 
483500 	 0.2436715 
484000 	 0.2601238 
484500 	 0.1869762 
485000 	 0.2040002 
485500 	 0.2224019 
486000 	 0.2879627 
486500 	 0.2296639 
487000 	 0.2578804 
487500 	 0.2478053 
488000 	 0.3006475 
488500 	 0.2100924 
489000 	 0.183736 
489500 	 0.29853 
490000 	 0.2185346 
490500 	 0.2453036 
491000 	 0.2511638 
491500 	 0.3344612 
492000 	 0.3274926 
492500 	 0.176631 
493000 	 0.2567802 
493500 	 0.2269874 
494000 	 0.2924264 
494500 	 0.2550254 
495000 	 0.2079518 
495500 	 0.1881597 
496000 	 0.3134631 
496500 	 0.2359374 
497000 	 0.2723384 
497500 	 0.313895 
498000 	 0.2553878 
498500 	 0.2594867 
499000 	 0.2854683 
499500 	 0.2487904 
500000 	 0.3109388 
