iter 	 p
500 	 0.2407993 
1000 	 0.2071341 
1500 	 0.1743085 
2000 	 0.1661053 
2500 	 0.2677393 
3000 	 0.145276 
3500 	 0.2765729 
4000 	 0.2067032 
4500 	 0.2493916 
5000 	 0.197708 
5500 	 0.2251757 
6000 	 0.2193326 
6500 	 0.2256874 
7000 	 0.2550773 
7500 	 0.25172 
8000 	 0.2490341 
8500 	 0.2261224 
9000 	 0.2287318 
9500 	 0.1585863 
10000 	 0.1741189 
10500 	 0.260322 
11000 	 0.1762257 
11500 	 0.2415871 
12000 	 0.2484639 
12500 	 0.1417321 
13000 	 0.2977589 
13500 	 0.1721967 
14000 	 0.2447697 
14500 	 0.1658411 
15000 	 0.1962159 
15500 	 0.3323685 
16000 	 0.2288461 
16500 	 0.1852658 
17000 	 0.2719702 
17500 	 0.2495299 
18000 	 0.2256267 
18500 	 0.3005913 
19000 	 0.1575666 
19500 	 0.236761 
20000 	 0.2360223 
20500 	 0.2870208 
21000 	 0.23214 
21500 	 0.2084656 
22000 	 0.2873222 
22500 	 0.1825974 
23000 	 0.1974142 
23500 	 0.2210154 
24000 	 0.2337984 
24500 	 0.2136652 
25000 	 0.1753854 
25500 	 0.2093414 
26000 	 0.2163727 
26500 	 0.2441378 
27000 	 0.2301077 
27500 	 0.3816006 
28000 	 0.2402379 
28500 	 0.19209 
29000 	 0.2331738 
29500 	 0.2505541 
30000 	 0.3230673 
30500 	 0.1601479 
31000 	 0.1927178 
31500 	 0.2015039 
32000 	 0.182132 
32500 	 0.271789 
33000 	 0.1124168 
33500 	 0.1921861 
34000 	 0.2478854 
34500 	 0.1635839 
35000 	 0.2691042 
35500 	 0.1853512 
36000 	 0.2317927 
36500 	 0.3002162 
37000 	 0.2204898 
37500 	 0.1662962 
38000 	 0.1742782 
38500 	 0.2095787 
39000 	 0.3442883 
39500 	 0.1865491 
40000 	 0.235246 
40500 	 0.1481025 
41000 	 0.2781812 
41500 	 0.1834316 
42000 	 0.2586948 
42500 	 0.2940593 
43000 	 0.2268419 
43500 	 0.1716248 
44000 	 0.2295444 
44500 	 0.1423259 
45000 	 0.2745983 
45500 	 0.1727251 
46000 	 0.2444232 
46500 	 0.2482518 
47000 	 0.1915055 
47500 	 0.1679563 
48000 	 0.1258129 
48500 	 0.1876078 
49000 	 0.2749759 
49500 	 0.2079843 
50000 	 0.2579226 
50500 	 0.2363789 
51000 	 0.2405142 
51500 	 0.2305886 
52000 	 0.2724346 
52500 	 0.3359169 
53000 	 0.245616 
53500 	 0.2401058 
54000 	 0.2280623 
54500 	 0.2235378 
55000 	 0.2698745 
55500 	 0.2077256 
56000 	 0.2134855 
56500 	 0.1547607 
57000 	 0.2583437 
57500 	 0.2446837 
58000 	 0.2307564 
58500 	 0.1899801 
59000 	 0.3056611 
59500 	 0.3119154 
60000 	 0.3041118 
60500 	 0.2201637 
61000 	 0.176994 
61500 	 0.2629755 
62000 	 0.2627192 
62500 	 0.2582915 
63000 	 0.2175683 
63500 	 0.1801016 
64000 	 0.1917271 
64500 	 0.3259254 
65000 	 0.2804796 
65500 	 0.2021422 
66000 	 0.2258515 
66500 	 0.244151 
67000 	 0.232469 
67500 	 0.1814701 
68000 	 0.3181359 
68500 	 0.2116374 
69000 	 0.3175622 
69500 	 0.1389627 
70000 	 0.29389 
70500 	 0.2489431 
71000 	 0.1855138 
71500 	 0.2144442 
72000 	 0.2759654 
72500 	 0.3142369 
73000 	 0.2381592 
73500 	 0.2481992 
74000 	 0.2609096 
74500 	 0.2122352 
75000 	 0.228291 
75500 	 0.2534062 
76000 	 0.2310432 
76500 	 0.2042929 
77000 	 0.2070883 
77500 	 0.288481 
78000 	 0.1573229 
78500 	 0.3020124 
79000 	 0.2318525 
79500 	 0.1359856 
80000 	 0.2063032 
80500 	 0.2250133 
81000 	 0.2271253 
81500 	 0.2297683 
82000 	 0.186921 
82500 	 0.1855099 
83000 	 0.2420859 
83500 	 0.2674122 
84000 	 0.2894136 
84500 	 0.1482843 
85000 	 0.1712488 
85500 	 0.2379713 
86000 	 0.1630726 
86500 	 0.2237365 
87000 	 0.2882455 
87500 	 0.2597206 
88000 	 0.1930211 
88500 	 0.2604981 
89000 	 0.264253 
89500 	 0.2412339 
90000 	 0.2228215 
90500 	 0.2204533 
91000 	 0.2702681 
91500 	 0.2934321 
92000 	 0.242746 
92500 	 0.190646 
93000 	 0.2683414 
93500 	 0.3328667 
94000 	 0.2295089 
94500 	 0.1725377 
95000 	 0.2700832 
95500 	 0.1258604 
96000 	 0.09719674 
96500 	 0.2208111 
97000 	 0.2695898 
97500 	 0.2267276 
98000 	 0.1814527 
98500 	 0.2169413 
99000 	 0.1658017 
99500 	 0.2359296 
100000 	 0.2086615 
100500 	 0.2355752 
101000 	 0.3024332 
101500 	 0.1613772 
102000 	 0.240764 
102500 	 0.2132773 
103000 	 0.2788482 
103500 	 0.1297817 
104000 	 0.1851756 
104500 	 0.266449 
105000 	 0.2424315 
105500 	 0.2911003 
106000 	 0.1956852 
106500 	 0.2652246 
107000 	 0.3009255 
107500 	 0.2118847 
108000 	 0.2128917 
108500 	 0.2611071 
109000 	 0.2969145 
109500 	 0.1610778 
110000 	 0.2737226 
110500 	 0.1834698 
111000 	 0.2431783 
111500 	 0.2538694 
112000 	 0.2375615 
112500 	 0.2192808 
113000 	 0.2273816 
113500 	 0.3120288 
114000 	 0.1854489 
114500 	 0.4167465 
115000 	 0.202454 
115500 	 0.1987953 
116000 	 0.2114715 
116500 	 0.1967557 
117000 	 0.2674896 
117500 	 0.2247986 
118000 	 0.2930777 
118500 	 0.1377764 
119000 	 0.2133691 
119500 	 0.1573024 
120000 	 0.2084215 
120500 	 0.1470827 
121000 	 0.152134 
121500 	 0.2116992 
122000 	 0.3044429 
122500 	 0.2566729 
123000 	 0.1667435 
123500 	 0.2259646 
124000 	 0.1519359 
124500 	 0.2037918 
125000 	 0.2443404 
125500 	 0.2680591 
126000 	 0.2892445 
126500 	 0.1530652 
127000 	 0.3028852 
127500 	 0.2583772 
128000 	 0.2589128 
128500 	 0.2501645 
129000 	 0.3227759 
129500 	 0.273214 
130000 	 0.1784724 
130500 	 0.2356114 
131000 	 0.2751657 
131500 	 0.2972727 
132000 	 0.2604883 
132500 	 0.2390835 
133000 	 0.227109 
133500 	 0.1529841 
134000 	 0.2069199 
134500 	 0.1663035 
135000 	 0.2334935 
135500 	 0.2560743 
136000 	 0.2794479 
136500 	 0.26662 
137000 	 0.3036839 
137500 	 0.219 
138000 	 0.1647689 
138500 	 0.1963696 
139000 	 0.2881635 
139500 	 0.2497402 
140000 	 0.2310965 
140500 	 0.2769298 
141000 	 0.1777169 
141500 	 0.2164037 
142000 	 0.2908364 
142500 	 0.2254983 
143000 	 0.326011 
143500 	 0.3491369 
144000 	 0.2126267 
144500 	 0.2440962 
145000 	 0.1922853 
145500 	 0.2136739 
146000 	 0.1748903 
146500 	 0.1765062 
147000 	 0.2586262 
147500 	 0.1704737 
148000 	 0.262762 
148500 	 0.176117 
149000 	 0.3016481 
149500 	 0.2130718 
150000 	 0.2789243 
150500 	 0.2347985 
151000 	 0.2059441 
151500 	 0.1971822 
152000 	 0.2709273 
152500 	 0.2051746 
153000 	 0.2373507 
153500 	 0.189486 
154000 	 0.1939402 
154500 	 0.2346844 
155000 	 0.2421356 
155500 	 0.1705929 
156000 	 0.20401 
156500 	 0.2423485 
157000 	 0.1932686 
157500 	 0.1806781 
158000 	 0.2159719 
158500 	 0.165937 
159000 	 0.1542923 
159500 	 0.1721457 
160000 	 0.2530046 
160500 	 0.235334 
161000 	 0.219401 
161500 	 0.1899183 
162000 	 0.1692281 
162500 	 0.2685218 
163000 	 0.1612867 
163500 	 0.2966593 
164000 	 0.2552336 
164500 	 0.1361945 
165000 	 0.2434906 
165500 	 0.2232624 
166000 	 0.2283529 
166500 	 0.2230384 
167000 	 0.2175615 
167500 	 0.228492 
168000 	 0.3281395 
168500 	 0.2173735 
169000 	 0.2916445 
169500 	 0.1352113 
170000 	 0.2292096 
170500 	 0.2496178 
171000 	 0.2315791 
171500 	 0.2544881 
172000 	 0.1822175 
172500 	 0.2428789 
173000 	 0.2529604 
173500 	 0.2305672 
174000 	 0.1913303 
174500 	 0.2559071 
175000 	 0.1953614 
175500 	 0.2352326 
176000 	 0.2877366 
176500 	 0.2350718 
177000 	 0.1594905 
177500 	 0.2209072 
178000 	 0.191922 
178500 	 0.1880221 
179000 	 0.2120637 
179500 	 0.2986462 
180000 	 0.2570049 
180500 	 0.1587415 
181000 	 0.2564631 
181500 	 0.280342 
182000 	 0.2624107 
182500 	 0.2832354 
183000 	 0.1447021 
183500 	 0.2084188 
184000 	 0.258692 
184500 	 0.1993404 
185000 	 0.2107646 
185500 	 0.2431043 
186000 	 0.2264755 
186500 	 0.246809 
187000 	 0.27226 
187500 	 0.2081139 
188000 	 0.22448 
188500 	 0.2066964 
189000 	 0.1254264 
189500 	 0.2595722 
190000 	 0.2875813 
190500 	 0.2896462 
191000 	 0.2795319 
191500 	 0.1723411 
192000 	 0.2317472 
192500 	 0.2815769 
193000 	 0.2623939 
193500 	 0.2983175 
194000 	 0.2149768 
194500 	 0.3279306 
195000 	 0.2736848 
195500 	 0.2243168 
196000 	 0.1825995 
196500 	 0.288775 
197000 	 0.2131974 
197500 	 0.3313952 
198000 	 0.2046862 
198500 	 0.1989086 
199000 	 0.2582644 
199500 	 0.2506419 
200000 	 0.2017828 
200500 	 0.364746 
201000 	 0.1599903 
201500 	 0.1914199 
202000 	 0.2421277 
202500 	 0.1492391 
203000 	 0.2427558 
203500 	 0.3000792 
204000 	 0.2666358 
204500 	 0.1465991 
205000 	 0.1997111 
205500 	 0.1957168 
206000 	 0.2490609 
206500 	 0.2220576 
207000 	 0.2018239 
207500 	 0.1616828 
208000 	 0.2770064 
208500 	 0.1941191 
209000 	 0.2063407 
209500 	 0.2492126 
210000 	 0.1435708 
210500 	 0.2578922 
211000 	 0.2946471 
211500 	 0.1576799 
212000 	 0.2498271 
212500 	 0.2103735 
213000 	 0.1677369 
213500 	 0.1603862 
214000 	 0.2005224 
214500 	 0.2974344 
215000 	 0.2304574 
215500 	 0.1883445 
216000 	 0.3554468 
216500 	 0.2185279 
217000 	 0.242398 
217500 	 0.2436053 
218000 	 0.2891475 
218500 	 0.252925 
219000 	 0.2088208 
219500 	 0.2019219 
220000 	 0.1899389 
220500 	 0.1637785 
221000 	 0.2228674 
221500 	 0.1758304 
222000 	 0.169083 
222500 	 0.2336912 
223000 	 0.2309593 
223500 	 0.1609845 
224000 	 0.2804956 
224500 	 0.1615767 
225000 	 0.1991757 
225500 	 0.2202686 
226000 	 0.2795638 
226500 	 0.2694673 
227000 	 0.2008409 
227500 	 0.2935107 
228000 	 0.2596151 
228500 	 0.133611 
229000 	 0.2306958 
229500 	 0.2437573 
230000 	 0.1754415 
230500 	 0.2040625 
231000 	 0.2098085 
231500 	 0.2053326 
232000 	 0.2252325 
232500 	 0.1470843 
233000 	 0.2132423 
233500 	 0.2896384 
234000 	 0.1553846 
234500 	 0.2471815 
235000 	 0.2858925 
235500 	 0.1675511 
236000 	 0.2305352 
236500 	 0.1745827 
237000 	 0.2117216 
237500 	 0.3399982 
238000 	 0.1704245 
238500 	 0.2080132 
239000 	 0.3226844 
239500 	 0.2306338 
240000 	 0.2530098 
240500 	 0.1835342 
241000 	 0.1912133 
241500 	 0.2042383 
242000 	 0.3454328 
242500 	 0.2526993 
243000 	 0.2906644 
243500 	 0.3218825 
244000 	 0.2070175 
244500 	 0.2008697 
245000 	 0.2716362 
245500 	 0.2797201 
246000 	 0.2494306 
246500 	 0.1758629 
247000 	 0.1976479 
247500 	 0.2299096 
248000 	 0.3227165 
248500 	 0.2802681 
249000 	 0.342306 
249500 	 0.2386805 
250000 	 0.2051864 
250500 	 0.3015153 
251000 	 0.2115981 
251500 	 0.2295444 
252000 	 0.1817618 
252500 	 0.2287176 
253000 	 0.1595943 
253500 	 0.3295651 
254000 	 0.2090471 
254500 	 0.1789904 
255000 	 0.2869713 
255500 	 0.2221554 
256000 	 0.1775993 
256500 	 0.2046892 
257000 	 0.3057358 
257500 	 0.2304842 
258000 	 0.3274814 
258500 	 0.2942547 
259000 	 0.3135052 
259500 	 0.1587039 
260000 	 0.2353131 
260500 	 0.209034 
261000 	 0.1506973 
261500 	 0.2666229 
262000 	 0.2418189 
262500 	 0.3006793 
263000 	 0.3244195 
263500 	 0.2479338 
264000 	 0.1831889 
264500 	 0.2002102 
265000 	 0.2810282 
265500 	 0.2942818 
266000 	 0.4047755 
266500 	 0.1989058 
267000 	 0.1449706 
267500 	 0.2094845 
268000 	 0.2380434 
268500 	 0.1857273 
269000 	 0.2388769 
269500 	 0.1833515 
270000 	 0.1866672 
270500 	 0.2203149 
271000 	 0.2443403 
271500 	 0.254113 
272000 	 0.2451915 
272500 	 0.190358 
273000 	 0.1936561 
273500 	 0.2788451 
274000 	 0.1688677 
274500 	 0.2269326 
275000 	 0.2081321 
275500 	 0.2258631 
276000 	 0.2888244 
276500 	 0.2269455 
277000 	 0.145857 
277500 	 0.2134032 
278000 	 0.1980017 
278500 	 0.2756 
279000 	 0.237852 
279500 	 0.3376287 
280000 	 0.1900998 
280500 	 0.2494903 
281000 	 0.1612567 
281500 	 0.243832 
282000 	 0.2120585 
282500 	 0.2289296 
283000 	 0.1878729 
283500 	 0.2039423 
284000 	 0.1901842 
284500 	 0.2321597 
285000 	 0.2632471 
285500 	 0.1754951 
286000 	 0.2067515 
286500 	 0.2782592 
287000 	 0.1928642 
287500 	 0.2088545 
288000 	 0.215198 
288500 	 0.1643961 
289000 	 0.1901068 
289500 	 0.2366648 
290000 	 0.2500879 
290500 	 0.2565168 
291000 	 0.3378009 
291500 	 0.183122 
292000 	 0.2375897 
292500 	 0.2307967 
293000 	 0.1556318 
293500 	 0.166907 
294000 	 0.1623613 
294500 	 0.2171849 
295000 	 0.1986944 
295500 	 0.2605685 
296000 	 0.1357085 
296500 	 0.19966 
297000 	 0.1924826 
297500 	 0.248763 
298000 	 0.209824 
298500 	 0.246894 
299000 	 0.2286618 
299500 	 0.1824522 
300000 	 0.2127104 
300500 	 0.2326591 
301000 	 0.256071 
301500 	 0.1832625 
302000 	 0.2837234 
302500 	 0.1622652 
303000 	 0.3660579 
303500 	 0.2946573 
304000 	 0.2340253 
304500 	 0.1324844 
305000 	 0.2441546 
305500 	 0.140771 
306000 	 0.2992032 
306500 	 0.2807102 
307000 	 0.2130357 
307500 	 0.1749279 
308000 	 0.2010839 
308500 	 0.2476084 
309000 	 0.2160756 
309500 	 0.2329542 
310000 	 0.2101035 
310500 	 0.1677786 
311000 	 0.2152659 
311500 	 0.2068376 
312000 	 0.1504897 
312500 	 0.1678849 
313000 	 0.1394309 
313500 	 0.1695734 
314000 	 0.2718562 
314500 	 0.2305639 
315000 	 0.217046 
315500 	 0.2786904 
316000 	 0.1420765 
316500 	 0.2023593 
317000 	 0.1873437 
317500 	 0.207531 
318000 	 0.2969729 
318500 	 0.1842423 
319000 	 0.1691808 
319500 	 0.2614303 
320000 	 0.2130701 
320500 	 0.2092018 
321000 	 0.1942335 
321500 	 0.2332864 
322000 	 0.2032861 
322500 	 0.235437 
323000 	 0.2726672 
323500 	 0.1709132 
324000 	 0.1952369 
324500 	 0.2323917 
325000 	 0.1753102 
325500 	 0.1469341 
326000 	 0.1824924 
326500 	 0.312915 
327000 	 0.3212644 
327500 	 0.1853652 
328000 	 0.2321942 
328500 	 0.2385308 
329000 	 0.2943268 
329500 	 0.1795946 
330000 	 0.2643832 
330500 	 0.3037112 
331000 	 0.2920878 
331500 	 0.2569167 
332000 	 0.2717788 
332500 	 0.1584204 
333000 	 0.2336983 
333500 	 0.1734919 
334000 	 0.2960797 
334500 	 0.2303113 
335000 	 0.1787745 
335500 	 0.2500479 
336000 	 0.2407056 
336500 	 0.1823762 
337000 	 0.1427487 
337500 	 0.1637075 
338000 	 0.2504207 
338500 	 0.2728029 
339000 	 0.1811164 
339500 	 0.1833217 
340000 	 0.2273721 
340500 	 0.1706577 
341000 	 0.1450146 
341500 	 0.2714704 
342000 	 0.1596964 
342500 	 0.2342921 
343000 	 0.186831 
343500 	 0.3159241 
344000 	 0.1807408 
344500 	 0.2164816 
345000 	 0.2382789 
345500 	 0.2718542 
346000 	 0.2159627 
346500 	 0.253079 
347000 	 0.2664257 
347500 	 0.2197109 
348000 	 0.1935086 
348500 	 0.178358 
349000 	 0.2453081 
349500 	 0.2415376 
350000 	 0.2269877 
350500 	 0.2906485 
351000 	 0.2458731 
351500 	 0.2373486 
352000 	 0.2400717 
352500 	 0.227264 
353000 	 0.2692804 
353500 	 0.2759757 
354000 	 0.2927462 
354500 	 0.2074946 
355000 	 0.3033431 
355500 	 0.2048458 
356000 	 0.1840814 
356500 	 0.2971023 
357000 	 0.1921163 
357500 	 0.2306699 
358000 	 0.3056583 
358500 	 0.2463032 
359000 	 0.2912354 
359500 	 0.2265101 
360000 	 0.1926845 
360500 	 0.2805656 
361000 	 0.2279092 
361500 	 0.3049625 
362000 	 0.1336191 
362500 	 0.181001 
363000 	 0.2397831 
363500 	 0.1912029 
364000 	 0.2993768 
364500 	 0.2445321 
365000 	 0.1267629 
365500 	 0.2398386 
366000 	 0.1390501 
366500 	 0.2638042 
367000 	 0.2435536 
367500 	 0.2386679 
368000 	 0.2711271 
368500 	 0.127707 
369000 	 0.2602978 
369500 	 0.255069 
370000 	 0.1983645 
370500 	 0.2542852 
371000 	 0.2194408 
371500 	 0.198702 
372000 	 0.2115449 
372500 	 0.2270884 
373000 	 0.2885071 
373500 	 0.1864575 
374000 	 0.1914345 
374500 	 0.2572727 
375000 	 0.2169998 
375500 	 0.2169192 
376000 	 0.2454091 
376500 	 0.2215538 
377000 	 0.2210321 
377500 	 0.2529066 
378000 	 0.3286067 
378500 	 0.2800983 
379000 	 0.1447455 
379500 	 0.3077703 
380000 	 0.22159 
380500 	 0.1636043 
381000 	 0.1941811 
381500 	 0.2869739 
382000 	 0.3355869 
382500 	 0.1489131 
383000 	 0.1799868 
383500 	 0.1886365 
384000 	 0.2865119 
384500 	 0.1852379 
385000 	 0.217815 
385500 	 0.2339642 
386000 	 0.2944189 
386500 	 0.2444154 
387000 	 0.2981039 
387500 	 0.1867859 
388000 	 0.2034297 
388500 	 0.2442465 
389000 	 0.2470516 
389500 	 0.3132155 
390000 	 0.1575731 
390500 	 0.1594986 
391000 	 0.1573041 
391500 	 0.1463607 
392000 	 0.2952177 
392500 	 0.2148143 
393000 	 0.2222461 
393500 	 0.2112724 
394000 	 0.1684876 
394500 	 0.2020143 
395000 	 0.2004412 
395500 	 0.2086654 
396000 	 0.1754948 
396500 	 0.1345673 
397000 	 0.1856083 
397500 	 0.1273065 
398000 	 0.3105399 
398500 	 0.198467 
399000 	 0.1906526 
399500 	 0.1848371 
400000 	 0.2271625 
400500 	 0.2524806 
401000 	 0.1778841 
401500 	 0.2424493 
402000 	 0.2789907 
402500 	 0.180654 
403000 	 0.2419709 
403500 	 0.2437733 
404000 	 0.2933969 
404500 	 0.2955946 
405000 	 0.1986579 
405500 	 0.2053907 
406000 	 0.1902059 
406500 	 0.2729414 
407000 	 0.2304075 
407500 	 0.2027811 
408000 	 0.2058185 
408500 	 0.3338279 
409000 	 0.2366772 
409500 	 0.2550845 
410000 	 0.2588753 
410500 	 0.2065482 
411000 	 0.280349 
411500 	 0.2451715 
412000 	 0.2244158 
412500 	 0.2230205 
413000 	 0.1758735 
413500 	 0.271518 
414000 	 0.326422 
414500 	 0.3006413 
415000 	 0.2096038 
415500 	 0.1897809 
416000 	 0.2323649 
416500 	 0.2578705 
417000 	 0.2060896 
417500 	 0.175529 
418000 	 0.2500748 
418500 	 0.1266941 
419000 	 0.3187629 
419500 	 0.2276941 
420000 	 0.1575673 
420500 	 0.2118539 
421000 	 0.1879181 
421500 	 0.1903411 
422000 	 0.1920292 
422500 	 0.199132 
423000 	 0.2274754 
423500 	 0.2353738 
424000 	 0.2978749 
424500 	 0.1643722 
425000 	 0.2570595 
425500 	 0.1992834 
426000 	 0.2235181 
426500 	 0.2876528 
427000 	 0.3085306 
427500 	 0.24172 
428000 	 0.1553836 
428500 	 0.1863354 
429000 	 0.232221 
429500 	 0.1911137 
430000 	 0.2519837 
430500 	 0.1722597 
431000 	 0.2646166 
431500 	 0.169697 
432000 	 0.2498914 
432500 	 0.1845179 
433000 	 0.2683894 
433500 	 0.1705288 
434000 	 0.1864269 
434500 	 0.2027084 
435000 	 0.2613287 
435500 	 0.2150214 
436000 	 0.2796894 
436500 	 0.1618361 
437000 	 0.3602172 
437500 	 0.2496428 
438000 	 0.1903382 
438500 	 0.1780408 
439000 	 0.2001654 
439500 	 0.2753923 
440000 	 0.1776234 
440500 	 0.2318676 
441000 	 0.3253384 
441500 	 0.2184231 
442000 	 0.1892165 
442500 	 0.2329536 
443000 	 0.1491798 
443500 	 0.291158 
444000 	 0.1916139 
444500 	 0.2772764 
445000 	 0.2744054 
445500 	 0.1161046 
446000 	 0.2371608 
446500 	 0.2597191 
447000 	 0.2669498 
447500 	 0.2055795 
448000 	 0.2178384 
448500 	 0.2341721 
449000 	 0.2814211 
449500 	 0.1856566 
450000 	 0.1830011 
450500 	 0.2515921 
451000 	 0.3435365 
451500 	 0.1996253 
452000 	 0.2658608 
452500 	 0.3598872 
453000 	 0.1837128 
453500 	 0.229578 
454000 	 0.1797443 
454500 	 0.1168417 
455000 	 0.2474625 
455500 	 0.1807542 
456000 	 0.1669065 
456500 	 0.1492029 
457000 	 0.2095149 
457500 	 0.2531034 
458000 	 0.2104319 
458500 	 0.1777624 
459000 	 0.2102152 
459500 	 0.3284431 
460000 	 0.1551406 
460500 	 0.2438765 
461000 	 0.1929274 
461500 	 0.2481211 
462000 	 0.1923624 
462500 	 0.2510271 
463000 	 0.1769374 
463500 	 0.3094779 
464000 	 0.1394609 
464500 	 0.2011147 
465000 	 0.1945461 
465500 	 0.2416034 
466000 	 0.1098968 
466500 	 0.2160437 
467000 	 0.2527645 
467500 	 0.1636556 
468000 	 0.2748278 
468500 	 0.1859503 
469000 	 0.1779251 
469500 	 0.1863907 
470000 	 0.2330602 
470500 	 0.2184192 
471000 	 0.2367872 
471500 	 0.1263416 
472000 	 0.307669 
472500 	 0.1833707 
473000 	 0.2381001 
473500 	 0.2374651 
474000 	 0.3184242 
474500 	 0.2247722 
475000 	 0.2402071 
475500 	 0.2934171 
476000 	 0.2984502 
476500 	 0.2295513 
477000 	 0.2904347 
477500 	 0.1529681 
478000 	 0.1941278 
478500 	 0.1908526 
479000 	 0.2972257 
479500 	 0.2088614 
480000 	 0.1862004 
480500 	 0.1924156 
481000 	 0.2209562 
481500 	 0.1940929 
482000 	 0.172033 
482500 	 0.179654 
483000 	 0.1564871 
483500 	 0.2221512 
484000 	 0.2167438 
484500 	 0.2032835 
485000 	 0.1995747 
485500 	 0.2676326 
486000 	 0.1160916 
486500 	 0.1954906 
487000 	 0.1388706 
487500 	 0.244395 
488000 	 0.2050365 
488500 	 0.163102 
489000 	 0.2123758 
489500 	 0.2036304 
490000 	 0.3155034 
490500 	 0.1731801 
491000 	 0.1869675 
491500 	 0.1482109 
492000 	 0.09135658 
492500 	 0.1948157 
493000 	 0.2843753 
493500 	 0.1278982 
494000 	 0.183837 
494500 	 0.2064183 
495000 	 0.1720829 
495500 	 0.2022016 
496000 	 0.2271346 
496500 	 0.2160396 
497000 	 0.1774166 
497500 	 0.1976316 
498000 	 0.3099544 
498500 	 0.2461009 
499000 	 0.2146102 
499500 	 0.2748669 
500000 	 0.1496383 
