iter 	 p
500 	 0.2301323 
1000 	 0.2721839 
1500 	 0.2524494 
2000 	 0.1402107 
2500 	 0.1789168 
3000 	 0.2642096 
3500 	 0.1302503 
4000 	 0.1235892 
4500 	 0.2468645 
5000 	 0.1303954 
5500 	 0.2273498 
6000 	 0.09378925 
6500 	 0.1674785 
7000 	 0.1156405 
7500 	 0.2091091 
8000 	 0.127136 
8500 	 0.1111708 
9000 	 0.1095387 
9500 	 0.1733891 
10000 	 0.1564387 
10500 	 0.1152677 
11000 	 0.1752019 
11500 	 0.2011155 
12000 	 0.2349534 
12500 	 0.1990458 
13000 	 0.2280202 
13500 	 0.1573584 
14000 	 0.2225209 
14500 	 0.1791936 
15000 	 0.2583614 
15500 	 0.2050295 
16000 	 0.1097143 
16500 	 0.1645168 
17000 	 0.2420933 
17500 	 0.1945371 
18000 	 0.0862771 
18500 	 0.1459139 
19000 	 0.1715913 
19500 	 0.2337481 
20000 	 0.1398155 
20500 	 0.1594465 
21000 	 0.216676 
21500 	 0.1609245 
22000 	 0.2314808 
22500 	 0.1754972 
23000 	 0.1442597 
23500 	 0.2137168 
24000 	 0.2642928 
24500 	 0.1505238 
25000 	 0.07366954 
25500 	 0.2152694 
26000 	 0.1765965 
26500 	 0.2786068 
27000 	 0.2196368 
27500 	 0.2197235 
28000 	 0.1859299 
28500 	 0.2245588 
29000 	 0.2729967 
29500 	 0.223764 
30000 	 0.1483741 
30500 	 0.2144957 
31000 	 0.09232172 
31500 	 0.172194 
32000 	 0.1785324 
32500 	 0.2454126 
33000 	 0.2131402 
33500 	 0.2966014 
34000 	 0.1994445 
34500 	 0.1626953 
35000 	 0.2079997 
35500 	 0.2756333 
36000 	 0.1475048 
36500 	 0.1567584 
37000 	 0.267991 
37500 	 0.1853643 
38000 	 0.1633615 
38500 	 0.2481992 
39000 	 0.263334 
39500 	 0.1342887 
40000 	 0.1789092 
40500 	 0.1440852 
41000 	 0.2833933 
41500 	 0.2039461 
42000 	 0.1702887 
42500 	 0.2577799 
43000 	 0.166462 
43500 	 0.2054663 
44000 	 0.1035485 
44500 	 0.2173344 
45000 	 0.1443255 
45500 	 0.1405496 
46000 	 0.0776848 
46500 	 0.1092289 
47000 	 0.3317281 
47500 	 0.1871802 
48000 	 0.2230622 
48500 	 0.09890126 
49000 	 0.2111888 
49500 	 0.1813539 
50000 	 0.1344338 
50500 	 0.2889846 
51000 	 0.1755938 
51500 	 0.2706531 
52000 	 0.2622204 
52500 	 0.2163028 
53000 	 0.2118889 
53500 	 0.1346648 
54000 	 0.1112179 
54500 	 0.2104316 
55000 	 0.2584424 
55500 	 0.2610255 
56000 	 0.1359841 
56500 	 0.09767336 
57000 	 0.1630113 
57500 	 0.1455924 
58000 	 0.2212553 
58500 	 0.2745686 
59000 	 0.2856041 
59500 	 0.1213214 
60000 	 0.1045971 
60500 	 0.175657 
61000 	 0.2513102 
61500 	 0.1754731 
62000 	 0.2241766 
62500 	 0.1874167 
63000 	 0.179532 
63500 	 0.1549001 
64000 	 0.3039938 
64500 	 0.1348134 
65000 	 0.1469772 
65500 	 0.08526699 
66000 	 0.1916715 
66500 	 0.08390362 
67000 	 0.1775608 
67500 	 0.1327705 
68000 	 0.1599795 
68500 	 0.1785919 
69000 	 0.296172 
69500 	 0.1343716 
70000 	 0.2391886 
70500 	 0.2051042 
71000 	 0.2430537 
71500 	 0.2935985 
72000 	 0.1638186 
72500 	 0.1837387 
73000 	 0.1252567 
73500 	 0.1032178 
74000 	 0.2206216 
74500 	 0.2058008 
75000 	 0.3085516 
75500 	 0.1800823 
76000 	 0.2006091 
76500 	 0.2972677 
77000 	 0.2040229 
77500 	 0.2309479 
78000 	 0.1164828 
78500 	 0.1122362 
79000 	 0.1079774 
79500 	 0.2720221 
80000 	 0.1974187 
80500 	 0.1620713 
81000 	 0.2469831 
81500 	 0.1973768 
82000 	 0.1583878 
82500 	 0.1089743 
83000 	 0.1633318 
83500 	 0.3190209 
84000 	 0.09316869 
84500 	 0.1125049 
85000 	 0.2008625 
85500 	 0.1003353 
86000 	 0.3674798 
86500 	 0.2084172 
87000 	 0.298231 
87500 	 0.1266041 
88000 	 0.3482923 
88500 	 0.1600056 
89000 	 0.2792026 
89500 	 0.3290574 
90000 	 0.1103846 
90500 	 0.2562462 
91000 	 0.1277589 
91500 	 0.1151995 
92000 	 0.1556708 
92500 	 0.1230027 
93000 	 0.1638148 
93500 	 0.1810025 
94000 	 0.06426099 
94500 	 0.2538735 
95000 	 0.1434525 
95500 	 0.1968322 
96000 	 0.2329243 
96500 	 0.206351 
97000 	 0.08660648 
97500 	 0.3088179 
98000 	 0.3138286 
98500 	 0.266802 
99000 	 0.2618802 
99500 	 0.1302383 
100000 	 0.2268095 
100500 	 0.2408936 
101000 	 0.2503052 
101500 	 0.3430277 
102000 	 0.2582016 
102500 	 0.1552577 
103000 	 0.2003913 
103500 	 0.1834234 
104000 	 0.2205646 
104500 	 0.1697076 
105000 	 0.216977 
105500 	 0.1694976 
106000 	 0.1670926 
106500 	 0.2097236 
107000 	 0.1491439 
107500 	 0.117577 
108000 	 0.1786011 
108500 	 0.1738658 
109000 	 0.1957425 
109500 	 0.1035468 
110000 	 0.1808349 
110500 	 0.2004077 
111000 	 0.2538514 
111500 	 0.2082095 
112000 	 0.2995857 
112500 	 0.07478586 
113000 	 0.1289695 
113500 	 0.209773 
114000 	 0.1591913 
114500 	 0.07389747 
115000 	 0.2032778 
115500 	 0.2145071 
116000 	 0.1333495 
116500 	 0.1611757 
117000 	 0.1772672 
117500 	 0.1159433 
118000 	 0.195728 
118500 	 0.3022554 
119000 	 0.1988689 
119500 	 0.2572526 
120000 	 0.1161609 
120500 	 0.2548921 
121000 	 0.2079945 
121500 	 0.155747 
122000 	 0.1829206 
122500 	 0.1292712 
123000 	 0.1042372 
123500 	 0.1861514 
124000 	 0.1719325 
124500 	 0.1812744 
125000 	 0.1496774 
125500 	 0.08248625 
126000 	 0.1357782 
126500 	 0.2637493 
127000 	 0.2999904 
127500 	 0.09771013 
128000 	 0.1718819 
128500 	 0.1568503 
129000 	 0.1383752 
129500 	 0.2288217 
130000 	 0.1687946 
130500 	 0.2164771 
131000 	 0.1923406 
131500 	 0.05564812 
132000 	 0.2178069 
132500 	 0.2255656 
133000 	 0.2104721 
133500 	 0.1546706 
134000 	 0.1738045 
134500 	 0.2857412 
135000 	 0.1600253 
135500 	 0.2002542 
136000 	 0.03814247 
136500 	 0.1083984 
137000 	 0.1252919 
137500 	 0.220404 
138000 	 0.2970189 
138500 	 0.1352647 
139000 	 0.2468977 
139500 	 0.1848211 
140000 	 0.1297555 
140500 	 0.2181488 
141000 	 0.1667567 
141500 	 0.1791335 
142000 	 0.1827318 
142500 	 0.1773218 
143000 	 0.1584783 
143500 	 0.168638 
144000 	 0.1771755 
144500 	 0.1651927 
145000 	 0.254163 
145500 	 0.2351427 
146000 	 0.1748082 
146500 	 0.1998115 
147000 	 0.1450035 
147500 	 0.3555353 
148000 	 0.1760608 
148500 	 0.2949423 
149000 	 0.2390236 
149500 	 0.1582703 
150000 	 0.2301137 
150500 	 0.09841445 
151000 	 0.328503 
151500 	 0.120483 
152000 	 0.1878953 
152500 	 0.2968904 
153000 	 0.1605051 
153500 	 0.1151824 
154000 	 0.2492567 
154500 	 0.3248767 
155000 	 0.2412252 
155500 	 0.2086164 
156000 	 0.1452199 
156500 	 0.2318937 
157000 	 0.2438592 
157500 	 0.1775836 
158000 	 0.2046625 
158500 	 0.1733179 
159000 	 0.1319599 
159500 	 0.2313611 
160000 	 0.2424577 
160500 	 0.1378597 
161000 	 0.2753745 
161500 	 0.2294318 
162000 	 0.288146 
162500 	 0.1846019 
163000 	 0.2419517 
163500 	 0.2275964 
164000 	 0.2053306 
164500 	 0.1888406 
165000 	 0.1932705 
165500 	 0.3254802 
166000 	 0.1662543 
166500 	 0.178704 
167000 	 0.2422894 
167500 	 0.2106157 
168000 	 0.1823556 
168500 	 0.1655009 
169000 	 0.1440865 
169500 	 0.2305222 
170000 	 0.179333 
170500 	 0.1359499 
171000 	 0.1525385 
171500 	 0.1331939 
172000 	 0.2235995 
172500 	 0.1147418 
173000 	 0.09331902 
173500 	 0.2190574 
174000 	 0.2413903 
174500 	 0.2576887 
175000 	 0.1616471 
175500 	 0.1983538 
176000 	 0.2039181 
176500 	 0.1075996 
177000 	 0.1902188 
177500 	 0.1816464 
178000 	 0.1422407 
178500 	 0.1079491 
179000 	 0.1291063 
179500 	 0.1171238 
180000 	 0.1234182 
180500 	 0.2752407 
181000 	 0.1982258 
181500 	 0.1823123 
182000 	 0.1776154 
182500 	 0.2110579 
183000 	 0.2619957 
183500 	 0.194266 
184000 	 0.1880276 
184500 	 0.2173182 
185000 	 0.2091809 
185500 	 0.2069281 
186000 	 0.2633362 
186500 	 0.1601735 
187000 	 0.2303464 
187500 	 0.3044118 
188000 	 0.1687861 
188500 	 0.1755121 
189000 	 0.1925873 
189500 	 0.07562104 
190000 	 0.1676197 
190500 	 0.2204894 
191000 	 0.2466211 
191500 	 0.1343388 
192000 	 0.282585 
192500 	 0.2593472 
193000 	 0.2172 
193500 	 0.2650956 
194000 	 0.2446769 
194500 	 0.1662922 
195000 	 0.1669741 
195500 	 0.207079 
196000 	 0.1934751 
196500 	 0.2479648 
197000 	 0.1485179 
197500 	 0.168245 
198000 	 0.2610056 
198500 	 0.1182294 
199000 	 0.1883089 
199500 	 0.1693953 
200000 	 0.2249728 
200500 	 0.1887032 
201000 	 0.2019286 
201500 	 0.1247046 
202000 	 0.2890265 
202500 	 0.2118655 
203000 	 0.1485473 
203500 	 0.1637716 
204000 	 0.2978591 
204500 	 0.2383184 
205000 	 0.09285261 
205500 	 0.1233537 
206000 	 0.3574916 
206500 	 0.3217689 
207000 	 0.2865744 
207500 	 0.08887781 
208000 	 0.1642325 
208500 	 0.21023 
209000 	 0.2459798 
209500 	 0.1517477 
210000 	 0.1290666 
210500 	 0.1562891 
211000 	 0.1123878 
211500 	 0.2280871 
212000 	 0.3212409 
212500 	 0.1862317 
213000 	 0.2088271 
213500 	 0.1689055 
214000 	 0.241693 
214500 	 0.1444223 
215000 	 0.1793923 
215500 	 0.2068206 
216000 	 0.1979582 
216500 	 0.2219348 
217000 	 0.1641174 
217500 	 0.199192 
218000 	 0.1795232 
218500 	 0.218422 
219000 	 0.2228424 
219500 	 0.1309482 
220000 	 0.1622752 
220500 	 0.2157377 
221000 	 0.1992686 
221500 	 0.2167658 
222000 	 0.2477714 
222500 	 0.2145397 
223000 	 0.2919772 
223500 	 0.4481982 
224000 	 0.2012769 
224500 	 0.2543345 
225000 	 0.1697314 
225500 	 0.1393406 
226000 	 0.1940381 
226500 	 0.2712405 
227000 	 0.1679608 
227500 	 0.1358703 
228000 	 0.2382117 
228500 	 0.2458993 
229000 	 0.2812997 
229500 	 0.1345623 
230000 	 0.1743716 
230500 	 0.2066619 
231000 	 0.2305674 
231500 	 0.1899584 
232000 	 0.184469 
232500 	 0.1369323 
233000 	 0.1329684 
233500 	 0.1388126 
234000 	 0.1900674 
234500 	 0.2694773 
235000 	 0.1365403 
235500 	 0.2011613 
236000 	 0.1204301 
236500 	 0.2471489 
237000 	 0.2033686 
237500 	 0.2080322 
238000 	 0.1424631 
238500 	 0.3479888 
239000 	 0.1731057 
239500 	 0.1216287 
240000 	 0.163354 
240500 	 0.293129 
241000 	 0.1620366 
241500 	 0.2730806 
242000 	 0.1647394 
242500 	 0.2077722 
243000 	 0.1718183 
243500 	 0.1354913 
244000 	 0.2704669 
244500 	 0.184697 
245000 	 0.08907916 
245500 	 0.2283085 
246000 	 0.1871371 
246500 	 0.2227231 
247000 	 0.1956393 
247500 	 0.2102036 
248000 	 0.1551816 
248500 	 0.273256 
249000 	 0.2183159 
249500 	 0.227662 
250000 	 0.168415 
250500 	 0.2186448 
251000 	 0.1605332 
251500 	 0.1539411 
252000 	 0.2138998 
252500 	 0.1676994 
253000 	 0.1789967 
253500 	 0.113695 
254000 	 0.2073771 
254500 	 0.1095014 
255000 	 0.1965191 
255500 	 0.1433254 
256000 	 0.2856978 
256500 	 0.2633524 
257000 	 0.152036 
257500 	 0.1246655 
258000 	 0.1713928 
258500 	 0.2259425 
259000 	 0.1447567 
259500 	 0.2404776 
260000 	 0.2513881 
260500 	 0.235409 
261000 	 0.1569726 
261500 	 0.1403405 
262000 	 0.2285065 
262500 	 0.2638078 
263000 	 0.1782015 
263500 	 0.2103361 
264000 	 0.2483205 
264500 	 0.2475601 
265000 	 0.2436823 
265500 	 0.2242711 
266000 	 0.1947389 
266500 	 0.1783684 
267000 	 0.09806162 
267500 	 0.1042204 
268000 	 0.09382891 
268500 	 0.09776363 
269000 	 0.3235974 
269500 	 0.1420663 
270000 	 0.1892488 
270500 	 0.2748275 
271000 	 0.2038734 
271500 	 0.1561091 
272000 	 0.1600766 
272500 	 0.07949336 
273000 	 0.1085625 
273500 	 0.1742114 
274000 	 0.1015699 
274500 	 0.1239798 
275000 	 0.1175509 
275500 	 0.2139046 
276000 	 0.1389526 
276500 	 0.1719831 
277000 	 0.3035643 
277500 	 0.2748399 
278000 	 0.1618754 
278500 	 0.2213757 
279000 	 0.1895069 
279500 	 0.2709438 
280000 	 0.1366934 
280500 	 0.122578 
281000 	 0.2344649 
281500 	 0.1222588 
282000 	 0.1454057 
282500 	 0.1306327 
283000 	 0.1942225 
283500 	 0.2825125 
284000 	 0.1248912 
284500 	 0.2544706 
285000 	 0.2681433 
285500 	 0.1099391 
286000 	 0.1503062 
286500 	 0.03014079 
287000 	 0.1503308 
287500 	 0.2564613 
288000 	 0.3428214 
288500 	 0.258839 
289000 	 0.2438921 
289500 	 0.1599178 
290000 	 0.1503349 
290500 	 0.2522052 
291000 	 0.1128039 
291500 	 0.2203148 
292000 	 0.2204594 
292500 	 0.2779844 
293000 	 0.3275156 
293500 	 0.2823774 
294000 	 0.09541349 
294500 	 0.1846325 
295000 	 0.2037917 
295500 	 0.17521 
296000 	 0.1323355 
296500 	 0.2128762 
297000 	 0.1892668 
297500 	 0.2048862 
298000 	 0.08602138 
298500 	 0.1480027 
299000 	 0.1924344 
299500 	 0.268567 
300000 	 0.1938523 
300500 	 0.1630713 
301000 	 0.1518086 
301500 	 0.1517953 
302000 	 0.217427 
302500 	 0.2730245 
303000 	 0.209475 
303500 	 0.1674228 
304000 	 0.2440131 
304500 	 0.2643453 
305000 	 0.199052 
305500 	 0.1138753 
306000 	 0.264352 
306500 	 0.1807919 
307000 	 0.1438193 
307500 	 0.07037444 
308000 	 0.1681728 
308500 	 0.1088827 
309000 	 0.2042476 
309500 	 0.08472845 
310000 	 0.2637475 
310500 	 0.2014301 
311000 	 0.1411179 
311500 	 0.2849884 
312000 	 0.1515612 
312500 	 0.2309235 
313000 	 0.2461981 
313500 	 0.2969388 
314000 	 0.1297118 
314500 	 0.2842262 
315000 	 0.1170936 
315500 	 0.1421864 
316000 	 0.1431796 
316500 	 0.1183022 
317000 	 0.0897035 
317500 	 0.1631884 
318000 	 0.1226754 
318500 	 0.07150837 
319000 	 0.2038429 
319500 	 0.1166725 
320000 	 0.2170658 
320500 	 0.1440919 
321000 	 0.172633 
321500 	 0.179853 
322000 	 0.08036369 
322500 	 0.2050867 
323000 	 0.2125402 
323500 	 0.2073606 
324000 	 0.1583127 
324500 	 0.1277057 
325000 	 0.1940103 
325500 	 0.2004381 
326000 	 0.1010808 
326500 	 0.2655113 
327000 	 0.1573251 
327500 	 0.09804108 
328000 	 0.1278652 
328500 	 0.1776808 
329000 	 0.2184235 
329500 	 0.2151722 
330000 	 0.2055284 
330500 	 0.2883667 
331000 	 0.1817859 
331500 	 0.2283308 
332000 	 0.1912359 
332500 	 0.1837808 
333000 	 0.1826675 
333500 	 0.2064493 
334000 	 0.2183087 
334500 	 0.2749491 
335000 	 0.1620204 
335500 	 0.1378976 
336000 	 0.1646668 
336500 	 0.2884591 
337000 	 0.1437427 
337500 	 0.2009321 
338000 	 0.306941 
338500 	 0.1950933 
339000 	 0.08442043 
339500 	 0.1864559 
340000 	 0.1862837 
340500 	 0.1555945 
341000 	 0.2813844 
341500 	 0.09229386 
342000 	 0.1757421 
342500 	 0.2343195 
343000 	 0.2002339 
343500 	 0.2575848 
344000 	 0.1917565 
344500 	 0.1480425 
345000 	 0.1647818 
345500 	 0.1865471 
346000 	 0.2335448 
346500 	 0.1601766 
347000 	 0.1783276 
347500 	 0.1853048 
348000 	 0.2822748 
348500 	 0.172993 
349000 	 0.1972917 
349500 	 0.1576647 
350000 	 0.1799354 
350500 	 0.3171455 
351000 	 0.3714128 
351500 	 0.1467283 
352000 	 0.2681433 
352500 	 0.2664901 
353000 	 0.2173392 
353500 	 0.2007303 
354000 	 0.1876265 
354500 	 0.1495954 
355000 	 0.2063506 
355500 	 0.188005 
356000 	 0.1239637 
356500 	 0.08651401 
357000 	 0.2210022 
357500 	 0.2768335 
358000 	 0.3165147 
358500 	 0.2800823 
359000 	 0.1325605 
359500 	 0.152544 
360000 	 0.1087611 
360500 	 0.149869 
361000 	 0.1896383 
361500 	 0.09010642 
362000 	 0.294971 
362500 	 0.1068281 
363000 	 0.1362799 
363500 	 0.3163073 
364000 	 0.2055188 
364500 	 0.3134078 
365000 	 0.1876886 
365500 	 0.1787869 
366000 	 0.1012705 
366500 	 0.1075232 
367000 	 0.1055467 
367500 	 0.1563006 
368000 	 0.214196 
368500 	 0.1226667 
369000 	 0.1272084 
369500 	 0.07688414 
370000 	 0.1980977 
370500 	 0.2397783 
371000 	 0.2196779 
371500 	 0.2256282 
372000 	 0.1559903 
372500 	 0.2098142 
373000 	 0.1021612 
373500 	 0.1635482 
374000 	 0.1566463 
374500 	 0.2303123 
375000 	 0.2283326 
375500 	 0.1735066 
376000 	 0.1500944 
376500 	 0.1339619 
377000 	 0.2074983 
377500 	 0.165449 
378000 	 0.184107 
378500 	 0.2657523 
379000 	 0.2490275 
379500 	 0.2244523 
380000 	 0.2167485 
380500 	 0.2703487 
381000 	 0.1575699 
381500 	 0.1763566 
382000 	 0.1979562 
382500 	 0.2096296 
383000 	 0.2059726 
383500 	 0.176238 
384000 	 0.1510856 
384500 	 0.3964784 
385000 	 0.1834056 
385500 	 0.1979048 
386000 	 0.09559108 
386500 	 0.2099338 
387000 	 0.207443 
387500 	 0.2497122 
388000 	 0.2458402 
388500 	 0.1973752 
389000 	 0.1750246 
389500 	 0.1387571 
390000 	 0.09840428 
390500 	 0.2422719 
391000 	 0.1495917 
391500 	 0.1681715 
392000 	 0.2079945 
392500 	 0.2591735 
393000 	 0.1646439 
393500 	 0.1598153 
394000 	 0.1633574 
394500 	 0.251168 
395000 	 0.2459514 
395500 	 0.2879067 
396000 	 0.1912003 
396500 	 0.1905712 
397000 	 0.3445658 
397500 	 0.2106687 
398000 	 0.2823237 
398500 	 0.04456756 
399000 	 0.1838198 
399500 	 0.2478298 
400000 	 0.2592638 
400500 	 0.2088432 
401000 	 0.1731515 
401500 	 0.1447822 
402000 	 0.1172421 
402500 	 0.09042785 
403000 	 0.3314415 
403500 	 0.2512618 
404000 	 0.1993442 
404500 	 0.3071252 
405000 	 0.2141608 
405500 	 0.2809371 
406000 	 0.1783681 
406500 	 0.2564656 
407000 	 0.1714956 
407500 	 0.1529237 
408000 	 0.1377843 
408500 	 0.1865841 
409000 	 0.2494313 
409500 	 0.1454516 
410000 	 0.24894 
410500 	 0.146277 
411000 	 0.2997794 
411500 	 0.1936394 
412000 	 0.1624457 
412500 	 0.2024813 
413000 	 0.1462121 
413500 	 0.2443425 
414000 	 0.1100968 
414500 	 0.2194276 
415000 	 0.2063111 
415500 	 0.1399396 
416000 	 0.120426 
416500 	 0.3620928 
417000 	 0.147359 
417500 	 0.2500518 
418000 	 0.1997619 
418500 	 0.1447658 
419000 	 0.1767019 
419500 	 0.2941096 
420000 	 0.2355419 
420500 	 0.1347523 
421000 	 0.1559225 
421500 	 0.2022011 
422000 	 0.1826757 
422500 	 0.273372 
423000 	 0.3281226 
423500 	 0.222822 
424000 	 0.1315689 
424500 	 0.1718473 
425000 	 0.1299933 
425500 	 0.1721148 
426000 	 0.281453 
426500 	 0.2165094 
427000 	 0.1355575 
427500 	 0.2838726 
428000 	 0.1519629 
428500 	 0.2738244 
429000 	 0.160398 
429500 	 0.2124498 
430000 	 0.1175313 
430500 	 0.09269448 
431000 	 0.1698658 
431500 	 0.2117931 
432000 	 0.164471 
432500 	 0.1210616 
433000 	 0.1657839 
433500 	 0.254108 
434000 	 0.3000558 
434500 	 0.06996677 
435000 	 0.156327 
435500 	 0.1613092 
436000 	 0.1975947 
436500 	 0.1967062 
437000 	 0.1912717 
437500 	 0.2262468 
438000 	 0.3490515 
438500 	 0.2058899 
439000 	 0.1999309 
439500 	 0.08142184 
440000 	 0.2154691 
440500 	 0.1503317 
441000 	 0.265504 
441500 	 0.2441688 
442000 	 0.1421939 
442500 	 0.2399381 
443000 	 0.2718535 
443500 	 0.1078909 
444000 	 0.1747464 
444500 	 0.3495894 
445000 	 0.1461664 
445500 	 0.1599292 
446000 	 0.1019437 
446500 	 0.2073271 
447000 	 0.1281388 
447500 	 0.2615274 
448000 	 0.1656545 
448500 	 0.1209625 
449000 	 0.1446221 
449500 	 0.2355627 
450000 	 0.1328808 
450500 	 0.1004388 
451000 	 0.1868509 
451500 	 0.157484 
452000 	 0.1334904 
452500 	 0.1502255 
453000 	 0.1986855 
453500 	 0.1595865 
454000 	 0.3269439 
454500 	 0.165083 
455000 	 0.1428192 
455500 	 0.2489686 
456000 	 0.1215814 
456500 	 0.2613938 
457000 	 0.1603499 
457500 	 0.1446359 
458000 	 0.2161517 
458500 	 0.1125062 
459000 	 0.1204575 
459500 	 0.1841231 
460000 	 0.2054058 
460500 	 0.2235644 
461000 	 0.2389224 
461500 	 0.1356891 
462000 	 0.09940053 
462500 	 0.2116687 
463000 	 0.1405916 
463500 	 0.1294483 
464000 	 0.1048583 
464500 	 0.3262818 
465000 	 0.1142649 
465500 	 0.1722242 
466000 	 0.1257871 
466500 	 0.2026044 
467000 	 0.1238183 
467500 	 0.1300364 
468000 	 0.09026104 
468500 	 0.2332726 
469000 	 0.1916079 
469500 	 0.1677933 
470000 	 0.1634838 
470500 	 0.1921433 
471000 	 0.2075142 
471500 	 0.1208947 
472000 	 0.2592741 
472500 	 0.2769792 
473000 	 0.2863285 
473500 	 0.2901297 
474000 	 0.1684929 
474500 	 0.2029092 
475000 	 0.3067561 
475500 	 0.1848129 
476000 	 0.1976095 
476500 	 0.1539833 
477000 	 0.1845809 
477500 	 0.1459226 
478000 	 0.269204 
478500 	 0.2446391 
479000 	 0.1280574 
479500 	 0.2641714 
480000 	 0.2180723 
480500 	 0.2714723 
481000 	 0.1994748 
481500 	 0.06369209 
482000 	 0.1337542 
482500 	 0.1526111 
483000 	 0.11955 
483500 	 0.2939312 
484000 	 0.2495249 
484500 	 0.121962 
485000 	 0.1686043 
485500 	 0.2142198 
486000 	 0.2266018 
486500 	 0.2844138 
487000 	 0.212822 
487500 	 0.2235253 
488000 	 0.2557458 
488500 	 0.1485613 
489000 	 0.2100945 
489500 	 0.1210199 
490000 	 0.1602916 
490500 	 0.1978691 
491000 	 0.1364279 
491500 	 0.1720349 
492000 	 0.2282963 
492500 	 0.1255498 
493000 	 0.2415659 
493500 	 0.3195298 
494000 	 0.2034147 
494500 	 0.239753 
495000 	 0.1598747 
495500 	 0.3065906 
496000 	 0.3040616 
496500 	 0.1289583 
497000 	 0.2511149 
497500 	 0.2111276 
498000 	 0.2916173 
498500 	 0.2057991 
499000 	 0.2675525 
499500 	 0.1199861 
500000 	 0.1422508 
