iter 	 p
500 	 0.6738186 
1000 	 0.6975162 
1500 	 0.6729838 
2000 	 0.6510194 
2500 	 0.614827 
3000 	 0.6412612 
3500 	 0.6332285 
4000 	 0.6592208 
4500 	 0.6543117 
5000 	 0.6204391 
5500 	 0.6213065 
6000 	 0.5824883 
6500 	 0.7053161 
7000 	 0.6902529 
7500 	 0.7053932 
8000 	 0.6455151 
8500 	 0.6488717 
9000 	 0.6020017 
9500 	 0.6688998 
10000 	 0.5434725 
10500 	 0.5910398 
11000 	 0.616592 
11500 	 0.6466224 
12000 	 0.6874341 
12500 	 0.6798678 
13000 	 0.6763253 
13500 	 0.6384536 
14000 	 0.7019494 
14500 	 0.6186281 
15000 	 0.587184 
15500 	 0.6717803 
16000 	 0.6967081 
16500 	 0.6780953 
17000 	 0.6528777 
17500 	 0.6329831 
18000 	 0.6135014 
18500 	 0.678811 
19000 	 0.6430789 
19500 	 0.6262989 
20000 	 0.6239168 
20500 	 0.6221507 
21000 	 0.5740884 
21500 	 0.671308 
22000 	 0.6382861 
22500 	 0.5880049 
23000 	 0.6665872 
23500 	 0.6743191 
24000 	 0.6784445 
24500 	 0.6233763 
25000 	 0.5233639 
25500 	 0.722543 
26000 	 0.5835831 
26500 	 0.6252131 
27000 	 0.6600237 
27500 	 0.5641881 
28000 	 0.632157 
28500 	 0.6689128 
29000 	 0.6176638 
29500 	 0.6647437 
30000 	 0.5563845 
30500 	 0.6319814 
31000 	 0.5865023 
31500 	 0.6331532 
32000 	 0.642975 
32500 	 0.6236817 
33000 	 0.7033975 
33500 	 0.68548 
34000 	 0.6357075 
34500 	 0.6471079 
35000 	 0.6333851 
35500 	 0.6472794 
36000 	 0.6258668 
36500 	 0.7189961 
37000 	 0.5880497 
37500 	 0.677293 
38000 	 0.6837828 
38500 	 0.6212558 
39000 	 0.6921856 
39500 	 0.6937449 
40000 	 0.6220725 
40500 	 0.7039501 
41000 	 0.6502522 
41500 	 0.6254299 
42000 	 0.5823195 
42500 	 0.626303 
43000 	 0.6393074 
43500 	 0.5436881 
44000 	 0.6746782 
44500 	 0.6274217 
45000 	 0.6446325 
45500 	 0.6179461 
46000 	 0.677349 
46500 	 0.6264278 
47000 	 0.6385382 
47500 	 0.630956 
48000 	 0.6168722 
48500 	 0.6298729 
49000 	 0.5816145 
49500 	 0.6699299 
50000 	 0.6177482 
50500 	 0.6638831 
51000 	 0.5876366 
51500 	 0.5517992 
52000 	 0.6589226 
52500 	 0.5334773 
53000 	 0.619103 
53500 	 0.5818796 
54000 	 0.6546114 
54500 	 0.6177993 
55000 	 0.5600242 
55500 	 0.6280656 
56000 	 0.584266 
56500 	 0.6433487 
57000 	 0.6129532 
57500 	 0.6593645 
58000 	 0.6620273 
58500 	 0.656663 
59000 	 0.5555106 
59500 	 0.6096781 
60000 	 0.662658 
60500 	 0.5707229 
61000 	 0.6599445 
61500 	 0.6720561 
62000 	 0.6877049 
62500 	 0.638526 
63000 	 0.7180022 
63500 	 0.6851903 
64000 	 0.6176758 
64500 	 0.6740428 
65000 	 0.61262 
65500 	 0.6465846 
66000 	 0.6299382 
66500 	 0.6757357 
67000 	 0.617591 
67500 	 0.5704761 
68000 	 0.6360688 
68500 	 0.6140691 
69000 	 0.6894782 
69500 	 0.5814004 
70000 	 0.6694854 
70500 	 0.7132295 
71000 	 0.6181894 
71500 	 0.677058 
72000 	 0.6158868 
72500 	 0.6224721 
73000 	 0.6265134 
73500 	 0.5885349 
74000 	 0.695858 
74500 	 0.6396488 
75000 	 0.6929221 
75500 	 0.6149672 
76000 	 0.5904635 
76500 	 0.6441697 
77000 	 0.6146374 
77500 	 0.515561 
78000 	 0.637246 
78500 	 0.635375 
79000 	 0.6506265 
79500 	 0.6093355 
80000 	 0.6583504 
80500 	 0.6490016 
81000 	 0.5221378 
81500 	 0.5782299 
82000 	 0.6900348 
82500 	 0.6701192 
83000 	 0.6328697 
83500 	 0.5849687 
84000 	 0.6334035 
84500 	 0.6011311 
85000 	 0.6665326 
85500 	 0.6579605 
86000 	 0.5943089 
86500 	 0.6842267 
87000 	 0.6491545 
87500 	 0.6110625 
88000 	 0.6875903 
88500 	 0.6224996 
89000 	 0.5657766 
89500 	 0.6415491 
90000 	 0.6737186 
90500 	 0.7038663 
91000 	 0.6597613 
91500 	 0.7277569 
92000 	 0.5973152 
92500 	 0.5771608 
93000 	 0.623063 
93500 	 0.653302 
94000 	 0.6372972 
94500 	 0.6256639 
95000 	 0.61056 
95500 	 0.6412696 
96000 	 0.587667 
96500 	 0.6319536 
97000 	 0.5572986 
97500 	 0.6778449 
98000 	 0.6518908 
98500 	 0.5941358 
99000 	 0.7160315 
99500 	 0.6153146 
100000 	 0.670651 
100500 	 0.6053431 
101000 	 0.6114197 
101500 	 0.6980304 
102000 	 0.6485324 
102500 	 0.6317537 
103000 	 0.6921867 
103500 	 0.5437057 
104000 	 0.6124878 
104500 	 0.7628373 
105000 	 0.6397054 
105500 	 0.5855275 
106000 	 0.6163076 
106500 	 0.624395 
107000 	 0.619847 
107500 	 0.674124 
108000 	 0.605597 
108500 	 0.6612596 
109000 	 0.6231443 
109500 	 0.6049038 
110000 	 0.6072711 
110500 	 0.6522432 
111000 	 0.6683235 
111500 	 0.6897016 
112000 	 0.6023251 
112500 	 0.644957 
113000 	 0.607572 
113500 	 0.6482267 
114000 	 0.6236282 
114500 	 0.6582143 
115000 	 0.7191927 
115500 	 0.6234531 
116000 	 0.6048805 
116500 	 0.7094226 
117000 	 0.6436817 
117500 	 0.5785212 
118000 	 0.5878119 
118500 	 0.6363249 
119000 	 0.5672219 
119500 	 0.584325 
120000 	 0.6824696 
120500 	 0.5841058 
121000 	 0.685932 
121500 	 0.6417347 
122000 	 0.6509477 
122500 	 0.6591412 
123000 	 0.5946883 
123500 	 0.6200831 
124000 	 0.7251826 
124500 	 0.6237405 
125000 	 0.6828059 
125500 	 0.6296584 
126000 	 0.6612381 
126500 	 0.6798225 
127000 	 0.6365687 
127500 	 0.6447876 
128000 	 0.643919 
128500 	 0.6847761 
129000 	 0.7452921 
129500 	 0.6571039 
130000 	 0.6247105 
130500 	 0.5557753 
131000 	 0.6187086 
131500 	 0.6061976 
132000 	 0.6665446 
132500 	 0.6616627 
133000 	 0.6342376 
133500 	 0.6576599 
134000 	 0.5577275 
134500 	 0.6281483 
135000 	 0.6474851 
135500 	 0.6288756 
136000 	 0.5804372 
136500 	 0.6135708 
137000 	 0.6338297 
137500 	 0.6051581 
138000 	 0.7233483 
138500 	 0.6257126 
139000 	 0.6921029 
139500 	 0.6319927 
140000 	 0.7193541 
140500 	 0.6382851 
141000 	 0.6155434 
141500 	 0.5949313 
142000 	 0.6672501 
142500 	 0.6169128 
143000 	 0.5470319 
143500 	 0.6450843 
144000 	 0.6276238 
144500 	 0.6098915 
145000 	 0.6729998 
145500 	 0.6117015 
146000 	 0.6450423 
146500 	 0.6839619 
147000 	 0.6481103 
147500 	 0.6548319 
148000 	 0.630845 
148500 	 0.632588 
149000 	 0.6180225 
149500 	 0.5999525 
150000 	 0.4983266 
150500 	 0.6497485 
151000 	 0.6000595 
151500 	 0.6217949 
152000 	 0.639992 
152500 	 0.5040576 
153000 	 0.6599415 
153500 	 0.6366638 
154000 	 0.7030682 
154500 	 0.6238701 
155000 	 0.6355768 
155500 	 0.6210394 
156000 	 0.7098771 
156500 	 0.6370015 
157000 	 0.7515079 
157500 	 0.6034006 
158000 	 0.6179465 
158500 	 0.6510277 
159000 	 0.6804013 
159500 	 0.6565073 
160000 	 0.716516 
160500 	 0.6178597 
161000 	 0.6710116 
161500 	 0.583086 
162000 	 0.6081512 
162500 	 0.6423239 
163000 	 0.7000927 
163500 	 0.63411 
164000 	 0.6693049 
164500 	 0.5883486 
165000 	 0.6275848 
165500 	 0.6405249 
166000 	 0.577527 
166500 	 0.5867638 
167000 	 0.6279939 
167500 	 0.6642306 
168000 	 0.6683266 
168500 	 0.6597923 
169000 	 0.6060582 
169500 	 0.6248586 
170000 	 0.6303476 
170500 	 0.6691822 
171000 	 0.5660178 
171500 	 0.6138262 
172000 	 0.6791889 
172500 	 0.6441249 
173000 	 0.6881806 
173500 	 0.6316458 
174000 	 0.5956632 
174500 	 0.716465 
175000 	 0.6099045 
175500 	 0.6951645 
176000 	 0.6520288 
176500 	 0.6163352 
177000 	 0.6930901 
177500 	 0.6637975 
178000 	 0.6791903 
178500 	 0.6208168 
179000 	 0.6691902 
179500 	 0.6247335 
180000 	 0.6867715 
180500 	 0.6505243 
181000 	 0.5719398 
181500 	 0.7126601 
182000 	 0.5982577 
182500 	 0.665543 
183000 	 0.6725324 
183500 	 0.6148062 
184000 	 0.6455708 
184500 	 0.6655546 
185000 	 0.5636789 
185500 	 0.6663483 
186000 	 0.5271718 
186500 	 0.6570998 
187000 	 0.652594 
187500 	 0.6444939 
188000 	 0.5968686 
188500 	 0.6890705 
189000 	 0.607625 
189500 	 0.6515418 
190000 	 0.6133472 
190500 	 0.5959622 
191000 	 0.6399274 
191500 	 0.5525704 
192000 	 0.6620411 
192500 	 0.6472127 
193000 	 0.5354949 
193500 	 0.6923468 
194000 	 0.6365672 
194500 	 0.5600796 
195000 	 0.6790419 
195500 	 0.6580536 
196000 	 0.5904807 
196500 	 0.6357864 
197000 	 0.6605043 
197500 	 0.586938 
198000 	 0.6909141 
198500 	 0.5773203 
199000 	 0.6991124 
199500 	 0.6242378 
200000 	 0.7129178 
200500 	 0.6798152 
201000 	 0.695497 
201500 	 0.5365826 
202000 	 0.6508597 
202500 	 0.5918812 
203000 	 0.6690572 
203500 	 0.6341611 
204000 	 0.6599692 
204500 	 0.6145274 
205000 	 0.7208163 
205500 	 0.6599304 
206000 	 0.5551667 
206500 	 0.6844429 
207000 	 0.5729634 
207500 	 0.6811287 
208000 	 0.6702396 
208500 	 0.6531484 
209000 	 0.6142768 
209500 	 0.7511847 
210000 	 0.6972869 
210500 	 0.6506041 
211000 	 0.5603798 
211500 	 0.6607937 
212000 	 0.7062283 
212500 	 0.6648006 
213000 	 0.607306 
213500 	 0.6517272 
214000 	 0.6532205 
214500 	 0.6475336 
215000 	 0.6868608 
215500 	 0.5897276 
216000 	 0.5569314 
216500 	 0.5658328 
217000 	 0.6738865 
217500 	 0.5223727 
218000 	 0.6370212 
218500 	 0.6466962 
219000 	 0.607302 
219500 	 0.6818035 
220000 	 0.6689476 
220500 	 0.6113278 
221000 	 0.6535047 
221500 	 0.6171855 
222000 	 0.6038381 
222500 	 0.6428401 
223000 	 0.5959755 
223500 	 0.5488503 
224000 	 0.6153241 
224500 	 0.7126799 
225000 	 0.580741 
225500 	 0.6381631 
226000 	 0.7028766 
226500 	 0.6309531 
227000 	 0.6412141 
227500 	 0.6651963 
228000 	 0.599912 
228500 	 0.6912019 
229000 	 0.6801241 
229500 	 0.6964444 
230000 	 0.6417516 
230500 	 0.6179079 
231000 	 0.6157271 
231500 	 0.6519567 
232000 	 0.7303464 
232500 	 0.5680139 
233000 	 0.619611 
233500 	 0.6737102 
234000 	 0.6194459 
234500 	 0.6766009 
235000 	 0.6446618 
235500 	 0.6170161 
236000 	 0.6400422 
236500 	 0.613288 
237000 	 0.6585848 
237500 	 0.6481973 
238000 	 0.6653866 
238500 	 0.679645 
239000 	 0.6202784 
239500 	 0.6411646 
240000 	 0.5977932 
240500 	 0.5576597 
241000 	 0.569265 
241500 	 0.6053021 
242000 	 0.5754146 
242500 	 0.7000384 
243000 	 0.6537437 
243500 	 0.64553 
244000 	 0.6525719 
244500 	 0.6228959 
245000 	 0.5901084 
245500 	 0.5958043 
246000 	 0.6026678 
246500 	 0.6651572 
247000 	 0.6662307 
247500 	 0.6196772 
248000 	 0.6243016 
248500 	 0.5414655 
249000 	 0.6711311 
249500 	 0.6446108 
250000 	 0.7237044 
250500 	 0.677523 
251000 	 0.6345575 
251500 	 0.6834151 
252000 	 0.7245115 
252500 	 0.6076704 
253000 	 0.6542125 
253500 	 0.6794923 
254000 	 0.679147 
254500 	 0.550237 
255000 	 0.6061307 
255500 	 0.5904616 
256000 	 0.7016632 
256500 	 0.629738 
257000 	 0.6448107 
257500 	 0.605547 
258000 	 0.6654145 
258500 	 0.6580019 
259000 	 0.6683875 
259500 	 0.6101629 
260000 	 0.6313466 
260500 	 0.657198 
261000 	 0.6435907 
261500 	 0.6681079 
262000 	 0.6522199 
262500 	 0.6410468 
263000 	 0.6235041 
263500 	 0.6050122 
264000 	 0.6863164 
264500 	 0.6138185 
265000 	 0.6336255 
265500 	 0.5912195 
266000 	 0.5966395 
266500 	 0.6303288 
267000 	 0.5897651 
267500 	 0.6587931 
268000 	 0.6543227 
268500 	 0.6232573 
269000 	 0.6242994 
269500 	 0.628446 
270000 	 0.6582917 
270500 	 0.5519171 
271000 	 0.6673602 
271500 	 0.6600184 
272000 	 0.6485559 
272500 	 0.6130897 
273000 	 0.7309924 
273500 	 0.6742512 
274000 	 0.6349936 
274500 	 0.7260974 
275000 	 0.681225 
275500 	 0.6927583 
276000 	 0.6086683 
276500 	 0.7224975 
277000 	 0.7308159 
277500 	 0.5940633 
278000 	 0.5741228 
278500 	 0.608429 
279000 	 0.6591445 
279500 	 0.6305094 
280000 	 0.6373711 
280500 	 0.6474855 
281000 	 0.6747398 
281500 	 0.6651007 
282000 	 0.6648838 
282500 	 0.701123 
283000 	 0.6470987 
283500 	 0.5876593 
284000 	 0.6056693 
284500 	 0.6885564 
285000 	 0.6090493 
285500 	 0.6161283 
286000 	 0.5840013 
286500 	 0.611191 
287000 	 0.6402738 
287500 	 0.580224 
288000 	 0.6052185 
288500 	 0.6270038 
289000 	 0.5772827 
289500 	 0.6367247 
290000 	 0.6171622 
290500 	 0.6146036 
291000 	 0.6836107 
291500 	 0.5670464 
292000 	 0.6566513 
292500 	 0.6353826 
293000 	 0.6613491 
293500 	 0.6620039 
294000 	 0.6514006 
294500 	 0.5920031 
295000 	 0.727526 
295500 	 0.6245957 
296000 	 0.6645632 
296500 	 0.7131658 
297000 	 0.7357431 
297500 	 0.6176348 
298000 	 0.6552844 
298500 	 0.7154865 
299000 	 0.5744704 
299500 	 0.6542222 
300000 	 0.6254721 
300500 	 0.6792288 
301000 	 0.6294182 
301500 	 0.6790225 
302000 	 0.6293202 
302500 	 0.6031713 
303000 	 0.659402 
303500 	 0.6649014 
304000 	 0.7132738 
304500 	 0.5930617 
305000 	 0.6037534 
305500 	 0.632148 
306000 	 0.5934971 
306500 	 0.6219954 
307000 	 0.6492763 
307500 	 0.7010049 
308000 	 0.6342115 
308500 	 0.6543548 
309000 	 0.5626896 
309500 	 0.5393085 
310000 	 0.6617028 
310500 	 0.6907804 
311000 	 0.5189792 
311500 	 0.5966089 
312000 	 0.6598615 
312500 	 0.6730966 
313000 	 0.6462131 
313500 	 0.6693411 
314000 	 0.7196895 
314500 	 0.5919455 
315000 	 0.597992 
315500 	 0.6595028 
316000 	 0.5934481 
316500 	 0.6478464 
317000 	 0.6505662 
317500 	 0.6926721 
318000 	 0.6501953 
318500 	 0.6490617 
319000 	 0.5615771 
319500 	 0.698107 
320000 	 0.6358098 
320500 	 0.6562982 
321000 	 0.6589367 
321500 	 0.6776881 
322000 	 0.6004824 
322500 	 0.6649646 
323000 	 0.6450821 
323500 	 0.6087296 
324000 	 0.5510752 
324500 	 0.6511957 
325000 	 0.6507996 
325500 	 0.6235657 
326000 	 0.6595531 
326500 	 0.6462268 
327000 	 0.7059077 
327500 	 0.6879804 
328000 	 0.7223819 
328500 	 0.5907264 
329000 	 0.6217551 
329500 	 0.6649065 
330000 	 0.6225446 
330500 	 0.6322577 
331000 	 0.6539129 
331500 	 0.6807356 
332000 	 0.6680479 
332500 	 0.6562476 
333000 	 0.6144997 
333500 	 0.5816091 
334000 	 0.6602016 
334500 	 0.6574942 
335000 	 0.5856274 
335500 	 0.6471928 
336000 	 0.6289664 
336500 	 0.571238 
337000 	 0.6307706 
337500 	 0.6007794 
338000 	 0.633913 
338500 	 0.5892218 
339000 	 0.6851807 
339500 	 0.684364 
340000 	 0.6767013 
340500 	 0.6282305 
341000 	 0.5961045 
341500 	 0.6792042 
342000 	 0.6515173 
342500 	 0.6118303 
343000 	 0.6654871 
343500 	 0.629507 
344000 	 0.6221396 
344500 	 0.6434303 
345000 	 0.6628374 
345500 	 0.5784386 
346000 	 0.6382615 
346500 	 0.6452503 
347000 	 0.6406588 
347500 	 0.6215406 
348000 	 0.6815257 
348500 	 0.6819354 
349000 	 0.6576374 
349500 	 0.5744811 
350000 	 0.6639642 
350500 	 0.6599392 
351000 	 0.7171118 
351500 	 0.6205792 
352000 	 0.585623 
352500 	 0.6166685 
353000 	 0.5742375 
353500 	 0.5842306 
354000 	 0.647519 
354500 	 0.6559169 
355000 	 0.5787458 
355500 	 0.6553484 
356000 	 0.6912332 
356500 	 0.6195019 
357000 	 0.6314405 
357500 	 0.6823968 
358000 	 0.5922184 
358500 	 0.6419069 
359000 	 0.6553199 
359500 	 0.6350403 
360000 	 0.6115684 
360500 	 0.5715735 
361000 	 0.6842428 
361500 	 0.5962065 
362000 	 0.6738931 
362500 	 0.5861066 
363000 	 0.5617641 
363500 	 0.6591161 
364000 	 0.6161931 
364500 	 0.6467311 
365000 	 0.6396118 
365500 	 0.6478749 
366000 	 0.6625257 
366500 	 0.7130752 
367000 	 0.6832437 
367500 	 0.6681192 
368000 	 0.5664762 
368500 	 0.556528 
369000 	 0.5645001 
369500 	 0.6326069 
370000 	 0.7111975 
370500 	 0.5858013 
371000 	 0.6369845 
371500 	 0.6809647 
372000 	 0.5697539 
372500 	 0.6994777 
373000 	 0.6563782 
373500 	 0.660241 
374000 	 0.6703862 
374500 	 0.6387741 
375000 	 0.6793625 
375500 	 0.6681743 
376000 	 0.6165283 
376500 	 0.6772828 
377000 	 0.7075639 
377500 	 0.6483498 
378000 	 0.6855459 
378500 	 0.6869845 
379000 	 0.6727751 
379500 	 0.622169 
380000 	 0.681926 
380500 	 0.6917622 
381000 	 0.6436801 
381500 	 0.6230569 
382000 	 0.630592 
382500 	 0.6458754 
383000 	 0.5977644 
383500 	 0.6435824 
384000 	 0.6523561 
384500 	 0.6162892 
385000 	 0.6476653 
385500 	 0.6961262 
386000 	 0.6912767 
386500 	 0.7010227 
387000 	 0.7064526 
387500 	 0.6301739 
388000 	 0.5785935 
388500 	 0.623162 
389000 	 0.6865563 
389500 	 0.7011603 
390000 	 0.6130324 
390500 	 0.6515088 
391000 	 0.6722646 
391500 	 0.6318008 
392000 	 0.5865534 
392500 	 0.6343941 
393000 	 0.5541847 
393500 	 0.6219765 
394000 	 0.677609 
394500 	 0.6157118 
395000 	 0.68121 
395500 	 0.5979998 
396000 	 0.6473332 
396500 	 0.7084691 
397000 	 0.7465729 
397500 	 0.6306883 
398000 	 0.7302754 
398500 	 0.6171876 
399000 	 0.6714788 
399500 	 0.6229192 
400000 	 0.5873288 
400500 	 0.6960803 
401000 	 0.5995585 
401500 	 0.65772 
402000 	 0.6474915 
402500 	 0.6990642 
403000 	 0.6628346 
403500 	 0.690886 
404000 	 0.670782 
404500 	 0.6729447 
405000 	 0.6585516 
405500 	 0.6201837 
406000 	 0.6211744 
406500 	 0.5908687 
407000 	 0.5989672 
407500 	 0.5870798 
408000 	 0.6821169 
408500 	 0.6660367 
409000 	 0.668156 
409500 	 0.6446925 
410000 	 0.6952731 
410500 	 0.6699294 
411000 	 0.5948805 
411500 	 0.6298318 
412000 	 0.6712428 
412500 	 0.6835136 
413000 	 0.618127 
413500 	 0.6069583 
414000 	 0.5942122 
414500 	 0.7144039 
415000 	 0.5362821 
415500 	 0.7731575 
416000 	 0.6818421 
416500 	 0.6193435 
417000 	 0.5391433 
417500 	 0.6157009 
418000 	 0.7274287 
418500 	 0.6721565 
419000 	 0.550733 
419500 	 0.6757382 
420000 	 0.5731834 
420500 	 0.6366153 
421000 	 0.6134055 
421500 	 0.6488293 
422000 	 0.6303024 
422500 	 0.6684946 
423000 	 0.6946993 
423500 	 0.5795698 
424000 	 0.6200229 
424500 	 0.6368062 
425000 	 0.6590134 
425500 	 0.5623544 
426000 	 0.5990438 
426500 	 0.6036274 
427000 	 0.6548321 
427500 	 0.6694934 
428000 	 0.612484 
428500 	 0.6210137 
429000 	 0.7324937 
429500 	 0.6495165 
430000 	 0.6594224 
430500 	 0.6352052 
431000 	 0.6849285 
431500 	 0.6081985 
432000 	 0.6384231 
432500 	 0.6041404 
433000 	 0.5939996 
433500 	 0.6070911 
434000 	 0.6117527 
434500 	 0.6596872 
435000 	 0.6279771 
435500 	 0.6543713 
436000 	 0.6276294 
436500 	 0.6701599 
437000 	 0.6276644 
437500 	 0.7371387 
438000 	 0.6452136 
438500 	 0.587263 
439000 	 0.646543 
439500 	 0.6417876 
440000 	 0.6006285 
440500 	 0.6250323 
441000 	 0.5961354 
441500 	 0.6835168 
442000 	 0.6200122 
442500 	 0.5889666 
443000 	 0.6888552 
443500 	 0.5654989 
444000 	 0.5821809 
444500 	 0.6737575 
445000 	 0.6671914 
445500 	 0.5576539 
446000 	 0.6569885 
446500 	 0.6352053 
447000 	 0.6051915 
447500 	 0.6366892 
448000 	 0.6329062 
448500 	 0.7323313 
449000 	 0.6423335 
449500 	 0.6142792 
450000 	 0.6207389 
450500 	 0.6913962 
451000 	 0.6402758 
451500 	 0.6572956 
452000 	 0.6408975 
452500 	 0.7101539 
453000 	 0.6723438 
453500 	 0.6533744 
454000 	 0.7258708 
454500 	 0.6356224 
455000 	 0.7230383 
455500 	 0.6144642 
456000 	 0.6953046 
456500 	 0.6431862 
457000 	 0.5514216 
457500 	 0.6563615 
458000 	 0.5695482 
458500 	 0.6191349 
459000 	 0.6188996 
459500 	 0.6866305 
460000 	 0.6643524 
460500 	 0.6197407 
461000 	 0.6133104 
461500 	 0.581709 
462000 	 0.6169942 
462500 	 0.7359453 
463000 	 0.5589247 
463500 	 0.616082 
464000 	 0.6047065 
464500 	 0.629596 
465000 	 0.6055826 
465500 	 0.7300339 
466000 	 0.6308598 
466500 	 0.5163022 
467000 	 0.6072749 
467500 	 0.6133191 
468000 	 0.5055725 
468500 	 0.6444545 
469000 	 0.6315963 
469500 	 0.6086853 
470000 	 0.5606801 
470500 	 0.6457468 
471000 	 0.6241606 
471500 	 0.665859 
472000 	 0.5481605 
472500 	 0.6019051 
473000 	 0.6312271 
473500 	 0.6687644 
474000 	 0.5469065 
474500 	 0.6242111 
475000 	 0.6037519 
475500 	 0.6283768 
476000 	 0.6049191 
476500 	 0.6237136 
477000 	 0.5915876 
477500 	 0.5772269 
478000 	 0.6579059 
478500 	 0.6229811 
479000 	 0.6721797 
479500 	 0.6900269 
480000 	 0.6427791 
480500 	 0.6022323 
481000 	 0.6712701 
481500 	 0.6389293 
482000 	 0.6346718 
482500 	 0.586218 
483000 	 0.6531906 
483500 	 0.6832416 
484000 	 0.6480433 
484500 	 0.6737777 
485000 	 0.6468136 
485500 	 0.5854037 
486000 	 0.6351207 
486500 	 0.5821715 
487000 	 0.6074278 
487500 	 0.5887058 
488000 	 0.6285759 
488500 	 0.577236 
489000 	 0.5777787 
489500 	 0.6398929 
490000 	 0.5640008 
490500 	 0.5998586 
491000 	 0.6388845 
491500 	 0.6617215 
492000 	 0.5497874 
492500 	 0.691552 
493000 	 0.6632541 
493500 	 0.7079172 
494000 	 0.7010962 
494500 	 0.6175487 
495000 	 0.651604 
495500 	 0.7136496 
496000 	 0.6102891 
496500 	 0.6930005 
497000 	 0.6701018 
497500 	 0.6335263 
498000 	 0.6104327 
498500 	 0.6950398 
499000 	 0.642196 
499500 	 0.6641645 
500000 	 0.6566252 
