iter 	 p
500 	 0.6071726 
1000 	 0.7183323 
1500 	 0.6758711 
2000 	 0.7007358 
2500 	 0.6012341 
3000 	 0.6029408 
3500 	 0.6392325 
4000 	 0.6699313 
4500 	 0.7072883 
5000 	 0.6736433 
5500 	 0.5888195 
6000 	 0.6798919 
6500 	 0.6835793 
7000 	 0.6466227 
7500 	 0.5960746 
8000 	 0.6514695 
8500 	 0.6417647 
9000 	 0.671721 
9500 	 0.6617137 
10000 	 0.6839352 
10500 	 0.6687306 
11000 	 0.667468 
11500 	 0.7282956 
12000 	 0.6684667 
12500 	 0.7166048 
13000 	 0.6463815 
13500 	 0.6849131 
14000 	 0.6291319 
14500 	 0.6902473 
15000 	 0.5497067 
15500 	 0.5774861 
16000 	 0.651669 
16500 	 0.6224419 
17000 	 0.6329033 
17500 	 0.6910522 
18000 	 0.6795756 
18500 	 0.6519947 
19000 	 0.6451858 
19500 	 0.6071273 
20000 	 0.7039181 
20500 	 0.6087233 
21000 	 0.7384099 
21500 	 0.6697405 
22000 	 0.705094 
22500 	 0.6695289 
23000 	 0.5802144 
23500 	 0.6610748 
24000 	 0.7204401 
24500 	 0.619536 
25000 	 0.6406995 
25500 	 0.6815977 
26000 	 0.586448 
26500 	 0.6546619 
27000 	 0.5618682 
27500 	 0.6971984 
28000 	 0.6719347 
28500 	 0.7181176 
29000 	 0.6021875 
29500 	 0.71765 
30000 	 0.6555413 
30500 	 0.6434431 
31000 	 0.7021415 
31500 	 0.6413731 
32000 	 0.6398373 
32500 	 0.6269611 
33000 	 0.6913875 
33500 	 0.662023 
34000 	 0.6717794 
34500 	 0.6114121 
35000 	 0.6584392 
35500 	 0.7024765 
36000 	 0.6436091 
36500 	 0.6321555 
37000 	 0.6296461 
37500 	 0.5818752 
38000 	 0.615134 
38500 	 0.736787 
39000 	 0.6380161 
39500 	 0.6684292 
40000 	 0.7309532 
40500 	 0.7129443 
41000 	 0.666215 
41500 	 0.6533978 
42000 	 0.7479582 
42500 	 0.5647024 
43000 	 0.7433444 
43500 	 0.5861703 
44000 	 0.6656329 
44500 	 0.6012136 
45000 	 0.6629891 
45500 	 0.6994912 
46000 	 0.6969238 
46500 	 0.6410897 
47000 	 0.7070027 
47500 	 0.7442144 
48000 	 0.6487541 
48500 	 0.6728664 
49000 	 0.7480816 
49500 	 0.7039035 
50000 	 0.6520637 
50500 	 0.596528 
51000 	 0.6330454 
51500 	 0.6294828 
52000 	 0.6883132 
52500 	 0.7188137 
53000 	 0.6142021 
53500 	 0.6419454 
54000 	 0.7370039 
54500 	 0.7107595 
55000 	 0.6540988 
55500 	 0.6611973 
56000 	 0.689938 
56500 	 0.6798979 
57000 	 0.6888787 
57500 	 0.742443 
58000 	 0.7157279 
58500 	 0.7093557 
59000 	 0.6884663 
59500 	 0.7195354 
60000 	 0.6762344 
60500 	 0.6736282 
61000 	 0.6061489 
61500 	 0.7425337 
62000 	 0.7244257 
62500 	 0.6753937 
63000 	 0.697382 
63500 	 0.708005 
64000 	 0.6940544 
64500 	 0.7060286 
65000 	 0.6417042 
65500 	 0.7396106 
66000 	 0.6083734 
66500 	 0.7585548 
67000 	 0.6618392 
67500 	 0.6922356 
68000 	 0.6795792 
68500 	 0.5252292 
69000 	 0.6050113 
69500 	 0.5500006 
70000 	 0.7442162 
70500 	 0.6361767 
71000 	 0.7495131 
71500 	 0.6347538 
72000 	 0.6384722 
72500 	 0.6176021 
73000 	 0.7430352 
73500 	 0.6896579 
74000 	 0.5657586 
74500 	 0.7713972 
75000 	 0.5604338 
75500 	 0.6733219 
76000 	 0.632119 
76500 	 0.6169639 
77000 	 0.6813696 
77500 	 0.7001326 
78000 	 0.6424172 
78500 	 0.6288583 
79000 	 0.6855595 
79500 	 0.60773 
80000 	 0.6128747 
80500 	 0.6399977 
81000 	 0.7126892 
81500 	 0.6602689 
82000 	 0.6318285 
82500 	 0.7172533 
83000 	 0.6526356 
83500 	 0.7143856 
84000 	 0.6121161 
84500 	 0.5854024 
85000 	 0.6217334 
85500 	 0.6657786 
86000 	 0.6680231 
86500 	 0.6255297 
87000 	 0.6986544 
87500 	 0.7314439 
88000 	 0.7112979 
88500 	 0.6484389 
89000 	 0.6295575 
89500 	 0.6619154 
90000 	 0.7115929 
90500 	 0.6403218 
91000 	 0.6593146 
91500 	 0.730246 
92000 	 0.584313 
92500 	 0.744866 
93000 	 0.5889305 
93500 	 0.66671 
94000 	 0.5343487 
94500 	 0.6964417 
95000 	 0.553854 
95500 	 0.6657497 
96000 	 0.6142986 
96500 	 0.6066352 
97000 	 0.720991 
97500 	 0.6885593 
98000 	 0.6942209 
98500 	 0.6842766 
99000 	 0.6833119 
99500 	 0.6042947 
100000 	 0.6971135 
100500 	 0.5805971 
101000 	 0.6153152 
101500 	 0.6655231 
102000 	 0.547331 
102500 	 0.6775187 
103000 	 0.6002577 
103500 	 0.6056399 
104000 	 0.7098479 
104500 	 0.6519528 
105000 	 0.6322267 
105500 	 0.6814895 
106000 	 0.6303886 
106500 	 0.6619524 
107000 	 0.6413553 
107500 	 0.6601864 
108000 	 0.6725051 
108500 	 0.5984132 
109000 	 0.6607128 
109500 	 0.6961205 
110000 	 0.6709693 
110500 	 0.6432908 
111000 	 0.597517 
111500 	 0.6431902 
112000 	 0.738634 
112500 	 0.6839402 
113000 	 0.6279893 
113500 	 0.7097904 
114000 	 0.6445642 
114500 	 0.6713927 
115000 	 0.7259181 
115500 	 0.6541813 
116000 	 0.7158339 
116500 	 0.7230802 
117000 	 0.7068095 
117500 	 0.6199254 
118000 	 0.6494181 
118500 	 0.633452 
119000 	 0.69975 
119500 	 0.6265987 
120000 	 0.6716382 
120500 	 0.6800216 
121000 	 0.6197696 
121500 	 0.5279129 
122000 	 0.5844606 
122500 	 0.5509589 
123000 	 0.6562165 
123500 	 0.6405991 
124000 	 0.7405783 
124500 	 0.733175 
125000 	 0.6689093 
125500 	 0.5854771 
126000 	 0.7615683 
126500 	 0.6502675 
127000 	 0.6975286 
127500 	 0.7091588 
128000 	 0.6374837 
128500 	 0.7743259 
129000 	 0.6941771 
129500 	 0.6631492 
130000 	 0.6503418 
130500 	 0.6437239 
131000 	 0.5162138 
131500 	 0.6785453 
132000 	 0.7516935 
132500 	 0.6566249 
133000 	 0.6180926 
133500 	 0.6580785 
134000 	 0.6715193 
134500 	 0.701116 
135000 	 0.6765805 
135500 	 0.6749035 
136000 	 0.6174892 
136500 	 0.7161393 
137000 	 0.7428537 
137500 	 0.6180781 
138000 	 0.7336068 
138500 	 0.7030275 
139000 	 0.6165137 
139500 	 0.700396 
140000 	 0.5612287 
140500 	 0.7202117 
141000 	 0.6670963 
141500 	 0.7408838 
142000 	 0.6325824 
142500 	 0.588154 
143000 	 0.6811573 
143500 	 0.6318887 
144000 	 0.610941 
144500 	 0.7269534 
145000 	 0.7568278 
145500 	 0.7241705 
146000 	 0.6010442 
146500 	 0.6427072 
147000 	 0.6421204 
147500 	 0.7411063 
148000 	 0.7074726 
148500 	 0.6446152 
149000 	 0.7492227 
149500 	 0.6674642 
150000 	 0.7147167 
150500 	 0.792168 
151000 	 0.757021 
151500 	 0.5610908 
152000 	 0.7041455 
152500 	 0.6431538 
153000 	 0.6537118 
153500 	 0.6139291 
154000 	 0.7420549 
154500 	 0.5581968 
155000 	 0.7022702 
155500 	 0.6066356 
156000 	 0.634547 
156500 	 0.5957514 
157000 	 0.6114088 
157500 	 0.6523085 
158000 	 0.6882851 
158500 	 0.6595669 
159000 	 0.6188047 
159500 	 0.7260491 
160000 	 0.6587677 
160500 	 0.5957578 
161000 	 0.6965325 
161500 	 0.8089366 
162000 	 0.6712663 
162500 	 0.6414198 
163000 	 0.7078218 
163500 	 0.5774601 
164000 	 0.7531087 
164500 	 0.6079493 
165000 	 0.7378946 
165500 	 0.6827547 
166000 	 0.6115383 
166500 	 0.588783 
167000 	 0.6455927 
167500 	 0.635303 
168000 	 0.6271122 
168500 	 0.649187 
169000 	 0.632069 
169500 	 0.715222 
170000 	 0.6619543 
170500 	 0.6657486 
171000 	 0.71492 
171500 	 0.6139484 
172000 	 0.7097214 
172500 	 0.6774864 
173000 	 0.5728144 
173500 	 0.6527912 
174000 	 0.6453026 
174500 	 0.6761745 
175000 	 0.6523019 
175500 	 0.7097857 
176000 	 0.618438 
176500 	 0.6389463 
177000 	 0.6778117 
177500 	 0.6867252 
178000 	 0.6740456 
178500 	 0.5331892 
179000 	 0.6278294 
179500 	 0.6127639 
180000 	 0.5598333 
180500 	 0.7169256 
181000 	 0.6298419 
181500 	 0.62951 
182000 	 0.7422044 
182500 	 0.6771322 
183000 	 0.621962 
183500 	 0.7102971 
184000 	 0.7049389 
184500 	 0.7514218 
185000 	 0.6898582 
185500 	 0.7077662 
186000 	 0.5190941 
186500 	 0.6717932 
187000 	 0.6541944 
187500 	 0.6514305 
188000 	 0.7886492 
188500 	 0.7196346 
189000 	 0.6458457 
189500 	 0.639281 
190000 	 0.6920109 
190500 	 0.5613016 
191000 	 0.5582416 
191500 	 0.6550669 
192000 	 0.5710892 
192500 	 0.601712 
193000 	 0.5328162 
193500 	 0.7664984 
194000 	 0.781213 
194500 	 0.707717 
195000 	 0.5423438 
195500 	 0.5489619 
196000 	 0.7097573 
196500 	 0.6937676 
197000 	 0.6371677 
197500 	 0.7114461 
198000 	 0.753359 
198500 	 0.6263395 
199000 	 0.5473414 
199500 	 0.6418355 
200000 	 0.5755345 
200500 	 0.6457775 
201000 	 0.7069345 
201500 	 0.6327608 
202000 	 0.6285248 
202500 	 0.5921899 
203000 	 0.6321905 
203500 	 0.651849 
204000 	 0.6600109 
204500 	 0.6534583 
205000 	 0.6643428 
205500 	 0.6496137 
206000 	 0.6766245 
206500 	 0.7567584 
207000 	 0.6053764 
207500 	 0.6025266 
208000 	 0.6628574 
208500 	 0.6673337 
209000 	 0.7192715 
209500 	 0.5948433 
210000 	 0.7009194 
210500 	 0.6138265 
211000 	 0.7045308 
211500 	 0.6358167 
212000 	 0.7029406 
212500 	 0.6038113 
213000 	 0.6432449 
213500 	 0.7218043 
214000 	 0.6007534 
214500 	 0.6732754 
215000 	 0.6942703 
215500 	 0.5990994 
216000 	 0.6011858 
216500 	 0.6174602 
217000 	 0.6290061 
217500 	 0.6065876 
218000 	 0.6567651 
218500 	 0.6955795 
219000 	 0.5885097 
219500 	 0.6755424 
220000 	 0.6563584 
220500 	 0.6766203 
221000 	 0.6408427 
221500 	 0.6557611 
222000 	 0.538369 
222500 	 0.6322855 
223000 	 0.6633904 
223500 	 0.6487344 
224000 	 0.6876573 
224500 	 0.6720189 
225000 	 0.6047794 
225500 	 0.6276401 
226000 	 0.6411673 
226500 	 0.7253952 
227000 	 0.5856369 
227500 	 0.584046 
228000 	 0.6134245 
228500 	 0.5792114 
229000 	 0.677652 
229500 	 0.6440945 
230000 	 0.6242574 
230500 	 0.6956011 
231000 	 0.6206168 
231500 	 0.6125826 
232000 	 0.6112362 
232500 	 0.6932529 
233000 	 0.7308329 
233500 	 0.6046363 
234000 	 0.6586616 
234500 	 0.6776052 
235000 	 0.7037616 
235500 	 0.7238559 
236000 	 0.6841803 
236500 	 0.6785752 
237000 	 0.7020402 
237500 	 0.6755199 
238000 	 0.713135 
238500 	 0.7079108 
239000 	 0.7006082 
239500 	 0.7090071 
240000 	 0.6139085 
240500 	 0.6824346 
241000 	 0.7363011 
241500 	 0.6661194 
242000 	 0.6908996 
242500 	 0.7443302 
243000 	 0.7266398 
243500 	 0.6487988 
244000 	 0.6287661 
244500 	 0.5876519 
245000 	 0.6801997 
245500 	 0.6958068 
246000 	 0.6753068 
246500 	 0.5805779 
247000 	 0.6577231 
247500 	 0.654449 
248000 	 0.6021508 
248500 	 0.60704 
249000 	 0.7196029 
249500 	 0.6663808 
250000 	 0.54917 
250500 	 0.5707188 
251000 	 0.6980255 
251500 	 0.7850523 
252000 	 0.7507354 
252500 	 0.662197 
253000 	 0.5889733 
253500 	 0.6644696 
254000 	 0.6195364 
254500 	 0.6109498 
255000 	 0.6845109 
255500 	 0.7427365 
256000 	 0.7391329 
256500 	 0.6874343 
257000 	 0.5984871 
257500 	 0.602463 
258000 	 0.6649574 
258500 	 0.5904513 
259000 	 0.5566355 
259500 	 0.678822 
260000 	 0.6319233 
260500 	 0.6812644 
261000 	 0.719324 
261500 	 0.6980453 
262000 	 0.7346173 
262500 	 0.6485751 
263000 	 0.8066855 
263500 	 0.5719791 
264000 	 0.6042429 
264500 	 0.6429194 
265000 	 0.6569229 
265500 	 0.5820995 
266000 	 0.6818145 
266500 	 0.6500545 
267000 	 0.7375386 
267500 	 0.6837673 
268000 	 0.6166815 
268500 	 0.6667008 
269000 	 0.654634 
269500 	 0.6762803 
270000 	 0.5998084 
270500 	 0.5611111 
271000 	 0.6246595 
271500 	 0.6171239 
272000 	 0.769544 
272500 	 0.7647838 
273000 	 0.7764795 
273500 	 0.702035 
274000 	 0.5666051 
274500 	 0.6614978 
275000 	 0.6765367 
275500 	 0.7058771 
276000 	 0.675627 
276500 	 0.5958307 
277000 	 0.6768714 
277500 	 0.6846586 
278000 	 0.6864254 
278500 	 0.6988219 
279000 	 0.7604219 
279500 	 0.755154 
280000 	 0.6315772 
280500 	 0.6714477 
281000 	 0.6535572 
281500 	 0.6318853 
282000 	 0.7087908 
282500 	 0.6957124 
283000 	 0.6865173 
283500 	 0.6433483 
284000 	 0.6394123 
284500 	 0.6083705 
285000 	 0.6546865 
285500 	 0.6540646 
286000 	 0.755227 
286500 	 0.7373053 
287000 	 0.716096 
287500 	 0.7269015 
288000 	 0.638039 
288500 	 0.693178 
289000 	 0.6679864 
289500 	 0.7187889 
290000 	 0.6822742 
290500 	 0.7463399 
291000 	 0.6825075 
291500 	 0.7186057 
292000 	 0.690028 
292500 	 0.5991358 
293000 	 0.5685895 
293500 	 0.6160415 
294000 	 0.7063292 
294500 	 0.6903685 
295000 	 0.6302006 
295500 	 0.602164 
296000 	 0.7343839 
296500 	 0.7600923 
297000 	 0.6352155 
297500 	 0.6744443 
298000 	 0.6765662 
298500 	 0.7535979 
299000 	 0.5708194 
299500 	 0.7066863 
300000 	 0.6215358 
300500 	 0.7327013 
301000 	 0.6748676 
301500 	 0.7733321 
302000 	 0.7220428 
302500 	 0.6808705 
303000 	 0.5832432 
303500 	 0.7567169 
304000 	 0.730091 
304500 	 0.6464537 
305000 	 0.6395735 
305500 	 0.7341847 
306000 	 0.7066309 
306500 	 0.7318196 
307000 	 0.5989955 
307500 	 0.6255557 
308000 	 0.72009 
308500 	 0.655126 
309000 	 0.7576662 
309500 	 0.5965017 
310000 	 0.6944517 
310500 	 0.6427572 
311000 	 0.6135794 
311500 	 0.6908862 
312000 	 0.7528174 
312500 	 0.6598112 
313000 	 0.7039131 
313500 	 0.7053276 
314000 	 0.6739166 
314500 	 0.7294591 
315000 	 0.6512155 
315500 	 0.6741623 
316000 	 0.678243 
316500 	 0.5598743 
317000 	 0.767215 
317500 	 0.7423241 
318000 	 0.7106362 
318500 	 0.7056801 
319000 	 0.6761246 
319500 	 0.604151 
320000 	 0.6641092 
320500 	 0.697948 
321000 	 0.5841743 
321500 	 0.7293234 
322000 	 0.7500559 
322500 	 0.6415863 
323000 	 0.5290159 
323500 	 0.639424 
324000 	 0.6842449 
324500 	 0.6603448 
325000 	 0.6100491 
325500 	 0.6748082 
326000 	 0.6825072 
326500 	 0.5120046 
327000 	 0.5871307 
327500 	 0.6295823 
328000 	 0.6910431 
328500 	 0.6803473 
329000 	 0.7769793 
329500 	 0.6262221 
330000 	 0.7384155 
330500 	 0.6961531 
331000 	 0.6585761 
331500 	 0.6148363 
332000 	 0.6145436 
332500 	 0.6264999 
333000 	 0.6210658 
333500 	 0.5873054 
334000 	 0.7454593 
334500 	 0.6049212 
335000 	 0.6273493 
335500 	 0.6901774 
336000 	 0.7688846 
336500 	 0.7008871 
337000 	 0.631393 
337500 	 0.6160627 
338000 	 0.6571715 
338500 	 0.6466098 
339000 	 0.5688074 
339500 	 0.7357694 
340000 	 0.688835 
340500 	 0.6876342 
341000 	 0.6287043 
341500 	 0.6836981 
342000 	 0.636886 
342500 	 0.6657153 
343000 	 0.7109381 
343500 	 0.6296648 
344000 	 0.7096757 
344500 	 0.5296438 
345000 	 0.7375763 
345500 	 0.644991 
346000 	 0.5588045 
346500 	 0.6790582 
347000 	 0.6414498 
347500 	 0.6682151 
348000 	 0.6188851 
348500 	 0.5889789 
349000 	 0.6500398 
349500 	 0.6242652 
350000 	 0.6004184 
350500 	 0.6835797 
351000 	 0.7219987 
351500 	 0.6815264 
352000 	 0.7009936 
352500 	 0.6917859 
353000 	 0.734132 
353500 	 0.6135968 
354000 	 0.6032454 
354500 	 0.7795329 
355000 	 0.6575602 
355500 	 0.5824613 
356000 	 0.6116612 
356500 	 0.7098407 
357000 	 0.6662807 
357500 	 0.6326213 
358000 	 0.7093847 
358500 	 0.5789913 
359000 	 0.6293237 
359500 	 0.6815001 
360000 	 0.7416999 
360500 	 0.6808013 
361000 	 0.7270533 
361500 	 0.5710823 
362000 	 0.6484133 
362500 	 0.5944794 
363000 	 0.6527833 
363500 	 0.6637616 
364000 	 0.6326576 
364500 	 0.6154713 
365000 	 0.6491779 
365500 	 0.6755565 
366000 	 0.5079848 
366500 	 0.7130464 
367000 	 0.6675785 
367500 	 0.5867609 
368000 	 0.6337148 
368500 	 0.7076074 
369000 	 0.6577619 
369500 	 0.5783569 
370000 	 0.7403269 
370500 	 0.6498383 
371000 	 0.7698807 
371500 	 0.6570443 
372000 	 0.7616528 
372500 	 0.6736227 
373000 	 0.7636803 
373500 	 0.7255112 
374000 	 0.6314739 
374500 	 0.6622212 
375000 	 0.7012874 
375500 	 0.6772842 
376000 	 0.6044013 
376500 	 0.6851532 
377000 	 0.7625109 
377500 	 0.6221294 
378000 	 0.6373128 
378500 	 0.6674503 
379000 	 0.6611861 
379500 	 0.5641811 
380000 	 0.675278 
380500 	 0.7149335 
381000 	 0.7412167 
381500 	 0.7022992 
382000 	 0.7382427 
382500 	 0.6530212 
383000 	 0.6823833 
383500 	 0.6303568 
384000 	 0.7416713 
384500 	 0.6174194 
385000 	 0.7771459 
385500 	 0.663189 
386000 	 0.66577 
386500 	 0.671763 
387000 	 0.6482972 
387500 	 0.5411297 
388000 	 0.6668053 
388500 	 0.650911 
389000 	 0.716156 
389500 	 0.6046778 
390000 	 0.6526611 
390500 	 0.6714082 
391000 	 0.6381358 
391500 	 0.7217613 
392000 	 0.626243 
392500 	 0.6308058 
393000 	 0.8282833 
393500 	 0.7542286 
394000 	 0.721837 
394500 	 0.7113235 
395000 	 0.5640531 
395500 	 0.5983293 
396000 	 0.7014673 
396500 	 0.6705074 
397000 	 0.7600917 
397500 	 0.6223641 
398000 	 0.7149772 
398500 	 0.5926154 
399000 	 0.6108729 
399500 	 0.8078693 
400000 	 0.657331 
400500 	 0.6013258 
401000 	 0.709867 
401500 	 0.574113 
402000 	 0.6738669 
402500 	 0.6582564 
403000 	 0.6404341 
403500 	 0.6608507 
404000 	 0.653472 
404500 	 0.5893507 
405000 	 0.6129988 
405500 	 0.6661775 
406000 	 0.8195064 
406500 	 0.64304 
407000 	 0.6024687 
407500 	 0.6490524 
408000 	 0.6831192 
408500 	 0.6844799 
409000 	 0.6964377 
409500 	 0.7146796 
410000 	 0.6798147 
410500 	 0.7626933 
411000 	 0.7137934 
411500 	 0.6013487 
412000 	 0.6484739 
412500 	 0.6873585 
413000 	 0.666117 
413500 	 0.6199547 
414000 	 0.6904459 
414500 	 0.7021542 
415000 	 0.6974273 
415500 	 0.5922314 
416000 	 0.6538136 
416500 	 0.6470397 
417000 	 0.6976997 
417500 	 0.6297505 
418000 	 0.7007867 
418500 	 0.7306711 
419000 	 0.6720976 
419500 	 0.6613232 
420000 	 0.7489597 
420500 	 0.7184599 
421000 	 0.5621713 
421500 	 0.6855541 
422000 	 0.6024674 
422500 	 0.6041971 
423000 	 0.6308136 
423500 	 0.6886148 
424000 	 0.6945084 
424500 	 0.641523 
425000 	 0.6299772 
425500 	 0.6741851 
426000 	 0.6878429 
426500 	 0.6719644 
427000 	 0.6366681 
427500 	 0.6033047 
428000 	 0.7107547 
428500 	 0.7655599 
429000 	 0.7251673 
429500 	 0.6417499 
430000 	 0.6425761 
430500 	 0.6560422 
431000 	 0.6781717 
431500 	 0.6865255 
432000 	 0.7341374 
432500 	 0.6039326 
433000 	 0.7486854 
433500 	 0.5797411 
434000 	 0.5661502 
434500 	 0.5999831 
435000 	 0.6325779 
435500 	 0.6359643 
436000 	 0.6077307 
436500 	 0.6256779 
437000 	 0.6627113 
437500 	 0.5842904 
438000 	 0.6037499 
438500 	 0.624888 
439000 	 0.6702995 
439500 	 0.6477028 
440000 	 0.6585238 
440500 	 0.6095653 
441000 	 0.6708425 
441500 	 0.7277765 
442000 	 0.7034322 
442500 	 0.6866906 
443000 	 0.7012256 
443500 	 0.6133475 
444000 	 0.6560899 
444500 	 0.63741 
445000 	 0.5790662 
445500 	 0.6018296 
446000 	 0.5993855 
446500 	 0.6774301 
447000 	 0.7724149 
447500 	 0.6861844 
448000 	 0.6171036 
448500 	 0.6162915 
449000 	 0.705702 
449500 	 0.7245148 
450000 	 0.5691365 
450500 	 0.6242286 
451000 	 0.7726193 
451500 	 0.6507856 
452000 	 0.6071878 
452500 	 0.6508626 
453000 	 0.7301313 
453500 	 0.6649195 
454000 	 0.6515137 
454500 	 0.6805123 
455000 	 0.5583669 
455500 	 0.6847533 
456000 	 0.6124159 
456500 	 0.5898191 
457000 	 0.6347597 
457500 	 0.6860993 
458000 	 0.5842654 
458500 	 0.593507 
459000 	 0.7288287 
459500 	 0.6680438 
460000 	 0.6693315 
460500 	 0.6203863 
461000 	 0.6463076 
461500 	 0.7276761 
462000 	 0.6495229 
462500 	 0.7416787 
463000 	 0.6775836 
463500 	 0.6888916 
464000 	 0.7254411 
464500 	 0.6087471 
465000 	 0.8014855 
465500 	 0.6063538 
466000 	 0.5993158 
466500 	 0.6210088 
467000 	 0.746674 
467500 	 0.6677897 
468000 	 0.7133015 
468500 	 0.7037706 
469000 	 0.7219527 
469500 	 0.6971241 
470000 	 0.7704364 
470500 	 0.6532664 
471000 	 0.6647316 
471500 	 0.6621408 
472000 	 0.6206167 
472500 	 0.7053964 
473000 	 0.7396635 
473500 	 0.6729689 
474000 	 0.7343377 
474500 	 0.7470129 
475000 	 0.7241979 
475500 	 0.7353188 
476000 	 0.636174 
476500 	 0.662312 
477000 	 0.7435256 
477500 	 0.697808 
478000 	 0.5775961 
478500 	 0.6414777 
479000 	 0.6822837 
479500 	 0.6548632 
480000 	 0.734422 
480500 	 0.6479974 
481000 	 0.564817 
481500 	 0.6589768 
482000 	 0.7065484 
482500 	 0.6353773 
483000 	 0.6060914 
483500 	 0.6710281 
484000 	 0.7006679 
484500 	 0.5842139 
485000 	 0.5632817 
485500 	 0.6952619 
486000 	 0.7218112 
486500 	 0.656183 
487000 	 0.7060507 
487500 	 0.6824472 
488000 	 0.6516454 
488500 	 0.6317637 
489000 	 0.6836286 
489500 	 0.6526477 
490000 	 0.6762261 
490500 	 0.5424167 
491000 	 0.7758082 
491500 	 0.6572082 
492000 	 0.656835 
492500 	 0.598589 
493000 	 0.5958619 
493500 	 0.6750429 
494000 	 0.7196799 
494500 	 0.5779808 
495000 	 0.6344697 
495500 	 0.6048533 
496000 	 0.655847 
496500 	 0.7025158 
497000 	 0.7371291 
497500 	 0.6240874 
498000 	 0.6626718 
498500 	 0.7603713 
499000 	 0.7155345 
499500 	 0.5930128 
500000 	 0.5776704 
