iter 	 p
500 	 0.1892533 
1000 	 0.08966368 
1500 	 0.1633566 
2000 	 0.05082029 
2500 	 0.1027403 
3000 	 0.1763454 
3500 	 0.1066395 
4000 	 0.0371557 
4500 	 0.07410638 
5000 	 0.05102143 
5500 	 0.02936527 
6000 	 0.04043286 
6500 	 0.01243943 
7000 	 0.1269723 
7500 	 0.03817791 
8000 	 0.06297903 
8500 	 0.0957826 
9000 	 0.07079934 
9500 	 0.08977913 
10000 	 0.2299624 
10500 	 0.0929124 
11000 	 0.09900711 
11500 	 0.1111443 
12000 	 0.01604348 
12500 	 0.062312 
13000 	 0.07985749 
13500 	 0.09333145 
14000 	 0.1455033 
14500 	 0.08393392 
15000 	 0.07219235 
15500 	 0.1172115 
16000 	 0.1604206 
16500 	 0.106376 
17000 	 0.03630013 
17500 	 0.05998854 
18000 	 0.02495033 
18500 	 0.08137312 
19000 	 0.1349796 
19500 	 0.123537 
20000 	 0.0760722 
20500 	 0.08467485 
21000 	 0.07832318 
21500 	 0.06252266 
22000 	 0.1913129 
22500 	 0.09104517 
23000 	 0.1510149 
23500 	 0.3242688 
24000 	 0.04288722 
24500 	 0.01927935 
25000 	 0.1413373 
25500 	 0.1289792 
26000 	 0.102342 
26500 	 0.08351048 
27000 	 0.09755045 
27500 	 0.1321914 
28000 	 0.175225 
28500 	 0.08165532 
29000 	 0.08308767 
29500 	 0.1213 
30000 	 0.05660531 
30500 	 0.3045753 
31000 	 0.08402465 
31500 	 0.09987667 
32000 	 0.06525068 
32500 	 0.03832197 
33000 	 0.04741303 
33500 	 0.09757838 
34000 	 0.08733445 
34500 	 0.1676995 
35000 	 0.03690893 
35500 	 0.08661781 
36000 	 0.01531798 
36500 	 0.08367022 
37000 	 0.03354112 
37500 	 0.1970386 
38000 	 0.1379002 
38500 	 0.07517312 
39000 	 0.109457 
39500 	 0.09972337 
40000 	 0.04852655 
40500 	 0.1112581 
41000 	 0.09737846 
41500 	 0.1591442 
42000 	 0.04379182 
42500 	 0.13722 
43000 	 0.02302561 
43500 	 0.1150622 
44000 	 0.03035755 
44500 	 0.08566279 
45000 	 0.0908701 
45500 	 0.03066891 
46000 	 0.1505615 
46500 	 0.06806802 
47000 	 0.09439983 
47500 	 0.05713903 
48000 	 0.1078717 
48500 	 0.111986 
49000 	 0.09097864 
49500 	 0.05291195 
50000 	 0.07883572 
50500 	 0.04119909 
51000 	 0.2628157 
51500 	 0.04902328 
52000 	 0.09844704 
52500 	 0.03585611 
53000 	 0.03257512 
53500 	 0.05567795 
54000 	 0.1219142 
54500 	 0.07623232 
55000 	 0.06495522 
55500 	 0.05851769 
56000 	 0.1845763 
56500 	 0.102524 
57000 	 0.1112356 
57500 	 0.09953257 
58000 	 0.1046935 
58500 	 0.01826459 
59000 	 0.04683252 
59500 	 0.04642487 
60000 	 0.04130224 
60500 	 0.08559099 
61000 	 0.05266281 
61500 	 0.008468085 
62000 	 0.08499394 
62500 	 0.02061691 
63000 	 0.02977385 
63500 	 0.01144737 
64000 	 0.02172682 
64500 	 0.068157 
65000 	 0.0715851 
65500 	 0.06971144 
66000 	 0.05341242 
66500 	 0.06740682 
67000 	 0.07411989 
67500 	 0.1001804 
68000 	 0.1279012 
68500 	 0.05016685 
69000 	 0.2251635 
69500 	 0.06007873 
70000 	 0.04600272 
70500 	 0.07548952 
71000 	 0.03149312 
71500 	 0.001524346 
72000 	 0.03392279 
72500 	 0.1359297 
73000 	 0.009532868 
73500 	 0.07673829 
74000 	 0.08921749 
74500 	 0.2326297 
75000 	 0.1160942 
75500 	 0.1343033 
76000 	 0.1274635 
76500 	 0.06887105 
77000 	 0.06631416 
77500 	 0.03643954 
78000 	 0.05210381 
78500 	 0.120726 
79000 	 0.07258183 
79500 	 0.09413441 
80000 	 0.04830076 
80500 	 0.03523424 
81000 	 0.08211848 
81500 	 0.06306865 
82000 	 0.06009991 
82500 	 0.1292584 
83000 	 0.2302048 
83500 	 0.2024096 
84000 	 0.06963129 
84500 	 0.09956129 
85000 	 0.1457753 
85500 	 0.03058823 
86000 	 0.04277913 
86500 	 0.1068816 
87000 	 0.04994397 
87500 	 0.2002439 
88000 	 0.08115618 
88500 	 0.02430159 
89000 	 0.08746016 
89500 	 0.04692912 
90000 	 0.04804938 
90500 	 0.09511559 
91000 	 0.06422081 
91500 	 0.07074693 
92000 	 0.07000612 
92500 	 0.05655355 
93000 	 0.1884149 
93500 	 0.04962376 
94000 	 0.03477442 
94500 	 0.1458564 
95000 	 0.03449443 
95500 	 0.04330054 
96000 	 0.04008004 
96500 	 0.0483522 
97000 	 0.1270647 
97500 	 0.08075681 
98000 	 0.02231841 
98500 	 0.05844462 
99000 	 0.1341286 
99500 	 0.1024841 
100000 	 0.09687582 
100500 	 0.232144 
101000 	 0.1052553 
101500 	 0.04742022 
102000 	 0.0925678 
102500 	 0.0509123 
103000 	 0.0312955 
103500 	 0.2497326 
104000 	 0.2986133 
104500 	 0.170522 
105000 	 0.0885921 
105500 	 0.05284305 
106000 	 0.07335326 
106500 	 0.09014565 
107000 	 0.1450345 
107500 	 0.02091633 
108000 	 0.1294517 
108500 	 0.06818421 
109000 	 0.05319931 
109500 	 0.04597983 
110000 	 0.1449069 
110500 	 0.05453985 
111000 	 0.2396328 
111500 	 0.09162511 
112000 	 0.007604431 
112500 	 0.03581074 
113000 	 0.04365209 
113500 	 0.09851657 
114000 	 0.04169861 
114500 	 0.1110806 
115000 	 0.1229671 
115500 	 0.06913564 
116000 	 0.02940045 
116500 	 0.02707262 
117000 	 0.1139672 
117500 	 0.1253105 
118000 	 0.1559216 
118500 	 0.08504284 
119000 	 0.07442974 
119500 	 0.04514216 
120000 	 0.1346135 
120500 	 0.1592256 
121000 	 0.05062708 
121500 	 0.08195818 
122000 	 0.06132874 
122500 	 0.07230804 
123000 	 0.09163377 
123500 	 0.05608824 
124000 	 0.07593898 
124500 	 0.01626261 
125000 	 0.09496688 
125500 	 0.06648756 
126000 	 0.1603718 
126500 	 0.07485622 
127000 	 0.238493 
127500 	 0.05729097 
128000 	 0.09547708 
128500 	 0.07077889 
129000 	 0.02156289 
129500 	 0.1048449 
130000 	 0.02678762 
130500 	 0.1818242 
131000 	 0.07396946 
131500 	 0.1382878 
132000 	 0.01612384 
132500 	 0.1276396 
133000 	 0.08676731 
133500 	 0.2255203 
134000 	 0.08561531 
134500 	 0.03841267 
135000 	 0.05817208 
135500 	 0.1098653 
136000 	 0.08033296 
136500 	 0.1343631 
137000 	 0.07998208 
137500 	 0.01229501 
138000 	 0.1511913 
138500 	 0.0784412 
139000 	 0.06055472 
139500 	 0.05635383 
140000 	 0.06145679 
140500 	 0.0509939 
141000 	 0.06154645 
141500 	 0.09135032 
142000 	 0.0221184 
142500 	 0.004453911 
143000 	 0.01914405 
143500 	 0.06368154 
144000 	 0.08527805 
144500 	 0.1127095 
145000 	 0.050732 
145500 	 0.09523245 
146000 	 0.1120201 
146500 	 0.02272908 
147000 	 0.08981979 
147500 	 0.1468329 
148000 	 0.09018508 
148500 	 0.07154392 
149000 	 0.09896761 
149500 	 0.03276728 
150000 	 0.1081511 
150500 	 0.07019615 
151000 	 0.05188249 
151500 	 0.1279487 
152000 	 0.02687077 
152500 	 0.09296256 
153000 	 0.09497038 
153500 	 0.1411196 
154000 	 0.09652275 
154500 	 0.07487342 
155000 	 0.02419363 
155500 	 0.1117826 
156000 	 0.06915335 
156500 	 0.07607082 
157000 	 0.1745864 
157500 	 0.08712368 
158000 	 0.02728894 
158500 	 0.07202032 
159000 	 0.02161536 
159500 	 0.02108307 
160000 	 0.06883624 
160500 	 0.09334027 
161000 	 0.04939182 
161500 	 0.1188126 
162000 	 0.2241306 
162500 	 0.09481747 
163000 	 0.1349219 
163500 	 0.04563744 
164000 	 0.1418029 
164500 	 0.1331586 
165000 	 0.01802279 
165500 	 0.04702822 
166000 	 0.1644179 
166500 	 0.08065315 
167000 	 0.087464 
167500 	 0.05878579 
168000 	 0.1358883 
168500 	 0.05646024 
169000 	 0.07514988 
169500 	 0.03212705 
170000 	 0.03301491 
170500 	 0.04957654 
171000 	 0.1319277 
171500 	 0.05008807 
172000 	 0.120015 
172500 	 0.01876634 
173000 	 0.07155149 
173500 	 0.1173361 
174000 	 0.2233431 
174500 	 0.08575479 
175000 	 0.1234562 
175500 	 0.05172457 
176000 	 0.07677334 
176500 	 0.06890139 
177000 	 0.06132555 
177500 	 0.09284504 
178000 	 0.1294952 
178500 	 0.0810286 
179000 	 0.02921147 
179500 	 0.04909926 
180000 	 0.03102721 
180500 	 0.1273297 
181000 	 0.06758435 
181500 	 0.02528498 
182000 	 0.2078819 
182500 	 0.01675759 
183000 	 0.05072471 
183500 	 0.1666356 
184000 	 0.1032189 
184500 	 0.1723918 
185000 	 0.0675003 
185500 	 0.1384936 
186000 	 0.09557413 
186500 	 0.07974119 
187000 	 0.07058552 
187500 	 0.06180881 
188000 	 0.1366284 
188500 	 0.05479828 
189000 	 0.09782647 
189500 	 0.009664529 
190000 	 0.0857663 
190500 	 0.0479206 
191000 	 0.07855178 
191500 	 0.06584761 
192000 	 0.1029696 
192500 	 0.1162719 
193000 	 0.03623505 
193500 	 0.1353331 
194000 	 0.1024519 
194500 	 0.1099623 
195000 	 0.06393113 
195500 	 0.08746086 
196000 	 0.2817003 
196500 	 0.05539388 
197000 	 0.1056245 
197500 	 0.1571022 
198000 	 0.08125951 
198500 	 0.1811054 
199000 	 0.0765079 
199500 	 0.08951549 
200000 	 0.05687082 
200500 	 0.08566849 
201000 	 0.1095781 
201500 	 0.09558984 
202000 	 0.1679173 
202500 	 0.05239372 
203000 	 0.1742031 
203500 	 0.0441526 
204000 	 0.05330001 
204500 	 0.01353557 
205000 	 0.08008411 
205500 	 0.03335021 
206000 	 0.07197899 
206500 	 0.08816276 
207000 	 0.203724 
207500 	 0.06150365 
208000 	 0.07712898 
208500 	 0.08969288 
209000 	 0.08093667 
209500 	 0.05078498 
210000 	 0.1142793 
210500 	 0.1192668 
211000 	 0.03958697 
211500 	 0.01573316 
212000 	 0.08986968 
212500 	 0.03140676 
213000 	 0.04908706 
213500 	 0.1279552 
214000 	 0.1096835 
214500 	 0.1672997 
215000 	 0.08774429 
215500 	 0.07207989 
216000 	 0.05796111 
216500 	 0.1224086 
217000 	 0.08843992 
217500 	 0.06954264 
218000 	 0.07542792 
218500 	 0.05412692 
219000 	 0.08986773 
219500 	 0.114746 
220000 	 0.06946251 
220500 	 0.09036027 
221000 	 0.05562046 
221500 	 0.03671098 
222000 	 0.0378781 
222500 	 0.1074559 
223000 	 0.03787561 
223500 	 0.06391552 
224000 	 0.1605077 
224500 	 0.1030224 
225000 	 0.05646146 
225500 	 0.08413124 
226000 	 0.07952924 
226500 	 0.1517464 
227000 	 0.1057543 
227500 	 0.05616622 
228000 	 0.07610214 
228500 	 0.06741959 
229000 	 0.05672467 
229500 	 0.07221089 
230000 	 0.1453312 
230500 	 0.0935949 
231000 	 0.07443121 
231500 	 0.08654732 
232000 	 0.04787379 
232500 	 0.1056936 
233000 	 0.1224999 
233500 	 0.2170282 
234000 	 0.05160581 
234500 	 0.08210029 
235000 	 0.07267878 
235500 	 0.1163019 
236000 	 0.08859789 
236500 	 0.07373618 
237000 	 0.0304898 
237500 	 0.1298104 
238000 	 0.04489301 
238500 	 0.1159508 
239000 	 0.09672436 
239500 	 0.07066837 
240000 	 0.06587645 
240500 	 0.0009697806 
241000 	 0.05256489 
241500 	 0.1016045 
242000 	 0.1903035 
242500 	 0.02724061 
243000 	 0.04480187 
243500 	 0.1398726 
244000 	 0.07614785 
244500 	 0.09377306 
245000 	 0.02655686 
245500 	 0.157908 
246000 	 0.16006 
246500 	 0.1782336 
247000 	 0.1512221 
247500 	 0.03504902 
248000 	 0.06922629 
248500 	 0.09391559 
249000 	 0.07203301 
249500 	 0.1351456 
250000 	 0.04537002 
250500 	 0.04890322 
251000 	 0.0710204 
251500 	 0.1393132 
252000 	 0.1336929 
252500 	 0.0370784 
253000 	 0.1587554 
253500 	 0.05066966 
254000 	 0.1323916 
254500 	 0.07452559 
255000 	 0.04003382 
255500 	 0.06026057 
256000 	 0.0993912 
256500 	 0.2019434 
257000 	 0.176309 
257500 	 0.04256613 
258000 	 0.0697466 
258500 	 0.0645519 
259000 	 0.01224247 
259500 	 0.03650276 
260000 	 0.02490131 
260500 	 0.09038304 
261000 	 0.03620347 
261500 	 0.05867722 
262000 	 0.1642908 
262500 	 0.1610746 
263000 	 0.1200263 
263500 	 0.05483756 
264000 	 0.02290311 
264500 	 0.07646002 
265000 	 0.1256696 
265500 	 0.07517105 
266000 	 0.0419602 
266500 	 0.1235538 
267000 	 0.03580055 
267500 	 0.1057436 
268000 	 0.04721884 
268500 	 0.1308499 
269000 	 0.01976633 
269500 	 0.1037496 
270000 	 0.01216312 
270500 	 0.06687483 
271000 	 0.078736 
271500 	 0.1061371 
272000 	 0.1261827 
272500 	 0.05628214 
273000 	 0.1116621 
273500 	 0.08579964 
274000 	 0.03333056 
274500 	 0.07773442 
275000 	 0.2328342 
275500 	 0.1069803 
276000 	 0.09430091 
276500 	 0.1339839 
277000 	 0.01856736 
277500 	 0.03238912 
278000 	 0.05072934 
278500 	 0.1366045 
279000 	 0.1402828 
279500 	 0.1062754 
280000 	 0.09897002 
280500 	 0.05652367 
281000 	 0.1018514 
281500 	 0.1117171 
282000 	 0.06507576 
282500 	 0.09725544 
283000 	 0.07284875 
283500 	 0.1383652 
284000 	 0.1975789 
284500 	 0.08356115 
285000 	 0.1191339 
285500 	 0.1364607 
286000 	 0.1230132 
286500 	 0.118725 
287000 	 0.01750796 
287500 	 0.04796445 
288000 	 0.1007743 
288500 	 0.1266505 
289000 	 0.2079037 
289500 	 0.09817636 
290000 	 0.0138763 
290500 	 0.05652126 
291000 	 0.07802134 
291500 	 0.1059282 
292000 	 0.1963278 
292500 	 0.1153137 
293000 	 0.04835601 
293500 	 0.09631397 
294000 	 0.0999602 
294500 	 0.01751275 
295000 	 0.04107644 
295500 	 0.02499525 
296000 	 0.08309406 
296500 	 0.1797355 
297000 	 0.1754554 
297500 	 0.04799491 
298000 	 0.1557097 
298500 	 0.1211393 
299000 	 0.1580637 
299500 	 0.098379 
300000 	 0.03593606 
300500 	 0.03928218 
301000 	 0.04965383 
301500 	 0.1190112 
302000 	 0.09135921 
302500 	 0.1322859 
303000 	 0.1203066 
303500 	 0.02947692 
304000 	 0.07151315 
304500 	 0.1081483 
305000 	 0.1186768 
305500 	 0.1533965 
306000 	 0.06652822 
306500 	 0.1666538 
307000 	 0.01105702 
307500 	 0.05629005 
308000 	 0.08495804 
308500 	 0.05680467 
309000 	 0.06834106 
309500 	 0.01709234 
310000 	 0.148706 
310500 	 0.1412619 
311000 	 0.07976479 
311500 	 0.06163164 
312000 	 0.04165914 
312500 	 0.08491898 
313000 	 0.05767696 
313500 	 0.09219958 
314000 	 0.1072906 
314500 	 0.1519606 
315000 	 0.1050717 
315500 	 0.1122911 
316000 	 0.1207441 
316500 	 0.1271117 
317000 	 0.2070036 
317500 	 0.09634176 
318000 	 0.04627998 
318500 	 0.0244572 
319000 	 0.2227398 
319500 	 0.06179628 
320000 	 0.1490008 
320500 	 0.04235523 
321000 	 0.1985505 
321500 	 0.07377343 
322000 	 0.1260265 
322500 	 0.01695938 
323000 	 0.1212141 
323500 	 0.1214595 
324000 	 0.02777244 
324500 	 0.1346257 
325000 	 0.08911474 
325500 	 0.1271844 
326000 	 0.1236267 
326500 	 0.004921517 
327000 	 0.03900866 
327500 	 0.09728083 
328000 	 0.20761 
328500 	 0.05828287 
329000 	 0.156609 
329500 	 0.1210732 
330000 	 0.01999986 
330500 	 0.1062106 
331000 	 0.04551753 
331500 	 0.1164937 
332000 	 0.01423128 
332500 	 0.08101063 
333000 	 0.1506932 
333500 	 0.06435378 
334000 	 0.03156977 
334500 	 0.05165806 
335000 	 0.109937 
335500 	 0.2567311 
336000 	 0.1240621 
336500 	 0.01569231 
337000 	 0.09451491 
337500 	 0.04012741 
338000 	 0.1569288 
338500 	 0.1604064 
339000 	 0.140198 
339500 	 0.07082976 
340000 	 0.07791777 
340500 	 0.08140736 
341000 	 0.1241763 
341500 	 0.1634342 
342000 	 0.08890284 
342500 	 0.08785553 
343000 	 0.1640936 
343500 	 0.05711831 
344000 	 0.07976666 
344500 	 0.2498628 
345000 	 0.2559239 
345500 	 0.1128578 
346000 	 0.06282538 
346500 	 0.04465591 
347000 	 0.0264221 
347500 	 0.07801225 
348000 	 0.06360137 
348500 	 0.09070549 
349000 	 0.0353356 
349500 	 0.04867019 
350000 	 0.119598 
350500 	 0.0226645 
351000 	 0.04143848 
351500 	 0.07184461 
352000 	 0.09490925 
352500 	 0.01402819 
353000 	 0.03677994 
353500 	 0.09015749 
354000 	 0.08250796 
354500 	 0.05557375 
355000 	 0.1194654 
355500 	 0.04647964 
356000 	 0.07547991 
356500 	 0.0739325 
357000 	 0.1037269 
357500 	 0.06697068 
358000 	 0.05698561 
358500 	 0.06756239 
359000 	 0.08164829 
359500 	 0.04733506 
360000 	 0.1068918 
360500 	 0.05781643 
361000 	 0.003089752 
361500 	 0.06354925 
362000 	 0.17457 
362500 	 0.08535071 
363000 	 0.07862639 
363500 	 0.04827676 
364000 	 0.03753064 
364500 	 0.09078583 
365000 	 0.1458999 
365500 	 0.04459128 
366000 	 0.07109757 
366500 	 0.1282824 
367000 	 0.2128893 
367500 	 0.05322192 
368000 	 0.1510095 
368500 	 0.1087898 
369000 	 0.04514302 
369500 	 0.04278909 
370000 	 0.1911859 
370500 	 0.06966286 
371000 	 0.01487873 
371500 	 0.0371227 
372000 	 0.06808581 
372500 	 0.1296014 
373000 	 0.02531417 
373500 	 0.09597816 
374000 	 0.1727652 
374500 	 0.02766391 
375000 	 0.113323 
375500 	 0.1321534 
376000 	 0.1036479 
376500 	 0.08888387 
377000 	 0.03550274 
377500 	 0.1076291 
378000 	 0.01296447 
378500 	 0.08415522 
379000 	 0.02497959 
379500 	 0.07788921 
380000 	 0.02642032 
380500 	 0.0868531 
381000 	 0.13642 
381500 	 0.05799333 
382000 	 0.03568911 
382500 	 0.06342259 
383000 	 0.09291163 
383500 	 0.09948311 
384000 	 0.08420584 
384500 	 0.0846908 
385000 	 0.02579577 
385500 	 0.1020128 
386000 	 0.03661538 
386500 	 0.1502154 
387000 	 0.07307949 
387500 	 0.08112656 
388000 	 0.02812535 
388500 	 0.02885784 
389000 	 0.1380128 
389500 	 0.1518741 
390000 	 0.1100682 
390500 	 0.1302377 
391000 	 0.1247098 
391500 	 0.07454474 
392000 	 0.07953501 
392500 	 0.2194921 
393000 	 0.1256582 
393500 	 0.1299482 
394000 	 0.09626258 
394500 	 0.07873044 
395000 	 0.03244073 
395500 	 0.05024809 
396000 	 0.01248178 
396500 	 0.06351374 
397000 	 0.04664634 
397500 	 0.05484979 
398000 	 0.1116458 
398500 	 0.07554215 
399000 	 0.1413763 
399500 	 0.04577581 
400000 	 0.03474892 
400500 	 0.01704 
401000 	 0.1211471 
401500 	 0.0975469 
402000 	 0.05203937 
402500 	 0.1239337 
403000 	 0.1992359 
403500 	 0.07082336 
404000 	 0.05805475 
404500 	 0.03649187 
405000 	 0.05128435 
405500 	 0.0251759 
406000 	 0.03948736 
406500 	 0.1640531 
407000 	 0.1553605 
407500 	 0.09616257 
408000 	 0.09475658 
408500 	 0.04765194 
409000 	 0.1641776 
409500 	 0.1396684 
410000 	 0.1225664 
410500 	 0.0712569 
411000 	 0.1751732 
411500 	 0.2777062 
412000 	 0.02221583 
412500 	 0.09807372 
413000 	 0.1090795 
413500 	 0.03709523 
414000 	 0.05170872 
414500 	 0.04387221 
415000 	 0.1022226 
415500 	 0.1062166 
416000 	 0.01239821 
416500 	 0.0958389 
417000 	 0.2608571 
417500 	 0.1215116 
418000 	 0.1017587 
418500 	 0.04541954 
419000 	 0.1023428 
419500 	 0.01753854 
420000 	 0.1415262 
420500 	 0.1349793 
421000 	 0.0800283 
421500 	 0.06318994 
422000 	 0.1375897 
422500 	 0.02454444 
423000 	 0.02962115 
423500 	 0.1545689 
424000 	 0.01336076 
424500 	 0.1141996 
425000 	 0.1124881 
425500 	 0.0479084 
426000 	 0.1012306 
426500 	 0.01934733 
427000 	 0.06894734 
427500 	 0.02414723 
428000 	 0.07391083 
428500 	 0.1706647 
429000 	 0.1765014 
429500 	 0.1394985 
430000 	 0.07019236 
430500 	 0.0618911 
431000 	 0.08641718 
431500 	 0.04424787 
432000 	 0.03148623 
432500 	 0.04751707 
433000 	 0.05384598 
433500 	 0.147373 
434000 	 0.07274442 
434500 	 0.04445139 
435000 	 0.03860122 
435500 	 0.1305111 
436000 	 0.05121077 
436500 	 0.0839741 
437000 	 0.1857061 
437500 	 0.08989235 
438000 	 0.0548069 
438500 	 0.03732767 
439000 	 0.06340874 
439500 	 0.1017286 
440000 	 0.08365953 
440500 	 0.03378176 
441000 	 0.08122229 
441500 	 0.1320305 
442000 	 0.07021306 
442500 	 0.07219369 
443000 	 0.1065686 
443500 	 0.02888365 
444000 	 0.1886176 
444500 	 0.09268093 
445000 	 0.1030627 
445500 	 0.07152288 
446000 	 0.07837949 
446500 	 0.1839199 
447000 	 0.1596507 
447500 	 0.01234656 
448000 	 0.09875433 
448500 	 0.04366428 
449000 	 0.04427857 
449500 	 0.05518349 
450000 	 0.02431366 
450500 	 0.05254855 
451000 	 0.06726414 
451500 	 0.07965907 
452000 	 0.1229879 
452500 	 0.09568737 
453000 	 0.08350079 
453500 	 0.03295295 
454000 	 0.03955859 
454500 	 0.05051501 
455000 	 0.05566289 
455500 	 0.1517375 
456000 	 0.1500227 
456500 	 0.08342522 
457000 	 0.07291962 
457500 	 0.08573322 
458000 	 0.07009887 
458500 	 0.0696894 
459000 	 0.02163315 
459500 	 0.1275182 
460000 	 0.05897528 
460500 	 0.04739439 
461000 	 0.05118773 
461500 	 0.07901454 
462000 	 0.1019353 
462500 	 0.2759663 
463000 	 0.02476083 
463500 	 0.07417444 
464000 	 0.1337687 
464500 	 0.08127536 
465000 	 0.05989433 
465500 	 0.07105218 
466000 	 0.05073983 
466500 	 0.2018211 
467000 	 0.07693999 
467500 	 0.08323076 
468000 	 0.0754531 
468500 	 0.01725354 
469000 	 0.01588768 
469500 	 0.06751631 
470000 	 0.09358643 
470500 	 0.03733293 
471000 	 0.08621242 
471500 	 0.08674363 
472000 	 0.07932521 
472500 	 0.03324112 
473000 	 0.04969236 
473500 	 0.1670551 
474000 	 0.1185431 
474500 	 0.0473742 
475000 	 0.1274576 
475500 	 0.08344978 
476000 	 0.05472399 
476500 	 0.0891884 
477000 	 0.1218681 
477500 	 0.08331829 
478000 	 0.04733253 
478500 	 0.06597811 
479000 	 0.006363115 
479500 	 0.03651177 
480000 	 0.06148524 
480500 	 0.05790712 
481000 	 0.05418204 
481500 	 0.05683265 
482000 	 0.1493749 
482500 	 0.07743421 
483000 	 0.03769098 
483500 	 0.04477029 
484000 	 0.04159693 
484500 	 0.02335759 
485000 	 0.1444064 
485500 	 0.05611002 
486000 	 0.2393365 
486500 	 0.1719312 
487000 	 0.09596429 
487500 	 0.06761315 
488000 	 0.1301799 
488500 	 0.1430075 
489000 	 0.06194399 
489500 	 0.05974656 
490000 	 0.05843904 
490500 	 0.08734197 
491000 	 0.1994727 
491500 	 0.05233112 
492000 	 0.1065924 
492500 	 0.1419156 
493000 	 0.167112 
493500 	 0.01459117 
494000 	 0.0999643 
494500 	 0.006026205 
495000 	 0.1532194 
495500 	 0.03911576 
496000 	 0.08086099 
496500 	 0.03523838 
497000 	 0.02813982 
497500 	 0.09998008 
498000 	 0.1659123 
498500 	 0.2786711 
499000 	 0.1359974 
499500 	 0.1100437 
500000 	 0.0978696 
