iter 	 p
500 	 0.1693806 
1000 	 0.1487587 
1500 	 0.1145439 
2000 	 0.1241375 
2500 	 0.08466221 
3000 	 0.1202499 
3500 	 0.05116247 
4000 	 0.1769315 
4500 	 0.06829324 
5000 	 0.1120789 
5500 	 0.2254389 
6000 	 0.1403682 
6500 	 0.1354123 
7000 	 0.04834604 
7500 	 0.1904804 
8000 	 0.08417189 
8500 	 0.1702168 
9000 	 0.1281063 
9500 	 0.1071737 
10000 	 0.2450053 
10500 	 0.1973849 
11000 	 0.21018 
11500 	 0.03659422 
12000 	 0.24459 
12500 	 0.1626342 
13000 	 0.1332344 
13500 	 0.1852199 
14000 	 0.1406064 
14500 	 0.1984084 
15000 	 0.1017773 
15500 	 0.1102189 
16000 	 0.07599367 
16500 	 0.1316844 
17000 	 0.181313 
17500 	 0.1060038 
18000 	 0.09491651 
18500 	 0.1525167 
19000 	 0.07694452 
19500 	 0.05669477 
20000 	 0.07720918 
20500 	 0.1291644 
21000 	 0.1168014 
21500 	 0.1027966 
22000 	 0.2052936 
22500 	 0.156672 
23000 	 0.1355303 
23500 	 0.1488632 
24000 	 0.1655951 
24500 	 0.135531 
25000 	 0.03079895 
25500 	 0.1302804 
26000 	 0.1131831 
26500 	 0.102904 
27000 	 0.1070204 
27500 	 0.06441074 
28000 	 0.1102208 
28500 	 0.07780035 
29000 	 0.08856526 
29500 	 0.1810687 
30000 	 0.1277749 
30500 	 0.168878 
31000 	 0.1337721 
31500 	 0.08611569 
32000 	 0.04612776 
32500 	 0.09314345 
33000 	 0.182086 
33500 	 0.178323 
34000 	 0.059671 
34500 	 0.1826049 
35000 	 0.1207557 
35500 	 0.1173288 
36000 	 0.2148788 
36500 	 0.1582003 
37000 	 0.03687507 
37500 	 0.1635501 
38000 	 0.09792401 
38500 	 0.1367405 
39000 	 0.1844723 
39500 	 0.1206892 
40000 	 0.1825621 
40500 	 0.2271378 
41000 	 0.08295191 
41500 	 0.07822487 
42000 	 0.2234809 
42500 	 0.1135472 
43000 	 0.1629358 
43500 	 0.04770187 
44000 	 0.08088465 
44500 	 0.08843264 
45000 	 0.05115966 
45500 	 0.2854464 
46000 	 0.1389297 
46500 	 0.03363892 
47000 	 0.1599288 
47500 	 0.1661016 
48000 	 0.08626759 
48500 	 0.20403 
49000 	 0.1545 
49500 	 0.0323698 
50000 	 0.09529418 
50500 	 0.2640611 
51000 	 0.1046919 
51500 	 0.06591156 
52000 	 0.04522918 
52500 	 0.07259356 
53000 	 0.1097718 
53500 	 0.2497691 
54000 	 0.08822356 
54500 	 0.2281353 
55000 	 0.2089128 
55500 	 0.1743108 
56000 	 0.04644746 
56500 	 0.07982595 
57000 	 0.1361151 
57500 	 0.106783 
58000 	 0.0862804 
58500 	 0.2116548 
59000 	 0.2159286 
59500 	 0.1622615 
60000 	 0.04067879 
60500 	 0.05002734 
61000 	 0.1143868 
61500 	 0.3217525 
62000 	 0.1246359 
62500 	 0.1252312 
63000 	 0.1586241 
63500 	 0.1433447 
64000 	 0.1867542 
64500 	 0.12109 
65000 	 0.2475928 
65500 	 0.070879 
66000 	 0.17449 
66500 	 0.1212428 
67000 	 0.07103083 
67500 	 0.1576226 
68000 	 0.1305082 
68500 	 0.22723 
69000 	 0.1421076 
69500 	 0.2265685 
70000 	 0.1126391 
70500 	 0.09763529 
71000 	 0.1311595 
71500 	 0.1366984 
72000 	 0.05257421 
72500 	 0.1204894 
73000 	 0.1202964 
73500 	 0.1499957 
74000 	 0.1271479 
74500 	 0.07319696 
75000 	 0.1689694 
75500 	 0.1680045 
76000 	 0.1169811 
76500 	 0.1959643 
77000 	 0.06727733 
77500 	 0.06511491 
78000 	 0.1068273 
78500 	 0.1045835 
79000 	 0.1596761 
79500 	 0.1359757 
80000 	 0.1518252 
80500 	 0.1236585 
81000 	 0.1539091 
81500 	 0.1375174 
82000 	 0.2708618 
82500 	 0.1069057 
83000 	 0.09271606 
83500 	 0.09447139 
84000 	 0.1173774 
84500 	 0.1960046 
85000 	 0.1334635 
85500 	 0.1861251 
86000 	 0.06674957 
86500 	 0.04803178 
87000 	 0.1205361 
87500 	 0.08312725 
88000 	 0.1680483 
88500 	 0.2278394 
89000 	 0.08578476 
89500 	 0.145959 
90000 	 0.1710035 
90500 	 0.1134493 
91000 	 0.1656526 
91500 	 0.06790129 
92000 	 0.1457308 
92500 	 0.09053391 
93000 	 0.218891 
93500 	 0.2803404 
94000 	 0.1428076 
94500 	 0.08992179 
95000 	 0.194385 
95500 	 0.1632419 
96000 	 0.1081826 
96500 	 0.1093379 
97000 	 0.144248 
97500 	 0.4530753 
98000 	 0.06892423 
98500 	 0.1293529 
99000 	 0.1811417 
99500 	 0.1136697 
100000 	 0.3719343 
100500 	 0.1641577 
101000 	 0.1365354 
101500 	 0.1454459 
102000 	 0.171218 
102500 	 0.07804605 
103000 	 0.04365254 
103500 	 0.06060637 
104000 	 0.04626708 
104500 	 0.1339302 
105000 	 0.1836593 
105500 	 0.1619318 
106000 	 0.1144997 
106500 	 0.06585969 
107000 	 0.1816471 
107500 	 0.07478848 
108000 	 0.1193779 
108500 	 0.07673581 
109000 	 0.1480958 
109500 	 0.1672769 
110000 	 0.08757322 
110500 	 0.07306957 
111000 	 0.1409723 
111500 	 0.1173668 
112000 	 0.1470176 
112500 	 0.08631179 
113000 	 0.1072671 
113500 	 0.1530374 
114000 	 0.1941244 
114500 	 0.224813 
115000 	 0.08616703 
115500 	 0.1592417 
116000 	 0.1057951 
116500 	 0.1464654 
117000 	 0.1382817 
117500 	 0.1223054 
118000 	 0.04724133 
118500 	 0.07872259 
119000 	 0.2047317 
119500 	 0.1152305 
120000 	 0.1668685 
120500 	 0.1034033 
121000 	 0.1110354 
121500 	 0.0547684 
122000 	 0.1009383 
122500 	 0.09263926 
123000 	 0.1024773 
123500 	 0.1604368 
124000 	 0.1046768 
124500 	 0.1093635 
125000 	 0.07923669 
125500 	 0.1073994 
126000 	 0.1194702 
126500 	 0.1153848 
127000 	 0.08151631 
127500 	 0.1352485 
128000 	 0.1375363 
128500 	 0.1600212 
129000 	 0.07240603 
129500 	 0.1511377 
130000 	 0.1500862 
130500 	 0.1371514 
131000 	 0.11357 
131500 	 0.03474826 
132000 	 0.1059343 
132500 	 0.1336228 
133000 	 0.03974481 
133500 	 0.2492962 
134000 	 0.1032708 
134500 	 0.1125644 
135000 	 0.1311019 
135500 	 0.05400414 
136000 	 0.06073293 
136500 	 0.08551048 
137000 	 0.07673784 
137500 	 0.07132147 
138000 	 0.07865188 
138500 	 0.231458 
139000 	 0.2708869 
139500 	 0.04551634 
140000 	 0.1451935 
140500 	 0.228415 
141000 	 0.09233335 
141500 	 0.03085106 
142000 	 0.1791796 
142500 	 0.1304891 
143000 	 0.04861326 
143500 	 0.1373262 
144000 	 0.1118312 
144500 	 0.2267058 
145000 	 0.1563336 
145500 	 0.05198652 
146000 	 0.05584285 
146500 	 0.073795 
147000 	 0.1682315 
147500 	 0.2578914 
148000 	 0.09586575 
148500 	 0.06475925 
149000 	 0.08804726 
149500 	 0.09710661 
150000 	 0.142774 
150500 	 0.09173436 
151000 	 0.2150506 
151500 	 0.1851719 
152000 	 0.1073599 
152500 	 0.1719214 
153000 	 0.1091299 
153500 	 0.1379632 
154000 	 0.1212108 
154500 	 0.0980522 
155000 	 0.0681676 
155500 	 0.1785116 
156000 	 0.1562715 
156500 	 0.05802186 
157000 	 0.1136971 
157500 	 0.02045775 
158000 	 0.1557325 
158500 	 0.03413105 
159000 	 0.06598321 
159500 	 0.1241301 
160000 	 0.06717151 
160500 	 0.1995293 
161000 	 0.153299 
161500 	 0.1213601 
162000 	 0.1503735 
162500 	 0.04045859 
163000 	 0.2161756 
163500 	 0.1202108 
164000 	 0.01912732 
164500 	 0.1042062 
165000 	 0.2290063 
165500 	 0.1452359 
166000 	 0.1404284 
166500 	 0.1436499 
167000 	 0.2672103 
167500 	 0.2707676 
168000 	 0.04219278 
168500 	 0.221087 
169000 	 0.1343038 
169500 	 0.1438484 
170000 	 0.122616 
170500 	 0.1511421 
171000 	 0.1026849 
171500 	 0.155859 
172000 	 0.1643789 
172500 	 0.1313893 
173000 	 0.1317977 
173500 	 0.08858986 
174000 	 0.1925645 
174500 	 0.07689084 
175000 	 0.1341203 
175500 	 0.2200792 
176000 	 0.1124994 
176500 	 0.1578776 
177000 	 0.1829811 
177500 	 0.08978575 
178000 	 0.1313266 
178500 	 0.149357 
179000 	 0.1587548 
179500 	 0.158866 
180000 	 0.1808036 
180500 	 0.2478762 
181000 	 0.1851427 
181500 	 0.1117287 
182000 	 0.1829563 
182500 	 0.07283581 
183000 	 0.1340856 
183500 	 0.1526885 
184000 	 0.1357659 
184500 	 0.2064124 
185000 	 0.08045698 
185500 	 0.131525 
186000 	 0.207102 
186500 	 0.1631566 
187000 	 0.006333786 
187500 	 0.1083458 
188000 	 0.0989618 
188500 	 0.03298982 
189000 	 0.1309696 
189500 	 0.2612628 
190000 	 0.1723974 
190500 	 0.05509748 
191000 	 0.1047694 
191500 	 0.2332184 
192000 	 0.2221986 
192500 	 0.1062677 
193000 	 0.2193102 
193500 	 0.1229831 
194000 	 0.1930751 
194500 	 0.1510257 
195000 	 0.1680937 
195500 	 0.2047047 
196000 	 0.257905 
196500 	 0.09734624 
197000 	 0.1349796 
197500 	 0.06063664 
198000 	 0.05489511 
198500 	 0.1181127 
199000 	 0.2326094 
199500 	 0.09528701 
200000 	 0.0762762 
200500 	 0.1454921 
201000 	 0.1385515 
201500 	 0.09267556 
202000 	 0.08431253 
202500 	 0.08426964 
203000 	 0.2151346 
203500 	 0.1119222 
204000 	 0.06581414 
204500 	 0.1129671 
205000 	 0.08806725 
205500 	 0.1778162 
206000 	 0.1199914 
206500 	 0.09464291 
207000 	 0.1157985 
207500 	 0.1783734 
208000 	 0.08605382 
208500 	 0.0454968 
209000 	 0.2214697 
209500 	 0.1978864 
210000 	 0.1917627 
210500 	 0.1006806 
211000 	 0.1003843 
211500 	 0.2369527 
212000 	 0.1002563 
212500 	 0.1997016 
213000 	 0.1445376 
213500 	 0.1450451 
214000 	 0.06639547 
214500 	 0.2618761 
215000 	 0.1531457 
215500 	 0.1140786 
216000 	 0.1302134 
216500 	 0.2471969 
217000 	 0.04788097 
217500 	 0.151571 
218000 	 0.08258383 
218500 	 0.08179457 
219000 	 0.09689757 
219500 	 0.1680545 
220000 	 0.05519384 
220500 	 0.0685012 
221000 	 0.1261262 
221500 	 0.1119504 
222000 	 0.1737643 
222500 	 0.09169365 
223000 	 0.06090784 
223500 	 0.124149 
224000 	 0.3013153 
224500 	 0.1050072 
225000 	 0.1000927 
225500 	 0.1270548 
226000 	 0.201347 
226500 	 0.1736789 
227000 	 0.0828385 
227500 	 0.1381101 
228000 	 0.2599955 
228500 	 0.1676665 
229000 	 0.1821797 
229500 	 0.2420959 
230000 	 0.1983784 
230500 	 0.09920348 
231000 	 0.1186096 
231500 	 0.1084635 
232000 	 0.108238 
232500 	 0.1489266 
233000 	 0.1453894 
233500 	 0.07455696 
234000 	 0.2588012 
234500 	 0.08934373 
235000 	 0.1413864 
235500 	 0.1257915 
236000 	 0.1958919 
236500 	 0.2137116 
237000 	 0.1559974 
237500 	 0.1025966 
238000 	 0.04553135 
238500 	 0.1133785 
239000 	 0.1985923 
239500 	 0.1942324 
240000 	 0.193469 
240500 	 0.06927641 
241000 	 0.1796259 
241500 	 0.122655 
242000 	 0.1358312 
242500 	 0.06762793 
243000 	 0.1432696 
243500 	 0.04229887 
244000 	 0.142387 
244500 	 0.1299657 
245000 	 0.06721305 
245500 	 0.1613404 
246000 	 0.2074409 
246500 	 0.1274862 
247000 	 0.1134761 
247500 	 0.1199535 
248000 	 0.128541 
248500 	 0.07835323 
249000 	 0.1977632 
249500 	 0.1678773 
250000 	 0.1229519 
250500 	 0.06656793 
251000 	 0.2290153 
251500 	 0.09054081 
252000 	 0.1709637 
252500 	 0.1632259 
253000 	 0.1265262 
253500 	 0.2333566 
254000 	 0.1547074 
254500 	 0.1593946 
255000 	 0.1364215 
255500 	 0.2595944 
256000 	 0.2840809 
256500 	 0.1273378 
257000 	 0.09001905 
257500 	 0.1095779 
258000 	 0.2001896 
258500 	 0.0975527 
259000 	 0.1643855 
259500 	 0.1406806 
260000 	 0.07215401 
260500 	 0.1745636 
261000 	 0.05930185 
261500 	 0.151796 
262000 	 0.2200509 
262500 	 0.1524098 
263000 	 0.1322878 
263500 	 0.1566081 
264000 	 0.1415313 
264500 	 0.2205115 
265000 	 0.1599947 
265500 	 0.1782095 
266000 	 0.163371 
266500 	 0.169281 
267000 	 0.08178278 
267500 	 0.0810256 
268000 	 0.09919624 
268500 	 0.153445 
269000 	 0.247899 
269500 	 0.09085789 
270000 	 0.1046926 
270500 	 0.1447102 
271000 	 0.1886141 
271500 	 0.07002329 
272000 	 0.1380111 
272500 	 0.0690486 
273000 	 0.09866218 
273500 	 0.2203951 
274000 	 0.1322124 
274500 	 0.1283942 
275000 	 0.1758971 
275500 	 0.09406346 
276000 	 0.1521453 
276500 	 0.1731654 
277000 	 0.08993713 
277500 	 0.169221 
278000 	 0.15764 
278500 	 0.1217802 
279000 	 0.2075976 
279500 	 0.05784285 
280000 	 0.1204306 
280500 	 0.1046273 
281000 	 0.1793862 
281500 	 0.1745766 
282000 	 0.1515274 
282500 	 0.08135991 
283000 	 0.06772371 
283500 	 0.1379692 
284000 	 0.1229644 
284500 	 0.03660871 
285000 	 0.08202911 
285500 	 0.1839507 
286000 	 0.1958517 
286500 	 0.1078098 
287000 	 0.1477921 
287500 	 0.1468659 
288000 	 0.1544714 
288500 	 0.2843185 
289000 	 0.1253416 
289500 	 0.08911383 
290000 	 0.1425106 
290500 	 0.0922314 
291000 	 0.142294 
291500 	 0.09864663 
292000 	 0.07561048 
292500 	 0.1141644 
293000 	 0.1264847 
293500 	 0.1436385 
294000 	 0.08306788 
294500 	 0.07791905 
295000 	 0.08304834 
295500 	 0.1803381 
296000 	 0.1308331 
296500 	 0.3219721 
297000 	 0.1441225 
297500 	 0.1314542 
298000 	 0.1318862 
298500 	 0.2909813 
299000 	 0.09250129 
299500 	 0.07144731 
300000 	 0.1693486 
300500 	 0.0689419 
301000 	 0.1977118 
301500 	 0.1893613 
302000 	 0.1388459 
302500 	 0.1979077 
303000 	 0.1137522 
303500 	 0.08891635 
304000 	 0.04854369 
304500 	 0.06679249 
305000 	 0.1100934 
305500 	 0.09918826 
306000 	 0.1462114 
306500 	 0.08788226 
307000 	 0.07319453 
307500 	 0.115208 
308000 	 0.08684687 
308500 	 0.09952069 
309000 	 0.09718526 
309500 	 0.1056908 
310000 	 0.1360804 
310500 	 0.1211471 
311000 	 0.1815206 
311500 	 0.08406908 
312000 	 0.172085 
312500 	 0.2217636 
313000 	 0.1866649 
313500 	 0.1054404 
314000 	 0.2098616 
314500 	 0.1535924 
315000 	 0.09701826 
315500 	 0.1320083 
316000 	 0.1578606 
316500 	 0.2041208 
317000 	 0.2105302 
317500 	 0.1478375 
318000 	 0.2624936 
318500 	 0.2243076 
319000 	 0.1133643 
319500 	 0.0941942 
320000 	 0.1035821 
320500 	 0.1208282 
321000 	 0.1951162 
321500 	 0.07981537 
322000 	 0.2063591 
322500 	 0.1100497 
323000 	 0.07023245 
323500 	 0.1224366 
324000 	 0.07809061 
324500 	 0.1898518 
325000 	 0.09899232 
325500 	 0.1017807 
326000 	 0.191722 
326500 	 0.1491231 
327000 	 0.1505289 
327500 	 0.1520483 
328000 	 0.1241518 
328500 	 0.1500962 
329000 	 0.109779 
329500 	 0.1307242 
330000 	 0.0988872 
330500 	 0.2241185 
331000 	 0.1419148 
331500 	 0.1062404 
332000 	 0.1754981 
332500 	 0.2309898 
333000 	 0.1823066 
333500 	 0.08353304 
334000 	 0.1584296 
334500 	 0.2485163 
335000 	 0.1755333 
335500 	 0.1461294 
336000 	 0.2429352 
336500 	 0.07847094 
337000 	 0.07104516 
337500 	 0.1560897 
338000 	 0.1431048 
338500 	 0.1179272 
339000 	 0.2268808 
339500 	 0.1807903 
340000 	 0.1637134 
340500 	 0.1899283 
341000 	 0.3297378 
341500 	 0.03716645 
342000 	 0.2371644 
342500 	 0.1015206 
343000 	 0.1926344 
343500 	 0.1165227 
344000 	 0.0610148 
344500 	 0.1191987 
345000 	 0.1631915 
345500 	 0.1272112 
346000 	 0.2385714 
346500 	 0.1308876 
347000 	 0.1722512 
347500 	 0.1240506 
348000 	 0.1059277 
348500 	 0.199313 
349000 	 0.2322464 
349500 	 0.06522536 
350000 	 0.06924849 
350500 	 0.09553377 
351000 	 0.07615489 
351500 	 0.1754013 
352000 	 0.1779567 
352500 	 0.08016702 
353000 	 0.05983295 
353500 	 0.134207 
354000 	 0.1825501 
354500 	 0.1561233 
355000 	 0.152034 
355500 	 0.1490822 
356000 	 0.07074666 
356500 	 0.1520368 
357000 	 0.1482529 
357500 	 0.1535541 
358000 	 0.1348567 
358500 	 0.09919241 
359000 	 0.1163851 
359500 	 0.1608539 
360000 	 0.09437713 
360500 	 0.1302575 
361000 	 0.2134433 
361500 	 0.06694507 
362000 	 0.07896139 
362500 	 0.1846777 
363000 	 0.1891556 
363500 	 0.181661 
364000 	 0.2277581 
364500 	 0.278285 
365000 	 0.2081854 
365500 	 0.2075543 
366000 	 0.1032453 
366500 	 0.08748238 
367000 	 0.07889881 
367500 	 0.1455291 
368000 	 0.1026372 
368500 	 0.1218017 
369000 	 0.1329775 
369500 	 0.112222 
370000 	 0.2048156 
370500 	 0.1123249 
371000 	 0.1009282 
371500 	 0.09861337 
372000 	 0.1889763 
372500 	 0.2424505 
373000 	 0.09274031 
373500 	 0.2197001 
374000 	 0.0457516 
374500 	 0.1634991 
375000 	 0.1777335 
375500 	 0.09080573 
376000 	 0.1351182 
376500 	 0.08942795 
377000 	 0.07812828 
377500 	 0.1822621 
378000 	 0.1824189 
378500 	 0.1192729 
379000 	 0.1916685 
379500 	 0.08596963 
380000 	 0.2318371 
380500 	 0.1589723 
381000 	 0.2062334 
381500 	 0.1383522 
382000 	 0.2409418 
382500 	 0.2202155 
383000 	 0.1446908 
383500 	 0.1719971 
384000 	 0.05779384 
384500 	 0.08315904 
385000 	 0.1524823 
385500 	 0.05269742 
386000 	 0.06687747 
386500 	 0.1435829 
387000 	 0.2481857 
387500 	 0.1004997 
388000 	 0.1621245 
388500 	 0.06579606 
389000 	 0.1994008 
389500 	 0.1599118 
390000 	 0.04872999 
390500 	 0.06733253 
391000 	 0.1204898 
391500 	 0.09402525 
392000 	 0.1388479 
392500 	 0.08793153 
393000 	 0.1007995 
393500 	 0.1265181 
394000 	 0.1359994 
394500 	 0.1829439 
395000 	 0.1265185 
395500 	 0.2133537 
396000 	 0.07114414 
396500 	 0.1537015 
397000 	 0.1268027 
397500 	 0.1575519 
398000 	 0.07198732 
398500 	 0.1834901 
399000 	 0.1439667 
399500 	 0.0793888 
400000 	 0.1156775 
400500 	 0.06479822 
401000 	 0.04860453 
401500 	 0.2100462 
402000 	 0.05680807 
402500 	 0.1904817 
403000 	 0.232572 
403500 	 0.1126376 
404000 	 0.1119563 
404500 	 0.09403858 
405000 	 0.08315273 
405500 	 0.1067939 
406000 	 0.1730573 
406500 	 0.1277258 
407000 	 0.1902775 
407500 	 0.121726 
408000 	 0.1930647 
408500 	 0.3048234 
409000 	 0.1471455 
409500 	 0.1709552 
410000 	 0.2150221 
410500 	 0.07804383 
411000 	 0.2414178 
411500 	 0.05704339 
412000 	 0.05457197 
412500 	 0.07934089 
413000 	 0.1994291 
413500 	 0.2111886 
414000 	 0.135612 
414500 	 0.1008819 
415000 	 0.1440292 
415500 	 0.09671111 
416000 	 0.207174 
416500 	 0.05210702 
417000 	 0.06433886 
417500 	 0.1234227 
418000 	 0.03535692 
418500 	 0.06612292 
419000 	 0.2568433 
419500 	 0.1919177 
420000 	 0.1819796 
420500 	 0.1767758 
421000 	 0.1746546 
421500 	 0.08491629 
422000 	 0.1326363 
422500 	 0.1671252 
423000 	 0.0825741 
423500 	 0.07128484 
424000 	 0.06828307 
424500 	 0.07235506 
425000 	 0.1404178 
425500 	 0.1049331 
426000 	 0.0898996 
426500 	 0.09235842 
427000 	 0.09678911 
427500 	 0.1747864 
428000 	 0.08166926 
428500 	 0.1549587 
429000 	 0.2892928 
429500 	 0.08467582 
430000 	 0.1923331 
430500 	 0.08385784 
431000 	 0.07890821 
431500 	 0.1218338 
432000 	 0.1557796 
432500 	 0.06355173 
433000 	 0.1303929 
433500 	 0.1709803 
434000 	 0.1809564 
434500 	 0.06020214 
435000 	 0.1765191 
435500 	 0.112123 
436000 	 0.08318012 
436500 	 0.1873217 
437000 	 0.0902234 
437500 	 0.1219402 
438000 	 0.2260036 
438500 	 0.1059464 
439000 	 0.1008714 
439500 	 0.1458384 
440000 	 0.127254 
440500 	 0.1162571 
441000 	 0.1304097 
441500 	 0.1448179 
442000 	 0.06579842 
442500 	 0.118002 
443000 	 0.1016802 
443500 	 0.1435351 
444000 	 0.06909086 
444500 	 0.1359435 
445000 	 0.2357959 
445500 	 0.1897973 
446000 	 0.1119864 
446500 	 0.1885352 
447000 	 0.1360926 
447500 	 0.1587681 
448000 	 0.245762 
448500 	 0.06201291 
449000 	 0.1489062 
449500 	 0.1389267 
450000 	 0.2451653 
450500 	 0.1484379 
451000 	 0.1925923 
451500 	 0.09447957 
452000 	 0.04916942 
452500 	 0.07043142 
453000 	 0.09894715 
453500 	 0.1610947 
454000 	 0.04845103 
454500 	 0.1663445 
455000 	 0.1047717 
455500 	 0.03363706 
456000 	 0.06034389 
456500 	 0.1609659 
457000 	 0.08213527 
457500 	 0.1579668 
458000 	 0.1736098 
458500 	 0.1409147 
459000 	 0.1445621 
459500 	 0.1406704 
460000 	 0.1272966 
460500 	 0.106501 
461000 	 0.1442978 
461500 	 0.165898 
462000 	 0.1417482 
462500 	 0.1330344 
463000 	 0.08696978 
463500 	 0.2160372 
464000 	 0.09988367 
464500 	 0.2881131 
465000 	 0.1404175 
465500 	 0.178131 
466000 	 0.1022 
466500 	 0.167645 
467000 	 0.1405736 
467500 	 0.09171494 
468000 	 0.1450438 
468500 	 0.1351782 
469000 	 0.1942621 
469500 	 0.0699181 
470000 	 0.121147 
470500 	 0.1063848 
471000 	 0.1935772 
471500 	 0.1430341 
472000 	 0.09441493 
472500 	 0.1065665 
473000 	 0.1241749 
473500 	 0.05122274 
474000 	 0.07853056 
474500 	 0.135887 
475000 	 0.1634623 
475500 	 0.09824004 
476000 	 0.18864 
476500 	 0.08806938 
477000 	 0.09455057 
477500 	 0.154278 
478000 	 0.135825 
478500 	 0.1819856 
479000 	 0.2008055 
479500 	 0.1364637 
480000 	 0.2139176 
480500 	 0.08000815 
481000 	 0.09010772 
481500 	 0.1052186 
482000 	 0.06916194 
482500 	 0.07014015 
483000 	 0.09848277 
483500 	 0.08605018 
484000 	 0.09271718 
484500 	 0.1418671 
485000 	 0.117186 
485500 	 0.09398281 
486000 	 0.1389547 
486500 	 0.09148496 
487000 	 0.1641356 
487500 	 0.1046156 
488000 	 0.2006205 
488500 	 0.1265867 
489000 	 0.09868015 
489500 	 0.1235707 
490000 	 0.176707 
490500 	 0.04931975 
491000 	 0.1925997 
491500 	 0.1410758 
492000 	 0.1989924 
492500 	 0.1352486 
493000 	 0.2232417 
493500 	 0.1301418 
494000 	 0.159457 
494500 	 0.2499058 
495000 	 0.10928 
495500 	 0.09840679 
496000 	 0.07572187 
496500 	 0.1497426 
497000 	 0.1534466 
497500 	 0.1354315 
498000 	 0.1234154 
498500 	 0.1083938 
499000 	 0.04238037 
499500 	 0.1509712 
500000 	 0.293303 
