iter 	 p
500 	 0.4385256 
1000 	 0.2857701 
1500 	 0.2076766 
2000 	 0.3819019 
2500 	 0.4522226 
3000 	 0.3799927 
3500 	 0.3286644 
4000 	 0.2718647 
4500 	 0.2961309 
5000 	 0.2173762 
5500 	 0.3101072 
6000 	 0.3947619 
6500 	 0.4560318 
7000 	 0.1971923 
7500 	 0.1962411 
8000 	 0.1247254 
8500 	 0.2905681 
9000 	 0.2938353 
9500 	 0.3282604 
10000 	 0.3398296 
10500 	 0.1938223 
11000 	 0.3140405 
11500 	 0.2393294 
12000 	 0.2577805 
12500 	 0.2620102 
13000 	 0.3378585 
13500 	 0.3100777 
14000 	 0.2874274 
14500 	 0.2321404 
15000 	 0.2750442 
15500 	 0.3086825 
16000 	 0.2612066 
16500 	 0.2957214 
17000 	 0.2444326 
17500 	 0.2737107 
18000 	 0.2597736 
18500 	 0.1431937 
19000 	 0.2214357 
19500 	 0.3660273 
20000 	 0.3153567 
20500 	 0.3205995 
21000 	 0.2634983 
21500 	 0.3926581 
22000 	 0.2662718 
22500 	 0.2479124 
23000 	 0.4683258 
23500 	 0.4569739 
24000 	 0.3178316 
24500 	 0.455396 
25000 	 0.2876271 
25500 	 0.2246946 
26000 	 0.3470152 
26500 	 0.292073 
27000 	 0.3424945 
27500 	 0.3094639 
28000 	 0.3678434 
28500 	 0.3556771 
29000 	 0.2629245 
29500 	 0.2727359 
30000 	 0.233584 
30500 	 0.3491345 
31000 	 0.2684726 
31500 	 0.4174427 
32000 	 0.1770978 
32500 	 0.3077061 
33000 	 0.2014994 
33500 	 0.3233748 
34000 	 0.374212 
34500 	 0.3446235 
35000 	 0.443953 
35500 	 0.2292088 
36000 	 0.3089962 
36500 	 0.3652022 
37000 	 0.3267142 
37500 	 0.2840727 
38000 	 0.2566536 
38500 	 0.278232 
39000 	 0.301101 
39500 	 0.2851557 
40000 	 0.3929853 
40500 	 0.5871656 
41000 	 0.2713318 
41500 	 0.2752407 
42000 	 0.4314601 
42500 	 0.2403785 
43000 	 0.3374904 
43500 	 0.3633222 
44000 	 0.3606219 
44500 	 0.3470085 
45000 	 0.34447 
45500 	 0.4533984 
46000 	 0.2390234 
46500 	 0.4535646 
47000 	 0.3115114 
47500 	 0.2574074 
48000 	 0.3290715 
48500 	 0.1524866 
49000 	 0.3938041 
49500 	 0.2358847 
50000 	 0.3909985 
50500 	 0.3713102 
51000 	 0.3444016 
51500 	 0.3947397 
52000 	 0.2741084 
52500 	 0.395338 
53000 	 0.2057002 
53500 	 0.2735508 
54000 	 0.3578819 
54500 	 0.3055695 
55000 	 0.2655821 
55500 	 0.379377 
56000 	 0.3211283 
56500 	 0.2705522 
57000 	 0.1886439 
57500 	 0.381128 
58000 	 0.4178515 
58500 	 0.3699461 
59000 	 0.3417176 
59500 	 0.4277739 
60000 	 0.2982878 
60500 	 0.1880878 
61000 	 0.3765764 
61500 	 0.4118106 
62000 	 0.3112037 
62500 	 0.3654843 
63000 	 0.370709 
63500 	 0.3331852 
64000 	 0.4294979 
64500 	 0.3420959 
65000 	 0.286713 
65500 	 0.4142264 
66000 	 0.2450897 
66500 	 0.1590797 
67000 	 0.3491795 
67500 	 0.4265554 
68000 	 0.1876327 
68500 	 0.2580181 
69000 	 0.347199 
69500 	 0.2908629 
70000 	 0.3300787 
70500 	 0.3472747 
71000 	 0.3945026 
71500 	 0.2188912 
72000 	 0.249673 
72500 	 0.3677421 
73000 	 0.1995394 
73500 	 0.3345178 
74000 	 0.2676156 
74500 	 0.1965629 
75000 	 0.2186306 
75500 	 0.2959086 
76000 	 0.3994655 
76500 	 0.4143972 
77000 	 0.1934919 
77500 	 0.3769798 
78000 	 0.3165651 
78500 	 0.3088601 
79000 	 0.3340024 
79500 	 0.2645649 
80000 	 0.4298878 
80500 	 0.2829805 
81000 	 0.2776616 
81500 	 0.2564729 
82000 	 0.2036365 
82500 	 0.4621666 
83000 	 0.365983 
83500 	 0.2569433 
84000 	 0.3998362 
84500 	 0.4094483 
85000 	 0.3241181 
85500 	 0.3280216 
86000 	 0.2456319 
86500 	 0.2024165 
87000 	 0.2608411 
87500 	 0.1587853 
88000 	 0.3611703 
88500 	 0.4751798 
89000 	 0.2680285 
89500 	 0.3899365 
90000 	 0.3220066 
90500 	 0.3799135 
91000 	 0.1321433 
91500 	 0.4855975 
92000 	 0.2775513 
92500 	 0.2268513 
93000 	 0.2408207 
93500 	 0.2743226 
94000 	 0.3021468 
94500 	 0.3171199 
95000 	 0.3165818 
95500 	 0.3267843 
96000 	 0.2303697 
96500 	 0.4316279 
97000 	 0.3690032 
97500 	 0.3447887 
98000 	 0.3407499 
98500 	 0.3301554 
99000 	 0.2935899 
99500 	 0.219942 
100000 	 0.3253793 
100500 	 0.3325241 
101000 	 0.2776196 
101500 	 0.4058076 
102000 	 0.3890693 
102500 	 0.2627695 
103000 	 0.3045054 
103500 	 0.2365955 
104000 	 0.2655565 
104500 	 0.1490887 
105000 	 0.2863178 
105500 	 0.2993609 
106000 	 0.4835582 
106500 	 0.2774773 
107000 	 0.3132474 
107500 	 0.4794176 
108000 	 0.2637378 
108500 	 0.251598 
109000 	 0.2396884 
109500 	 0.3384386 
110000 	 0.3141845 
110500 	 0.3157124 
111000 	 0.431059 
111500 	 0.3614102 
112000 	 0.225172 
112500 	 0.2657036 
113000 	 0.3816848 
113500 	 0.2691249 
114000 	 0.2920724 
114500 	 0.4204076 
115000 	 0.3259491 
115500 	 0.4139846 
116000 	 0.366354 
116500 	 0.2158299 
117000 	 0.3511568 
117500 	 0.3747295 
118000 	 0.3193657 
118500 	 0.2858264 
119000 	 0.252174 
119500 	 0.2177873 
120000 	 0.4126912 
120500 	 0.2908861 
121000 	 0.2645514 
121500 	 0.423734 
122000 	 0.4368393 
122500 	 0.3198524 
123000 	 0.2791812 
123500 	 0.3173459 
124000 	 0.3734956 
124500 	 0.2818415 
125000 	 0.3946914 
125500 	 0.2319547 
126000 	 0.1888835 
126500 	 0.2473685 
127000 	 0.162155 
127500 	 0.2768203 
128000 	 0.2532153 
128500 	 0.4119852 
129000 	 0.2225166 
129500 	 0.2919121 
130000 	 0.3477238 
130500 	 0.3300424 
131000 	 0.338749 
131500 	 0.3307361 
132000 	 0.3121085 
132500 	 0.307678 
133000 	 0.3091734 
133500 	 0.4520657 
134000 	 0.3000144 
134500 	 0.2456725 
135000 	 0.3889189 
135500 	 0.3851553 
136000 	 0.3382715 
136500 	 0.3943929 
137000 	 0.3281997 
137500 	 0.3645104 
138000 	 0.2527061 
138500 	 0.3847934 
139000 	 0.346733 
139500 	 0.2821538 
140000 	 0.2040744 
140500 	 0.3657428 
141000 	 0.4374219 
141500 	 0.2691736 
142000 	 0.4958103 
142500 	 0.3063358 
143000 	 0.1954366 
143500 	 0.4207771 
144000 	 0.33583 
144500 	 0.3520658 
145000 	 0.3094748 
145500 	 0.2360926 
146000 	 0.2755209 
146500 	 0.3237685 
147000 	 0.1578145 
147500 	 0.4053341 
148000 	 0.2876893 
148500 	 0.3520125 
149000 	 0.2500146 
149500 	 0.4368033 
150000 	 0.3041791 
150500 	 0.3518504 
151000 	 0.2572308 
151500 	 0.2717326 
152000 	 0.2833177 
152500 	 0.317775 
153000 	 0.2411326 
153500 	 0.2968133 
154000 	 0.37771 
154500 	 0.3076036 
155000 	 0.3059282 
155500 	 0.2419259 
156000 	 0.3216714 
156500 	 0.1943613 
157000 	 0.3105363 
157500 	 0.2541014 
158000 	 0.3546897 
158500 	 0.4106969 
159000 	 0.3318366 
159500 	 0.4138146 
160000 	 0.3289143 
160500 	 0.159505 
161000 	 0.3312928 
161500 	 0.3058512 
162000 	 0.3072709 
162500 	 0.4585088 
163000 	 0.2509297 
163500 	 0.2812345 
164000 	 0.2843574 
164500 	 0.3072746 
165000 	 0.2275062 
165500 	 0.2517206 
166000 	 0.2542917 
166500 	 0.3108783 
167000 	 0.4573974 
167500 	 0.2467307 
168000 	 0.2328031 
168500 	 0.2356717 
169000 	 0.3119591 
169500 	 0.2141356 
170000 	 0.2928507 
170500 	 0.3249589 
171000 	 0.3278332 
171500 	 0.1588749 
172000 	 0.2922136 
172500 	 0.4907793 
173000 	 0.4909459 
173500 	 0.33738 
174000 	 0.2184501 
174500 	 0.1568191 
175000 	 0.2732157 
175500 	 0.3813163 
176000 	 0.3565098 
176500 	 0.3574641 
177000 	 0.2644566 
177500 	 0.3706321 
178000 	 0.3685084 
178500 	 0.3065224 
179000 	 0.2868364 
179500 	 0.3106423 
180000 	 0.3097026 
180500 	 0.312677 
181000 	 0.3367013 
181500 	 0.2406813 
182000 	 0.2641617 
182500 	 0.336744 
183000 	 0.3879385 
183500 	 0.2184143 
184000 	 0.3426727 
184500 	 0.2864125 
185000 	 0.3383255 
185500 	 0.3832158 
186000 	 0.2727691 
186500 	 0.2691185 
187000 	 0.3351921 
187500 	 0.2134436 
188000 	 0.3163928 
188500 	 0.4020084 
189000 	 0.3360775 
189500 	 0.3165503 
190000 	 0.4737115 
190500 	 0.3801571 
191000 	 0.2972804 
191500 	 0.2357585 
192000 	 0.2778117 
192500 	 0.3125379 
193000 	 0.4341603 
193500 	 0.3365678 
194000 	 0.3130255 
194500 	 0.3947805 
195000 	 0.3720389 
195500 	 0.3446643 
196000 	 0.2549377 
196500 	 0.4416007 
197000 	 0.3158236 
197500 	 0.277804 
198000 	 0.2145338 
198500 	 0.3166384 
199000 	 0.1899522 
199500 	 0.2626977 
200000 	 0.2378331 
200500 	 0.4776626 
201000 	 0.3927058 
201500 	 0.171049 
202000 	 0.179458 
202500 	 0.2354054 
203000 	 0.2785909 
203500 	 0.4534896 
204000 	 0.3338381 
204500 	 0.3422793 
205000 	 0.227772 
205500 	 0.3754278 
206000 	 0.4213441 
206500 	 0.2479768 
207000 	 0.348699 
207500 	 0.3829111 
208000 	 0.3438227 
208500 	 0.1809097 
209000 	 0.3817512 
209500 	 0.2921723 
210000 	 0.3243427 
210500 	 0.2793912 
211000 	 0.3397639 
211500 	 0.3736005 
212000 	 0.3588557 
212500 	 0.1846596 
213000 	 0.2508193 
213500 	 0.2443214 
214000 	 0.2691457 
214500 	 0.2369921 
215000 	 0.2748771 
215500 	 0.1222111 
216000 	 0.401924 
216500 	 0.2393726 
217000 	 0.3771136 
217500 	 0.2693466 
218000 	 0.2377129 
218500 	 0.2783631 
219000 	 0.3909768 
219500 	 0.3706502 
220000 	 0.3436689 
220500 	 0.301498 
221000 	 0.2849592 
221500 	 0.3105203 
222000 	 0.3430085 
222500 	 0.3398555 
223000 	 0.2681977 
223500 	 0.4136002 
224000 	 0.2827426 
224500 	 0.416624 
225000 	 0.4183074 
225500 	 0.4019293 
226000 	 0.3789583 
226500 	 0.2153084 
227000 	 0.2844631 
227500 	 0.1982848 
228000 	 0.194715 
228500 	 0.1901204 
229000 	 0.3142414 
229500 	 0.3041646 
230000 	 0.3662504 
230500 	 0.1995226 
231000 	 0.3373655 
231500 	 0.234554 
232000 	 0.3767635 
232500 	 0.2082027 
233000 	 0.3272713 
233500 	 0.3145197 
234000 	 0.4018233 
234500 	 0.3551798 
235000 	 0.2210887 
235500 	 0.3968421 
236000 	 0.3103698 
236500 	 0.3032003 
237000 	 0.4446598 
237500 	 0.3502557 
238000 	 0.4110217 
238500 	 0.2479673 
239000 	 0.30595 
239500 	 0.4924608 
240000 	 0.3544981 
240500 	 0.3625455 
241000 	 0.3948939 
241500 	 0.3123469 
242000 	 0.3185032 
242500 	 0.1884495 
243000 	 0.2575304 
243500 	 0.3547524 
244000 	 0.3796558 
244500 	 0.2823207 
245000 	 0.3509429 
245500 	 0.2748852 
246000 	 0.3153457 
246500 	 0.2656166 
247000 	 0.4290133 
247500 	 0.2566043 
248000 	 0.3312142 
248500 	 0.3817305 
249000 	 0.3196497 
249500 	 0.218687 
250000 	 0.3814148 
250500 	 0.3740222 
251000 	 0.3176252 
251500 	 0.350816 
252000 	 0.4294122 
252500 	 0.3247668 
253000 	 0.2085197 
253500 	 0.3429149 
254000 	 0.2965739 
254500 	 0.2560078 
255000 	 0.231084 
255500 	 0.3150764 
256000 	 0.4229198 
256500 	 0.3722209 
257000 	 0.2960214 
257500 	 0.3573847 
258000 	 0.3539337 
258500 	 0.2364952 
259000 	 0.3955757 
259500 	 0.3414632 
260000 	 0.3624111 
260500 	 0.2202285 
261000 	 0.4574339 
261500 	 0.3357183 
262000 	 0.3569483 
262500 	 0.3476885 
263000 	 0.3056786 
263500 	 0.2757765 
264000 	 0.2432706 
264500 	 0.5109793 
265000 	 0.2478011 
265500 	 0.2188724 
266000 	 0.3221372 
266500 	 0.3809945 
267000 	 0.3645098 
267500 	 0.3417849 
268000 	 0.2364089 
268500 	 0.406386 
269000 	 0.2976843 
269500 	 0.3686022 
270000 	 0.3932116 
270500 	 0.345341 
271000 	 0.2902589 
271500 	 0.3833938 
272000 	 0.3178477 
272500 	 0.2249084 
273000 	 0.3097928 
273500 	 0.2622361 
274000 	 0.249179 
274500 	 0.2428082 
275000 	 0.222558 
275500 	 0.4105441 
276000 	 0.2015329 
276500 	 0.4861837 
277000 	 0.2268951 
277500 	 0.3132787 
278000 	 0.3100848 
278500 	 0.2542943 
279000 	 0.271255 
279500 	 0.2647413 
280000 	 0.2735814 
280500 	 0.4199916 
281000 	 0.1873677 
281500 	 0.378199 
282000 	 0.4095219 
282500 	 0.2648249 
283000 	 0.2078452 
283500 	 0.2560993 
284000 	 0.2901557 
284500 	 0.2785985 
285000 	 0.3046835 
285500 	 0.3789531 
286000 	 0.3792723 
286500 	 0.2682594 
287000 	 0.1778247 
287500 	 0.3380134 
288000 	 0.3958082 
288500 	 0.3597959 
289000 	 0.2902147 
289500 	 0.3059251 
290000 	 0.364314 
290500 	 0.3672568 
291000 	 0.3952604 
291500 	 0.3031736 
292000 	 0.4026364 
292500 	 0.3672318 
293000 	 0.3813879 
293500 	 0.4213801 
294000 	 0.4108304 
294500 	 0.3624621 
295000 	 0.2963804 
295500 	 0.3487106 
296000 	 0.3173458 
296500 	 0.3675227 
297000 	 0.4366871 
297500 	 0.3047773 
298000 	 0.3490294 
298500 	 0.3201084 
299000 	 0.2440847 
299500 	 0.2410036 
300000 	 0.4414486 
300500 	 0.3889783 
301000 	 0.2358837 
301500 	 0.3054434 
302000 	 0.1692338 
302500 	 0.3822975 
303000 	 0.2762087 
303500 	 0.3063609 
304000 	 0.2806802 
304500 	 0.24046 
305000 	 0.2961047 
305500 	 0.3063879 
306000 	 0.3845528 
306500 	 0.4402238 
307000 	 0.2965381 
307500 	 0.3218906 
308000 	 0.4174224 
308500 	 0.5415428 
309000 	 0.2470293 
309500 	 0.3886089 
310000 	 0.388145 
310500 	 0.2434206 
311000 	 0.3789086 
311500 	 0.2476536 
312000 	 0.3312602 
312500 	 0.3268428 
313000 	 0.265954 
313500 	 0.2406705 
314000 	 0.1893086 
314500 	 0.2672922 
315000 	 0.2964412 
315500 	 0.4919217 
316000 	 0.3728443 
316500 	 0.2328505 
317000 	 0.2698261 
317500 	 0.289578 
318000 	 0.2261313 
318500 	 0.2500748 
319000 	 0.332421 
319500 	 0.2368528 
320000 	 0.3536217 
320500 	 0.2159294 
321000 	 0.3390141 
321500 	 0.2278199 
322000 	 0.1998782 
322500 	 0.3105596 
323000 	 0.2398844 
323500 	 0.3422433 
324000 	 0.323303 
324500 	 0.3041789 
325000 	 0.2071283 
325500 	 0.327258 
326000 	 0.3071306 
326500 	 0.3224587 
327000 	 0.3255541 
327500 	 0.2963056 
328000 	 0.4558579 
328500 	 0.4600424 
329000 	 0.4960577 
329500 	 0.3616349 
330000 	 0.2818535 
330500 	 0.3817434 
331000 	 0.5142373 
331500 	 0.2981905 
332000 	 0.2869975 
332500 	 0.5185325 
333000 	 0.1455367 
333500 	 0.2318078 
334000 	 0.3855543 
334500 	 0.3100182 
335000 	 0.2913831 
335500 	 0.4776895 
336000 	 0.3798712 
336500 	 0.3862559 
337000 	 0.4354938 
337500 	 0.3391228 
338000 	 0.3052566 
338500 	 0.3368038 
339000 	 0.2830174 
339500 	 0.3685027 
340000 	 0.2242874 
340500 	 0.2040517 
341000 	 0.2494193 
341500 	 0.19132 
342000 	 0.3374357 
342500 	 0.2471389 
343000 	 0.4016768 
343500 	 0.245148 
344000 	 0.2844406 
344500 	 0.3520336 
345000 	 0.1836224 
345500 	 0.2236335 
346000 	 0.2667015 
346500 	 0.4145242 
347000 	 0.3603212 
347500 	 0.3166568 
348000 	 0.3799498 
348500 	 0.4019936 
349000 	 0.2319606 
349500 	 0.4097734 
350000 	 0.3305119 
350500 	 0.3033258 
351000 	 0.2032993 
351500 	 0.242489 
352000 	 0.3201469 
352500 	 0.1791174 
353000 	 0.3458168 
353500 	 0.3288862 
354000 	 0.3128301 
354500 	 0.2176567 
355000 	 0.3076786 
355500 	 0.3225028 
356000 	 0.2786358 
356500 	 0.203699 
357000 	 0.3234396 
357500 	 0.2743333 
358000 	 0.3475615 
358500 	 0.4041888 
359000 	 0.4845538 
359500 	 0.2190036 
360000 	 0.4397545 
360500 	 0.2839185 
361000 	 0.3779966 
361500 	 0.3144397 
362000 	 0.4228497 
362500 	 0.3093232 
363000 	 0.3393514 
363500 	 0.3193763 
364000 	 0.4008028 
364500 	 0.3154901 
365000 	 0.3911819 
365500 	 0.2121369 
366000 	 0.3542509 
366500 	 0.2204031 
367000 	 0.31607 
367500 	 0.3537961 
368000 	 0.3186041 
368500 	 0.3124433 
369000 	 0.2229973 
369500 	 0.2399208 
370000 	 0.3770525 
370500 	 0.2552967 
371000 	 0.3553939 
371500 	 0.2222513 
372000 	 0.3065891 
372500 	 0.3378863 
373000 	 0.3427312 
373500 	 0.3752381 
374000 	 0.3213006 
374500 	 0.3027521 
375000 	 0.3323181 
375500 	 0.4161102 
376000 	 0.3132719 
376500 	 0.2721606 
377000 	 0.424113 
377500 	 0.2195297 
378000 	 0.3784578 
378500 	 0.3153187 
379000 	 0.3035839 
379500 	 0.3424346 
380000 	 0.303092 
380500 	 0.2128707 
381000 	 0.2406942 
381500 	 0.2726521 
382000 	 0.2614175 
382500 	 0.2711985 
383000 	 0.3703145 
383500 	 0.329272 
384000 	 0.3835972 
384500 	 0.3802548 
385000 	 0.3143368 
385500 	 0.3070994 
386000 	 0.2681793 
386500 	 0.5192223 
387000 	 0.1959973 
387500 	 0.3406222 
388000 	 0.2762804 
388500 	 0.3000252 
389000 	 0.1459797 
389500 	 0.2844026 
390000 	 0.3682918 
390500 	 0.418237 
391000 	 0.3628291 
391500 	 0.4353244 
392000 	 0.2831345 
392500 	 0.2884202 
393000 	 0.307263 
393500 	 0.3832005 
394000 	 0.2671506 
394500 	 0.4318385 
395000 	 0.3093955 
395500 	 0.2222202 
396000 	 0.3015464 
396500 	 0.2991223 
397000 	 0.3178437 
397500 	 0.3380007 
398000 	 0.2711205 
398500 	 0.2316073 
399000 	 0.339952 
399500 	 0.2403845 
400000 	 0.2854408 
400500 	 0.3659943 
401000 	 0.1892283 
401500 	 0.2706406 
402000 	 0.2558104 
402500 	 0.3782036 
403000 	 0.4201432 
403500 	 0.4727695 
404000 	 0.2482523 
404500 	 0.2902475 
405000 	 0.3025913 
405500 	 0.3762431 
406000 	 0.2239842 
406500 	 0.2933384 
407000 	 0.337343 
407500 	 0.3339595 
408000 	 0.4487459 
408500 	 0.2888902 
409000 	 0.244936 
409500 	 0.3734609 
410000 	 0.2604591 
410500 	 0.2530981 
411000 	 0.2215616 
411500 	 0.4900598 
412000 	 0.3314711 
412500 	 0.191754 
413000 	 0.4087927 
413500 	 0.2839656 
414000 	 0.2464366 
414500 	 0.2443184 
415000 	 0.3578668 
415500 	 0.2406696 
416000 	 0.4682591 
416500 	 0.435734 
417000 	 0.2760364 
417500 	 0.1722687 
418000 	 0.235815 
418500 	 0.4623459 
419000 	 0.2807403 
419500 	 0.3030865 
420000 	 0.2644311 
420500 	 0.4026114 
421000 	 0.3158914 
421500 	 0.337278 
422000 	 0.3721943 
422500 	 0.3599783 
423000 	 0.3513184 
423500 	 0.2911047 
424000 	 0.431761 
424500 	 0.3618228 
425000 	 0.367901 
425500 	 0.2166443 
426000 	 0.3681775 
426500 	 0.3214763 
427000 	 0.3515148 
427500 	 0.2361626 
428000 	 0.3625415 
428500 	 0.3492599 
429000 	 0.1897072 
429500 	 0.3149069 
430000 	 0.3513601 
430500 	 0.4440385 
431000 	 0.2238845 
431500 	 0.2950024 
432000 	 0.2855943 
432500 	 0.2051032 
433000 	 0.3406765 
433500 	 0.3179435 
434000 	 0.5608327 
434500 	 0.3119891 
435000 	 0.3792314 
435500 	 0.3388995 
436000 	 0.2895666 
436500 	 0.2369001 
437000 	 0.246222 
437500 	 0.271791 
438000 	 0.2051955 
438500 	 0.3527452 
439000 	 0.36699 
439500 	 0.3665831 
440000 	 0.3058674 
440500 	 0.3105972 
441000 	 0.2136171 
441500 	 0.3078966 
442000 	 0.2341114 
442500 	 0.2625778 
443000 	 0.3613906 
443500 	 0.2728221 
444000 	 0.2403728 
444500 	 0.2013852 
445000 	 0.3166714 
445500 	 0.4554754 
446000 	 0.3507789 
446500 	 0.2900927 
447000 	 0.2296219 
447500 	 0.3102075 
448000 	 0.3958964 
448500 	 0.3528593 
449000 	 0.2533308 
449500 	 0.4545228 
450000 	 0.2769347 
450500 	 0.4175583 
451000 	 0.2693333 
451500 	 0.2971555 
452000 	 0.3645521 
452500 	 0.2612312 
453000 	 0.3985721 
453500 	 0.4127116 
454000 	 0.2543795 
454500 	 0.3329068 
455000 	 0.2942061 
455500 	 0.3267715 
456000 	 0.2576646 
456500 	 0.436583 
457000 	 0.343002 
457500 	 0.3590298 
458000 	 0.2114767 
458500 	 0.5154693 
459000 	 0.3093292 
459500 	 0.3207318 
460000 	 0.3627236 
460500 	 0.3896373 
461000 	 0.3034001 
461500 	 0.4201947 
462000 	 0.3613183 
462500 	 0.2573384 
463000 	 0.4036038 
463500 	 0.2135813 
464000 	 0.3944079 
464500 	 0.3225327 
465000 	 0.2828993 
465500 	 0.3911878 
466000 	 0.3931718 
466500 	 0.2422586 
467000 	 0.357122 
467500 	 0.2561401 
468000 	 0.32999 
468500 	 0.2374739 
469000 	 0.3641648 
469500 	 0.3257843 
470000 	 0.2900692 
470500 	 0.4160035 
471000 	 0.2262619 
471500 	 0.2975234 
472000 	 0.3325655 
472500 	 0.3142072 
473000 	 0.2209468 
473500 	 0.3725263 
474000 	 0.2562713 
474500 	 0.3625512 
475000 	 0.1362522 
475500 	 0.2249247 
476000 	 0.27391 
476500 	 0.1806502 
477000 	 0.2509706 
477500 	 0.284401 
478000 	 0.2158262 
478500 	 0.4357615 
479000 	 0.1705263 
479500 	 0.3575513 
480000 	 0.4018161 
480500 	 0.3551667 
481000 	 0.2423031 
481500 	 0.3314282 
482000 	 0.3474725 
482500 	 0.4087805 
483000 	 0.3807368 
483500 	 0.2158013 
484000 	 0.406262 
484500 	 0.1991089 
485000 	 0.2686985 
485500 	 0.2353544 
486000 	 0.4899857 
486500 	 0.4283527 
487000 	 0.2810275 
487500 	 0.2410229 
488000 	 0.3256272 
488500 	 0.3406867 
489000 	 0.1430585 
489500 	 0.4373587 
490000 	 0.3899045 
490500 	 0.2785461 
491000 	 0.3303213 
491500 	 0.3110792 
492000 	 0.349467 
492500 	 0.238604 
493000 	 0.3561059 
493500 	 0.3009777 
494000 	 0.3518303 
494500 	 0.2601078 
495000 	 0.3359111 
495500 	 0.3426338 
496000 	 0.323232 
496500 	 0.2694675 
497000 	 0.2377173 
497500 	 0.1484417 
498000 	 0.2911838 
498500 	 0.3577671 
499000 	 0.1908063 
499500 	 0.1542562 
500000 	 0.1890955 
