iter 	 p
500 	 0.7649409 
1000 	 0.7742193 
1500 	 0.9122036 
2000 	 0.7779008 
2500 	 0.7452447 
3000 	 0.8175414 
3500 	 0.7014819 
4000 	 0.732502 
4500 	 0.7663677 
5000 	 0.6707183 
5500 	 0.760124 
6000 	 0.8603583 
6500 	 0.7083301 
7000 	 0.8130396 
7500 	 0.7004912 
8000 	 0.8291888 
8500 	 0.7935993 
9000 	 0.7411421 
9500 	 0.7563803 
10000 	 0.7268051 
10500 	 0.7344697 
11000 	 0.7432657 
11500 	 0.7543205 
12000 	 0.8433523 
12500 	 0.7298928 
13000 	 0.7827034 
13500 	 0.7598807 
14000 	 0.7758988 
14500 	 0.894637 
15000 	 0.7845821 
15500 	 0.6675604 
16000 	 0.766314 
16500 	 0.6795268 
17000 	 0.7502438 
17500 	 0.7235186 
18000 	 0.6838961 
18500 	 0.7329262 
19000 	 0.7956292 
19500 	 0.7054995 
20000 	 0.727386 
20500 	 0.7307968 
21000 	 0.7339272 
21500 	 0.7007442 
22000 	 0.7814051 
22500 	 0.795275 
23000 	 0.684198 
23500 	 0.8991286 
24000 	 0.8110464 
24500 	 0.7754256 
25000 	 0.7467255 
25500 	 0.8540168 
26000 	 0.7972035 
26500 	 0.809215 
27000 	 0.7157595 
27500 	 0.7648141 
28000 	 0.7936214 
28500 	 0.7423224 
29000 	 0.7890589 
29500 	 0.8398296 
30000 	 0.8592257 
30500 	 0.7172525 
31000 	 0.758591 
31500 	 0.8491221 
32000 	 0.6758905 
32500 	 0.5890148 
33000 	 0.7719043 
33500 	 0.7079574 
34000 	 0.7932368 
34500 	 0.7211496 
35000 	 0.7161193 
35500 	 0.6943474 
36000 	 0.7262887 
36500 	 0.5875729 
37000 	 0.7989649 
37500 	 0.7263181 
38000 	 0.7162225 
38500 	 0.7351764 
39000 	 0.6492573 
39500 	 0.8014971 
40000 	 0.8080934 
40500 	 0.8191264 
41000 	 0.7552083 
41500 	 0.7911863 
42000 	 0.7934039 
42500 	 0.7509433 
43000 	 0.8274401 
43500 	 0.8490407 
44000 	 0.7605412 
44500 	 0.8404613 
45000 	 0.7488503 
45500 	 0.7740551 
46000 	 0.6898041 
46500 	 0.740275 
47000 	 0.6976739 
47500 	 0.7127347 
48000 	 0.8110817 
48500 	 0.810978 
49000 	 0.6887423 
49500 	 0.7509721 
50000 	 0.7701077 
50500 	 0.7982985 
51000 	 0.7975656 
51500 	 0.8161783 
52000 	 0.7557681 
52500 	 0.8032038 
53000 	 0.8003841 
53500 	 0.7820328 
54000 	 0.7563997 
54500 	 0.7210621 
55000 	 0.743214 
55500 	 0.8210017 
56000 	 0.7431538 
56500 	 0.731213 
57000 	 0.8313267 
57500 	 0.8236157 
58000 	 0.8496332 
58500 	 0.7563427 
59000 	 0.79276 
59500 	 0.6752447 
60000 	 0.7324036 
60500 	 0.7544449 
61000 	 0.7289348 
61500 	 0.7362776 
62000 	 0.7635367 
62500 	 0.7460813 
63000 	 0.7642149 
63500 	 0.743777 
64000 	 0.7684081 
64500 	 0.6916936 
65000 	 0.7340812 
65500 	 0.8402595 
66000 	 0.7092389 
66500 	 0.8181817 
67000 	 0.7569266 
67500 	 0.8224179 
68000 	 0.8123143 
68500 	 0.7617849 
69000 	 0.7139892 
69500 	 0.6769192 
70000 	 0.7194465 
70500 	 0.8234664 
71000 	 0.6627888 
71500 	 0.7994589 
72000 	 0.800742 
72500 	 0.7007779 
73000 	 0.6261917 
73500 	 0.7619937 
74000 	 0.6866237 
74500 	 0.8411528 
75000 	 0.8439613 
75500 	 0.7802936 
76000 	 0.7773004 
76500 	 0.7691557 
77000 	 0.6674275 
77500 	 0.8532758 
78000 	 0.7632231 
78500 	 0.7973873 
79000 	 0.7264507 
79500 	 0.7294772 
80000 	 0.8508361 
80500 	 0.8427788 
81000 	 0.7555925 
81500 	 0.7644289 
82000 	 0.8370731 
82500 	 0.8093193 
83000 	 0.7627153 
83500 	 0.826979 
84000 	 0.7068931 
84500 	 0.7741363 
85000 	 0.7381464 
85500 	 0.778309 
86000 	 0.8264782 
86500 	 0.8554808 
87000 	 0.770976 
87500 	 0.6642701 
88000 	 0.737192 
88500 	 0.7077981 
89000 	 0.7790612 
89500 	 0.7068573 
90000 	 0.7162457 
90500 	 0.642022 
91000 	 0.8093725 
91500 	 0.8188117 
92000 	 0.7633654 
92500 	 0.681468 
93000 	 0.7176328 
93500 	 0.8312644 
94000 	 0.8804736 
94500 	 0.7279956 
95000 	 0.8052251 
95500 	 0.813508 
96000 	 0.707337 
96500 	 0.7249903 
97000 	 0.840959 
97500 	 0.688831 
98000 	 0.7799803 
98500 	 0.7785189 
99000 	 0.6520623 
99500 	 0.7692686 
100000 	 0.7593909 
100500 	 0.7412559 
101000 	 0.6744851 
101500 	 0.860866 
102000 	 0.6405889 
102500 	 0.7306212 
103000 	 0.7590936 
103500 	 0.7187614 
104000 	 0.7336168 
104500 	 0.7734671 
105000 	 0.7067383 
105500 	 0.8073345 
106000 	 0.8149773 
106500 	 0.7035362 
107000 	 0.789902 
107500 	 0.7313984 
108000 	 0.7676275 
108500 	 0.8624502 
109000 	 0.8313841 
109500 	 0.7269226 
110000 	 0.8362798 
110500 	 0.7610576 
111000 	 0.8753366 
111500 	 0.680412 
112000 	 0.6547096 
112500 	 0.8016972 
113000 	 0.7340836 
113500 	 0.7467141 
114000 	 0.8396937 
114500 	 0.6762426 
115000 	 0.7905365 
115500 	 0.7842215 
116000 	 0.7559835 
116500 	 0.7373599 
117000 	 0.7113503 
117500 	 0.821159 
118000 	 0.7205052 
118500 	 0.7826804 
119000 	 0.8001349 
119500 	 0.7371314 
120000 	 0.709449 
120500 	 0.7294216 
121000 	 0.7439773 
121500 	 0.8129775 
122000 	 0.7142489 
122500 	 0.7549459 
123000 	 0.6726125 
123500 	 0.8029198 
124000 	 0.7092545 
124500 	 0.6886618 
125000 	 0.8718314 
125500 	 0.820509 
126000 	 0.8479906 
126500 	 0.7619864 
127000 	 0.8401505 
127500 	 0.6525427 
128000 	 0.6777952 
128500 	 0.7334807 
129000 	 0.7276882 
129500 	 0.804573 
130000 	 0.7391139 
130500 	 0.7732908 
131000 	 0.7381863 
131500 	 0.8757716 
132000 	 0.7784301 
132500 	 0.687277 
133000 	 0.8025484 
133500 	 0.797871 
134000 	 0.7612369 
134500 	 0.7947116 
135000 	 0.7789978 
135500 	 0.7391531 
136000 	 0.819368 
136500 	 0.8208126 
137000 	 0.8197005 
137500 	 0.7294738 
138000 	 0.6357998 
138500 	 0.9195589 
139000 	 0.8699689 
139500 	 0.762275 
140000 	 0.7897735 
140500 	 0.8760014 
141000 	 0.775218 
141500 	 0.77599 
142000 	 0.7439852 
142500 	 0.7724835 
143000 	 0.8693681 
143500 	 0.7975221 
144000 	 0.749452 
144500 	 0.7560777 
145000 	 0.7836877 
145500 	 0.8959137 
146000 	 0.7241703 
146500 	 0.7596197 
147000 	 0.6404919 
147500 	 0.8306033 
148000 	 0.7846585 
148500 	 0.7281021 
149000 	 0.7760513 
149500 	 0.7945948 
150000 	 0.7264221 
150500 	 0.8241137 
151000 	 0.7701014 
151500 	 0.7031967 
152000 	 0.7451129 
152500 	 0.7223875 
153000 	 0.8298061 
153500 	 0.7541137 
154000 	 0.7805957 
154500 	 0.8043638 
155000 	 0.7768211 
155500 	 0.7219368 
156000 	 0.7431794 
156500 	 0.633128 
157000 	 0.7698795 
157500 	 0.7728515 
158000 	 0.8257964 
158500 	 0.8099257 
159000 	 0.7511655 
159500 	 0.8438542 
160000 	 0.6534351 
160500 	 0.7314782 
161000 	 0.8117042 
161500 	 0.8075406 
162000 	 0.8074724 
162500 	 0.850261 
163000 	 0.5966698 
163500 	 0.7975547 
164000 	 0.8200302 
164500 	 0.7903988 
165000 	 0.8359515 
165500 	 0.7186515 
166000 	 0.8127175 
166500 	 0.7393202 
167000 	 0.7052037 
167500 	 0.7121985 
168000 	 0.7854853 
168500 	 0.7295512 
169000 	 0.708339 
169500 	 0.7580999 
170000 	 0.7907674 
170500 	 0.8202559 
171000 	 0.7396248 
171500 	 0.8268738 
172000 	 0.6562976 
172500 	 0.8124519 
173000 	 0.8746888 
173500 	 0.7633744 
174000 	 0.7159217 
174500 	 0.8031659 
175000 	 0.7144028 
175500 	 0.8586096 
176000 	 0.8225967 
176500 	 0.852341 
177000 	 0.7906431 
177500 	 0.7952047 
178000 	 0.7798441 
178500 	 0.702689 
179000 	 0.696534 
179500 	 0.759522 
180000 	 0.7647688 
180500 	 0.6981033 
181000 	 0.6791674 
181500 	 0.7513733 
182000 	 0.8389623 
182500 	 0.8028173 
183000 	 0.8222097 
183500 	 0.8758536 
184000 	 0.8115866 
184500 	 0.8565537 
185000 	 0.758262 
185500 	 0.7438823 
186000 	 0.7161334 
186500 	 0.7793216 
187000 	 0.6834238 
187500 	 0.7756979 
188000 	 0.7069271 
188500 	 0.7435808 
189000 	 0.7573571 
189500 	 0.7532853 
190000 	 0.6662886 
190500 	 0.8195857 
191000 	 0.7154943 
191500 	 0.8318435 
192000 	 0.8183602 
192500 	 0.7019736 
193000 	 0.7060753 
193500 	 0.7486746 
194000 	 0.8562545 
194500 	 0.7883643 
195000 	 0.7611119 
195500 	 0.7824448 
196000 	 0.7208797 
196500 	 0.7128458 
197000 	 0.8204849 
197500 	 0.7901216 
198000 	 0.6838065 
198500 	 0.7707651 
199000 	 0.7346006 
199500 	 0.8560727 
200000 	 0.7522822 
200500 	 0.7526526 
201000 	 0.7836616 
201500 	 0.7563539 
202000 	 0.7300282 
202500 	 0.7865789 
203000 	 0.8440027 
203500 	 0.7752589 
204000 	 0.875154 
204500 	 0.7676777 
205000 	 0.7380488 
205500 	 0.837746 
206000 	 0.87995 
206500 	 0.7600651 
207000 	 0.7592568 
207500 	 0.7774881 
208000 	 0.787924 
208500 	 0.7925268 
209000 	 0.8010903 
209500 	 0.7641084 
210000 	 0.716418 
210500 	 0.7799646 
211000 	 0.6763169 
211500 	 0.7492094 
212000 	 0.6884218 
212500 	 0.7464303 
213000 	 0.8342739 
213500 	 0.7998063 
214000 	 0.6982999 
214500 	 0.7561345 
215000 	 0.7999074 
215500 	 0.7478811 
216000 	 0.749221 
216500 	 0.7009943 
217000 	 0.7840281 
217500 	 0.776433 
218000 	 0.7398181 
218500 	 0.8191731 
219000 	 0.7589928 
219500 	 0.7423559 
220000 	 0.6737123 
220500 	 0.7819933 
221000 	 0.7863393 
221500 	 0.7887492 
222000 	 0.8489707 
222500 	 0.7359319 
223000 	 0.7047919 
223500 	 0.8725516 
224000 	 0.8207465 
224500 	 0.770872 
225000 	 0.7655875 
225500 	 0.7206618 
226000 	 0.8029438 
226500 	 0.7471377 
227000 	 0.751683 
227500 	 0.6453988 
228000 	 0.7276301 
228500 	 0.8008318 
229000 	 0.7442443 
229500 	 0.8502681 
230000 	 0.8231127 
230500 	 0.8857034 
231000 	 0.7622264 
231500 	 0.754182 
232000 	 0.7051413 
232500 	 0.8411357 
233000 	 0.7482456 
233500 	 0.7526193 
234000 	 0.8429648 
234500 	 0.6885149 
235000 	 0.6712126 
235500 	 0.7846632 
236000 	 0.8006508 
236500 	 0.8080157 
237000 	 0.7383725 
237500 	 0.8426943 
238000 	 0.7417149 
238500 	 0.8166732 
239000 	 0.8097771 
239500 	 0.6984204 
240000 	 0.79217 
240500 	 0.7721123 
241000 	 0.7781377 
241500 	 0.7643546 
242000 	 0.7253966 
242500 	 0.8158996 
243000 	 0.768579 
243500 	 0.7638114 
244000 	 0.7433443 
244500 	 0.8108589 
245000 	 0.7328869 
245500 	 0.6807451 
246000 	 0.7259519 
246500 	 0.7163747 
247000 	 0.8658625 
247500 	 0.8253241 
248000 	 0.7583747 
248500 	 0.6159221 
249000 	 0.7318412 
249500 	 0.7972042 
250000 	 0.8454593 
250500 	 0.7070803 
251000 	 0.7656207 
251500 	 0.8684548 
252000 	 0.7740164 
252500 	 0.8366393 
253000 	 0.8740407 
253500 	 0.8138883 
254000 	 0.7333285 
254500 	 0.8221616 
255000 	 0.805492 
255500 	 0.7777171 
256000 	 0.769215 
256500 	 0.8434026 
257000 	 0.7517976 
257500 	 0.7541173 
258000 	 0.8420209 
258500 	 0.8261669 
259000 	 0.7270601 
259500 	 0.8064941 
260000 	 0.7405459 
260500 	 0.7361571 
261000 	 0.8173544 
261500 	 0.7522673 
262000 	 0.8888109 
262500 	 0.8261579 
263000 	 0.82216 
263500 	 0.7931369 
264000 	 0.7390314 
264500 	 0.6759426 
265000 	 0.7406814 
265500 	 0.7827613 
266000 	 0.7749621 
266500 	 0.7871366 
267000 	 0.8228172 
267500 	 0.8100809 
268000 	 0.7415598 
268500 	 0.8020737 
269000 	 0.7673994 
269500 	 0.737594 
270000 	 0.8031532 
270500 	 0.7650056 
271000 	 0.7910302 
271500 	 0.7507753 
272000 	 0.7314804 
272500 	 0.8051954 
273000 	 0.8279605 
273500 	 0.8115785 
274000 	 0.7936157 
274500 	 0.8255003 
275000 	 0.7671968 
275500 	 0.7470071 
276000 	 0.7584802 
276500 	 0.8389713 
277000 	 0.7651457 
277500 	 0.8287567 
278000 	 0.8196707 
278500 	 0.7356091 
279000 	 0.7529666 
279500 	 0.857802 
280000 	 0.7258995 
280500 	 0.8036629 
281000 	 0.7360118 
281500 	 0.752651 
282000 	 0.7919748 
282500 	 0.6389471 
283000 	 0.7571281 
283500 	 0.7133101 
284000 	 0.765906 
284500 	 0.8162593 
285000 	 0.805749 
285500 	 0.7187112 
286000 	 0.7747647 
286500 	 0.7666797 
287000 	 0.7991034 
287500 	 0.7641212 
288000 	 0.7451917 
288500 	 0.8314443 
289000 	 0.878456 
289500 	 0.7571394 
290000 	 0.6787388 
290500 	 0.8325471 
291000 	 0.8409689 
291500 	 0.7727363 
292000 	 0.77687 
292500 	 0.7625852 
293000 	 0.6351289 
293500 	 0.8752763 
294000 	 0.7746835 
294500 	 0.6781862 
295000 	 0.7330531 
295500 	 0.8452936 
296000 	 0.8445744 
296500 	 0.8169377 
297000 	 0.7285565 
297500 	 0.6870089 
298000 	 0.6953865 
298500 	 0.82762 
299000 	 0.6992721 
299500 	 0.6957306 
300000 	 0.6672036 
300500 	 0.6685142 
301000 	 0.7962924 
301500 	 0.811395 
302000 	 0.7960623 
302500 	 0.7816639 
303000 	 0.7458909 
303500 	 0.8337793 
304000 	 0.8451496 
304500 	 0.6833253 
305000 	 0.7846726 
305500 	 0.719164 
306000 	 0.7282801 
306500 	 0.8415819 
307000 	 0.7650846 
307500 	 0.7374112 
308000 	 0.6941852 
308500 	 0.7453003 
309000 	 0.7940674 
309500 	 0.8191971 
310000 	 0.7498009 
310500 	 0.7789397 
311000 	 0.7803461 
311500 	 0.7443678 
312000 	 0.8334306 
312500 	 0.804869 
313000 	 0.8604691 
313500 	 0.8009773 
314000 	 0.8493811 
314500 	 0.6583722 
315000 	 0.8197806 
315500 	 0.7948878 
316000 	 0.7582003 
316500 	 0.8123429 
317000 	 0.7022356 
317500 	 0.8993599 
318000 	 0.7610235 
318500 	 0.8066374 
319000 	 0.756451 
319500 	 0.8243267 
320000 	 0.7364366 
320500 	 0.6917601 
321000 	 0.738079 
321500 	 0.7521696 
322000 	 0.7197995 
322500 	 0.7758908 
323000 	 0.7545265 
323500 	 0.8104835 
324000 	 0.8480499 
324500 	 0.7422835 
325000 	 0.7863979 
325500 	 0.8587519 
326000 	 0.6855711 
326500 	 0.7858388 
327000 	 0.6396696 
327500 	 0.6730015 
328000 	 0.7396661 
328500 	 0.7934583 
329000 	 0.7647436 
329500 	 0.7744252 
330000 	 0.7877074 
330500 	 0.7349742 
331000 	 0.8649799 
331500 	 0.7383241 
332000 	 0.7996617 
332500 	 0.7041756 
333000 	 0.7514692 
333500 	 0.7100905 
334000 	 0.7759183 
334500 	 0.7044991 
335000 	 0.7712909 
335500 	 0.7397274 
336000 	 0.8178082 
336500 	 0.7121659 
337000 	 0.7783917 
337500 	 0.7175556 
338000 	 0.7458844 
338500 	 0.7190227 
339000 	 0.7978726 
339500 	 0.6834299 
340000 	 0.8074291 
340500 	 0.6509262 
341000 	 0.8573943 
341500 	 0.769534 
342000 	 0.8204623 
342500 	 0.8388481 
343000 	 0.755882 
343500 	 0.7600891 
344000 	 0.8219106 
344500 	 0.8626352 
345000 	 0.7397607 
345500 	 0.8112593 
346000 	 0.7609185 
346500 	 0.6459678 
347000 	 0.7903735 
347500 	 0.6946632 
348000 	 0.7934359 
348500 	 0.7648994 
349000 	 0.7714893 
349500 	 0.7706911 
350000 	 0.8090681 
350500 	 0.7463042 
351000 	 0.7356944 
351500 	 0.7198267 
352000 	 0.7888388 
352500 	 0.7515219 
353000 	 0.7824032 
353500 	 0.7239552 
354000 	 0.7806079 
354500 	 0.7459204 
355000 	 0.7350541 
355500 	 0.8332426 
356000 	 0.6873937 
356500 	 0.8445088 
357000 	 0.7785189 
357500 	 0.8416093 
358000 	 0.6150449 
358500 	 0.7361079 
359000 	 0.7988059 
359500 	 0.6774697 
360000 	 0.7872802 
360500 	 0.6504395 
361000 	 0.7387753 
361500 	 0.8330755 
362000 	 0.6917747 
362500 	 0.697384 
363000 	 0.7424632 
363500 	 0.7829494 
364000 	 0.7863179 
364500 	 0.8463983 
365000 	 0.7201704 
365500 	 0.8251449 
366000 	 0.7495593 
366500 	 0.7003694 
367000 	 0.7623588 
367500 	 0.873775 
368000 	 0.6640821 
368500 	 0.8004774 
369000 	 0.6985291 
369500 	 0.7705739 
370000 	 0.6660992 
370500 	 0.7959429 
371000 	 0.8063296 
371500 	 0.8002317 
372000 	 0.7465297 
372500 	 0.7788408 
373000 	 0.8183432 
373500 	 0.8408995 
374000 	 0.8369153 
374500 	 0.8058257 
375000 	 0.7750057 
375500 	 0.789054 
376000 	 0.7981041 
376500 	 0.7561185 
377000 	 0.8132251 
377500 	 0.7672573 
378000 	 0.7783216 
378500 	 0.7155653 
379000 	 0.6677365 
379500 	 0.725612 
380000 	 0.8220933 
380500 	 0.7357666 
381000 	 0.78675 
381500 	 0.7288916 
382000 	 0.7439119 
382500 	 0.7873597 
383000 	 0.7643381 
383500 	 0.7889964 
384000 	 0.7059727 
384500 	 0.6428477 
385000 	 0.7500527 
385500 	 0.8290861 
386000 	 0.7388042 
386500 	 0.7571908 
387000 	 0.7467809 
387500 	 0.782119 
388000 	 0.7979029 
388500 	 0.8143855 
389000 	 0.8124621 
389500 	 0.725266 
390000 	 0.7439008 
390500 	 0.8175125 
391000 	 0.7885519 
391500 	 0.7606093 
392000 	 0.7771199 
392500 	 0.6945121 
393000 	 0.7212491 
393500 	 0.7409596 
394000 	 0.7266737 
394500 	 0.7568142 
395000 	 0.8318092 
395500 	 0.8143682 
396000 	 0.8570423 
396500 	 0.7320719 
397000 	 0.8241371 
397500 	 0.7209491 
398000 	 0.7241828 
398500 	 0.7726243 
399000 	 0.7656551 
399500 	 0.7682429 
400000 	 0.8364157 
400500 	 0.7248257 
401000 	 0.7380561 
401500 	 0.8064923 
402000 	 0.7891366 
402500 	 0.8307323 
403000 	 0.6592675 
403500 	 0.7543346 
404000 	 0.7898302 
404500 	 0.6745023 
405000 	 0.7222106 
405500 	 0.803059 
406000 	 0.7314381 
406500 	 0.8726002 
407000 	 0.7268765 
407500 	 0.7761009 
408000 	 0.7776075 
408500 	 0.855172 
409000 	 0.775915 
409500 	 0.7560488 
410000 	 0.6862234 
410500 	 0.7632463 
411000 	 0.7695303 
411500 	 0.7526665 
412000 	 0.8085795 
412500 	 0.7068436 
413000 	 0.6717464 
413500 	 0.7097281 
414000 	 0.7517488 
414500 	 0.8369834 
415000 	 0.7064315 
415500 	 0.8453313 
416000 	 0.6353285 
416500 	 0.7641206 
417000 	 0.7401531 
417500 	 0.7523389 
418000 	 0.7956138 
418500 	 0.7499636 
419000 	 0.7151289 
419500 	 0.7302048 
420000 	 0.7993312 
420500 	 0.7835948 
421000 	 0.699639 
421500 	 0.7331791 
422000 	 0.8198084 
422500 	 0.7973664 
423000 	 0.7387287 
423500 	 0.7221492 
424000 	 0.710733 
424500 	 0.8268962 
425000 	 0.8119001 
425500 	 0.7019135 
426000 	 0.7099929 
426500 	 0.7331753 
427000 	 0.7919547 
427500 	 0.7362144 
428000 	 0.7990886 
428500 	 0.7866364 
429000 	 0.7521402 
429500 	 0.7769716 
430000 	 0.7813917 
430500 	 0.6412101 
431000 	 0.797605 
431500 	 0.7491207 
432000 	 0.7971643 
432500 	 0.7975787 
433000 	 0.8181556 
433500 	 0.8309646 
434000 	 0.7162471 
434500 	 0.6700076 
435000 	 0.7988752 
435500 	 0.7904703 
436000 	 0.8544818 
436500 	 0.7401021 
437000 	 0.7338955 
437500 	 0.7661795 
438000 	 0.8421102 
438500 	 0.7961314 
439000 	 0.7627632 
439500 	 0.7805954 
440000 	 0.7380707 
440500 	 0.7818886 
441000 	 0.7131615 
441500 	 0.767064 
442000 	 0.8301646 
442500 	 0.8250452 
443000 	 0.7425434 
443500 	 0.7490127 
444000 	 0.7425205 
444500 	 0.785423 
445000 	 0.8197008 
445500 	 0.7459485 
446000 	 0.8096967 
446500 	 0.8169065 
447000 	 0.7481585 
447500 	 0.7966129 
448000 	 0.7230179 
448500 	 0.8161193 
449000 	 0.7612999 
449500 	 0.8326557 
450000 	 0.7543872 
450500 	 0.8606261 
451000 	 0.7112641 
451500 	 0.8487219 
452000 	 0.7440171 
452500 	 0.7558021 
453000 	 0.7275502 
453500 	 0.8047635 
454000 	 0.6863479 
454500 	 0.7762218 
455000 	 0.7097675 
455500 	 0.8243902 
456000 	 0.7647378 
456500 	 0.8529543 
457000 	 0.785032 
457500 	 0.6799912 
458000 	 0.7603422 
458500 	 0.6794711 
459000 	 0.7808425 
459500 	 0.7933903 
460000 	 0.6979292 
460500 	 0.7124756 
461000 	 0.8030916 
461500 	 0.7309827 
462000 	 0.7537723 
462500 	 0.7332934 
463000 	 0.8076974 
463500 	 0.7611222 
464000 	 0.8056666 
464500 	 0.8184821 
465000 	 0.7113304 
465500 	 0.6899903 
466000 	 0.7654481 
466500 	 0.7451091 
467000 	 0.7269068 
467500 	 0.6719932 
468000 	 0.7261265 
468500 	 0.7903601 
469000 	 0.7536327 
469500 	 0.7628703 
470000 	 0.7683754 
470500 	 0.8702533 
471000 	 0.8166672 
471500 	 0.785781 
472000 	 0.7574584 
472500 	 0.7918133 
473000 	 0.8291539 
473500 	 0.7273529 
474000 	 0.8058931 
474500 	 0.6603034 
475000 	 0.7038782 
475500 	 0.8383694 
476000 	 0.7391606 
476500 	 0.7379396 
477000 	 0.8021693 
477500 	 0.7536497 
478000 	 0.8295194 
478500 	 0.7482447 
479000 	 0.7265995 
479500 	 0.7902311 
480000 	 0.7655061 
480500 	 0.7888081 
481000 	 0.7829187 
481500 	 0.7648233 
482000 	 0.7942773 
482500 	 0.8082119 
483000 	 0.6923139 
483500 	 0.7699686 
484000 	 0.7157645 
484500 	 0.8102045 
485000 	 0.7925285 
485500 	 0.802548 
486000 	 0.6443368 
486500 	 0.799352 
487000 	 0.8021218 
487500 	 0.7165031 
488000 	 0.8127447 
488500 	 0.8062822 
489000 	 0.7340406 
489500 	 0.7096896 
490000 	 0.7065685 
490500 	 0.7177836 
491000 	 0.7266561 
491500 	 0.7072603 
492000 	 0.8318473 
492500 	 0.7065464 
493000 	 0.6240717 
493500 	 0.6887656 
494000 	 0.791447 
494500 	 0.8422306 
495000 	 0.7059646 
495500 	 0.8005936 
496000 	 0.7653573 
496500 	 0.7036129 
497000 	 0.7548688 
497500 	 0.7326863 
498000 	 0.8151154 
498500 	 0.7410574 
499000 	 0.7559541 
499500 	 0.784505 
500000 	 0.7781424 
