iter 	 p
500 	 0.4990817 
1000 	 0.5888427 
1500 	 0.579564 
2000 	 0.7192853 
2500 	 0.4313372 
3000 	 0.5151718 
3500 	 0.4394597 
4000 	 0.4941479 
4500 	 0.4718208 
5000 	 0.4331897 
5500 	 0.5123243 
6000 	 0.4633188 
6500 	 0.5250922 
7000 	 0.4035959 
7500 	 0.4713582 
8000 	 0.517022 
8500 	 0.371805 
9000 	 0.4567805 
9500 	 0.4699918 
10000 	 0.4441356 
10500 	 0.4580931 
11000 	 0.4194789 
11500 	 0.6317778 
12000 	 0.6003279 
12500 	 0.4316996 
13000 	 0.4633342 
13500 	 0.6015506 
14000 	 0.4166511 
14500 	 0.5537351 
15000 	 0.5330381 
15500 	 0.5994913 
16000 	 0.5154933 
16500 	 0.5813879 
17000 	 0.3506347 
17500 	 0.5263001 
18000 	 0.4973599 
18500 	 0.4557333 
19000 	 0.4489035 
19500 	 0.4616223 
20000 	 0.5435971 
20500 	 0.4695516 
21000 	 0.5045417 
21500 	 0.4934327 
22000 	 0.5083696 
22500 	 0.4953075 
23000 	 0.5678576 
23500 	 0.5134242 
24000 	 0.7349161 
24500 	 0.467084 
25000 	 0.3653935 
25500 	 0.3850906 
26000 	 0.4731918 
26500 	 0.511722 
27000 	 0.4570798 
27500 	 0.6375999 
28000 	 0.5520798 
28500 	 0.4515545 
29000 	 0.5281837 
29500 	 0.352184 
30000 	 0.374495 
30500 	 0.3904265 
31000 	 0.6569621 
31500 	 0.4815284 
32000 	 0.516951 
32500 	 0.5711545 
33000 	 0.4479154 
33500 	 0.4679879 
34000 	 0.5823606 
34500 	 0.4743772 
35000 	 0.5358225 
35500 	 0.3461919 
36000 	 0.5244483 
36500 	 0.2857315 
37000 	 0.6404238 
37500 	 0.5563848 
38000 	 0.3399959 
38500 	 0.518864 
39000 	 0.5875466 
39500 	 0.446893 
40000 	 0.5295094 
40500 	 0.4972187 
41000 	 0.3655059 
41500 	 0.2746989 
42000 	 0.5725579 
42500 	 0.5024299 
43000 	 0.4780395 
43500 	 0.527145 
44000 	 0.4659305 
44500 	 0.5884986 
45000 	 0.514049 
45500 	 0.4274578 
46000 	 0.33617 
46500 	 0.5916078 
47000 	 0.6613915 
47500 	 0.5329508 
48000 	 0.531064 
48500 	 0.5140624 
49000 	 0.5496374 
49500 	 0.3280613 
50000 	 0.5117258 
50500 	 0.3495408 
51000 	 0.5003562 
51500 	 0.3594499 
52000 	 0.424993 
52500 	 0.3914754 
53000 	 0.5887284 
53500 	 0.5872936 
54000 	 0.5910314 
54500 	 0.509973 
55000 	 0.4451423 
55500 	 0.7599227 
56000 	 0.4970293 
56500 	 0.328532 
57000 	 0.5182538 
57500 	 0.6556604 
58000 	 0.4872026 
58500 	 0.4083257 
59000 	 0.5516631 
59500 	 0.4690078 
60000 	 0.389344 
60500 	 0.5762654 
61000 	 0.2740213 
61500 	 0.426349 
62000 	 0.4295554 
62500 	 0.6791687 
63000 	 0.605217 
63500 	 0.4491425 
64000 	 0.477106 
64500 	 0.5709413 
65000 	 0.6342526 
65500 	 0.574355 
66000 	 0.5247475 
66500 	 0.6045382 
67000 	 0.4645468 
67500 	 0.4233543 
68000 	 0.4903955 
68500 	 0.4197182 
69000 	 0.5627951 
69500 	 0.5148063 
70000 	 0.573568 
70500 	 0.4183734 
71000 	 0.5125204 
71500 	 0.6088692 
72000 	 0.5768631 
72500 	 0.4805745 
73000 	 0.5357574 
73500 	 0.5480143 
74000 	 0.3627017 
74500 	 0.4706439 
75000 	 0.552892 
75500 	 0.7125258 
76000 	 0.5851158 
76500 	 0.4203464 
77000 	 0.4279924 
77500 	 0.3903962 
78000 	 0.5593765 
78500 	 0.3779561 
79000 	 0.3534864 
79500 	 0.5484642 
80000 	 0.5006603 
80500 	 0.403205 
81000 	 0.5846549 
81500 	 0.5483528 
82000 	 0.398497 
82500 	 0.7854267 
83000 	 0.5769837 
83500 	 0.453996 
84000 	 0.6441116 
84500 	 0.4480747 
85000 	 0.4690155 
85500 	 0.6730976 
86000 	 0.5091969 
86500 	 0.3980604 
87000 	 0.4349479 
87500 	 0.5801007 
88000 	 0.5333262 
88500 	 0.362886 
89000 	 0.2868027 
89500 	 0.6084767 
90000 	 0.3634882 
90500 	 0.4196587 
91000 	 0.3788163 
91500 	 0.5122839 
92000 	 0.371416 
92500 	 0.5589167 
93000 	 0.3963788 
93500 	 0.658733 
94000 	 0.6253656 
94500 	 0.4653922 
95000 	 0.6634926 
95500 	 0.6310994 
96000 	 0.3045904 
96500 	 0.410297 
97000 	 0.4291731 
97500 	 0.563552 
98000 	 0.5449625 
98500 	 0.5985057 
99000 	 0.360248 
99500 	 0.5579238 
100000 	 0.3151787 
100500 	 0.5437043 
101000 	 0.5881426 
101500 	 0.5025213 
102000 	 0.3396742 
102500 	 0.55431 
103000 	 0.5501733 
103500 	 0.5085656 
104000 	 0.537194 
104500 	 0.5742574 
105000 	 0.5314044 
105500 	 0.6868126 
106000 	 0.3447895 
106500 	 0.5371868 
107000 	 0.4054305 
107500 	 0.5376145 
108000 	 0.3770179 
108500 	 0.4150432 
109000 	 0.5053085 
109500 	 0.5408582 
110000 	 0.4083036 
110500 	 0.4651933 
111000 	 0.457833 
111500 	 0.6827564 
112000 	 0.4251412 
112500 	 0.3310248 
113000 	 0.313416 
113500 	 0.4605513 
114000 	 0.4314048 
114500 	 0.3666644 
115000 	 0.5450622 
115500 	 0.595202 
116000 	 0.6222525 
116500 	 0.5896615 
117000 	 0.4274499 
117500 	 0.4667944 
118000 	 0.4485548 
118500 	 0.5623811 
119000 	 0.399635 
119500 	 0.5189184 
120000 	 0.4295867 
120500 	 0.3233492 
121000 	 0.6295419 
121500 	 0.575689 
122000 	 0.6310455 
122500 	 0.3929477 
123000 	 0.3856766 
123500 	 0.4022024 
124000 	 0.4112574 
124500 	 0.4767263 
125000 	 0.6483198 
125500 	 0.5657459 
126000 	 0.591343 
126500 	 0.4891885 
127000 	 0.27925 
127500 	 0.5292052 
128000 	 0.3640401 
128500 	 0.421837 
129000 	 0.4938873 
129500 	 0.3733501 
130000 	 0.3768645 
130500 	 0.6014579 
131000 	 0.5327243 
131500 	 0.6035116 
132000 	 0.5146947 
132500 	 0.6235581 
133000 	 0.3070598 
133500 	 0.4899785 
134000 	 0.6895535 
134500 	 0.4208862 
135000 	 0.6257773 
135500 	 0.5453694 
136000 	 0.4648363 
136500 	 0.4858573 
137000 	 0.4571578 
137500 	 0.3954763 
138000 	 0.597601 
138500 	 0.4959689 
139000 	 0.6498697 
139500 	 0.6427785 
140000 	 0.5269854 
140500 	 0.4851737 
141000 	 0.2525111 
141500 	 0.3037426 
142000 	 0.4770442 
142500 	 0.6546897 
143000 	 0.4376184 
143500 	 0.5428882 
144000 	 0.6209396 
144500 	 0.4815355 
145000 	 0.4305753 
145500 	 0.5288627 
146000 	 0.4972996 
146500 	 0.5982836 
147000 	 0.4775144 
147500 	 0.4358171 
148000 	 0.4565778 
148500 	 0.4959974 
149000 	 0.4382888 
149500 	 0.4894645 
150000 	 0.551187 
150500 	 0.4674077 
151000 	 0.627972 
151500 	 0.52638 
152000 	 0.4606286 
152500 	 0.394453 
153000 	 0.5567366 
153500 	 0.4336342 
154000 	 0.4432313 
154500 	 0.4553948 
155000 	 0.4008964 
155500 	 0.4593269 
156000 	 0.4951003 
156500 	 0.4800028 
157000 	 0.4532124 
157500 	 0.4742717 
158000 	 0.5759844 
158500 	 0.5109117 
159000 	 0.4772296 
159500 	 0.5869442 
160000 	 0.5191953 
160500 	 0.5258658 
161000 	 0.5531134 
161500 	 0.514819 
162000 	 0.403373 
162500 	 0.4025812 
163000 	 0.4970643 
163500 	 0.3305172 
164000 	 0.5353944 
164500 	 0.4377861 
165000 	 0.5821006 
165500 	 0.5466189 
166000 	 0.5206664 
166500 	 0.4798453 
167000 	 0.3853125 
167500 	 0.5146188 
168000 	 0.5143477 
168500 	 0.5564836 
169000 	 0.4419061 
169500 	 0.478778 
170000 	 0.4768647 
170500 	 0.3943841 
171000 	 0.587448 
171500 	 0.6217598 
172000 	 0.5545961 
172500 	 0.3838844 
173000 	 0.7068717 
173500 	 0.4495348 
174000 	 0.329739 
174500 	 0.5290784 
175000 	 0.5501244 
175500 	 0.4330173 
176000 	 0.5421072 
176500 	 0.5906837 
177000 	 0.4860867 
177500 	 0.5439791 
178000 	 0.5245622 
178500 	 0.3299337 
179000 	 0.5591189 
179500 	 0.3395608 
180000 	 0.3760383 
180500 	 0.5038965 
181000 	 0.4959108 
181500 	 0.4448533 
182000 	 0.5445932 
182500 	 0.4882558 
183000 	 0.268749 
183500 	 0.4923141 
184000 	 0.6022895 
184500 	 0.4554972 
185000 	 0.5343324 
185500 	 0.5053573 
186000 	 0.6114841 
186500 	 0.3541041 
187000 	 0.5191218 
187500 	 0.5707012 
188000 	 0.5806189 
188500 	 0.387615 
189000 	 0.4356177 
189500 	 0.5493496 
190000 	 0.2545379 
190500 	 0.5735995 
191000 	 0.5136129 
191500 	 0.5558727 
192000 	 0.5271836 
192500 	 0.4626585 
193000 	 0.4853601 
193500 	 0.52887 
194000 	 0.4977571 
194500 	 0.5901211 
195000 	 0.3512922 
195500 	 0.6720107 
196000 	 0.5010983 
196500 	 0.4150911 
197000 	 0.3768876 
197500 	 0.5147286 
198000 	 0.5025223 
198500 	 0.5554202 
199000 	 0.5662898 
199500 	 0.5230375 
200000 	 0.5605877 
200500 	 0.6320119 
201000 	 0.3847819 
201500 	 0.5227097 
202000 	 0.4591059 
202500 	 0.5066087 
203000 	 0.5447985 
203500 	 0.5692157 
204000 	 0.5367837 
204500 	 0.4383936 
205000 	 0.4809722 
205500 	 0.6368653 
206000 	 0.5502445 
206500 	 0.5408649 
207000 	 0.4780698 
207500 	 0.4243439 
208000 	 0.5963749 
208500 	 0.4569622 
209000 	 0.5243535 
209500 	 0.6110911 
210000 	 0.4370991 
210500 	 0.4284069 
211000 	 0.5107427 
211500 	 0.4942189 
212000 	 0.3873089 
212500 	 0.5664452 
213000 	 0.4848203 
213500 	 0.4453 
214000 	 0.4920153 
214500 	 0.3799217 
215000 	 0.3964374 
215500 	 0.6573619 
216000 	 0.5307608 
216500 	 0.5511224 
217000 	 0.4554929 
217500 	 0.4289352 
218000 	 0.6057068 
218500 	 0.3732836 
219000 	 0.2717819 
219500 	 0.5932236 
220000 	 0.6723643 
220500 	 0.6058335 
221000 	 0.5034185 
221500 	 0.4184041 
222000 	 0.3313292 
222500 	 0.4444622 
223000 	 0.4740362 
223500 	 0.6076629 
224000 	 0.5049499 
224500 	 0.5769874 
225000 	 0.364786 
225500 	 0.3329173 
226000 	 0.3722579 
226500 	 0.5297427 
227000 	 0.5132234 
227500 	 0.5842212 
228000 	 0.5254885 
228500 	 0.527869 
229000 	 0.5160792 
229500 	 0.6106143 
230000 	 0.4056467 
230500 	 0.4474087 
231000 	 0.5186664 
231500 	 0.6164566 
232000 	 0.4726418 
232500 	 0.4130365 
233000 	 0.5375644 
233500 	 0.6887713 
234000 	 0.5174134 
234500 	 0.5402205 
235000 	 0.4688635 
235500 	 0.5942703 
236000 	 0.5415686 
236500 	 0.6214286 
237000 	 0.5716071 
237500 	 0.595023 
238000 	 0.4633409 
238500 	 0.547663 
239000 	 0.4856841 
239500 	 0.5141023 
240000 	 0.6251823 
240500 	 0.5976363 
241000 	 0.4509232 
241500 	 0.5118102 
242000 	 0.4277589 
242500 	 0.4877726 
243000 	 0.5966567 
243500 	 0.5529349 
244000 	 0.420557 
244500 	 0.6605284 
245000 	 0.46582 
245500 	 0.5920614 
246000 	 0.448245 
246500 	 0.5148154 
247000 	 0.5229043 
247500 	 0.4493543 
248000 	 0.4967299 
248500 	 0.4884983 
249000 	 0.4119114 
249500 	 0.3899703 
250000 	 0.4569905 
250500 	 0.4009557 
251000 	 0.4879888 
251500 	 0.4642588 
252000 	 0.6024318 
252500 	 0.4625937 
253000 	 0.5157455 
253500 	 0.363761 
254000 	 0.3625159 
254500 	 0.6969238 
255000 	 0.5381015 
255500 	 0.4319561 
256000 	 0.4631977 
256500 	 0.4981765 
257000 	 0.4389512 
257500 	 0.463378 
258000 	 0.4627343 
258500 	 0.426891 
259000 	 0.4554554 
259500 	 0.4746108 
260000 	 0.4968967 
260500 	 0.5952035 
261000 	 0.3777726 
261500 	 0.5489264 
262000 	 0.4083663 
262500 	 0.3769466 
263000 	 0.6344365 
263500 	 0.3140699 
264000 	 0.4100289 
264500 	 0.5837639 
265000 	 0.5054881 
265500 	 0.4383326 
266000 	 0.313284 
266500 	 0.6355183 
267000 	 0.5484331 
267500 	 0.5828575 
268000 	 0.5555767 
268500 	 0.6423726 
269000 	 0.5519113 
269500 	 0.7517725 
270000 	 0.4156405 
270500 	 0.4685389 
271000 	 0.5981401 
271500 	 0.4086081 
272000 	 0.4348388 
272500 	 0.3527236 
273000 	 0.5588024 
273500 	 0.5627217 
274000 	 0.463149 
274500 	 0.5179558 
275000 	 0.534714 
275500 	 0.5764424 
276000 	 0.5637577 
276500 	 0.5102165 
277000 	 0.4850717 
277500 	 0.3673132 
278000 	 0.5067139 
278500 	 0.3979217 
279000 	 0.7295785 
279500 	 0.4816471 
280000 	 0.4506653 
280500 	 0.3809476 
281000 	 0.4901401 
281500 	 0.4913759 
282000 	 0.4028823 
282500 	 0.4972888 
283000 	 0.4639718 
283500 	 0.3612263 
284000 	 0.5788247 
284500 	 0.5404577 
285000 	 0.5290975 
285500 	 0.5310282 
286000 	 0.4248942 
286500 	 0.5659815 
287000 	 0.4109909 
287500 	 0.6738623 
288000 	 0.4916686 
288500 	 0.3842489 
289000 	 0.5054219 
289500 	 0.6377153 
290000 	 0.5077825 
290500 	 0.5967942 
291000 	 0.609445 
291500 	 0.6151792 
292000 	 0.4322063 
292500 	 0.4718894 
293000 	 0.3233057 
293500 	 0.3619315 
294000 	 0.3879414 
294500 	 0.4409427 
295000 	 0.4532292 
295500 	 0.4380871 
296000 	 0.4843639 
296500 	 0.4714159 
297000 	 0.4086285 
297500 	 0.4362432 
298000 	 0.3056561 
298500 	 0.6095818 
299000 	 0.450108 
299500 	 0.4725806 
300000 	 0.522047 
300500 	 0.5077403 
301000 	 0.4914241 
301500 	 0.518491 
302000 	 0.399624 
302500 	 0.4133101 
303000 	 0.3968588 
303500 	 0.7117968 
304000 	 0.3545691 
304500 	 0.4923382 
305000 	 0.5654022 
305500 	 0.3980114 
306000 	 0.4235785 
306500 	 0.3508898 
307000 	 0.5125537 
307500 	 0.6002258 
308000 	 0.4816949 
308500 	 0.5134258 
309000 	 0.4491429 
309500 	 0.3929655 
310000 	 0.4954828 
310500 	 0.5484702 
311000 	 0.4931043 
311500 	 0.5065021 
312000 	 0.4533155 
312500 	 0.3364001 
313000 	 0.3111874 
313500 	 0.3934013 
314000 	 0.5629498 
314500 	 0.4718105 
315000 	 0.4604317 
315500 	 0.4223457 
316000 	 0.4660453 
316500 	 0.4859507 
317000 	 0.4287848 
317500 	 0.5571008 
318000 	 0.5134515 
318500 	 0.4467317 
319000 	 0.5619269 
319500 	 0.6078087 
320000 	 0.3700565 
320500 	 0.4564029 
321000 	 0.5144357 
321500 	 0.3135369 
322000 	 0.4054581 
322500 	 0.4954865 
323000 	 0.3492446 
323500 	 0.4733938 
324000 	 0.580665 
324500 	 0.5521308 
325000 	 0.3998006 
325500 	 0.4765522 
326000 	 0.5220727 
326500 	 0.4834547 
327000 	 0.4376143 
327500 	 0.5455771 
328000 	 0.5358345 
328500 	 0.3350408 
329000 	 0.6022329 
329500 	 0.5622059 
330000 	 0.537291 
330500 	 0.4916415 
331000 	 0.541908 
331500 	 0.3789517 
332000 	 0.550485 
332500 	 0.590924 
333000 	 0.4846701 
333500 	 0.5761958 
334000 	 0.4361239 
334500 	 0.5841463 
335000 	 0.4212291 
335500 	 0.6083068 
336000 	 0.6167644 
336500 	 0.5686421 
337000 	 0.4982569 
337500 	 0.4788353 
338000 	 0.5513206 
338500 	 0.5030168 
339000 	 0.4841924 
339500 	 0.3915981 
340000 	 0.443519 
340500 	 0.4798216 
341000 	 0.5014163 
341500 	 0.4931811 
342000 	 0.6046202 
342500 	 0.4398827 
343000 	 0.5867446 
343500 	 0.496015 
344000 	 0.4709666 
344500 	 0.487228 
345000 	 0.5367513 
345500 	 0.3837458 
346000 	 0.4369692 
346500 	 0.304918 
347000 	 0.5409859 
347500 	 0.4874613 
348000 	 0.3973286 
348500 	 0.3969063 
349000 	 0.4110429 
349500 	 0.4572426 
350000 	 0.4040927 
350500 	 0.424617 
351000 	 0.4056959 
351500 	 0.5049534 
352000 	 0.3138606 
352500 	 0.5308063 
353000 	 0.3524305 
353500 	 0.5411533 
354000 	 0.368833 
354500 	 0.5391559 
355000 	 0.3896401 
355500 	 0.5207881 
356000 	 0.5049583 
356500 	 0.4948998 
357000 	 0.6365678 
357500 	 0.6217736 
358000 	 0.4343285 
358500 	 0.346413 
359000 	 0.4141024 
359500 	 0.4864334 
360000 	 0.5379193 
360500 	 0.4579217 
361000 	 0.5243036 
361500 	 0.4940868 
362000 	 0.3242265 
362500 	 0.4828638 
363000 	 0.5908142 
363500 	 0.4333707 
364000 	 0.5252358 
364500 	 0.6012327 
365000 	 0.4751797 
365500 	 0.4724245 
366000 	 0.3733124 
366500 	 0.5884691 
367000 	 0.5119018 
367500 	 0.5244814 
368000 	 0.3487511 
368500 	 0.2759262 
369000 	 0.6152179 
369500 	 0.3481069 
370000 	 0.5427443 
370500 	 0.3272576 
371000 	 0.3093273 
371500 	 0.5320783 
372000 	 0.4569621 
372500 	 0.5857553 
373000 	 0.4955485 
373500 	 0.5857383 
374000 	 0.6171511 
374500 	 0.3868469 
375000 	 0.4400594 
375500 	 0.5157562 
376000 	 0.4575744 
376500 	 0.6450572 
377000 	 0.258331 
377500 	 0.4958622 
378000 	 0.4566278 
378500 	 0.4536704 
379000 	 0.6205587 
379500 	 0.5976343 
380000 	 0.5026716 
380500 	 0.4827088 
381000 	 0.5122077 
381500 	 0.542893 
382000 	 0.3185419 
382500 	 0.4499694 
383000 	 0.6013378 
383500 	 0.5198461 
384000 	 0.4662363 
384500 	 0.5913785 
385000 	 0.3677695 
385500 	 0.4468369 
386000 	 0.5316892 
386500 	 0.4401539 
387000 	 0.3183212 
387500 	 0.6570066 
388000 	 0.3286107 
388500 	 0.3698944 
389000 	 0.4302698 
389500 	 0.2726792 
390000 	 0.5307791 
390500 	 0.6458239 
391000 	 0.4322462 
391500 	 0.4253744 
392000 	 0.5059543 
392500 	 0.4656192 
393000 	 0.5353498 
393500 	 0.5262167 
394000 	 0.5035249 
394500 	 0.4710371 
395000 	 0.4740391 
395500 	 0.4326033 
396000 	 0.3190901 
396500 	 0.4434806 
397000 	 0.5057193 
397500 	 0.412463 
398000 	 0.503622 
398500 	 0.5308686 
399000 	 0.4682069 
399500 	 0.3229973 
400000 	 0.3927902 
400500 	 0.3686689 
401000 	 0.4764144 
401500 	 0.497385 
402000 	 0.3887104 
402500 	 0.4029305 
403000 	 0.4704699 
403500 	 0.4798239 
404000 	 0.5955691 
404500 	 0.5572818 
405000 	 0.5427191 
405500 	 0.4550826 
406000 	 0.5261495 
406500 	 0.5089525 
407000 	 0.4103002 
407500 	 0.5118134 
408000 	 0.3883996 
408500 	 0.4234077 
409000 	 0.5649678 
409500 	 0.648893 
410000 	 0.4471807 
410500 	 0.692414 
411000 	 0.5868075 
411500 	 0.4030918 
412000 	 0.5886601 
412500 	 0.5341484 
413000 	 0.6733514 
413500 	 0.4949782 
414000 	 0.5805951 
414500 	 0.4360774 
415000 	 0.3103793 
415500 	 0.5188601 
416000 	 0.444544 
416500 	 0.4406143 
417000 	 0.374926 
417500 	 0.4997657 
418000 	 0.450653 
418500 	 0.6532021 
419000 	 0.3530266 
419500 	 0.4363521 
420000 	 0.5640195 
420500 	 0.4932499 
421000 	 0.5010506 
421500 	 0.5463859 
422000 	 0.5267194 
422500 	 0.6305569 
423000 	 0.6652835 
423500 	 0.328342 
424000 	 0.4628787 
424500 	 0.3344451 
425000 	 0.6735648 
425500 	 0.6583814 
426000 	 0.4214751 
426500 	 0.4520167 
427000 	 0.6310598 
427500 	 0.4560235 
428000 	 0.4384707 
428500 	 0.4221904 
429000 	 0.379956 
429500 	 0.5434058 
430000 	 0.4343798 
430500 	 0.4734123 
431000 	 0.5830738 
431500 	 0.4510703 
432000 	 0.5094491 
432500 	 0.5522992 
433000 	 0.5972411 
433500 	 0.4709353 
434000 	 0.2803463 
434500 	 0.5907016 
435000 	 0.5103372 
435500 	 0.6526666 
436000 	 0.4733263 
436500 	 0.3826805 
437000 	 0.4606668 
437500 	 0.2330635 
438000 	 0.6297742 
438500 	 0.4943831 
439000 	 0.5314376 
439500 	 0.6184915 
440000 	 0.488745 
440500 	 0.4593225 
441000 	 0.550802 
441500 	 0.4135045 
442000 	 0.4103143 
442500 	 0.4203189 
443000 	 0.6096412 
443500 	 0.5284616 
444000 	 0.4403959 
444500 	 0.5224177 
445000 	 0.4703472 
445500 	 0.6607048 
446000 	 0.3682655 
446500 	 0.5675262 
447000 	 0.5634857 
447500 	 0.5586823 
448000 	 0.570139 
448500 	 0.3683606 
449000 	 0.6105268 
449500 	 0.4944466 
450000 	 0.3627867 
450500 	 0.5764262 
451000 	 0.6318976 
451500 	 0.6474551 
452000 	 0.5238739 
452500 	 0.5808121 
453000 	 0.4605468 
453500 	 0.5357282 
454000 	 0.5124246 
454500 	 0.4638288 
455000 	 0.4121253 
455500 	 0.4766602 
456000 	 0.3279644 
456500 	 0.445717 
457000 	 0.6036298 
457500 	 0.6392685 
458000 	 0.5005921 
458500 	 0.5721087 
459000 	 0.4466438 
459500 	 0.4365959 
460000 	 0.4937873 
460500 	 0.5898377 
461000 	 0.3811537 
461500 	 0.4284631 
462000 	 0.5122249 
462500 	 0.3615976 
463000 	 0.488401 
463500 	 0.493002 
464000 	 0.4770961 
464500 	 0.4837047 
465000 	 0.5166049 
465500 	 0.3431298 
466000 	 0.4852388 
466500 	 0.4445855 
467000 	 0.4763384 
467500 	 0.5278167 
468000 	 0.4970352 
468500 	 0.3210388 
469000 	 0.6660369 
469500 	 0.4832285 
470000 	 0.4408715 
470500 	 0.4572292 
471000 	 0.3407848 
471500 	 0.5607808 
472000 	 0.6529358 
472500 	 0.4986508 
473000 	 0.4434594 
473500 	 0.5605622 
474000 	 0.5370128 
474500 	 0.304846 
475000 	 0.4718624 
475500 	 0.4856713 
476000 	 0.5041999 
476500 	 0.5300973 
477000 	 0.6115431 
477500 	 0.5020511 
478000 	 0.4666968 
478500 	 0.4562662 
479000 	 0.6340975 
479500 	 0.5128909 
480000 	 0.5662752 
480500 	 0.337667 
481000 	 0.3718551 
481500 	 0.4677724 
482000 	 0.5838722 
482500 	 0.5023737 
483000 	 0.6966195 
483500 	 0.609126 
484000 	 0.300988 
484500 	 0.5770492 
485000 	 0.4544314 
485500 	 0.4023031 
486000 	 0.4829808 
486500 	 0.553857 
487000 	 0.4780848 
487500 	 0.374376 
488000 	 0.4023371 
488500 	 0.5086629 
489000 	 0.499403 
489500 	 0.6293215 
490000 	 0.4727695 
490500 	 0.5532971 
491000 	 0.50154 
491500 	 0.6542171 
492000 	 0.5387597 
492500 	 0.4317111 
493000 	 0.4645024 
493500 	 0.48438 
494000 	 0.4614898 
494500 	 0.6198889 
495000 	 0.3806046 
495500 	 0.5554463 
496000 	 0.5194386 
496500 	 0.5074194 
497000 	 0.5573693 
497500 	 0.4418165 
498000 	 0.3868253 
498500 	 0.3821878 
499000 	 0.4515289 
499500 	 0.4731759 
500000 	 0.5113085 
