iter 	 p
500 	 0.4208168 
1000 	 0.4285072 
1500 	 0.4126734 
2000 	 0.4984353 
2500 	 0.3889818 
3000 	 0.4049819 
3500 	 0.3472398 
4000 	 0.2933992 
4500 	 0.3879172 
5000 	 0.538026 
5500 	 0.61012 
6000 	 0.4264219 
6500 	 0.396391 
7000 	 0.506896 
7500 	 0.3730074 
8000 	 0.1847557 
8500 	 0.3418221 
9000 	 0.5376932 
9500 	 0.4362383 
10000 	 0.5100253 
10500 	 0.4948174 
11000 	 0.3873037 
11500 	 0.4397227 
12000 	 0.5374533 
12500 	 0.4091419 
13000 	 0.4324353 
13500 	 0.4934741 
14000 	 0.3964531 
14500 	 0.4996333 
15000 	 0.4315485 
15500 	 0.440447 
16000 	 0.3179285 
16500 	 0.5349308 
17000 	 0.3856056 
17500 	 0.5507661 
18000 	 0.3273368 
18500 	 0.3724418 
19000 	 0.3686463 
19500 	 0.4864611 
20000 	 0.6089232 
20500 	 0.6260836 
21000 	 0.5214571 
21500 	 0.2399713 
22000 	 0.3587484 
22500 	 0.4167509 
23000 	 0.7531776 
23500 	 0.4488153 
24000 	 0.2286456 
24500 	 0.5265755 
25000 	 0.4433981 
25500 	 0.6782391 
26000 	 0.4164757 
26500 	 0.2959261 
27000 	 0.402023 
27500 	 0.4565452 
28000 	 0.3876598 
28500 	 0.4348336 
29000 	 0.2598825 
29500 	 0.5260665 
30000 	 0.5049849 
30500 	 0.5533878 
31000 	 0.4779435 
31500 	 0.4393746 
32000 	 0.5924718 
32500 	 0.4932735 
33000 	 0.3641291 
33500 	 0.5722802 
34000 	 0.3081794 
34500 	 0.5222103 
35000 	 0.3642112 
35500 	 0.4026632 
36000 	 0.3034743 
36500 	 0.417918 
37000 	 0.4935757 
37500 	 0.2935889 
38000 	 0.3187084 
38500 	 0.5056179 
39000 	 0.4151732 
39500 	 0.5438006 
40000 	 0.4103424 
40500 	 0.3798852 
41000 	 0.6074047 
41500 	 0.4396196 
42000 	 0.5493918 
42500 	 0.4332865 
43000 	 0.4905656 
43500 	 0.4491283 
44000 	 0.3326038 
44500 	 0.3862753 
45000 	 0.5081041 
45500 	 0.4463408 
46000 	 0.3529647 
46500 	 0.4887422 
47000 	 0.2789271 
47500 	 0.5447787 
48000 	 0.4170144 
48500 	 0.4422631 
49000 	 0.460521 
49500 	 0.3822417 
50000 	 0.5615108 
50500 	 0.2694449 
51000 	 0.7183757 
51500 	 0.5339936 
52000 	 0.4104909 
52500 	 0.3489324 
53000 	 0.4960015 
53500 	 0.4529448 
54000 	 0.2897058 
54500 	 0.4860875 
55000 	 0.3466099 
55500 	 0.4684386 
56000 	 0.4958066 
56500 	 0.415477 
57000 	 0.3778157 
57500 	 0.4447237 
58000 	 0.3119716 
58500 	 0.566242 
59000 	 0.3581846 
59500 	 0.4536522 
60000 	 0.5168826 
60500 	 0.4502187 
61000 	 0.4758075 
61500 	 0.6351232 
62000 	 0.5917782 
62500 	 0.4729703 
63000 	 0.3798749 
63500 	 0.3949486 
64000 	 0.2962226 
64500 	 0.3514323 
65000 	 0.4373402 
65500 	 0.5830077 
66000 	 0.4453386 
66500 	 0.5460725 
67000 	 0.4297299 
67500 	 0.462281 
68000 	 0.3755099 
68500 	 0.5115588 
69000 	 0.4592209 
69500 	 0.552744 
70000 	 0.4469175 
70500 	 0.3358442 
71000 	 0.3013893 
71500 	 0.3013914 
72000 	 0.5722404 
72500 	 0.5822007 
73000 	 0.4372805 
73500 	 0.443137 
74000 	 0.4805653 
74500 	 0.4862293 
75000 	 0.1047083 
75500 	 0.4531843 
76000 	 0.3612996 
76500 	 0.4059426 
77000 	 0.4786507 
77500 	 0.474368 
78000 	 0.3413452 
78500 	 0.3562155 
79000 	 0.3822205 
79500 	 0.5818981 
80000 	 0.4306387 
80500 	 0.3205344 
81000 	 0.3849201 
81500 	 0.4202641 
82000 	 0.5227256 
82500 	 0.2776229 
83000 	 0.3750518 
83500 	 0.5155734 
84000 	 0.5626865 
84500 	 0.406866 
85000 	 0.3146959 
85500 	 0.4199531 
86000 	 0.3094095 
86500 	 0.4261476 
87000 	 0.6489101 
87500 	 0.2909412 
88000 	 0.5201907 
88500 	 0.4112417 
89000 	 0.5143658 
89500 	 0.5691016 
90000 	 0.4239255 
90500 	 0.3126352 
91000 	 0.4525419 
91500 	 0.3459579 
92000 	 0.4820319 
92500 	 0.6513959 
93000 	 0.3311287 
93500 	 0.5714181 
94000 	 0.4065349 
94500 	 0.3721548 
95000 	 0.46597 
95500 	 0.2628201 
96000 	 0.3313861 
96500 	 0.3345674 
97000 	 0.4671746 
97500 	 0.3654855 
98000 	 0.4011712 
98500 	 0.3970797 
99000 	 0.4696479 
99500 	 0.1611899 
100000 	 0.3161111 
100500 	 0.5870508 
101000 	 0.2475716 
101500 	 0.3710794 
102000 	 0.5469827 
102500 	 0.5482768 
103000 	 0.4602399 
103500 	 0.5775971 
104000 	 0.3510459 
104500 	 0.4757437 
105000 	 0.5396851 
105500 	 0.4074021 
106000 	 0.3702999 
106500 	 0.686229 
107000 	 0.3898492 
107500 	 0.3792425 
108000 	 0.5350617 
108500 	 0.3764554 
109000 	 0.415265 
109500 	 0.5730972 
110000 	 0.5182047 
110500 	 0.4812741 
111000 	 0.270978 
111500 	 0.5032459 
112000 	 0.4429284 
112500 	 0.37595 
113000 	 0.2664549 
113500 	 0.3462462 
114000 	 0.6376139 
114500 	 0.3190136 
115000 	 0.4142355 
115500 	 0.3385906 
116000 	 0.4791518 
116500 	 0.3752877 
117000 	 0.2865114 
117500 	 0.4163291 
118000 	 0.2754575 
118500 	 0.3824479 
119000 	 0.2260375 
119500 	 0.4875627 
120000 	 0.4359909 
120500 	 0.3485465 
121000 	 0.5219176 
121500 	 0.2735639 
122000 	 0.566765 
122500 	 0.5501862 
123000 	 0.6711586 
123500 	 0.4805078 
124000 	 0.4749332 
124500 	 0.3649989 
125000 	 0.3627721 
125500 	 0.5159845 
126000 	 0.2645808 
126500 	 0.286613 
127000 	 0.3645214 
127500 	 0.5541639 
128000 	 0.5489709 
128500 	 0.5051399 
129000 	 0.3734254 
129500 	 0.4465872 
130000 	 0.4600599 
130500 	 0.4916762 
131000 	 0.2350458 
131500 	 0.3338832 
132000 	 0.2900556 
132500 	 0.5771038 
133000 	 0.450813 
133500 	 0.3523207 
134000 	 0.3328946 
134500 	 0.3840357 
135000 	 0.309971 
135500 	 0.3767975 
136000 	 0.4767846 
136500 	 0.6522873 
137000 	 0.5008274 
137500 	 0.4871624 
138000 	 0.5603877 
138500 	 0.4959924 
139000 	 0.4691769 
139500 	 0.5287668 
140000 	 0.3884315 
140500 	 0.3764126 
141000 	 0.4204347 
141500 	 0.6393041 
142000 	 0.4745933 
142500 	 0.304816 
143000 	 0.4092495 
143500 	 0.3416526 
144000 	 0.4458837 
144500 	 0.3862881 
145000 	 0.3944475 
145500 	 0.3621419 
146000 	 0.3311881 
146500 	 0.3918564 
147000 	 0.5037199 
147500 	 0.3583264 
148000 	 0.2867781 
148500 	 0.4704594 
149000 	 0.3136349 
149500 	 0.3204823 
150000 	 0.3038603 
150500 	 0.4321474 
151000 	 0.4510383 
151500 	 0.3959059 
152000 	 0.3965804 
152500 	 0.4816303 
153000 	 0.4359932 
153500 	 0.4497929 
154000 	 0.416056 
154500 	 0.3082579 
155000 	 0.4582274 
155500 	 0.4296669 
156000 	 0.4733897 
156500 	 0.3869941 
157000 	 0.3856326 
157500 	 0.4576887 
158000 	 0.4734649 
158500 	 0.3454682 
159000 	 0.5748789 
159500 	 0.4539652 
160000 	 0.3846419 
160500 	 0.5272839 
161000 	 0.1520242 
161500 	 0.479776 
162000 	 0.5073359 
162500 	 0.5985545 
163000 	 0.4795219 
163500 	 0.2978652 
164000 	 0.4620542 
164500 	 0.5824605 
165000 	 0.4983967 
165500 	 0.4820117 
166000 	 0.6135728 
166500 	 0.4026864 
167000 	 0.1830372 
167500 	 0.4430327 
168000 	 0.4249548 
168500 	 0.50607 
169000 	 0.4153112 
169500 	 0.3078604 
170000 	 0.5023926 
170500 	 0.3982885 
171000 	 0.494427 
171500 	 0.407005 
172000 	 0.4073983 
172500 	 0.4309668 
173000 	 0.5448883 
173500 	 0.4429695 
174000 	 0.4279587 
174500 	 0.3498842 
175000 	 0.5315823 
175500 	 0.4440871 
176000 	 0.3906284 
176500 	 0.4676465 
177000 	 0.3710809 
177500 	 0.363183 
178000 	 0.514396 
178500 	 0.4031256 
179000 	 0.2734228 
179500 	 0.2723333 
180000 	 0.3956365 
180500 	 0.2255353 
181000 	 0.5791678 
181500 	 0.4613585 
182000 	 0.4206435 
182500 	 0.5373969 
183000 	 0.3282907 
183500 	 0.3408199 
184000 	 0.596879 
184500 	 0.5705038 
185000 	 0.5823608 
185500 	 0.4872524 
186000 	 0.209402 
186500 	 0.4028437 
187000 	 0.5916504 
187500 	 0.4030853 
188000 	 0.3808547 
188500 	 0.474066 
189000 	 0.4231658 
189500 	 0.456699 
190000 	 0.3892766 
190500 	 0.4407757 
191000 	 0.4246174 
191500 	 0.3968984 
192000 	 0.5338106 
192500 	 0.4460523 
193000 	 0.1712049 
193500 	 0.362827 
194000 	 0.4487052 
194500 	 0.4700574 
195000 	 0.4411785 
195500 	 0.4468169 
196000 	 0.5151518 
196500 	 0.4283551 
197000 	 0.3039521 
197500 	 0.2995551 
198000 	 0.36712 
198500 	 0.5315315 
199000 	 0.4247846 
199500 	 0.5893346 
200000 	 0.4660277 
200500 	 0.574982 
201000 	 0.5245385 
201500 	 0.5496805 
202000 	 0.4715822 
202500 	 0.4362376 
203000 	 0.4231594 
203500 	 0.2388672 
204000 	 0.4548267 
204500 	 0.269933 
205000 	 0.4680762 
205500 	 0.4230758 
206000 	 0.3659294 
206500 	 0.3979514 
207000 	 0.5292599 
207500 	 0.4767086 
208000 	 0.4148172 
208500 	 0.3347109 
209000 	 0.4429833 
209500 	 0.4700162 
210000 	 0.6538974 
210500 	 0.6444473 
211000 	 0.4510506 
211500 	 0.3966846 
212000 	 0.4303298 
212500 	 0.3818317 
213000 	 0.327773 
213500 	 0.344621 
214000 	 0.4705216 
214500 	 0.2244059 
215000 	 0.3503733 
215500 	 0.3511402 
216000 	 0.4697911 
216500 	 0.3823243 
217000 	 0.3748533 
217500 	 0.5614089 
218000 	 0.3052363 
218500 	 0.4228745 
219000 	 0.3800553 
219500 	 0.4466194 
220000 	 0.5034893 
220500 	 0.5173727 
221000 	 0.3536647 
221500 	 0.4098303 
222000 	 0.4608255 
222500 	 0.4929605 
223000 	 0.4675286 
223500 	 0.4142479 
224000 	 0.4646764 
224500 	 0.6250363 
225000 	 0.3003689 
225500 	 0.3754881 
226000 	 0.5807027 
226500 	 0.3453364 
227000 	 0.4219105 
227500 	 0.5195681 
228000 	 0.4606968 
228500 	 0.585545 
229000 	 0.4617649 
229500 	 0.4568069 
230000 	 0.3491829 
230500 	 0.3778218 
231000 	 0.4604033 
231500 	 0.3371949 
232000 	 0.4108356 
232500 	 0.390575 
233000 	 0.4182581 
233500 	 0.4080568 
234000 	 0.533901 
234500 	 0.5661918 
235000 	 0.4210055 
235500 	 0.2282335 
236000 	 0.4564468 
236500 	 0.3955281 
237000 	 0.3851873 
237500 	 0.327666 
238000 	 0.4323773 
238500 	 0.3935985 
239000 	 0.423827 
239500 	 0.3102359 
240000 	 0.4621689 
240500 	 0.5121977 
241000 	 0.418785 
241500 	 0.2726031 
242000 	 0.4149336 
242500 	 0.5343326 
243000 	 0.4057362 
243500 	 0.4014217 
244000 	 0.3952091 
244500 	 0.46935 
245000 	 0.3956247 
245500 	 0.5818127 
246000 	 0.2963853 
246500 	 0.6248331 
247000 	 0.4907541 
247500 	 0.2729055 
248000 	 0.3838635 
248500 	 0.2614199 
249000 	 0.4500232 
249500 	 0.7452068 
250000 	 0.4666765 
250500 	 0.2719348 
251000 	 0.5564275 
251500 	 0.3887871 
252000 	 0.3461733 
252500 	 0.5477083 
253000 	 0.4167267 
253500 	 0.3343028 
254000 	 0.3274439 
254500 	 0.2757808 
255000 	 0.4757724 
255500 	 0.4627776 
256000 	 0.3951975 
256500 	 0.5095465 
257000 	 0.3297108 
257500 	 0.5551807 
258000 	 0.352118 
258500 	 0.3022377 
259000 	 0.3618138 
259500 	 0.3529039 
260000 	 0.4060847 
260500 	 0.445679 
261000 	 0.4458322 
261500 	 0.2457763 
262000 	 0.3694989 
262500 	 0.4693891 
263000 	 0.5811443 
263500 	 0.4701372 
264000 	 0.5154678 
264500 	 0.2935938 
265000 	 0.3978413 
265500 	 0.3823536 
266000 	 0.411235 
266500 	 0.3611168 
267000 	 0.4903042 
267500 	 0.3801594 
268000 	 0.5346702 
268500 	 0.6070824 
269000 	 0.4822257 
269500 	 0.6313276 
270000 	 0.3921491 
270500 	 0.3930384 
271000 	 0.4728285 
271500 	 0.3742776 
272000 	 0.4039461 
272500 	 0.3085893 
273000 	 0.5128837 
273500 	 0.4173359 
274000 	 0.3049728 
274500 	 0.3825523 
275000 	 0.3023072 
275500 	 0.5011119 
276000 	 0.2891885 
276500 	 0.4494273 
277000 	 0.4436163 
277500 	 0.4332405 
278000 	 0.3889926 
278500 	 0.5807821 
279000 	 0.414269 
279500 	 0.3928023 
280000 	 0.3899361 
280500 	 0.2291912 
281000 	 0.4164608 
281500 	 0.2954947 
282000 	 0.4541849 
282500 	 0.4842586 
283000 	 0.3490943 
283500 	 0.3221902 
284000 	 0.5303797 
284500 	 0.3097286 
285000 	 0.3955609 
285500 	 0.3532023 
286000 	 0.3500357 
286500 	 0.3901844 
287000 	 0.3633362 
287500 	 0.1975622 
288000 	 0.3091851 
288500 	 0.4646078 
289000 	 0.4200607 
289500 	 0.4370389 
290000 	 0.4678061 
290500 	 0.3444247 
291000 	 0.4975785 
291500 	 0.3351469 
292000 	 0.489571 
292500 	 0.2510978 
293000 	 0.4227943 
293500 	 0.6145093 
294000 	 0.3044625 
294500 	 0.3743385 
295000 	 0.500112 
295500 	 0.4064916 
296000 	 0.3415835 
296500 	 0.3331966 
297000 	 0.4102042 
297500 	 0.4733219 
298000 	 0.5781102 
298500 	 0.4856693 
299000 	 0.5450057 
299500 	 0.4303761 
300000 	 0.5220202 
300500 	 0.4028826 
301000 	 0.381929 
301500 	 0.3377677 
302000 	 0.4048312 
302500 	 0.4052688 
303000 	 0.2651741 
303500 	 0.4227753 
304000 	 0.4987157 
304500 	 0.4082939 
305000 	 0.3615312 
305500 	 0.4978526 
306000 	 0.3421595 
306500 	 0.5072185 
307000 	 0.4743043 
307500 	 0.4459737 
308000 	 0.5749027 
308500 	 0.5190116 
309000 	 0.4890001 
309500 	 0.5034128 
310000 	 0.4783272 
310500 	 0.5374121 
311000 	 0.4584107 
311500 	 0.2160518 
312000 	 0.4099068 
312500 	 0.4261324 
313000 	 0.3746242 
313500 	 0.5920826 
314000 	 0.4597513 
314500 	 0.4282657 
315000 	 0.5061091 
315500 	 0.417273 
316000 	 0.5041492 
316500 	 0.450601 
317000 	 0.4050726 
317500 	 0.4562068 
318000 	 0.4181365 
318500 	 0.3901266 
319000 	 0.6083681 
319500 	 0.2183441 
320000 	 0.4854838 
320500 	 0.4143082 
321000 	 0.3995194 
321500 	 0.5535543 
322000 	 0.4290646 
322500 	 0.6674416 
323000 	 0.4210121 
323500 	 0.4152789 
324000 	 0.4378068 
324500 	 0.4755214 
325000 	 0.3244702 
325500 	 0.3900048 
326000 	 0.369229 
326500 	 0.5504255 
327000 	 0.3116213 
327500 	 0.4017694 
328000 	 0.5637917 
328500 	 0.5486067 
329000 	 0.2920887 
329500 	 0.6904425 
330000 	 0.3965107 
330500 	 0.4616842 
331000 	 0.4093074 
331500 	 0.5528355 
332000 	 0.3350501 
332500 	 0.4344507 
333000 	 0.3925157 
333500 	 0.2501771 
334000 	 0.3327883 
334500 	 0.5370823 
335000 	 0.396319 
335500 	 0.4502281 
336000 	 0.4271804 
336500 	 0.4530514 
337000 	 0.3596236 
337500 	 0.5160847 
338000 	 0.2988411 
338500 	 0.4585095 
339000 	 0.4529384 
339500 	 0.3068959 
340000 	 0.3382372 
340500 	 0.3184816 
341000 	 0.3661905 
341500 	 0.292477 
342000 	 0.3759582 
342500 	 0.5600052 
343000 	 0.393224 
343500 	 0.4421155 
344000 	 0.4088777 
344500 	 0.297372 
345000 	 0.5427038 
345500 	 0.3325002 
346000 	 0.3674084 
346500 	 0.2472946 
347000 	 0.3219622 
347500 	 0.4979215 
348000 	 0.3509621 
348500 	 0.4879628 
349000 	 0.5088012 
349500 	 0.2198339 
350000 	 0.4114807 
350500 	 0.5463818 
351000 	 0.4801253 
351500 	 0.4743747 
352000 	 0.518924 
352500 	 0.5232538 
353000 	 0.4851924 
353500 	 0.533366 
354000 	 0.3390984 
354500 	 0.5720778 
355000 	 0.437573 
355500 	 0.5789991 
356000 	 0.4996309 
356500 	 0.4343784 
357000 	 0.3617006 
357500 	 0.1914499 
358000 	 0.3114145 
358500 	 0.3292569 
359000 	 0.3568694 
359500 	 0.4278185 
360000 	 0.2553473 
360500 	 0.3612313 
361000 	 0.4176453 
361500 	 0.4578061 
362000 	 0.4359623 
362500 	 0.4482022 
363000 	 0.3523358 
363500 	 0.4414018 
364000 	 0.5374706 
364500 	 0.3852914 
365000 	 0.6170547 
365500 	 0.6065398 
366000 	 0.245153 
366500 	 0.4852954 
367000 	 0.3611163 
367500 	 0.4957232 
368000 	 0.3810312 
368500 	 0.5034549 
369000 	 0.4038106 
369500 	 0.4861187 
370000 	 0.4687347 
370500 	 0.3546317 
371000 	 0.7137825 
371500 	 0.4396544 
372000 	 0.7024579 
372500 	 0.2922538 
373000 	 0.4932453 
373500 	 0.4115696 
374000 	 0.5790117 
374500 	 0.3677348 
375000 	 0.1741356 
375500 	 0.3617676 
376000 	 0.5956747 
376500 	 0.5882333 
377000 	 0.5187897 
377500 	 0.4697705 
378000 	 0.2413156 
378500 	 0.3676236 
379000 	 0.5247454 
379500 	 0.4636047 
380000 	 0.459177 
380500 	 0.4087734 
381000 	 0.3025105 
381500 	 0.3863753 
382000 	 0.4766164 
382500 	 0.2006711 
383000 	 0.2920429 
383500 	 0.4071001 
384000 	 0.4037939 
384500 	 0.3439464 
385000 	 0.5646121 
385500 	 0.4477557 
386000 	 0.3477719 
386500 	 0.3124332 
387000 	 0.3973501 
387500 	 0.3738508 
388000 	 0.3202358 
388500 	 0.3748148 
389000 	 0.3763172 
389500 	 0.3733142 
390000 	 0.4889595 
390500 	 0.4350494 
391000 	 0.3318598 
391500 	 0.3150268 
392000 	 0.3669568 
392500 	 0.3171189 
393000 	 0.3032036 
393500 	 0.42597 
394000 	 0.5278187 
394500 	 0.4613262 
395000 	 0.3420628 
395500 	 0.556398 
396000 	 0.3307941 
396500 	 0.4736884 
397000 	 0.4168656 
397500 	 0.3739528 
398000 	 0.450054 
398500 	 0.5567893 
399000 	 0.4658198 
399500 	 0.460002 
400000 	 0.2829895 
400500 	 0.5948913 
401000 	 0.4008432 
401500 	 0.4296484 
402000 	 0.4365217 
402500 	 0.5347356 
403000 	 0.3723193 
403500 	 0.4380802 
404000 	 0.3166093 
404500 	 0.4916994 
405000 	 0.45553 
405500 	 0.5586602 
406000 	 0.445842 
406500 	 0.4177626 
407000 	 0.3368984 
407500 	 0.4514907 
408000 	 0.2831186 
408500 	 0.4609437 
409000 	 0.4013634 
409500 	 0.3599598 
410000 	 0.3825896 
410500 	 0.3863328 
411000 	 0.3347664 
411500 	 0.388264 
412000 	 0.4507611 
412500 	 0.2976096 
413000 	 0.4038328 
413500 	 0.4821529 
414000 	 0.2786869 
414500 	 0.3772692 
415000 	 0.3352899 
415500 	 0.4399083 
416000 	 0.3975096 
416500 	 0.4930573 
417000 	 0.6091336 
417500 	 0.3945901 
418000 	 0.5085371 
418500 	 0.5447294 
419000 	 0.5314536 
419500 	 0.3992553 
420000 	 0.314618 
420500 	 0.3870672 
421000 	 0.4732392 
421500 	 0.4075326 
422000 	 0.3658214 
422500 	 0.2559876 
423000 	 0.4256139 
423500 	 0.401264 
424000 	 0.3718772 
424500 	 0.4663139 
425000 	 0.501451 
425500 	 0.4289568 
426000 	 0.3465993 
426500 	 0.2649958 
427000 	 0.4695138 
427500 	 0.4939447 
428000 	 0.4689405 
428500 	 0.3660009 
429000 	 0.4030839 
429500 	 0.3698938 
430000 	 0.3219299 
430500 	 0.6609535 
431000 	 0.4161701 
431500 	 0.3082353 
432000 	 0.4605964 
432500 	 0.4710142 
433000 	 0.3558455 
433500 	 0.3970204 
434000 	 0.3592715 
434500 	 0.3225411 
435000 	 0.4289763 
435500 	 0.5249406 
436000 	 0.3886413 
436500 	 0.4400185 
437000 	 0.3389397 
437500 	 0.2576283 
438000 	 0.4758717 
438500 	 0.4192578 
439000 	 0.3009314 
439500 	 0.6217131 
440000 	 0.4649665 
440500 	 0.4435359 
441000 	 0.3514021 
441500 	 0.4069481 
442000 	 0.4230885 
442500 	 0.3645667 
443000 	 0.5378182 
443500 	 0.5333311 
444000 	 0.3613767 
444500 	 0.3420226 
445000 	 0.334689 
445500 	 0.467854 
446000 	 0.4574005 
446500 	 0.5123603 
447000 	 0.4153747 
447500 	 0.5272537 
448000 	 0.5078753 
448500 	 0.4392053 
449000 	 0.2762686 
449500 	 0.2768546 
450000 	 0.4284093 
450500 	 0.2777684 
451000 	 0.3014277 
451500 	 0.451625 
452000 	 0.1676042 
452500 	 0.4750248 
453000 	 0.398772 
453500 	 0.6521336 
454000 	 0.6225413 
454500 	 0.4095409 
455000 	 0.4125696 
455500 	 0.5943465 
456000 	 0.3891395 
456500 	 0.3951943 
457000 	 0.3667734 
457500 	 0.4416983 
458000 	 0.548623 
458500 	 0.3736892 
459000 	 0.3786466 
459500 	 0.4182904 
460000 	 0.4643182 
460500 	 0.6783026 
461000 	 0.364649 
461500 	 0.4040061 
462000 	 0.3502248 
462500 	 0.2972501 
463000 	 0.3817477 
463500 	 0.4800538 
464000 	 0.4470775 
464500 	 0.4918218 
465000 	 0.2658087 
465500 	 0.3356228 
466000 	 0.3872201 
466500 	 0.6184521 
467000 	 0.442514 
467500 	 0.3485269 
468000 	 0.4506014 
468500 	 0.5255192 
469000 	 0.2604448 
469500 	 0.4463193 
470000 	 0.5053929 
470500 	 0.6358483 
471000 	 0.4785371 
471500 	 0.5587218 
472000 	 0.4233553 
472500 	 0.3650569 
473000 	 0.3718812 
473500 	 0.4861168 
474000 	 0.4034656 
474500 	 0.5623344 
475000 	 0.4052779 
475500 	 0.3869409 
476000 	 0.4059453 
476500 	 0.3770524 
477000 	 0.4058369 
477500 	 0.4393616 
478000 	 0.4123379 
478500 	 0.3109375 
479000 	 0.3958272 
479500 	 0.5684639 
480000 	 0.4467586 
480500 	 0.2855482 
481000 	 0.3563644 
481500 	 0.2894827 
482000 	 0.5749485 
482500 	 0.502144 
483000 	 0.4497105 
483500 	 0.4342401 
484000 	 0.4650715 
484500 	 0.5511672 
485000 	 0.458017 
485500 	 0.3557009 
486000 	 0.6708016 
486500 	 0.4353647 
487000 	 0.566052 
487500 	 0.4686291 
488000 	 0.556226 
488500 	 0.3918015 
489000 	 0.4255859 
489500 	 0.4749003 
490000 	 0.3743133 
490500 	 0.4263885 
491000 	 0.3450693 
491500 	 0.3917509 
492000 	 0.3079064 
492500 	 0.347927 
493000 	 0.6288414 
493500 	 0.5175348 
494000 	 0.3848948 
494500 	 0.3509716 
495000 	 0.3498992 
495500 	 0.290127 
496000 	 0.5162071 
496500 	 0.4502574 
497000 	 0.5340979 
497500 	 0.3450043 
498000 	 0.4072476 
498500 	 0.5833271 
499000 	 0.3742274 
499500 	 0.4803135 
500000 	 0.5699154 
