iter 	 p
500 	 0.8216506 
1000 	 0.7992191 
1500 	 0.7380187 
2000 	 0.9119949 
2500 	 0.7757894 
3000 	 0.8295661 
3500 	 0.8851238 
4000 	 0.8576335 
4500 	 0.8056736 
5000 	 0.8020548 
5500 	 0.8387084 
6000 	 0.7926635 
6500 	 0.7891821 
7000 	 0.7558156 
7500 	 0.8779986 
8000 	 0.7596422 
8500 	 0.8561279 
9000 	 0.9401645 
9500 	 0.8979428 
10000 	 0.8562847 
10500 	 0.7310499 
11000 	 0.8105166 
11500 	 0.7841728 
12000 	 0.7847934 
12500 	 0.8038353 
13000 	 0.8736765 
13500 	 0.7554496 
14000 	 0.8362244 
14500 	 0.8421366 
15000 	 0.8144714 
15500 	 0.922461 
16000 	 0.875948 
16500 	 0.7780693 
17000 	 0.8008345 
17500 	 0.8441042 
18000 	 0.8496629 
18500 	 0.8343248 
19000 	 0.8880526 
19500 	 0.7543614 
20000 	 0.8377099 
20500 	 0.8790968 
21000 	 0.8175034 
21500 	 0.8226696 
22000 	 0.8668391 
22500 	 0.8279326 
23000 	 0.9194484 
23500 	 0.8739098 
24000 	 0.8711538 
24500 	 0.842832 
25000 	 0.7793139 
25500 	 0.8175968 
26000 	 0.8013037 
26500 	 0.8601518 
27000 	 0.7604866 
27500 	 0.7497663 
28000 	 0.8950027 
28500 	 0.8092668 
29000 	 0.8364916 
29500 	 0.8602964 
30000 	 0.811148 
30500 	 0.9135302 
31000 	 0.8815161 
31500 	 0.9016268 
32000 	 0.7709477 
32500 	 0.8442091 
33000 	 0.8740914 
33500 	 0.8188395 
34000 	 0.8348345 
34500 	 0.8761731 
35000 	 0.8934344 
35500 	 0.850602 
36000 	 0.7484388 
36500 	 0.7824464 
37000 	 0.7146362 
37500 	 0.8159241 
38000 	 0.8157458 
38500 	 0.8344402 
39000 	 0.8079173 
39500 	 0.8205602 
40000 	 0.7468243 
40500 	 0.8425636 
41000 	 0.7850566 
41500 	 0.8627705 
42000 	 0.9149765 
42500 	 0.7419712 
43000 	 0.73057 
43500 	 0.8083412 
44000 	 0.8726388 
44500 	 0.8139123 
45000 	 0.7841424 
45500 	 0.8526978 
46000 	 0.8457169 
46500 	 0.7577371 
47000 	 0.9050149 
47500 	 0.8842764 
48000 	 0.8555965 
48500 	 0.8413329 
49000 	 0.7569371 
49500 	 0.8634994 
50000 	 0.8285795 
50500 	 0.9020626 
51000 	 0.8113834 
51500 	 0.783419 
52000 	 0.8839593 
52500 	 0.7698956 
53000 	 0.8023948 
53500 	 0.8889036 
54000 	 0.7784634 
54500 	 0.8485224 
55000 	 0.8320812 
55500 	 0.8688997 
56000 	 0.9097415 
56500 	 0.8014277 
57000 	 0.7869208 
57500 	 0.7877016 
58000 	 0.7745955 
58500 	 0.8502719 
59000 	 0.7917789 
59500 	 0.8711147 
60000 	 0.869268 
60500 	 0.861808 
61000 	 0.859813 
61500 	 0.8329214 
62000 	 0.812314 
62500 	 0.8244001 
63000 	 0.8445098 
63500 	 0.8397777 
64000 	 0.7934491 
64500 	 0.772167 
65000 	 0.8190773 
65500 	 0.7870591 
66000 	 0.7904447 
66500 	 0.8192227 
67000 	 0.77344 
67500 	 0.8161637 
68000 	 0.8129962 
68500 	 0.8630107 
69000 	 0.8300339 
69500 	 0.7940624 
70000 	 0.8717847 
70500 	 0.7405405 
71000 	 0.8830009 
71500 	 0.8071837 
72000 	 0.7388261 
72500 	 0.912864 
73000 	 0.8704847 
73500 	 0.8266195 
74000 	 0.8302518 
74500 	 0.8273098 
75000 	 0.7704014 
75500 	 0.8111211 
76000 	 0.8773146 
76500 	 0.8301015 
77000 	 0.7477903 
77500 	 0.8284646 
78000 	 0.8197878 
78500 	 0.8008608 
79000 	 0.8802933 
79500 	 0.860821 
80000 	 0.8905598 
80500 	 0.7719536 
81000 	 0.7692534 
81500 	 0.8354525 
82000 	 0.7396175 
82500 	 0.8132128 
83000 	 0.7925835 
83500 	 0.7953032 
84000 	 0.8243864 
84500 	 0.9013349 
85000 	 0.8141989 
85500 	 0.857161 
86000 	 0.872476 
86500 	 0.8930685 
87000 	 0.831011 
87500 	 0.9188945 
88000 	 0.8557103 
88500 	 0.8543864 
89000 	 0.813955 
89500 	 0.9054718 
90000 	 0.8866966 
90500 	 0.8827927 
91000 	 0.8565639 
91500 	 0.8595592 
92000 	 0.8358514 
92500 	 0.8016052 
93000 	 0.8341176 
93500 	 0.8381941 
94000 	 0.853128 
94500 	 0.7921445 
95000 	 0.8173007 
95500 	 0.7805504 
96000 	 0.7954352 
96500 	 0.9267736 
97000 	 0.8476595 
97500 	 0.7905942 
98000 	 0.9016616 
98500 	 0.8934202 
99000 	 0.8193261 
99500 	 0.8386311 
100000 	 0.8432274 
100500 	 0.8091402 
101000 	 0.7557288 
101500 	 0.8308221 
102000 	 0.817428 
102500 	 0.7993212 
103000 	 0.8734037 
103500 	 0.7470465 
104000 	 0.7393093 
104500 	 0.8703588 
105000 	 0.7297691 
105500 	 0.8320694 
106000 	 0.7581352 
106500 	 0.8488555 
107000 	 0.9062754 
107500 	 0.8486041 
108000 	 0.8124282 
108500 	 0.7698827 
109000 	 0.8867882 
109500 	 0.8926971 
110000 	 0.8101427 
110500 	 0.877116 
111000 	 0.8604846 
111500 	 0.7872665 
112000 	 0.8671183 
112500 	 0.9154105 
113000 	 0.8585538 
113500 	 0.8269611 
114000 	 0.7754823 
114500 	 0.7744948 
115000 	 0.8508815 
115500 	 0.8649816 
116000 	 0.7597801 
116500 	 0.7947924 
117000 	 0.8043672 
117500 	 0.7949016 
118000 	 0.8803691 
118500 	 0.869383 
119000 	 0.9058405 
119500 	 0.8546313 
120000 	 0.8679194 
120500 	 0.8085186 
121000 	 0.7751695 
121500 	 0.8662595 
122000 	 0.8511098 
122500 	 0.8239298 
123000 	 0.8325909 
123500 	 0.8556995 
124000 	 0.8252631 
124500 	 0.842547 
125000 	 0.8130876 
125500 	 0.8166092 
126000 	 0.8558515 
126500 	 0.9197918 
127000 	 0.7778242 
127500 	 0.8142416 
128000 	 0.8479533 
128500 	 0.8307433 
129000 	 0.8143142 
129500 	 0.8368754 
130000 	 0.8849632 
130500 	 0.8090042 
131000 	 0.7789776 
131500 	 0.8374413 
132000 	 0.794674 
132500 	 0.8209941 
133000 	 0.8299893 
133500 	 0.7417331 
134000 	 0.812273 
134500 	 0.8625161 
135000 	 0.8154444 
135500 	 0.873171 
136000 	 0.7883977 
136500 	 0.7373536 
137000 	 0.826238 
137500 	 0.8234073 
138000 	 0.7852677 
138500 	 0.9124178 
139000 	 0.8235215 
139500 	 0.7571406 
140000 	 0.8338657 
140500 	 0.9004306 
141000 	 0.8733111 
141500 	 0.9125162 
142000 	 0.7336749 
142500 	 0.7898461 
143000 	 0.8821238 
143500 	 0.9324114 
144000 	 0.8743361 
144500 	 0.7951248 
145000 	 0.7284131 
145500 	 0.8477456 
146000 	 0.9011051 
146500 	 0.8422549 
147000 	 0.8991575 
147500 	 0.8519559 
148000 	 0.8431434 
148500 	 0.7786753 
149000 	 0.8376578 
149500 	 0.6796404 
150000 	 0.7547628 
150500 	 0.8476829 
151000 	 0.9228986 
151500 	 0.8006552 
152000 	 0.8107238 
152500 	 0.7770209 
153000 	 0.8670155 
153500 	 0.8231484 
154000 	 0.8130546 
154500 	 0.7613055 
155000 	 0.8129856 
155500 	 0.8155476 
156000 	 0.756835 
156500 	 0.8033906 
157000 	 0.8077886 
157500 	 0.8666833 
158000 	 0.8895321 
158500 	 0.7681611 
159000 	 0.851884 
159500 	 0.8140766 
160000 	 0.9043625 
160500 	 0.7779152 
161000 	 0.8657028 
161500 	 0.863672 
162000 	 0.8721473 
162500 	 0.757028 
163000 	 0.8822452 
163500 	 0.8393573 
164000 	 0.873992 
164500 	 0.8897879 
165000 	 0.8225483 
165500 	 0.7417817 
166000 	 0.8380693 
166500 	 0.8884451 
167000 	 0.6978172 
167500 	 0.7484451 
168000 	 0.9169655 
168500 	 0.8982242 
169000 	 0.844035 
169500 	 0.8595429 
170000 	 0.778958 
170500 	 0.8804172 
171000 	 0.8223888 
171500 	 0.9065054 
172000 	 0.8406496 
172500 	 0.8306916 
173000 	 0.7413158 
173500 	 0.8639293 
174000 	 0.8831606 
174500 	 0.8457278 
175000 	 0.7921225 
175500 	 0.8364786 
176000 	 0.8413326 
176500 	 0.8695105 
177000 	 0.8467004 
177500 	 0.786747 
178000 	 0.803639 
178500 	 0.8929723 
179000 	 0.8926116 
179500 	 0.823562 
180000 	 0.7678947 
180500 	 0.8411868 
181000 	 0.856397 
181500 	 0.8625129 
182000 	 0.8102476 
182500 	 0.8612169 
183000 	 0.8572161 
183500 	 0.7447549 
184000 	 0.8378019 
184500 	 0.8317424 
185000 	 0.9391188 
185500 	 0.8655344 
186000 	 0.8243891 
186500 	 0.9002374 
187000 	 0.8397838 
187500 	 0.7912596 
188000 	 0.8169191 
188500 	 0.8060409 
189000 	 0.8835772 
189500 	 0.866746 
190000 	 0.8272936 
190500 	 0.8695247 
191000 	 0.8368869 
191500 	 0.8521904 
192000 	 0.8399092 
192500 	 0.8520722 
193000 	 0.8384394 
193500 	 0.7892427 
194000 	 0.8639217 
194500 	 0.8091939 
195000 	 0.8365814 
195500 	 0.7789555 
196000 	 0.7931028 
196500 	 0.8476838 
197000 	 0.8886995 
197500 	 0.8705042 
198000 	 0.8144653 
198500 	 0.8844596 
199000 	 0.8039671 
199500 	 0.8487842 
200000 	 0.8230133 
200500 	 0.9189385 
201000 	 0.8734246 
201500 	 0.8388501 
202000 	 0.7764665 
202500 	 0.8543363 
203000 	 0.7778967 
203500 	 0.8589923 
204000 	 0.9307894 
204500 	 0.8189291 
205000 	 0.9001708 
205500 	 0.8898788 
206000 	 0.9054297 
206500 	 0.8409888 
207000 	 0.7740006 
207500 	 0.881505 
208000 	 0.8532516 
208500 	 0.711614 
209000 	 0.7318936 
209500 	 0.8126642 
210000 	 0.779464 
210500 	 0.7454541 
211000 	 0.7438619 
211500 	 0.8149827 
212000 	 0.8209971 
212500 	 0.8321393 
213000 	 0.8196863 
213500 	 0.8552315 
214000 	 0.8068492 
214500 	 0.8332249 
215000 	 0.7035491 
215500 	 0.7579083 
216000 	 0.8638735 
216500 	 0.8448426 
217000 	 0.8952002 
217500 	 0.9272388 
218000 	 0.9140755 
218500 	 0.8464693 
219000 	 0.8493109 
219500 	 0.7869192 
220000 	 0.8396035 
220500 	 0.9361867 
221000 	 0.8276638 
221500 	 0.8155486 
222000 	 0.8794615 
222500 	 0.8605823 
223000 	 0.8023844 
223500 	 0.798402 
224000 	 0.8066546 
224500 	 0.8431592 
225000 	 0.8724256 
225500 	 0.891619 
226000 	 0.7559734 
226500 	 0.8280442 
227000 	 0.8523434 
227500 	 0.7364319 
228000 	 0.8626665 
228500 	 0.8000403 
229000 	 0.8061968 
229500 	 0.7772389 
230000 	 0.8319713 
230500 	 0.8304004 
231000 	 0.8124043 
231500 	 0.796248 
232000 	 0.8019725 
232500 	 0.8260405 
233000 	 0.8880085 
233500 	 0.8177463 
234000 	 0.842269 
234500 	 0.8940073 
235000 	 0.8680876 
235500 	 0.7727404 
236000 	 0.8542011 
236500 	 0.8306108 
237000 	 0.8336321 
237500 	 0.8857277 
238000 	 0.8225678 
238500 	 0.8393576 
239000 	 0.8033104 
239500 	 0.8277308 
240000 	 0.8271205 
240500 	 0.8230339 
241000 	 0.843525 
241500 	 0.8681423 
242000 	 0.861126 
242500 	 0.7523203 
243000 	 0.8922637 
243500 	 0.8560597 
244000 	 0.8193992 
244500 	 0.9071238 
245000 	 0.8040432 
245500 	 0.8070499 
246000 	 0.7232431 
246500 	 0.9279943 
247000 	 0.863454 
247500 	 0.7785537 
248000 	 0.7689376 
248500 	 0.8367422 
249000 	 0.8913862 
249500 	 0.8501558 
250000 	 0.7965148 
250500 	 0.9269598 
251000 	 0.7984933 
251500 	 0.8496094 
252000 	 0.8964071 
252500 	 0.7908216 
253000 	 0.8257637 
253500 	 0.8572082 
254000 	 0.821234 
254500 	 0.7929486 
255000 	 0.8016228 
255500 	 0.9045314 
256000 	 0.7670208 
256500 	 0.8972483 
257000 	 0.8727491 
257500 	 0.8585963 
258000 	 0.7575198 
258500 	 0.7738278 
259000 	 0.9174804 
259500 	 0.8875787 
260000 	 0.8931336 
260500 	 0.8202744 
261000 	 0.8212261 
261500 	 0.7841751 
262000 	 0.8666924 
262500 	 0.7974338 
263000 	 0.8752094 
263500 	 0.906519 
264000 	 0.7147353 
264500 	 0.7952942 
265000 	 0.7605293 
265500 	 0.8313591 
266000 	 0.8463058 
266500 	 0.6919062 
267000 	 0.8902627 
267500 	 0.9322588 
268000 	 0.8647564 
268500 	 0.8382479 
269000 	 0.7191403 
269500 	 0.7828928 
270000 	 0.7959395 
270500 	 0.8138086 
271000 	 0.7791065 
271500 	 0.7857967 
272000 	 0.7976697 
272500 	 0.86647 
273000 	 0.9299001 
273500 	 0.8265241 
274000 	 0.8434006 
274500 	 0.9135394 
275000 	 0.8851287 
275500 	 0.9240019 
276000 	 0.7727074 
276500 	 0.8048679 
277000 	 0.8210492 
277500 	 0.7880945 
278000 	 0.8476788 
278500 	 0.864678 
279000 	 0.844602 
279500 	 0.8255453 
280000 	 0.7975191 
280500 	 0.8587453 
281000 	 0.8190698 
281500 	 0.7407753 
282000 	 0.7716475 
282500 	 0.7557968 
283000 	 0.7891753 
283500 	 0.8897675 
284000 	 0.8759201 
284500 	 0.80315 
285000 	 0.8741416 
285500 	 0.8088424 
286000 	 0.6717309 
286500 	 0.8360817 
287000 	 0.8734072 
287500 	 0.7709314 
288000 	 0.8612604 
288500 	 0.8682843 
289000 	 0.8727428 
289500 	 0.7583158 
290000 	 0.8207996 
290500 	 0.6855161 
291000 	 0.830044 
291500 	 0.9238732 
292000 	 0.8326687 
292500 	 0.8585703 
293000 	 0.8471451 
293500 	 0.7881821 
294000 	 0.7247056 
294500 	 0.877799 
295000 	 0.7866772 
295500 	 0.8631991 
296000 	 0.8250315 
296500 	 0.8670505 
297000 	 0.869417 
297500 	 0.8587788 
298000 	 0.848715 
298500 	 0.7677678 
299000 	 0.8281716 
299500 	 0.8283478 
300000 	 0.9419931 
300500 	 0.8333819 
301000 	 0.7307382 
301500 	 0.8324417 
302000 	 0.8205099 
302500 	 0.7604288 
303000 	 0.8259971 
303500 	 0.8900771 
304000 	 0.7613189 
304500 	 0.7971347 
305000 	 0.8242026 
305500 	 0.807119 
306000 	 0.891492 
306500 	 0.8583764 
307000 	 0.8278062 
307500 	 0.897697 
308000 	 0.9459805 
308500 	 0.8281152 
309000 	 0.8909599 
309500 	 0.8289077 
310000 	 0.8690818 
310500 	 0.8821819 
311000 	 0.7787806 
311500 	 0.8141022 
312000 	 0.8332495 
312500 	 0.8514095 
313000 	 0.7884232 
313500 	 0.8433027 
314000 	 0.8297318 
314500 	 0.769562 
315000 	 0.9020386 
315500 	 0.6661004 
316000 	 0.8368273 
316500 	 0.8193225 
317000 	 0.8663516 
317500 	 0.8409082 
318000 	 0.7869116 
318500 	 0.8525696 
319000 	 0.7581787 
319500 	 0.849191 
320000 	 0.8785073 
320500 	 0.8948906 
321000 	 0.7986187 
321500 	 0.7459941 
322000 	 0.8146208 
322500 	 0.7844229 
323000 	 0.8643779 
323500 	 0.8544354 
324000 	 0.7113094 
324500 	 0.7877169 
325000 	 0.8203929 
325500 	 0.8047508 
326000 	 0.7446441 
326500 	 0.9013185 
327000 	 0.8273623 
327500 	 0.7290272 
328000 	 0.8876279 
328500 	 0.8785154 
329000 	 0.8357908 
329500 	 0.7396942 
330000 	 0.7665366 
330500 	 0.8707282 
331000 	 0.7194767 
331500 	 0.8496745 
332000 	 0.7679459 
332500 	 0.8526401 
333000 	 0.8173363 
333500 	 0.7884948 
334000 	 0.8071796 
334500 	 0.7928029 
335000 	 0.7985583 
335500 	 0.8012535 
336000 	 0.8271377 
336500 	 0.77991 
337000 	 0.8566949 
337500 	 0.8163923 
338000 	 0.8669612 
338500 	 0.8501778 
339000 	 0.8966453 
339500 	 0.8349725 
340000 	 0.8526088 
340500 	 0.8397663 
341000 	 0.8442585 
341500 	 0.7484343 
342000 	 0.8039706 
342500 	 0.8089276 
343000 	 0.8085159 
343500 	 0.8216138 
344000 	 0.8181091 
344500 	 0.8786621 
345000 	 0.8368349 
345500 	 0.877082 
346000 	 0.8677058 
346500 	 0.8313896 
347000 	 0.798745 
347500 	 0.7631692 
348000 	 0.7500464 
348500 	 0.8167454 
349000 	 0.734487 
349500 	 0.8595238 
350000 	 0.9040397 
350500 	 0.9006672 
351000 	 0.8639961 
351500 	 0.8323059 
352000 	 0.8942286 
352500 	 0.8564444 
353000 	 0.8326251 
353500 	 0.865697 
354000 	 0.7571228 
354500 	 0.825718 
355000 	 0.8838981 
355500 	 0.7230997 
356000 	 0.8359304 
356500 	 0.8249607 
357000 	 0.8694155 
357500 	 0.8404231 
358000 	 0.8749083 
358500 	 0.8619695 
359000 	 0.8535077 
359500 	 0.8152995 
360000 	 0.9060615 
360500 	 0.8796664 
361000 	 0.8351982 
361500 	 0.8832073 
362000 	 0.7603881 
362500 	 0.8813144 
363000 	 0.8207027 
363500 	 0.8426557 
364000 	 0.7885093 
364500 	 0.9024804 
365000 	 0.7840065 
365500 	 0.9064074 
366000 	 0.9192058 
366500 	 0.8798181 
367000 	 0.817155 
367500 	 0.832376 
368000 	 0.8803118 
368500 	 0.7854884 
369000 	 0.8063629 
369500 	 0.7952042 
370000 	 0.8450904 
370500 	 0.8914431 
371000 	 0.8705331 
371500 	 0.8486735 
372000 	 0.9035618 
372500 	 0.8428893 
373000 	 0.9360987 
373500 	 0.7246169 
374000 	 0.824539 
374500 	 0.9166198 
375000 	 0.8648007 
375500 	 0.860298 
376000 	 0.8664266 
376500 	 0.8441445 
377000 	 0.8391337 
377500 	 0.8088386 
378000 	 0.8954604 
378500 	 0.805065 
379000 	 0.8736308 
379500 	 0.7710952 
380000 	 0.7851399 
380500 	 0.8483384 
381000 	 0.8528331 
381500 	 0.8354394 
382000 	 0.8589044 
382500 	 0.8467376 
383000 	 0.8821706 
383500 	 0.7635314 
384000 	 0.8773271 
384500 	 0.8777036 
385000 	 0.8045343 
385500 	 0.8122283 
386000 	 0.8395778 
386500 	 0.8547056 
387000 	 0.8142999 
387500 	 0.8535694 
388000 	 0.8303327 
388500 	 0.8486924 
389000 	 0.8072914 
389500 	 0.8243546 
390000 	 0.8943572 
390500 	 0.9035537 
391000 	 0.8068779 
391500 	 0.7437093 
392000 	 0.84508 
392500 	 0.8485766 
393000 	 0.8185468 
393500 	 0.8574751 
394000 	 0.8534748 
394500 	 0.8440339 
395000 	 0.9147675 
395500 	 0.8291098 
396000 	 0.7999902 
396500 	 0.787185 
397000 	 0.9091831 
397500 	 0.7833547 
398000 	 0.8973486 
398500 	 0.8164661 
399000 	 0.8199358 
399500 	 0.7970124 
400000 	 0.8726282 
400500 	 0.8546547 
401000 	 0.7999334 
401500 	 0.8426446 
402000 	 0.7887685 
402500 	 0.8542456 
403000 	 0.7710016 
403500 	 0.8445246 
404000 	 0.870473 
404500 	 0.7024351 
405000 	 0.8582267 
405500 	 0.7770884 
406000 	 0.8424979 
406500 	 0.7623832 
407000 	 0.8233436 
407500 	 0.7974343 
408000 	 0.7814991 
408500 	 0.8686373 
409000 	 0.7777784 
409500 	 0.7852483 
410000 	 0.8428375 
410500 	 0.8903213 
411000 	 0.8559722 
411500 	 0.7672574 
412000 	 0.8155053 
412500 	 0.7983809 
413000 	 0.9312169 
413500 	 0.8524585 
414000 	 0.7817428 
414500 	 0.7571193 
415000 	 0.8645915 
415500 	 0.8784887 
416000 	 0.7380057 
416500 	 0.8269545 
417000 	 0.8068822 
417500 	 0.8559653 
418000 	 0.7772287 
418500 	 0.736269 
419000 	 0.877183 
419500 	 0.9067473 
420000 	 0.9144645 
420500 	 0.8478807 
421000 	 0.8961627 
421500 	 0.7953809 
422000 	 0.8932704 
422500 	 0.8861536 
423000 	 0.7831857 
423500 	 0.9130908 
424000 	 0.8286723 
424500 	 0.7811422 
425000 	 0.7755317 
425500 	 0.8277577 
426000 	 0.8268453 
426500 	 0.8560245 
427000 	 0.8411618 
427500 	 0.9145834 
428000 	 0.8649712 
428500 	 0.7719831 
429000 	 0.8695714 
429500 	 0.8772185 
430000 	 0.8740712 
430500 	 0.7835092 
431000 	 0.8174973 
431500 	 0.8612665 
432000 	 0.7734449 
432500 	 0.8831529 
433000 	 0.7877194 
433500 	 0.8909806 
434000 	 0.793178 
434500 	 0.7683113 
435000 	 0.909465 
435500 	 0.9040296 
436000 	 0.8110328 
436500 	 0.8174606 
437000 	 0.8883671 
437500 	 0.8182288 
438000 	 0.7813513 
438500 	 0.8479208 
439000 	 0.8773432 
439500 	 0.8839004 
440000 	 0.8777814 
440500 	 0.8075601 
441000 	 0.9110941 
441500 	 0.7683014 
442000 	 0.8789113 
442500 	 0.8517734 
443000 	 0.8188384 
443500 	 0.8961224 
444000 	 0.7987011 
444500 	 0.7683959 
445000 	 0.8257689 
445500 	 0.8224538 
446000 	 0.841102 
446500 	 0.8721559 
447000 	 0.9037552 
447500 	 0.7250568 
448000 	 0.8042637 
448500 	 0.9296109 
449000 	 0.8776332 
449500 	 0.8572437 
450000 	 0.7189056 
450500 	 0.7574262 
451000 	 0.8621915 
451500 	 0.7033441 
452000 	 0.9402083 
452500 	 0.7955751 
453000 	 0.8062474 
453500 	 0.9229478 
454000 	 0.8675488 
454500 	 0.8194655 
455000 	 0.8286619 
455500 	 0.8324369 
456000 	 0.8329331 
456500 	 0.8518005 
457000 	 0.7669497 
457500 	 0.8159299 
458000 	 0.8229124 
458500 	 0.8832071 
459000 	 0.8325837 
459500 	 0.8393375 
460000 	 0.8434148 
460500 	 0.7739032 
461000 	 0.8748075 
461500 	 0.8085016 
462000 	 0.8561361 
462500 	 0.9220781 
463000 	 0.8846982 
463500 	 0.8815884 
464000 	 0.7723728 
464500 	 0.825947 
465000 	 0.8079861 
465500 	 0.9285626 
466000 	 0.8470458 
466500 	 0.8916251 
467000 	 0.8857515 
467500 	 0.8383643 
468000 	 0.9191072 
468500 	 0.8774025 
469000 	 0.7842764 
469500 	 0.8981224 
470000 	 0.9428553 
470500 	 0.865421 
471000 	 0.8833252 
471500 	 0.8858175 
472000 	 0.8287731 
472500 	 0.8251756 
473000 	 0.7907062 
473500 	 0.8455052 
474000 	 0.8530369 
474500 	 0.8253825 
475000 	 0.8408147 
475500 	 0.8486001 
476000 	 0.8349843 
476500 	 0.7470717 
477000 	 0.8271481 
477500 	 0.8223629 
478000 	 0.7067376 
478500 	 0.7912192 
479000 	 0.8324772 
479500 	 0.8241988 
480000 	 0.7808347 
480500 	 0.83407 
481000 	 0.8474105 
481500 	 0.794242 
482000 	 0.6841059 
482500 	 0.7652965 
483000 	 0.8343459 
483500 	 0.7481414 
484000 	 0.814712 
484500 	 0.7425289 
485000 	 0.7592591 
485500 	 0.9326478 
486000 	 0.7839072 
486500 	 0.8148331 
487000 	 0.8528748 
487500 	 0.8925579 
488000 	 0.8585201 
488500 	 0.8420676 
489000 	 0.8521833 
489500 	 0.8319086 
490000 	 0.7906478 
490500 	 0.8365725 
491000 	 0.8451979 
491500 	 0.904432 
492000 	 0.8237634 
492500 	 0.7829812 
493000 	 0.7827664 
493500 	 0.767057 
494000 	 0.8561835 
494500 	 0.9234183 
495000 	 0.8867151 
495500 	 0.9166852 
496000 	 0.8268486 
496500 	 0.8168032 
497000 	 0.8259755 
497500 	 0.6945357 
498000 	 0.7735518 
498500 	 0.8472865 
499000 	 0.8255068 
499500 	 0.8136121 
500000 	 0.8517241 
