iter 	 p
500 	 0.4693045 
1000 	 0.3606878 
1500 	 0.5028739 
2000 	 0.3213021 
2500 	 0.4455194 
3000 	 0.3689968 
3500 	 0.4464119 
4000 	 0.5190276 
4500 	 0.4769971 
5000 	 0.4484255 
5500 	 0.3305812 
6000 	 0.5703378 
6500 	 0.5084217 
7000 	 0.3978675 
7500 	 0.5511069 
8000 	 0.2913164 
8500 	 0.4391555 
9000 	 0.4152902 
9500 	 0.5895389 
10000 	 0.5154811 
10500 	 0.4138352 
11000 	 0.4936504 
11500 	 0.4566798 
12000 	 0.4084525 
12500 	 0.5629912 
13000 	 0.5002452 
13500 	 0.4826171 
14000 	 0.5163358 
14500 	 0.3668175 
15000 	 0.5190992 
15500 	 0.580668 
16000 	 0.4212954 
16500 	 0.5752666 
17000 	 0.3852981 
17500 	 0.3070697 
18000 	 0.4688782 
18500 	 0.5719952 
19000 	 0.4178202 
19500 	 0.6427094 
20000 	 0.3530923 
20500 	 0.5041487 
21000 	 0.502359 
21500 	 0.5580415 
22000 	 0.5324009 
22500 	 0.3370316 
23000 	 0.4765024 
23500 	 0.531045 
24000 	 0.378347 
24500 	 0.4052688 
25000 	 0.4393689 
25500 	 0.7208809 
26000 	 0.5691275 
26500 	 0.5649229 
27000 	 0.5286224 
27500 	 0.3649161 
28000 	 0.5283332 
28500 	 0.4585782 
29000 	 0.4377348 
29500 	 0.533387 
30000 	 0.3778984 
30500 	 0.3757364 
31000 	 0.4357311 
31500 	 0.7691163 
32000 	 0.4000309 
32500 	 0.4742445 
33000 	 0.5277547 
33500 	 0.4729239 
34000 	 0.3395825 
34500 	 0.5577549 
35000 	 0.3875856 
35500 	 0.6070572 
36000 	 0.4292593 
36500 	 0.5338363 
37000 	 0.55226 
37500 	 0.4639653 
38000 	 0.5722971 
38500 	 0.4836877 
39000 	 0.5467333 
39500 	 0.4875585 
40000 	 0.5425311 
40500 	 0.3838453 
41000 	 0.509706 
41500 	 0.4119107 
42000 	 0.4138761 
42500 	 0.4604966 
43000 	 0.4041647 
43500 	 0.3424752 
44000 	 0.5628474 
44500 	 0.4061024 
45000 	 0.465784 
45500 	 0.4329762 
46000 	 0.4703232 
46500 	 0.4206707 
47000 	 0.4940314 
47500 	 0.4273878 
48000 	 0.4552103 
48500 	 0.5296469 
49000 	 0.6825673 
49500 	 0.5382304 
50000 	 0.4410244 
50500 	 0.4223859 
51000 	 0.5576239 
51500 	 0.4863952 
52000 	 0.3645104 
52500 	 0.3905435 
53000 	 0.7602104 
53500 	 0.4479068 
54000 	 0.6627361 
54500 	 0.5799713 
55000 	 0.567145 
55500 	 0.4185728 
56000 	 0.5251774 
56500 	 0.3888749 
57000 	 0.5606457 
57500 	 0.3629729 
58000 	 0.4504073 
58500 	 0.4867793 
59000 	 0.5731165 
59500 	 0.458097 
60000 	 0.4935131 
60500 	 0.4318375 
61000 	 0.5523704 
61500 	 0.3694173 
62000 	 0.5284232 
62500 	 0.5217783 
63000 	 0.5029028 
63500 	 0.4776386 
64000 	 0.4794779 
64500 	 0.5480559 
65000 	 0.3897941 
65500 	 0.3657897 
66000 	 0.5220315 
66500 	 0.2658187 
67000 	 0.2349849 
67500 	 0.6880878 
68000 	 0.5171126 
68500 	 0.7222247 
69000 	 0.5728441 
69500 	 0.5028859 
70000 	 0.4052255 
70500 	 0.5066606 
71000 	 0.584425 
71500 	 0.4432555 
72000 	 0.6053944 
72500 	 0.3076007 
73000 	 0.4842996 
73500 	 0.6101043 
74000 	 0.5435716 
74500 	 0.3481119 
75000 	 0.5544502 
75500 	 0.5363111 
76000 	 0.4683151 
76500 	 0.3725545 
77000 	 0.5433696 
77500 	 0.3716681 
78000 	 0.4576034 
78500 	 0.4134004 
79000 	 0.382229 
79500 	 0.5371212 
80000 	 0.4438948 
80500 	 0.50112 
81000 	 0.4115631 
81500 	 0.4537772 
82000 	 0.6604578 
82500 	 0.5245234 
83000 	 0.3467395 
83500 	 0.2893196 
84000 	 0.6043906 
84500 	 0.3962049 
85000 	 0.5164172 
85500 	 0.4567847 
86000 	 0.4014669 
86500 	 0.2900088 
87000 	 0.4894536 
87500 	 0.5068695 
88000 	 0.5837272 
88500 	 0.5817377 
89000 	 0.2062832 
89500 	 0.4144535 
90000 	 0.4610992 
90500 	 0.5321134 
91000 	 0.5944614 
91500 	 0.5479587 
92000 	 0.4989543 
92500 	 0.5477754 
93000 	 0.408386 
93500 	 0.5300832 
94000 	 0.3809903 
94500 	 0.6650704 
95000 	 0.5701979 
95500 	 0.3104961 
96000 	 0.4183267 
96500 	 0.3992192 
97000 	 0.4123088 
97500 	 0.3799082 
98000 	 0.4524478 
98500 	 0.5325006 
99000 	 0.4940155 
99500 	 0.4021687 
100000 	 0.4326336 
100500 	 0.3850727 
101000 	 0.7123568 
101500 	 0.4555745 
102000 	 0.2569443 
102500 	 0.3207892 
103000 	 0.5228203 
103500 	 0.4743027 
104000 	 0.3638916 
104500 	 0.4860799 
105000 	 0.3876962 
105500 	 0.4710446 
106000 	 0.3717583 
106500 	 0.5481274 
107000 	 0.5417936 
107500 	 0.4525222 
108000 	 0.346273 
108500 	 0.3875137 
109000 	 0.5097137 
109500 	 0.4849076 
110000 	 0.5038818 
110500 	 0.4081442 
111000 	 0.6701418 
111500 	 0.4605354 
112000 	 0.4043373 
112500 	 0.4597411 
113000 	 0.5398484 
113500 	 0.6195813 
114000 	 0.4380011 
114500 	 0.5587666 
115000 	 0.5438325 
115500 	 0.3856257 
116000 	 0.4801428 
116500 	 0.6039391 
117000 	 0.554112 
117500 	 0.4078374 
118000 	 0.44077 
118500 	 0.4424305 
119000 	 0.6269172 
119500 	 0.5217844 
120000 	 0.3796478 
120500 	 0.4271145 
121000 	 0.5977014 
121500 	 0.3886258 
122000 	 0.4355605 
122500 	 0.3268201 
123000 	 0.3634683 
123500 	 0.5916624 
124000 	 0.3878935 
124500 	 0.4043704 
125000 	 0.4996023 
125500 	 0.3313598 
126000 	 0.4840161 
126500 	 0.5560702 
127000 	 0.5036177 
127500 	 0.4780039 
128000 	 0.2880457 
128500 	 0.5628677 
129000 	 0.4570509 
129500 	 0.6575656 
130000 	 0.5134601 
130500 	 0.5954995 
131000 	 0.6163951 
131500 	 0.4471006 
132000 	 0.4689841 
132500 	 0.4718416 
133000 	 0.5073773 
133500 	 0.5907893 
134000 	 0.599892 
134500 	 0.4575004 
135000 	 0.4119271 
135500 	 0.3464169 
136000 	 0.4780832 
136500 	 0.4725177 
137000 	 0.4313961 
137500 	 0.5627254 
138000 	 0.4815372 
138500 	 0.6349189 
139000 	 0.4546639 
139500 	 0.5058661 
140000 	 0.6045814 
140500 	 0.4807531 
141000 	 0.5566343 
141500 	 0.4870091 
142000 	 0.393826 
142500 	 0.617558 
143000 	 0.5146229 
143500 	 0.3235482 
144000 	 0.4569879 
144500 	 0.4799166 
145000 	 0.4185615 
145500 	 0.4318843 
146000 	 0.4810324 
146500 	 0.4431038 
147000 	 0.3129164 
147500 	 0.5929078 
148000 	 0.4484628 
148500 	 0.408448 
149000 	 0.4283377 
149500 	 0.6678339 
150000 	 0.4774623 
150500 	 0.3049492 
151000 	 0.5898767 
151500 	 0.4085155 
152000 	 0.4066894 
152500 	 0.3382858 
153000 	 0.5445959 
153500 	 0.677543 
154000 	 0.640508 
154500 	 0.5480689 
155000 	 0.5891445 
155500 	 0.421248 
156000 	 0.4115062 
156500 	 0.4673957 
157000 	 0.4180571 
157500 	 0.5789803 
158000 	 0.5003382 
158500 	 0.6777898 
159000 	 0.4941995 
159500 	 0.5255529 
160000 	 0.3659157 
160500 	 0.3050939 
161000 	 0.6236209 
161500 	 0.5273981 
162000 	 0.4541118 
162500 	 0.4173202 
163000 	 0.702084 
163500 	 0.5321806 
164000 	 0.6052041 
164500 	 0.542003 
165000 	 0.4251109 
165500 	 0.4705009 
166000 	 0.494089 
166500 	 0.6599698 
167000 	 0.3862099 
167500 	 0.4029951 
168000 	 0.4285555 
168500 	 0.4909998 
169000 	 0.5317878 
169500 	 0.4202788 
170000 	 0.4853508 
170500 	 0.6440601 
171000 	 0.5175839 
171500 	 0.3534529 
172000 	 0.4851096 
172500 	 0.6335823 
173000 	 0.5878132 
173500 	 0.5134239 
174000 	 0.4497869 
174500 	 0.5250112 
175000 	 0.412542 
175500 	 0.5859461 
176000 	 0.4793361 
176500 	 0.443671 
177000 	 0.5591236 
177500 	 0.5711332 
178000 	 0.3685904 
178500 	 0.4860833 
179000 	 0.5017915 
179500 	 0.3442974 
180000 	 0.471581 
180500 	 0.4938838 
181000 	 0.5237146 
181500 	 0.2994142 
182000 	 0.2339864 
182500 	 0.5096215 
183000 	 0.4367882 
183500 	 0.4015704 
184000 	 0.3065354 
184500 	 0.3219855 
185000 	 0.6270824 
185500 	 0.5350568 
186000 	 0.4261185 
186500 	 0.5615468 
187000 	 0.3623365 
187500 	 0.3487424 
188000 	 0.5005465 
188500 	 0.4562467 
189000 	 0.7355026 
189500 	 0.4051267 
190000 	 0.5743568 
190500 	 0.4598935 
191000 	 0.547691 
191500 	 0.5164708 
192000 	 0.6137218 
192500 	 0.54028 
193000 	 0.5011253 
193500 	 0.4705519 
194000 	 0.4120071 
194500 	 0.5911232 
195000 	 0.513384 
195500 	 0.3350693 
196000 	 0.5314758 
196500 	 0.5233413 
197000 	 0.3836832 
197500 	 0.3247035 
198000 	 0.4906629 
198500 	 0.4497363 
199000 	 0.5610487 
199500 	 0.4521176 
200000 	 0.5587381 
200500 	 0.6925565 
201000 	 0.6671891 
201500 	 0.4858038 
202000 	 0.4523613 
202500 	 0.3967733 
203000 	 0.622951 
203500 	 0.6105163 
204000 	 0.4944612 
204500 	 0.5448637 
205000 	 0.5720278 
205500 	 0.4158358 
206000 	 0.6504952 
206500 	 0.5650565 
207000 	 0.4478502 
207500 	 0.4987704 
208000 	 0.5771023 
208500 	 0.5577158 
209000 	 0.5521983 
209500 	 0.6100434 
210000 	 0.4659861 
210500 	 0.2450961 
211000 	 0.4569708 
211500 	 0.4383065 
212000 	 0.4780587 
212500 	 0.5426132 
213000 	 0.3059935 
213500 	 0.4042792 
214000 	 0.4860733 
214500 	 0.4618766 
215000 	 0.5606826 
215500 	 0.4377531 
216000 	 0.6305475 
216500 	 0.3383969 
217000 	 0.5917951 
217500 	 0.283438 
218000 	 0.7654496 
218500 	 0.3392868 
219000 	 0.3523532 
219500 	 0.5385239 
220000 	 0.4721413 
220500 	 0.4474937 
221000 	 0.412995 
221500 	 0.3778613 
222000 	 0.362144 
222500 	 0.3859611 
223000 	 0.5203875 
223500 	 0.4552748 
224000 	 0.4479089 
224500 	 0.37822 
225000 	 0.5203497 
225500 	 0.3283439 
226000 	 0.4148971 
226500 	 0.6505262 
227000 	 0.5003656 
227500 	 0.551323 
228000 	 0.5612424 
228500 	 0.3674749 
229000 	 0.4930512 
229500 	 0.5353051 
230000 	 0.5197633 
230500 	 0.3981761 
231000 	 0.3393582 
231500 	 0.4391203 
232000 	 0.5147083 
232500 	 0.2439324 
233000 	 0.4237914 
233500 	 0.2623139 
234000 	 0.4364256 
234500 	 0.4510606 
235000 	 0.4167222 
235500 	 0.5334906 
236000 	 0.6222386 
236500 	 0.5403898 
237000 	 0.4654604 
237500 	 0.5484056 
238000 	 0.2683069 
238500 	 0.511957 
239000 	 0.3347456 
239500 	 0.4883079 
240000 	 0.3803526 
240500 	 0.519779 
241000 	 0.5826071 
241500 	 0.361803 
242000 	 0.3016789 
242500 	 0.3448278 
243000 	 0.4792672 
243500 	 0.4252258 
244000 	 0.6003934 
244500 	 0.4964576 
245000 	 0.4300289 
245500 	 0.4571484 
246000 	 0.5568547 
246500 	 0.2830145 
247000 	 0.350311 
247500 	 0.5065246 
248000 	 0.3257292 
248500 	 0.5498386 
249000 	 0.4942824 
249500 	 0.4398339 
250000 	 0.4978404 
250500 	 0.5103602 
251000 	 0.5393333 
251500 	 0.5071585 
252000 	 0.4391194 
252500 	 0.4380344 
253000 	 0.3730724 
253500 	 0.5321283 
254000 	 0.5888116 
254500 	 0.4424866 
255000 	 0.3117099 
255500 	 0.5208687 
256000 	 0.3751285 
256500 	 0.5370267 
257000 	 0.4937183 
257500 	 0.612512 
258000 	 0.3981075 
258500 	 0.5603973 
259000 	 0.5910725 
259500 	 0.4852049 
260000 	 0.3534889 
260500 	 0.5601907 
261000 	 0.3940655 
261500 	 0.4498572 
262000 	 0.6133275 
262500 	 0.3226121 
263000 	 0.4696385 
263500 	 0.4704671 
264000 	 0.4759502 
264500 	 0.5404699 
265000 	 0.5270893 
265500 	 0.447942 
266000 	 0.3990337 
266500 	 0.4369037 
267000 	 0.5742355 
267500 	 0.5892239 
268000 	 0.7437939 
268500 	 0.2823046 
269000 	 0.4935337 
269500 	 0.5514275 
270000 	 0.4153791 
270500 	 0.4760186 
271000 	 0.3531832 
271500 	 0.5551704 
272000 	 0.5452275 
272500 	 0.3872558 
273000 	 0.6069472 
273500 	 0.5548252 
274000 	 0.511658 
274500 	 0.4665368 
275000 	 0.3992884 
275500 	 0.3769461 
276000 	 0.6235885 
276500 	 0.518255 
277000 	 0.4398525 
277500 	 0.5235602 
278000 	 0.4829062 
278500 	 0.4477956 
279000 	 0.6091518 
279500 	 0.4541679 
280000 	 0.4279313 
280500 	 0.3170345 
281000 	 0.6157776 
281500 	 0.5805551 
282000 	 0.4607626 
282500 	 0.4894526 
283000 	 0.4293106 
283500 	 0.4676281 
284000 	 0.5000373 
284500 	 0.3463603 
285000 	 0.4725434 
285500 	 0.4858823 
286000 	 0.4413771 
286500 	 0.4655862 
287000 	 0.499156 
287500 	 0.5030372 
288000 	 0.5935024 
288500 	 0.5797846 
289000 	 0.3877635 
289500 	 0.5749954 
290000 	 0.4858186 
290500 	 0.5909291 
291000 	 0.5976165 
291500 	 0.392307 
292000 	 0.440462 
292500 	 0.4678567 
293000 	 0.6908964 
293500 	 0.5866664 
294000 	 0.4687747 
294500 	 0.2891188 
295000 	 0.4630515 
295500 	 0.484526 
296000 	 0.4650127 
296500 	 0.5471195 
297000 	 0.4039453 
297500 	 0.6193761 
298000 	 0.562895 
298500 	 0.3567126 
299000 	 0.3532294 
299500 	 0.5670527 
300000 	 0.5777415 
300500 	 0.634835 
301000 	 0.559651 
301500 	 0.6015857 
302000 	 0.541045 
302500 	 0.399942 
303000 	 0.5427651 
303500 	 0.3532906 
304000 	 0.483298 
304500 	 0.5243885 
305000 	 0.3042341 
305500 	 0.4905952 
306000 	 0.4126567 
306500 	 0.4947886 
307000 	 0.3703062 
307500 	 0.5043923 
308000 	 0.465808 
308500 	 0.3564617 
309000 	 0.4004275 
309500 	 0.4648879 
310000 	 0.6565885 
310500 	 0.525963 
311000 	 0.3717677 
311500 	 0.5218973 
312000 	 0.4920954 
312500 	 0.4239232 
313000 	 0.3403799 
313500 	 0.4981322 
314000 	 0.3514073 
314500 	 0.5279441 
315000 	 0.3990134 
315500 	 0.5319342 
316000 	 0.5473419 
316500 	 0.5637724 
317000 	 0.4937877 
317500 	 0.3539041 
318000 	 0.4590365 
318500 	 0.4654967 
319000 	 0.4003853 
319500 	 0.3055854 
320000 	 0.3758015 
320500 	 0.4456109 
321000 	 0.5785731 
321500 	 0.4810141 
322000 	 0.3347106 
322500 	 0.4599378 
323000 	 0.2933966 
323500 	 0.4774803 
324000 	 0.5364531 
324500 	 0.5894562 
325000 	 0.6297931 
325500 	 0.4539993 
326000 	 0.6741929 
326500 	 0.5065222 
327000 	 0.5606832 
327500 	 0.296072 
328000 	 0.5621383 
328500 	 0.5508553 
329000 	 0.4060129 
329500 	 0.4180601 
330000 	 0.5242517 
330500 	 0.5294326 
331000 	 0.5324238 
331500 	 0.5695482 
332000 	 0.487291 
332500 	 0.4606393 
333000 	 0.4072576 
333500 	 0.4162371 
334000 	 0.5676022 
334500 	 0.5689474 
335000 	 0.5360596 
335500 	 0.584554 
336000 	 0.4014395 
336500 	 0.4987774 
337000 	 0.2919568 
337500 	 0.6181065 
338000 	 0.2748049 
338500 	 0.4486403 
339000 	 0.5234902 
339500 	 0.4032615 
340000 	 0.5213106 
340500 	 0.5405505 
341000 	 0.4917746 
341500 	 0.4987253 
342000 	 0.3914724 
342500 	 0.6046737 
343000 	 0.473824 
343500 	 0.5137844 
344000 	 0.5276482 
344500 	 0.585545 
345000 	 0.3879037 
345500 	 0.4678051 
346000 	 0.5514517 
346500 	 0.3429858 
347000 	 0.5734251 
347500 	 0.4815215 
348000 	 0.5160117 
348500 	 0.5244864 
349000 	 0.4380169 
349500 	 0.5394223 
350000 	 0.5142759 
350500 	 0.6443251 
351000 	 0.5107866 
351500 	 0.4629816 
352000 	 0.4412794 
352500 	 0.2943436 
353000 	 0.3537723 
353500 	 0.5373918 
354000 	 0.4862683 
354500 	 0.6333166 
355000 	 0.5928042 
355500 	 0.485762 
356000 	 0.3745677 
356500 	 0.5071431 
357000 	 0.5041775 
357500 	 0.585652 
358000 	 0.5144716 
358500 	 0.5209872 
359000 	 0.4766225 
359500 	 0.5006713 
360000 	 0.4493354 
360500 	 0.5652335 
361000 	 0.4029591 
361500 	 0.5119662 
362000 	 0.4268522 
362500 	 0.390066 
363000 	 0.4890836 
363500 	 0.4697553 
364000 	 0.5176349 
364500 	 0.3446727 
365000 	 0.4004167 
365500 	 0.3549113 
366000 	 0.6585583 
366500 	 0.5447678 
367000 	 0.3244132 
367500 	 0.4480927 
368000 	 0.4657308 
368500 	 0.5816245 
369000 	 0.5559259 
369500 	 0.5760521 
370000 	 0.5598356 
370500 	 0.6053412 
371000 	 0.4757452 
371500 	 0.6700861 
372000 	 0.6664949 
372500 	 0.4557483 
373000 	 0.4368153 
373500 	 0.4791012 
374000 	 0.4826526 
374500 	 0.3342433 
375000 	 0.5619532 
375500 	 0.578853 
376000 	 0.4764736 
376500 	 0.5015521 
377000 	 0.4949582 
377500 	 0.5132178 
378000 	 0.459473 
378500 	 0.5721942 
379000 	 0.4909917 
379500 	 0.6603243 
380000 	 0.5925707 
380500 	 0.3582403 
381000 	 0.460227 
381500 	 0.493597 
382000 	 0.6126543 
382500 	 0.6383281 
383000 	 0.5436167 
383500 	 0.450276 
384000 	 0.5024773 
384500 	 0.4709326 
385000 	 0.594748 
385500 	 0.6316793 
386000 	 0.5964757 
386500 	 0.4786762 
387000 	 0.5676079 
387500 	 0.4888015 
388000 	 0.4020267 
388500 	 0.496242 
389000 	 0.7083824 
389500 	 0.5506614 
390000 	 0.5518079 
390500 	 0.5236769 
391000 	 0.4120274 
391500 	 0.429938 
392000 	 0.3502025 
392500 	 0.4335666 
393000 	 0.3799209 
393500 	 0.4441388 
394000 	 0.470982 
394500 	 0.4688998 
395000 	 0.6077111 
395500 	 0.6790956 
396000 	 0.521969 
396500 	 0.4763538 
397000 	 0.4834021 
397500 	 0.4923069 
398000 	 0.3630486 
398500 	 0.2603273 
399000 	 0.4374761 
399500 	 0.3040621 
400000 	 0.5055473 
400500 	 0.5450227 
401000 	 0.5269229 
401500 	 0.6068644 
402000 	 0.4679852 
402500 	 0.6698492 
403000 	 0.4632023 
403500 	 0.487431 
404000 	 0.3756976 
404500 	 0.3381278 
405000 	 0.7083293 
405500 	 0.6190791 
406000 	 0.4394557 
406500 	 0.4601131 
407000 	 0.4458308 
407500 	 0.4537033 
408000 	 0.4384373 
408500 	 0.6301961 
409000 	 0.4495418 
409500 	 0.402332 
410000 	 0.5358938 
410500 	 0.4855685 
411000 	 0.2948319 
411500 	 0.6533078 
412000 	 0.4307722 
412500 	 0.3774803 
413000 	 0.4532119 
413500 	 0.5067124 
414000 	 0.4946101 
414500 	 0.628094 
415000 	 0.4098708 
415500 	 0.3274191 
416000 	 0.3985201 
416500 	 0.5184699 
417000 	 0.419253 
417500 	 0.5302679 
418000 	 0.4031274 
418500 	 0.3709586 
419000 	 0.4291812 
419500 	 0.5174099 
420000 	 0.5092638 
420500 	 0.3467039 
421000 	 0.5446767 
421500 	 0.5271794 
422000 	 0.5481179 
422500 	 0.7059584 
423000 	 0.6188672 
423500 	 0.3644697 
424000 	 0.439614 
424500 	 0.3756152 
425000 	 0.5538249 
425500 	 0.4614458 
426000 	 0.4258855 
426500 	 0.6551286 
427000 	 0.5031038 
427500 	 0.553212 
428000 	 0.44763 
428500 	 0.3233117 
429000 	 0.5476616 
429500 	 0.3946018 
430000 	 0.4651425 
430500 	 0.4975616 
431000 	 0.4781535 
431500 	 0.3992658 
432000 	 0.5286941 
432500 	 0.4392334 
433000 	 0.6972587 
433500 	 0.472296 
434000 	 0.5502513 
434500 	 0.513176 
435000 	 0.5329597 
435500 	 0.3237567 
436000 	 0.5353158 
436500 	 0.566371 
437000 	 0.5325585 
437500 	 0.6242224 
438000 	 0.6755572 
438500 	 0.4969627 
439000 	 0.5472392 
439500 	 0.6040696 
440000 	 0.4796102 
440500 	 0.3513687 
441000 	 0.4785407 
441500 	 0.6400851 
442000 	 0.4919221 
442500 	 0.5479532 
443000 	 0.5220981 
443500 	 0.3876586 
444000 	 0.5900056 
444500 	 0.4442254 
445000 	 0.5251581 
445500 	 0.3710269 
446000 	 0.3982533 
446500 	 0.3022416 
447000 	 0.6411601 
447500 	 0.5221142 
448000 	 0.5414112 
448500 	 0.4375974 
449000 	 0.3200386 
449500 	 0.6543511 
450000 	 0.4721759 
450500 	 0.4458484 
451000 	 0.6503893 
451500 	 0.3613973 
452000 	 0.5131673 
452500 	 0.5131374 
453000 	 0.4786657 
453500 	 0.5671232 
454000 	 0.5208055 
454500 	 0.3492454 
455000 	 0.5401816 
455500 	 0.4704044 
456000 	 0.7552787 
456500 	 0.5042042 
457000 	 0.5213625 
457500 	 0.5213859 
458000 	 0.4446061 
458500 	 0.4168229 
459000 	 0.6354123 
459500 	 0.5648269 
460000 	 0.398583 
460500 	 0.3910723 
461000 	 0.5161637 
461500 	 0.3684894 
462000 	 0.2772303 
462500 	 0.3905441 
463000 	 0.4618788 
463500 	 0.38081 
464000 	 0.3351454 
464500 	 0.629272 
465000 	 0.4648938 
465500 	 0.3646622 
466000 	 0.5197059 
466500 	 0.4782624 
467000 	 0.6894133 
467500 	 0.3940517 
468000 	 0.399594 
468500 	 0.5587962 
469000 	 0.4346965 
469500 	 0.3341807 
470000 	 0.3665428 
470500 	 0.5142902 
471000 	 0.549435 
471500 	 0.5259293 
472000 	 0.6394448 
472500 	 0.4013824 
473000 	 0.4419377 
473500 	 0.2178708 
474000 	 0.5874643 
474500 	 0.3365603 
475000 	 0.6590071 
475500 	 0.5706246 
476000 	 0.5413029 
476500 	 0.3995503 
477000 	 0.527778 
477500 	 0.5545557 
478000 	 0.42131 
478500 	 0.4444175 
479000 	 0.4467993 
479500 	 0.4200756 
480000 	 0.463086 
480500 	 0.3352814 
481000 	 0.4974914 
481500 	 0.5704099 
482000 	 0.4352738 
482500 	 0.3279288 
483000 	 0.3534685 
483500 	 0.6211492 
484000 	 0.4088971 
484500 	 0.5219131 
485000 	 0.4293583 
485500 	 0.6519419 
486000 	 0.3508837 
486500 	 0.672525 
487000 	 0.4261831 
487500 	 0.4342863 
488000 	 0.6834253 
488500 	 0.4386505 
489000 	 0.4864813 
489500 	 0.6493295 
490000 	 0.3884763 
490500 	 0.3312146 
491000 	 0.5112654 
491500 	 0.5072512 
492000 	 0.4961226 
492500 	 0.347029 
493000 	 0.4388195 
493500 	 0.447098 
494000 	 0.6446956 
494500 	 0.227798 
495000 	 0.3574471 
495500 	 0.3781405 
496000 	 0.3832004 
496500 	 0.4733781 
497000 	 0.365529 
497500 	 0.5159345 
498000 	 0.2891019 
498500 	 0.3862734 
499000 	 0.4542233 
499500 	 0.4511731 
500000 	 0.4454186 
