iter 	 p
500 	 0.1749316 
1000 	 0.229084 
1500 	 0.1235326 
2000 	 0.253234 
2500 	 0.132637 
3000 	 0.2136639 
3500 	 0.1313466 
4000 	 0.1180706 
4500 	 0.1517677 
5000 	 0.2213256 
5500 	 0.1183582 
6000 	 0.1690946 
6500 	 0.1734092 
7000 	 0.1178874 
7500 	 0.2011203 
8000 	 0.1935121 
8500 	 0.1631032 
9000 	 0.2185682 
9500 	 0.2423218 
10000 	 0.1060096 
10500 	 0.1778348 
11000 	 0.1749418 
11500 	 0.1418801 
12000 	 0.1724191 
12500 	 0.1967346 
13000 	 0.1922264 
13500 	 0.2420676 
14000 	 0.1320705 
14500 	 0.2606369 
15000 	 0.2016321 
15500 	 0.09827524 
16000 	 0.160084 
16500 	 0.1798576 
17000 	 0.1968267 
17500 	 0.1629866 
18000 	 0.2039349 
18500 	 0.2308749 
19000 	 0.2113708 
19500 	 0.1948575 
20000 	 0.1411938 
20500 	 0.201906 
21000 	 0.1570162 
21500 	 0.2256665 
22000 	 0.2106427 
22500 	 0.1391373 
23000 	 0.1633661 
23500 	 0.2133973 
24000 	 0.2318517 
24500 	 0.1447914 
25000 	 0.2330951 
25500 	 0.1752985 
26000 	 0.2432799 
26500 	 0.2229852 
27000 	 0.2235639 
27500 	 0.2425735 
28000 	 0.1908216 
28500 	 0.1038507 
29000 	 0.2111687 
29500 	 0.1587177 
30000 	 0.2625226 
30500 	 0.2227432 
31000 	 0.1402223 
31500 	 0.2489832 
32000 	 0.2085955 
32500 	 0.1351048 
33000 	 0.180212 
33500 	 0.1512522 
34000 	 0.1650449 
34500 	 0.1693802 
35000 	 0.259817 
35500 	 0.2818276 
36000 	 0.1340037 
36500 	 0.1499471 
37000 	 0.2031867 
37500 	 0.09681081 
38000 	 0.1447976 
38500 	 0.2488556 
39000 	 0.1607428 
39500 	 0.1561045 
40000 	 0.1713403 
40500 	 0.1868429 
41000 	 0.1963942 
41500 	 0.1805684 
42000 	 0.2121304 
42500 	 0.1602204 
43000 	 0.1813721 
43500 	 0.1898552 
44000 	 0.1643278 
44500 	 0.1210643 
45000 	 0.1882892 
45500 	 0.1435426 
46000 	 0.1924817 
46500 	 0.1913412 
47000 	 0.1608657 
47500 	 0.1552776 
48000 	 0.2245203 
48500 	 0.1217511 
49000 	 0.1161796 
49500 	 0.2232675 
50000 	 0.1888347 
50500 	 0.2195811 
51000 	 0.1367621 
51500 	 0.1525042 
52000 	 0.1315267 
52500 	 0.1642213 
53000 	 0.22321 
53500 	 0.1666324 
54000 	 0.2239096 
54500 	 0.2092581 
55000 	 0.2191442 
55500 	 0.2168576 
56000 	 0.2249607 
56500 	 0.1485335 
57000 	 0.1786657 
57500 	 0.268389 
58000 	 0.2074386 
58500 	 0.1794633 
59000 	 0.2523346 
59500 	 0.2157754 
60000 	 0.1595361 
60500 	 0.1462281 
61000 	 0.1876964 
61500 	 0.1301576 
62000 	 0.1590121 
62500 	 0.1487192 
63000 	 0.1655745 
63500 	 0.227948 
64000 	 0.2545752 
64500 	 0.2216794 
65000 	 0.1884206 
65500 	 0.1957026 
66000 	 0.1964339 
66500 	 0.1704633 
67000 	 0.1018011 
67500 	 0.2796296 
68000 	 0.1036245 
68500 	 0.1671601 
69000 	 0.1781637 
69500 	 0.1450301 
70000 	 0.1505276 
70500 	 0.1340286 
71000 	 0.2400755 
71500 	 0.1835401 
72000 	 0.1897321 
72500 	 0.08018515 
73000 	 0.1377882 
73500 	 0.1988807 
74000 	 0.1358017 
74500 	 0.1400506 
75000 	 0.2408961 
75500 	 0.1433157 
76000 	 0.2366213 
76500 	 0.1981609 
77000 	 0.1613662 
77500 	 0.09889806 
78000 	 0.1841128 
78500 	 0.175211 
79000 	 0.146971 
79500 	 0.1810898 
80000 	 0.2083934 
80500 	 0.2192486 
81000 	 0.1205333 
81500 	 0.2527625 
82000 	 0.1575452 
82500 	 0.210242 
83000 	 0.1646276 
83500 	 0.2396001 
84000 	 0.1292066 
84500 	 0.1543815 
85000 	 0.09268061 
85500 	 0.2696633 
86000 	 0.1613492 
86500 	 0.2203049 
87000 	 0.1631891 
87500 	 0.1565483 
88000 	 0.2427155 
88500 	 0.1354389 
89000 	 0.1880884 
89500 	 0.1636684 
90000 	 0.1711019 
90500 	 0.2046627 
91000 	 0.1579867 
91500 	 0.2074048 
92000 	 0.1689153 
92500 	 0.1623944 
93000 	 0.1806505 
93500 	 0.1760969 
94000 	 0.1421593 
94500 	 0.1645201 
95000 	 0.1098236 
95500 	 0.1718874 
96000 	 0.1651188 
96500 	 0.2074689 
97000 	 0.2028071 
97500 	 0.1075119 
98000 	 0.2219854 
98500 	 0.1203146 
99000 	 0.1380666 
99500 	 0.1218882 
100000 	 0.1921765 
100500 	 0.1312513 
101000 	 0.2419999 
101500 	 0.178687 
102000 	 0.2256076 
102500 	 0.2004577 
103000 	 0.141531 
103500 	 0.1860423 
104000 	 0.2056052 
104500 	 0.1433877 
105000 	 0.1887835 
105500 	 0.2273982 
106000 	 0.1867653 
106500 	 0.2230651 
107000 	 0.2015008 
107500 	 0.1314896 
108000 	 0.2510917 
108500 	 0.168856 
109000 	 0.2215415 
109500 	 0.1468324 
110000 	 0.1299185 
110500 	 0.1912663 
111000 	 0.1981343 
111500 	 0.2040813 
112000 	 0.1498875 
112500 	 0.2266217 
113000 	 0.1974589 
113500 	 0.1494052 
114000 	 0.1664589 
114500 	 0.1815536 
115000 	 0.1914209 
115500 	 0.2092818 
116000 	 0.2481217 
116500 	 0.1616915 
117000 	 0.1776658 
117500 	 0.2077956 
118000 	 0.1698514 
118500 	 0.218171 
119000 	 0.2312796 
119500 	 0.2601465 
120000 	 0.243615 
120500 	 0.1965431 
121000 	 0.1233754 
121500 	 0.1632814 
122000 	 0.1871362 
122500 	 0.2013566 
123000 	 0.1523422 
123500 	 0.18303 
124000 	 0.1674019 
124500 	 0.1840399 
125000 	 0.1653626 
125500 	 0.1973818 
126000 	 0.249597 
126500 	 0.1587939 
127000 	 0.2329099 
127500 	 0.1801268 
128000 	 0.2017773 
128500 	 0.1709801 
129000 	 0.1634482 
129500 	 0.2661121 
130000 	 0.1451397 
130500 	 0.1481196 
131000 	 0.2353776 
131500 	 0.3368008 
132000 	 0.2285416 
132500 	 0.2189386 
133000 	 0.188735 
133500 	 0.2145137 
134000 	 0.1861935 
134500 	 0.1654655 
135000 	 0.2299587 
135500 	 0.2530527 
136000 	 0.1774465 
136500 	 0.234193 
137000 	 0.145165 
137500 	 0.1512948 
138000 	 0.2117078 
138500 	 0.1415836 
139000 	 0.1450203 
139500 	 0.09460976 
140000 	 0.1598883 
140500 	 0.2017778 
141000 	 0.1272039 
141500 	 0.1100532 
142000 	 0.1591129 
142500 	 0.1545855 
143000 	 0.1141476 
143500 	 0.158646 
144000 	 0.1014426 
144500 	 0.2909896 
145000 	 0.1772478 
145500 	 0.1954055 
146000 	 0.106266 
146500 	 0.1730705 
147000 	 0.2071285 
147500 	 0.2245474 
148000 	 0.1810425 
148500 	 0.19128 
149000 	 0.2737963 
149500 	 0.1548585 
150000 	 0.1171704 
150500 	 0.1474049 
151000 	 0.1137121 
151500 	 0.1955732 
152000 	 0.17069 
152500 	 0.1754444 
153000 	 0.1920315 
153500 	 0.1697138 
154000 	 0.142984 
154500 	 0.146376 
155000 	 0.1828383 
155500 	 0.1036512 
156000 	 0.2180337 
156500 	 0.2341626 
157000 	 0.2420027 
157500 	 0.1791226 
158000 	 0.2057531 
158500 	 0.1746165 
159000 	 0.1777265 
159500 	 0.2151281 
160000 	 0.2339559 
160500 	 0.1412162 
161000 	 0.1703948 
161500 	 0.2401297 
162000 	 0.1806905 
162500 	 0.155376 
163000 	 0.1758348 
163500 	 0.1828516 
164000 	 0.1995353 
164500 	 0.2165744 
165000 	 0.2431581 
165500 	 0.1865986 
166000 	 0.1576162 
166500 	 0.1453045 
167000 	 0.1570128 
167500 	 0.1737584 
168000 	 0.202051 
168500 	 0.1294758 
169000 	 0.1735257 
169500 	 0.2049053 
170000 	 0.2850459 
170500 	 0.08486016 
171000 	 0.2265068 
171500 	 0.2730347 
172000 	 0.1512572 
172500 	 0.1856677 
173000 	 0.2241451 
173500 	 0.1580162 
174000 	 0.1916849 
174500 	 0.2362203 
175000 	 0.1598242 
175500 	 0.2329869 
176000 	 0.2169343 
176500 	 0.1603681 
177000 	 0.2251679 
177500 	 0.2039242 
178000 	 0.244759 
178500 	 0.221956 
179000 	 0.12902 
179500 	 0.1999184 
180000 	 0.1678141 
180500 	 0.1722807 
181000 	 0.227327 
181500 	 0.1673351 
182000 	 0.1876618 
182500 	 0.23615 
183000 	 0.1186745 
183500 	 0.1629737 
184000 	 0.1787736 
184500 	 0.188954 
185000 	 0.2883152 
185500 	 0.1954427 
186000 	 0.1541405 
186500 	 0.2122808 
187000 	 0.1793594 
187500 	 0.2313696 
188000 	 0.2663979 
188500 	 0.1886929 
189000 	 0.1945683 
189500 	 0.1524827 
190000 	 0.1693509 
190500 	 0.1843822 
191000 	 0.1780427 
191500 	 0.1805161 
192000 	 0.1317861 
192500 	 0.2411966 
193000 	 0.1147178 
193500 	 0.1608052 
194000 	 0.126839 
194500 	 0.1644821 
195000 	 0.1510326 
195500 	 0.1916588 
196000 	 0.1164565 
196500 	 0.1337866 
197000 	 0.1543204 
197500 	 0.1684205 
198000 	 0.2467932 
198500 	 0.2298465 
199000 	 0.171622 
199500 	 0.1915567 
200000 	 0.168979 
200500 	 0.2850024 
201000 	 0.1409756 
201500 	 0.2744048 
202000 	 0.1348453 
202500 	 0.186344 
203000 	 0.2078572 
203500 	 0.1776968 
204000 	 0.2041505 
204500 	 0.1306245 
205000 	 0.2165675 
205500 	 0.1729693 
206000 	 0.1584421 
206500 	 0.1486258 
207000 	 0.1828655 
207500 	 0.1582791 
208000 	 0.2319312 
208500 	 0.2568499 
209000 	 0.2520971 
209500 	 0.2405909 
210000 	 0.2689242 
210500 	 0.2851333 
211000 	 0.1245082 
211500 	 0.1654002 
212000 	 0.150112 
212500 	 0.1104175 
213000 	 0.1525042 
213500 	 0.2095459 
214000 	 0.1568204 
214500 	 0.1760039 
215000 	 0.1253928 
215500 	 0.1919202 
216000 	 0.1737158 
216500 	 0.1853003 
217000 	 0.2592952 
217500 	 0.1786161 
218000 	 0.1797266 
218500 	 0.209872 
219000 	 0.1576365 
219500 	 0.1238444 
220000 	 0.208494 
220500 	 0.1635171 
221000 	 0.2149719 
221500 	 0.1913673 
222000 	 0.1770186 
222500 	 0.2504094 
223000 	 0.220925 
223500 	 0.1992944 
224000 	 0.1419048 
224500 	 0.1609388 
225000 	 0.1898465 
225500 	 0.175801 
226000 	 0.197179 
226500 	 0.3014302 
227000 	 0.1318514 
227500 	 0.2019609 
228000 	 0.1862436 
228500 	 0.2362617 
229000 	 0.2584264 
229500 	 0.169025 
230000 	 0.1596809 
230500 	 0.2628513 
231000 	 0.1675203 
231500 	 0.2541177 
232000 	 0.1385235 
232500 	 0.08191332 
233000 	 0.1475278 
233500 	 0.1985655 
234000 	 0.190234 
234500 	 0.15738 
235000 	 0.1508428 
235500 	 0.1695118 
236000 	 0.1699291 
236500 	 0.2049709 
237000 	 0.263145 
237500 	 0.2426224 
238000 	 0.1620294 
238500 	 0.1649089 
239000 	 0.1301039 
239500 	 0.2016568 
240000 	 0.1245272 
240500 	 0.2014714 
241000 	 0.2077167 
241500 	 0.1429285 
242000 	 0.20282 
242500 	 0.110573 
243000 	 0.1711754 
243500 	 0.1647792 
244000 	 0.2468128 
244500 	 0.1985103 
245000 	 0.1618048 
245500 	 0.1333359 
246000 	 0.1890498 
246500 	 0.2470774 
247000 	 0.2214407 
247500 	 0.1219995 
248000 	 0.2189563 
248500 	 0.0788495 
249000 	 0.1977191 
249500 	 0.1081062 
250000 	 0.2018398 
250500 	 0.1768187 
251000 	 0.2009975 
251500 	 0.1117759 
252000 	 0.1909199 
252500 	 0.1465667 
253000 	 0.17163 
253500 	 0.2859338 
254000 	 0.1812062 
254500 	 0.259126 
255000 	 0.1726687 
255500 	 0.1967725 
256000 	 0.3335484 
256500 	 0.1694248 
257000 	 0.1810331 
257500 	 0.2370803 
258000 	 0.1366972 
258500 	 0.2599727 
259000 	 0.1229489 
259500 	 0.1697446 
260000 	 0.1877968 
260500 	 0.2492748 
261000 	 0.2102635 
261500 	 0.1466806 
262000 	 0.2008942 
262500 	 0.1720274 
263000 	 0.1723763 
263500 	 0.143084 
264000 	 0.2170679 
264500 	 0.2497727 
265000 	 0.1810129 
265500 	 0.1706661 
266000 	 0.1636123 
266500 	 0.08719474 
267000 	 0.1495258 
267500 	 0.1347176 
268000 	 0.1886098 
268500 	 0.1351322 
269000 	 0.2338292 
269500 	 0.221474 
270000 	 0.1249822 
270500 	 0.2467089 
271000 	 0.103757 
271500 	 0.2368375 
272000 	 0.1817472 
272500 	 0.2217977 
273000 	 0.1584838 
273500 	 0.2570424 
274000 	 0.1236725 
274500 	 0.1396385 
275000 	 0.1477179 
275500 	 0.1759565 
276000 	 0.2095738 
276500 	 0.1690409 
277000 	 0.1167583 
277500 	 0.1737865 
278000 	 0.1747487 
278500 	 0.1864192 
279000 	 0.2165283 
279500 	 0.1926468 
280000 	 0.2360546 
280500 	 0.120359 
281000 	 0.1062612 
281500 	 0.1431919 
282000 	 0.1795861 
282500 	 0.1618258 
283000 	 0.142255 
283500 	 0.179495 
284000 	 0.1868213 
284500 	 0.191568 
285000 	 0.3121633 
285500 	 0.1896876 
286000 	 0.2621717 
286500 	 0.1398739 
287000 	 0.1829735 
287500 	 0.1636045 
288000 	 0.1506216 
288500 	 0.2097245 
289000 	 0.1010832 
289500 	 0.174443 
290000 	 0.163956 
290500 	 0.1612435 
291000 	 0.1748747 
291500 	 0.1394954 
292000 	 0.1919521 
292500 	 0.1967337 
293000 	 0.1454754 
293500 	 0.2185596 
294000 	 0.1294887 
294500 	 0.1455313 
295000 	 0.1765822 
295500 	 0.1254449 
296000 	 0.1648273 
296500 	 0.245569 
297000 	 0.1668642 
297500 	 0.1609662 
298000 	 0.1952772 
298500 	 0.1765058 
299000 	 0.1522663 
299500 	 0.116927 
300000 	 0.1377648 
300500 	 0.1390595 
301000 	 0.1837537 
301500 	 0.08285006 
302000 	 0.195658 
302500 	 0.1808027 
303000 	 0.1286704 
303500 	 0.2260849 
304000 	 0.2644465 
304500 	 0.1146271 
305000 	 0.1638238 
305500 	 0.1997935 
306000 	 0.1690915 
306500 	 0.2660387 
307000 	 0.1643854 
307500 	 0.2067238 
308000 	 0.1027141 
308500 	 0.08826919 
309000 	 0.1797297 
309500 	 0.214873 
310000 	 0.1537628 
310500 	 0.155408 
311000 	 0.1839946 
311500 	 0.1890159 
312000 	 0.09975463 
312500 	 0.1370295 
313000 	 0.296357 
313500 	 0.09474058 
314000 	 0.1285773 
314500 	 0.1798735 
315000 	 0.1620513 
315500 	 0.1893643 
316000 	 0.2731315 
316500 	 0.2241309 
317000 	 0.108106 
317500 	 0.2051199 
318000 	 0.1460169 
318500 	 0.2014368 
319000 	 0.2276187 
319500 	 0.1426994 
320000 	 0.1390875 
320500 	 0.1645785 
321000 	 0.2134457 
321500 	 0.1641654 
322000 	 0.176323 
322500 	 0.1538741 
323000 	 0.1935907 
323500 	 0.1901915 
324000 	 0.1522816 
324500 	 0.1900464 
325000 	 0.1828847 
325500 	 0.1840285 
326000 	 0.178939 
326500 	 0.1639076 
327000 	 0.2350222 
327500 	 0.1888154 
328000 	 0.1900453 
328500 	 0.1761891 
329000 	 0.1326546 
329500 	 0.2302956 
330000 	 0.2094882 
330500 	 0.1258111 
331000 	 0.2476609 
331500 	 0.1173949 
332000 	 0.2531779 
332500 	 0.1765912 
333000 	 0.1993285 
333500 	 0.1616129 
334000 	 0.1492421 
334500 	 0.1236352 
335000 	 0.09279719 
335500 	 0.213879 
336000 	 0.2217944 
336500 	 0.1892797 
337000 	 0.1575377 
337500 	 0.3180275 
338000 	 0.2688006 
338500 	 0.1300597 
339000 	 0.1525611 
339500 	 0.1638452 
340000 	 0.1192338 
340500 	 0.1365126 
341000 	 0.1408321 
341500 	 0.1985299 
342000 	 0.2533489 
342500 	 0.1840911 
343000 	 0.190229 
343500 	 0.1384601 
344000 	 0.1643089 
344500 	 0.1888092 
345000 	 0.1435341 
345500 	 0.22154 
346000 	 0.1786949 
346500 	 0.1793015 
347000 	 0.1547678 
347500 	 0.1770462 
348000 	 0.1266808 
348500 	 0.1483843 
349000 	 0.1711846 
349500 	 0.1921662 
350000 	 0.2530728 
350500 	 0.1971373 
351000 	 0.2386118 
351500 	 0.169232 
352000 	 0.1184691 
352500 	 0.1524555 
353000 	 0.1680547 
353500 	 0.09764423 
354000 	 0.1423253 
354500 	 0.1934825 
355000 	 0.2826884 
355500 	 0.1938575 
356000 	 0.2112077 
356500 	 0.1813899 
357000 	 0.1379681 
357500 	 0.1306638 
358000 	 0.1618822 
358500 	 0.1820018 
359000 	 0.2959279 
359500 	 0.1356658 
360000 	 0.1362312 
360500 	 0.1818896 
361000 	 0.0991704 
361500 	 0.1654526 
362000 	 0.2307936 
362500 	 0.1932657 
363000 	 0.1988661 
363500 	 0.1710238 
364000 	 0.2080339 
364500 	 0.1622159 
365000 	 0.1747915 
365500 	 0.1722802 
366000 	 0.2033372 
366500 	 0.1868999 
367000 	 0.2305523 
367500 	 0.1155059 
368000 	 0.1797898 
368500 	 0.1866456 
369000 	 0.1269045 
369500 	 0.2724537 
370000 	 0.2674662 
370500 	 0.22524 
371000 	 0.2234345 
371500 	 0.1228103 
372000 	 0.09940875 
372500 	 0.2345078 
373000 	 0.1511402 
373500 	 0.2024819 
374000 	 0.1204425 
374500 	 0.2194433 
375000 	 0.2111393 
375500 	 0.2055216 
376000 	 0.1829545 
376500 	 0.163503 
377000 	 0.1436316 
377500 	 0.1401573 
378000 	 0.1071176 
378500 	 0.2464248 
379000 	 0.1973467 
379500 	 0.1686881 
380000 	 0.1247023 
380500 	 0.2172179 
381000 	 0.2144988 
381500 	 0.1524893 
382000 	 0.17178 
382500 	 0.1737202 
383000 	 0.1471256 
383500 	 0.1790383 
384000 	 0.1909763 
384500 	 0.1485916 
385000 	 0.1291177 
385500 	 0.182492 
386000 	 0.1497347 
386500 	 0.1817303 
387000 	 0.1066363 
387500 	 0.187093 
388000 	 0.1826408 
388500 	 0.1178963 
389000 	 0.1214828 
389500 	 0.1955285 
390000 	 0.119718 
390500 	 0.2064664 
391000 	 0.1535641 
391500 	 0.1854956 
392000 	 0.1998492 
392500 	 0.1616318 
393000 	 0.2042479 
393500 	 0.2690888 
394000 	 0.168991 
394500 	 0.1276497 
395000 	 0.2119706 
395500 	 0.1588636 
396000 	 0.1396325 
396500 	 0.2160915 
397000 	 0.1931804 
397500 	 0.1284116 
398000 	 0.2282331 
398500 	 0.15161 
399000 	 0.2065623 
399500 	 0.2193733 
400000 	 0.157322 
400500 	 0.1745688 
401000 	 0.1265499 
401500 	 0.09652571 
402000 	 0.1638124 
402500 	 0.1361635 
403000 	 0.1773922 
403500 	 0.172157 
404000 	 0.1469858 
404500 	 0.2162972 
405000 	 0.1123887 
405500 	 0.1652512 
406000 	 0.1763233 
406500 	 0.1386146 
407000 	 0.2123389 
407500 	 0.2135907 
408000 	 0.1571492 
408500 	 0.1867902 
409000 	 0.1928492 
409500 	 0.2760467 
410000 	 0.167299 
410500 	 0.2277722 
411000 	 0.2202213 
411500 	 0.2033498 
412000 	 0.1662814 
412500 	 0.1708718 
413000 	 0.126375 
413500 	 0.1905693 
414000 	 0.1193144 
414500 	 0.2465059 
415000 	 0.1333042 
415500 	 0.1376444 
416000 	 0.1373631 
416500 	 0.1453858 
417000 	 0.1863877 
417500 	 0.1483485 
418000 	 0.1447308 
418500 	 0.188007 
419000 	 0.1944805 
419500 	 0.1767529 
420000 	 0.1307367 
420500 	 0.253291 
421000 	 0.1371031 
421500 	 0.1365642 
422000 	 0.1586603 
422500 	 0.1373692 
423000 	 0.2104554 
423500 	 0.1301371 
424000 	 0.2146345 
424500 	 0.2338915 
425000 	 0.1612695 
425500 	 0.1649938 
426000 	 0.1893892 
426500 	 0.08788318 
427000 	 0.1742592 
427500 	 0.3021232 
428000 	 0.1224076 
428500 	 0.1196533 
429000 	 0.08608088 
429500 	 0.1111985 
430000 	 0.1944842 
430500 	 0.2036192 
431000 	 0.1807075 
431500 	 0.1349042 
432000 	 0.184695 
432500 	 0.2640027 
433000 	 0.1705077 
433500 	 0.1685208 
434000 	 0.1193119 
434500 	 0.1140508 
435000 	 0.1878299 
435500 	 0.2157514 
436000 	 0.2234418 
436500 	 0.2218183 
437000 	 0.2119187 
437500 	 0.2121823 
438000 	 0.1884683 
438500 	 0.1709513 
439000 	 0.1524456 
439500 	 0.2652701 
440000 	 0.2142668 
440500 	 0.2003289 
441000 	 0.1299564 
441500 	 0.1758176 
442000 	 0.1069991 
442500 	 0.1843114 
443000 	 0.2326177 
443500 	 0.1109964 
444000 	 0.2141021 
444500 	 0.1677586 
445000 	 0.2898017 
445500 	 0.1754623 
446000 	 0.3030753 
446500 	 0.1652248 
447000 	 0.2400084 
447500 	 0.18265 
448000 	 0.2382393 
448500 	 0.1978262 
449000 	 0.1127648 
449500 	 0.2502787 
450000 	 0.1943007 
450500 	 0.1516098 
451000 	 0.1447265 
451500 	 0.135486 
452000 	 0.1877991 
452500 	 0.1787157 
453000 	 0.2701594 
453500 	 0.1329354 
454000 	 0.1597161 
454500 	 0.1482884 
455000 	 0.2083773 
455500 	 0.2199257 
456000 	 0.2040507 
456500 	 0.190294 
457000 	 0.2234972 
457500 	 0.1595899 
458000 	 0.1368636 
458500 	 0.1766558 
459000 	 0.1423883 
459500 	 0.1313739 
460000 	 0.1812062 
460500 	 0.2269969 
461000 	 0.210342 
461500 	 0.1199442 
462000 	 0.1734196 
462500 	 0.1933262 
463000 	 0.1992498 
463500 	 0.3250155 
464000 	 0.1444059 
464500 	 0.2068127 
465000 	 0.1339938 
465500 	 0.1082484 
466000 	 0.153977 
466500 	 0.1564065 
467000 	 0.2216586 
467500 	 0.2021233 
468000 	 0.1048393 
468500 	 0.1834342 
469000 	 0.1711465 
469500 	 0.1985945 
470000 	 0.2259043 
470500 	 0.2304282 
471000 	 0.1910158 
471500 	 0.1835504 
472000 	 0.1391376 
472500 	 0.2800371 
473000 	 0.1374487 
473500 	 0.1922059 
474000 	 0.187042 
474500 	 0.1529852 
475000 	 0.20973 
475500 	 0.2111865 
476000 	 0.2010904 
476500 	 0.2507943 
477000 	 0.1635142 
477500 	 0.238558 
478000 	 0.2060266 
478500 	 0.181204 
479000 	 0.2426215 
479500 	 0.1749493 
480000 	 0.1694238 
480500 	 0.1534673 
481000 	 0.2327462 
481500 	 0.1987468 
482000 	 0.1672795 
482500 	 0.1299462 
483000 	 0.1681645 
483500 	 0.1550536 
484000 	 0.1509421 
484500 	 0.1975436 
485000 	 0.203781 
485500 	 0.2571991 
486000 	 0.230533 
486500 	 0.1442196 
487000 	 0.1774303 
487500 	 0.2196899 
488000 	 0.2119004 
488500 	 0.2043237 
489000 	 0.1777926 
489500 	 0.126268 
490000 	 0.1694233 
490500 	 0.2100058 
491000 	 0.2068257 
491500 	 0.1172655 
492000 	 0.1153452 
492500 	 0.1654616 
493000 	 0.1738118 
493500 	 0.2182303 
494000 	 0.213058 
494500 	 0.1248822 
495000 	 0.2482922 
495500 	 0.2191232 
496000 	 0.1277845 
496500 	 0.1774414 
497000 	 0.1479639 
497500 	 0.1835583 
498000 	 0.1456281 
498500 	 0.1531378 
499000 	 0.2250789 
499500 	 0.1818366 
500000 	 0.125908 
