iter 	 p
500 	 0.1901489 
1000 	 0.2342718 
1500 	 0.2218387 
2000 	 0.223226 
2500 	 0.2770677 
3000 	 0.1973519 
3500 	 0.1422278 
4000 	 0.2819036 
4500 	 0.2317925 
5000 	 0.2268262 
5500 	 0.2239099 
6000 	 0.2684693 
6500 	 0.2084609 
7000 	 0.1842991 
7500 	 0.2084241 
8000 	 0.2299174 
8500 	 0.260784 
9000 	 0.1554755 
9500 	 0.2254512 
10000 	 0.2436072 
10500 	 0.3076574 
11000 	 0.2837565 
11500 	 0.2237202 
12000 	 0.2212162 
12500 	 0.2437236 
13000 	 0.157051 
13500 	 0.1635379 
14000 	 0.1847784 
14500 	 0.2536524 
15000 	 0.2817233 
15500 	 0.2631495 
16000 	 0.185301 
16500 	 0.3375389 
17000 	 0.2424283 
17500 	 0.2623045 
18000 	 0.1910146 
18500 	 0.2244725 
19000 	 0.2602853 
19500 	 0.29105 
20000 	 0.2525847 
20500 	 0.2119912 
21000 	 0.2359685 
21500 	 0.2143447 
22000 	 0.2084614 
22500 	 0.2116781 
23000 	 0.1381518 
23500 	 0.2369418 
24000 	 0.2297335 
24500 	 0.268133 
25000 	 0.2793714 
25500 	 0.1347768 
26000 	 0.2684756 
26500 	 0.1358139 
27000 	 0.2137424 
27500 	 0.2081991 
28000 	 0.1882558 
28500 	 0.2113225 
29000 	 0.2592757 
29500 	 0.1865041 
30000 	 0.2150817 
30500 	 0.2136343 
31000 	 0.191744 
31500 	 0.243553 
32000 	 0.2297128 
32500 	 0.2429135 
33000 	 0.1858327 
33500 	 0.2769748 
34000 	 0.1411322 
34500 	 0.1381416 
35000 	 0.2815611 
35500 	 0.2433303 
36000 	 0.2950079 
36500 	 0.1771595 
37000 	 0.2079542 
37500 	 0.254003 
38000 	 0.2816483 
38500 	 0.2005825 
39000 	 0.2167652 
39500 	 0.2984291 
40000 	 0.2309354 
40500 	 0.2593203 
41000 	 0.2713169 
41500 	 0.198342 
42000 	 0.2473057 
42500 	 0.2832867 
43000 	 0.2138101 
43500 	 0.1606738 
44000 	 0.1673418 
44500 	 0.267744 
45000 	 0.2077176 
45500 	 0.2408185 
46000 	 0.1916427 
46500 	 0.1449975 
47000 	 0.2475081 
47500 	 0.3189193 
48000 	 0.2379869 
48500 	 0.2314315 
49000 	 0.2324289 
49500 	 0.2754037 
50000 	 0.3010736 
50500 	 0.2306535 
51000 	 0.206025 
51500 	 0.2395789 
52000 	 0.2118273 
52500 	 0.2249306 
53000 	 0.2100043 
53500 	 0.2161907 
54000 	 0.162801 
54500 	 0.2290768 
55000 	 0.2830863 
55500 	 0.1912132 
56000 	 0.1682308 
56500 	 0.2232148 
57000 	 0.2214136 
57500 	 0.1586571 
58000 	 0.2472846 
58500 	 0.1883561 
59000 	 0.1571633 
59500 	 0.2531992 
60000 	 0.2044559 
60500 	 0.1517397 
61000 	 0.1551803 
61500 	 0.1990504 
62000 	 0.249715 
62500 	 0.251561 
63000 	 0.1794574 
63500 	 0.3307786 
64000 	 0.2140516 
64500 	 0.2040848 
65000 	 0.2413762 
65500 	 0.2208884 
66000 	 0.2687478 
66500 	 0.1789471 
67000 	 0.2329954 
67500 	 0.2349441 
68000 	 0.22955 
68500 	 0.3541273 
69000 	 0.1881166 
69500 	 0.3034986 
70000 	 0.1618555 
70500 	 0.1483015 
71000 	 0.2812836 
71500 	 0.351351 
72000 	 0.2893534 
72500 	 0.1945992 
73000 	 0.332338 
73500 	 0.1344206 
74000 	 0.2851914 
74500 	 0.2140738 
75000 	 0.2603661 
75500 	 0.1942095 
76000 	 0.2029924 
76500 	 0.256491 
77000 	 0.1845275 
77500 	 0.1829813 
78000 	 0.2457368 
78500 	 0.2250866 
79000 	 0.2197478 
79500 	 0.2227875 
80000 	 0.227844 
80500 	 0.1447286 
81000 	 0.2585301 
81500 	 0.2402121 
82000 	 0.2578512 
82500 	 0.2962762 
83000 	 0.2504011 
83500 	 0.1928076 
84000 	 0.2509586 
84500 	 0.2745188 
85000 	 0.2578252 
85500 	 0.2152658 
86000 	 0.2105526 
86500 	 0.2258712 
87000 	 0.1738266 
87500 	 0.2123981 
88000 	 0.1986479 
88500 	 0.2232776 
89000 	 0.2380838 
89500 	 0.2395039 
90000 	 0.2026139 
90500 	 0.1272006 
91000 	 0.1667545 
91500 	 0.269456 
92000 	 0.2238925 
92500 	 0.2219264 
93000 	 0.252341 
93500 	 0.1486187 
94000 	 0.2968905 
94500 	 0.3418166 
95000 	 0.2172747 
95500 	 0.1755449 
96000 	 0.2940636 
96500 	 0.2181792 
97000 	 0.2623677 
97500 	 0.1986865 
98000 	 0.2124246 
98500 	 0.1248081 
99000 	 0.2169648 
99500 	 0.2207399 
100000 	 0.2183162 
100500 	 0.2532104 
101000 	 0.1900934 
101500 	 0.3565909 
102000 	 0.2449209 
102500 	 0.1754911 
103000 	 0.2544244 
103500 	 0.1731878 
104000 	 0.293753 
104500 	 0.2220513 
105000 	 0.2519962 
105500 	 0.2860419 
106000 	 0.2341726 
106500 	 0.1932791 
107000 	 0.2004514 
107500 	 0.274488 
108000 	 0.1797217 
108500 	 0.3161707 
109000 	 0.3107008 
109500 	 0.2356903 
110000 	 0.2459161 
110500 	 0.2311216 
111000 	 0.2724547 
111500 	 0.2203857 
112000 	 0.1907878 
112500 	 0.2688319 
113000 	 0.2833116 
113500 	 0.2045975 
114000 	 0.2139136 
114500 	 0.3135473 
115000 	 0.2161432 
115500 	 0.243791 
116000 	 0.1778072 
116500 	 0.2010209 
117000 	 0.304255 
117500 	 0.2347853 
118000 	 0.1529043 
118500 	 0.2883352 
119000 	 0.2567678 
119500 	 0.2316007 
120000 	 0.2124408 
120500 	 0.2103252 
121000 	 0.2166231 
121500 	 0.2419104 
122000 	 0.1363407 
122500 	 0.2193031 
123000 	 0.2437185 
123500 	 0.2474532 
124000 	 0.3005472 
124500 	 0.2355756 
125000 	 0.2116833 
125500 	 0.2018258 
126000 	 0.2157147 
126500 	 0.2585179 
127000 	 0.2678128 
127500 	 0.2379794 
128000 	 0.2043661 
128500 	 0.2952515 
129000 	 0.2391377 
129500 	 0.2275488 
130000 	 0.2312159 
130500 	 0.2461442 
131000 	 0.2361008 
131500 	 0.2055132 
132000 	 0.2313274 
132500 	 0.2740403 
133000 	 0.2391169 
133500 	 0.2770225 
134000 	 0.1956668 
134500 	 0.2359914 
135000 	 0.2396528 
135500 	 0.1745864 
136000 	 0.1729797 
136500 	 0.2568805 
137000 	 0.3340793 
137500 	 0.2023421 
138000 	 0.1795904 
138500 	 0.2085022 
139000 	 0.2228909 
139500 	 0.230629 
140000 	 0.1714013 
140500 	 0.2172045 
141000 	 0.1807168 
141500 	 0.2292229 
142000 	 0.2923526 
142500 	 0.2340743 
143000 	 0.2620298 
143500 	 0.1812802 
144000 	 0.1981891 
144500 	 0.2989837 
145000 	 0.1810479 
145500 	 0.228412 
146000 	 0.2084131 
146500 	 0.216377 
147000 	 0.16822 
147500 	 0.2154988 
148000 	 0.2322782 
148500 	 0.2019508 
149000 	 0.2587415 
149500 	 0.2211577 
150000 	 0.1995151 
150500 	 0.1366858 
151000 	 0.1793813 
151500 	 0.2651303 
152000 	 0.1977587 
152500 	 0.2115367 
153000 	 0.223434 
153500 	 0.1959266 
154000 	 0.2025947 
154500 	 0.209711 
155000 	 0.2758933 
155500 	 0.1939776 
156000 	 0.2688975 
156500 	 0.1860121 
157000 	 0.1919518 
157500 	 0.3268411 
158000 	 0.2275304 
158500 	 0.2448566 
159000 	 0.2754911 
159500 	 0.1832438 
160000 	 0.2742692 
160500 	 0.2378626 
161000 	 0.1652429 
161500 	 0.2330539 
162000 	 0.2455339 
162500 	 0.1861742 
163000 	 0.2189784 
163500 	 0.2037592 
164000 	 0.2171339 
164500 	 0.1868799 
165000 	 0.1996284 
165500 	 0.2096215 
166000 	 0.2925487 
166500 	 0.2521833 
167000 	 0.1171999 
167500 	 0.2510193 
168000 	 0.2119988 
168500 	 0.2302261 
169000 	 0.1770154 
169500 	 0.2199753 
170000 	 0.2860172 
170500 	 0.2423638 
171000 	 0.2505137 
171500 	 0.1600278 
172000 	 0.1836411 
172500 	 0.2373068 
173000 	 0.2858857 
173500 	 0.2544838 
174000 	 0.1661782 
174500 	 0.1863996 
175000 	 0.2088617 
175500 	 0.2966832 
176000 	 0.2319076 
176500 	 0.1826659 
177000 	 0.2614191 
177500 	 0.22906 
178000 	 0.2325685 
178500 	 0.2698739 
179000 	 0.3028906 
179500 	 0.199381 
180000 	 0.2184588 
180500 	 0.2298154 
181000 	 0.2752461 
181500 	 0.3148299 
182000 	 0.2969029 
182500 	 0.2716997 
183000 	 0.2424857 
183500 	 0.2266191 
184000 	 0.1242308 
184500 	 0.2251646 
185000 	 0.1902408 
185500 	 0.3066029 
186000 	 0.2372503 
186500 	 0.1315319 
187000 	 0.2382445 
187500 	 0.2233726 
188000 	 0.2101388 
188500 	 0.297695 
189000 	 0.2071921 
189500 	 0.1830281 
190000 	 0.2517728 
190500 	 0.2198719 
191000 	 0.2305842 
191500 	 0.2620293 
192000 	 0.246743 
192500 	 0.1421228 
193000 	 0.2570303 
193500 	 0.2268252 
194000 	 0.2130527 
194500 	 0.244656 
195000 	 0.3226477 
195500 	 0.2132732 
196000 	 0.216827 
196500 	 0.2019498 
197000 	 0.2639139 
197500 	 0.1866161 
198000 	 0.2017953 
198500 	 0.2197651 
199000 	 0.2573556 
199500 	 0.2595569 
200000 	 0.2024018 
200500 	 0.1351226 
201000 	 0.2099229 
201500 	 0.1713256 
202000 	 0.281957 
202500 	 0.215957 
203000 	 0.1996047 
203500 	 0.2390149 
204000 	 0.144761 
204500 	 0.2143309 
205000 	 0.1596321 
205500 	 0.2147644 
206000 	 0.2095865 
206500 	 0.2905626 
207000 	 0.2945734 
207500 	 0.2129871 
208000 	 0.2254379 
208500 	 0.201557 
209000 	 0.2388239 
209500 	 0.1922488 
210000 	 0.2228537 
210500 	 0.2157403 
211000 	 0.2442102 
211500 	 0.2722236 
212000 	 0.2443124 
212500 	 0.3033386 
213000 	 0.1977669 
213500 	 0.2422475 
214000 	 0.2936808 
214500 	 0.2313501 
215000 	 0.1792471 
215500 	 0.3013753 
216000 	 0.1883273 
216500 	 0.1820077 
217000 	 0.1686761 
217500 	 0.368011 
218000 	 0.3003808 
218500 	 0.2568057 
219000 	 0.1612553 
219500 	 0.2789024 
220000 	 0.3735133 
220500 	 0.2593671 
221000 	 0.2392412 
221500 	 0.1538348 
222000 	 0.1715451 
222500 	 0.2819941 
223000 	 0.201463 
223500 	 0.1799731 
224000 	 0.1568763 
224500 	 0.2062938 
225000 	 0.1839317 
225500 	 0.2269693 
226000 	 0.2710621 
226500 	 0.2113585 
227000 	 0.277915 
227500 	 0.2345491 
228000 	 0.272605 
228500 	 0.3505629 
229000 	 0.2357942 
229500 	 0.2010238 
230000 	 0.1851137 
230500 	 0.1592598 
231000 	 0.2468998 
231500 	 0.2722042 
232000 	 0.3780695 
232500 	 0.1926101 
233000 	 0.2092352 
233500 	 0.2099839 
234000 	 0.2275381 
234500 	 0.1903419 
235000 	 0.2723801 
235500 	 0.2566498 
236000 	 0.235289 
236500 	 0.2846458 
237000 	 0.2451714 
237500 	 0.2148593 
238000 	 0.2261176 
238500 	 0.2271254 
239000 	 0.3276374 
239500 	 0.3082892 
240000 	 0.2497053 
240500 	 0.2284773 
241000 	 0.2509444 
241500 	 0.2033283 
242000 	 0.1959553 
242500 	 0.2972043 
243000 	 0.2444611 
243500 	 0.1602226 
244000 	 0.1677898 
244500 	 0.2936263 
245000 	 0.2796171 
245500 	 0.2512041 
246000 	 0.1111422 
246500 	 0.1835228 
247000 	 0.3147487 
247500 	 0.2063959 
248000 	 0.30103 
248500 	 0.2351311 
249000 	 0.1371553 
249500 	 0.2076747 
250000 	 0.2101389 
250500 	 0.2721293 
251000 	 0.171008 
251500 	 0.2868988 
252000 	 0.1972065 
252500 	 0.2405242 
253000 	 0.2330063 
253500 	 0.256667 
254000 	 0.2354836 
254500 	 0.2042719 
255000 	 0.1681607 
255500 	 0.197981 
256000 	 0.2597902 
256500 	 0.2742767 
257000 	 0.238125 
257500 	 0.1417478 
258000 	 0.1392788 
258500 	 0.2320881 
259000 	 0.2375568 
259500 	 0.1432365 
260000 	 0.2404428 
260500 	 0.2266784 
261000 	 0.1845447 
261500 	 0.1919439 
262000 	 0.197984 
262500 	 0.3057536 
263000 	 0.2321204 
263500 	 0.2912882 
264000 	 0.2944255 
264500 	 0.1825223 
265000 	 0.1785436 
265500 	 0.2047019 
266000 	 0.2360867 
266500 	 0.1471804 
267000 	 0.1993625 
267500 	 0.1906418 
268000 	 0.2377663 
268500 	 0.3128594 
269000 	 0.2487478 
269500 	 0.2248058 
270000 	 0.1645445 
270500 	 0.3434163 
271000 	 0.2103492 
271500 	 0.2378237 
272000 	 0.2564181 
272500 	 0.198061 
273000 	 0.179984 
273500 	 0.2952945 
274000 	 0.2388192 
274500 	 0.3768005 
275000 	 0.2081308 
275500 	 0.2665963 
276000 	 0.2339635 
276500 	 0.2590299 
277000 	 0.1936452 
277500 	 0.249177 
278000 	 0.2507227 
278500 	 0.1830304 
279000 	 0.2769801 
279500 	 0.2612183 
280000 	 0.2613915 
280500 	 0.2593369 
281000 	 0.1524414 
281500 	 0.1785106 
282000 	 0.2262235 
282500 	 0.261027 
283000 	 0.187274 
283500 	 0.2417718 
284000 	 0.2221151 
284500 	 0.266389 
285000 	 0.2580026 
285500 	 0.2348893 
286000 	 0.2757205 
286500 	 0.2223384 
287000 	 0.2704583 
287500 	 0.1872306 
288000 	 0.2125816 
288500 	 0.159157 
289000 	 0.1435137 
289500 	 0.231216 
290000 	 0.2276394 
290500 	 0.1945458 
291000 	 0.2276519 
291500 	 0.3024376 
292000 	 0.2812861 
292500 	 0.1800771 
293000 	 0.1872547 
293500 	 0.1894955 
294000 	 0.2174247 
294500 	 0.229507 
295000 	 0.2460804 
295500 	 0.2721381 
296000 	 0.2424242 
296500 	 0.2795168 
297000 	 0.2490882 
297500 	 0.2280263 
298000 	 0.1970594 
298500 	 0.2503876 
299000 	 0.2526876 
299500 	 0.2062153 
300000 	 0.2450357 
300500 	 0.351684 
301000 	 0.1937427 
301500 	 0.2334765 
302000 	 0.1306771 
302500 	 0.2580371 
303000 	 0.2005913 
303500 	 0.2101559 
304000 	 0.2210836 
304500 	 0.2638557 
305000 	 0.2548633 
305500 	 0.2498353 
306000 	 0.1711606 
306500 	 0.2961854 
307000 	 0.2242023 
307500 	 0.173271 
308000 	 0.2561705 
308500 	 0.1578332 
309000 	 0.3160223 
309500 	 0.2237562 
310000 	 0.2407625 
310500 	 0.1954488 
311000 	 0.1807454 
311500 	 0.2049717 
312000 	 0.2263984 
312500 	 0.2559846 
313000 	 0.2154007 
313500 	 0.2047937 
314000 	 0.202547 
314500 	 0.2150206 
315000 	 0.2328433 
315500 	 0.180159 
316000 	 0.2262197 
316500 	 0.1595086 
317000 	 0.2008044 
317500 	 0.2959334 
318000 	 0.2462601 
318500 	 0.2347211 
319000 	 0.2310168 
319500 	 0.2293763 
320000 	 0.2502149 
320500 	 0.2562182 
321000 	 0.2617594 
321500 	 0.2160519 
322000 	 0.229319 
322500 	 0.2087217 
323000 	 0.2280583 
323500 	 0.2487819 
324000 	 0.2719306 
324500 	 0.2261977 
325000 	 0.2098973 
325500 	 0.2577413 
326000 	 0.1317246 
326500 	 0.2898373 
327000 	 0.2851868 
327500 	 0.2119577 
328000 	 0.1841862 
328500 	 0.2131337 
329000 	 0.1660643 
329500 	 0.2900439 
330000 	 0.2896177 
330500 	 0.2204991 
331000 	 0.2545401 
331500 	 0.276245 
332000 	 0.2221418 
332500 	 0.2600697 
333000 	 0.2853799 
333500 	 0.2297211 
334000 	 0.2650053 
334500 	 0.1824442 
335000 	 0.2423994 
335500 	 0.3056113 
336000 	 0.2669782 
336500 	 0.2607808 
337000 	 0.1792836 
337500 	 0.1056521 
338000 	 0.2450613 
338500 	 0.2955116 
339000 	 0.2422333 
339500 	 0.2767256 
340000 	 0.1526308 
340500 	 0.3539614 
341000 	 0.2498853 
341500 	 0.1524464 
342000 	 0.2380205 
342500 	 0.1751846 
343000 	 0.2265229 
343500 	 0.2245803 
344000 	 0.2070807 
344500 	 0.2331336 
345000 	 0.2936365 
345500 	 0.2458135 
346000 	 0.2186116 
346500 	 0.1382106 
347000 	 0.1923238 
347500 	 0.162984 
348000 	 0.22842 
348500 	 0.1950502 
349000 	 0.1688714 
349500 	 0.2835797 
350000 	 0.318078 
350500 	 0.2215854 
351000 	 0.1642957 
351500 	 0.2785564 
352000 	 0.2130458 
352500 	 0.1566671 
353000 	 0.1986693 
353500 	 0.2321569 
354000 	 0.2705525 
354500 	 0.1935056 
355000 	 0.2746166 
355500 	 0.2600708 
356000 	 0.2275075 
356500 	 0.1850552 
357000 	 0.2550308 
357500 	 0.1977566 
358000 	 0.149765 
358500 	 0.2130572 
359000 	 0.1959965 
359500 	 0.2001278 
360000 	 0.1958753 
360500 	 0.2574411 
361000 	 0.2435712 
361500 	 0.180035 
362000 	 0.1971717 
362500 	 0.279 
363000 	 0.301086 
363500 	 0.230757 
364000 	 0.215977 
364500 	 0.1979641 
365000 	 0.2653179 
365500 	 0.2404353 
366000 	 0.1709707 
366500 	 0.2387282 
367000 	 0.2863556 
367500 	 0.1787737 
368000 	 0.234466 
368500 	 0.2151702 
369000 	 0.2266359 
369500 	 0.2671903 
370000 	 0.3194287 
370500 	 0.215844 
371000 	 0.2070359 
371500 	 0.2282773 
372000 	 0.2145532 
372500 	 0.2034196 
373000 	 0.2081118 
373500 	 0.2603312 
374000 	 0.269708 
374500 	 0.3360069 
375000 	 0.1867545 
375500 	 0.2088862 
376000 	 0.2116252 
376500 	 0.2489515 
377000 	 0.1793717 
377500 	 0.2693077 
378000 	 0.3361429 
378500 	 0.1759666 
379000 	 0.1635216 
379500 	 0.1970822 
380000 	 0.1783076 
380500 	 0.2818934 
381000 	 0.2638638 
381500 	 0.174264 
382000 	 0.4084232 
382500 	 0.3350603 
383000 	 0.1690921 
383500 	 0.3035275 
384000 	 0.2362494 
384500 	 0.3490781 
385000 	 0.2572118 
385500 	 0.2305495 
386000 	 0.2666002 
386500 	 0.1874869 
387000 	 0.2683489 
387500 	 0.1415527 
388000 	 0.3378381 
388500 	 0.1515307 
389000 	 0.1858805 
389500 	 0.2564731 
390000 	 0.288775 
390500 	 0.2549572 
391000 	 0.2035346 
391500 	 0.2366266 
392000 	 0.1832931 
392500 	 0.1950667 
393000 	 0.2344541 
393500 	 0.2408917 
394000 	 0.2016072 
394500 	 0.2776865 
395000 	 0.2254109 
395500 	 0.1480561 
396000 	 0.244759 
396500 	 0.2482837 
397000 	 0.2169005 
397500 	 0.2396039 
398000 	 0.1859218 
398500 	 0.1906652 
399000 	 0.2459162 
399500 	 0.2899168 
400000 	 0.2750718 
400500 	 0.2197376 
401000 	 0.282466 
401500 	 0.1921723 
402000 	 0.3219443 
402500 	 0.2370561 
403000 	 0.3172936 
403500 	 0.1843952 
404000 	 0.2106407 
404500 	 0.2226389 
405000 	 0.288747 
405500 	 0.2202559 
406000 	 0.2343356 
406500 	 0.2391706 
407000 	 0.2451925 
407500 	 0.3253849 
408000 	 0.2575995 
408500 	 0.2538536 
409000 	 0.2802812 
409500 	 0.2425222 
410000 	 0.206253 
410500 	 0.2293278 
411000 	 0.2291788 
411500 	 0.2033217 
412000 	 0.2693936 
412500 	 0.2695037 
413000 	 0.2430891 
413500 	 0.265126 
414000 	 0.1735462 
414500 	 0.1324079 
415000 	 0.196077 
415500 	 0.2367608 
416000 	 0.1899146 
416500 	 0.1926057 
417000 	 0.205252 
417500 	 0.145746 
418000 	 0.2169753 
418500 	 0.2090976 
419000 	 0.1818258 
419500 	 0.226375 
420000 	 0.1491319 
420500 	 0.2898156 
421000 	 0.2500004 
421500 	 0.2099952 
422000 	 0.3020488 
422500 	 0.2629511 
423000 	 0.2472602 
423500 	 0.2133175 
424000 	 0.2816354 
424500 	 0.3284863 
425000 	 0.2032414 
425500 	 0.1940906 
426000 	 0.2902898 
426500 	 0.1954978 
427000 	 0.1747079 
427500 	 0.1921164 
428000 	 0.2239751 
428500 	 0.2688861 
429000 	 0.1845596 
429500 	 0.1978068 
430000 	 0.2553439 
430500 	 0.230215 
431000 	 0.1811845 
431500 	 0.1695335 
432000 	 0.2110459 
432500 	 0.2378844 
433000 	 0.2538293 
433500 	 0.2176415 
434000 	 0.1462231 
434500 	 0.2048866 
435000 	 0.1833146 
435500 	 0.1831454 
436000 	 0.2084776 
436500 	 0.1971072 
437000 	 0.2827325 
437500 	 0.3885137 
438000 	 0.2331647 
438500 	 0.2224602 
439000 	 0.2006114 
439500 	 0.2699214 
440000 	 0.2557599 
440500 	 0.2465002 
441000 	 0.2264055 
441500 	 0.3079291 
442000 	 0.1290985 
442500 	 0.2052779 
443000 	 0.1634834 
443500 	 0.2446147 
444000 	 0.3018383 
444500 	 0.1236613 
445000 	 0.2693966 
445500 	 0.246667 
446000 	 0.2592706 
446500 	 0.2070992 
447000 	 0.2097147 
447500 	 0.321304 
448000 	 0.1432219 
448500 	 0.1727901 
449000 	 0.2208032 
449500 	 0.19277 
450000 	 0.1910027 
450500 	 0.1905649 
451000 	 0.1935653 
451500 	 0.1694987 
452000 	 0.2297266 
452500 	 0.2875965 
453000 	 0.1553818 
453500 	 0.2988833 
454000 	 0.3507849 
454500 	 0.1892693 
455000 	 0.2057664 
455500 	 0.1560799 
456000 	 0.2318402 
456500 	 0.2451345 
457000 	 0.2265765 
457500 	 0.21419 
458000 	 0.2568498 
458500 	 0.2689467 
459000 	 0.2471092 
459500 	 0.1944709 
460000 	 0.2603504 
460500 	 0.1521612 
461000 	 0.195718 
461500 	 0.3528438 
462000 	 0.3051639 
462500 	 0.1465239 
463000 	 0.2071736 
463500 	 0.2318075 
464000 	 0.172984 
464500 	 0.2735204 
465000 	 0.1566434 
465500 	 0.2486079 
466000 	 0.1996395 
466500 	 0.2816894 
467000 	 0.2927475 
467500 	 0.1873498 
468000 	 0.2760055 
468500 	 0.2719528 
469000 	 0.240043 
469500 	 0.3531756 
470000 	 0.2863427 
470500 	 0.1571789 
471000 	 0.1792545 
471500 	 0.2782019 
472000 	 0.1552157 
472500 	 0.1947861 
473000 	 0.3599824 
473500 	 0.18089 
474000 	 0.2186872 
474500 	 0.2420767 
475000 	 0.2521403 
475500 	 0.3324249 
476000 	 0.2429266 
476500 	 0.2701754 
477000 	 0.2251395 
477500 	 0.3061261 
478000 	 0.2859157 
478500 	 0.280673 
479000 	 0.1783287 
479500 	 0.2459555 
480000 	 0.2589902 
480500 	 0.29326 
481000 	 0.3029536 
481500 	 0.2266586 
482000 	 0.2049802 
482500 	 0.2784134 
483000 	 0.2209323 
483500 	 0.2006538 
484000 	 0.2694441 
484500 	 0.2160349 
485000 	 0.2886757 
485500 	 0.2542677 
486000 	 0.1869908 
486500 	 0.2523234 
487000 	 0.1806629 
487500 	 0.2010042 
488000 	 0.3339742 
488500 	 0.2341602 
489000 	 0.2269788 
489500 	 0.1305483 
490000 	 0.2079238 
490500 	 0.2833002 
491000 	 0.2806945 
491500 	 0.2785214 
492000 	 0.1545334 
492500 	 0.1904499 
493000 	 0.253386 
493500 	 0.2158264 
494000 	 0.2704021 
494500 	 0.2014725 
495000 	 0.2846583 
495500 	 0.2635381 
496000 	 0.2432898 
496500 	 0.2549244 
497000 	 0.2325843 
497500 	 0.2316727 
498000 	 0.243693 
498500 	 0.2711645 
499000 	 0.1747435 
499500 	 0.1822045 
500000 	 0.1610387 
