iter 	 p
500 	 0.1133651 
1000 	 0.08549864 
1500 	 0.1099654 
2000 	 0.1558402 
2500 	 0.09729125 
3000 	 0.2103456 
3500 	 0.192112 
4000 	 0.186617 
4500 	 0.2382985 
5000 	 0.1274751 
5500 	 0.1243073 
6000 	 0.2706985 
6500 	 0.1455336 
7000 	 0.1851999 
7500 	 0.1610755 
8000 	 0.1350134 
8500 	 0.07168223 
9000 	 0.196822 
9500 	 0.1930522 
10000 	 0.1781114 
10500 	 0.212794 
11000 	 0.05711751 
11500 	 0.1322756 
12000 	 0.2369618 
12500 	 0.2383022 
13000 	 0.2156184 
13500 	 0.1311817 
14000 	 0.1339687 
14500 	 0.1883663 
15000 	 0.2618412 
15500 	 0.1130713 
16000 	 0.1711395 
16500 	 0.08122805 
17000 	 0.08167995 
17500 	 0.1399073 
18000 	 0.1386416 
18500 	 0.04113084 
19000 	 0.1670997 
19500 	 0.1019023 
20000 	 0.1405048 
20500 	 0.148178 
21000 	 0.113981 
21500 	 0.1506715 
22000 	 0.1098587 
22500 	 0.1833809 
23000 	 0.1600406 
23500 	 0.08554225 
24000 	 0.1601433 
24500 	 0.1675557 
25000 	 0.1079878 
25500 	 0.2013634 
26000 	 0.2032394 
26500 	 0.1547276 
27000 	 0.1845261 
27500 	 0.07671489 
28000 	 0.1832013 
28500 	 0.148676 
29000 	 0.1889716 
29500 	 0.1358364 
30000 	 0.119312 
30500 	 0.1846969 
31000 	 0.1091285 
31500 	 0.1244898 
32000 	 0.1571242 
32500 	 0.1396 
33000 	 0.2040323 
33500 	 0.1515793 
34000 	 0.1306066 
34500 	 0.2238318 
35000 	 0.1400254 
35500 	 0.1205724 
36000 	 0.1062424 
36500 	 0.1594431 
37000 	 0.1548598 
37500 	 0.1572827 
38000 	 0.2051059 
38500 	 0.124185 
39000 	 0.1976999 
39500 	 0.1643413 
40000 	 0.1942149 
40500 	 0.1446412 
41000 	 0.18136 
41500 	 0.1319321 
42000 	 0.1570807 
42500 	 0.1486889 
43000 	 0.1734759 
43500 	 0.1691976 
44000 	 0.1828096 
44500 	 0.1774753 
45000 	 0.153965 
45500 	 0.1698759 
46000 	 0.1251194 
46500 	 0.1260715 
47000 	 0.1945153 
47500 	 0.1175732 
48000 	 0.1720303 
48500 	 0.2402188 
49000 	 0.1758171 
49500 	 0.1940772 
50000 	 0.1730637 
50500 	 0.1738443 
51000 	 0.1090651 
51500 	 0.1137989 
52000 	 0.1234437 
52500 	 0.1175778 
53000 	 0.09803435 
53500 	 0.1551547 
54000 	 0.1525809 
54500 	 0.121173 
55000 	 0.1016203 
55500 	 0.101275 
56000 	 0.149517 
56500 	 0.09431827 
57000 	 0.3175667 
57500 	 0.2109873 
58000 	 0.1675689 
58500 	 0.1606209 
59000 	 0.1523815 
59500 	 0.09369325 
60000 	 0.1140965 
60500 	 0.1544343 
61000 	 0.1310367 
61500 	 0.1848672 
62000 	 0.1622696 
62500 	 0.2106383 
63000 	 0.1875692 
63500 	 0.1507322 
64000 	 0.234499 
64500 	 0.1445032 
65000 	 0.1070795 
65500 	 0.1258567 
66000 	 0.1466908 
66500 	 0.2733973 
67000 	 0.1517575 
67500 	 0.1424691 
68000 	 0.1284669 
68500 	 0.1463018 
69000 	 0.1693141 
69500 	 0.1907647 
70000 	 0.2759837 
70500 	 0.2468696 
71000 	 0.08608605 
71500 	 0.1025365 
72000 	 0.1182784 
72500 	 0.09745946 
73000 	 0.07061818 
73500 	 0.1338494 
74000 	 0.1779759 
74500 	 0.1785657 
75000 	 0.2480141 
75500 	 0.2094602 
76000 	 0.1704875 
76500 	 0.1965168 
77000 	 0.2466368 
77500 	 0.1807722 
78000 	 0.1282242 
78500 	 0.09033637 
79000 	 0.1436701 
79500 	 0.1600701 
80000 	 0.1747486 
80500 	 0.1502618 
81000 	 0.1957823 
81500 	 0.1880542 
82000 	 0.1325367 
82500 	 0.2127343 
83000 	 0.2029145 
83500 	 0.1043492 
84000 	 0.2099579 
84500 	 0.1334984 
85000 	 0.2117037 
85500 	 0.2043622 
86000 	 0.1478403 
86500 	 0.221175 
87000 	 0.1308728 
87500 	 0.1559888 
88000 	 0.23651 
88500 	 0.1537758 
89000 	 0.1722674 
89500 	 0.1044654 
90000 	 0.1702615 
90500 	 0.1543298 
91000 	 0.1060167 
91500 	 0.2242683 
92000 	 0.1945393 
92500 	 0.1446479 
93000 	 0.2122289 
93500 	 0.1662242 
94000 	 0.1939407 
94500 	 0.135465 
95000 	 0.1363195 
95500 	 0.1537739 
96000 	 0.0807652 
96500 	 0.1558675 
97000 	 0.1928318 
97500 	 0.150619 
98000 	 0.1243802 
98500 	 0.1929369 
99000 	 0.1111148 
99500 	 0.1565492 
100000 	 0.1793408 
100500 	 0.1080531 
101000 	 0.1495773 
101500 	 0.1417207 
102000 	 0.1630719 
102500 	 0.1115938 
103000 	 0.08455609 
103500 	 0.2213435 
104000 	 0.08620555 
104500 	 0.1628207 
105000 	 0.2428439 
105500 	 0.1901239 
106000 	 0.1440003 
106500 	 0.172252 
107000 	 0.1340259 
107500 	 0.1994447 
108000 	 0.1163336 
108500 	 0.1829645 
109000 	 0.1620727 
109500 	 0.2555583 
110000 	 0.2357166 
110500 	 0.1658002 
111000 	 0.1768803 
111500 	 0.1447683 
112000 	 0.1329148 
112500 	 0.09760032 
113000 	 0.2407354 
113500 	 0.1487154 
114000 	 0.1199987 
114500 	 0.1672282 
115000 	 0.158521 
115500 	 0.1573488 
116000 	 0.2318075 
116500 	 0.1016328 
117000 	 0.05093636 
117500 	 0.1476563 
118000 	 0.203035 
118500 	 0.1558151 
119000 	 0.08408915 
119500 	 0.1581797 
120000 	 0.1452936 
120500 	 0.2301023 
121000 	 0.2375331 
121500 	 0.2091045 
122000 	 0.2511212 
122500 	 0.1365515 
123000 	 0.2200174 
123500 	 0.2431377 
124000 	 0.1634388 
124500 	 0.1219592 
125000 	 0.137626 
125500 	 0.1618182 
126000 	 0.0748819 
126500 	 0.2250991 
127000 	 0.1126127 
127500 	 0.1748003 
128000 	 0.161826 
128500 	 0.1599567 
129000 	 0.08345847 
129500 	 0.1975754 
130000 	 0.1391675 
130500 	 0.1315369 
131000 	 0.1875435 
131500 	 0.1873246 
132000 	 0.1469341 
132500 	 0.1710886 
133000 	 0.2322857 
133500 	 0.176897 
134000 	 0.1721414 
134500 	 0.1813761 
135000 	 0.138794 
135500 	 0.1464156 
136000 	 0.1815112 
136500 	 0.1570603 
137000 	 0.1450702 
137500 	 0.2031928 
138000 	 0.1527654 
138500 	 0.1597887 
139000 	 0.1535122 
139500 	 0.1129879 
140000 	 0.1220565 
140500 	 0.2413592 
141000 	 0.1197547 
141500 	 0.1151222 
142000 	 0.1250336 
142500 	 0.1755745 
143000 	 0.1757896 
143500 	 0.1319203 
144000 	 0.2579556 
144500 	 0.1912245 
145000 	 0.1023723 
145500 	 0.1097954 
146000 	 0.1788399 
146500 	 0.211259 
147000 	 0.113124 
147500 	 0.2063141 
148000 	 0.1632999 
148500 	 0.1487087 
149000 	 0.09973779 
149500 	 0.09088423 
150000 	 0.1818705 
150500 	 0.1126361 
151000 	 0.2693147 
151500 	 0.07193965 
152000 	 0.2247886 
152500 	 0.1428083 
153000 	 0.1289134 
153500 	 0.1840854 
154000 	 0.219669 
154500 	 0.1602172 
155000 	 0.2186303 
155500 	 0.1294595 
156000 	 0.2109017 
156500 	 0.1121915 
157000 	 0.2503859 
157500 	 0.129467 
158000 	 0.274067 
158500 	 0.1139013 
159000 	 0.1810994 
159500 	 0.1602197 
160000 	 0.1376098 
160500 	 0.1143401 
161000 	 0.1435154 
161500 	 0.2070458 
162000 	 0.1476813 
162500 	 0.118358 
163000 	 0.1097355 
163500 	 0.1143212 
164000 	 0.1229017 
164500 	 0.1004749 
165000 	 0.2101711 
165500 	 0.1693472 
166000 	 0.09422957 
166500 	 0.1231977 
167000 	 0.2192474 
167500 	 0.1356936 
168000 	 0.1939315 
168500 	 0.2484288 
169000 	 0.2049522 
169500 	 0.1907328 
170000 	 0.2230851 
170500 	 0.1782687 
171000 	 0.1927387 
171500 	 0.1499234 
172000 	 0.1925828 
172500 	 0.2163285 
173000 	 0.1482761 
173500 	 0.08970524 
174000 	 0.1507882 
174500 	 0.1707976 
175000 	 0.06684552 
175500 	 0.2893075 
176000 	 0.1986089 
176500 	 0.1249018 
177000 	 0.1746598 
177500 	 0.1586147 
178000 	 0.1507605 
178500 	 0.180411 
179000 	 0.203041 
179500 	 0.1866227 
180000 	 0.1506731 
180500 	 0.2610888 
181000 	 0.1727046 
181500 	 0.1658615 
182000 	 0.1251543 
182500 	 0.1842659 
183000 	 0.1780838 
183500 	 0.174432 
184000 	 0.1861786 
184500 	 0.1446061 
185000 	 0.1307526 
185500 	 0.1133709 
186000 	 0.2576261 
186500 	 0.1881966 
187000 	 0.2222134 
187500 	 0.1346764 
188000 	 0.143605 
188500 	 0.1715836 
189000 	 0.172315 
189500 	 0.1235184 
190000 	 0.07079292 
190500 	 0.1764757 
191000 	 0.2098942 
191500 	 0.1632306 
192000 	 0.1622944 
192500 	 0.184302 
193000 	 0.1480961 
193500 	 0.2186855 
194000 	 0.09704142 
194500 	 0.1452538 
195000 	 0.1452262 
195500 	 0.1843888 
196000 	 0.1529574 
196500 	 0.106142 
197000 	 0.1981698 
197500 	 0.1315986 
198000 	 0.1983118 
198500 	 0.2260112 
199000 	 0.2528296 
199500 	 0.1485136 
200000 	 0.228209 
200500 	 0.2161131 
201000 	 0.1372207 
201500 	 0.1667374 
202000 	 0.142124 
202500 	 0.2444061 
203000 	 0.1557179 
203500 	 0.1372182 
204000 	 0.1750662 
204500 	 0.1985381 
205000 	 0.1220592 
205500 	 0.1742225 
206000 	 0.1146463 
206500 	 0.09983576 
207000 	 0.1506248 
207500 	 0.1368507 
208000 	 0.2000913 
208500 	 0.1061147 
209000 	 0.1382522 
209500 	 0.1694262 
210000 	 0.1775375 
210500 	 0.1401104 
211000 	 0.1385511 
211500 	 0.1711024 
212000 	 0.1082637 
212500 	 0.1287386 
213000 	 0.1002792 
213500 	 0.1454187 
214000 	 0.1743016 
214500 	 0.195417 
215000 	 0.2241013 
215500 	 0.134625 
216000 	 0.1072108 
216500 	 0.1246885 
217000 	 0.1462335 
217500 	 0.198483 
218000 	 0.08963039 
218500 	 0.1876918 
219000 	 0.1212309 
219500 	 0.1952574 
220000 	 0.1618385 
220500 	 0.09789712 
221000 	 0.1709703 
221500 	 0.1816891 
222000 	 0.06309349 
222500 	 0.07512549 
223000 	 0.1756807 
223500 	 0.1227683 
224000 	 0.194143 
224500 	 0.1595608 
225000 	 0.2009996 
225500 	 0.06668778 
226000 	 0.1027927 
226500 	 0.1312669 
227000 	 0.1416003 
227500 	 0.18845 
228000 	 0.2365376 
228500 	 0.184535 
229000 	 0.2114715 
229500 	 0.278169 
230000 	 0.2241682 
230500 	 0.2040242 
231000 	 0.1419999 
231500 	 0.273324 
232000 	 0.1522312 
232500 	 0.1457701 
233000 	 0.1046944 
233500 	 0.2320209 
234000 	 0.12919 
234500 	 0.1266392 
235000 	 0.1692025 
235500 	 0.1594966 
236000 	 0.2831155 
236500 	 0.1815209 
237000 	 0.2744679 
237500 	 0.1010116 
238000 	 0.1294814 
238500 	 0.1453841 
239000 	 0.1843592 
239500 	 0.1515574 
240000 	 0.1823273 
240500 	 0.2110709 
241000 	 0.1060288 
241500 	 0.1029036 
242000 	 0.1059354 
242500 	 0.1291014 
243000 	 0.1721681 
243500 	 0.2126282 
244000 	 0.193669 
244500 	 0.1636407 
245000 	 0.165118 
245500 	 0.1991913 
246000 	 0.2041766 
246500 	 0.1000787 
247000 	 0.1536179 
247500 	 0.1396906 
248000 	 0.2069772 
248500 	 0.1128422 
249000 	 0.1663714 
249500 	 0.1438718 
250000 	 0.1336891 
250500 	 0.1901392 
251000 	 0.06927838 
251500 	 0.1193796 
252000 	 0.1483077 
252500 	 0.1179894 
253000 	 0.1738153 
253500 	 0.1457316 
254000 	 0.2088456 
254500 	 0.2516641 
255000 	 0.1917111 
255500 	 0.1939011 
256000 	 0.126794 
256500 	 0.1935008 
257000 	 0.2273929 
257500 	 0.09328966 
258000 	 0.2222441 
258500 	 0.1442623 
259000 	 0.1724137 
259500 	 0.1524725 
260000 	 0.2931549 
260500 	 0.1260681 
261000 	 0.1498497 
261500 	 0.1402146 
262000 	 0.1642425 
262500 	 0.1357709 
263000 	 0.1417281 
263500 	 0.226692 
264000 	 0.1245846 
264500 	 0.09909362 
265000 	 0.1451769 
265500 	 0.1604485 
266000 	 0.1740566 
266500 	 0.1519985 
267000 	 0.1540447 
267500 	 0.1931881 
268000 	 0.1094416 
268500 	 0.2041125 
269000 	 0.09511431 
269500 	 0.1563579 
270000 	 0.1089343 
270500 	 0.1539411 
271000 	 0.3140048 
271500 	 0.2156069 
272000 	 0.1424886 
272500 	 0.1343029 
273000 	 0.1749225 
273500 	 0.2102555 
274000 	 0.1080454 
274500 	 0.1368499 
275000 	 0.1531917 
275500 	 0.1407556 
276000 	 0.1304937 
276500 	 0.123923 
277000 	 0.1344664 
277500 	 0.1758242 
278000 	 0.1950986 
278500 	 0.1144103 
279000 	 0.1421965 
279500 	 0.153325 
280000 	 0.1491866 
280500 	 0.116769 
281000 	 0.2219799 
281500 	 0.232 
282000 	 0.09089656 
282500 	 0.1035355 
283000 	 0.218952 
283500 	 0.1207306 
284000 	 0.2381698 
284500 	 0.1620773 
285000 	 0.1653209 
285500 	 0.2020638 
286000 	 0.1145826 
286500 	 0.1858318 
287000 	 0.1515979 
287500 	 0.2379242 
288000 	 0.1338077 
288500 	 0.1150857 
289000 	 0.09660022 
289500 	 0.221192 
290000 	 0.240631 
290500 	 0.1892184 
291000 	 0.2990042 
291500 	 0.1798968 
292000 	 0.1840379 
292500 	 0.2714767 
293000 	 0.2204366 
293500 	 0.2306547 
294000 	 0.1962719 
294500 	 0.1502664 
295000 	 0.1644491 
295500 	 0.210435 
296000 	 0.1455071 
296500 	 0.1244038 
297000 	 0.1459349 
297500 	 0.1845254 
298000 	 0.1266734 
298500 	 0.2318261 
299000 	 0.2302878 
299500 	 0.1524963 
300000 	 0.08042074 
300500 	 0.1369721 
301000 	 0.1411974 
301500 	 0.2669444 
302000 	 0.2452998 
302500 	 0.145977 
303000 	 0.1107102 
303500 	 0.1588134 
304000 	 0.1290212 
304500 	 0.1622234 
305000 	 0.1283819 
305500 	 0.1531709 
306000 	 0.1766176 
306500 	 0.1824773 
307000 	 0.1732439 
307500 	 0.2429406 
308000 	 0.08097975 
308500 	 0.1420273 
309000 	 0.1573894 
309500 	 0.1849486 
310000 	 0.05843625 
310500 	 0.1877036 
311000 	 0.1650683 
311500 	 0.1344935 
312000 	 0.1904395 
312500 	 0.1902278 
313000 	 0.1663858 
313500 	 0.1451984 
314000 	 0.1299599 
314500 	 0.1694037 
315000 	 0.1352929 
315500 	 0.1774587 
316000 	 0.1519574 
316500 	 0.1800535 
317000 	 0.09823674 
317500 	 0.1559054 
318000 	 0.1900789 
318500 	 0.1323667 
319000 	 0.2445222 
319500 	 0.1238084 
320000 	 0.1386172 
320500 	 0.1175621 
321000 	 0.1943109 
321500 	 0.1340145 
322000 	 0.1880407 
322500 	 0.1486026 
323000 	 0.1115352 
323500 	 0.1427616 
324000 	 0.1852588 
324500 	 0.133317 
325000 	 0.2506783 
325500 	 0.1912528 
326000 	 0.109635 
326500 	 0.204579 
327000 	 0.140778 
327500 	 0.09860183 
328000 	 0.1567044 
328500 	 0.2314329 
329000 	 0.1539662 
329500 	 0.1021984 
330000 	 0.1646263 
330500 	 0.1641111 
331000 	 0.113989 
331500 	 0.123949 
332000 	 0.1195951 
332500 	 0.2175763 
333000 	 0.177376 
333500 	 0.08697511 
334000 	 0.1713431 
334500 	 0.1868406 
335000 	 0.1398384 
335500 	 0.1298143 
336000 	 0.1691672 
336500 	 0.09285719 
337000 	 0.1781513 
337500 	 0.1485087 
338000 	 0.1258103 
338500 	 0.1478096 
339000 	 0.05626631 
339500 	 0.2100031 
340000 	 0.1046233 
340500 	 0.1318486 
341000 	 0.2585855 
341500 	 0.1657517 
342000 	 0.2211546 
342500 	 0.1665541 
343000 	 0.2209702 
343500 	 0.0917699 
344000 	 0.1274086 
344500 	 0.1881793 
345000 	 0.170059 
345500 	 0.1445538 
346000 	 0.1743217 
346500 	 0.100195 
347000 	 0.1180059 
347500 	 0.1560126 
348000 	 0.1656835 
348500 	 0.2275961 
349000 	 0.1474833 
349500 	 0.2247839 
350000 	 0.1176302 
350500 	 0.1999009 
351000 	 0.2305333 
351500 	 0.1211132 
352000 	 0.1530679 
352500 	 0.1408376 
353000 	 0.114388 
353500 	 0.1164269 
354000 	 0.138181 
354500 	 0.2087964 
355000 	 0.1886647 
355500 	 0.1106334 
356000 	 0.2001262 
356500 	 0.1205248 
357000 	 0.1742196 
357500 	 0.1118482 
358000 	 0.1443994 
358500 	 0.1234203 
359000 	 0.253524 
359500 	 0.1707867 
360000 	 0.1805093 
360500 	 0.1741684 
361000 	 0.1300177 
361500 	 0.1508466 
362000 	 0.1237979 
362500 	 0.2287045 
363000 	 0.1417015 
363500 	 0.1041431 
364000 	 0.1254837 
364500 	 0.2240269 
365000 	 0.1238791 
365500 	 0.1336515 
366000 	 0.2307955 
366500 	 0.186593 
367000 	 0.1130323 
367500 	 0.1219109 
368000 	 0.1609527 
368500 	 0.1847377 
369000 	 0.1925055 
369500 	 0.1106865 
370000 	 0.1870851 
370500 	 0.1465009 
371000 	 0.1832435 
371500 	 0.1138102 
372000 	 0.2304083 
372500 	 0.1430548 
373000 	 0.115328 
373500 	 0.1267937 
374000 	 0.1876945 
374500 	 0.1847512 
375000 	 0.2406819 
375500 	 0.2421205 
376000 	 0.1080119 
376500 	 0.1167586 
377000 	 0.1612281 
377500 	 0.17553 
378000 	 0.1824647 
378500 	 0.1543889 
379000 	 0.20814 
379500 	 0.128699 
380000 	 0.148693 
380500 	 0.1701703 
381000 	 0.2109696 
381500 	 0.1344732 
382000 	 0.2197155 
382500 	 0.1752822 
383000 	 0.09544518 
383500 	 0.1535457 
384000 	 0.121357 
384500 	 0.1711803 
385000 	 0.194119 
385500 	 0.1009538 
386000 	 0.194797 
386500 	 0.2473413 
387000 	 0.1503091 
387500 	 0.1240004 
388000 	 0.1325856 
388500 	 0.1988411 
389000 	 0.1826743 
389500 	 0.1798951 
390000 	 0.1380715 
390500 	 0.1251241 
391000 	 0.1270314 
391500 	 0.104324 
392000 	 0.1837799 
392500 	 0.1894113 
393000 	 0.1288429 
393500 	 0.08305635 
394000 	 0.1791457 
394500 	 0.2599303 
395000 	 0.1743082 
395500 	 0.2659394 
396000 	 0.1801765 
396500 	 0.1696834 
397000 	 0.2559737 
397500 	 0.1626226 
398000 	 0.2007698 
398500 	 0.2347452 
399000 	 0.1719402 
399500 	 0.0707155 
400000 	 0.2128435 
400500 	 0.1525349 
401000 	 0.1794014 
401500 	 0.1017274 
402000 	 0.1708548 
402500 	 0.1460229 
403000 	 0.1536664 
403500 	 0.1585296 
404000 	 0.1357634 
404500 	 0.1312205 
405000 	 0.1703034 
405500 	 0.2279437 
406000 	 0.1858512 
406500 	 0.1099835 
407000 	 0.08070683 
407500 	 0.1441936 
408000 	 0.1251761 
408500 	 0.1567994 
409000 	 0.2004892 
409500 	 0.1979207 
410000 	 0.1413759 
410500 	 0.1917167 
411000 	 0.1690267 
411500 	 0.186716 
412000 	 0.1893303 
412500 	 0.205226 
413000 	 0.1155351 
413500 	 0.2591102 
414000 	 0.1815002 
414500 	 0.1098593 
415000 	 0.2017946 
415500 	 0.138138 
416000 	 0.1317229 
416500 	 0.2527328 
417000 	 0.1276045 
417500 	 0.1511128 
418000 	 0.1454858 
418500 	 0.1008083 
419000 	 0.1244922 
419500 	 0.1507132 
420000 	 0.1562043 
420500 	 0.1431897 
421000 	 0.1130566 
421500 	 0.124194 
422000 	 0.1946696 
422500 	 0.0986677 
423000 	 0.1860094 
423500 	 0.1516413 
424000 	 0.1801855 
424500 	 0.1821896 
425000 	 0.2237448 
425500 	 0.1671979 
426000 	 0.09356771 
426500 	 0.2099994 
427000 	 0.1434591 
427500 	 0.1752883 
428000 	 0.2705649 
428500 	 0.1357758 
429000 	 0.2014167 
429500 	 0.2080522 
430000 	 0.217119 
430500 	 0.1444975 
431000 	 0.2450549 
431500 	 0.1383264 
432000 	 0.154384 
432500 	 0.1545818 
433000 	 0.1366508 
433500 	 0.2248707 
434000 	 0.1010701 
434500 	 0.1594983 
435000 	 0.1961433 
435500 	 0.1461156 
436000 	 0.08782068 
436500 	 0.1058735 
437000 	 0.1914005 
437500 	 0.244796 
438000 	 0.2070435 
438500 	 0.1363698 
439000 	 0.1381953 
439500 	 0.11705 
440000 	 0.1390439 
440500 	 0.1059004 
441000 	 0.1570068 
441500 	 0.1502437 
442000 	 0.1765868 
442500 	 0.09472322 
443000 	 0.1653389 
443500 	 0.1058438 
444000 	 0.1398776 
444500 	 0.164847 
445000 	 0.1290916 
445500 	 0.1958569 
446000 	 0.1086714 
446500 	 0.2135284 
447000 	 0.1260247 
447500 	 0.2361023 
448000 	 0.2776311 
448500 	 0.1560962 
449000 	 0.1223159 
449500 	 0.1210727 
450000 	 0.1523925 
450500 	 0.2201815 
451000 	 0.1897278 
451500 	 0.1848204 
452000 	 0.2035747 
452500 	 0.2179619 
453000 	 0.1547845 
453500 	 0.1247831 
454000 	 0.172764 
454500 	 0.129517 
455000 	 0.1278152 
455500 	 0.1537721 
456000 	 0.18562 
456500 	 0.231454 
457000 	 0.1862071 
457500 	 0.1793713 
458000 	 0.1421991 
458500 	 0.1897305 
459000 	 0.1934059 
459500 	 0.177394 
460000 	 0.1852293 
460500 	 0.151136 
461000 	 0.1903027 
461500 	 0.1077932 
462000 	 0.128122 
462500 	 0.1756028 
463000 	 0.1715718 
463500 	 0.1721309 
464000 	 0.1643556 
464500 	 0.1425203 
465000 	 0.1155652 
465500 	 0.1486822 
466000 	 0.1272476 
466500 	 0.1946147 
467000 	 0.09007333 
467500 	 0.1562201 
468000 	 0.1247981 
468500 	 0.1866091 
469000 	 0.1984281 
469500 	 0.1143732 
470000 	 0.1780708 
470500 	 0.1439511 
471000 	 0.143609 
471500 	 0.217463 
472000 	 0.14796 
472500 	 0.1239777 
473000 	 0.1494108 
473500 	 0.1272171 
474000 	 0.2548558 
474500 	 0.1532515 
475000 	 0.1213884 
475500 	 0.1021916 
476000 	 0.1233524 
476500 	 0.2033966 
477000 	 0.2403523 
477500 	 0.1930353 
478000 	 0.1895278 
478500 	 0.2390417 
479000 	 0.1364313 
479500 	 0.09347638 
480000 	 0.1506247 
480500 	 0.1532906 
481000 	 0.201112 
481500 	 0.1448312 
482000 	 0.0806862 
482500 	 0.1759777 
483000 	 0.06975279 
483500 	 0.09126563 
484000 	 0.2566867 
484500 	 0.2441391 
485000 	 0.1610823 
485500 	 0.2277953 
486000 	 0.1733143 
486500 	 0.1736721 
487000 	 0.183907 
487500 	 0.1231535 
488000 	 0.2807129 
488500 	 0.1255304 
489000 	 0.2286522 
489500 	 0.176598 
490000 	 0.08117226 
490500 	 0.1193857 
491000 	 0.09066626 
491500 	 0.1648999 
492000 	 0.1410835 
492500 	 0.1559891 
493000 	 0.164596 
493500 	 0.09047899 
494000 	 0.1262416 
494500 	 0.1778972 
495000 	 0.1984628 
495500 	 0.1397306 
496000 	 0.1308127 
496500 	 0.1526116 
497000 	 0.1085986 
497500 	 0.2368037 
498000 	 0.2798474 
498500 	 0.197692 
499000 	 0.1688612 
499500 	 0.1124142 
500000 	 0.1144364 
