iter 	 p
500 	 0.4134538 
1000 	 0.4172103 
1500 	 0.3387599 
2000 	 0.3874833 
2500 	 0.3734884 
3000 	 0.3102446 
3500 	 0.2988975 
4000 	 0.4438552 
4500 	 0.3784071 
5000 	 0.4004469 
5500 	 0.4256115 
6000 	 0.3296351 
6500 	 0.4333943 
7000 	 0.3936333 
7500 	 0.3249435 
8000 	 0.373254 
8500 	 0.378797 
9000 	 0.3671465 
9500 	 0.2783856 
10000 	 0.3289398 
10500 	 0.240497 
11000 	 0.3223422 
11500 	 0.4334684 
12000 	 0.2125302 
12500 	 0.466046 
13000 	 0.5039411 
13500 	 0.3084827 
14000 	 0.3104662 
14500 	 0.5177698 
15000 	 0.4126786 
15500 	 0.3521284 
16000 	 0.3767297 
16500 	 0.2160555 
17000 	 0.3629086 
17500 	 0.419779 
18000 	 0.3228671 
18500 	 0.2948901 
19000 	 0.4148183 
19500 	 0.3566082 
20000 	 0.4351972 
20500 	 0.3902432 
21000 	 0.4353192 
21500 	 0.3111014 
22000 	 0.3785031 
22500 	 0.2362397 
23000 	 0.2866457 
23500 	 0.4217309 
24000 	 0.3092335 
24500 	 0.4186599 
25000 	 0.2956248 
25500 	 0.2226741 
26000 	 0.2781652 
26500 	 0.2875671 
27000 	 0.3900584 
27500 	 0.5763803 
28000 	 0.4205556 
28500 	 0.2949417 
29000 	 0.4012519 
29500 	 0.2770359 
30000 	 0.3362382 
30500 	 0.3540829 
31000 	 0.3389068 
31500 	 0.2586969 
32000 	 0.291054 
32500 	 0.2881751 
33000 	 0.4230552 
33500 	 0.4162359 
34000 	 0.4269375 
34500 	 0.1460775 
35000 	 0.3449396 
35500 	 0.3973081 
36000 	 0.2344649 
36500 	 0.2528502 
37000 	 0.3254098 
37500 	 0.3531649 
38000 	 0.3354324 
38500 	 0.436194 
39000 	 0.3672659 
39500 	 0.4672645 
40000 	 0.3020196 
40500 	 0.2571464 
41000 	 0.4678238 
41500 	 0.2621779 
42000 	 0.4178896 
42500 	 0.4042195 
43000 	 0.3721846 
43500 	 0.2941983 
44000 	 0.4286779 
44500 	 0.4370294 
45000 	 0.2059486 
45500 	 0.3418887 
46000 	 0.2946139 
46500 	 0.3284442 
47000 	 0.3470362 
47500 	 0.297704 
48000 	 0.3863618 
48500 	 0.348359 
49000 	 0.3843542 
49500 	 0.4839634 
50000 	 0.3168265 
50500 	 0.3329522 
51000 	 0.3222506 
51500 	 0.362274 
52000 	 0.3638783 
52500 	 0.2803282 
53000 	 0.4362125 
53500 	 0.4122472 
54000 	 0.4812961 
54500 	 0.2747209 
55000 	 0.4925299 
55500 	 0.2088265 
56000 	 0.373715 
56500 	 0.4611035 
57000 	 0.2424259 
57500 	 0.3099646 
58000 	 0.4024256 
58500 	 0.2721212 
59000 	 0.2899524 
59500 	 0.3414417 
60000 	 0.3928151 
60500 	 0.3259782 
61000 	 0.4797344 
61500 	 0.2756534 
62000 	 0.3840088 
62500 	 0.3822021 
63000 	 0.3902819 
63500 	 0.438993 
64000 	 0.5174564 
64500 	 0.3189598 
65000 	 0.4543847 
65500 	 0.2180394 
66000 	 0.2313452 
66500 	 0.4911316 
67000 	 0.408945 
67500 	 0.2908525 
68000 	 0.4569615 
68500 	 0.4014648 
69000 	 0.348016 
69500 	 0.2825831 
70000 	 0.3300298 
70500 	 0.4094483 
71000 	 0.3145405 
71500 	 0.3693958 
72000 	 0.3273858 
72500 	 0.2642136 
73000 	 0.2731809 
73500 	 0.3256749 
74000 	 0.1965571 
74500 	 0.1987416 
75000 	 0.4271387 
75500 	 0.3139363 
76000 	 0.3172766 
76500 	 0.4068549 
77000 	 0.2950846 
77500 	 0.4203128 
78000 	 0.4407567 
78500 	 0.3387799 
79000 	 0.3842279 
79500 	 0.3743941 
80000 	 0.3842112 
80500 	 0.3088115 
81000 	 0.3768066 
81500 	 0.2709969 
82000 	 0.3724127 
82500 	 0.3235313 
83000 	 0.3619778 
83500 	 0.2991932 
84000 	 0.24394 
84500 	 0.2816711 
85000 	 0.2155739 
85500 	 0.3026843 
86000 	 0.29696 
86500 	 0.2627236 
87000 	 0.276589 
87500 	 0.3313666 
88000 	 0.3991301 
88500 	 0.288104 
89000 	 0.2505357 
89500 	 0.3490092 
90000 	 0.4239432 
90500 	 0.2961416 
91000 	 0.3223602 
91500 	 0.3013853 
92000 	 0.4059269 
92500 	 0.2580044 
93000 	 0.3345144 
93500 	 0.468916 
94000 	 0.3979648 
94500 	 0.3137367 
95000 	 0.3311392 
95500 	 0.4282504 
96000 	 0.3299825 
96500 	 0.464386 
97000 	 0.3818793 
97500 	 0.2566367 
98000 	 0.3600941 
98500 	 0.3082939 
99000 	 0.2630225 
99500 	 0.4451984 
100000 	 0.3617853 
100500 	 0.3658752 
101000 	 0.1729693 
101500 	 0.3901902 
102000 	 0.3214287 
102500 	 0.3489792 
103000 	 0.365019 
103500 	 0.4020084 
104000 	 0.3155048 
104500 	 0.4917491 
105000 	 0.294885 
105500 	 0.460536 
106000 	 0.3277364 
106500 	 0.3204295 
107000 	 0.4044705 
107500 	 0.4874674 
108000 	 0.3714049 
108500 	 0.4682646 
109000 	 0.3511501 
109500 	 0.35306 
110000 	 0.4050213 
110500 	 0.3168 
111000 	 0.3248801 
111500 	 0.4751612 
112000 	 0.3815961 
112500 	 0.3396837 
113000 	 0.3439124 
113500 	 0.3546282 
114000 	 0.249699 
114500 	 0.4528899 
115000 	 0.3577285 
115500 	 0.4388362 
116000 	 0.4180461 
116500 	 0.4893968 
117000 	 0.1465191 
117500 	 0.3553214 
118000 	 0.3060513 
118500 	 0.3649156 
119000 	 0.3099358 
119500 	 0.4615044 
120000 	 0.3361556 
120500 	 0.3129092 
121000 	 0.252035 
121500 	 0.253179 
122000 	 0.4022746 
122500 	 0.3273977 
123000 	 0.5058712 
123500 	 0.376571 
124000 	 0.279562 
124500 	 0.3122604 
125000 	 0.4286077 
125500 	 0.336862 
126000 	 0.2657968 
126500 	 0.2863836 
127000 	 0.4035627 
127500 	 0.3574107 
128000 	 0.4371481 
128500 	 0.596453 
129000 	 0.2268651 
129500 	 0.3454976 
130000 	 0.4068935 
130500 	 0.3277438 
131000 	 0.3236274 
131500 	 0.3100255 
132000 	 0.357816 
132500 	 0.4077756 
133000 	 0.3503471 
133500 	 0.3551509 
134000 	 0.2966868 
134500 	 0.457094 
135000 	 0.3952056 
135500 	 0.3231283 
136000 	 0.3222578 
136500 	 0.3003247 
137000 	 0.4026947 
137500 	 0.2324417 
138000 	 0.4659816 
138500 	 0.2432378 
139000 	 0.245206 
139500 	 0.3592593 
140000 	 0.2673209 
140500 	 0.5295859 
141000 	 0.4236738 
141500 	 0.3560031 
142000 	 0.4827355 
142500 	 0.3259439 
143000 	 0.4479002 
143500 	 0.2610487 
144000 	 0.450097 
144500 	 0.3516993 
145000 	 0.4512967 
145500 	 0.323913 
146000 	 0.3375094 
146500 	 0.4225913 
147000 	 0.3148217 
147500 	 0.4035589 
148000 	 0.2968441 
148500 	 0.3677677 
149000 	 0.2544229 
149500 	 0.3348446 
150000 	 0.4082876 
150500 	 0.2271146 
151000 	 0.3031857 
151500 	 0.2613194 
152000 	 0.4826888 
152500 	 0.354926 
153000 	 0.2701143 
153500 	 0.3222876 
154000 	 0.2019571 
154500 	 0.3288804 
155000 	 0.5446313 
155500 	 0.4138608 
156000 	 0.2991131 
156500 	 0.4400131 
157000 	 0.2573193 
157500 	 0.411475 
158000 	 0.3624752 
158500 	 0.3661923 
159000 	 0.2278817 
159500 	 0.3711064 
160000 	 0.243105 
160500 	 0.3179435 
161000 	 0.4918118 
161500 	 0.4433444 
162000 	 0.3602662 
162500 	 0.3688098 
163000 	 0.3506249 
163500 	 0.44066 
164000 	 0.4964775 
164500 	 0.3184734 
165000 	 0.2200842 
165500 	 0.3473178 
166000 	 0.3317924 
166500 	 0.2723555 
167000 	 0.263696 
167500 	 0.291169 
168000 	 0.2839687 
168500 	 0.3624194 
169000 	 0.3502042 
169500 	 0.3723562 
170000 	 0.4372023 
170500 	 0.3100041 
171000 	 0.2574628 
171500 	 0.3949622 
172000 	 0.5041738 
172500 	 0.2630013 
173000 	 0.2998886 
173500 	 0.4792581 
174000 	 0.4328623 
174500 	 0.4370347 
175000 	 0.3702846 
175500 	 0.4443427 
176000 	 0.3332463 
176500 	 0.4490361 
177000 	 0.2837644 
177500 	 0.424809 
178000 	 0.3569675 
178500 	 0.4818577 
179000 	 0.3178467 
179500 	 0.3101262 
180000 	 0.3657209 
180500 	 0.3768818 
181000 	 0.2019262 
181500 	 0.4312187 
182000 	 0.2545983 
182500 	 0.2605283 
183000 	 0.5350869 
183500 	 0.220025 
184000 	 0.3892783 
184500 	 0.3552467 
185000 	 0.5282584 
185500 	 0.2561219 
186000 	 0.2061012 
186500 	 0.3130287 
187000 	 0.3737755 
187500 	 0.4776 
188000 	 0.3789017 
188500 	 0.3590071 
189000 	 0.3782308 
189500 	 0.1832454 
190000 	 0.2983309 
190500 	 0.4457616 
191000 	 0.2513225 
191500 	 0.413831 
192000 	 0.2686314 
192500 	 0.3642992 
193000 	 0.3590276 
193500 	 0.295002 
194000 	 0.3302599 
194500 	 0.4321568 
195000 	 0.1851566 
195500 	 0.4413341 
196000 	 0.3339641 
196500 	 0.361813 
197000 	 0.2821475 
197500 	 0.3330421 
198000 	 0.460477 
198500 	 0.5404452 
199000 	 0.2640372 
199500 	 0.439956 
200000 	 0.2535257 
200500 	 0.5345048 
201000 	 0.1549925 
201500 	 0.2137981 
202000 	 0.3587329 
202500 	 0.2525619 
203000 	 0.398077 
203500 	 0.4428842 
204000 	 0.1856498 
204500 	 0.2330902 
205000 	 0.3498196 
205500 	 0.2820406 
206000 	 0.4166531 
206500 	 0.3924606 
207000 	 0.4538725 
207500 	 0.5255527 
208000 	 0.3735105 
208500 	 0.3592691 
209000 	 0.4006797 
209500 	 0.3855672 
210000 	 0.3179623 
210500 	 0.2616758 
211000 	 0.3251753 
211500 	 0.4461417 
212000 	 0.374782 
212500 	 0.5596014 
213000 	 0.3147376 
213500 	 0.3036654 
214000 	 0.313889 
214500 	 0.3500225 
215000 	 0.5244568 
215500 	 0.3140381 
216000 	 0.3572813 
216500 	 0.2272615 
217000 	 0.3962676 
217500 	 0.297687 
218000 	 0.4057839 
218500 	 0.3743611 
219000 	 0.4455435 
219500 	 0.2638444 
220000 	 0.2714799 
220500 	 0.2809096 
221000 	 0.3797131 
221500 	 0.4733815 
222000 	 0.3865994 
222500 	 0.3309974 
223000 	 0.3332588 
223500 	 0.3953266 
224000 	 0.3492578 
224500 	 0.3064484 
225000 	 0.1894576 
225500 	 0.3628588 
226000 	 0.3504452 
226500 	 0.3757398 
227000 	 0.305473 
227500 	 0.3459062 
228000 	 0.3906742 
228500 	 0.2891012 
229000 	 0.4598102 
229500 	 0.190263 
230000 	 0.308692 
230500 	 0.410865 
231000 	 0.4157951 
231500 	 0.2693142 
232000 	 0.3406617 
232500 	 0.2489857 
233000 	 0.3870491 
233500 	 0.4489209 
234000 	 0.28914 
234500 	 0.3416199 
235000 	 0.3325342 
235500 	 0.4022473 
236000 	 0.4429332 
236500 	 0.2391069 
237000 	 0.3784007 
237500 	 0.289302 
238000 	 0.2459838 
238500 	 0.3529885 
239000 	 0.3727503 
239500 	 0.4639707 
240000 	 0.3321876 
240500 	 0.3480534 
241000 	 0.2815011 
241500 	 0.281441 
242000 	 0.3166015 
242500 	 0.3237945 
243000 	 0.1328007 
243500 	 0.3092075 
244000 	 0.4619777 
244500 	 0.215818 
245000 	 0.2818133 
245500 	 0.3257823 
246000 	 0.5012561 
246500 	 0.446027 
247000 	 0.4001333 
247500 	 0.4377499 
248000 	 0.2606832 
248500 	 0.3037655 
249000 	 0.3068743 
249500 	 0.4766932 
250000 	 0.4212461 
250500 	 0.5216479 
251000 	 0.4647183 
251500 	 0.4384729 
252000 	 0.4190177 
252500 	 0.268646 
253000 	 0.3090047 
253500 	 0.3329283 
254000 	 0.3803901 
254500 	 0.3125104 
255000 	 0.3506405 
255500 	 0.2858027 
256000 	 0.4487199 
256500 	 0.3610011 
257000 	 0.309169 
257500 	 0.3745328 
258000 	 0.3854779 
258500 	 0.3941116 
259000 	 0.3551229 
259500 	 0.1944475 
260000 	 0.4028726 
260500 	 0.3131769 
261000 	 0.5398408 
261500 	 0.4059318 
262000 	 0.2876914 
262500 	 0.4329555 
263000 	 0.526401 
263500 	 0.3478381 
264000 	 0.2692816 
264500 	 0.3280563 
265000 	 0.4395632 
265500 	 0.4060049 
266000 	 0.4441841 
266500 	 0.3542834 
267000 	 0.3562676 
267500 	 0.4156137 
268000 	 0.3124397 
268500 	 0.4604026 
269000 	 0.237311 
269500 	 0.3753798 
270000 	 0.3762891 
270500 	 0.2502931 
271000 	 0.2755313 
271500 	 0.2537173 
272000 	 0.3765198 
272500 	 0.2531523 
273000 	 0.3760744 
273500 	 0.3509263 
274000 	 0.399023 
274500 	 0.3843279 
275000 	 0.3799036 
275500 	 0.2928069 
276000 	 0.3799674 
276500 	 0.3970534 
277000 	 0.3333772 
277500 	 0.3843697 
278000 	 0.3326963 
278500 	 0.2746362 
279000 	 0.4399607 
279500 	 0.40604 
280000 	 0.4127087 
280500 	 0.3536704 
281000 	 0.3122276 
281500 	 0.3828061 
282000 	 0.4150534 
282500 	 0.385411 
283000 	 0.4265766 
283500 	 0.4119226 
284000 	 0.3066921 
284500 	 0.4161425 
285000 	 0.2625708 
285500 	 0.452528 
286000 	 0.4705231 
286500 	 0.3213085 
287000 	 0.3697155 
287500 	 0.3893494 
288000 	 0.3434754 
288500 	 0.3170247 
289000 	 0.2883821 
289500 	 0.2840683 
290000 	 0.3762478 
290500 	 0.3793291 
291000 	 0.5436392 
291500 	 0.4012973 
292000 	 0.30058 
292500 	 0.3760766 
293000 	 0.4784391 
293500 	 0.3433303 
294000 	 0.3465348 
294500 	 0.283993 
295000 	 0.3204991 
295500 	 0.2195489 
296000 	 0.3808266 
296500 	 0.4531131 
297000 	 0.3562997 
297500 	 0.4169047 
298000 	 0.357551 
298500 	 0.2734572 
299000 	 0.4422619 
299500 	 0.3487197 
300000 	 0.3577717 
300500 	 0.3388849 
301000 	 0.3591676 
301500 	 0.3033916 
302000 	 0.2908563 
302500 	 0.4131696 
303000 	 0.5869286 
303500 	 0.3290065 
304000 	 0.3651511 
304500 	 0.4159529 
305000 	 0.3595339 
305500 	 0.285562 
306000 	 0.3107929 
306500 	 0.2407874 
307000 	 0.3005479 
307500 	 0.3501829 
308000 	 0.3288115 
308500 	 0.3671628 
309000 	 0.3174909 
309500 	 0.3180066 
310000 	 0.3700943 
310500 	 0.2463848 
311000 	 0.4563536 
311500 	 0.3672975 
312000 	 0.2496075 
312500 	 0.2782852 
313000 	 0.3428338 
313500 	 0.3176954 
314000 	 0.4422488 
314500 	 0.414646 
315000 	 0.3339657 
315500 	 0.3461609 
316000 	 0.5038587 
316500 	 0.4937902 
317000 	 0.2627581 
317500 	 0.3780838 
318000 	 0.3186941 
318500 	 0.4198374 
319000 	 0.4049996 
319500 	 0.4388797 
320000 	 0.2128353 
320500 	 0.3176251 
321000 	 0.3068239 
321500 	 0.2679039 
322000 	 0.3133288 
322500 	 0.3310659 
323000 	 0.3720576 
323500 	 0.263215 
324000 	 0.3782188 
324500 	 0.3939941 
325000 	 0.239867 
325500 	 0.2846541 
326000 	 0.376181 
326500 	 0.4134575 
327000 	 0.3937728 
327500 	 0.3286004 
328000 	 0.3332542 
328500 	 0.1847123 
329000 	 0.2727652 
329500 	 0.3394243 
330000 	 0.3397248 
330500 	 0.2864186 
331000 	 0.3484407 
331500 	 0.3323474 
332000 	 0.5236296 
332500 	 0.4415886 
333000 	 0.3357156 
333500 	 0.3340028 
334000 	 0.3400483 
334500 	 0.3357189 
335000 	 0.255864 
335500 	 0.4770097 
336000 	 0.4448023 
336500 	 0.430169 
337000 	 0.3619253 
337500 	 0.2786157 
338000 	 0.353057 
338500 	 0.4449491 
339000 	 0.3135819 
339500 	 0.4563447 
340000 	 0.3794036 
340500 	 0.1558828 
341000 	 0.3097779 
341500 	 0.3599377 
342000 	 0.5004308 
342500 	 0.469275 
343000 	 0.4210323 
343500 	 0.5160427 
344000 	 0.4254207 
344500 	 0.3792023 
345000 	 0.3052857 
345500 	 0.3384125 
346000 	 0.4809626 
346500 	 0.3765306 
347000 	 0.4536162 
347500 	 0.4984748 
348000 	 0.4502177 
348500 	 0.4017578 
349000 	 0.296958 
349500 	 0.3848661 
350000 	 0.3476986 
350500 	 0.3305006 
351000 	 0.2851711 
351500 	 0.3113041 
352000 	 0.2208354 
352500 	 0.4029162 
353000 	 0.2751634 
353500 	 0.3525517 
354000 	 0.3172851 
354500 	 0.3240854 
355000 	 0.2818225 
355500 	 0.2685262 
356000 	 0.3182388 
356500 	 0.4298402 
357000 	 0.4369669 
357500 	 0.3983495 
358000 	 0.4394578 
358500 	 0.2611927 
359000 	 0.2279499 
359500 	 0.3489634 
360000 	 0.2394547 
360500 	 0.2456527 
361000 	 0.3538309 
361500 	 0.4767708 
362000 	 0.4358943 
362500 	 0.3826513 
363000 	 0.2423647 
363500 	 0.4157229 
364000 	 0.3893371 
364500 	 0.4404182 
365000 	 0.3977506 
365500 	 0.3453774 
366000 	 0.3918623 
366500 	 0.2231732 
367000 	 0.2948618 
367500 	 0.279881 
368000 	 0.3696484 
368500 	 0.251463 
369000 	 0.3581563 
369500 	 0.4710409 
370000 	 0.3196082 
370500 	 0.2792723 
371000 	 0.2529557 
371500 	 0.3237017 
372000 	 0.2289581 
372500 	 0.3404906 
373000 	 0.4704276 
373500 	 0.3134781 
374000 	 0.2151938 
374500 	 0.301473 
375000 	 0.2912276 
375500 	 0.3474617 
376000 	 0.3940545 
376500 	 0.2632931 
377000 	 0.2679794 
377500 	 0.4661408 
378000 	 0.3374692 
378500 	 0.2589552 
379000 	 0.3865635 
379500 	 0.3347255 
380000 	 0.4902687 
380500 	 0.4056339 
381000 	 0.4423396 
381500 	 0.3350364 
382000 	 0.3662424 
382500 	 0.3476973 
383000 	 0.2627448 
383500 	 0.3820639 
384000 	 0.3527488 
384500 	 0.3686981 
385000 	 0.5276642 
385500 	 0.270094 
386000 	 0.2909357 
386500 	 0.4102322 
387000 	 0.3836518 
387500 	 0.3571137 
388000 	 0.4338581 
388500 	 0.6352546 
389000 	 0.3008484 
389500 	 0.2966188 
390000 	 0.3160423 
390500 	 0.4487709 
391000 	 0.3637551 
391500 	 0.2783342 
392000 	 0.3097916 
392500 	 0.4537523 
393000 	 0.4011393 
393500 	 0.3531884 
394000 	 0.2640658 
394500 	 0.3213302 
395000 	 0.4008098 
395500 	 0.2940612 
396000 	 0.2525657 
396500 	 0.321444 
397000 	 0.3306436 
397500 	 0.3329399 
398000 	 0.3883046 
398500 	 0.3092981 
399000 	 0.2668 
399500 	 0.3487512 
400000 	 0.3480232 
400500 	 0.4200459 
401000 	 0.3411738 
401500 	 0.2134897 
402000 	 0.3659291 
402500 	 0.242717 
403000 	 0.2964157 
403500 	 0.3644199 
404000 	 0.3982252 
404500 	 0.4109166 
405000 	 0.2000712 
405500 	 0.4859616 
406000 	 0.2023176 
406500 	 0.4703205 
407000 	 0.2749854 
407500 	 0.2079684 
408000 	 0.4678499 
408500 	 0.359517 
409000 	 0.4424287 
409500 	 0.2368891 
410000 	 0.3292604 
410500 	 0.3162219 
411000 	 0.3009566 
411500 	 0.3027375 
412000 	 0.2650577 
412500 	 0.3254381 
413000 	 0.4522428 
413500 	 0.1975565 
414000 	 0.1970091 
414500 	 0.3333047 
415000 	 0.4323407 
415500 	 0.3784221 
416000 	 0.3272608 
416500 	 0.3207928 
417000 	 0.4469821 
417500 	 0.4544254 
418000 	 0.3396303 
418500 	 0.2522228 
419000 	 0.4054313 
419500 	 0.480096 
420000 	 0.2206705 
420500 	 0.3440464 
421000 	 0.4059587 
421500 	 0.3622268 
422000 	 0.3757511 
422500 	 0.472645 
423000 	 0.4779971 
423500 	 0.4343936 
424000 	 0.3867522 
424500 	 0.2914861 
425000 	 0.3764618 
425500 	 0.4595214 
426000 	 0.3463471 
426500 	 0.3344043 
427000 	 0.357727 
427500 	 0.3235332 
428000 	 0.3734013 
428500 	 0.3409014 
429000 	 0.454794 
429500 	 0.4137853 
430000 	 0.358686 
430500 	 0.3558949 
431000 	 0.3669926 
431500 	 0.2866178 
432000 	 0.496645 
432500 	 0.376118 
433000 	 0.4442458 
433500 	 0.3866456 
434000 	 0.4023618 
434500 	 0.2195175 
435000 	 0.2913668 
435500 	 0.3793825 
436000 	 0.3097141 
436500 	 0.2676456 
437000 	 0.4048346 
437500 	 0.1838852 
438000 	 0.2929091 
438500 	 0.3989001 
439000 	 0.3351609 
439500 	 0.447453 
440000 	 0.3251937 
440500 	 0.3486459 
441000 	 0.4409237 
441500 	 0.2118096 
442000 	 0.3254901 
442500 	 0.4204687 
443000 	 0.3620994 
443500 	 0.3893586 
444000 	 0.2731619 
444500 	 0.3251172 
445000 	 0.3112657 
445500 	 0.42978 
446000 	 0.3977681 
446500 	 0.3857375 
447000 	 0.3671735 
447500 	 0.230496 
448000 	 0.3529055 
448500 	 0.3284745 
449000 	 0.1539073 
449500 	 0.3944867 
450000 	 0.4576096 
450500 	 0.4121112 
451000 	 0.3406205 
451500 	 0.3611566 
452000 	 0.5013073 
452500 	 0.282094 
453000 	 0.3436718 
453500 	 0.2095316 
454000 	 0.2143807 
454500 	 0.4567478 
455000 	 0.4093668 
455500 	 0.3205919 
456000 	 0.5214317 
456500 	 0.5377029 
457000 	 0.3198775 
457500 	 0.3147089 
458000 	 0.3354554 
458500 	 0.2790668 
459000 	 0.3579402 
459500 	 0.4540644 
460000 	 0.3270454 
460500 	 0.2548729 
461000 	 0.3917166 
461500 	 0.4618988 
462000 	 0.1999986 
462500 	 0.2007654 
463000 	 0.3198104 
463500 	 0.4068789 
464000 	 0.5008991 
464500 	 0.3018051 
465000 	 0.2796088 
465500 	 0.4813397 
466000 	 0.345195 
466500 	 0.4285968 
467000 	 0.4209879 
467500 	 0.2752613 
468000 	 0.3331739 
468500 	 0.3438691 
469000 	 0.3377189 
469500 	 0.3820117 
470000 	 0.4571805 
470500 	 0.4176822 
471000 	 0.385322 
471500 	 0.4574364 
472000 	 0.4606861 
472500 	 0.4346357 
473000 	 0.3922439 
473500 	 0.3964055 
474000 	 0.3699695 
474500 	 0.3795066 
475000 	 0.4246034 
475500 	 0.486848 
476000 	 0.3538513 
476500 	 0.4619724 
477000 	 0.2158224 
477500 	 0.3389675 
478000 	 0.4100282 
478500 	 0.2011988 
479000 	 0.3155658 
479500 	 0.4302716 
480000 	 0.2832261 
480500 	 0.360659 
481000 	 0.4009873 
481500 	 0.2320426 
482000 	 0.4760947 
482500 	 0.4805033 
483000 	 0.3048241 
483500 	 0.3662728 
484000 	 0.4145437 
484500 	 0.3769492 
485000 	 0.2848814 
485500 	 0.3622689 
486000 	 0.3129831 
486500 	 0.2170299 
487000 	 0.3602623 
487500 	 0.2645184 
488000 	 0.5790295 
488500 	 0.2815806 
489000 	 0.2881765 
489500 	 0.2223861 
490000 	 0.1979954 
490500 	 0.2718034 
491000 	 0.3424823 
491500 	 0.4530903 
492000 	 0.3590284 
492500 	 0.4206553 
493000 	 0.4494382 
493500 	 0.4763585 
494000 	 0.3681996 
494500 	 0.4472969 
495000 	 0.2482392 
495500 	 0.5109478 
496000 	 0.408782 
496500 	 0.3304701 
497000 	 0.4755311 
497500 	 0.4259121 
498000 	 0.3431437 
498500 	 0.4195421 
499000 	 0.2489525 
499500 	 0.3063031 
500000 	 0.3218286 
