iter 	 p
500 	 0.3566443 
1000 	 0.3159812 
1500 	 0.436591 
2000 	 0.3574315 
2500 	 0.3203748 
3000 	 0.5314136 
3500 	 0.2482946 
4000 	 0.3015603 
4500 	 0.3615833 
5000 	 0.2735003 
5500 	 0.2630296 
6000 	 0.3196983 
6500 	 0.4628147 
7000 	 0.3539107 
7500 	 0.4438453 
8000 	 0.4169058 
8500 	 0.4037059 
9000 	 0.4283986 
9500 	 0.2151167 
10000 	 0.4614593 
10500 	 0.3666872 
11000 	 0.4151779 
11500 	 0.3446345 
12000 	 0.4754282 
12500 	 0.3527796 
13000 	 0.4469434 
13500 	 0.3593205 
14000 	 0.2613786 
14500 	 0.3103893 
15000 	 0.3560406 
15500 	 0.4671526 
16000 	 0.3058064 
16500 	 0.327588 
17000 	 0.3507947 
17500 	 0.3924482 
18000 	 0.4559011 
18500 	 0.4393546 
19000 	 0.4438946 
19500 	 0.3959554 
20000 	 0.3093862 
20500 	 0.3442907 
21000 	 0.2443163 
21500 	 0.2807318 
22000 	 0.321028 
22500 	 0.3391939 
23000 	 0.3926432 
23500 	 0.3306068 
24000 	 0.2840377 
24500 	 0.464383 
25000 	 0.532782 
25500 	 0.3379928 
26000 	 0.2801668 
26500 	 0.4259651 
27000 	 0.4374241 
27500 	 0.4036679 
28000 	 0.3266944 
28500 	 0.3798867 
29000 	 0.502949 
29500 	 0.3764684 
30000 	 0.4456274 
30500 	 0.3834467 
31000 	 0.2056462 
31500 	 0.3739567 
32000 	 0.4116245 
32500 	 0.2848552 
33000 	 0.3014927 
33500 	 0.4458062 
34000 	 0.1906509 
34500 	 0.3497685 
35000 	 0.3489413 
35500 	 0.2434514 
36000 	 0.4327396 
36500 	 0.4719286 
37000 	 0.3733587 
37500 	 0.4029027 
38000 	 0.4393718 
38500 	 0.4376777 
39000 	 0.3845239 
39500 	 0.3411319 
40000 	 0.2189742 
40500 	 0.3629233 
41000 	 0.2865258 
41500 	 0.3612979 
42000 	 0.4647366 
42500 	 0.2934079 
43000 	 0.4570888 
43500 	 0.5175407 
44000 	 0.4037653 
44500 	 0.3582246 
45000 	 0.5528023 
45500 	 0.3327304 
46000 	 0.4656303 
46500 	 0.3457772 
47000 	 0.4380171 
47500 	 0.464464 
48000 	 0.4715162 
48500 	 0.4454234 
49000 	 0.3069867 
49500 	 0.3281362 
50000 	 0.2556859 
50500 	 0.2648191 
51000 	 0.3909614 
51500 	 0.2869499 
52000 	 0.4069547 
52500 	 0.414183 
53000 	 0.475544 
53500 	 0.3435901 
54000 	 0.3634367 
54500 	 0.3099336 
55000 	 0.3260079 
55500 	 0.4207218 
56000 	 0.3159798 
56500 	 0.4325982 
57000 	 0.3881628 
57500 	 0.3007883 
58000 	 0.290301 
58500 	 0.3786716 
59000 	 0.2727724 
59500 	 0.5429698 
60000 	 0.4020066 
60500 	 0.3829319 
61000 	 0.3868604 
61500 	 0.5961718 
62000 	 0.4866962 
62500 	 0.3295433 
63000 	 0.2367826 
63500 	 0.2548931 
64000 	 0.5034041 
64500 	 0.3127352 
65000 	 0.2751125 
65500 	 0.415847 
66000 	 0.3861775 
66500 	 0.59375 
67000 	 0.4254543 
67500 	 0.328775 
68000 	 0.4476573 
68500 	 0.3015371 
69000 	 0.269298 
69500 	 0.3453724 
70000 	 0.45364 
70500 	 0.4874803 
71000 	 0.5070531 
71500 	 0.3417536 
72000 	 0.4098253 
72500 	 0.2881164 
73000 	 0.4037415 
73500 	 0.3550668 
74000 	 0.3969546 
74500 	 0.4613207 
75000 	 0.3871428 
75500 	 0.4036497 
76000 	 0.4717041 
76500 	 0.3525206 
77000 	 0.4288488 
77500 	 0.374898 
78000 	 0.3940091 
78500 	 0.4624599 
79000 	 0.2011072 
79500 	 0.2866836 
80000 	 0.4652635 
80500 	 0.4289263 
81000 	 0.3388732 
81500 	 0.2297015 
82000 	 0.4611522 
82500 	 0.2847515 
83000 	 0.3138425 
83500 	 0.4687258 
84000 	 0.4782738 
84500 	 0.4824529 
85000 	 0.4565017 
85500 	 0.313748 
86000 	 0.5343637 
86500 	 0.306656 
87000 	 0.388607 
87500 	 0.2358693 
88000 	 0.3824999 
88500 	 0.2913476 
89000 	 0.2468482 
89500 	 0.4092247 
90000 	 0.4203639 
90500 	 0.195259 
91000 	 0.3919687 
91500 	 0.3548571 
92000 	 0.4118146 
92500 	 0.3125592 
93000 	 0.3526223 
93500 	 0.3969835 
94000 	 0.3271303 
94500 	 0.2701729 
95000 	 0.3397224 
95500 	 0.4351666 
96000 	 0.5250809 
96500 	 0.3138239 
97000 	 0.3740563 
97500 	 0.5553986 
98000 	 0.3948721 
98500 	 0.3729604 
99000 	 0.4702155 
99500 	 0.3164731 
100000 	 0.3957505 
100500 	 0.3693822 
101000 	 0.3639115 
101500 	 0.41523 
102000 	 0.3220839 
102500 	 0.3608489 
103000 	 0.3241366 
103500 	 0.2391812 
104000 	 0.4095485 
104500 	 0.294176 
105000 	 0.3156505 
105500 	 0.2980651 
106000 	 0.3759983 
106500 	 0.3305117 
107000 	 0.3042439 
107500 	 0.3323516 
108000 	 0.4851459 
108500 	 0.3994399 
109000 	 0.3416293 
109500 	 0.4277056 
110000 	 0.35732 
110500 	 0.2758651 
111000 	 0.3904267 
111500 	 0.3910435 
112000 	 0.4106999 
112500 	 0.3839431 
113000 	 0.3581606 
113500 	 0.4774978 
114000 	 0.2661852 
114500 	 0.5017254 
115000 	 0.2713642 
115500 	 0.3718656 
116000 	 0.3819859 
116500 	 0.4401325 
117000 	 0.4320805 
117500 	 0.5013009 
118000 	 0.2175913 
118500 	 0.4232832 
119000 	 0.2832211 
119500 	 0.3135176 
120000 	 0.3349566 
120500 	 0.3496707 
121000 	 0.416228 
121500 	 0.3291373 
122000 	 0.3578283 
122500 	 0.4743409 
123000 	 0.3644215 
123500 	 0.3785418 
124000 	 0.3437041 
124500 	 0.2741724 
125000 	 0.2808977 
125500 	 0.4172739 
126000 	 0.3202701 
126500 	 0.3421577 
127000 	 0.3393558 
127500 	 0.4768049 
128000 	 0.2698875 
128500 	 0.3004011 
129000 	 0.5136628 
129500 	 0.4679831 
130000 	 0.4198751 
130500 	 0.389956 
131000 	 0.3033941 
131500 	 0.371413 
132000 	 0.343587 
132500 	 0.4048297 
133000 	 0.4552252 
133500 	 0.4278644 
134000 	 0.4219474 
134500 	 0.4436028 
135000 	 0.2972307 
135500 	 0.438294 
136000 	 0.4224351 
136500 	 0.2458692 
137000 	 0.3782332 
137500 	 0.2551221 
138000 	 0.3897229 
138500 	 0.3650909 
139000 	 0.4099147 
139500 	 0.3716218 
140000 	 0.4561662 
140500 	 0.3977821 
141000 	 0.1994899 
141500 	 0.373408 
142000 	 0.4185613 
142500 	 0.4293953 
143000 	 0.5165014 
143500 	 0.4020647 
144000 	 0.2367358 
144500 	 0.3384777 
145000 	 0.3168952 
145500 	 0.3726935 
146000 	 0.4443417 
146500 	 0.4218297 
147000 	 0.4853656 
147500 	 0.3495982 
148000 	 0.4700189 
148500 	 0.3981669 
149000 	 0.2685936 
149500 	 0.4166638 
150000 	 0.4697882 
150500 	 0.379677 
151000 	 0.2992698 
151500 	 0.413093 
152000 	 0.3148326 
152500 	 0.2351552 
153000 	 0.2291865 
153500 	 0.399424 
154000 	 0.4698656 
154500 	 0.3890592 
155000 	 0.6848485 
155500 	 0.5283285 
156000 	 0.437606 
156500 	 0.4936801 
157000 	 0.3259108 
157500 	 0.3744957 
158000 	 0.1452425 
158500 	 0.381172 
159000 	 0.4948759 
159500 	 0.3939033 
160000 	 0.4373441 
160500 	 0.4857121 
161000 	 0.5693093 
161500 	 0.3035531 
162000 	 0.4678399 
162500 	 0.3791855 
163000 	 0.3309631 
163500 	 0.3892839 
164000 	 0.4737378 
164500 	 0.2106395 
165000 	 0.5495454 
165500 	 0.2140489 
166000 	 0.4406246 
166500 	 0.4274798 
167000 	 0.3990865 
167500 	 0.4223276 
168000 	 0.2642271 
168500 	 0.3001726 
169000 	 0.2634793 
169500 	 0.3647079 
170000 	 0.4962176 
170500 	 0.4395378 
171000 	 0.3999253 
171500 	 0.3364348 
172000 	 0.2973101 
172500 	 0.4135946 
173000 	 0.2552488 
173500 	 0.4021856 
174000 	 0.4134454 
174500 	 0.3046544 
175000 	 0.3303506 
175500 	 0.2461012 
176000 	 0.4188336 
176500 	 0.3422928 
177000 	 0.3651107 
177500 	 0.5404451 
178000 	 0.3542236 
178500 	 0.4255709 
179000 	 0.38011 
179500 	 0.3803949 
180000 	 0.4679151 
180500 	 0.4112578 
181000 	 0.3586793 
181500 	 0.4612919 
182000 	 0.3462171 
182500 	 0.3220511 
183000 	 0.3455268 
183500 	 0.2569572 
184000 	 0.2951938 
184500 	 0.3797577 
185000 	 0.3965395 
185500 	 0.3417832 
186000 	 0.3252008 
186500 	 0.396805 
187000 	 0.4440626 
187500 	 0.2889926 
188000 	 0.3614576 
188500 	 0.4339335 
189000 	 0.3843476 
189500 	 0.2661061 
190000 	 0.4002561 
190500 	 0.3749477 
191000 	 0.4421622 
191500 	 0.3531321 
192000 	 0.2463656 
192500 	 0.4243908 
193000 	 0.3899559 
193500 	 0.299587 
194000 	 0.3677383 
194500 	 0.3644869 
195000 	 0.2718931 
195500 	 0.3460222 
196000 	 0.5368851 
196500 	 0.2835236 
197000 	 0.3917914 
197500 	 0.2943289 
198000 	 0.3826928 
198500 	 0.2995791 
199000 	 0.3360375 
199500 	 0.3702299 
200000 	 0.3347953 
200500 	 0.3852426 
201000 	 0.4758825 
201500 	 0.3221863 
202000 	 0.2294533 
202500 	 0.2630142 
203000 	 0.3136349 
203500 	 0.3128817 
204000 	 0.2087862 
204500 	 0.2444444 
205000 	 0.4326987 
205500 	 0.3817619 
206000 	 0.2878743 
206500 	 0.3148986 
207000 	 0.5443005 
207500 	 0.3394025 
208000 	 0.4036447 
208500 	 0.4303352 
209000 	 0.5493367 
209500 	 0.3338467 
210000 	 0.3259503 
210500 	 0.4705768 
211000 	 0.2798136 
211500 	 0.3353405 
212000 	 0.3382481 
212500 	 0.2813011 
213000 	 0.3072446 
213500 	 0.2576448 
214000 	 0.4492233 
214500 	 0.4184702 
215000 	 0.3945486 
215500 	 0.4369358 
216000 	 0.337039 
216500 	 0.3886767 
217000 	 0.4213015 
217500 	 0.2241587 
218000 	 0.4347304 
218500 	 0.533127 
219000 	 0.3035211 
219500 	 0.4417557 
220000 	 0.3364045 
220500 	 0.279549 
221000 	 0.3471619 
221500 	 0.4296762 
222000 	 0.5840457 
222500 	 0.357058 
223000 	 0.4164434 
223500 	 0.3608107 
224000 	 0.3495702 
224500 	 0.4197677 
225000 	 0.5031829 
225500 	 0.20207 
226000 	 0.1658726 
226500 	 0.4129352 
227000 	 0.4086307 
227500 	 0.4599977 
228000 	 0.3295043 
228500 	 0.3978467 
229000 	 0.4718184 
229500 	 0.321476 
230000 	 0.374694 
230500 	 0.3376202 
231000 	 0.4303322 
231500 	 0.2266627 
232000 	 0.3264421 
232500 	 0.386922 
233000 	 0.3402178 
233500 	 0.4818577 
234000 	 0.3567633 
234500 	 0.3111186 
235000 	 0.3589078 
235500 	 0.3101193 
236000 	 0.4589328 
236500 	 0.4079602 
237000 	 0.4488109 
237500 	 0.4947427 
238000 	 0.2910631 
238500 	 0.274801 
239000 	 0.4316211 
239500 	 0.4215131 
240000 	 0.4730064 
240500 	 0.319936 
241000 	 0.3192024 
241500 	 0.4095452 
242000 	 0.5170729 
242500 	 0.3572136 
243000 	 0.3467112 
243500 	 0.4840481 
244000 	 0.3727193 
244500 	 0.3689662 
245000 	 0.2733612 
245500 	 0.3897773 
246000 	 0.3384709 
246500 	 0.3474561 
247000 	 0.3643065 
247500 	 0.3567064 
248000 	 0.2619832 
248500 	 0.4750532 
249000 	 0.4743824 
249500 	 0.3656427 
250000 	 0.4301197 
250500 	 0.4359154 
251000 	 0.3902297 
251500 	 0.3378948 
252000 	 0.423414 
252500 	 0.4617531 
253000 	 0.3476327 
253500 	 0.2442013 
254000 	 0.3364827 
254500 	 0.4376283 
255000 	 0.4331448 
255500 	 0.2110752 
256000 	 0.5166118 
256500 	 0.3133995 
257000 	 0.3592504 
257500 	 0.3464403 
258000 	 0.421928 
258500 	 0.4113903 
259000 	 0.3025695 
259500 	 0.3284398 
260000 	 0.334625 
260500 	 0.3411823 
261000 	 0.3053191 
261500 	 0.2842581 
262000 	 0.2839416 
262500 	 0.301641 
263000 	 0.3054741 
263500 	 0.2528199 
264000 	 0.2685293 
264500 	 0.2722932 
265000 	 0.4130403 
265500 	 0.2686633 
266000 	 0.3603545 
266500 	 0.2111325 
267000 	 0.3860458 
267500 	 0.4522252 
268000 	 0.3675789 
268500 	 0.4703309 
269000 	 0.4447434 
269500 	 0.4116357 
270000 	 0.6266251 
270500 	 0.2482293 
271000 	 0.291486 
271500 	 0.3486769 
272000 	 0.4442806 
272500 	 0.3199764 
273000 	 0.3514446 
273500 	 0.3071733 
274000 	 0.2916136 
274500 	 0.4527769 
275000 	 0.4666485 
275500 	 0.3916245 
276000 	 0.412066 
276500 	 0.3068256 
277000 	 0.3318296 
277500 	 0.3547703 
278000 	 0.5441469 
278500 	 0.4325426 
279000 	 0.3003011 
279500 	 0.4897907 
280000 	 0.3669906 
280500 	 0.3766403 
281000 	 0.3647145 
281500 	 0.3815958 
282000 	 0.2863595 
282500 	 0.2995948 
283000 	 0.2191904 
283500 	 0.3927943 
284000 	 0.5086402 
284500 	 0.2969269 
285000 	 0.4810918 
285500 	 0.3172311 
286000 	 0.2288461 
286500 	 0.2940116 
287000 	 0.2632731 
287500 	 0.4746401 
288000 	 0.3871103 
288500 	 0.4046099 
289000 	 0.3962018 
289500 	 0.2439502 
290000 	 0.4172152 
290500 	 0.3995992 
291000 	 0.2765466 
291500 	 0.4092768 
292000 	 0.4065622 
292500 	 0.3570011 
293000 	 0.3305479 
293500 	 0.3802357 
294000 	 0.4403317 
294500 	 0.323048 
295000 	 0.2830266 
295500 	 0.3299574 
296000 	 0.4243255 
296500 	 0.5150569 
297000 	 0.3256713 
297500 	 0.3908259 
298000 	 0.4510716 
298500 	 0.3259132 
299000 	 0.2211034 
299500 	 0.1864118 
300000 	 0.2008396 
300500 	 0.4398028 
301000 	 0.2702511 
301500 	 0.4400808 
302000 	 0.4843485 
302500 	 0.4525741 
303000 	 0.3170087 
303500 	 0.3107708 
304000 	 0.2479409 
304500 	 0.3049943 
305000 	 0.3022629 
305500 	 0.5209739 
306000 	 0.3072048 
306500 	 0.3670735 
307000 	 0.3508368 
307500 	 0.3960443 
308000 	 0.3464338 
308500 	 0.3016236 
309000 	 0.4185042 
309500 	 0.3676973 
310000 	 0.4099437 
310500 	 0.4657237 
311000 	 0.4019725 
311500 	 0.3142052 
312000 	 0.4172296 
312500 	 0.3955676 
313000 	 0.392133 
313500 	 0.2370519 
314000 	 0.2810048 
314500 	 0.308691 
315000 	 0.3663565 
315500 	 0.4128353 
316000 	 0.36201 
316500 	 0.4553279 
317000 	 0.2267433 
317500 	 0.3177394 
318000 	 0.3477769 
318500 	 0.2336756 
319000 	 0.4005737 
319500 	 0.2833479 
320000 	 0.3985787 
320500 	 0.2255283 
321000 	 0.3052332 
321500 	 0.4307255 
322000 	 0.4450732 
322500 	 0.3122136 
323000 	 0.4135424 
323500 	 0.4560729 
324000 	 0.332148 
324500 	 0.3930147 
325000 	 0.2997917 
325500 	 0.4213791 
326000 	 0.4687539 
326500 	 0.3628576 
327000 	 0.4076877 
327500 	 0.3267738 
328000 	 0.3484034 
328500 	 0.3562899 
329000 	 0.2995686 
329500 	 0.3439444 
330000 	 0.340938 
330500 	 0.4615695 
331000 	 0.5303143 
331500 	 0.407914 
332000 	 0.2196269 
332500 	 0.4080294 
333000 	 0.3260931 
333500 	 0.3687588 
334000 	 0.4277552 
334500 	 0.4156074 
335000 	 0.4059612 
335500 	 0.3599843 
336000 	 0.3586977 
336500 	 0.3940848 
337000 	 0.305957 
337500 	 0.2305608 
338000 	 0.5323839 
338500 	 0.2510452 
339000 	 0.3741487 
339500 	 0.378646 
340000 	 0.2056965 
340500 	 0.3313808 
341000 	 0.2937589 
341500 	 0.2241961 
342000 	 0.4434329 
342500 	 0.4075748 
343000 	 0.4794915 
343500 	 0.3533804 
344000 	 0.3358583 
344500 	 0.445674 
345000 	 0.4745464 
345500 	 0.4560597 
346000 	 0.4887765 
346500 	 0.4060388 
347000 	 0.3822303 
347500 	 0.3411792 
348000 	 0.3404695 
348500 	 0.4571387 
349000 	 0.3482883 
349500 	 0.4294588 
350000 	 0.4165943 
350500 	 0.3849772 
351000 	 0.2321549 
351500 	 0.4045824 
352000 	 0.3542949 
352500 	 0.434054 
353000 	 0.3689394 
353500 	 0.3851444 
354000 	 0.4128677 
354500 	 0.3351613 
355000 	 0.3323834 
355500 	 0.4705512 
356000 	 0.2847591 
356500 	 0.3198932 
357000 	 0.3781553 
357500 	 0.4501247 
358000 	 0.337713 
358500 	 0.4972246 
359000 	 0.3730892 
359500 	 0.2775542 
360000 	 0.3459958 
360500 	 0.3335581 
361000 	 0.3866141 
361500 	 0.4419229 
362000 	 0.3010811 
362500 	 0.4386862 
363000 	 0.329589 
363500 	 0.2942294 
364000 	 0.2966534 
364500 	 0.3810679 
365000 	 0.2361888 
365500 	 0.4052268 
366000 	 0.3950724 
366500 	 0.4190052 
367000 	 0.3101467 
367500 	 0.3508426 
368000 	 0.4880478 
368500 	 0.4418638 
369000 	 0.3656397 
369500 	 0.3713647 
370000 	 0.313353 
370500 	 0.2987061 
371000 	 0.3649939 
371500 	 0.2328247 
372000 	 0.3824111 
372500 	 0.2607925 
373000 	 0.4155463 
373500 	 0.3248048 
374000 	 0.3991949 
374500 	 0.4424927 
375000 	 0.3455432 
375500 	 0.3552801 
376000 	 0.2320706 
376500 	 0.3028043 
377000 	 0.4038047 
377500 	 0.449145 
378000 	 0.3762596 
378500 	 0.3073143 
379000 	 0.4082537 
379500 	 0.4774719 
380000 	 0.3674083 
380500 	 0.3303972 
381000 	 0.4588049 
381500 	 0.4363538 
382000 	 0.4506102 
382500 	 0.3821111 
383000 	 0.3052285 
383500 	 0.4175367 
384000 	 0.419833 
384500 	 0.3677563 
385000 	 0.3052336 
385500 	 0.1898742 
386000 	 0.4231563 
386500 	 0.3488914 
387000 	 0.353107 
387500 	 0.3244029 
388000 	 0.382937 
388500 	 0.2698075 
389000 	 0.3504116 
389500 	 0.3796297 
390000 	 0.3851912 
390500 	 0.445271 
391000 	 0.3295849 
391500 	 0.4341806 
392000 	 0.3543931 
392500 	 0.2632197 
393000 	 0.4462057 
393500 	 0.4731014 
394000 	 0.3775598 
394500 	 0.2743891 
395000 	 0.425535 
395500 	 0.5376781 
396000 	 0.4564581 
396500 	 0.2324616 
397000 	 0.3287775 
397500 	 0.4266198 
398000 	 0.4168945 
398500 	 0.2907672 
399000 	 0.3001772 
399500 	 0.3541429 
400000 	 0.4853858 
400500 	 0.3278754 
401000 	 0.362882 
401500 	 0.4794338 
402000 	 0.310527 
402500 	 0.4048338 
403000 	 0.3368452 
403500 	 0.4154739 
404000 	 0.2970386 
404500 	 0.4806388 
405000 	 0.4351522 
405500 	 0.3202856 
406000 	 0.3888654 
406500 	 0.4869352 
407000 	 0.2681309 
407500 	 0.2970867 
408000 	 0.390581 
408500 	 0.3175317 
409000 	 0.259699 
409500 	 0.2963869 
410000 	 0.3531193 
410500 	 0.3862871 
411000 	 0.3250055 
411500 	 0.4326651 
412000 	 0.3149231 
412500 	 0.2649468 
413000 	 0.4722189 
413500 	 0.2690181 
414000 	 0.3961257 
414500 	 0.279207 
415000 	 0.4787396 
415500 	 0.367011 
416000 	 0.3449342 
416500 	 0.2878771 
417000 	 0.3761914 
417500 	 0.3325122 
418000 	 0.4876773 
418500 	 0.369877 
419000 	 0.4520942 
419500 	 0.2837373 
420000 	 0.4111564 
420500 	 0.4443719 
421000 	 0.2329513 
421500 	 0.2774808 
422000 	 0.3866719 
422500 	 0.3753896 
423000 	 0.4593445 
423500 	 0.4520774 
424000 	 0.4766272 
424500 	 0.3003289 
425000 	 0.371251 
425500 	 0.3223668 
426000 	 0.2925034 
426500 	 0.4327877 
427000 	 0.2947246 
427500 	 0.2896673 
428000 	 0.2864385 
428500 	 0.3954108 
429000 	 0.4049571 
429500 	 0.2200741 
430000 	 0.542771 
430500 	 0.4519694 
431000 	 0.3764105 
431500 	 0.3177822 
432000 	 0.3612858 
432500 	 0.3117823 
433000 	 0.3252789 
433500 	 0.3668024 
434000 	 0.3107187 
434500 	 0.3078818 
435000 	 0.3892372 
435500 	 0.3407768 
436000 	 0.4624554 
436500 	 0.2590099 
437000 	 0.2465629 
437500 	 0.3368326 
438000 	 0.4728624 
438500 	 0.3981569 
439000 	 0.3015658 
439500 	 0.4138372 
440000 	 0.3230242 
440500 	 0.1955722 
441000 	 0.3377775 
441500 	 0.250333 
442000 	 0.4296236 
442500 	 0.5095506 
443000 	 0.3482554 
443500 	 0.420546 
444000 	 0.3829432 
444500 	 0.4580846 
445000 	 0.4511536 
445500 	 0.519217 
446000 	 0.2550748 
446500 	 0.5584507 
447000 	 0.3652854 
447500 	 0.3119492 
448000 	 0.5607671 
448500 	 0.3992267 
449000 	 0.3074707 
449500 	 0.428291 
450000 	 0.433839 
450500 	 0.2671256 
451000 	 0.3915487 
451500 	 0.4489745 
452000 	 0.3053865 
452500 	 0.4671806 
453000 	 0.4249136 
453500 	 0.3486276 
454000 	 0.3359073 
454500 	 0.2484343 
455000 	 0.3939437 
455500 	 0.4699354 
456000 	 0.4524385 
456500 	 0.3784682 
457000 	 0.274848 
457500 	 0.3372886 
458000 	 0.3432812 
458500 	 0.2310847 
459000 	 0.3815321 
459500 	 0.4482388 
460000 	 0.5157858 
460500 	 0.3348866 
461000 	 0.3888292 
461500 	 0.4565826 
462000 	 0.3884723 
462500 	 0.4069431 
463000 	 0.4530318 
463500 	 0.3635118 
464000 	 0.2752315 
464500 	 0.3216448 
465000 	 0.4066873 
465500 	 0.5253249 
466000 	 0.3428825 
466500 	 0.3673851 
467000 	 0.363788 
467500 	 0.3217533 
468000 	 0.4542386 
468500 	 0.3638051 
469000 	 0.290499 
469500 	 0.4178502 
470000 	 0.2262324 
470500 	 0.3088517 
471000 	 0.3821984 
471500 	 0.3688237 
472000 	 0.4573371 
472500 	 0.5238504 
473000 	 0.3112995 
473500 	 0.3662392 
474000 	 0.2734906 
474500 	 0.3012555 
475000 	 0.3979283 
475500 	 0.4306634 
476000 	 0.3212667 
476500 	 0.2273192 
477000 	 0.4020503 
477500 	 0.3536042 
478000 	 0.3793371 
478500 	 0.4578293 
479000 	 0.3129458 
479500 	 0.2635354 
480000 	 0.2962828 
480500 	 0.5224646 
481000 	 0.2963418 
481500 	 0.3554192 
482000 	 0.3152429 
482500 	 0.3016186 
483000 	 0.3934974 
483500 	 0.3324907 
484000 	 0.3229159 
484500 	 0.2305076 
485000 	 0.4234815 
485500 	 0.3409446 
486000 	 0.3312992 
486500 	 0.4738647 
487000 	 0.3743615 
487500 	 0.2233801 
488000 	 0.3683509 
488500 	 0.2879654 
489000 	 0.5011172 
489500 	 0.3974739 
490000 	 0.4081759 
490500 	 0.3469161 
491000 	 0.4564399 
491500 	 0.4221418 
492000 	 0.243842 
492500 	 0.2854747 
493000 	 0.3192285 
493500 	 0.4280287 
494000 	 0.3284063 
494500 	 0.4233417 
495000 	 0.479827 
495500 	 0.3236215 
496000 	 0.4338604 
496500 	 0.399539 
497000 	 0.415255 
497500 	 0.3410592 
498000 	 0.3548071 
498500 	 0.4758392 
499000 	 0.4061664 
499500 	 0.3878992 
500000 	 0.3377318 
