iter 	 p
500 	 0.4295331 
1000 	 0.4182004 
1500 	 0.3253474 
2000 	 0.3970298 
2500 	 0.4804491 
3000 	 0.4475948 
3500 	 0.4602201 
4000 	 0.4028869 
4500 	 0.5136375 
5000 	 0.5236681 
5500 	 0.4491593 
6000 	 0.36482 
6500 	 0.3704095 
7000 	 0.4176359 
7500 	 0.3913924 
8000 	 0.4759677 
8500 	 0.4252119 
9000 	 0.3689582 
9500 	 0.3501562 
10000 	 0.5767024 
10500 	 0.3546906 
11000 	 0.4587876 
11500 	 0.4538319 
12000 	 0.4302208 
12500 	 0.3923951 
13000 	 0.5158665 
13500 	 0.3441775 
14000 	 0.3789708 
14500 	 0.4414948 
15000 	 0.4481396 
15500 	 0.3818367 
16000 	 0.3874047 
16500 	 0.3430707 
17000 	 0.4109006 
17500 	 0.4031664 
18000 	 0.3334215 
18500 	 0.4601865 
19000 	 0.478448 
19500 	 0.4084723 
20000 	 0.4245097 
20500 	 0.389673 
21000 	 0.4396298 
21500 	 0.5386254 
22000 	 0.3704354 
22500 	 0.3721932 
23000 	 0.3719567 
23500 	 0.3943511 
24000 	 0.4855957 
24500 	 0.3477832 
25000 	 0.4602046 
25500 	 0.5875539 
26000 	 0.4242228 
26500 	 0.36107 
27000 	 0.3514013 
27500 	 0.3909653 
28000 	 0.5024919 
28500 	 0.363604 
29000 	 0.3635524 
29500 	 0.4530315 
30000 	 0.4470283 
30500 	 0.4343404 
31000 	 0.4517208 
31500 	 0.3997757 
32000 	 0.4857843 
32500 	 0.283108 
33000 	 0.3457421 
33500 	 0.3781773 
34000 	 0.3935131 
34500 	 0.3643015 
35000 	 0.4455147 
35500 	 0.3500045 
36000 	 0.4737144 
36500 	 0.447876 
37000 	 0.4409371 
37500 	 0.3681722 
38000 	 0.4535069 
38500 	 0.3296247 
39000 	 0.396066 
39500 	 0.5924091 
40000 	 0.4628857 
40500 	 0.4441461 
41000 	 0.4219037 
41500 	 0.4809053 
42000 	 0.4908313 
42500 	 0.4067237 
43000 	 0.3872922 
43500 	 0.4027004 
44000 	 0.4559901 
44500 	 0.5864214 
45000 	 0.3787108 
45500 	 0.465806 
46000 	 0.4180005 
46500 	 0.3677514 
47000 	 0.3918643 
47500 	 0.4534004 
48000 	 0.476303 
48500 	 0.4499591 
49000 	 0.4050272 
49500 	 0.3312547 
50000 	 0.4443385 
50500 	 0.3752237 
51000 	 0.4529598 
51500 	 0.4096664 
52000 	 0.399189 
52500 	 0.4586812 
53000 	 0.4602064 
53500 	 0.4064196 
54000 	 0.5173932 
54500 	 0.4554781 
55000 	 0.4711316 
55500 	 0.4028923 
56000 	 0.478288 
56500 	 0.4928976 
57000 	 0.3976066 
57500 	 0.3392451 
58000 	 0.4438356 
58500 	 0.4025138 
59000 	 0.3838012 
59500 	 0.4692129 
60000 	 0.4272464 
60500 	 0.5816685 
61000 	 0.3770548 
61500 	 0.6189335 
62000 	 0.5127799 
62500 	 0.3655091 
63000 	 0.4797873 
63500 	 0.4778798 
64000 	 0.4199703 
64500 	 0.4237792 
65000 	 0.4314753 
65500 	 0.3760885 
66000 	 0.5053027 
66500 	 0.3403253 
67000 	 0.356586 
67500 	 0.5420186 
68000 	 0.2792653 
68500 	 0.3924884 
69000 	 0.4728482 
69500 	 0.4478362 
70000 	 0.4189339 
70500 	 0.4275003 
71000 	 0.4202987 
71500 	 0.3505643 
72000 	 0.4029721 
72500 	 0.4830248 
73000 	 0.3821837 
73500 	 0.3953904 
74000 	 0.3662197 
74500 	 0.3533081 
75000 	 0.4030429 
75500 	 0.3368315 
76000 	 0.3846572 
76500 	 0.4282711 
77000 	 0.4648936 
77500 	 0.4060139 
78000 	 0.3570258 
78500 	 0.4530195 
79000 	 0.3539977 
79500 	 0.4654823 
80000 	 0.3046 
80500 	 0.4080272 
81000 	 0.4195457 
81500 	 0.4198112 
82000 	 0.2922142 
82500 	 0.4292558 
83000 	 0.4853346 
83500 	 0.4093616 
84000 	 0.4315996 
84500 	 0.4851453 
85000 	 0.4423651 
85500 	 0.4160974 
86000 	 0.4831509 
86500 	 0.464762 
87000 	 0.2863875 
87500 	 0.5220357 
88000 	 0.414197 
88500 	 0.5196562 
89000 	 0.4035802 
89500 	 0.4347169 
90000 	 0.380363 
90500 	 0.3765302 
91000 	 0.3670487 
91500 	 0.4087685 
92000 	 0.4715301 
92500 	 0.3504633 
93000 	 0.5016968 
93500 	 0.402146 
94000 	 0.4058581 
94500 	 0.4033385 
95000 	 0.4935039 
95500 	 0.4173513 
96000 	 0.5415793 
96500 	 0.3601279 
97000 	 0.4181882 
97500 	 0.3936501 
98000 	 0.3968468 
98500 	 0.3703995 
99000 	 0.4654325 
99500 	 0.4047718 
100000 	 0.3239062 
100500 	 0.4946451 
101000 	 0.475323 
101500 	 0.4701724 
102000 	 0.4205751 
102500 	 0.4561738 
103000 	 0.3854717 
103500 	 0.4591336 
104000 	 0.4471106 
104500 	 0.3042223 
105000 	 0.3433617 
105500 	 0.3899479 
106000 	 0.322655 
106500 	 0.2476158 
107000 	 0.4344542 
107500 	 0.3550178 
108000 	 0.282179 
108500 	 0.4216125 
109000 	 0.5395434 
109500 	 0.4422019 
110000 	 0.2873021 
110500 	 0.4321627 
111000 	 0.5344276 
111500 	 0.4472616 
112000 	 0.4283474 
112500 	 0.3052762 
113000 	 0.4517258 
113500 	 0.3857908 
114000 	 0.3885556 
114500 	 0.3976262 
115000 	 0.4445224 
115500 	 0.4156638 
116000 	 0.3685773 
116500 	 0.4969435 
117000 	 0.4758932 
117500 	 0.2944831 
118000 	 0.4101147 
118500 	 0.3812626 
119000 	 0.3916064 
119500 	 0.568855 
120000 	 0.4517254 
120500 	 0.3871906 
121000 	 0.350239 
121500 	 0.3780226 
122000 	 0.4186165 
122500 	 0.3109115 
123000 	 0.515975 
123500 	 0.3894031 
124000 	 0.3762214 
124500 	 0.3753229 
125000 	 0.3893852 
125500 	 0.4038912 
126000 	 0.4704225 
126500 	 0.3124531 
127000 	 0.3433337 
127500 	 0.3275765 
128000 	 0.3227718 
128500 	 0.3096787 
129000 	 0.4193802 
129500 	 0.3825935 
130000 	 0.3787399 
130500 	 0.4072445 
131000 	 0.4305899 
131500 	 0.3626117 
132000 	 0.3492899 
132500 	 0.3476114 
133000 	 0.3715443 
133500 	 0.3780197 
134000 	 0.4018786 
134500 	 0.3530639 
135000 	 0.4056271 
135500 	 0.4304587 
136000 	 0.3656658 
136500 	 0.307092 
137000 	 0.4379349 
137500 	 0.4486724 
138000 	 0.5424808 
138500 	 0.3401168 
139000 	 0.3709149 
139500 	 0.4524247 
140000 	 0.4529598 
140500 	 0.2891214 
141000 	 0.4130217 
141500 	 0.3951882 
142000 	 0.316083 
142500 	 0.5276898 
143000 	 0.4175981 
143500 	 0.477245 
144000 	 0.4526385 
144500 	 0.5153226 
145000 	 0.3935115 
145500 	 0.4619017 
146000 	 0.4428705 
146500 	 0.5070329 
147000 	 0.5090048 
147500 	 0.4677516 
148000 	 0.5467406 
148500 	 0.4280234 
149000 	 0.4131576 
149500 	 0.4179195 
150000 	 0.4341055 
150500 	 0.4375979 
151000 	 0.4827559 
151500 	 0.3489222 
152000 	 0.3230176 
152500 	 0.3867971 
153000 	 0.3764213 
153500 	 0.4032467 
154000 	 0.3264538 
154500 	 0.306763 
155000 	 0.4690671 
155500 	 0.4239014 
156000 	 0.4363006 
156500 	 0.4050577 
157000 	 0.4507583 
157500 	 0.403117 
158000 	 0.4447486 
158500 	 0.4066958 
159000 	 0.3517212 
159500 	 0.2968567 
160000 	 0.5511388 
160500 	 0.4791379 
161000 	 0.4975912 
161500 	 0.3859454 
162000 	 0.3431728 
162500 	 0.3251055 
163000 	 0.3792763 
163500 	 0.315616 
164000 	 0.4214887 
164500 	 0.4281742 
165000 	 0.3986457 
165500 	 0.5037829 
166000 	 0.4711174 
166500 	 0.4014587 
167000 	 0.3948703 
167500 	 0.4597259 
168000 	 0.3880935 
168500 	 0.3614162 
169000 	 0.2757442 
169500 	 0.4901539 
170000 	 0.4327602 
170500 	 0.4547322 
171000 	 0.4312037 
171500 	 0.4070176 
172000 	 0.3985161 
172500 	 0.4021364 
173000 	 0.4029674 
173500 	 0.4663982 
174000 	 0.2372284 
174500 	 0.3700863 
175000 	 0.3651986 
175500 	 0.3572923 
176000 	 0.3255554 
176500 	 0.5579408 
177000 	 0.3778451 
177500 	 0.2721574 
178000 	 0.4128495 
178500 	 0.5269861 
179000 	 0.3384732 
179500 	 0.2919265 
180000 	 0.3983329 
180500 	 0.45397 
181000 	 0.34057 
181500 	 0.4321337 
182000 	 0.3813018 
182500 	 0.4407547 
183000 	 0.358006 
183500 	 0.3943888 
184000 	 0.3351609 
184500 	 0.5039341 
185000 	 0.3410551 
185500 	 0.5204143 
186000 	 0.3550492 
186500 	 0.4109715 
187000 	 0.5697469 
187500 	 0.4450713 
188000 	 0.3914621 
188500 	 0.3999624 
189000 	 0.3286401 
189500 	 0.4325564 
190000 	 0.3427875 
190500 	 0.2687895 
191000 	 0.4132188 
191500 	 0.3562782 
192000 	 0.467989 
192500 	 0.3609525 
193000 	 0.5265887 
193500 	 0.5226509 
194000 	 0.5769798 
194500 	 0.4080363 
195000 	 0.5198868 
195500 	 0.4057556 
196000 	 0.3298628 
196500 	 0.3669605 
197000 	 0.4586669 
197500 	 0.3579074 
198000 	 0.3756076 
198500 	 0.400621 
199000 	 0.4688593 
199500 	 0.3584026 
200000 	 0.4427093 
200500 	 0.541207 
201000 	 0.3714188 
201500 	 0.5073372 
202000 	 0.3555151 
202500 	 0.466134 
203000 	 0.4776141 
203500 	 0.2913307 
204000 	 0.5430627 
204500 	 0.347678 
205000 	 0.4185958 
205500 	 0.3960763 
206000 	 0.3566431 
206500 	 0.2373067 
207000 	 0.3973031 
207500 	 0.4451912 
208000 	 0.3758185 
208500 	 0.3585805 
209000 	 0.4062695 
209500 	 0.3588142 
210000 	 0.4022941 
210500 	 0.3515494 
211000 	 0.4401546 
211500 	 0.3512418 
212000 	 0.403522 
212500 	 0.3385713 
213000 	 0.3437153 
213500 	 0.3802046 
214000 	 0.4575671 
214500 	 0.4515902 
215000 	 0.3384715 
215500 	 0.3437436 
216000 	 0.421693 
216500 	 0.4967771 
217000 	 0.4202375 
217500 	 0.5115266 
218000 	 0.3041982 
218500 	 0.381827 
219000 	 0.3768245 
219500 	 0.303888 
220000 	 0.4955974 
220500 	 0.260903 
221000 	 0.3641676 
221500 	 0.3419935 
222000 	 0.346317 
222500 	 0.4719647 
223000 	 0.3813171 
223500 	 0.3048588 
224000 	 0.5866953 
224500 	 0.3017612 
225000 	 0.3614141 
225500 	 0.3528885 
226000 	 0.4016065 
226500 	 0.3593918 
227000 	 0.3288438 
227500 	 0.4451688 
228000 	 0.3753276 
228500 	 0.3377671 
229000 	 0.4110634 
229500 	 0.3349572 
230000 	 0.4223977 
230500 	 0.392242 
231000 	 0.4855943 
231500 	 0.3023235 
232000 	 0.3422913 
232500 	 0.4288279 
233000 	 0.3405782 
233500 	 0.5156969 
234000 	 0.3876658 
234500 	 0.4513821 
235000 	 0.4608856 
235500 	 0.5479236 
236000 	 0.4054933 
236500 	 0.4457186 
237000 	 0.3946129 
237500 	 0.2387913 
238000 	 0.3975728 
238500 	 0.5056581 
239000 	 0.3474997 
239500 	 0.4958986 
240000 	 0.2968822 
240500 	 0.3352517 
241000 	 0.4252113 
241500 	 0.4074964 
242000 	 0.3742583 
242500 	 0.5048826 
243000 	 0.3473869 
243500 	 0.3083158 
244000 	 0.5841653 
244500 	 0.4548348 
245000 	 0.458074 
245500 	 0.4165511 
246000 	 0.3867266 
246500 	 0.3783538 
247000 	 0.2735455 
247500 	 0.2261842 
248000 	 0.3487836 
248500 	 0.4558889 
249000 	 0.5106611 
249500 	 0.4181904 
250000 	 0.5478412 
250500 	 0.4336673 
251000 	 0.4335039 
251500 	 0.3960845 
252000 	 0.41835 
252500 	 0.4845791 
253000 	 0.424479 
253500 	 0.345004 
254000 	 0.5034504 
254500 	 0.4482369 
255000 	 0.422933 
255500 	 0.4219629 
256000 	 0.3947405 
256500 	 0.4593306 
257000 	 0.374889 
257500 	 0.3656248 
258000 	 0.406604 
258500 	 0.3849805 
259000 	 0.4910273 
259500 	 0.4035002 
260000 	 0.4812649 
260500 	 0.3396477 
261000 	 0.4855607 
261500 	 0.3786883 
262000 	 0.3375873 
262500 	 0.474596 
263000 	 0.5212466 
263500 	 0.4210578 
264000 	 0.3769563 
264500 	 0.3844022 
265000 	 0.3982454 
265500 	 0.3685996 
266000 	 0.4421543 
266500 	 0.4660693 
267000 	 0.4407644 
267500 	 0.2680432 
268000 	 0.4198695 
268500 	 0.4516829 
269000 	 0.358789 
269500 	 0.3728867 
270000 	 0.370616 
270500 	 0.3722484 
271000 	 0.4650043 
271500 	 0.4065521 
272000 	 0.3068916 
272500 	 0.3325448 
273000 	 0.4786282 
273500 	 0.4655357 
274000 	 0.3617979 
274500 	 0.3820796 
275000 	 0.528888 
275500 	 0.355339 
276000 	 0.4957412 
276500 	 0.4302568 
277000 	 0.4592428 
277500 	 0.3006126 
278000 	 0.5182148 
278500 	 0.3004911 
279000 	 0.3627566 
279500 	 0.4386983 
280000 	 0.3583555 
280500 	 0.3805917 
281000 	 0.375277 
281500 	 0.3461377 
282000 	 0.4743168 
282500 	 0.5252458 
283000 	 0.5074226 
283500 	 0.337451 
284000 	 0.4325005 
284500 	 0.3483387 
285000 	 0.3625525 
285500 	 0.3647777 
286000 	 0.370801 
286500 	 0.4191004 
287000 	 0.3187848 
287500 	 0.4882083 
288000 	 0.4566818 
288500 	 0.4456391 
289000 	 0.3476969 
289500 	 0.3933526 
290000 	 0.4407316 
290500 	 0.5808549 
291000 	 0.3663151 
291500 	 0.3905227 
292000 	 0.4113282 
292500 	 0.4613502 
293000 	 0.4594596 
293500 	 0.3883133 
294000 	 0.4305807 
294500 	 0.5133536 
295000 	 0.3919781 
295500 	 0.3523006 
296000 	 0.4411172 
296500 	 0.4065293 
297000 	 0.2237234 
297500 	 0.4408381 
298000 	 0.3224761 
298500 	 0.4545792 
299000 	 0.321267 
299500 	 0.4472842 
300000 	 0.4217247 
300500 	 0.5062487 
301000 	 0.4717328 
301500 	 0.4171478 
302000 	 0.4729202 
302500 	 0.5830497 
303000 	 0.5471086 
303500 	 0.4386456 
304000 	 0.320848 
304500 	 0.31118 
305000 	 0.3095142 
305500 	 0.3446362 
306000 	 0.4090716 
306500 	 0.3566674 
307000 	 0.2885643 
307500 	 0.2987202 
308000 	 0.3237945 
308500 	 0.533347 
309000 	 0.4565561 
309500 	 0.4211484 
310000 	 0.3821895 
310500 	 0.3766594 
311000 	 0.3635497 
311500 	 0.3850301 
312000 	 0.3127398 
312500 	 0.278466 
313000 	 0.5735453 
313500 	 0.4005255 
314000 	 0.4533688 
314500 	 0.3654817 
315000 	 0.431593 
315500 	 0.3307539 
316000 	 0.4268061 
316500 	 0.4049427 
317000 	 0.2803245 
317500 	 0.4754589 
318000 	 0.5682477 
318500 	 0.398275 
319000 	 0.3483777 
319500 	 0.3906562 
320000 	 0.4144554 
320500 	 0.3837914 
321000 	 0.4140706 
321500 	 0.4333293 
322000 	 0.5110321 
322500 	 0.5262513 
323000 	 0.432687 
323500 	 0.2803578 
324000 	 0.3612208 
324500 	 0.472383 
325000 	 0.4003509 
325500 	 0.4782474 
326000 	 0.3537365 
326500 	 0.4145728 
327000 	 0.4455484 
327500 	 0.3545805 
328000 	 0.4197926 
328500 	 0.3491125 
329000 	 0.4905118 
329500 	 0.3289649 
330000 	 0.3525141 
330500 	 0.44013 
331000 	 0.3888633 
331500 	 0.3395661 
332000 	 0.4236101 
332500 	 0.4762988 
333000 	 0.3706565 
333500 	 0.4440411 
334000 	 0.2951165 
334500 	 0.4715688 
335000 	 0.417266 
335500 	 0.4260316 
336000 	 0.4204474 
336500 	 0.3432705 
337000 	 0.4661657 
337500 	 0.4823978 
338000 	 0.3535112 
338500 	 0.49118 
339000 	 0.4463407 
339500 	 0.2671618 
340000 	 0.3616832 
340500 	 0.4313377 
341000 	 0.46716 
341500 	 0.3602797 
342000 	 0.4710606 
342500 	 0.4039016 
343000 	 0.3836941 
343500 	 0.3597827 
344000 	 0.3800658 
344500 	 0.3966945 
345000 	 0.4014986 
345500 	 0.4609151 
346000 	 0.4059266 
346500 	 0.3930561 
347000 	 0.3813875 
347500 	 0.3877748 
348000 	 0.4367594 
348500 	 0.4356835 
349000 	 0.4379371 
349500 	 0.3845663 
350000 	 0.388524 
350500 	 0.4253692 
351000 	 0.4994474 
351500 	 0.3209524 
352000 	 0.3518049 
352500 	 0.4184006 
353000 	 0.3663185 
353500 	 0.3768539 
354000 	 0.4643004 
354500 	 0.5026862 
355000 	 0.4304617 
355500 	 0.4218135 
356000 	 0.4390957 
356500 	 0.3620752 
357000 	 0.4162926 
357500 	 0.4708769 
358000 	 0.353195 
358500 	 0.5478085 
359000 	 0.4076209 
359500 	 0.244323 
360000 	 0.3906029 
360500 	 0.5082028 
361000 	 0.4881985 
361500 	 0.4290473 
362000 	 0.4408778 
362500 	 0.3217947 
363000 	 0.4458425 
363500 	 0.4512915 
364000 	 0.4145842 
364500 	 0.4733995 
365000 	 0.4143232 
365500 	 0.3268523 
366000 	 0.444963 
366500 	 0.3725285 
367000 	 0.504733 
367500 	 0.4080894 
368000 	 0.3292704 
368500 	 0.3556618 
369000 	 0.4574252 
369500 	 0.4571316 
370000 	 0.3207959 
370500 	 0.6005497 
371000 	 0.3913057 
371500 	 0.334684 
372000 	 0.4456336 
372500 	 0.4761448 
373000 	 0.4127579 
373500 	 0.3453004 
374000 	 0.47243 
374500 	 0.3577781 
375000 	 0.3300638 
375500 	 0.4424658 
376000 	 0.5473299 
376500 	 0.4244817 
377000 	 0.4070112 
377500 	 0.3411923 
378000 	 0.4413734 
378500 	 0.413415 
379000 	 0.4683059 
379500 	 0.418609 
380000 	 0.3545326 
380500 	 0.4939238 
381000 	 0.2431449 
381500 	 0.4354882 
382000 	 0.2683223 
382500 	 0.5061811 
383000 	 0.3899489 
383500 	 0.3607062 
384000 	 0.4662118 
384500 	 0.46407 
385000 	 0.4519693 
385500 	 0.2179995 
386000 	 0.4931341 
386500 	 0.4916511 
387000 	 0.4427332 
387500 	 0.5123115 
388000 	 0.3394277 
388500 	 0.5316113 
389000 	 0.4578392 
389500 	 0.4054193 
390000 	 0.4847319 
390500 	 0.3577043 
391000 	 0.4211808 
391500 	 0.4593524 
392000 	 0.4430701 
392500 	 0.308032 
393000 	 0.4096801 
393500 	 0.3935564 
394000 	 0.5002273 
394500 	 0.5350588 
395000 	 0.5117037 
395500 	 0.4763258 
396000 	 0.4609142 
396500 	 0.5076187 
397000 	 0.481676 
397500 	 0.3790823 
398000 	 0.4225427 
398500 	 0.4720081 
399000 	 0.4763059 
399500 	 0.4653128 
400000 	 0.4589258 
400500 	 0.276688 
401000 	 0.4358563 
401500 	 0.5341437 
402000 	 0.3598818 
402500 	 0.4307531 
403000 	 0.3700939 
403500 	 0.3233776 
404000 	 0.4326429 
404500 	 0.4279232 
405000 	 0.4592397 
405500 	 0.3681755 
406000 	 0.4518765 
406500 	 0.36916 
407000 	 0.4514962 
407500 	 0.3779843 
408000 	 0.4108848 
408500 	 0.3746143 
409000 	 0.3548093 
409500 	 0.4021611 
410000 	 0.3748996 
410500 	 0.4657902 
411000 	 0.4069085 
411500 	 0.3842634 
412000 	 0.3807929 
412500 	 0.4189978 
413000 	 0.4152214 
413500 	 0.3875995 
414000 	 0.2973464 
414500 	 0.3865119 
415000 	 0.3667136 
415500 	 0.4401281 
416000 	 0.4136719 
416500 	 0.4571296 
417000 	 0.3085638 
417500 	 0.4297289 
418000 	 0.3735076 
418500 	 0.5731754 
419000 	 0.4775446 
419500 	 0.4720623 
420000 	 0.4209185 
420500 	 0.3715198 
421000 	 0.48429 
421500 	 0.3782667 
422000 	 0.6286228 
422500 	 0.3010452 
423000 	 0.531205 
423500 	 0.3757369 
424000 	 0.3199876 
424500 	 0.4514109 
425000 	 0.4932462 
425500 	 0.4823046 
426000 	 0.3815567 
426500 	 0.4289389 
427000 	 0.3400786 
427500 	 0.4654314 
428000 	 0.3858117 
428500 	 0.4159779 
429000 	 0.3637745 
429500 	 0.3184261 
430000 	 0.427482 
430500 	 0.3691449 
431000 	 0.4188929 
431500 	 0.3169586 
432000 	 0.3882192 
432500 	 0.3732989 
433000 	 0.3474714 
433500 	 0.339227 
434000 	 0.3845814 
434500 	 0.3214211 
435000 	 0.4659374 
435500 	 0.4709579 
436000 	 0.428305 
436500 	 0.371032 
437000 	 0.5592635 
437500 	 0.4428091 
438000 	 0.4610214 
438500 	 0.445572 
439000 	 0.3296332 
439500 	 0.3962569 
440000 	 0.435235 
440500 	 0.4822492 
441000 	 0.459877 
441500 	 0.4619002 
442000 	 0.3593944 
442500 	 0.4389469 
443000 	 0.2744873 
443500 	 0.3012272 
444000 	 0.3718002 
444500 	 0.1852294 
445000 	 0.2712183 
445500 	 0.4311688 
446000 	 0.4417545 
446500 	 0.3994207 
447000 	 0.467044 
447500 	 0.3795792 
448000 	 0.3307696 
448500 	 0.4339532 
449000 	 0.2962684 
449500 	 0.3220085 
450000 	 0.4668511 
450500 	 0.4066308 
451000 	 0.316038 
451500 	 0.4455839 
452000 	 0.4289209 
452500 	 0.4062055 
453000 	 0.3985509 
453500 	 0.3756559 
454000 	 0.4582727 
454500 	 0.3206093 
455000 	 0.4412496 
455500 	 0.36149 
456000 	 0.2663263 
456500 	 0.4359724 
457000 	 0.5773736 
457500 	 0.374325 
458000 	 0.3744322 
458500 	 0.2893533 
459000 	 0.3699377 
459500 	 0.3681368 
460000 	 0.4722148 
460500 	 0.4205832 
461000 	 0.5124402 
461500 	 0.3038575 
462000 	 0.5097312 
462500 	 0.3806068 
463000 	 0.3579714 
463500 	 0.4239516 
464000 	 0.5520377 
464500 	 0.4970441 
465000 	 0.3238439 
465500 	 0.5280725 
466000 	 0.4273084 
466500 	 0.4527432 
467000 	 0.2514967 
467500 	 0.4169169 
468000 	 0.280983 
468500 	 0.4300838 
469000 	 0.4036348 
469500 	 0.3430548 
470000 	 0.4444771 
470500 	 0.4123455 
471000 	 0.4190702 
471500 	 0.4631927 
472000 	 0.4420662 
472500 	 0.4789421 
473000 	 0.4554635 
473500 	 0.3151135 
474000 	 0.5126429 
474500 	 0.4997443 
475000 	 0.3619951 
475500 	 0.3738144 
476000 	 0.538456 
476500 	 0.4103031 
477000 	 0.4774741 
477500 	 0.3246405 
478000 	 0.3831171 
478500 	 0.3423986 
479000 	 0.5040015 
479500 	 0.5045662 
480000 	 0.3409175 
480500 	 0.331217 
481000 	 0.4626413 
481500 	 0.4413705 
482000 	 0.4230644 
482500 	 0.5303965 
483000 	 0.4502901 
483500 	 0.3901295 
484000 	 0.5011989 
484500 	 0.3938779 
485000 	 0.3472663 
485500 	 0.4092796 
486000 	 0.4000531 
486500 	 0.4536652 
487000 	 0.4215851 
487500 	 0.3650719 
488000 	 0.3765466 
488500 	 0.5045737 
489000 	 0.5265061 
489500 	 0.4831234 
490000 	 0.4121595 
490500 	 0.3935616 
491000 	 0.4884158 
491500 	 0.5179462 
492000 	 0.3389488 
492500 	 0.3642666 
493000 	 0.3727836 
493500 	 0.4051399 
494000 	 0.4204136 
494500 	 0.3477204 
495000 	 0.4049228 
495500 	 0.3927022 
496000 	 0.5418441 
496500 	 0.4630342 
497000 	 0.3206922 
497500 	 0.4555068 
498000 	 0.4149277 
498500 	 0.3495754 
499000 	 0.3789123 
499500 	 0.4990394 
500000 	 0.4171757 
