iter 	 p
500 	 0.1159808 
1000 	 0.1954876 
1500 	 0.1710897 
2000 	 0.1264846 
2500 	 0.1337149 
3000 	 0.1118595 
3500 	 0.1846988 
4000 	 0.1682459 
4500 	 0.2113434 
5000 	 0.1509085 
5500 	 0.1675162 
6000 	 0.2057473 
6500 	 0.1767219 
7000 	 0.1286461 
7500 	 0.1725039 
8000 	 0.2246523 
8500 	 0.1264771 
9000 	 0.1511513 
9500 	 0.2123715 
10000 	 0.08143066 
10500 	 0.1524805 
11000 	 0.1781179 
11500 	 0.09210206 
12000 	 0.09162758 
12500 	 0.209116 
13000 	 0.1144078 
13500 	 0.1481951 
14000 	 0.1890501 
14500 	 0.2200426 
15000 	 0.2078148 
15500 	 0.1322118 
16000 	 0.1277648 
16500 	 0.1086434 
17000 	 0.1770051 
17500 	 0.1634615 
18000 	 0.2057374 
18500 	 0.1416514 
19000 	 0.1672263 
19500 	 0.1994776 
20000 	 0.1057563 
20500 	 0.1860222 
21000 	 0.1292052 
21500 	 0.1480235 
22000 	 0.09159499 
22500 	 0.1617224 
23000 	 0.1364155 
23500 	 0.1215511 
24000 	 0.146613 
24500 	 0.156188 
25000 	 0.17725 
25500 	 0.1448351 
26000 	 0.2680552 
26500 	 0.2073928 
27000 	 0.2507323 
27500 	 0.2064972 
28000 	 0.1650532 
28500 	 0.1154007 
29000 	 0.1347366 
29500 	 0.0884171 
30000 	 0.1762396 
30500 	 0.1849032 
31000 	 0.1030338 
31500 	 0.118338 
32000 	 0.1076215 
32500 	 0.1733163 
33000 	 0.1577469 
33500 	 0.1462829 
34000 	 0.1126542 
34500 	 0.1507898 
35000 	 0.147491 
35500 	 0.1859955 
36000 	 0.1802785 
36500 	 0.1571231 
37000 	 0.1508502 
37500 	 0.1558262 
38000 	 0.1298962 
38500 	 0.2417923 
39000 	 0.1657467 
39500 	 0.1243014 
40000 	 0.143915 
40500 	 0.09093379 
41000 	 0.197757 
41500 	 0.1495901 
42000 	 0.09361976 
42500 	 0.118027 
43000 	 0.1194593 
43500 	 0.2047402 
44000 	 0.1356936 
44500 	 0.1868142 
45000 	 0.2401836 
45500 	 0.08776277 
46000 	 0.1508138 
46500 	 0.1914328 
47000 	 0.1675245 
47500 	 0.1753993 
48000 	 0.1191683 
48500 	 0.2195935 
49000 	 0.1718513 
49500 	 0.1666123 
50000 	 0.1884406 
50500 	 0.1629173 
51000 	 0.1762922 
51500 	 0.1804379 
52000 	 0.1117177 
52500 	 0.1680472 
53000 	 0.1642103 
53500 	 0.1926508 
54000 	 0.1537095 
54500 	 0.1616824 
55000 	 0.1446417 
55500 	 0.1403896 
56000 	 0.232364 
56500 	 0.2010438 
57000 	 0.1004329 
57500 	 0.1982186 
58000 	 0.1756578 
58500 	 0.1547273 
59000 	 0.2293345 
59500 	 0.1681684 
60000 	 0.1700465 
60500 	 0.1564826 
61000 	 0.1269475 
61500 	 0.1894216 
62000 	 0.1970818 
62500 	 0.1221956 
63000 	 0.1302106 
63500 	 0.1450705 
64000 	 0.23755 
64500 	 0.214164 
65000 	 0.1529344 
65500 	 0.1856189 
66000 	 0.1795999 
66500 	 0.1019589 
67000 	 0.1226843 
67500 	 0.1198228 
68000 	 0.1687323 
68500 	 0.1693465 
69000 	 0.1378852 
69500 	 0.1972229 
70000 	 0.1618434 
70500 	 0.1491909 
71000 	 0.1680587 
71500 	 0.1549566 
72000 	 0.1727831 
72500 	 0.1602672 
73000 	 0.1701095 
73500 	 0.1180532 
74000 	 0.1692776 
74500 	 0.1246116 
75000 	 0.1414579 
75500 	 0.2353698 
76000 	 0.1100308 
76500 	 0.122468 
77000 	 0.1244086 
77500 	 0.1182953 
78000 	 0.2217287 
78500 	 0.2770122 
79000 	 0.1990501 
79500 	 0.1028222 
80000 	 0.1626434 
80500 	 0.1426858 
81000 	 0.159467 
81500 	 0.2153698 
82000 	 0.130001 
82500 	 0.1161902 
83000 	 0.1604562 
83500 	 0.1837596 
84000 	 0.1842685 
84500 	 0.1200818 
85000 	 0.1291361 
85500 	 0.2007244 
86000 	 0.1583425 
86500 	 0.1706855 
87000 	 0.1898409 
87500 	 0.2116313 
88000 	 0.2287849 
88500 	 0.1186309 
89000 	 0.182795 
89500 	 0.1535694 
90000 	 0.194265 
90500 	 0.1499645 
91000 	 0.1575779 
91500 	 0.1934116 
92000 	 0.1005611 
92500 	 0.2019839 
93000 	 0.1730478 
93500 	 0.1217247 
94000 	 0.2111807 
94500 	 0.1315944 
95000 	 0.2001885 
95500 	 0.1321257 
96000 	 0.1599484 
96500 	 0.1344458 
97000 	 0.2413472 
97500 	 0.1444128 
98000 	 0.1353944 
98500 	 0.170146 
99000 	 0.115281 
99500 	 0.206393 
100000 	 0.126196 
100500 	 0.1591826 
101000 	 0.1167182 
101500 	 0.2176497 
102000 	 0.217788 
102500 	 0.1614705 
103000 	 0.1981103 
103500 	 0.204196 
104000 	 0.2495658 
104500 	 0.1572939 
105000 	 0.2342333 
105500 	 0.137144 
106000 	 0.1366697 
106500 	 0.1430566 
107000 	 0.0927548 
107500 	 0.1984576 
108000 	 0.1156133 
108500 	 0.1162032 
109000 	 0.1313244 
109500 	 0.1733902 
110000 	 0.1844873 
110500 	 0.1322912 
111000 	 0.1357315 
111500 	 0.1069592 
112000 	 0.1486371 
112500 	 0.1300749 
113000 	 0.1155635 
113500 	 0.1123416 
114000 	 0.1309438 
114500 	 0.2406407 
115000 	 0.1498932 
115500 	 0.1319436 
116000 	 0.1422309 
116500 	 0.2175553 
117000 	 0.1613779 
117500 	 0.2157597 
118000 	 0.1818395 
118500 	 0.2033621 
119000 	 0.1265129 
119500 	 0.1168392 
120000 	 0.1612078 
120500 	 0.1351125 
121000 	 0.1875718 
121500 	 0.1324809 
122000 	 0.1923982 
122500 	 0.1652231 
123000 	 0.2179955 
123500 	 0.2113882 
124000 	 0.1359399 
124500 	 0.1032557 
125000 	 0.1557506 
125500 	 0.1971257 
126000 	 0.1447567 
126500 	 0.106105 
127000 	 0.148632 
127500 	 0.2507095 
128000 	 0.1476081 
128500 	 0.1621559 
129000 	 0.08256778 
129500 	 0.118885 
130000 	 0.1913831 
130500 	 0.1781288 
131000 	 0.1711071 
131500 	 0.1198026 
132000 	 0.1231496 
132500 	 0.09197805 
133000 	 0.1092281 
133500 	 0.1811394 
134000 	 0.133075 
134500 	 0.1538461 
135000 	 0.1361417 
135500 	 0.1529793 
136000 	 0.1423073 
136500 	 0.1351024 
137000 	 0.1470285 
137500 	 0.1295815 
138000 	 0.1003824 
138500 	 0.1621524 
139000 	 0.1473608 
139500 	 0.1767425 
140000 	 0.1729741 
140500 	 0.1195561 
141000 	 0.1421587 
141500 	 0.1471026 
142000 	 0.2097911 
142500 	 0.1547134 
143000 	 0.1873171 
143500 	 0.140066 
144000 	 0.2474316 
144500 	 0.1881231 
145000 	 0.1505604 
145500 	 0.2204953 
146000 	 0.1667514 
146500 	 0.1296047 
147000 	 0.1678198 
147500 	 0.1467944 
148000 	 0.1706939 
148500 	 0.1554672 
149000 	 0.1208103 
149500 	 0.1023955 
150000 	 0.2214911 
150500 	 0.2305514 
151000 	 0.2047743 
151500 	 0.1569048 
152000 	 0.159635 
152500 	 0.1891261 
153000 	 0.1361175 
153500 	 0.1645415 
154000 	 0.1467981 
154500 	 0.1220895 
155000 	 0.1220104 
155500 	 0.1728361 
156000 	 0.1013333 
156500 	 0.1239183 
157000 	 0.1739619 
157500 	 0.1654416 
158000 	 0.1690404 
158500 	 0.2482406 
159000 	 0.1603278 
159500 	 0.1456742 
160000 	 0.1451088 
160500 	 0.197106 
161000 	 0.1402012 
161500 	 0.157021 
162000 	 0.1070005 
162500 	 0.09810374 
163000 	 0.1401174 
163500 	 0.1385624 
164000 	 0.09342215 
164500 	 0.09238596 
165000 	 0.1467458 
165500 	 0.146606 
166000 	 0.1554969 
166500 	 0.143102 
167000 	 0.2246652 
167500 	 0.2906215 
168000 	 0.1601639 
168500 	 0.1854005 
169000 	 0.1730134 
169500 	 0.1491756 
170000 	 0.1729643 
170500 	 0.1492786 
171000 	 0.1985545 
171500 	 0.2001108 
172000 	 0.1145668 
172500 	 0.1982275 
173000 	 0.1285468 
173500 	 0.1511694 
174000 	 0.1948639 
174500 	 0.1856392 
175000 	 0.1848343 
175500 	 0.1608374 
176000 	 0.1752303 
176500 	 0.1913358 
177000 	 0.1746519 
177500 	 0.1750759 
178000 	 0.175186 
178500 	 0.1135518 
179000 	 0.1432893 
179500 	 0.1913756 
180000 	 0.1153832 
180500 	 0.1829234 
181000 	 0.1844541 
181500 	 0.1404413 
182000 	 0.1928189 
182500 	 0.1448158 
183000 	 0.09565144 
183500 	 0.09090391 
184000 	 0.1602628 
184500 	 0.1143867 
185000 	 0.2116497 
185500 	 0.1156607 
186000 	 0.1705123 
186500 	 0.1458191 
187000 	 0.1236834 
187500 	 0.1081078 
188000 	 0.1762405 
188500 	 0.1327211 
189000 	 0.1176131 
189500 	 0.1920512 
190000 	 0.1275558 
190500 	 0.2270234 
191000 	 0.1268778 
191500 	 0.2642371 
192000 	 0.1206134 
192500 	 0.1537785 
193000 	 0.2320242 
193500 	 0.1659286 
194000 	 0.170629 
194500 	 0.1223052 
195000 	 0.1723437 
195500 	 0.1432108 
196000 	 0.1636883 
196500 	 0.1626811 
197000 	 0.1935627 
197500 	 0.07564065 
198000 	 0.1603186 
198500 	 0.1931236 
199000 	 0.2256414 
199500 	 0.1942628 
200000 	 0.1792841 
200500 	 0.1613454 
201000 	 0.208324 
201500 	 0.1254364 
202000 	 0.1795372 
202500 	 0.1903427 
203000 	 0.1719482 
203500 	 0.1355527 
204000 	 0.1746759 
204500 	 0.1817063 
205000 	 0.1749315 
205500 	 0.1103845 
206000 	 0.1162948 
206500 	 0.1282199 
207000 	 0.1599283 
207500 	 0.2899817 
208000 	 0.1577416 
208500 	 0.1725611 
209000 	 0.1798942 
209500 	 0.1133166 
210000 	 0.1534967 
210500 	 0.1522658 
211000 	 0.1112947 
211500 	 0.1673503 
212000 	 0.1665301 
212500 	 0.2272069 
213000 	 0.1262281 
213500 	 0.1308139 
214000 	 0.1735855 
214500 	 0.1536214 
215000 	 0.2282629 
215500 	 0.1111089 
216000 	 0.1005119 
216500 	 0.1732963 
217000 	 0.09002375 
217500 	 0.1388128 
218000 	 0.1131485 
218500 	 0.1335853 
219000 	 0.1780587 
219500 	 0.1250014 
220000 	 0.122991 
220500 	 0.1619669 
221000 	 0.2368908 
221500 	 0.1646526 
222000 	 0.09371124 
222500 	 0.1850128 
223000 	 0.1783306 
223500 	 0.1638308 
224000 	 0.09490903 
224500 	 0.1653403 
225000 	 0.2348478 
225500 	 0.2078662 
226000 	 0.134312 
226500 	 0.1597417 
227000 	 0.1014367 
227500 	 0.1906502 
228000 	 0.1479177 
228500 	 0.1445563 
229000 	 0.1624018 
229500 	 0.1722783 
230000 	 0.160957 
230500 	 0.07831075 
231000 	 0.1329699 
231500 	 0.1520291 
232000 	 0.1791954 
232500 	 0.1804043 
233000 	 0.1158308 
233500 	 0.2031395 
234000 	 0.2016151 
234500 	 0.1908356 
235000 	 0.1252672 
235500 	 0.152289 
236000 	 0.1460473 
236500 	 0.09840971 
237000 	 0.1199248 
237500 	 0.1765116 
238000 	 0.1440339 
238500 	 0.1139433 
239000 	 0.2121064 
239500 	 0.2307064 
240000 	 0.1602744 
240500 	 0.150079 
241000 	 0.1027721 
241500 	 0.1990317 
242000 	 0.1409851 
242500 	 0.1670125 
243000 	 0.200073 
243500 	 0.1291842 
244000 	 0.1614096 
244500 	 0.1715981 
245000 	 0.1606413 
245500 	 0.1548441 
246000 	 0.185933 
246500 	 0.1914125 
247000 	 0.2300249 
247500 	 0.2042306 
248000 	 0.1605315 
248500 	 0.1814785 
249000 	 0.1223962 
249500 	 0.1088204 
250000 	 0.1364834 
250500 	 0.142728 
251000 	 0.1990716 
251500 	 0.1882034 
252000 	 0.1484877 
252500 	 0.1256363 
253000 	 0.1383572 
253500 	 0.1681041 
254000 	 0.1329555 
254500 	 0.1904071 
255000 	 0.1361091 
255500 	 0.124655 
256000 	 0.2048329 
256500 	 0.1881167 
257000 	 0.1275021 
257500 	 0.2050265 
258000 	 0.1600618 
258500 	 0.08802869 
259000 	 0.1218066 
259500 	 0.2206174 
260000 	 0.1768975 
260500 	 0.1577183 
261000 	 0.1482317 
261500 	 0.09139131 
262000 	 0.1485567 
262500 	 0.1018134 
263000 	 0.2242512 
263500 	 0.2182208 
264000 	 0.1505378 
264500 	 0.118588 
265000 	 0.1348516 
265500 	 0.1369791 
266000 	 0.1333409 
266500 	 0.1895611 
267000 	 0.1185785 
267500 	 0.1891525 
268000 	 0.1517935 
268500 	 0.1531796 
269000 	 0.1042365 
269500 	 0.1509061 
270000 	 0.1437227 
270500 	 0.1302182 
271000 	 0.09992942 
271500 	 0.09075295 
272000 	 0.1975069 
272500 	 0.1445928 
273000 	 0.1674721 
273500 	 0.09774841 
274000 	 0.1297947 
274500 	 0.1601981 
275000 	 0.1970443 
275500 	 0.1173509 
276000 	 0.1997871 
276500 	 0.1086263 
277000 	 0.1210007 
277500 	 0.1705107 
278000 	 0.2284002 
278500 	 0.2465499 
279000 	 0.1881974 
279500 	 0.1337891 
280000 	 0.2258266 
280500 	 0.1548257 
281000 	 0.1250173 
281500 	 0.1865388 
282000 	 0.1471525 
282500 	 0.168382 
283000 	 0.1514347 
283500 	 0.1407045 
284000 	 0.1794971 
284500 	 0.1409956 
285000 	 0.1941555 
285500 	 0.09254629 
286000 	 0.1939935 
286500 	 0.1296815 
287000 	 0.124394 
287500 	 0.1408436 
288000 	 0.1789267 
288500 	 0.2273858 
289000 	 0.0906488 
289500 	 0.122836 
290000 	 0.1633621 
290500 	 0.1815832 
291000 	 0.1633163 
291500 	 0.153298 
292000 	 0.1976753 
292500 	 0.1933165 
293000 	 0.1746076 
293500 	 0.1483924 
294000 	 0.1012005 
294500 	 0.2356849 
295000 	 0.1288214 
295500 	 0.1705308 
296000 	 0.134045 
296500 	 0.1166212 
297000 	 0.1933533 
297500 	 0.151629 
298000 	 0.1310542 
298500 	 0.205045 
299000 	 0.1992372 
299500 	 0.1794218 
300000 	 0.2012277 
300500 	 0.1373445 
301000 	 0.1253033 
301500 	 0.1697422 
302000 	 0.1654049 
302500 	 0.2076136 
303000 	 0.1589679 
303500 	 0.2075072 
304000 	 0.1342899 
304500 	 0.1091374 
305000 	 0.1903018 
305500 	 0.08131201 
306000 	 0.1934731 
306500 	 0.1126117 
307000 	 0.2106717 
307500 	 0.1605029 
308000 	 0.199077 
308500 	 0.1490495 
309000 	 0.08631751 
309500 	 0.1189191 
310000 	 0.1412591 
310500 	 0.2324056 
311000 	 0.1616527 
311500 	 0.1406534 
312000 	 0.1794961 
312500 	 0.1620351 
313000 	 0.1743938 
313500 	 0.1460847 
314000 	 0.2211943 
314500 	 0.1082861 
315000 	 0.169987 
315500 	 0.1409178 
316000 	 0.1657677 
316500 	 0.2185617 
317000 	 0.147901 
317500 	 0.1907874 
318000 	 0.1320031 
318500 	 0.1520516 
319000 	 0.1699163 
319500 	 0.1993531 
320000 	 0.1945002 
320500 	 0.1168432 
321000 	 0.1556038 
321500 	 0.2073121 
322000 	 0.196058 
322500 	 0.1334222 
323000 	 0.1630149 
323500 	 0.1619198 
324000 	 0.1224009 
324500 	 0.1485678 
325000 	 0.1262877 
325500 	 0.1951533 
326000 	 0.1469509 
326500 	 0.1697881 
327000 	 0.1626716 
327500 	 0.1084519 
328000 	 0.1582061 
328500 	 0.143347 
329000 	 0.2937913 
329500 	 0.1029241 
330000 	 0.1453541 
330500 	 0.1245629 
331000 	 0.1805944 
331500 	 0.184172 
332000 	 0.1401684 
332500 	 0.1766917 
333000 	 0.1644891 
333500 	 0.178367 
334000 	 0.123422 
334500 	 0.1344485 
335000 	 0.1086591 
335500 	 0.2085994 
336000 	 0.2597907 
336500 	 0.1222072 
337000 	 0.1486333 
337500 	 0.1720283 
338000 	 0.1141483 
338500 	 0.1371238 
339000 	 0.1535811 
339500 	 0.1241902 
340000 	 0.1163097 
340500 	 0.1046138 
341000 	 0.1951914 
341500 	 0.1877638 
342000 	 0.2545041 
342500 	 0.1597307 
343000 	 0.1680739 
343500 	 0.1691455 
344000 	 0.1182128 
344500 	 0.1536472 
345000 	 0.1985954 
345500 	 0.1546101 
346000 	 0.1787295 
346500 	 0.1298341 
347000 	 0.1243574 
347500 	 0.1940337 
348000 	 0.1225263 
348500 	 0.1862773 
349000 	 0.1439327 
349500 	 0.09287062 
350000 	 0.1273985 
350500 	 0.2015876 
351000 	 0.1362286 
351500 	 0.1170701 
352000 	 0.2052312 
352500 	 0.1380482 
353000 	 0.2169016 
353500 	 0.2159898 
354000 	 0.152452 
354500 	 0.1406054 
355000 	 0.1133165 
355500 	 0.145673 
356000 	 0.2058917 
356500 	 0.1375744 
357000 	 0.1988764 
357500 	 0.1529849 
358000 	 0.1509259 
358500 	 0.2189399 
359000 	 0.1596695 
359500 	 0.1806864 
360000 	 0.1951738 
360500 	 0.08357413 
361000 	 0.09723228 
361500 	 0.2142856 
362000 	 0.09859555 
362500 	 0.1503572 
363000 	 0.1059603 
363500 	 0.1460039 
364000 	 0.0791875 
364500 	 0.1736646 
365000 	 0.1661679 
365500 	 0.1297303 
366000 	 0.2064142 
366500 	 0.1212043 
367000 	 0.1758966 
367500 	 0.1474464 
368000 	 0.153236 
368500 	 0.09807992 
369000 	 0.1279033 
369500 	 0.08064532 
370000 	 0.1550597 
370500 	 0.07538508 
371000 	 0.202377 
371500 	 0.1214011 
372000 	 0.1196232 
372500 	 0.1141452 
373000 	 0.1911957 
373500 	 0.189649 
374000 	 0.1576889 
374500 	 0.211815 
375000 	 0.1616572 
375500 	 0.08949012 
376000 	 0.1070779 
376500 	 0.1275291 
377000 	 0.1369791 
377500 	 0.1967177 
378000 	 0.203955 
378500 	 0.121846 
379000 	 0.174621 
379500 	 0.1363172 
380000 	 0.2218483 
380500 	 0.1253909 
381000 	 0.2013819 
381500 	 0.1432242 
382000 	 0.1599227 
382500 	 0.1257457 
383000 	 0.1725278 
383500 	 0.181979 
384000 	 0.1446109 
384500 	 0.1877054 
385000 	 0.2303995 
385500 	 0.1932023 
386000 	 0.1185455 
386500 	 0.1275512 
387000 	 0.1637577 
387500 	 0.1203364 
388000 	 0.2082709 
388500 	 0.2776141 
389000 	 0.1683127 
389500 	 0.2283631 
390000 	 0.2480806 
390500 	 0.120288 
391000 	 0.124022 
391500 	 0.1660991 
392000 	 0.1413671 
392500 	 0.2508276 
393000 	 0.1339315 
393500 	 0.2062398 
394000 	 0.1994188 
394500 	 0.1146506 
395000 	 0.1278609 
395500 	 0.1549389 
396000 	 0.1572254 
396500 	 0.1802332 
397000 	 0.1758602 
397500 	 0.1051212 
398000 	 0.1289025 
398500 	 0.2263132 
399000 	 0.1132572 
399500 	 0.1768654 
400000 	 0.1997005 
400500 	 0.1353533 
401000 	 0.1324865 
401500 	 0.1626119 
402000 	 0.1519243 
402500 	 0.1580205 
403000 	 0.1007303 
403500 	 0.1979466 
404000 	 0.1582177 
404500 	 0.1270935 
405000 	 0.2206376 
405500 	 0.1727395 
406000 	 0.1659486 
406500 	 0.1749153 
407000 	 0.109147 
407500 	 0.194076 
408000 	 0.1572004 
408500 	 0.2081344 
409000 	 0.1497743 
409500 	 0.157091 
410000 	 0.1285247 
410500 	 0.1655245 
411000 	 0.1275525 
411500 	 0.1266357 
412000 	 0.158747 
412500 	 0.122114 
413000 	 0.1492167 
413500 	 0.1749575 
414000 	 0.204633 
414500 	 0.08952122 
415000 	 0.2128293 
415500 	 0.1141547 
416000 	 0.1368565 
416500 	 0.2142191 
417000 	 0.1614186 
417500 	 0.1453338 
418000 	 0.1379706 
418500 	 0.1664941 
419000 	 0.1315405 
419500 	 0.1530595 
420000 	 0.1202352 
420500 	 0.1481246 
421000 	 0.226945 
421500 	 0.2075435 
422000 	 0.1295755 
422500 	 0.1169145 
423000 	 0.1127132 
423500 	 0.1554465 
424000 	 0.1966104 
424500 	 0.08827656 
425000 	 0.1072452 
425500 	 0.1281748 
426000 	 0.2184439 
426500 	 0.1754906 
427000 	 0.1523762 
427500 	 0.1936066 
428000 	 0.143263 
428500 	 0.1401766 
429000 	 0.2309221 
429500 	 0.200405 
430000 	 0.178095 
430500 	 0.1557783 
431000 	 0.1404724 
431500 	 0.141256 
432000 	 0.1170896 
432500 	 0.1101469 
433000 	 0.1348042 
433500 	 0.08598798 
434000 	 0.1556709 
434500 	 0.1592927 
435000 	 0.163022 
435500 	 0.1388583 
436000 	 0.1276785 
436500 	 0.1506964 
437000 	 0.1992809 
437500 	 0.1040153 
438000 	 0.2479301 
438500 	 0.1876503 
439000 	 0.165733 
439500 	 0.2054645 
440000 	 0.1987255 
440500 	 0.166223 
441000 	 0.09614328 
441500 	 0.2035844 
442000 	 0.2401351 
442500 	 0.1726203 
443000 	 0.174493 
443500 	 0.166667 
444000 	 0.1525116 
444500 	 0.1687446 
445000 	 0.1778112 
445500 	 0.1133506 
446000 	 0.1585892 
446500 	 0.1784851 
447000 	 0.1366083 
447500 	 0.1704903 
448000 	 0.181784 
448500 	 0.1367265 
449000 	 0.202268 
449500 	 0.1764327 
450000 	 0.1807292 
450500 	 0.1599605 
451000 	 0.1530824 
451500 	 0.134322 
452000 	 0.2157748 
452500 	 0.2073835 
453000 	 0.2073399 
453500 	 0.1242025 
454000 	 0.1848492 
454500 	 0.2170234 
455000 	 0.1602435 
455500 	 0.1307525 
456000 	 0.1731839 
456500 	 0.1183488 
457000 	 0.1754998 
457500 	 0.09076946 
458000 	 0.1910273 
458500 	 0.1376354 
459000 	 0.1138485 
459500 	 0.1175897 
460000 	 0.1176261 
460500 	 0.1536857 
461000 	 0.1195363 
461500 	 0.2030408 
462000 	 0.1557936 
462500 	 0.1585101 
463000 	 0.1518825 
463500 	 0.1308286 
464000 	 0.1556605 
464500 	 0.09495451 
465000 	 0.1152496 
465500 	 0.1298001 
466000 	 0.1341537 
466500 	 0.1560319 
467000 	 0.1183775 
467500 	 0.203283 
468000 	 0.1071376 
468500 	 0.1658857 
469000 	 0.2064868 
469500 	 0.1453516 
470000 	 0.1482072 
470500 	 0.2663067 
471000 	 0.2399506 
471500 	 0.1858717 
472000 	 0.1370288 
472500 	 0.1107641 
473000 	 0.1915403 
473500 	 0.1554092 
474000 	 0.1481752 
474500 	 0.2527888 
475000 	 0.1639003 
475500 	 0.1246335 
476000 	 0.1279966 
476500 	 0.1766166 
477000 	 0.1619902 
477500 	 0.1623667 
478000 	 0.2066664 
478500 	 0.1525613 
479000 	 0.2006849 
479500 	 0.1777157 
480000 	 0.1472106 
480500 	 0.1701208 
481000 	 0.1860979 
481500 	 0.1782577 
482000 	 0.1503464 
482500 	 0.1576576 
483000 	 0.1582965 
483500 	 0.09797254 
484000 	 0.152192 
484500 	 0.1806731 
485000 	 0.1721681 
485500 	 0.1203571 
486000 	 0.1819234 
486500 	 0.1614602 
487000 	 0.1429628 
487500 	 0.1730101 
488000 	 0.1766559 
488500 	 0.1510996 
489000 	 0.2160151 
489500 	 0.1853966 
490000 	 0.1615212 
490500 	 0.1272274 
491000 	 0.2632631 
491500 	 0.1203034 
492000 	 0.1047069 
492500 	 0.2078212 
493000 	 0.1606019 
493500 	 0.1541418 
494000 	 0.1785894 
494500 	 0.1605393 
495000 	 0.1871079 
495500 	 0.1755767 
496000 	 0.1725277 
496500 	 0.1286786 
497000 	 0.1481649 
497500 	 0.1201914 
498000 	 0.157303 
498500 	 0.1387929 
499000 	 0.1597027 
499500 	 0.1507938 
500000 	 0.1309449 
