iter 	 p
500 	 0.5332729 
1000 	 0.6364683 
1500 	 0.5654527 
2000 	 0.5159846 
2500 	 0.5838374 
3000 	 0.617945 
3500 	 0.6138787 
4000 	 0.4238052 
4500 	 0.6410782 
5000 	 0.4599896 
5500 	 0.5819485 
6000 	 0.5245161 
6500 	 0.5779298 
7000 	 0.4724156 
7500 	 0.607608 
8000 	 0.6075252 
8500 	 0.5604339 
9000 	 0.5505092 
9500 	 0.5804451 
10000 	 0.5849325 
10500 	 0.5537788 
11000 	 0.5150372 
11500 	 0.5994456 
12000 	 0.6098136 
12500 	 0.6100419 
13000 	 0.5875313 
13500 	 0.5144209 
14000 	 0.5319848 
14500 	 0.6308408 
15000 	 0.6255666 
15500 	 0.5148808 
16000 	 0.5737855 
16500 	 0.5689688 
17000 	 0.5708027 
17500 	 0.5075848 
18000 	 0.5065664 
18500 	 0.5287235 
19000 	 0.4704712 
19500 	 0.5399445 
20000 	 0.5572219 
20500 	 0.5453244 
21000 	 0.5807446 
21500 	 0.5476766 
22000 	 0.6384389 
22500 	 0.5892899 
23000 	 0.5116412 
23500 	 0.5550897 
24000 	 0.6050847 
24500 	 0.5610589 
25000 	 0.4577966 
25500 	 0.6104958 
26000 	 0.6037518 
26500 	 0.5209906 
27000 	 0.563958 
27500 	 0.5554865 
28000 	 0.5310171 
28500 	 0.6083247 
29000 	 0.4954231 
29500 	 0.5527214 
30000 	 0.5725167 
30500 	 0.6268328 
31000 	 0.5102297 
31500 	 0.588137 
32000 	 0.5867689 
32500 	 0.5817381 
33000 	 0.6266982 
33500 	 0.5511027 
34000 	 0.5194138 
34500 	 0.5438733 
35000 	 0.5938103 
35500 	 0.5463359 
36000 	 0.6479698 
36500 	 0.5553305 
37000 	 0.548825 
37500 	 0.5485359 
38000 	 0.5353081 
38500 	 0.549014 
39000 	 0.5375936 
39500 	 0.6816887 
40000 	 0.5124271 
40500 	 0.5511384 
41000 	 0.4235212 
41500 	 0.5140721 
42000 	 0.5560404 
42500 	 0.5620267 
43000 	 0.58075 
43500 	 0.5167536 
44000 	 0.625532 
44500 	 0.4924523 
45000 	 0.6096016 
45500 	 0.6000664 
46000 	 0.5810883 
46500 	 0.5342265 
47000 	 0.6521308 
47500 	 0.5178159 
48000 	 0.555475 
48500 	 0.4674509 
49000 	 0.5416448 
49500 	 0.5942293 
50000 	 0.5427989 
50500 	 0.5560028 
51000 	 0.5503389 
51500 	 0.663752 
52000 	 0.5928672 
52500 	 0.6075734 
53000 	 0.5979292 
53500 	 0.4935651 
54000 	 0.5789555 
54500 	 0.5228874 
55000 	 0.50803 
55500 	 0.4663535 
56000 	 0.5419782 
56500 	 0.513991 
57000 	 0.5263425 
57500 	 0.4502733 
58000 	 0.4996063 
58500 	 0.634509 
59000 	 0.5699732 
59500 	 0.5478925 
60000 	 0.5716388 
60500 	 0.548016 
61000 	 0.4605679 
61500 	 0.5684306 
62000 	 0.5417424 
62500 	 0.57345 
63000 	 0.5392182 
63500 	 0.5270086 
64000 	 0.6688325 
64500 	 0.6501185 
65000 	 0.5798625 
65500 	 0.6598761 
66000 	 0.6455939 
66500 	 0.4917915 
67000 	 0.5834212 
67500 	 0.559183 
68000 	 0.6505996 
68500 	 0.4782935 
69000 	 0.622052 
69500 	 0.5580852 
70000 	 0.4947218 
70500 	 0.4971483 
71000 	 0.551433 
71500 	 0.5276838 
72000 	 0.6125237 
72500 	 0.5080974 
73000 	 0.6950105 
73500 	 0.6316477 
74000 	 0.5050167 
74500 	 0.486447 
75000 	 0.5229982 
75500 	 0.584719 
76000 	 0.468717 
76500 	 0.5267402 
77000 	 0.5009575 
77500 	 0.4820046 
78000 	 0.6213151 
78500 	 0.5139261 
79000 	 0.578722 
79500 	 0.5489358 
80000 	 0.5343174 
80500 	 0.5453668 
81000 	 0.5351464 
81500 	 0.543526 
82000 	 0.4542416 
82500 	 0.5721337 
83000 	 0.6319111 
83500 	 0.5430969 
84000 	 0.5189299 
84500 	 0.6198701 
85000 	 0.6129651 
85500 	 0.5451872 
86000 	 0.5797546 
86500 	 0.4918375 
87000 	 0.5651955 
87500 	 0.5793525 
88000 	 0.6915423 
88500 	 0.5140332 
89000 	 0.5767945 
89500 	 0.5569658 
90000 	 0.5343445 
90500 	 0.4680232 
91000 	 0.516362 
91500 	 0.6128118 
92000 	 0.5793115 
92500 	 0.5195643 
93000 	 0.5586386 
93500 	 0.6099119 
94000 	 0.5824935 
94500 	 0.5041238 
95000 	 0.5690975 
95500 	 0.5471741 
96000 	 0.5840205 
96500 	 0.6535082 
97000 	 0.535872 
97500 	 0.5103793 
98000 	 0.5727809 
98500 	 0.5750341 
99000 	 0.5374411 
99500 	 0.5406792 
100000 	 0.4803645 
100500 	 0.5895595 
101000 	 0.5035054 
101500 	 0.594226 
102000 	 0.6766922 
102500 	 0.5126946 
103000 	 0.6164553 
103500 	 0.5051209 
104000 	 0.6106219 
104500 	 0.5398423 
105000 	 0.6839531 
105500 	 0.5882457 
106000 	 0.5876181 
106500 	 0.5605876 
107000 	 0.5394995 
107500 	 0.5796191 
108000 	 0.5900411 
108500 	 0.6208254 
109000 	 0.4729033 
109500 	 0.5636709 
110000 	 0.5994472 
110500 	 0.6095463 
111000 	 0.6168986 
111500 	 0.442016 
112000 	 0.6159986 
112500 	 0.5369057 
113000 	 0.4705196 
113500 	 0.5548182 
114000 	 0.6051107 
114500 	 0.5866457 
115000 	 0.6795589 
115500 	 0.6589804 
116000 	 0.4883348 
116500 	 0.5389248 
117000 	 0.5900238 
117500 	 0.5315229 
118000 	 0.6313093 
118500 	 0.6514482 
119000 	 0.6543371 
119500 	 0.6447608 
120000 	 0.625505 
120500 	 0.5180865 
121000 	 0.5809481 
121500 	 0.5425562 
122000 	 0.5263666 
122500 	 0.667267 
123000 	 0.6102308 
123500 	 0.50757 
124000 	 0.6442491 
124500 	 0.5529073 
125000 	 0.5704085 
125500 	 0.6217822 
126000 	 0.5634623 
126500 	 0.5915418 
127000 	 0.603868 
127500 	 0.5318065 
128000 	 0.5315752 
128500 	 0.5970969 
129000 	 0.5494246 
129500 	 0.6472919 
130000 	 0.6457862 
130500 	 0.5465342 
131000 	 0.5572869 
131500 	 0.5541032 
132000 	 0.4389243 
132500 	 0.5291038 
133000 	 0.6752209 
133500 	 0.5237881 
134000 	 0.5982605 
134500 	 0.5517667 
135000 	 0.6037117 
135500 	 0.5383257 
136000 	 0.5550495 
136500 	 0.5886299 
137000 	 0.6335754 
137500 	 0.5698799 
138000 	 0.5396849 
138500 	 0.5466409 
139000 	 0.5629148 
139500 	 0.5168608 
140000 	 0.5537144 
140500 	 0.5023732 
141000 	 0.5475887 
141500 	 0.5951 
142000 	 0.550605 
142500 	 0.5945367 
143000 	 0.5220271 
143500 	 0.6633459 
144000 	 0.6170518 
144500 	 0.5897892 
145000 	 0.5343665 
145500 	 0.6221751 
146000 	 0.4886754 
146500 	 0.603244 
147000 	 0.6713031 
147500 	 0.547172 
148000 	 0.593904 
148500 	 0.6512427 
149000 	 0.5699109 
149500 	 0.5311774 
150000 	 0.4642574 
150500 	 0.6254909 
151000 	 0.6130905 
151500 	 0.5665363 
152000 	 0.5836378 
152500 	 0.5386555 
153000 	 0.6001849 
153500 	 0.5168897 
154000 	 0.5147185 
154500 	 0.5743707 
155000 	 0.5511865 
155500 	 0.6433782 
156000 	 0.5278449 
156500 	 0.6361152 
157000 	 0.572869 
157500 	 0.5008065 
158000 	 0.5548362 
158500 	 0.6039358 
159000 	 0.5737746 
159500 	 0.5249198 
160000 	 0.6186751 
160500 	 0.5950284 
161000 	 0.4827271 
161500 	 0.5707238 
162000 	 0.4880048 
162500 	 0.6575397 
163000 	 0.6309697 
163500 	 0.5376353 
164000 	 0.6143891 
164500 	 0.5047013 
165000 	 0.5503035 
165500 	 0.509361 
166000 	 0.6140447 
166500 	 0.6151353 
167000 	 0.5634461 
167500 	 0.5715875 
168000 	 0.5024593 
168500 	 0.5978669 
169000 	 0.5566768 
169500 	 0.5567076 
170000 	 0.637532 
170500 	 0.6483223 
171000 	 0.6359786 
171500 	 0.6082631 
172000 	 0.5198029 
172500 	 0.616506 
173000 	 0.5743849 
173500 	 0.5304372 
174000 	 0.4970399 
174500 	 0.6140403 
175000 	 0.5744471 
175500 	 0.5901726 
176000 	 0.6467317 
176500 	 0.6178195 
177000 	 0.6401496 
177500 	 0.6069049 
178000 	 0.5873037 
178500 	 0.6244285 
179000 	 0.5679268 
179500 	 0.6003647 
180000 	 0.4580255 
180500 	 0.6027009 
181000 	 0.5489144 
181500 	 0.6095878 
182000 	 0.4381443 
182500 	 0.4686322 
183000 	 0.6720665 
183500 	 0.5865995 
184000 	 0.6039602 
184500 	 0.5648662 
185000 	 0.5691104 
185500 	 0.6744773 
186000 	 0.5464971 
186500 	 0.4128616 
187000 	 0.6170372 
187500 	 0.6192634 
188000 	 0.6166451 
188500 	 0.6692678 
189000 	 0.5632192 
189500 	 0.6144338 
190000 	 0.5764628 
190500 	 0.5568672 
191000 	 0.5100464 
191500 	 0.6001047 
192000 	 0.5795444 
192500 	 0.5689367 
193000 	 0.5168556 
193500 	 0.6199696 
194000 	 0.552519 
194500 	 0.5184052 
195000 	 0.5455506 
195500 	 0.5991967 
196000 	 0.5806374 
196500 	 0.4742119 
197000 	 0.4662707 
197500 	 0.5271134 
198000 	 0.6322981 
198500 	 0.5740216 
199000 	 0.5453856 
199500 	 0.4903634 
200000 	 0.5102972 
200500 	 0.4735544 
201000 	 0.5524235 
201500 	 0.5452509 
202000 	 0.5358023 
202500 	 0.5884496 
203000 	 0.57835 
203500 	 0.5178972 
204000 	 0.5919424 
204500 	 0.5832285 
205000 	 0.5798058 
205500 	 0.4974785 
206000 	 0.5545491 
206500 	 0.4894629 
207000 	 0.6619013 
207500 	 0.5204268 
208000 	 0.6305443 
208500 	 0.6763298 
209000 	 0.5901472 
209500 	 0.559031 
210000 	 0.5918225 
210500 	 0.5877492 
211000 	 0.5629531 
211500 	 0.5682671 
212000 	 0.5399049 
212500 	 0.5610812 
213000 	 0.5014969 
213500 	 0.4908378 
214000 	 0.5802058 
214500 	 0.5555479 
215000 	 0.5833288 
215500 	 0.5345382 
216000 	 0.6262614 
216500 	 0.6226694 
217000 	 0.5368166 
217500 	 0.5312118 
218000 	 0.5680003 
218500 	 0.4971976 
219000 	 0.5951958 
219500 	 0.5955874 
220000 	 0.628907 
220500 	 0.5692428 
221000 	 0.6286836 
221500 	 0.4785421 
222000 	 0.576744 
222500 	 0.4802879 
223000 	 0.6278614 
223500 	 0.4907326 
224000 	 0.5936589 
224500 	 0.6337042 
225000 	 0.4959378 
225500 	 0.5654569 
226000 	 0.6069024 
226500 	 0.5809596 
227000 	 0.5682082 
227500 	 0.5493874 
228000 	 0.5406941 
228500 	 0.5924218 
229000 	 0.5370677 
229500 	 0.5359884 
230000 	 0.532579 
230500 	 0.5433754 
231000 	 0.6390414 
231500 	 0.5841448 
232000 	 0.5070412 
232500 	 0.5026574 
233000 	 0.5770548 
233500 	 0.5940163 
234000 	 0.5894769 
234500 	 0.5167047 
235000 	 0.5781099 
235500 	 0.6518777 
236000 	 0.6266048 
236500 	 0.5688939 
237000 	 0.592013 
237500 	 0.5498905 
238000 	 0.6559832 
238500 	 0.6012998 
239000 	 0.5276992 
239500 	 0.5695854 
240000 	 0.5290412 
240500 	 0.5079222 
241000 	 0.5347875 
241500 	 0.5023193 
242000 	 0.6250502 
242500 	 0.5413806 
243000 	 0.5652504 
243500 	 0.5978153 
244000 	 0.5454261 
244500 	 0.4950736 
245000 	 0.6086647 
245500 	 0.4901356 
246000 	 0.5249873 
246500 	 0.5948866 
247000 	 0.640984 
247500 	 0.5140962 
248000 	 0.5692999 
248500 	 0.6197373 
249000 	 0.6573233 
249500 	 0.5353075 
250000 	 0.5113413 
250500 	 0.5091379 
251000 	 0.5338807 
251500 	 0.509725 
252000 	 0.6200047 
252500 	 0.5144847 
253000 	 0.5618092 
253500 	 0.6204633 
254000 	 0.5802184 
254500 	 0.6053406 
255000 	 0.5774034 
255500 	 0.5931836 
256000 	 0.5753467 
256500 	 0.5089953 
257000 	 0.4989265 
257500 	 0.6149456 
258000 	 0.6354311 
258500 	 0.4948303 
259000 	 0.4375708 
259500 	 0.5373356 
260000 	 0.6159948 
260500 	 0.665183 
261000 	 0.4588609 
261500 	 0.5305763 
262000 	 0.5559424 
262500 	 0.5577549 
263000 	 0.6365473 
263500 	 0.5765964 
264000 	 0.5816632 
264500 	 0.6227238 
265000 	 0.5591847 
265500 	 0.5759002 
266000 	 0.6438707 
266500 	 0.5182786 
267000 	 0.5498038 
267500 	 0.456844 
268000 	 0.5579572 
268500 	 0.5940179 
269000 	 0.5463226 
269500 	 0.6611435 
270000 	 0.5489658 
270500 	 0.5415269 
271000 	 0.4863821 
271500 	 0.5406342 
272000 	 0.5715784 
272500 	 0.5814719 
273000 	 0.58996 
273500 	 0.5111804 
274000 	 0.59829 
274500 	 0.4855473 
275000 	 0.6033972 
275500 	 0.6441069 
276000 	 0.6225508 
276500 	 0.5453174 
277000 	 0.5069963 
277500 	 0.5108703 
278000 	 0.6009021 
278500 	 0.5720732 
279000 	 0.5463356 
279500 	 0.5302484 
280000 	 0.5289693 
280500 	 0.5156075 
281000 	 0.4699915 
281500 	 0.4766482 
282000 	 0.5185869 
282500 	 0.6968288 
283000 	 0.5847175 
283500 	 0.5514108 
284000 	 0.5597365 
284500 	 0.659657 
285000 	 0.5160446 
285500 	 0.5365193 
286000 	 0.687474 
286500 	 0.5488563 
287000 	 0.571336 
287500 	 0.5067043 
288000 	 0.5685147 
288500 	 0.5731188 
289000 	 0.5992236 
289500 	 0.5754069 
290000 	 0.6192867 
290500 	 0.5924586 
291000 	 0.573916 
291500 	 0.6035235 
292000 	 0.4604782 
292500 	 0.5746398 
293000 	 0.5009044 
293500 	 0.5741175 
294000 	 0.6375628 
294500 	 0.4756516 
295000 	 0.5734697 
295500 	 0.5137318 
296000 	 0.5571599 
296500 	 0.508935 
297000 	 0.5247811 
297500 	 0.5831779 
298000 	 0.5038491 
298500 	 0.5974828 
299000 	 0.5661921 
299500 	 0.4614445 
300000 	 0.5393745 
300500 	 0.5251908 
301000 	 0.5696789 
301500 	 0.5427486 
302000 	 0.5252772 
302500 	 0.6706315 
303000 	 0.5742638 
303500 	 0.5652864 
304000 	 0.5826321 
304500 	 0.5549929 
305000 	 0.5335975 
305500 	 0.61794 
306000 	 0.5868306 
306500 	 0.59117 
307000 	 0.5993774 
307500 	 0.5724843 
308000 	 0.543075 
308500 	 0.5220562 
309000 	 0.5742533 
309500 	 0.5990604 
310000 	 0.5075369 
310500 	 0.5773273 
311000 	 0.5798277 
311500 	 0.4450548 
312000 	 0.5590936 
312500 	 0.5742171 
313000 	 0.5261414 
313500 	 0.5708209 
314000 	 0.5271908 
314500 	 0.6550266 
315000 	 0.5669447 
315500 	 0.5733507 
316000 	 0.5319972 
316500 	 0.6996744 
317000 	 0.5024692 
317500 	 0.4808629 
318000 	 0.449859 
318500 	 0.5650103 
319000 	 0.5025789 
319500 	 0.5692017 
320000 	 0.5224463 
320500 	 0.6130486 
321000 	 0.5435457 
321500 	 0.4816666 
322000 	 0.5508534 
322500 	 0.6154609 
323000 	 0.5834517 
323500 	 0.5398466 
324000 	 0.5909052 
324500 	 0.6143668 
325000 	 0.5958784 
325500 	 0.6201973 
326000 	 0.5067512 
326500 	 0.5313921 
327000 	 0.4818525 
327500 	 0.5093608 
328000 	 0.5545854 
328500 	 0.6437567 
329000 	 0.552227 
329500 	 0.5082259 
330000 	 0.5141532 
330500 	 0.5958822 
331000 	 0.5181051 
331500 	 0.665569 
332000 	 0.5592008 
332500 	 0.6398517 
333000 	 0.5562115 
333500 	 0.5559648 
334000 	 0.4771397 
334500 	 0.5835262 
335000 	 0.5798203 
335500 	 0.6439123 
336000 	 0.603477 
336500 	 0.5106608 
337000 	 0.535356 
337500 	 0.5491681 
338000 	 0.5822542 
338500 	 0.5190746 
339000 	 0.5436284 
339500 	 0.5236417 
340000 	 0.57835 
340500 	 0.5240699 
341000 	 0.5626938 
341500 	 0.6304491 
342000 	 0.5793898 
342500 	 0.5680833 
343000 	 0.5436972 
343500 	 0.6321557 
344000 	 0.5044458 
344500 	 0.567909 
345000 	 0.5883214 
345500 	 0.6667401 
346000 	 0.5262877 
346500 	 0.6471964 
347000 	 0.557153 
347500 	 0.6792234 
348000 	 0.5856458 
348500 	 0.5836291 
349000 	 0.5184301 
349500 	 0.6748275 
350000 	 0.5548041 
350500 	 0.6037902 
351000 	 0.5899985 
351500 	 0.5696296 
352000 	 0.6070292 
352500 	 0.5484111 
353000 	 0.5625527 
353500 	 0.5970452 
354000 	 0.6671166 
354500 	 0.5853405 
355000 	 0.5688389 
355500 	 0.5481166 
356000 	 0.5439312 
356500 	 0.5620064 
357000 	 0.546527 
357500 	 0.566439 
358000 	 0.6059401 
358500 	 0.5500634 
359000 	 0.5595172 
359500 	 0.5530017 
360000 	 0.6485318 
360500 	 0.5408828 
361000 	 0.6314603 
361500 	 0.5957905 
362000 	 0.5256943 
362500 	 0.5768687 
363000 	 0.5633111 
363500 	 0.6285006 
364000 	 0.5311144 
364500 	 0.6208664 
365000 	 0.5591456 
365500 	 0.511543 
366000 	 0.6162971 
366500 	 0.4793002 
367000 	 0.5426312 
367500 	 0.5560373 
368000 	 0.5420367 
368500 	 0.4950138 
369000 	 0.5796211 
369500 	 0.5842579 
370000 	 0.6622859 
370500 	 0.5420703 
371000 	 0.4751206 
371500 	 0.5456162 
372000 	 0.4436115 
372500 	 0.5122363 
373000 	 0.6018291 
373500 	 0.5385035 
374000 	 0.660305 
374500 	 0.5777032 
375000 	 0.4944402 
375500 	 0.594602 
376000 	 0.5876092 
376500 	 0.5281158 
377000 	 0.57638 
377500 	 0.6274114 
378000 	 0.6139659 
378500 	 0.5043525 
379000 	 0.5429518 
379500 	 0.5973976 
380000 	 0.5885154 
380500 	 0.5426536 
381000 	 0.5323592 
381500 	 0.6504069 
382000 	 0.647331 
382500 	 0.5373814 
383000 	 0.5766871 
383500 	 0.4508734 
384000 	 0.4948968 
384500 	 0.6594343 
385000 	 0.5551961 
385500 	 0.591472 
386000 	 0.5805419 
386500 	 0.5808811 
387000 	 0.5966921 
387500 	 0.5870302 
388000 	 0.5093294 
388500 	 0.5771735 
389000 	 0.4320291 
389500 	 0.557208 
390000 	 0.5914205 
390500 	 0.5847897 
391000 	 0.6029311 
391500 	 0.5313936 
392000 	 0.6002354 
392500 	 0.6650845 
393000 	 0.5221864 
393500 	 0.5098577 
394000 	 0.5644993 
394500 	 0.5644385 
395000 	 0.5638479 
395500 	 0.5646849 
396000 	 0.5606615 
396500 	 0.5108217 
397000 	 0.43069 
397500 	 0.5070813 
398000 	 0.5487996 
398500 	 0.5669574 
399000 	 0.5255733 
399500 	 0.6473162 
400000 	 0.5504182 
400500 	 0.5126055 
401000 	 0.5291137 
401500 	 0.5608313 
402000 	 0.5654329 
402500 	 0.6248982 
403000 	 0.5433154 
403500 	 0.5783642 
404000 	 0.575775 
404500 	 0.5721756 
405000 	 0.6417565 
405500 	 0.6096943 
406000 	 0.5872511 
406500 	 0.5547491 
407000 	 0.5938608 
407500 	 0.5206248 
408000 	 0.53104 
408500 	 0.5030187 
409000 	 0.5694261 
409500 	 0.5373664 
410000 	 0.5523786 
410500 	 0.5314489 
411000 	 0.6088525 
411500 	 0.5187274 
412000 	 0.6378751 
412500 	 0.5605996 
413000 	 0.5142214 
413500 	 0.621265 
414000 	 0.4777254 
414500 	 0.4938573 
415000 	 0.5391692 
415500 	 0.574715 
416000 	 0.5460309 
416500 	 0.6285329 
417000 	 0.6783366 
417500 	 0.6454276 
418000 	 0.5580605 
418500 	 0.5653246 
419000 	 0.5591764 
419500 	 0.6349065 
420000 	 0.6261019 
420500 	 0.5386861 
421000 	 0.5615073 
421500 	 0.5177897 
422000 	 0.5549144 
422500 	 0.6404168 
423000 	 0.5314877 
423500 	 0.5634759 
424000 	 0.4523628 
424500 	 0.5342711 
425000 	 0.6021398 
425500 	 0.5727239 
426000 	 0.635841 
426500 	 0.5686856 
427000 	 0.6093041 
427500 	 0.4657016 
428000 	 0.5716496 
428500 	 0.5356298 
429000 	 0.5055547 
429500 	 0.6106801 
430000 	 0.5793485 
430500 	 0.5444715 
431000 	 0.4269106 
431500 	 0.5559676 
432000 	 0.5587401 
432500 	 0.5787935 
433000 	 0.5364131 
433500 	 0.5220318 
434000 	 0.4598068 
434500 	 0.5591163 
435000 	 0.5754195 
435500 	 0.58359 
436000 	 0.5372632 
436500 	 0.5477136 
437000 	 0.5334022 
437500 	 0.5621472 
438000 	 0.57753 
438500 	 0.5677387 
439000 	 0.6066784 
439500 	 0.5726256 
440000 	 0.5688466 
440500 	 0.6173715 
441000 	 0.602176 
441500 	 0.5458029 
442000 	 0.6336207 
442500 	 0.6062251 
443000 	 0.538933 
443500 	 0.6087707 
444000 	 0.5776877 
444500 	 0.5143089 
445000 	 0.554838 
445500 	 0.4918352 
446000 	 0.5853445 
446500 	 0.6204811 
447000 	 0.5229267 
447500 	 0.5615884 
448000 	 0.495401 
448500 	 0.5952383 
449000 	 0.5756088 
449500 	 0.5885255 
450000 	 0.5276052 
450500 	 0.5671943 
451000 	 0.6383849 
451500 	 0.4821906 
452000 	 0.4829999 
452500 	 0.5730829 
453000 	 0.5476073 
453500 	 0.5664116 
454000 	 0.5401066 
454500 	 0.484253 
455000 	 0.6464696 
455500 	 0.4328864 
456000 	 0.5459661 
456500 	 0.561796 
457000 	 0.5604612 
457500 	 0.5318515 
458000 	 0.5592778 
458500 	 0.6485401 
459000 	 0.6484967 
459500 	 0.5375568 
460000 	 0.5345321 
460500 	 0.6239687 
461000 	 0.4977785 
461500 	 0.6409933 
462000 	 0.5273682 
462500 	 0.5660717 
463000 	 0.5629781 
463500 	 0.4861889 
464000 	 0.557193 
464500 	 0.6354203 
465000 	 0.5258408 
465500 	 0.4725321 
466000 	 0.5497408 
466500 	 0.5741219 
467000 	 0.5698757 
467500 	 0.5621837 
468000 	 0.6252171 
468500 	 0.4955911 
469000 	 0.5725408 
469500 	 0.645673 
470000 	 0.4978475 
470500 	 0.556296 
471000 	 0.5694922 
471500 	 0.5518526 
472000 	 0.5233263 
472500 	 0.5211182 
473000 	 0.5236373 
473500 	 0.4899373 
474000 	 0.5842415 
474500 	 0.6027286 
475000 	 0.566272 
475500 	 0.5342428 
476000 	 0.576258 
476500 	 0.6169659 
477000 	 0.6108227 
477500 	 0.5858452 
478000 	 0.4565382 
478500 	 0.5537771 
479000 	 0.525412 
479500 	 0.4958289 
480000 	 0.6235728 
480500 	 0.5338322 
481000 	 0.5502958 
481500 	 0.5419313 
482000 	 0.6115731 
482500 	 0.5758102 
483000 	 0.5060078 
483500 	 0.5541085 
484000 	 0.6062757 
484500 	 0.5654732 
485000 	 0.4897283 
485500 	 0.5302624 
486000 	 0.6236785 
486500 	 0.6092965 
487000 	 0.5364589 
487500 	 0.5278369 
488000 	 0.6356206 
488500 	 0.5185957 
489000 	 0.4343648 
489500 	 0.604342 
490000 	 0.624369 
490500 	 0.5270475 
491000 	 0.5340851 
491500 	 0.6033491 
492000 	 0.5821353 
492500 	 0.5608784 
493000 	 0.5149176 
493500 	 0.5507441 
494000 	 0.5194618 
494500 	 0.4691496 
495000 	 0.5294898 
495500 	 0.5275212 
496000 	 0.564481 
496500 	 0.5578159 
497000 	 0.5817609 
497500 	 0.6421124 
498000 	 0.6242731 
498500 	 0.5211261 
499000 	 0.4650211 
499500 	 0.5565736 
500000 	 0.5311915 
