iter 	 p
500 	 0.6432638 
1000 	 0.673755 
1500 	 0.6768516 
2000 	 0.7060978 
2500 	 0.6237238 
3000 	 0.6560361 
3500 	 0.6725623 
4000 	 0.6478034 
4500 	 0.6496924 
5000 	 0.6827575 
5500 	 0.6478388 
6000 	 0.6802287 
6500 	 0.6805931 
7000 	 0.6587677 
7500 	 0.6620667 
8000 	 0.7391191 
8500 	 0.5788974 
9000 	 0.6905917 
9500 	 0.6915455 
10000 	 0.688633 
10500 	 0.6886068 
11000 	 0.7592178 
11500 	 0.7165405 
12000 	 0.6739554 
12500 	 0.6015693 
13000 	 0.7133525 
13500 	 0.6799979 
14000 	 0.6732006 
14500 	 0.6516161 
15000 	 0.6712903 
15500 	 0.6434412 
16000 	 0.6026608 
16500 	 0.6427349 
17000 	 0.6362131 
17500 	 0.622206 
18000 	 0.5946754 
18500 	 0.658992 
19000 	 0.6006369 
19500 	 0.6900461 
20000 	 0.6537006 
20500 	 0.7190367 
21000 	 0.739498 
21500 	 0.654483 
22000 	 0.6939749 
22500 	 0.624906 
23000 	 0.6012236 
23500 	 0.6372699 
24000 	 0.666516 
24500 	 0.7682442 
25000 	 0.6862453 
25500 	 0.6847608 
26000 	 0.6967641 
26500 	 0.6948419 
27000 	 0.6532142 
27500 	 0.5646922 
28000 	 0.6813137 
28500 	 0.6707551 
29000 	 0.7263142 
29500 	 0.6893214 
30000 	 0.5446332 
30500 	 0.6430925 
31000 	 0.5692939 
31500 	 0.571873 
32000 	 0.6393181 
32500 	 0.5381989 
33000 	 0.6724418 
33500 	 0.643718 
34000 	 0.6223227 
34500 	 0.6822456 
35000 	 0.5991184 
35500 	 0.7086065 
36000 	 0.5825972 
36500 	 0.7162668 
37000 	 0.6255689 
37500 	 0.7028439 
38000 	 0.7069303 
38500 	 0.7286134 
39000 	 0.6059895 
39500 	 0.6314102 
40000 	 0.7359956 
40500 	 0.7412778 
41000 	 0.6377045 
41500 	 0.6841086 
42000 	 0.6454655 
42500 	 0.5745225 
43000 	 0.7438646 
43500 	 0.7622976 
44000 	 0.6637844 
44500 	 0.6026435 
45000 	 0.6316972 
45500 	 0.6388589 
46000 	 0.7149218 
46500 	 0.5767333 
47000 	 0.6518776 
47500 	 0.6444179 
48000 	 0.6796071 
48500 	 0.6607145 
49000 	 0.6490025 
49500 	 0.7695974 
50000 	 0.5129579 
50500 	 0.7424004 
51000 	 0.7303033 
51500 	 0.6913285 
52000 	 0.7057803 
52500 	 0.6912081 
53000 	 0.6644798 
53500 	 0.6523189 
54000 	 0.7288273 
54500 	 0.6074914 
55000 	 0.7055449 
55500 	 0.6102628 
56000 	 0.6211868 
56500 	 0.7197684 
57000 	 0.7323163 
57500 	 0.6768585 
58000 	 0.6939833 
58500 	 0.6377748 
59000 	 0.6077424 
59500 	 0.7264515 
60000 	 0.6940338 
60500 	 0.7128294 
61000 	 0.6607602 
61500 	 0.698729 
62000 	 0.7002153 
62500 	 0.627363 
63000 	 0.6529688 
63500 	 0.6276629 
64000 	 0.6881646 
64500 	 0.6881863 
65000 	 0.7191564 
65500 	 0.6487963 
66000 	 0.6212236 
66500 	 0.6951843 
67000 	 0.6663618 
67500 	 0.6960135 
68000 	 0.6962992 
68500 	 0.6794877 
69000 	 0.6781665 
69500 	 0.625092 
70000 	 0.6920349 
70500 	 0.7124585 
71000 	 0.6370887 
71500 	 0.6488483 
72000 	 0.7426291 
72500 	 0.685809 
73000 	 0.7013207 
73500 	 0.664423 
74000 	 0.6353969 
74500 	 0.677854 
75000 	 0.6291934 
75500 	 0.6825476 
76000 	 0.6878051 
76500 	 0.6349796 
77000 	 0.7796371 
77500 	 0.7251515 
78000 	 0.7066614 
78500 	 0.6811747 
79000 	 0.6088889 
79500 	 0.5918367 
80000 	 0.6785837 
80500 	 0.6436652 
81000 	 0.7002823 
81500 	 0.6510902 
82000 	 0.6065275 
82500 	 0.7092253 
83000 	 0.6470339 
83500 	 0.6781427 
84000 	 0.7210254 
84500 	 0.6348381 
85000 	 0.7743824 
85500 	 0.648012 
86000 	 0.6446876 
86500 	 0.726499 
87000 	 0.7192192 
87500 	 0.6024472 
88000 	 0.5900933 
88500 	 0.6689765 
89000 	 0.7215445 
89500 	 0.6539206 
90000 	 0.6320067 
90500 	 0.5256977 
91000 	 0.6273324 
91500 	 0.6683924 
92000 	 0.6598748 
92500 	 0.6520296 
93000 	 0.6416535 
93500 	 0.6493701 
94000 	 0.6465694 
94500 	 0.7031224 
95000 	 0.6427617 
95500 	 0.5945285 
96000 	 0.7002051 
96500 	 0.6304097 
97000 	 0.6732312 
97500 	 0.6852066 
98000 	 0.6262918 
98500 	 0.7214487 
99000 	 0.680823 
99500 	 0.7163416 
100000 	 0.6516188 
100500 	 0.6861727 
101000 	 0.6927986 
101500 	 0.6548244 
102000 	 0.6856108 
102500 	 0.7053357 
103000 	 0.7434253 
103500 	 0.7093562 
104000 	 0.6623783 
104500 	 0.6281013 
105000 	 0.7312616 
105500 	 0.6758063 
106000 	 0.6708962 
106500 	 0.6542415 
107000 	 0.684846 
107500 	 0.608521 
108000 	 0.6087247 
108500 	 0.6898303 
109000 	 0.6211013 
109500 	 0.7028422 
110000 	 0.6588518 
110500 	 0.6677653 
111000 	 0.6687647 
111500 	 0.7034655 
112000 	 0.7044791 
112500 	 0.6061076 
113000 	 0.6479852 
113500 	 0.6715425 
114000 	 0.7077834 
114500 	 0.7106784 
115000 	 0.7127965 
115500 	 0.707257 
116000 	 0.6639866 
116500 	 0.5953384 
117000 	 0.6774792 
117500 	 0.6313884 
118000 	 0.6745838 
118500 	 0.7280398 
119000 	 0.7646301 
119500 	 0.65148 
120000 	 0.670308 
120500 	 0.7077848 
121000 	 0.6905613 
121500 	 0.6677503 
122000 	 0.6496233 
122500 	 0.6241776 
123000 	 0.5941817 
123500 	 0.6955317 
124000 	 0.6203058 
124500 	 0.6648236 
125000 	 0.7357766 
125500 	 0.6942209 
126000 	 0.6376993 
126500 	 0.7473731 
127000 	 0.6723466 
127500 	 0.6425222 
128000 	 0.647965 
128500 	 0.6631369 
129000 	 0.6914887 
129500 	 0.6377767 
130000 	 0.6990992 
130500 	 0.6607305 
131000 	 0.6633339 
131500 	 0.63947 
132000 	 0.6572858 
132500 	 0.725182 
133000 	 0.7091802 
133500 	 0.6543586 
134000 	 0.7096997 
134500 	 0.6734078 
135000 	 0.584744 
135500 	 0.6675747 
136000 	 0.7067744 
136500 	 0.691462 
137000 	 0.6313032 
137500 	 0.6201524 
138000 	 0.5955721 
138500 	 0.6541651 
139000 	 0.6978622 
139500 	 0.5679157 
140000 	 0.7245176 
140500 	 0.6669183 
141000 	 0.6164852 
141500 	 0.772387 
142000 	 0.5485483 
142500 	 0.6842103 
143000 	 0.6470019 
143500 	 0.6070592 
144000 	 0.6755747 
144500 	 0.7358492 
145000 	 0.6706844 
145500 	 0.6323531 
146000 	 0.6925842 
146500 	 0.6360924 
147000 	 0.5896743 
147500 	 0.698201 
148000 	 0.6731225 
148500 	 0.6510882 
149000 	 0.6416047 
149500 	 0.742952 
150000 	 0.724302 
150500 	 0.7073543 
151000 	 0.6576552 
151500 	 0.6692699 
152000 	 0.6747298 
152500 	 0.5795147 
153000 	 0.6407282 
153500 	 0.7278982 
154000 	 0.7248129 
154500 	 0.6025412 
155000 	 0.6086822 
155500 	 0.6865384 
156000 	 0.6726642 
156500 	 0.6928582 
157000 	 0.6266224 
157500 	 0.6944656 
158000 	 0.6734408 
158500 	 0.591133 
159000 	 0.6965045 
159500 	 0.6570757 
160000 	 0.5676745 
160500 	 0.673078 
161000 	 0.6922382 
161500 	 0.7138852 
162000 	 0.6651712 
162500 	 0.6691875 
163000 	 0.6682874 
163500 	 0.5783485 
164000 	 0.6162081 
164500 	 0.6565751 
165000 	 0.6792366 
165500 	 0.6807496 
166000 	 0.5975953 
166500 	 0.6937165 
167000 	 0.7342309 
167500 	 0.6513282 
168000 	 0.6320036 
168500 	 0.6108755 
169000 	 0.744329 
169500 	 0.5765452 
170000 	 0.5916187 
170500 	 0.5996863 
171000 	 0.689972 
171500 	 0.6902638 
172000 	 0.5374719 
172500 	 0.6814398 
173000 	 0.7351321 
173500 	 0.6999517 
174000 	 0.6112717 
174500 	 0.6757919 
175000 	 0.6209454 
175500 	 0.6664623 
176000 	 0.5124725 
176500 	 0.6613426 
177000 	 0.6901891 
177500 	 0.6426669 
178000 	 0.6208161 
178500 	 0.6412713 
179000 	 0.686961 
179500 	 0.7312722 
180000 	 0.6694665 
180500 	 0.672861 
181000 	 0.6649838 
181500 	 0.7002555 
182000 	 0.5765501 
182500 	 0.6607558 
183000 	 0.6584259 
183500 	 0.6317531 
184000 	 0.609674 
184500 	 0.6013105 
185000 	 0.6441899 
185500 	 0.7089199 
186000 	 0.7017345 
186500 	 0.6856961 
187000 	 0.5918508 
187500 	 0.6459133 
188000 	 0.6510058 
188500 	 0.6840497 
189000 	 0.6180084 
189500 	 0.6475552 
190000 	 0.7000108 
190500 	 0.6771803 
191000 	 0.6208972 
191500 	 0.6748228 
192000 	 0.7104263 
192500 	 0.6625311 
193000 	 0.6609971 
193500 	 0.5726934 
194000 	 0.6844109 
194500 	 0.6200933 
195000 	 0.5818871 
195500 	 0.6424612 
196000 	 0.6824339 
196500 	 0.7044571 
197000 	 0.6826335 
197500 	 0.6432752 
198000 	 0.673821 
198500 	 0.6776377 
199000 	 0.6053558 
199500 	 0.6305987 
200000 	 0.6508723 
200500 	 0.7245152 
201000 	 0.6196711 
201500 	 0.6965279 
202000 	 0.7213841 
202500 	 0.6389262 
203000 	 0.7101816 
203500 	 0.5778278 
204000 	 0.7435744 
204500 	 0.6461209 
205000 	 0.5886283 
205500 	 0.6332386 
206000 	 0.5968648 
206500 	 0.6205029 
207000 	 0.7083849 
207500 	 0.7094465 
208000 	 0.6865822 
208500 	 0.6289418 
209000 	 0.6449439 
209500 	 0.683382 
210000 	 0.693268 
210500 	 0.6744142 
211000 	 0.6609719 
211500 	 0.6867327 
212000 	 0.6100122 
212500 	 0.6058578 
213000 	 0.6887265 
213500 	 0.6694082 
214000 	 0.7049616 
214500 	 0.7119977 
215000 	 0.5565843 
215500 	 0.641657 
216000 	 0.6164767 
216500 	 0.6952564 
217000 	 0.6556784 
217500 	 0.6790947 
218000 	 0.5913197 
218500 	 0.6952578 
219000 	 0.5888966 
219500 	 0.6932767 
220000 	 0.6379937 
220500 	 0.7080246 
221000 	 0.6304723 
221500 	 0.6642216 
222000 	 0.5151588 
222500 	 0.6957591 
223000 	 0.6077256 
223500 	 0.5525526 
224000 	 0.6392668 
224500 	 0.6287365 
225000 	 0.6355179 
225500 	 0.650928 
226000 	 0.6847639 
226500 	 0.7267449 
227000 	 0.6245017 
227500 	 0.6854482 
228000 	 0.6140495 
228500 	 0.6171676 
229000 	 0.6160941 
229500 	 0.6418856 
230000 	 0.706093 
230500 	 0.7427801 
231000 	 0.6393317 
231500 	 0.6966722 
232000 	 0.6675941 
232500 	 0.6656062 
233000 	 0.5850155 
233500 	 0.6270078 
234000 	 0.6962473 
234500 	 0.7057875 
235000 	 0.7291055 
235500 	 0.7234475 
236000 	 0.6607517 
236500 	 0.6150143 
237000 	 0.7367749 
237500 	 0.6575949 
238000 	 0.6879755 
238500 	 0.6861729 
239000 	 0.7567896 
239500 	 0.6138655 
240000 	 0.5802356 
240500 	 0.5647161 
241000 	 0.7229575 
241500 	 0.6562628 
242000 	 0.7072047 
242500 	 0.6030426 
243000 	 0.6462043 
243500 	 0.6325435 
244000 	 0.6723641 
244500 	 0.7139134 
245000 	 0.7143295 
245500 	 0.6416903 
246000 	 0.7110239 
246500 	 0.5762984 
247000 	 0.6941364 
247500 	 0.6730462 
248000 	 0.6168313 
248500 	 0.6397714 
249000 	 0.7945045 
249500 	 0.5903725 
250000 	 0.6094281 
250500 	 0.7445035 
251000 	 0.650616 
251500 	 0.7216393 
252000 	 0.6557617 
252500 	 0.6809493 
253000 	 0.6822139 
253500 	 0.7440897 
254000 	 0.645788 
254500 	 0.6545645 
255000 	 0.6589232 
255500 	 0.6726554 
256000 	 0.6422399 
256500 	 0.667342 
257000 	 0.6200792 
257500 	 0.7165612 
258000 	 0.6842891 
258500 	 0.7059819 
259000 	 0.5763493 
259500 	 0.6760874 
260000 	 0.7265968 
260500 	 0.6553061 
261000 	 0.76208 
261500 	 0.6902283 
262000 	 0.5769105 
262500 	 0.6409063 
263000 	 0.7147119 
263500 	 0.6873187 
264000 	 0.6279693 
264500 	 0.6780691 
265000 	 0.6073483 
265500 	 0.7702295 
266000 	 0.6738734 
266500 	 0.5347677 
267000 	 0.7203449 
267500 	 0.661733 
268000 	 0.6388385 
268500 	 0.6029654 
269000 	 0.581774 
269500 	 0.5810224 
270000 	 0.6089989 
270500 	 0.6625542 
271000 	 0.6767483 
271500 	 0.6451513 
272000 	 0.6917274 
272500 	 0.6184928 
273000 	 0.6315583 
273500 	 0.6884226 
274000 	 0.6812167 
274500 	 0.7317244 
275000 	 0.683708 
275500 	 0.7181782 
276000 	 0.693645 
276500 	 0.5979538 
277000 	 0.6881995 
277500 	 0.6954887 
278000 	 0.699157 
278500 	 0.6198175 
279000 	 0.7105184 
279500 	 0.7000157 
280000 	 0.6607155 
280500 	 0.7457426 
281000 	 0.7421976 
281500 	 0.6033355 
282000 	 0.6307478 
282500 	 0.7377855 
283000 	 0.585334 
283500 	 0.6030168 
284000 	 0.5553624 
284500 	 0.6961271 
285000 	 0.6734133 
285500 	 0.6097051 
286000 	 0.6763246 
286500 	 0.6803783 
287000 	 0.7328789 
287500 	 0.6637299 
288000 	 0.712569 
288500 	 0.7053844 
289000 	 0.6765871 
289500 	 0.6331203 
290000 	 0.5380643 
290500 	 0.7214973 
291000 	 0.6819788 
291500 	 0.7128147 
292000 	 0.6657994 
292500 	 0.7178334 
293000 	 0.7141474 
293500 	 0.6425017 
294000 	 0.5665117 
294500 	 0.5845385 
295000 	 0.6993322 
295500 	 0.6813506 
296000 	 0.6654863 
296500 	 0.606275 
297000 	 0.7128371 
297500 	 0.6186088 
298000 	 0.703964 
298500 	 0.7238514 
299000 	 0.6917186 
299500 	 0.7162713 
300000 	 0.7500232 
300500 	 0.643818 
301000 	 0.6220881 
301500 	 0.606775 
302000 	 0.6723623 
302500 	 0.725479 
303000 	 0.6118711 
303500 	 0.755564 
304000 	 0.6826652 
304500 	 0.5516734 
305000 	 0.7360226 
305500 	 0.7368178 
306000 	 0.6613315 
306500 	 0.6375173 
307000 	 0.6525649 
307500 	 0.6496365 
308000 	 0.681932 
308500 	 0.6456759 
309000 	 0.5400898 
309500 	 0.7705891 
310000 	 0.5934148 
310500 	 0.6865963 
311000 	 0.687373 
311500 	 0.6991769 
312000 	 0.726053 
312500 	 0.6941859 
313000 	 0.6660582 
313500 	 0.6873883 
314000 	 0.6411466 
314500 	 0.6796681 
315000 	 0.6471333 
315500 	 0.5908577 
316000 	 0.7293767 
316500 	 0.6923513 
317000 	 0.705595 
317500 	 0.7607758 
318000 	 0.6520806 
318500 	 0.6595096 
319000 	 0.7262194 
319500 	 0.6501665 
320000 	 0.7057245 
320500 	 0.6177351 
321000 	 0.7071763 
321500 	 0.6230178 
322000 	 0.697766 
322500 	 0.6395427 
323000 	 0.663161 
323500 	 0.7033492 
324000 	 0.6799674 
324500 	 0.7297677 
325000 	 0.6056968 
325500 	 0.7331127 
326000 	 0.6760345 
326500 	 0.6218827 
327000 	 0.7679032 
327500 	 0.6739687 
328000 	 0.6731114 
328500 	 0.6805553 
329000 	 0.7110374 
329500 	 0.644147 
330000 	 0.6006655 
330500 	 0.6943568 
331000 	 0.6441485 
331500 	 0.6933573 
332000 	 0.6414666 
332500 	 0.6851648 
333000 	 0.5696497 
333500 	 0.6012536 
334000 	 0.6910962 
334500 	 0.6138023 
335000 	 0.5959203 
335500 	 0.6895319 
336000 	 0.6650217 
336500 	 0.6835026 
337000 	 0.6756408 
337500 	 0.6686633 
338000 	 0.7209717 
338500 	 0.7356433 
339000 	 0.6184284 
339500 	 0.7220408 
340000 	 0.6093312 
340500 	 0.6960623 
341000 	 0.609265 
341500 	 0.695736 
342000 	 0.6831135 
342500 	 0.6347293 
343000 	 0.6807448 
343500 	 0.6161882 
344000 	 0.6954513 
344500 	 0.6948001 
345000 	 0.6609745 
345500 	 0.6465662 
346000 	 0.5924547 
346500 	 0.7312793 
347000 	 0.5606631 
347500 	 0.6043115 
348000 	 0.642809 
348500 	 0.6934002 
349000 	 0.6646952 
349500 	 0.6834847 
350000 	 0.6316768 
350500 	 0.6776098 
351000 	 0.7142646 
351500 	 0.634423 
352000 	 0.6391964 
352500 	 0.6756625 
353000 	 0.6189148 
353500 	 0.6118216 
354000 	 0.631346 
354500 	 0.6051187 
355000 	 0.6645745 
355500 	 0.7076686 
356000 	 0.7087331 
356500 	 0.7711589 
357000 	 0.6884303 
357500 	 0.6222464 
358000 	 0.5936729 
358500 	 0.5813247 
359000 	 0.6989333 
359500 	 0.7068676 
360000 	 0.6674896 
360500 	 0.611991 
361000 	 0.6356677 
361500 	 0.6435507 
362000 	 0.6176972 
362500 	 0.6838266 
363000 	 0.7027184 
363500 	 0.7052845 
364000 	 0.6890313 
364500 	 0.6383112 
365000 	 0.6474468 
365500 	 0.6788819 
366000 	 0.6533022 
366500 	 0.6008306 
367000 	 0.599135 
367500 	 0.7053277 
368000 	 0.6575585 
368500 	 0.677784 
369000 	 0.6474652 
369500 	 0.7412394 
370000 	 0.7136734 
370500 	 0.6249473 
371000 	 0.6634671 
371500 	 0.6483579 
372000 	 0.6609362 
372500 	 0.7225553 
373000 	 0.64324 
373500 	 0.6703084 
374000 	 0.6932566 
374500 	 0.7175397 
375000 	 0.6624817 
375500 	 0.7513527 
376000 	 0.6959021 
376500 	 0.7052723 
377000 	 0.6433084 
377500 	 0.6975207 
378000 	 0.7149106 
378500 	 0.6493495 
379000 	 0.6403286 
379500 	 0.5704742 
380000 	 0.6450528 
380500 	 0.679015 
381000 	 0.6275537 
381500 	 0.7286513 
382000 	 0.668436 
382500 	 0.6384765 
383000 	 0.738118 
383500 	 0.7004545 
384000 	 0.6771233 
384500 	 0.7081472 
385000 	 0.6877488 
385500 	 0.6843483 
386000 	 0.6890058 
386500 	 0.6996791 
387000 	 0.7115673 
387500 	 0.6929976 
388000 	 0.7428728 
388500 	 0.702818 
389000 	 0.6954261 
389500 	 0.6123473 
390000 	 0.6260657 
390500 	 0.7003968 
391000 	 0.6836014 
391500 	 0.6364407 
392000 	 0.7247512 
392500 	 0.7680579 
393000 	 0.6073632 
393500 	 0.6215182 
394000 	 0.6433605 
394500 	 0.622049 
395000 	 0.67576 
395500 	 0.6458218 
396000 	 0.6329221 
396500 	 0.7146931 
397000 	 0.7675674 
397500 	 0.6535809 
398000 	 0.6170197 
398500 	 0.5757461 
399000 	 0.7351267 
399500 	 0.6251769 
400000 	 0.667581 
400500 	 0.6369395 
401000 	 0.647111 
401500 	 0.5888261 
402000 	 0.6313803 
402500 	 0.6170409 
403000 	 0.6124228 
403500 	 0.754559 
404000 	 0.6933948 
404500 	 0.5953078 
405000 	 0.6992234 
405500 	 0.6617265 
406000 	 0.7151087 
406500 	 0.664188 
407000 	 0.6141817 
407500 	 0.6436281 
408000 	 0.6053123 
408500 	 0.7604607 
409000 	 0.6878329 
409500 	 0.6305145 
410000 	 0.6774599 
410500 	 0.5781674 
411000 	 0.6774939 
411500 	 0.6663652 
412000 	 0.6951153 
412500 	 0.7063913 
413000 	 0.6927907 
413500 	 0.6723575 
414000 	 0.7223562 
414500 	 0.6998172 
415000 	 0.6924063 
415500 	 0.6524926 
416000 	 0.7344735 
416500 	 0.6117987 
417000 	 0.6796231 
417500 	 0.6514365 
418000 	 0.6506791 
418500 	 0.6593605 
419000 	 0.6702385 
419500 	 0.60698 
420000 	 0.6264575 
420500 	 0.6342621 
421000 	 0.6927992 
421500 	 0.7618406 
422000 	 0.6341102 
422500 	 0.6843058 
423000 	 0.5838477 
423500 	 0.6961413 
424000 	 0.732326 
424500 	 0.6005312 
425000 	 0.7204307 
425500 	 0.7062245 
426000 	 0.666118 
426500 	 0.6514933 
427000 	 0.6164398 
427500 	 0.675628 
428000 	 0.6699918 
428500 	 0.7349318 
429000 	 0.6820515 
429500 	 0.7000611 
430000 	 0.7010399 
430500 	 0.6987753 
431000 	 0.7413627 
431500 	 0.745982 
432000 	 0.6098844 
432500 	 0.6544253 
433000 	 0.5913686 
433500 	 0.6881736 
434000 	 0.6395878 
434500 	 0.7427417 
435000 	 0.590826 
435500 	 0.6933223 
436000 	 0.7239719 
436500 	 0.6341405 
437000 	 0.6404673 
437500 	 0.6730173 
438000 	 0.6819102 
438500 	 0.652554 
439000 	 0.5970078 
439500 	 0.6742972 
440000 	 0.6879315 
440500 	 0.6848723 
441000 	 0.6624901 
441500 	 0.6622669 
442000 	 0.6747408 
442500 	 0.6358685 
443000 	 0.7137683 
443500 	 0.7462764 
444000 	 0.6725668 
444500 	 0.6767734 
445000 	 0.6873956 
445500 	 0.6494884 
446000 	 0.6331234 
446500 	 0.6818847 
447000 	 0.6140367 
447500 	 0.7087911 
448000 	 0.5792221 
448500 	 0.7014919 
449000 	 0.6647981 
449500 	 0.6484198 
450000 	 0.586968 
450500 	 0.6420845 
451000 	 0.708249 
451500 	 0.664337 
452000 	 0.776453 
452500 	 0.690005 
453000 	 0.6056208 
453500 	 0.6751934 
454000 	 0.6658228 
454500 	 0.6208162 
455000 	 0.6888102 
455500 	 0.6658191 
456000 	 0.6201296 
456500 	 0.6211469 
457000 	 0.5741477 
457500 	 0.6507817 
458000 	 0.6750339 
458500 	 0.6202494 
459000 	 0.6942558 
459500 	 0.6411533 
460000 	 0.6317298 
460500 	 0.6653261 
461000 	 0.7013866 
461500 	 0.6785218 
462000 	 0.6780075 
462500 	 0.6677278 
463000 	 0.6711064 
463500 	 0.6738727 
464000 	 0.6933969 
464500 	 0.5532927 
465000 	 0.697691 
465500 	 0.6013745 
466000 	 0.7185091 
466500 	 0.6853937 
467000 	 0.6224559 
467500 	 0.5841191 
468000 	 0.6405584 
468500 	 0.6646911 
469000 	 0.6556459 
469500 	 0.7597953 
470000 	 0.6693622 
470500 	 0.6753179 
471000 	 0.6478349 
471500 	 0.6852042 
472000 	 0.6737806 
472500 	 0.6569481 
473000 	 0.6111002 
473500 	 0.6966441 
474000 	 0.523838 
474500 	 0.7127738 
475000 	 0.6989871 
475500 	 0.7045995 
476000 	 0.6571906 
476500 	 0.6332091 
477000 	 0.6542912 
477500 	 0.6610303 
478000 	 0.6886743 
478500 	 0.5741414 
479000 	 0.5905707 
479500 	 0.6535684 
480000 	 0.7781537 
480500 	 0.5742862 
481000 	 0.6442468 
481500 	 0.6336509 
482000 	 0.7165639 
482500 	 0.6698558 
483000 	 0.6579431 
483500 	 0.7032317 
484000 	 0.6483862 
484500 	 0.6411481 
485000 	 0.5692747 
485500 	 0.7115964 
486000 	 0.695253 
486500 	 0.6934088 
487000 	 0.6351683 
487500 	 0.7383376 
488000 	 0.7114853 
488500 	 0.6558554 
489000 	 0.7363746 
489500 	 0.7273311 
490000 	 0.6594514 
490500 	 0.6617991 
491000 	 0.5965319 
491500 	 0.5486466 
492000 	 0.7098241 
492500 	 0.6766757 
493000 	 0.6867123 
493500 	 0.6320756 
494000 	 0.6412302 
494500 	 0.7430332 
495000 	 0.7534179 
495500 	 0.7468306 
496000 	 0.6261451 
496500 	 0.7350762 
497000 	 0.6720745 
497500 	 0.643059 
498000 	 0.6272922 
498500 	 0.6060479 
499000 	 0.6506035 
499500 	 0.5652324 
500000 	 0.693973 
