iter 	 p
500 	 0.6444871 
1000 	 0.7199983 
1500 	 0.5879532 
2000 	 0.6906165 
2500 	 0.7122987 
3000 	 0.6881972 
3500 	 0.6896685 
4000 	 0.6557617 
4500 	 0.6392379 
5000 	 0.7138734 
5500 	 0.7502989 
6000 	 0.7623564 
6500 	 0.6485849 
7000 	 0.5756219 
7500 	 0.677602 
8000 	 0.6663638 
8500 	 0.6639023 
9000 	 0.6880209 
9500 	 0.8039863 
10000 	 0.7823893 
10500 	 0.6717748 
11000 	 0.7387337 
11500 	 0.7283021 
12000 	 0.740842 
12500 	 0.7874419 
13000 	 0.6304526 
13500 	 0.6850499 
14000 	 0.6849219 
14500 	 0.6565604 
15000 	 0.6785243 
15500 	 0.6528041 
16000 	 0.7435719 
16500 	 0.6823492 
17000 	 0.6947516 
17500 	 0.712802 
18000 	 0.72476 
18500 	 0.647621 
19000 	 0.7148821 
19500 	 0.674795 
20000 	 0.7555211 
20500 	 0.6336173 
21000 	 0.7519696 
21500 	 0.6235581 
22000 	 0.6390533 
22500 	 0.6936117 
23000 	 0.6591171 
23500 	 0.7963758 
24000 	 0.6915184 
24500 	 0.7263039 
25000 	 0.716683 
25500 	 0.647181 
26000 	 0.61909 
26500 	 0.6673648 
27000 	 0.7022009 
27500 	 0.7189907 
28000 	 0.7151618 
28500 	 0.7328362 
29000 	 0.6874563 
29500 	 0.6571601 
30000 	 0.7290807 
30500 	 0.6726909 
31000 	 0.680582 
31500 	 0.7241346 
32000 	 0.7231593 
32500 	 0.6606369 
33000 	 0.7171162 
33500 	 0.7376733 
34000 	 0.7636287 
34500 	 0.6067856 
35000 	 0.6924153 
35500 	 0.8086698 
36000 	 0.6651174 
36500 	 0.6640078 
37000 	 0.705437 
37500 	 0.6631445 
38000 	 0.6852306 
38500 	 0.6683541 
39000 	 0.5944813 
39500 	 0.7299695 
40000 	 0.680805 
40500 	 0.7125609 
41000 	 0.7534321 
41500 	 0.7315006 
42000 	 0.7394765 
42500 	 0.6508985 
43000 	 0.7357117 
43500 	 0.7623433 
44000 	 0.6670246 
44500 	 0.7331657 
45000 	 0.6848807 
45500 	 0.7236186 
46000 	 0.6913072 
46500 	 0.7110193 
47000 	 0.7900511 
47500 	 0.7256284 
48000 	 0.727891 
48500 	 0.8303427 
49000 	 0.8179169 
49500 	 0.7292113 
50000 	 0.6353843 
50500 	 0.6268663 
51000 	 0.6928331 
51500 	 0.6616447 
52000 	 0.7667335 
52500 	 0.7110509 
53000 	 0.5706143 
53500 	 0.7097184 
54000 	 0.7150857 
54500 	 0.7024656 
55000 	 0.7257108 
55500 	 0.7782405 
56000 	 0.7310331 
56500 	 0.7899789 
57000 	 0.7072163 
57500 	 0.6355532 
58000 	 0.6289319 
58500 	 0.7567592 
59000 	 0.6793108 
59500 	 0.7449267 
60000 	 0.7208667 
60500 	 0.7350691 
61000 	 0.6859045 
61500 	 0.7190953 
62000 	 0.7381713 
62500 	 0.7022632 
63000 	 0.6980496 
63500 	 0.6009929 
64000 	 0.7799484 
64500 	 0.7311329 
65000 	 0.6770549 
65500 	 0.7611379 
66000 	 0.6239995 
66500 	 0.6534172 
67000 	 0.6408736 
67500 	 0.680683 
68000 	 0.751757 
68500 	 0.6739003 
69000 	 0.7598894 
69500 	 0.6040036 
70000 	 0.7764798 
70500 	 0.6653611 
71000 	 0.7237151 
71500 	 0.6836402 
72000 	 0.6622375 
72500 	 0.7770808 
73000 	 0.6668183 
73500 	 0.7168832 
74000 	 0.7310765 
74500 	 0.7578496 
75000 	 0.7033564 
75500 	 0.6981825 
76000 	 0.7043425 
76500 	 0.7177382 
77000 	 0.6865454 
77500 	 0.7183754 
78000 	 0.6846309 
78500 	 0.5606869 
79000 	 0.7133324 
79500 	 0.6801775 
80000 	 0.7423093 
80500 	 0.6583981 
81000 	 0.7602996 
81500 	 0.7412612 
82000 	 0.7706886 
82500 	 0.6315779 
83000 	 0.7311461 
83500 	 0.5682885 
84000 	 0.6802269 
84500 	 0.7551518 
85000 	 0.6537402 
85500 	 0.7314069 
86000 	 0.6289857 
86500 	 0.715992 
87000 	 0.6594514 
87500 	 0.7984301 
88000 	 0.7221973 
88500 	 0.6991771 
89000 	 0.6830394 
89500 	 0.781003 
90000 	 0.7597414 
90500 	 0.7262778 
91000 	 0.6399435 
91500 	 0.6904076 
92000 	 0.6880031 
92500 	 0.7725751 
93000 	 0.6079882 
93500 	 0.6590244 
94000 	 0.7051313 
94500 	 0.7257304 
95000 	 0.7013076 
95500 	 0.8448239 
96000 	 0.7438438 
96500 	 0.7313825 
97000 	 0.717853 
97500 	 0.7256121 
98000 	 0.613975 
98500 	 0.7416646 
99000 	 0.6986367 
99500 	 0.7621285 
100000 	 0.7636578 
100500 	 0.7234163 
101000 	 0.7176082 
101500 	 0.7212659 
102000 	 0.7997667 
102500 	 0.7416017 
103000 	 0.6581749 
103500 	 0.7541284 
104000 	 0.8045978 
104500 	 0.7274852 
105000 	 0.7636928 
105500 	 0.6654771 
106000 	 0.6906223 
106500 	 0.6966124 
107000 	 0.7724863 
107500 	 0.7714144 
108000 	 0.6907363 
108500 	 0.6124341 
109000 	 0.6873361 
109500 	 0.645245 
110000 	 0.6106417 
110500 	 0.6927464 
111000 	 0.8327108 
111500 	 0.6187875 
112000 	 0.7611964 
112500 	 0.742011 
113000 	 0.7424699 
113500 	 0.7046631 
114000 	 0.7574929 
114500 	 0.7650984 
115000 	 0.5817676 
115500 	 0.6971745 
116000 	 0.58879 
116500 	 0.7204411 
117000 	 0.6682582 
117500 	 0.6420641 
118000 	 0.6871138 
118500 	 0.6362366 
119000 	 0.7169708 
119500 	 0.6713921 
120000 	 0.757636 
120500 	 0.6448817 
121000 	 0.8064169 
121500 	 0.7841742 
122000 	 0.7574498 
122500 	 0.7831533 
123000 	 0.6874493 
123500 	 0.6639756 
124000 	 0.5646456 
124500 	 0.7352771 
125000 	 0.5969104 
125500 	 0.6982028 
126000 	 0.7080997 
126500 	 0.7474841 
127000 	 0.7187887 
127500 	 0.7321518 
128000 	 0.7123225 
128500 	 0.7720452 
129000 	 0.7392971 
129500 	 0.6536888 
130000 	 0.7736253 
130500 	 0.6331292 
131000 	 0.6019854 
131500 	 0.6554312 
132000 	 0.675873 
132500 	 0.8141959 
133000 	 0.661717 
133500 	 0.6259824 
134000 	 0.6047636 
134500 	 0.7278234 
135000 	 0.7027553 
135500 	 0.6747244 
136000 	 0.756101 
136500 	 0.6764159 
137000 	 0.7498803 
137500 	 0.7361209 
138000 	 0.7762711 
138500 	 0.6693469 
139000 	 0.6600658 
139500 	 0.7214238 
140000 	 0.7056455 
140500 	 0.7146828 
141000 	 0.7109926 
141500 	 0.6900337 
142000 	 0.6911504 
142500 	 0.6704692 
143000 	 0.6805888 
143500 	 0.7480865 
144000 	 0.6100642 
144500 	 0.699613 
145000 	 0.7285719 
145500 	 0.7435993 
146000 	 0.7227248 
146500 	 0.6962411 
147000 	 0.6640836 
147500 	 0.6814261 
148000 	 0.6696274 
148500 	 0.7549528 
149000 	 0.7594813 
149500 	 0.5726286 
150000 	 0.748154 
150500 	 0.6883205 
151000 	 0.7237159 
151500 	 0.7010336 
152000 	 0.6964107 
152500 	 0.6027105 
153000 	 0.6513947 
153500 	 0.6820723 
154000 	 0.7161449 
154500 	 0.6434111 
155000 	 0.6747156 
155500 	 0.688791 
156000 	 0.6582607 
156500 	 0.7288902 
157000 	 0.7503725 
157500 	 0.6183566 
158000 	 0.7338046 
158500 	 0.6169363 
159000 	 0.741915 
159500 	 0.6706167 
160000 	 0.7268564 
160500 	 0.7445151 
161000 	 0.6639078 
161500 	 0.7509731 
162000 	 0.7183953 
162500 	 0.7960222 
163000 	 0.6804737 
163500 	 0.6904303 
164000 	 0.7618633 
164500 	 0.7065708 
165000 	 0.7530116 
165500 	 0.6588889 
166000 	 0.7197627 
166500 	 0.6991689 
167000 	 0.7331561 
167500 	 0.7756963 
168000 	 0.7150767 
168500 	 0.6928335 
169000 	 0.5804471 
169500 	 0.7486739 
170000 	 0.6404119 
170500 	 0.6476235 
171000 	 0.7060792 
171500 	 0.6789679 
172000 	 0.7011423 
172500 	 0.6808863 
173000 	 0.6259483 
173500 	 0.7090669 
174000 	 0.6942724 
174500 	 0.6901531 
175000 	 0.6554561 
175500 	 0.7115268 
176000 	 0.6284109 
176500 	 0.7915882 
177000 	 0.7251682 
177500 	 0.698333 
178000 	 0.6772602 
178500 	 0.6289374 
179000 	 0.7007097 
179500 	 0.7482962 
180000 	 0.723167 
180500 	 0.7222376 
181000 	 0.6905164 
181500 	 0.6614727 
182000 	 0.5358781 
182500 	 0.6875607 
183000 	 0.7244757 
183500 	 0.6132941 
184000 	 0.7600638 
184500 	 0.7274174 
185000 	 0.6459182 
185500 	 0.7534892 
186000 	 0.7193441 
186500 	 0.653801 
187000 	 0.6056236 
187500 	 0.6951612 
188000 	 0.6640655 
188500 	 0.7026584 
189000 	 0.6920222 
189500 	 0.7136737 
190000 	 0.7514475 
190500 	 0.7437533 
191000 	 0.647364 
191500 	 0.7464675 
192000 	 0.6080733 
192500 	 0.7349837 
193000 	 0.6650402 
193500 	 0.6687737 
194000 	 0.6933633 
194500 	 0.6535251 
195000 	 0.6801151 
195500 	 0.7840423 
196000 	 0.6378385 
196500 	 0.6292585 
197000 	 0.6245134 
197500 	 0.7033306 
198000 	 0.6275877 
198500 	 0.6649361 
199000 	 0.6111041 
199500 	 0.7011595 
200000 	 0.6649122 
200500 	 0.6552093 
201000 	 0.7578905 
201500 	 0.6808339 
202000 	 0.6279668 
202500 	 0.8095554 
203000 	 0.6382068 
203500 	 0.737861 
204000 	 0.7234491 
204500 	 0.6736532 
205000 	 0.7045734 
205500 	 0.6770468 
206000 	 0.7619588 
206500 	 0.7224515 
207000 	 0.6545021 
207500 	 0.6707609 
208000 	 0.7009481 
208500 	 0.7470426 
209000 	 0.7317477 
209500 	 0.7526633 
210000 	 0.6894612 
210500 	 0.6315289 
211000 	 0.5768974 
211500 	 0.7226999 
212000 	 0.6308322 
212500 	 0.7626368 
213000 	 0.6865295 
213500 	 0.6843831 
214000 	 0.6547852 
214500 	 0.7309279 
215000 	 0.7125229 
215500 	 0.7061284 
216000 	 0.7290511 
216500 	 0.5658811 
217000 	 0.7001986 
217500 	 0.660721 
218000 	 0.708444 
218500 	 0.6378542 
219000 	 0.6256416 
219500 	 0.6515888 
220000 	 0.7412504 
220500 	 0.7339871 
221000 	 0.6645148 
221500 	 0.6733819 
222000 	 0.7227365 
222500 	 0.5888675 
223000 	 0.6467343 
223500 	 0.7137257 
224000 	 0.7135771 
224500 	 0.7141392 
225000 	 0.6810109 
225500 	 0.7802747 
226000 	 0.6662446 
226500 	 0.699071 
227000 	 0.7214281 
227500 	 0.7165683 
228000 	 0.6761769 
228500 	 0.7289832 
229000 	 0.7848154 
229500 	 0.7102647 
230000 	 0.7367265 
230500 	 0.7163035 
231000 	 0.7246009 
231500 	 0.6920177 
232000 	 0.7064808 
232500 	 0.6216054 
233000 	 0.6796431 
233500 	 0.6137385 
234000 	 0.683892 
234500 	 0.777419 
235000 	 0.7058783 
235500 	 0.7110655 
236000 	 0.652466 
236500 	 0.7569017 
237000 	 0.71113 
237500 	 0.672054 
238000 	 0.6863129 
238500 	 0.6524186 
239000 	 0.7505459 
239500 	 0.6863776 
240000 	 0.722554 
240500 	 0.7754759 
241000 	 0.7525079 
241500 	 0.6963168 
242000 	 0.7025315 
242500 	 0.6565977 
243000 	 0.762524 
243500 	 0.7021875 
244000 	 0.6582024 
244500 	 0.7317674 
245000 	 0.5650412 
245500 	 0.6689654 
246000 	 0.6560207 
246500 	 0.7216973 
247000 	 0.7194081 
247500 	 0.6255232 
248000 	 0.7918071 
248500 	 0.742397 
249000 	 0.6866331 
249500 	 0.6024576 
250000 	 0.7031218 
250500 	 0.6410613 
251000 	 0.6555313 
251500 	 0.6494388 
252000 	 0.7389071 
252500 	 0.7466771 
253000 	 0.8366095 
253500 	 0.64732 
254000 	 0.6890121 
254500 	 0.673518 
255000 	 0.6547822 
255500 	 0.6887024 
256000 	 0.5949677 
256500 	 0.6580579 
257000 	 0.6701815 
257500 	 0.7487397 
258000 	 0.6046372 
258500 	 0.7392077 
259000 	 0.7928263 
259500 	 0.682436 
260000 	 0.7545669 
260500 	 0.7856781 
261000 	 0.7429576 
261500 	 0.5870094 
262000 	 0.6086596 
262500 	 0.6711732 
263000 	 0.7244864 
263500 	 0.7199795 
264000 	 0.6852598 
264500 	 0.6894131 
265000 	 0.7483826 
265500 	 0.7019815 
266000 	 0.6253955 
266500 	 0.7940207 
267000 	 0.7537921 
267500 	 0.7383479 
268000 	 0.7683089 
268500 	 0.7166817 
269000 	 0.8012609 
269500 	 0.63582 
270000 	 0.6741157 
270500 	 0.6636051 
271000 	 0.7974639 
271500 	 0.709823 
272000 	 0.7465571 
272500 	 0.7184555 
273000 	 0.6638719 
273500 	 0.6373222 
274000 	 0.7532192 
274500 	 0.741142 
275000 	 0.7808608 
275500 	 0.6594429 
276000 	 0.764239 
276500 	 0.7186722 
277000 	 0.7378417 
277500 	 0.7430251 
278000 	 0.7076941 
278500 	 0.6252355 
279000 	 0.6907114 
279500 	 0.6795365 
280000 	 0.6686702 
280500 	 0.6943028 
281000 	 0.7622591 
281500 	 0.7385175 
282000 	 0.7364269 
282500 	 0.8209036 
283000 	 0.7114827 
283500 	 0.745678 
284000 	 0.681289 
284500 	 0.703818 
285000 	 0.7032266 
285500 	 0.7205206 
286000 	 0.6809117 
286500 	 0.7368483 
287000 	 0.7272923 
287500 	 0.7200978 
288000 	 0.7322788 
288500 	 0.6478135 
289000 	 0.7397189 
289500 	 0.6726509 
290000 	 0.7109088 
290500 	 0.7016858 
291000 	 0.7159833 
291500 	 0.7054478 
292000 	 0.7335121 
292500 	 0.7953267 
293000 	 0.6824344 
293500 	 0.6437255 
294000 	 0.7120421 
294500 	 0.6787729 
295000 	 0.6750569 
295500 	 0.6715523 
296000 	 0.7338804 
296500 	 0.7061069 
297000 	 0.72763 
297500 	 0.6898355 
298000 	 0.6293436 
298500 	 0.7612992 
299000 	 0.7156571 
299500 	 0.6879544 
300000 	 0.757951 
300500 	 0.7095759 
301000 	 0.7308135 
301500 	 0.6826527 
302000 	 0.7096983 
302500 	 0.7582902 
303000 	 0.7801998 
303500 	 0.6615543 
304000 	 0.6616698 
304500 	 0.6566088 
305000 	 0.6631951 
305500 	 0.7078487 
306000 	 0.7071836 
306500 	 0.6950669 
307000 	 0.6103177 
307500 	 0.6696701 
308000 	 0.7381051 
308500 	 0.7583451 
309000 	 0.6128757 
309500 	 0.70018 
310000 	 0.6323833 
310500 	 0.676741 
311000 	 0.711548 
311500 	 0.6830406 
312000 	 0.7111245 
312500 	 0.6452292 
313000 	 0.7446094 
313500 	 0.7400221 
314000 	 0.5727577 
314500 	 0.6563706 
315000 	 0.7130654 
315500 	 0.615169 
316000 	 0.7261914 
316500 	 0.644133 
317000 	 0.724211 
317500 	 0.6829237 
318000 	 0.6881904 
318500 	 0.778792 
319000 	 0.6828411 
319500 	 0.6492709 
320000 	 0.6778175 
320500 	 0.668692 
321000 	 0.7456253 
321500 	 0.649967 
322000 	 0.7171502 
322500 	 0.6794984 
323000 	 0.6466687 
323500 	 0.6305252 
324000 	 0.7234106 
324500 	 0.7082408 
325000 	 0.6418254 
325500 	 0.6365066 
326000 	 0.7236714 
326500 	 0.7077785 
327000 	 0.6984873 
327500 	 0.7494691 
328000 	 0.750083 
328500 	 0.6455319 
329000 	 0.6608061 
329500 	 0.7094931 
330000 	 0.6664241 
330500 	 0.6944311 
331000 	 0.6551266 
331500 	 0.7391917 
332000 	 0.7371066 
332500 	 0.6460152 
333000 	 0.7295301 
333500 	 0.7325875 
334000 	 0.728245 
334500 	 0.7171391 
335000 	 0.7718828 
335500 	 0.6516806 
336000 	 0.6690134 
336500 	 0.7216988 
337000 	 0.6819736 
337500 	 0.7668917 
338000 	 0.8584115 
338500 	 0.6424469 
339000 	 0.7116414 
339500 	 0.6520768 
340000 	 0.7501111 
340500 	 0.6521989 
341000 	 0.7019754 
341500 	 0.7221201 
342000 	 0.6748336 
342500 	 0.6574044 
343000 	 0.7179625 
343500 	 0.6272114 
344000 	 0.7272768 
344500 	 0.637842 
345000 	 0.7615236 
345500 	 0.7222013 
346000 	 0.5997473 
346500 	 0.6603305 
347000 	 0.6565552 
347500 	 0.6734928 
348000 	 0.6394033 
348500 	 0.6936503 
349000 	 0.7143927 
349500 	 0.6494121 
350000 	 0.6845268 
350500 	 0.6183781 
351000 	 0.7201117 
351500 	 0.7164103 
352000 	 0.6995174 
352500 	 0.7156203 
353000 	 0.8117601 
353500 	 0.7836854 
354000 	 0.6726605 
354500 	 0.7164859 
355000 	 0.7353129 
355500 	 0.6244029 
356000 	 0.6585656 
356500 	 0.6549485 
357000 	 0.7706808 
357500 	 0.6665131 
358000 	 0.6888386 
358500 	 0.6945603 
359000 	 0.6326154 
359500 	 0.5582768 
360000 	 0.6817887 
360500 	 0.757579 
361000 	 0.8202671 
361500 	 0.8196259 
362000 	 0.6612502 
362500 	 0.6519529 
363000 	 0.6795178 
363500 	 0.7405447 
364000 	 0.7058097 
364500 	 0.7431898 
365000 	 0.6977876 
365500 	 0.634509 
366000 	 0.6685257 
366500 	 0.7507096 
367000 	 0.6681285 
367500 	 0.6628051 
368000 	 0.7560647 
368500 	 0.5826695 
369000 	 0.7152391 
369500 	 0.62286 
370000 	 0.7057261 
370500 	 0.6831855 
371000 	 0.7029595 
371500 	 0.6868494 
372000 	 0.6531679 
372500 	 0.7658973 
373000 	 0.6814727 
373500 	 0.7097255 
374000 	 0.7537526 
374500 	 0.7417687 
375000 	 0.7316602 
375500 	 0.7801508 
376000 	 0.8001311 
376500 	 0.7169397 
377000 	 0.7175759 
377500 	 0.6463003 
378000 	 0.7304098 
378500 	 0.7081854 
379000 	 0.6512396 
379500 	 0.6879104 
380000 	 0.6398348 
380500 	 0.7952768 
381000 	 0.7245287 
381500 	 0.6900175 
382000 	 0.7302242 
382500 	 0.6996872 
383000 	 0.6604907 
383500 	 0.7586293 
384000 	 0.6201356 
384500 	 0.7160819 
385000 	 0.6468263 
385500 	 0.6767682 
386000 	 0.644907 
386500 	 0.7188149 
387000 	 0.6376177 
387500 	 0.6885268 
388000 	 0.6399418 
388500 	 0.7390866 
389000 	 0.7374488 
389500 	 0.5925929 
390000 	 0.7129046 
390500 	 0.6620213 
391000 	 0.6711904 
391500 	 0.7595682 
392000 	 0.6964402 
392500 	 0.662987 
393000 	 0.7931616 
393500 	 0.7473983 
394000 	 0.676029 
394500 	 0.6626752 
395000 	 0.691682 
395500 	 0.7432354 
396000 	 0.7144825 
396500 	 0.5922209 
397000 	 0.7205706 
397500 	 0.674981 
398000 	 0.6443293 
398500 	 0.684898 
399000 	 0.7453885 
399500 	 0.6861677 
400000 	 0.7049536 
400500 	 0.6136354 
401000 	 0.7256198 
401500 	 0.6824889 
402000 	 0.7382775 
402500 	 0.7666953 
403000 	 0.6742383 
403500 	 0.6730402 
404000 	 0.6284422 
404500 	 0.6545306 
405000 	 0.7479655 
405500 	 0.7361211 
406000 	 0.7111002 
406500 	 0.6798007 
407000 	 0.6624182 
407500 	 0.6686739 
408000 	 0.739656 
408500 	 0.6860474 
409000 	 0.7153691 
409500 	 0.6978282 
410000 	 0.6839461 
410500 	 0.7343988 
411000 	 0.6391526 
411500 	 0.6434659 
412000 	 0.6506578 
412500 	 0.7166485 
413000 	 0.810804 
413500 	 0.6914226 
414000 	 0.7004721 
414500 	 0.6525979 
415000 	 0.7352807 
415500 	 0.7543348 
416000 	 0.7106583 
416500 	 0.6899942 
417000 	 0.6359537 
417500 	 0.6926349 
418000 	 0.7121493 
418500 	 0.7015481 
419000 	 0.7469355 
419500 	 0.7309699 
420000 	 0.7410749 
420500 	 0.6701412 
421000 	 0.6933365 
421500 	 0.5753751 
422000 	 0.7170789 
422500 	 0.8064808 
423000 	 0.7341356 
423500 	 0.714976 
424000 	 0.748545 
424500 	 0.6250431 
425000 	 0.6300314 
425500 	 0.7112784 
426000 	 0.6443566 
426500 	 0.5966861 
427000 	 0.6249639 
427500 	 0.6546184 
428000 	 0.7695376 
428500 	 0.7294774 
429000 	 0.6560016 
429500 	 0.6716235 
430000 	 0.7085729 
430500 	 0.7556254 
431000 	 0.675345 
431500 	 0.7421598 
432000 	 0.6953566 
432500 	 0.7687171 
433000 	 0.6164294 
433500 	 0.6935291 
434000 	 0.7398448 
434500 	 0.6647452 
435000 	 0.6549012 
435500 	 0.7041809 
436000 	 0.5998996 
436500 	 0.7243212 
437000 	 0.6985309 
437500 	 0.6678963 
438000 	 0.7423547 
438500 	 0.6690453 
439000 	 0.7549955 
439500 	 0.6007804 
440000 	 0.6394475 
440500 	 0.7141768 
441000 	 0.7169356 
441500 	 0.7026933 
442000 	 0.6122778 
442500 	 0.7115841 
443000 	 0.6869748 
443500 	 0.7402381 
444000 	 0.7096529 
444500 	 0.7381957 
445000 	 0.6331296 
445500 	 0.7135278 
446000 	 0.6868576 
446500 	 0.6938864 
447000 	 0.6766324 
447500 	 0.7572998 
448000 	 0.6918369 
448500 	 0.5941718 
449000 	 0.6350372 
449500 	 0.6227015 
450000 	 0.802409 
450500 	 0.6595655 
451000 	 0.7114375 
451500 	 0.7866067 
452000 	 0.7395699 
452500 	 0.7128379 
453000 	 0.6142221 
453500 	 0.7449647 
454000 	 0.7608964 
454500 	 0.7553705 
455000 	 0.6593429 
455500 	 0.7473914 
456000 	 0.7040259 
456500 	 0.7300343 
457000 	 0.6424073 
457500 	 0.7333928 
458000 	 0.7509813 
458500 	 0.60294 
459000 	 0.6688444 
459500 	 0.6737093 
460000 	 0.7704604 
460500 	 0.7311471 
461000 	 0.6126356 
461500 	 0.6928402 
462000 	 0.6647024 
462500 	 0.7108137 
463000 	 0.7203643 
463500 	 0.7946422 
464000 	 0.704263 
464500 	 0.6409281 
465000 	 0.6368492 
465500 	 0.7160457 
466000 	 0.6859393 
466500 	 0.7768891 
467000 	 0.6410327 
467500 	 0.6819866 
468000 	 0.6948124 
468500 	 0.7198421 
469000 	 0.7626368 
469500 	 0.7220444 
470000 	 0.6873897 
470500 	 0.6293992 
471000 	 0.7625726 
471500 	 0.6503574 
472000 	 0.7113436 
472500 	 0.7877057 
473000 	 0.6103987 
473500 	 0.6672754 
474000 	 0.6683378 
474500 	 0.6121433 
475000 	 0.6998866 
475500 	 0.7545452 
476000 	 0.6941427 
476500 	 0.7492925 
477000 	 0.668389 
477500 	 0.7172522 
478000 	 0.685599 
478500 	 0.6259659 
479000 	 0.6911701 
479500 	 0.7298755 
480000 	 0.6238943 
480500 	 0.7352947 
481000 	 0.7802352 
481500 	 0.6263066 
482000 	 0.7012669 
482500 	 0.6426243 
483000 	 0.5915612 
483500 	 0.6302898 
484000 	 0.7266732 
484500 	 0.7049835 
485000 	 0.7158962 
485500 	 0.6780356 
486000 	 0.7396071 
486500 	 0.671326 
487000 	 0.6723104 
487500 	 0.7289564 
488000 	 0.7067608 
488500 	 0.7603363 
489000 	 0.7117318 
489500 	 0.6628242 
490000 	 0.657043 
490500 	 0.7635902 
491000 	 0.6565557 
491500 	 0.7079624 
492000 	 0.7016932 
492500 	 0.6978325 
493000 	 0.7243984 
493500 	 0.6874743 
494000 	 0.6304015 
494500 	 0.7456677 
495000 	 0.7147129 
495500 	 0.7287979 
496000 	 0.6729662 
496500 	 0.6722354 
497000 	 0.6072992 
497500 	 0.7948884 
498000 	 0.7541918 
498500 	 0.663104 
499000 	 0.7196856 
499500 	 0.7301649 
500000 	 0.7392594 
