iter 	 p
500 	 0.6056556 
1000 	 0.6570567 
1500 	 0.6456015 
2000 	 0.5993079 
2500 	 0.6240019 
3000 	 0.5332867 
3500 	 0.5626608 
4000 	 0.5430461 
4500 	 0.5306778 
5000 	 0.6569525 
5500 	 0.5566182 
6000 	 0.5510186 
6500 	 0.6166451 
7000 	 0.6160068 
7500 	 0.5013262 
8000 	 0.6255652 
8500 	 0.5550493 
9000 	 0.5736992 
9500 	 0.6205543 
10000 	 0.5476695 
10500 	 0.5320032 
11000 	 0.5727472 
11500 	 0.563371 
12000 	 0.5697531 
12500 	 0.6184409 
13000 	 0.5840925 
13500 	 0.7006755 
14000 	 0.5537324 
14500 	 0.6190236 
15000 	 0.5929466 
15500 	 0.6010446 
16000 	 0.574366 
16500 	 0.5266718 
17000 	 0.5923596 
17500 	 0.4673416 
18000 	 0.5581998 
18500 	 0.6515759 
19000 	 0.5580972 
19500 	 0.587186 
20000 	 0.5961662 
20500 	 0.6017637 
21000 	 0.6352263 
21500 	 0.6348856 
22000 	 0.569551 
22500 	 0.6422786 
23000 	 0.6646036 
23500 	 0.6747306 
24000 	 0.6643186 
24500 	 0.6435785 
25000 	 0.4739579 
25500 	 0.5247172 
26000 	 0.6258089 
26500 	 0.5336743 
27000 	 0.5441028 
27500 	 0.6086754 
28000 	 0.5713948 
28500 	 0.6459075 
29000 	 0.5323918 
29500 	 0.5939934 
30000 	 0.6975585 
30500 	 0.5950537 
31000 	 0.6434125 
31500 	 0.5733858 
32000 	 0.6816838 
32500 	 0.5245232 
33000 	 0.6957522 
33500 	 0.549132 
34000 	 0.4967276 
34500 	 0.6300827 
35000 	 0.6197437 
35500 	 0.470073 
36000 	 0.6153759 
36500 	 0.5229729 
37000 	 0.7068054 
37500 	 0.6330733 
38000 	 0.5917853 
38500 	 0.5138076 
39000 	 0.5997694 
39500 	 0.5467488 
40000 	 0.5025056 
40500 	 0.600562 
41000 	 0.6454527 
41500 	 0.5713028 
42000 	 0.6427905 
42500 	 0.6157969 
43000 	 0.6425346 
43500 	 0.5630256 
44000 	 0.483928 
44500 	 0.5197896 
45000 	 0.5563145 
45500 	 0.5045653 
46000 	 0.5946649 
46500 	 0.578316 
47000 	 0.7202998 
47500 	 0.6508691 
48000 	 0.6180172 
48500 	 0.6148012 
49000 	 0.5317186 
49500 	 0.6214051 
50000 	 0.4466927 
50500 	 0.5568304 
51000 	 0.6164378 
51500 	 0.5213125 
52000 	 0.5629117 
52500 	 0.5581222 
53000 	 0.5907876 
53500 	 0.5836752 
54000 	 0.6306325 
54500 	 0.596707 
55000 	 0.6238026 
55500 	 0.61571 
56000 	 0.6227753 
56500 	 0.5296474 
57000 	 0.4880727 
57500 	 0.6444163 
58000 	 0.7066653 
58500 	 0.4760433 
59000 	 0.5427012 
59500 	 0.5473638 
60000 	 0.5260275 
60500 	 0.5892456 
61000 	 0.6089485 
61500 	 0.6388358 
62000 	 0.4746843 
62500 	 0.5603639 
63000 	 0.4502656 
63500 	 0.6137749 
64000 	 0.5834999 
64500 	 0.6703619 
65000 	 0.4445815 
65500 	 0.5374505 
66000 	 0.6141244 
66500 	 0.6385072 
67000 	 0.667023 
67500 	 0.5869595 
68000 	 0.6076808 
68500 	 0.5212327 
69000 	 0.5794002 
69500 	 0.5318983 
70000 	 0.4768869 
70500 	 0.5600188 
71000 	 0.743798 
71500 	 0.6164563 
72000 	 0.6034219 
72500 	 0.5557857 
73000 	 0.5944132 
73500 	 0.6418441 
74000 	 0.5778428 
74500 	 0.6135851 
75000 	 0.5807962 
75500 	 0.5965648 
76000 	 0.605226 
76500 	 0.5862439 
77000 	 0.6486216 
77500 	 0.5496905 
78000 	 0.4692846 
78500 	 0.6020275 
79000 	 0.5821341 
79500 	 0.588778 
80000 	 0.5711619 
80500 	 0.5489913 
81000 	 0.5019857 
81500 	 0.673277 
82000 	 0.6890286 
82500 	 0.6375892 
83000 	 0.6516141 
83500 	 0.6645365 
84000 	 0.5896006 
84500 	 0.5650976 
85000 	 0.6054247 
85500 	 0.6164469 
86000 	 0.6601857 
86500 	 0.6497768 
87000 	 0.5705967 
87500 	 0.5862561 
88000 	 0.5081381 
88500 	 0.6834889 
89000 	 0.5673727 
89500 	 0.5165792 
90000 	 0.5816107 
90500 	 0.5945179 
91000 	 0.5153987 
91500 	 0.6255768 
92000 	 0.5549537 
92500 	 0.5943703 
93000 	 0.624374 
93500 	 0.6147453 
94000 	 0.6059339 
94500 	 0.6761406 
95000 	 0.5604971 
95500 	 0.6560838 
96000 	 0.6105172 
96500 	 0.5191297 
97000 	 0.5670606 
97500 	 0.62441 
98000 	 0.5581908 
98500 	 0.5592184 
99000 	 0.6778992 
99500 	 0.6354564 
100000 	 0.508189 
100500 	 0.601715 
101000 	 0.5642386 
101500 	 0.5516521 
102000 	 0.6012662 
102500 	 0.5592893 
103000 	 0.5307951 
103500 	 0.5165586 
104000 	 0.5164091 
104500 	 0.5782572 
105000 	 0.5483228 
105500 	 0.6052145 
106000 	 0.5777301 
106500 	 0.6196124 
107000 	 0.6229064 
107500 	 0.5947425 
108000 	 0.5651433 
108500 	 0.5743572 
109000 	 0.6678494 
109500 	 0.527077 
110000 	 0.5128911 
110500 	 0.5311076 
111000 	 0.5929668 
111500 	 0.5638539 
112000 	 0.5429259 
112500 	 0.6622458 
113000 	 0.5118551 
113500 	 0.611495 
114000 	 0.6303671 
114500 	 0.6701513 
115000 	 0.5281523 
115500 	 0.5300703 
116000 	 0.4913453 
116500 	 0.6280845 
117000 	 0.6289173 
117500 	 0.5590395 
118000 	 0.584075 
118500 	 0.6140603 
119000 	 0.4870386 
119500 	 0.6187594 
120000 	 0.5668043 
120500 	 0.5868983 
121000 	 0.4873107 
121500 	 0.5428017 
122000 	 0.496363 
122500 	 0.6533283 
123000 	 0.6004766 
123500 	 0.5958585 
124000 	 0.7189179 
124500 	 0.6387504 
125000 	 0.5871795 
125500 	 0.6869634 
126000 	 0.5381246 
126500 	 0.6377855 
127000 	 0.5789033 
127500 	 0.595561 
128000 	 0.594491 
128500 	 0.5818109 
129000 	 0.5832962 
129500 	 0.5255241 
130000 	 0.5358209 
130500 	 0.5667437 
131000 	 0.5546651 
131500 	 0.5226947 
132000 	 0.4873802 
132500 	 0.6041683 
133000 	 0.6227945 
133500 	 0.5741168 
134000 	 0.5718587 
134500 	 0.4978762 
135000 	 0.6050415 
135500 	 0.6045574 
136000 	 0.5672173 
136500 	 0.5129258 
137000 	 0.6155343 
137500 	 0.5567539 
138000 	 0.5252969 
138500 	 0.5653149 
139000 	 0.5740769 
139500 	 0.5956033 
140000 	 0.5273719 
140500 	 0.6179681 
141000 	 0.5043586 
141500 	 0.5057675 
142000 	 0.622124 
142500 	 0.5433222 
143000 	 0.601592 
143500 	 0.527293 
144000 	 0.6277925 
144500 	 0.5298567 
145000 	 0.525729 
145500 	 0.7071977 
146000 	 0.5089119 
146500 	 0.5999737 
147000 	 0.5302244 
147500 	 0.5995431 
148000 	 0.5505075 
148500 	 0.5339578 
149000 	 0.4432238 
149500 	 0.6257293 
150000 	 0.6063771 
150500 	 0.6721408 
151000 	 0.5975776 
151500 	 0.4975549 
152000 	 0.5967665 
152500 	 0.5622471 
153000 	 0.494342 
153500 	 0.5981707 
154000 	 0.6177147 
154500 	 0.5200401 
155000 	 0.6201157 
155500 	 0.6656367 
156000 	 0.5539356 
156500 	 0.5836835 
157000 	 0.5576302 
157500 	 0.652459 
158000 	 0.5804833 
158500 	 0.6470151 
159000 	 0.7116214 
159500 	 0.5414176 
160000 	 0.6220569 
160500 	 0.6281552 
161000 	 0.5956885 
161500 	 0.5764586 
162000 	 0.5480102 
162500 	 0.5861184 
163000 	 0.5778534 
163500 	 0.6235562 
164000 	 0.5823635 
164500 	 0.6264882 
165000 	 0.5923722 
165500 	 0.6007954 
166000 	 0.6132135 
166500 	 0.6473885 
167000 	 0.6967029 
167500 	 0.5794746 
168000 	 0.5108749 
168500 	 0.5828552 
169000 	 0.5851139 
169500 	 0.6429731 
170000 	 0.520108 
170500 	 0.5983193 
171000 	 0.5320422 
171500 	 0.6982085 
172000 	 0.5838477 
172500 	 0.6780094 
173000 	 0.4673271 
173500 	 0.614214 
174000 	 0.5536355 
174500 	 0.7068919 
175000 	 0.6515999 
175500 	 0.6862255 
176000 	 0.544867 
176500 	 0.6204211 
177000 	 0.5595134 
177500 	 0.5501193 
178000 	 0.5912281 
178500 	 0.5314149 
179000 	 0.6019627 
179500 	 0.5027818 
180000 	 0.5389514 
180500 	 0.5503547 
181000 	 0.5927999 
181500 	 0.4805307 
182000 	 0.6492819 
182500 	 0.5185222 
183000 	 0.5794305 
183500 	 0.5862134 
184000 	 0.6059009 
184500 	 0.5021788 
185000 	 0.5074156 
185500 	 0.6162715 
186000 	 0.4855655 
186500 	 0.6522349 
187000 	 0.6521841 
187500 	 0.5229631 
188000 	 0.6032807 
188500 	 0.5953837 
189000 	 0.5528316 
189500 	 0.5860734 
190000 	 0.6288302 
190500 	 0.6540124 
191000 	 0.5906099 
191500 	 0.4600153 
192000 	 0.5906807 
192500 	 0.6171449 
193000 	 0.6107943 
193500 	 0.5498675 
194000 	 0.5643521 
194500 	 0.6254462 
195000 	 0.6565479 
195500 	 0.6444395 
196000 	 0.6180715 
196500 	 0.5369333 
197000 	 0.579096 
197500 	 0.5853309 
198000 	 0.5083136 
198500 	 0.6018149 
199000 	 0.6325112 
199500 	 0.6132763 
200000 	 0.5504562 
200500 	 0.6138152 
201000 	 0.4876288 
201500 	 0.5608044 
202000 	 0.461147 
202500 	 0.5670229 
203000 	 0.6182743 
203500 	 0.5431069 
204000 	 0.6384452 
204500 	 0.6030632 
205000 	 0.5867324 
205500 	 0.5598564 
206000 	 0.595948 
206500 	 0.5858493 
207000 	 0.6321346 
207500 	 0.5163494 
208000 	 0.6102609 
208500 	 0.5657444 
209000 	 0.5645558 
209500 	 0.5764493 
210000 	 0.6370754 
210500 	 0.5681728 
211000 	 0.5560938 
211500 	 0.5447019 
212000 	 0.5333474 
212500 	 0.6035858 
213000 	 0.5120617 
213500 	 0.5846711 
214000 	 0.5231495 
214500 	 0.519276 
215000 	 0.6175249 
215500 	 0.6080954 
216000 	 0.5291337 
216500 	 0.5625017 
217000 	 0.6135838 
217500 	 0.5558259 
218000 	 0.5140985 
218500 	 0.658248 
219000 	 0.6697725 
219500 	 0.5808855 
220000 	 0.6113001 
220500 	 0.5710419 
221000 	 0.610348 
221500 	 0.6316245 
222000 	 0.5981468 
222500 	 0.5879835 
223000 	 0.4938547 
223500 	 0.5662948 
224000 	 0.56935 
224500 	 0.5553056 
225000 	 0.677508 
225500 	 0.5308434 
226000 	 0.6445292 
226500 	 0.6986116 
227000 	 0.6119856 
227500 	 0.5274942 
228000 	 0.5889477 
228500 	 0.6364588 
229000 	 0.6046025 
229500 	 0.5919942 
230000 	 0.5981629 
230500 	 0.5757258 
231000 	 0.5487019 
231500 	 0.650385 
232000 	 0.5590266 
232500 	 0.540087 
233000 	 0.5771201 
233500 	 0.5335469 
234000 	 0.5959161 
234500 	 0.5958461 
235000 	 0.4644691 
235500 	 0.5247457 
236000 	 0.6194338 
236500 	 0.5998158 
237000 	 0.4985532 
237500 	 0.6777813 
238000 	 0.5022929 
238500 	 0.5321293 
239000 	 0.6321097 
239500 	 0.5947318 
240000 	 0.6497689 
240500 	 0.5724611 
241000 	 0.5009912 
241500 	 0.5092417 
242000 	 0.6028541 
242500 	 0.5467677 
243000 	 0.5479481 
243500 	 0.4520542 
244000 	 0.6383039 
244500 	 0.6312644 
245000 	 0.5918093 
245500 	 0.572968 
246000 	 0.600267 
246500 	 0.5342167 
247000 	 0.5227234 
247500 	 0.6237736 
248000 	 0.5394884 
248500 	 0.6318306 
249000 	 0.5460964 
249500 	 0.5319867 
250000 	 0.6316018 
250500 	 0.6964892 
251000 	 0.4930181 
251500 	 0.578833 
252000 	 0.4707481 
252500 	 0.653934 
253000 	 0.5825913 
253500 	 0.5849003 
254000 	 0.5968984 
254500 	 0.5628958 
255000 	 0.6374004 
255500 	 0.5832811 
256000 	 0.5753107 
256500 	 0.5063338 
257000 	 0.6402358 
257500 	 0.5270554 
258000 	 0.5930912 
258500 	 0.541996 
259000 	 0.63562 
259500 	 0.6123585 
260000 	 0.6078905 
260500 	 0.5524217 
261000 	 0.6725884 
261500 	 0.5802581 
262000 	 0.6085963 
262500 	 0.6290479 
263000 	 0.5781637 
263500 	 0.5099173 
264000 	 0.6550442 
264500 	 0.6068869 
265000 	 0.5753326 
265500 	 0.6071481 
266000 	 0.6339198 
266500 	 0.5749666 
267000 	 0.6019865 
267500 	 0.5621337 
268000 	 0.5606502 
268500 	 0.5863953 
269000 	 0.5477409 
269500 	 0.5434434 
270000 	 0.5962119 
270500 	 0.5577353 
271000 	 0.5245241 
271500 	 0.6078017 
272000 	 0.6550923 
272500 	 0.617049 
273000 	 0.5209934 
273500 	 0.554356 
274000 	 0.6285866 
274500 	 0.5258876 
275000 	 0.5663336 
275500 	 0.6508447 
276000 	 0.5665983 
276500 	 0.5774713 
277000 	 0.5361042 
277500 	 0.5541477 
278000 	 0.4958774 
278500 	 0.6353676 
279000 	 0.4940328 
279500 	 0.6167789 
280000 	 0.642998 
280500 	 0.6742898 
281000 	 0.5802907 
281500 	 0.6242305 
282000 	 0.5872947 
282500 	 0.596817 
283000 	 0.6332784 
283500 	 0.5442823 
284000 	 0.4749781 
284500 	 0.5722316 
285000 	 0.5276567 
285500 	 0.5913673 
286000 	 0.6247722 
286500 	 0.596898 
287000 	 0.6183194 
287500 	 0.6107803 
288000 	 0.6606337 
288500 	 0.7007 
289000 	 0.6655806 
289500 	 0.646271 
290000 	 0.6581644 
290500 	 0.5569751 
291000 	 0.6001399 
291500 	 0.5168965 
292000 	 0.6311562 
292500 	 0.6347863 
293000 	 0.5317437 
293500 	 0.6098303 
294000 	 0.566356 
294500 	 0.6496166 
295000 	 0.6091007 
295500 	 0.6423319 
296000 	 0.5521563 
296500 	 0.6102404 
297000 	 0.5959138 
297500 	 0.6127589 
298000 	 0.608914 
298500 	 0.5569171 
299000 	 0.5634428 
299500 	 0.541487 
300000 	 0.5998052 
300500 	 0.5766385 
301000 	 0.499179 
301500 	 0.6122489 
302000 	 0.4710902 
302500 	 0.5944494 
303000 	 0.6187357 
303500 	 0.5017167 
304000 	 0.5520129 
304500 	 0.4677842 
305000 	 0.5811165 
305500 	 0.6177042 
306000 	 0.5926926 
306500 	 0.5288982 
307000 	 0.5999122 
307500 	 0.4754536 
308000 	 0.4812132 
308500 	 0.6065689 
309000 	 0.5490525 
309500 	 0.5066777 
310000 	 0.5768074 
310500 	 0.4996761 
311000 	 0.5680693 
311500 	 0.5485731 
312000 	 0.4623725 
312500 	 0.6437347 
313000 	 0.6220736 
313500 	 0.5705381 
314000 	 0.6326649 
314500 	 0.5825672 
315000 	 0.5660666 
315500 	 0.5476638 
316000 	 0.6153351 
316500 	 0.544515 
317000 	 0.6765958 
317500 	 0.633916 
318000 	 0.6584248 
318500 	 0.5492377 
319000 	 0.6274318 
319500 	 0.6129489 
320000 	 0.6467813 
320500 	 0.4575317 
321000 	 0.5996647 
321500 	 0.6455039 
322000 	 0.5966646 
322500 	 0.6676159 
323000 	 0.6296874 
323500 	 0.6414641 
324000 	 0.6515831 
324500 	 0.7043094 
325000 	 0.5996207 
325500 	 0.5137757 
326000 	 0.6741624 
326500 	 0.6101937 
327000 	 0.4900304 
327500 	 0.4701076 
328000 	 0.5296916 
328500 	 0.5650926 
329000 	 0.5787525 
329500 	 0.4601513 
330000 	 0.6443999 
330500 	 0.5774098 
331000 	 0.5375067 
331500 	 0.66309 
332000 	 0.5364922 
332500 	 0.560712 
333000 	 0.6448061 
333500 	 0.6500696 
334000 	 0.5556951 
334500 	 0.6607011 
335000 	 0.49905 
335500 	 0.5433473 
336000 	 0.5983392 
336500 	 0.5564699 
337000 	 0.5959279 
337500 	 0.5341674 
338000 	 0.5567873 
338500 	 0.6099101 
339000 	 0.5439957 
339500 	 0.644711 
340000 	 0.6465216 
340500 	 0.5492039 
341000 	 0.7050262 
341500 	 0.5389475 
342000 	 0.6156586 
342500 	 0.5942576 
343000 	 0.5769931 
343500 	 0.5969309 
344000 	 0.4803047 
344500 	 0.5608607 
345000 	 0.5036658 
345500 	 0.6694499 
346000 	 0.6320627 
346500 	 0.5697934 
347000 	 0.5590335 
347500 	 0.6563112 
348000 	 0.6464493 
348500 	 0.6276954 
349000 	 0.6012994 
349500 	 0.484308 
350000 	 0.5058283 
350500 	 0.5252317 
351000 	 0.578445 
351500 	 0.5930466 
352000 	 0.6643949 
352500 	 0.5541072 
353000 	 0.6221658 
353500 	 0.6124356 
354000 	 0.6156694 
354500 	 0.6346992 
355000 	 0.6336027 
355500 	 0.6042837 
356000 	 0.5737285 
356500 	 0.5629251 
357000 	 0.5605987 
357500 	 0.5317663 
358000 	 0.5524718 
358500 	 0.6256568 
359000 	 0.5727762 
359500 	 0.5914505 
360000 	 0.5069714 
360500 	 0.6575126 
361000 	 0.6565617 
361500 	 0.6290694 
362000 	 0.6319684 
362500 	 0.6350682 
363000 	 0.563729 
363500 	 0.4802128 
364000 	 0.5979575 
364500 	 0.5712469 
365000 	 0.5085988 
365500 	 0.6170388 
366000 	 0.5800441 
366500 	 0.5593994 
367000 	 0.6259586 
367500 	 0.5999173 
368000 	 0.6454219 
368500 	 0.5260349 
369000 	 0.6446687 
369500 	 0.5297677 
370000 	 0.5164866 
370500 	 0.5765505 
371000 	 0.5546612 
371500 	 0.5450276 
372000 	 0.6047393 
372500 	 0.5805223 
373000 	 0.5507291 
373500 	 0.5225314 
374000 	 0.5726289 
374500 	 0.4473605 
375000 	 0.511701 
375500 	 0.5668639 
376000 	 0.4951001 
376500 	 0.5693339 
377000 	 0.584896 
377500 	 0.5118273 
378000 	 0.5131187 
378500 	 0.5762535 
379000 	 0.546648 
379500 	 0.6246993 
380000 	 0.5341218 
380500 	 0.561824 
381000 	 0.4978678 
381500 	 0.5759256 
382000 	 0.6222049 
382500 	 0.53116 
383000 	 0.5365037 
383500 	 0.549746 
384000 	 0.6096702 
384500 	 0.6377813 
385000 	 0.620214 
385500 	 0.662903 
386000 	 0.6017262 
386500 	 0.5272326 
387000 	 0.4733249 
387500 	 0.6107969 
388000 	 0.6304903 
388500 	 0.5021059 
389000 	 0.5639207 
389500 	 0.5793712 
390000 	 0.5294632 
390500 	 0.5441972 
391000 	 0.6172035 
391500 	 0.5726445 
392000 	 0.5674765 
392500 	 0.5299659 
393000 	 0.6096317 
393500 	 0.6039766 
394000 	 0.5144197 
394500 	 0.639331 
395000 	 0.5307912 
395500 	 0.6384169 
396000 	 0.569676 
396500 	 0.552563 
397000 	 0.6487054 
397500 	 0.6930338 
398000 	 0.5834255 
398500 	 0.5797211 
399000 	 0.5376715 
399500 	 0.5849765 
400000 	 0.5975372 
400500 	 0.6079454 
401000 	 0.6348064 
401500 	 0.6289761 
402000 	 0.5317216 
402500 	 0.5761275 
403000 	 0.468364 
403500 	 0.5264443 
404000 	 0.630263 
404500 	 0.6542382 
405000 	 0.6607009 
405500 	 0.5425643 
406000 	 0.5975301 
406500 	 0.582745 
407000 	 0.6306471 
407500 	 0.5119799 
408000 	 0.6319265 
408500 	 0.6288589 
409000 	 0.5883331 
409500 	 0.6125216 
410000 	 0.6171848 
410500 	 0.6310781 
411000 	 0.6095039 
411500 	 0.575705 
412000 	 0.7050131 
412500 	 0.6174963 
413000 	 0.5845654 
413500 	 0.5763261 
414000 	 0.5244321 
414500 	 0.5435366 
415000 	 0.6178033 
415500 	 0.5103017 
416000 	 0.6246289 
416500 	 0.6410952 
417000 	 0.4784586 
417500 	 0.5589753 
418000 	 0.5063375 
418500 	 0.564886 
419000 	 0.6130148 
419500 	 0.650772 
420000 	 0.5874775 
420500 	 0.6744941 
421000 	 0.4890736 
421500 	 0.5675995 
422000 	 0.6807448 
422500 	 0.5295554 
423000 	 0.5759999 
423500 	 0.5903186 
424000 	 0.5872816 
424500 	 0.5645846 
425000 	 0.6867132 
425500 	 0.4890263 
426000 	 0.4866822 
426500 	 0.6174374 
427000 	 0.566069 
427500 	 0.6369055 
428000 	 0.5491319 
428500 	 0.6142205 
429000 	 0.4967544 
429500 	 0.5603723 
430000 	 0.5939726 
430500 	 0.6289492 
431000 	 0.5989723 
431500 	 0.5743201 
432000 	 0.5790504 
432500 	 0.54151 
433000 	 0.6410371 
433500 	 0.5751384 
434000 	 0.5106715 
434500 	 0.5575534 
435000 	 0.5947923 
435500 	 0.468409 
436000 	 0.5365986 
436500 	 0.6120813 
437000 	 0.6297035 
437500 	 0.3331507 
438000 	 0.577556 
438500 	 0.6017454 
439000 	 0.5473216 
439500 	 0.4848129 
440000 	 0.6462864 
440500 	 0.5463598 
441000 	 0.5809507 
441500 	 0.5520667 
442000 	 0.5579976 
442500 	 0.5860858 
443000 	 0.558115 
443500 	 0.6363501 
444000 	 0.6287082 
444500 	 0.5610938 
445000 	 0.5783279 
445500 	 0.6045042 
446000 	 0.631022 
446500 	 0.6641522 
447000 	 0.5938147 
447500 	 0.6661193 
448000 	 0.6669419 
448500 	 0.5541309 
449000 	 0.5827201 
449500 	 0.6108601 
450000 	 0.4968853 
450500 	 0.5842166 
451000 	 0.512844 
451500 	 0.5676952 
452000 	 0.5922969 
452500 	 0.6286627 
453000 	 0.5547863 
453500 	 0.5009042 
454000 	 0.6557709 
454500 	 0.4781793 
455000 	 0.5885226 
455500 	 0.5922707 
456000 	 0.6568781 
456500 	 0.5387893 
457000 	 0.619757 
457500 	 0.5847686 
458000 	 0.6228287 
458500 	 0.5434476 
459000 	 0.6230489 
459500 	 0.5850594 
460000 	 0.7095012 
460500 	 0.6277884 
461000 	 0.5998262 
461500 	 0.5079051 
462000 	 0.5182596 
462500 	 0.5732388 
463000 	 0.5469969 
463500 	 0.6472838 
464000 	 0.5533185 
464500 	 0.5861347 
465000 	 0.5878976 
465500 	 0.5378718 
466000 	 0.6791933 
466500 	 0.6011314 
467000 	 0.6082221 
467500 	 0.5074597 
468000 	 0.6900733 
468500 	 0.6939139 
469000 	 0.5352407 
469500 	 0.5073623 
470000 	 0.6573507 
470500 	 0.5761062 
471000 	 0.5267163 
471500 	 0.5740239 
472000 	 0.5398584 
472500 	 0.5543862 
473000 	 0.538759 
473500 	 0.5266018 
474000 	 0.5657548 
474500 	 0.5642621 
475000 	 0.6749722 
475500 	 0.555758 
476000 	 0.6068536 
476500 	 0.7006363 
477000 	 0.6281519 
477500 	 0.5139251 
478000 	 0.5819646 
478500 	 0.5721746 
479000 	 0.5320425 
479500 	 0.5612297 
480000 	 0.4959078 
480500 	 0.6095399 
481000 	 0.6677563 
481500 	 0.5956952 
482000 	 0.6374217 
482500 	 0.5978603 
483000 	 0.5319605 
483500 	 0.5431467 
484000 	 0.5593585 
484500 	 0.6086872 
485000 	 0.5573303 
485500 	 0.6408401 
486000 	 0.5631901 
486500 	 0.5536404 
487000 	 0.5762224 
487500 	 0.6347329 
488000 	 0.5847956 
488500 	 0.6227324 
489000 	 0.6135523 
489500 	 0.5845263 
490000 	 0.5633731 
490500 	 0.5236881 
491000 	 0.6185521 
491500 	 0.591874 
492000 	 0.6167269 
492500 	 0.6941324 
493000 	 0.638371 
493500 	 0.5950734 
494000 	 0.5618603 
494500 	 0.6149033 
495000 	 0.623133 
495500 	 0.5104128 
496000 	 0.4851491 
496500 	 0.5525816 
497000 	 0.5075912 
497500 	 0.6006299 
498000 	 0.6914848 
498500 	 0.548052 
499000 	 0.4302438 
499500 	 0.6858755 
500000 	 0.6151918 
