iter 	 p
500 	 0.7684043 
1000 	 0.7015186 
1500 	 0.7026905 
2000 	 0.699612 
2500 	 0.7497325 
3000 	 0.7231872 
3500 	 0.7210017 
4000 	 0.7716556 
4500 	 0.7019876 
5000 	 0.6838326 
5500 	 0.7707311 
6000 	 0.7036128 
6500 	 0.6335221 
7000 	 0.6343983 
7500 	 0.6992882 
8000 	 0.7265621 
8500 	 0.7194774 
9000 	 0.7106784 
9500 	 0.7880573 
10000 	 0.6618068 
10500 	 0.7036373 
11000 	 0.7263152 
11500 	 0.6570215 
12000 	 0.7266987 
12500 	 0.8058731 
13000 	 0.7684498 
13500 	 0.7297437 
14000 	 0.6448538 
14500 	 0.8239401 
15000 	 0.8093837 
15500 	 0.7694151 
16000 	 0.7469763 
16500 	 0.7355698 
17000 	 0.7147248 
17500 	 0.7795495 
18000 	 0.7591453 
18500 	 0.7173147 
19000 	 0.762235 
19500 	 0.7401819 
20000 	 0.7363043 
20500 	 0.7410046 
21000 	 0.8149274 
21500 	 0.7180989 
22000 	 0.7383625 
22500 	 0.674654 
23000 	 0.7888329 
23500 	 0.8110994 
24000 	 0.7715102 
24500 	 0.7500093 
25000 	 0.7610581 
25500 	 0.7426301 
26000 	 0.8244093 
26500 	 0.7762667 
27000 	 0.6621515 
27500 	 0.6648173 
28000 	 0.6972469 
28500 	 0.7149075 
29000 	 0.6902641 
29500 	 0.7473647 
30000 	 0.7258954 
30500 	 0.8006863 
31000 	 0.756152 
31500 	 0.7565934 
32000 	 0.6715043 
32500 	 0.7378376 
33000 	 0.7252462 
33500 	 0.7691075 
34000 	 0.8498269 
34500 	 0.8215324 
35000 	 0.7078101 
35500 	 0.6931111 
36000 	 0.6876501 
36500 	 0.7693015 
37000 	 0.7616814 
37500 	 0.7816663 
38000 	 0.7135271 
38500 	 0.7621364 
39000 	 0.7804281 
39500 	 0.7183608 
40000 	 0.7142194 
40500 	 0.7647019 
41000 	 0.7506947 
41500 	 0.8469935 
42000 	 0.656041 
42500 	 0.7525841 
43000 	 0.7767775 
43500 	 0.7587998 
44000 	 0.673523 
44500 	 0.7541458 
45000 	 0.8657414 
45500 	 0.8056308 
46000 	 0.7866799 
46500 	 0.6743171 
47000 	 0.7395425 
47500 	 0.7057921 
48000 	 0.7686411 
48500 	 0.7297129 
49000 	 0.7672637 
49500 	 0.7857046 
50000 	 0.7320744 
50500 	 0.7780713 
51000 	 0.7166522 
51500 	 0.7469064 
52000 	 0.7553437 
52500 	 0.8126274 
53000 	 0.670774 
53500 	 0.7636962 
54000 	 0.746236 
54500 	 0.7092925 
55000 	 0.7911863 
55500 	 0.7396184 
56000 	 0.799203 
56500 	 0.6738088 
57000 	 0.6837217 
57500 	 0.7427374 
58000 	 0.7182317 
58500 	 0.6927611 
59000 	 0.7383063 
59500 	 0.7256912 
60000 	 0.6897073 
60500 	 0.8247128 
61000 	 0.7218604 
61500 	 0.7987855 
62000 	 0.7852286 
62500 	 0.6810254 
63000 	 0.6972022 
63500 	 0.7303334 
64000 	 0.84453 
64500 	 0.7376176 
65000 	 0.7811711 
65500 	 0.7395216 
66000 	 0.8149733 
66500 	 0.707922 
67000 	 0.7062147 
67500 	 0.7069674 
68000 	 0.7666882 
68500 	 0.7258076 
69000 	 0.7785316 
69500 	 0.7321859 
70000 	 0.7552695 
70500 	 0.7615186 
71000 	 0.7380094 
71500 	 0.7602821 
72000 	 0.7288378 
72500 	 0.7568766 
73000 	 0.7855813 
73500 	 0.7187689 
74000 	 0.6628996 
74500 	 0.7301814 
75000 	 0.7364992 
75500 	 0.6652577 
76000 	 0.7258805 
76500 	 0.6949913 
77000 	 0.6983009 
77500 	 0.7775247 
78000 	 0.7811928 
78500 	 0.7642005 
79000 	 0.6876567 
79500 	 0.7973988 
80000 	 0.7986175 
80500 	 0.6763459 
81000 	 0.7903938 
81500 	 0.7167684 
82000 	 0.7269093 
82500 	 0.8110565 
83000 	 0.8188025 
83500 	 0.7382665 
84000 	 0.7346427 
84500 	 0.8101968 
85000 	 0.7034586 
85500 	 0.7016737 
86000 	 0.7774936 
86500 	 0.7486052 
87000 	 0.8414241 
87500 	 0.7058678 
88000 	 0.6715114 
88500 	 0.8268968 
89000 	 0.7681333 
89500 	 0.844933 
90000 	 0.7463276 
90500 	 0.7832829 
91000 	 0.7545433 
91500 	 0.7397321 
92000 	 0.6979986 
92500 	 0.7288542 
93000 	 0.7778657 
93500 	 0.7135588 
94000 	 0.7519551 
94500 	 0.727436 
95000 	 0.7636781 
95500 	 0.7300694 
96000 	 0.7201713 
96500 	 0.8186227 
97000 	 0.7833581 
97500 	 0.8209676 
98000 	 0.8163031 
98500 	 0.7226629 
99000 	 0.8071037 
99500 	 0.8173861 
100000 	 0.761071 
100500 	 0.7736842 
101000 	 0.7310398 
101500 	 0.739528 
102000 	 0.6549887 
102500 	 0.7539704 
103000 	 0.774994 
103500 	 0.7413608 
104000 	 0.7658825 
104500 	 0.7509486 
105000 	 0.6670657 
105500 	 0.8251166 
106000 	 0.7158384 
106500 	 0.6960127 
107000 	 0.7426589 
107500 	 0.7594709 
108000 	 0.7200886 
108500 	 0.741936 
109000 	 0.80089 
109500 	 0.6869822 
110000 	 0.7574551 
110500 	 0.6764261 
111000 	 0.8021232 
111500 	 0.770172 
112000 	 0.7526821 
112500 	 0.7429181 
113000 	 0.6790971 
113500 	 0.7560359 
114000 	 0.6137752 
114500 	 0.7206999 
115000 	 0.6758789 
115500 	 0.677108 
116000 	 0.7441197 
116500 	 0.6442762 
117000 	 0.6092248 
117500 	 0.7544758 
118000 	 0.6510977 
118500 	 0.7172471 
119000 	 0.8302666 
119500 	 0.7391654 
120000 	 0.6507883 
120500 	 0.7606463 
121000 	 0.7623134 
121500 	 0.6613736 
122000 	 0.751 
122500 	 0.6547929 
123000 	 0.7353152 
123500 	 0.7983179 
124000 	 0.7172326 
124500 	 0.737113 
125000 	 0.7380706 
125500 	 0.7401903 
126000 	 0.8019423 
126500 	 0.7400708 
127000 	 0.6705887 
127500 	 0.7656235 
128000 	 0.7467024 
128500 	 0.738115 
129000 	 0.8141985 
129500 	 0.6921623 
130000 	 0.7700166 
130500 	 0.6543786 
131000 	 0.7831349 
131500 	 0.7661485 
132000 	 0.7509868 
132500 	 0.6777086 
133000 	 0.7626054 
133500 	 0.7452606 
134000 	 0.7334848 
134500 	 0.7834621 
135000 	 0.7507826 
135500 	 0.734091 
136000 	 0.7778251 
136500 	 0.7181104 
137000 	 0.7483755 
137500 	 0.7861193 
138000 	 0.7151871 
138500 	 0.800273 
139000 	 0.7317742 
139500 	 0.7701936 
140000 	 0.8192038 
140500 	 0.6900548 
141000 	 0.6993299 
141500 	 0.6968316 
142000 	 0.7418904 
142500 	 0.7237922 
143000 	 0.7821151 
143500 	 0.6892707 
144000 	 0.7215672 
144500 	 0.8079105 
145000 	 0.7796005 
145500 	 0.6558127 
146000 	 0.7607152 
146500 	 0.7291085 
147000 	 0.61292 
147500 	 0.6837942 
148000 	 0.729558 
148500 	 0.7499966 
149000 	 0.8012549 
149500 	 0.829332 
150000 	 0.7466105 
150500 	 0.8054078 
151000 	 0.7374279 
151500 	 0.8109298 
152000 	 0.7857193 
152500 	 0.6887332 
153000 	 0.7815646 
153500 	 0.7988442 
154000 	 0.7491106 
154500 	 0.7016133 
155000 	 0.6618294 
155500 	 0.7567163 
156000 	 0.7506928 
156500 	 0.7727973 
157000 	 0.7973925 
157500 	 0.7458749 
158000 	 0.7965224 
158500 	 0.7292573 
159000 	 0.7581625 
159500 	 0.724993 
160000 	 0.6298729 
160500 	 0.8525031 
161000 	 0.7861842 
161500 	 0.7952508 
162000 	 0.6879589 
162500 	 0.7177385 
163000 	 0.7454901 
163500 	 0.7178326 
164000 	 0.7392984 
164500 	 0.6911086 
165000 	 0.698087 
165500 	 0.780721 
166000 	 0.6166919 
166500 	 0.7312258 
167000 	 0.8097272 
167500 	 0.7244844 
168000 	 0.8241366 
168500 	 0.8333161 
169000 	 0.7890668 
169500 	 0.6631161 
170000 	 0.734156 
170500 	 0.6847839 
171000 	 0.7064072 
171500 	 0.6286693 
172000 	 0.6579276 
172500 	 0.6567197 
173000 	 0.7502064 
173500 	 0.6384859 
174000 	 0.8239064 
174500 	 0.6857572 
175000 	 0.7729754 
175500 	 0.7806863 
176000 	 0.7284045 
176500 	 0.7333816 
177000 	 0.7543765 
177500 	 0.7666255 
178000 	 0.6772857 
178500 	 0.7034295 
179000 	 0.7984824 
179500 	 0.8092836 
180000 	 0.7884313 
180500 	 0.7394449 
181000 	 0.8449161 
181500 	 0.7071973 
182000 	 0.686086 
182500 	 0.6945469 
183000 	 0.8594237 
183500 	 0.7561087 
184000 	 0.8092567 
184500 	 0.7601415 
185000 	 0.7042289 
185500 	 0.6955231 
186000 	 0.8880779 
186500 	 0.7535882 
187000 	 0.7748034 
187500 	 0.7880729 
188000 	 0.7709708 
188500 	 0.7347965 
189000 	 0.7917038 
189500 	 0.7297086 
190000 	 0.7266908 
190500 	 0.7409362 
191000 	 0.7731538 
191500 	 0.6533566 
192000 	 0.7636369 
192500 	 0.7054673 
193000 	 0.7879482 
193500 	 0.7017745 
194000 	 0.7943703 
194500 	 0.7213117 
195000 	 0.7278131 
195500 	 0.7377756 
196000 	 0.7292127 
196500 	 0.7661076 
197000 	 0.6611177 
197500 	 0.8052934 
198000 	 0.7011207 
198500 	 0.7436888 
199000 	 0.6793523 
199500 	 0.6496234 
200000 	 0.7723192 
200500 	 0.7606147 
201000 	 0.738616 
201500 	 0.8056458 
202000 	 0.7020015 
202500 	 0.8099028 
203000 	 0.7054862 
203500 	 0.7679932 
204000 	 0.6423678 
204500 	 0.6810267 
205000 	 0.7232442 
205500 	 0.8276539 
206000 	 0.6654643 
206500 	 0.7634576 
207000 	 0.7519253 
207500 	 0.7636717 
208000 	 0.7205029 
208500 	 0.7447807 
209000 	 0.7411417 
209500 	 0.6445589 
210000 	 0.6787639 
210500 	 0.7591506 
211000 	 0.766858 
211500 	 0.8112404 
212000 	 0.7173876 
212500 	 0.7814043 
213000 	 0.7381474 
213500 	 0.7785187 
214000 	 0.7687236 
214500 	 0.7789776 
215000 	 0.7783498 
215500 	 0.7271807 
216000 	 0.681395 
216500 	 0.7376182 
217000 	 0.7631846 
217500 	 0.7087173 
218000 	 0.6930442 
218500 	 0.7032667 
219000 	 0.7669508 
219500 	 0.7289984 
220000 	 0.7281716 
220500 	 0.7411588 
221000 	 0.698863 
221500 	 0.7032029 
222000 	 0.7358081 
222500 	 0.6657201 
223000 	 0.6768697 
223500 	 0.8352315 
224000 	 0.7639758 
224500 	 0.7482643 
225000 	 0.7670773 
225500 	 0.7137001 
226000 	 0.7455234 
226500 	 0.7834385 
227000 	 0.6851064 
227500 	 0.7526219 
228000 	 0.7708949 
228500 	 0.7302822 
229000 	 0.7848791 
229500 	 0.7319687 
230000 	 0.7511054 
230500 	 0.7320855 
231000 	 0.7623215 
231500 	 0.7658303 
232000 	 0.6143106 
232500 	 0.703432 
233000 	 0.7763862 
233500 	 0.7103273 
234000 	 0.7789139 
234500 	 0.6781512 
235000 	 0.7173801 
235500 	 0.8202914 
236000 	 0.773688 
236500 	 0.7048816 
237000 	 0.7810272 
237500 	 0.7100926 
238000 	 0.7260718 
238500 	 0.678567 
239000 	 0.6068284 
239500 	 0.735327 
240000 	 0.6763116 
240500 	 0.7043556 
241000 	 0.7325521 
241500 	 0.7982715 
242000 	 0.6134406 
242500 	 0.7105027 
243000 	 0.7079574 
243500 	 0.6715359 
244000 	 0.805364 
244500 	 0.6748624 
245000 	 0.7952362 
245500 	 0.7254895 
246000 	 0.7372733 
246500 	 0.8260815 
247000 	 0.7592186 
247500 	 0.7531501 
248000 	 0.7061307 
248500 	 0.668235 
249000 	 0.7716337 
249500 	 0.7335017 
250000 	 0.6416141 
250500 	 0.7490214 
251000 	 0.7470732 
251500 	 0.6778048 
252000 	 0.8230617 
252500 	 0.7267207 
253000 	 0.7173376 
253500 	 0.7189515 
254000 	 0.7394743 
254500 	 0.7308935 
255000 	 0.7771326 
255500 	 0.7327204 
256000 	 0.7866444 
256500 	 0.6736503 
257000 	 0.7504234 
257500 	 0.7891837 
258000 	 0.7483693 
258500 	 0.6991423 
259000 	 0.7715819 
259500 	 0.6846201 
260000 	 0.8234419 
260500 	 0.7434413 
261000 	 0.7929186 
261500 	 0.652311 
262000 	 0.7233889 
262500 	 0.8381281 
263000 	 0.7364521 
263500 	 0.7529347 
264000 	 0.6962093 
264500 	 0.7876272 
265000 	 0.7546831 
265500 	 0.823965 
266000 	 0.8194407 
266500 	 0.6827851 
267000 	 0.7530769 
267500 	 0.7878487 
268000 	 0.7254298 
268500 	 0.6884082 
269000 	 0.7388251 
269500 	 0.800877 
270000 	 0.7726068 
270500 	 0.7770086 
271000 	 0.7630799 
271500 	 0.7423334 
272000 	 0.6713599 
272500 	 0.727086 
273000 	 0.6903169 
273500 	 0.602552 
274000 	 0.7696181 
274500 	 0.8019865 
275000 	 0.7495129 
275500 	 0.7299403 
276000 	 0.7267954 
276500 	 0.7405333 
277000 	 0.7476492 
277500 	 0.7393995 
278000 	 0.8109096 
278500 	 0.7526011 
279000 	 0.8020301 
279500 	 0.7265595 
280000 	 0.7469303 
280500 	 0.7601125 
281000 	 0.593225 
281500 	 0.6699559 
282000 	 0.7332839 
282500 	 0.6361274 
283000 	 0.7693433 
283500 	 0.8175911 
284000 	 0.748457 
284500 	 0.6522121 
285000 	 0.7415191 
285500 	 0.7193489 
286000 	 0.8802075 
286500 	 0.7129088 
287000 	 0.6737479 
287500 	 0.7557679 
288000 	 0.8469068 
288500 	 0.833816 
289000 	 0.7349178 
289500 	 0.747023 
290000 	 0.7614174 
290500 	 0.7840199 
291000 	 0.7032797 
291500 	 0.7884639 
292000 	 0.678725 
292500 	 0.8276615 
293000 	 0.8277016 
293500 	 0.8377478 
294000 	 0.8009124 
294500 	 0.7431632 
295000 	 0.7258711 
295500 	 0.7914898 
296000 	 0.7597376 
296500 	 0.7581854 
297000 	 0.6232241 
297500 	 0.6922195 
298000 	 0.7383737 
298500 	 0.7714011 
299000 	 0.7469188 
299500 	 0.8460643 
300000 	 0.7733606 
300500 	 0.8112706 
301000 	 0.7866752 
301500 	 0.6720572 
302000 	 0.7282372 
302500 	 0.7562775 
303000 	 0.7718724 
303500 	 0.6752448 
304000 	 0.7037174 
304500 	 0.7755465 
305000 	 0.8068143 
305500 	 0.6410183 
306000 	 0.7370085 
306500 	 0.7936363 
307000 	 0.7586705 
307500 	 0.8336756 
308000 	 0.7934751 
308500 	 0.7765987 
309000 	 0.6998541 
309500 	 0.7659856 
310000 	 0.7603314 
310500 	 0.7517672 
311000 	 0.6856785 
311500 	 0.7769725 
312000 	 0.7075865 
312500 	 0.675681 
313000 	 0.7036801 
313500 	 0.674819 
314000 	 0.6414678 
314500 	 0.6716109 
315000 	 0.6890648 
315500 	 0.7182956 
316000 	 0.8272602 
316500 	 0.6516608 
317000 	 0.8050735 
317500 	 0.7675848 
318000 	 0.7225565 
318500 	 0.7615094 
319000 	 0.7643104 
319500 	 0.7194512 
320000 	 0.6525328 
320500 	 0.7547107 
321000 	 0.8480493 
321500 	 0.7507926 
322000 	 0.6948786 
322500 	 0.7741974 
323000 	 0.6642165 
323500 	 0.6256738 
324000 	 0.7354487 
324500 	 0.7277247 
325000 	 0.719269 
325500 	 0.7357407 
326000 	 0.7625705 
326500 	 0.7355398 
327000 	 0.6966883 
327500 	 0.8614927 
328000 	 0.8386057 
328500 	 0.7779136 
329000 	 0.769975 
329500 	 0.671364 
330000 	 0.7789746 
330500 	 0.8052476 
331000 	 0.7756569 
331500 	 0.8178645 
332000 	 0.7443006 
332500 	 0.7055126 
333000 	 0.7140779 
333500 	 0.8165714 
334000 	 0.7532641 
334500 	 0.7281722 
335000 	 0.6633882 
335500 	 0.7027932 
336000 	 0.7525528 
336500 	 0.819029 
337000 	 0.7770331 
337500 	 0.7456255 
338000 	 0.7780466 
338500 	 0.6502509 
339000 	 0.7624564 
339500 	 0.7514977 
340000 	 0.8173263 
340500 	 0.7242652 
341000 	 0.7543041 
341500 	 0.7123335 
342000 	 0.7688571 
342500 	 0.7906237 
343000 	 0.6965843 
343500 	 0.7591424 
344000 	 0.7235478 
344500 	 0.7390351 
345000 	 0.8080915 
345500 	 0.743461 
346000 	 0.7255973 
346500 	 0.7184722 
347000 	 0.7202467 
347500 	 0.7456258 
348000 	 0.8197255 
348500 	 0.7555324 
349000 	 0.7711158 
349500 	 0.8189229 
350000 	 0.7977604 
350500 	 0.7200878 
351000 	 0.8418799 
351500 	 0.6799824 
352000 	 0.7611651 
352500 	 0.7048561 
353000 	 0.6711576 
353500 	 0.8005338 
354000 	 0.8128467 
354500 	 0.6470894 
355000 	 0.7039774 
355500 	 0.7172234 
356000 	 0.7920521 
356500 	 0.7217065 
357000 	 0.6898794 
357500 	 0.6624557 
358000 	 0.8119598 
358500 	 0.7646857 
359000 	 0.7178168 
359500 	 0.7491383 
360000 	 0.6682433 
360500 	 0.6476085 
361000 	 0.7374647 
361500 	 0.7507031 
362000 	 0.6647847 
362500 	 0.735331 
363000 	 0.8270316 
363500 	 0.8124094 
364000 	 0.7268818 
364500 	 0.6902565 
365000 	 0.7119837 
365500 	 0.6445214 
366000 	 0.7681458 
366500 	 0.7955601 
367000 	 0.7317398 
367500 	 0.7486962 
368000 	 0.8257199 
368500 	 0.7476119 
369000 	 0.7634066 
369500 	 0.7585602 
370000 	 0.726736 
370500 	 0.7185961 
371000 	 0.8175836 
371500 	 0.6938514 
372000 	 0.7525713 
372500 	 0.67501 
373000 	 0.6926898 
373500 	 0.7329054 
374000 	 0.7993069 
374500 	 0.7471716 
375000 	 0.8178676 
375500 	 0.8484688 
376000 	 0.7190866 
376500 	 0.8021607 
377000 	 0.687813 
377500 	 0.7668948 
378000 	 0.8010257 
378500 	 0.7468631 
379000 	 0.6768242 
379500 	 0.7313479 
380000 	 0.7509674 
380500 	 0.6705683 
381000 	 0.7453708 
381500 	 0.70855 
382000 	 0.7050818 
382500 	 0.7343992 
383000 	 0.7231672 
383500 	 0.7030965 
384000 	 0.702684 
384500 	 0.7672503 
385000 	 0.7287848 
385500 	 0.724145 
386000 	 0.7743415 
386500 	 0.7823939 
387000 	 0.6872832 
387500 	 0.7673248 
388000 	 0.6061002 
388500 	 0.7976354 
389000 	 0.7412461 
389500 	 0.7999933 
390000 	 0.711614 
390500 	 0.7455729 
391000 	 0.7128062 
391500 	 0.7240063 
392000 	 0.7525641 
392500 	 0.7444029 
393000 	 0.6739196 
393500 	 0.7210007 
394000 	 0.8109737 
394500 	 0.7383327 
395000 	 0.7465261 
395500 	 0.6736583 
396000 	 0.6786347 
396500 	 0.7984235 
397000 	 0.6260539 
397500 	 0.7151924 
398000 	 0.6824103 
398500 	 0.7227057 
399000 	 0.6641973 
399500 	 0.7319549 
400000 	 0.7891246 
400500 	 0.7008354 
401000 	 0.7901598 
401500 	 0.7084046 
402000 	 0.6664884 
402500 	 0.8245359 
403000 	 0.7382288 
403500 	 0.6976659 
404000 	 0.6134747 
404500 	 0.7527945 
405000 	 0.8496023 
405500 	 0.7722534 
406000 	 0.7317513 
406500 	 0.7466098 
407000 	 0.7515171 
407500 	 0.7757158 
408000 	 0.7274623 
408500 	 0.7071281 
409000 	 0.8105028 
409500 	 0.6755947 
410000 	 0.7479111 
410500 	 0.7165008 
411000 	 0.8448663 
411500 	 0.7567087 
412000 	 0.793577 
412500 	 0.707919 
413000 	 0.6889894 
413500 	 0.7079977 
414000 	 0.6773362 
414500 	 0.7660837 
415000 	 0.7685731 
415500 	 0.7668184 
416000 	 0.7275517 
416500 	 0.7614763 
417000 	 0.7326002 
417500 	 0.7706455 
418000 	 0.8167569 
418500 	 0.6573123 
419000 	 0.7601668 
419500 	 0.732723 
420000 	 0.7964035 
420500 	 0.7599368 
421000 	 0.7867122 
421500 	 0.7635729 
422000 	 0.7536172 
422500 	 0.717197 
423000 	 0.7042602 
423500 	 0.7012265 
424000 	 0.7546148 
424500 	 0.6907341 
425000 	 0.6971582 
425500 	 0.7471897 
426000 	 0.722371 
426500 	 0.688722 
427000 	 0.7427812 
427500 	 0.8142346 
428000 	 0.7122319 
428500 	 0.7859575 
429000 	 0.7185027 
429500 	 0.7631293 
430000 	 0.7669092 
430500 	 0.743848 
431000 	 0.8359659 
431500 	 0.7678872 
432000 	 0.7486776 
432500 	 0.6989658 
433000 	 0.7530074 
433500 	 0.763974 
434000 	 0.7585317 
434500 	 0.7565955 
435000 	 0.7301805 
435500 	 0.8520096 
436000 	 0.8400791 
436500 	 0.7308084 
437000 	 0.8129836 
437500 	 0.7655727 
438000 	 0.7713374 
438500 	 0.7727017 
439000 	 0.785465 
439500 	 0.8672017 
440000 	 0.7235347 
440500 	 0.8304702 
441000 	 0.8228629 
441500 	 0.791976 
442000 	 0.7883063 
442500 	 0.6750668 
443000 	 0.6652088 
443500 	 0.7134864 
444000 	 0.6991205 
444500 	 0.6955843 
445000 	 0.8011523 
445500 	 0.7019716 
446000 	 0.6154827 
446500 	 0.7698623 
447000 	 0.6823737 
447500 	 0.7219315 
448000 	 0.8446404 
448500 	 0.7035633 
449000 	 0.7635246 
449500 	 0.7920536 
450000 	 0.694761 
450500 	 0.7983753 
451000 	 0.7021783 
451500 	 0.7154947 
452000 	 0.7836747 
452500 	 0.7706442 
453000 	 0.770461 
453500 	 0.7222719 
454000 	 0.7262919 
454500 	 0.7109081 
455000 	 0.8251891 
455500 	 0.7832644 
456000 	 0.7069766 
456500 	 0.7136837 
457000 	 0.6807477 
457500 	 0.7490078 
458000 	 0.7031826 
458500 	 0.806682 
459000 	 0.7508074 
459500 	 0.7303254 
460000 	 0.7508302 
460500 	 0.8668959 
461000 	 0.723943 
461500 	 0.781984 
462000 	 0.6869141 
462500 	 0.7971013 
463000 	 0.7786315 
463500 	 0.7034691 
464000 	 0.7330896 
464500 	 0.8067301 
465000 	 0.7066348 
465500 	 0.7939641 
466000 	 0.874161 
466500 	 0.701316 
467000 	 0.7688457 
467500 	 0.7520606 
468000 	 0.8275144 
468500 	 0.7384429 
469000 	 0.7928193 
469500 	 0.7406215 
470000 	 0.7265334 
470500 	 0.7644462 
471000 	 0.7769528 
471500 	 0.8106871 
472000 	 0.7861697 
472500 	 0.7714642 
473000 	 0.7801251 
473500 	 0.6950047 
474000 	 0.6603323 
474500 	 0.7948856 
475000 	 0.7050607 
475500 	 0.7720778 
476000 	 0.7181043 
476500 	 0.7637517 
477000 	 0.7665559 
477500 	 0.6852891 
478000 	 0.6940388 
478500 	 0.7415603 
479000 	 0.7362877 
479500 	 0.7851656 
480000 	 0.7586479 
480500 	 0.7233095 
481000 	 0.7003073 
481500 	 0.6288818 
482000 	 0.6756343 
482500 	 0.7319372 
483000 	 0.7206713 
483500 	 0.7805337 
484000 	 0.741932 
484500 	 0.7111904 
485000 	 0.7503056 
485500 	 0.6535496 
486000 	 0.6889663 
486500 	 0.7684171 
487000 	 0.7537289 
487500 	 0.7177608 
488000 	 0.7631128 
488500 	 0.8133158 
489000 	 0.6879179 
489500 	 0.8405544 
490000 	 0.7673495 
490500 	 0.6682434 
491000 	 0.836917 
491500 	 0.7570186 
492000 	 0.7945267 
492500 	 0.753586 
493000 	 0.6805291 
493500 	 0.741308 
494000 	 0.7214629 
494500 	 0.7536377 
495000 	 0.8108904 
495500 	 0.8087961 
496000 	 0.783531 
496500 	 0.7917871 
497000 	 0.7301475 
497500 	 0.6168957 
498000 	 0.6007091 
498500 	 0.7506563 
499000 	 0.8112919 
499500 	 0.7614859 
500000 	 0.7601582 
