iter 	 p
500 	 0.4952107 
1000 	 0.6157611 
1500 	 0.6323224 
2000 	 0.5803094 
2500 	 0.6465197 
3000 	 0.6299611 
3500 	 0.4885368 
4000 	 0.6306674 
4500 	 0.605983 
5000 	 0.6580397 
5500 	 0.6509976 
6000 	 0.5206845 
6500 	 0.6243437 
7000 	 0.7900793 
7500 	 0.7430806 
8000 	 0.7062707 
8500 	 0.5562853 
9000 	 0.5753121 
9500 	 0.5282269 
10000 	 0.5874244 
10500 	 0.6006402 
11000 	 0.6593312 
11500 	 0.4651672 
12000 	 0.6443969 
12500 	 0.6526206 
13000 	 0.6185379 
13500 	 0.7222752 
14000 	 0.7373484 
14500 	 0.5527089 
15000 	 0.6363266 
15500 	 0.6399265 
16000 	 0.5466284 
16500 	 0.6975323 
17000 	 0.5969217 
17500 	 0.6013939 
18000 	 0.6503684 
18500 	 0.7227872 
19000 	 0.7399679 
19500 	 0.7255132 
20000 	 0.6211348 
20500 	 0.6381482 
21000 	 0.670715 
21500 	 0.7311659 
22000 	 0.6214916 
22500 	 0.5705806 
23000 	 0.5835098 
23500 	 0.6098892 
24000 	 0.7255084 
24500 	 0.6033446 
25000 	 0.5780739 
25500 	 0.6451849 
26000 	 0.5808935 
26500 	 0.7659294 
27000 	 0.6243134 
27500 	 0.6207611 
28000 	 0.6118052 
28500 	 0.5787615 
29000 	 0.6540484 
29500 	 0.5230864 
30000 	 0.6949313 
30500 	 0.5772128 
31000 	 0.6005883 
31500 	 0.5721768 
32000 	 0.6148908 
32500 	 0.7262873 
33000 	 0.6385126 
33500 	 0.6720735 
34000 	 0.59276 
34500 	 0.6126413 
35000 	 0.5451952 
35500 	 0.7462801 
36000 	 0.7368821 
36500 	 0.4077153 
37000 	 0.5874768 
37500 	 0.5665255 
38000 	 0.5873408 
38500 	 0.5549152 
39000 	 0.5351837 
39500 	 0.5573778 
40000 	 0.6407985 
40500 	 0.5563455 
41000 	 0.6595096 
41500 	 0.6840348 
42000 	 0.567174 
42500 	 0.6553484 
43000 	 0.7021087 
43500 	 0.6876154 
44000 	 0.7176153 
44500 	 0.7256917 
45000 	 0.6707682 
45500 	 0.617221 
46000 	 0.6585154 
46500 	 0.5983452 
47000 	 0.5788231 
47500 	 0.7319041 
48000 	 0.4786216 
48500 	 0.5411899 
49000 	 0.5743695 
49500 	 0.5926742 
50000 	 0.6876596 
50500 	 0.4961939 
51000 	 0.4922023 
51500 	 0.5969101 
52000 	 0.5859794 
52500 	 0.5538327 
53000 	 0.6952354 
53500 	 0.6178575 
54000 	 0.6353388 
54500 	 0.6070757 
55000 	 0.6660355 
55500 	 0.525041 
56000 	 0.5457566 
56500 	 0.6426568 
57000 	 0.6177512 
57500 	 0.6455486 
58000 	 0.5049037 
58500 	 0.7311092 
59000 	 0.5455981 
59500 	 0.5599106 
60000 	 0.691698 
60500 	 0.6704785 
61000 	 0.5335791 
61500 	 0.5523953 
62000 	 0.72391 
62500 	 0.6609347 
63000 	 0.6515778 
63500 	 0.5746774 
64000 	 0.7434381 
64500 	 0.7100811 
65000 	 0.7400006 
65500 	 0.4609174 
66000 	 0.5876387 
66500 	 0.6519263 
67000 	 0.5900237 
67500 	 0.5227349 
68000 	 0.7588665 
68500 	 0.7095108 
69000 	 0.5137953 
69500 	 0.6718803 
70000 	 0.6872021 
70500 	 0.6995695 
71000 	 0.7170606 
71500 	 0.6573717 
72000 	 0.5958377 
72500 	 0.6545968 
73000 	 0.7554433 
73500 	 0.6574194 
74000 	 0.5481064 
74500 	 0.6923934 
75000 	 0.5756575 
75500 	 0.6339989 
76000 	 0.5032439 
76500 	 0.61859 
77000 	 0.6104511 
77500 	 0.5577571 
78000 	 0.7848405 
78500 	 0.5477794 
79000 	 0.7730306 
79500 	 0.6721782 
80000 	 0.664498 
80500 	 0.7041364 
81000 	 0.6440756 
81500 	 0.544955 
82000 	 0.6482299 
82500 	 0.6190476 
83000 	 0.8420441 
83500 	 0.71782 
84000 	 0.759784 
84500 	 0.6904561 
85000 	 0.6001967 
85500 	 0.7174746 
86000 	 0.7045561 
86500 	 0.6298302 
87000 	 0.6628738 
87500 	 0.6437185 
88000 	 0.6397128 
88500 	 0.5479866 
89000 	 0.5154321 
89500 	 0.601485 
90000 	 0.607914 
90500 	 0.7778864 
91000 	 0.5765458 
91500 	 0.7278927 
92000 	 0.6578238 
92500 	 0.7205054 
93000 	 0.5785807 
93500 	 0.5645119 
94000 	 0.6570715 
94500 	 0.6715069 
95000 	 0.5014173 
95500 	 0.6651588 
96000 	 0.5398512 
96500 	 0.6592664 
97000 	 0.6105956 
97500 	 0.5528338 
98000 	 0.5924461 
98500 	 0.5801174 
99000 	 0.6393006 
99500 	 0.6523604 
100000 	 0.60194 
100500 	 0.6069251 
101000 	 0.5433831 
101500 	 0.5668103 
102000 	 0.7835664 
102500 	 0.6386184 
103000 	 0.7299662 
103500 	 0.5539478 
104000 	 0.5499638 
104500 	 0.5128261 
105000 	 0.4918702 
105500 	 0.7273651 
106000 	 0.6812433 
106500 	 0.6231482 
107000 	 0.6127288 
107500 	 0.6316572 
108000 	 0.5943558 
108500 	 0.6584558 
109000 	 0.6132122 
109500 	 0.5444556 
110000 	 0.6753029 
110500 	 0.6219386 
111000 	 0.6929724 
111500 	 0.5309243 
112000 	 0.6302761 
112500 	 0.6762506 
113000 	 0.6460672 
113500 	 0.6190467 
114000 	 0.6443039 
114500 	 0.5280426 
115000 	 0.4762349 
115500 	 0.5933641 
116000 	 0.6731838 
116500 	 0.6909707 
117000 	 0.8013424 
117500 	 0.6544328 
118000 	 0.6534804 
118500 	 0.7209766 
119000 	 0.5860652 
119500 	 0.6001903 
120000 	 0.6771724 
120500 	 0.6274141 
121000 	 0.585068 
121500 	 0.6866313 
122000 	 0.6774604 
122500 	 0.7112304 
123000 	 0.6678055 
123500 	 0.5491028 
124000 	 0.6361863 
124500 	 0.7283579 
125000 	 0.5944613 
125500 	 0.5027272 
126000 	 0.6248149 
126500 	 0.7237156 
127000 	 0.6396119 
127500 	 0.6004996 
128000 	 0.6523723 
128500 	 0.6795234 
129000 	 0.6741396 
129500 	 0.6223656 
130000 	 0.6419945 
130500 	 0.6839227 
131000 	 0.5873452 
131500 	 0.5477454 
132000 	 0.5535682 
132500 	 0.6700438 
133000 	 0.5851838 
133500 	 0.6792195 
134000 	 0.5223828 
134500 	 0.5907171 
135000 	 0.6891099 
135500 	 0.5491048 
136000 	 0.5391676 
136500 	 0.5963608 
137000 	 0.5658269 
137500 	 0.6029942 
138000 	 0.6032395 
138500 	 0.4192296 
139000 	 0.5990158 
139500 	 0.5448129 
140000 	 0.5972337 
140500 	 0.5849131 
141000 	 0.6417246 
141500 	 0.5501377 
142000 	 0.5866838 
142500 	 0.6705366 
143000 	 0.6298436 
143500 	 0.5460264 
144000 	 0.5076307 
144500 	 0.5892876 
145000 	 0.7078576 
145500 	 0.5841883 
146000 	 0.7250846 
146500 	 0.6213529 
147000 	 0.5885324 
147500 	 0.6558019 
148000 	 0.6619383 
148500 	 0.650838 
149000 	 0.6472806 
149500 	 0.7217838 
150000 	 0.6129959 
150500 	 0.6057485 
151000 	 0.5983414 
151500 	 0.6837212 
152000 	 0.6407325 
152500 	 0.5872804 
153000 	 0.683271 
153500 	 0.692878 
154000 	 0.5051651 
154500 	 0.6144696 
155000 	 0.7985357 
155500 	 0.5450799 
156000 	 0.6636205 
156500 	 0.6603055 
157000 	 0.6061786 
157500 	 0.6420138 
158000 	 0.6844185 
158500 	 0.5142473 
159000 	 0.7177153 
159500 	 0.6169179 
160000 	 0.6928868 
160500 	 0.6350338 
161000 	 0.5464108 
161500 	 0.6460987 
162000 	 0.6772426 
162500 	 0.6749746 
163000 	 0.7666898 
163500 	 0.6625674 
164000 	 0.5137512 
164500 	 0.6961971 
165000 	 0.5546406 
165500 	 0.6753668 
166000 	 0.4935251 
166500 	 0.5687066 
167000 	 0.603445 
167500 	 0.6427452 
168000 	 0.6356233 
168500 	 0.4720739 
169000 	 0.5738749 
169500 	 0.681546 
170000 	 0.6004867 
170500 	 0.5881947 
171000 	 0.651733 
171500 	 0.6708278 
172000 	 0.5766277 
172500 	 0.5529806 
173000 	 0.6810712 
173500 	 0.5325594 
174000 	 0.7218403 
174500 	 0.573256 
175000 	 0.7229934 
175500 	 0.5695246 
176000 	 0.6561102 
176500 	 0.5992985 
177000 	 0.6174851 
177500 	 0.7946304 
178000 	 0.670475 
178500 	 0.6653091 
179000 	 0.65132 
179500 	 0.621548 
180000 	 0.6256445 
180500 	 0.6020631 
181000 	 0.5563074 
181500 	 0.7051801 
182000 	 0.6583191 
182500 	 0.6151252 
183000 	 0.6218085 
183500 	 0.688839 
184000 	 0.6282169 
184500 	 0.7451805 
185000 	 0.7341201 
185500 	 0.5363031 
186000 	 0.5378225 
186500 	 0.7257087 
187000 	 0.6712219 
187500 	 0.5954017 
188000 	 0.5718878 
188500 	 0.6044786 
189000 	 0.5432987 
189500 	 0.5970089 
190000 	 0.7191528 
190500 	 0.6095945 
191000 	 0.5031506 
191500 	 0.7130851 
192000 	 0.6510692 
192500 	 0.6324043 
193000 	 0.6566531 
193500 	 0.6079916 
194000 	 0.6862677 
194500 	 0.7092097 
195000 	 0.5731986 
195500 	 0.7079757 
196000 	 0.5442982 
196500 	 0.6549324 
197000 	 0.5302084 
197500 	 0.6012416 
198000 	 0.4578721 
198500 	 0.5594958 
199000 	 0.5776819 
199500 	 0.5958285 
200000 	 0.5083131 
200500 	 0.6382699 
201000 	 0.6180258 
201500 	 0.6275599 
202000 	 0.6100079 
202500 	 0.6072699 
203000 	 0.6668514 
203500 	 0.71461 
204000 	 0.5187709 
204500 	 0.7176022 
205000 	 0.764807 
205500 	 0.5345687 
206000 	 0.518383 
206500 	 0.5149356 
207000 	 0.5271683 
207500 	 0.657995 
208000 	 0.5821579 
208500 	 0.7184845 
209000 	 0.5973953 
209500 	 0.6872087 
210000 	 0.6110189 
210500 	 0.6498477 
211000 	 0.6742514 
211500 	 0.6508983 
212000 	 0.5715822 
212500 	 0.4677021 
213000 	 0.6017348 
213500 	 0.4411208 
214000 	 0.6490241 
214500 	 0.6940858 
215000 	 0.5958131 
215500 	 0.6543673 
216000 	 0.6072957 
216500 	 0.5683754 
217000 	 0.5812354 
217500 	 0.6036003 
218000 	 0.6117712 
218500 	 0.5614416 
219000 	 0.6481979 
219500 	 0.6818037 
220000 	 0.7157125 
220500 	 0.7294202 
221000 	 0.6387049 
221500 	 0.7534157 
222000 	 0.6566352 
222500 	 0.6219162 
223000 	 0.6774133 
223500 	 0.564271 
224000 	 0.6738714 
224500 	 0.7763898 
225000 	 0.7303121 
225500 	 0.5142151 
226000 	 0.6376389 
226500 	 0.6141538 
227000 	 0.6384241 
227500 	 0.5984749 
228000 	 0.6925328 
228500 	 0.6506526 
229000 	 0.630343 
229500 	 0.5420241 
230000 	 0.5195163 
230500 	 0.6330527 
231000 	 0.679395 
231500 	 0.6859423 
232000 	 0.6273734 
232500 	 0.5549863 
233000 	 0.5201375 
233500 	 0.6908101 
234000 	 0.6514543 
234500 	 0.5148863 
235000 	 0.5136425 
235500 	 0.724138 
236000 	 0.6301378 
236500 	 0.4928921 
237000 	 0.7793645 
237500 	 0.5881379 
238000 	 0.5717136 
238500 	 0.5821516 
239000 	 0.5863806 
239500 	 0.6500147 
240000 	 0.6635165 
240500 	 0.5538577 
241000 	 0.6255344 
241500 	 0.5860954 
242000 	 0.6141488 
242500 	 0.5760674 
243000 	 0.7435264 
243500 	 0.6637133 
244000 	 0.5592085 
244500 	 0.655621 
245000 	 0.6002813 
245500 	 0.6022609 
246000 	 0.6860203 
246500 	 0.7348194 
247000 	 0.6069761 
247500 	 0.554546 
248000 	 0.628678 
248500 	 0.5000916 
249000 	 0.5498181 
249500 	 0.7542461 
250000 	 0.5401469 
250500 	 0.6583468 
251000 	 0.6158007 
251500 	 0.7378921 
252000 	 0.5534858 
252500 	 0.5087565 
253000 	 0.6296668 
253500 	 0.6776589 
254000 	 0.7111336 
254500 	 0.5866437 
255000 	 0.5538191 
255500 	 0.5797754 
256000 	 0.5081661 
256500 	 0.7621838 
257000 	 0.7343683 
257500 	 0.5798238 
258000 	 0.7072469 
258500 	 0.6609945 
259000 	 0.5618077 
259500 	 0.7716468 
260000 	 0.6040305 
260500 	 0.6223991 
261000 	 0.6554258 
261500 	 0.5856546 
262000 	 0.7126117 
262500 	 0.5483095 
263000 	 0.533537 
263500 	 0.5965914 
264000 	 0.5656049 
264500 	 0.6810947 
265000 	 0.5652657 
265500 	 0.5571761 
266000 	 0.5615794 
266500 	 0.4998953 
267000 	 0.6023757 
267500 	 0.6382854 
268000 	 0.5766511 
268500 	 0.6586673 
269000 	 0.7150127 
269500 	 0.5901164 
270000 	 0.6344249 
270500 	 0.5440241 
271000 	 0.5057834 
271500 	 0.5615076 
272000 	 0.713821 
272500 	 0.6948297 
273000 	 0.5920145 
273500 	 0.6557214 
274000 	 0.6453867 
274500 	 0.6945277 
275000 	 0.722391 
275500 	 0.8008479 
276000 	 0.640741 
276500 	 0.6345645 
277000 	 0.6909926 
277500 	 0.5100423 
278000 	 0.5361571 
278500 	 0.6763864 
279000 	 0.6864721 
279500 	 0.4918994 
280000 	 0.7171092 
280500 	 0.6673405 
281000 	 0.6055946 
281500 	 0.635969 
282000 	 0.6704165 
282500 	 0.5319432 
283000 	 0.6909334 
283500 	 0.6282264 
284000 	 0.5927901 
284500 	 0.6231747 
285000 	 0.7024111 
285500 	 0.6850171 
286000 	 0.6984096 
286500 	 0.7023958 
287000 	 0.6307994 
287500 	 0.4327275 
288000 	 0.623332 
288500 	 0.7412094 
289000 	 0.6142292 
289500 	 0.7484397 
290000 	 0.7231711 
290500 	 0.7463801 
291000 	 0.5142716 
291500 	 0.6523756 
292000 	 0.5861751 
292500 	 0.6229088 
293000 	 0.641666 
293500 	 0.6951068 
294000 	 0.6578286 
294500 	 0.6244437 
295000 	 0.5781002 
295500 	 0.5948553 
296000 	 0.7444484 
296500 	 0.6049748 
297000 	 0.539434 
297500 	 0.66182 
298000 	 0.603929 
298500 	 0.6428659 
299000 	 0.6620866 
299500 	 0.5731836 
300000 	 0.5423214 
300500 	 0.5624238 
301000 	 0.6850057 
301500 	 0.5647631 
302000 	 0.6175013 
302500 	 0.5823703 
303000 	 0.6993424 
303500 	 0.6833657 
304000 	 0.639526 
304500 	 0.6932511 
305000 	 0.6497352 
305500 	 0.6443155 
306000 	 0.6559826 
306500 	 0.7552279 
307000 	 0.708703 
307500 	 0.6253573 
308000 	 0.6483374 
308500 	 0.5027535 
309000 	 0.7484845 
309500 	 0.5738237 
310000 	 0.6344013 
310500 	 0.643522 
311000 	 0.7686124 
311500 	 0.7180747 
312000 	 0.6082027 
312500 	 0.6009309 
313000 	 0.5689612 
313500 	 0.5700113 
314000 	 0.643821 
314500 	 0.6434304 
315000 	 0.7211512 
315500 	 0.6698325 
316000 	 0.6784501 
316500 	 0.6711771 
317000 	 0.747356 
317500 	 0.6035855 
318000 	 0.617936 
318500 	 0.6922169 
319000 	 0.5222575 
319500 	 0.5726188 
320000 	 0.6273494 
320500 	 0.6747164 
321000 	 0.644537 
321500 	 0.623003 
322000 	 0.6550077 
322500 	 0.6733767 
323000 	 0.6095829 
323500 	 0.7702336 
324000 	 0.5186492 
324500 	 0.7135554 
325000 	 0.7487637 
325500 	 0.7213042 
326000 	 0.620338 
326500 	 0.5737173 
327000 	 0.5646625 
327500 	 0.4199532 
328000 	 0.6508143 
328500 	 0.6948883 
329000 	 0.5878263 
329500 	 0.699877 
330000 	 0.6223888 
330500 	 0.7497828 
331000 	 0.5925272 
331500 	 0.6898898 
332000 	 0.5153559 
332500 	 0.5514573 
333000 	 0.4640058 
333500 	 0.6257309 
334000 	 0.5321621 
334500 	 0.6724398 
335000 	 0.6344704 
335500 	 0.7605716 
336000 	 0.4684813 
336500 	 0.6030985 
337000 	 0.590299 
337500 	 0.5261955 
338000 	 0.6526826 
338500 	 0.6594664 
339000 	 0.7283998 
339500 	 0.5751752 
340000 	 0.6023464 
340500 	 0.6495504 
341000 	 0.576021 
341500 	 0.6040084 
342000 	 0.5896775 
342500 	 0.5965748 
343000 	 0.5950978 
343500 	 0.7093334 
344000 	 0.520578 
344500 	 0.6113922 
345000 	 0.6657168 
345500 	 0.5752582 
346000 	 0.6246978 
346500 	 0.6930352 
347000 	 0.5844216 
347500 	 0.6917755 
348000 	 0.7645152 
348500 	 0.4706247 
349000 	 0.6122903 
349500 	 0.5490846 
350000 	 0.7025008 
350500 	 0.5425614 
351000 	 0.6298423 
351500 	 0.6014946 
352000 	 0.5277197 
352500 	 0.4668667 
353000 	 0.7617748 
353500 	 0.6663131 
354000 	 0.7050143 
354500 	 0.5434042 
355000 	 0.5516649 
355500 	 0.701785 
356000 	 0.756808 
356500 	 0.5956082 
357000 	 0.523863 
357500 	 0.5901768 
358000 	 0.6158451 
358500 	 0.7441672 
359000 	 0.6903526 
359500 	 0.6662319 
360000 	 0.5763657 
360500 	 0.6451109 
361000 	 0.7638108 
361500 	 0.6828136 
362000 	 0.663229 
362500 	 0.71993 
363000 	 0.580475 
363500 	 0.5285766 
364000 	 0.6585609 
364500 	 0.7358708 
365000 	 0.6686199 
365500 	 0.7104576 
366000 	 0.5844081 
366500 	 0.7356975 
367000 	 0.7752142 
367500 	 0.6750452 
368000 	 0.6685498 
368500 	 0.6360124 
369000 	 0.5240752 
369500 	 0.7131464 
370000 	 0.5973569 
370500 	 0.5544901 
371000 	 0.6334742 
371500 	 0.4737108 
372000 	 0.5651558 
372500 	 0.589769 
373000 	 0.5783975 
373500 	 0.5136198 
374000 	 0.7100376 
374500 	 0.6735501 
375000 	 0.5876364 
375500 	 0.6246979 
376000 	 0.6785116 
376500 	 0.6388389 
377000 	 0.5245124 
377500 	 0.6878884 
378000 	 0.5924878 
378500 	 0.6313734 
379000 	 0.5189113 
379500 	 0.7055895 
380000 	 0.5559745 
380500 	 0.6991902 
381000 	 0.5314299 
381500 	 0.7550444 
382000 	 0.6428128 
382500 	 0.5574038 
383000 	 0.6360702 
383500 	 0.6741507 
384000 	 0.5868848 
384500 	 0.7269595 
385000 	 0.6421032 
385500 	 0.8045851 
386000 	 0.6907535 
386500 	 0.6177249 
387000 	 0.6656322 
387500 	 0.569223 
388000 	 0.5785614 
388500 	 0.6916713 
389000 	 0.5328571 
389500 	 0.6297195 
390000 	 0.6030849 
390500 	 0.4791257 
391000 	 0.6822363 
391500 	 0.7158399 
392000 	 0.6046318 
392500 	 0.5078869 
393000 	 0.6134904 
393500 	 0.6419605 
394000 	 0.6868822 
394500 	 0.6081874 
395000 	 0.6401595 
395500 	 0.5905365 
396000 	 0.6354174 
396500 	 0.6528271 
397000 	 0.5811356 
397500 	 0.6293177 
398000 	 0.5342859 
398500 	 0.6733326 
399000 	 0.60486 
399500 	 0.7078043 
400000 	 0.4178261 
400500 	 0.5624441 
401000 	 0.5744612 
401500 	 0.7195055 
402000 	 0.6529139 
402500 	 0.3767785 
403000 	 0.5347822 
403500 	 0.5052888 
404000 	 0.7009802 
404500 	 0.7301112 
405000 	 0.6332331 
405500 	 0.6452505 
406000 	 0.5702451 
406500 	 0.6787252 
407000 	 0.4861815 
407500 	 0.7310672 
408000 	 0.5337213 
408500 	 0.5882567 
409000 	 0.6952003 
409500 	 0.5227681 
410000 	 0.6667914 
410500 	 0.5716057 
411000 	 0.58946 
411500 	 0.7027672 
412000 	 0.5257629 
412500 	 0.5723728 
413000 	 0.6348201 
413500 	 0.6138721 
414000 	 0.6446396 
414500 	 0.5072623 
415000 	 0.763829 
415500 	 0.5209861 
416000 	 0.6573294 
416500 	 0.6313761 
417000 	 0.5529887 
417500 	 0.6154158 
418000 	 0.5678429 
418500 	 0.5760009 
419000 	 0.6844129 
419500 	 0.6532006 
420000 	 0.5606615 
420500 	 0.6977454 
421000 	 0.6479587 
421500 	 0.5907417 
422000 	 0.5918065 
422500 	 0.5387166 
423000 	 0.606226 
423500 	 0.5736041 
424000 	 0.6566284 
424500 	 0.615406 
425000 	 0.6313762 
425500 	 0.5699318 
426000 	 0.6460722 
426500 	 0.6401805 
427000 	 0.6639926 
427500 	 0.6583721 
428000 	 0.7053696 
428500 	 0.5223316 
429000 	 0.6080749 
429500 	 0.6664152 
430000 	 0.6516994 
430500 	 0.6753428 
431000 	 0.6739373 
431500 	 0.6719303 
432000 	 0.7599781 
432500 	 0.7423922 
433000 	 0.6189826 
433500 	 0.726385 
434000 	 0.6503989 
434500 	 0.6245001 
435000 	 0.694512 
435500 	 0.7876845 
436000 	 0.5211839 
436500 	 0.6280656 
437000 	 0.4838992 
437500 	 0.5631121 
438000 	 0.6622757 
438500 	 0.6455058 
439000 	 0.6098731 
439500 	 0.5412301 
440000 	 0.6014662 
440500 	 0.6321993 
441000 	 0.6804143 
441500 	 0.7300035 
442000 	 0.6438574 
442500 	 0.6016465 
443000 	 0.646485 
443500 	 0.7323502 
444000 	 0.6080089 
444500 	 0.6787706 
445000 	 0.6854798 
445500 	 0.4890676 
446000 	 0.6006883 
446500 	 0.6639366 
447000 	 0.5110146 
447500 	 0.7351208 
448000 	 0.4894398 
448500 	 0.7614592 
449000 	 0.5900863 
449500 	 0.6404412 
450000 	 0.5899432 
450500 	 0.6863249 
451000 	 0.6545945 
451500 	 0.7333296 
452000 	 0.6238371 
452500 	 0.5370296 
453000 	 0.7172305 
453500 	 0.6287046 
454000 	 0.6010258 
454500 	 0.6403252 
455000 	 0.5137498 
455500 	 0.6669173 
456000 	 0.6017636 
456500 	 0.4680677 
457000 	 0.5391686 
457500 	 0.5850433 
458000 	 0.5125861 
458500 	 0.7373166 
459000 	 0.5854004 
459500 	 0.7181749 
460000 	 0.6059639 
460500 	 0.6299104 
461000 	 0.6444572 
461500 	 0.6958655 
462000 	 0.5616701 
462500 	 0.6932946 
463000 	 0.5495528 
463500 	 0.6548552 
464000 	 0.6731207 
464500 	 0.6867676 
465000 	 0.6012266 
465500 	 0.6933064 
466000 	 0.5654656 
466500 	 0.6315635 
467000 	 0.5944617 
467500 	 0.5357935 
468000 	 0.6712819 
468500 	 0.6555526 
469000 	 0.6679038 
469500 	 0.5147736 
470000 	 0.6571642 
470500 	 0.5343006 
471000 	 0.6315999 
471500 	 0.5948461 
472000 	 0.6384067 
472500 	 0.711892 
473000 	 0.6173911 
473500 	 0.6111064 
474000 	 0.6528446 
474500 	 0.7128965 
475000 	 0.5920846 
475500 	 0.6018381 
476000 	 0.5244058 
476500 	 0.5564998 
477000 	 0.6903988 
477500 	 0.5977842 
478000 	 0.6471462 
478500 	 0.7013806 
479000 	 0.7564988 
479500 	 0.6511959 
480000 	 0.6507561 
480500 	 0.5711744 
481000 	 0.5995148 
481500 	 0.5336101 
482000 	 0.6276881 
482500 	 0.6437389 
483000 	 0.6445633 
483500 	 0.5159949 
484000 	 0.6580237 
484500 	 0.6167044 
485000 	 0.6832189 
485500 	 0.652812 
486000 	 0.7507467 
486500 	 0.5954913 
487000 	 0.6055416 
487500 	 0.6068877 
488000 	 0.6602186 
488500 	 0.654899 
489000 	 0.5533208 
489500 	 0.6469901 
490000 	 0.5502397 
490500 	 0.5967938 
491000 	 0.5687947 
491500 	 0.6648305 
492000 	 0.6316461 
492500 	 0.5188609 
493000 	 0.6084735 
493500 	 0.6094555 
494000 	 0.6959889 
494500 	 0.6677856 
495000 	 0.7333934 
495500 	 0.5723566 
496000 	 0.7051322 
496500 	 0.7091395 
497000 	 0.6901953 
497500 	 0.7135879 
498000 	 0.6788917 
498500 	 0.7678571 
499000 	 0.6615617 
499500 	 0.7086045 
500000 	 0.5939588 
