iter 	 p
500 	 0.5259079 
1000 	 0.6203866 
1500 	 0.6407588 
2000 	 0.6159257 
2500 	 0.6221365 
3000 	 0.6076036 
3500 	 0.5783138 
4000 	 0.6203365 
4500 	 0.5630388 
5000 	 0.5898362 
5500 	 0.5065144 
6000 	 0.5339005 
6500 	 0.4539385 
7000 	 0.5318006 
7500 	 0.6020975 
8000 	 0.544787 
8500 	 0.6594354 
9000 	 0.4548153 
9500 	 0.5758964 
10000 	 0.4849587 
10500 	 0.6237984 
11000 	 0.5803169 
11500 	 0.5502039 
12000 	 0.6631853 
12500 	 0.6606826 
13000 	 0.5468377 
13500 	 0.6432152 
14000 	 0.4791084 
14500 	 0.5284541 
15000 	 0.5531819 
15500 	 0.65856 
16000 	 0.5671632 
16500 	 0.6598573 
17000 	 0.5314339 
17500 	 0.5322728 
18000 	 0.5794875 
18500 	 0.5309166 
19000 	 0.6142165 
19500 	 0.4047343 
20000 	 0.5773643 
20500 	 0.5002278 
21000 	 0.5899241 
21500 	 0.5806029 
22000 	 0.5175369 
22500 	 0.6728655 
23000 	 0.6411361 
23500 	 0.5117025 
24000 	 0.5625684 
24500 	 0.5501521 
25000 	 0.5355636 
25500 	 0.6031349 
26000 	 0.6374559 
26500 	 0.5744847 
27000 	 0.609028 
27500 	 0.5244349 
28000 	 0.6421722 
28500 	 0.7345923 
29000 	 0.5481222 
29500 	 0.5193094 
30000 	 0.5451045 
30500 	 0.5440801 
31000 	 0.6211951 
31500 	 0.5620853 
32000 	 0.6463089 
32500 	 0.6644875 
33000 	 0.5861987 
33500 	 0.5813732 
34000 	 0.7411435 
34500 	 0.5244928 
35000 	 0.6354663 
35500 	 0.6928598 
36000 	 0.5524202 
36500 	 0.6938875 
37000 	 0.6053037 
37500 	 0.5428892 
38000 	 0.4124576 
38500 	 0.6270973 
39000 	 0.4872442 
39500 	 0.5874256 
40000 	 0.5824793 
40500 	 0.7149057 
41000 	 0.6508669 
41500 	 0.5182924 
42000 	 0.5920171 
42500 	 0.4933432 
43000 	 0.6362674 
43500 	 0.5289036 
44000 	 0.4762593 
44500 	 0.5609724 
45000 	 0.6249323 
45500 	 0.614549 
46000 	 0.5642905 
46500 	 0.6334543 
47000 	 0.554876 
47500 	 0.6590483 
48000 	 0.647517 
48500 	 0.5634931 
49000 	 0.5206009 
49500 	 0.6786485 
50000 	 0.4535864 
50500 	 0.4925872 
51000 	 0.599942 
51500 	 0.6448095 
52000 	 0.7063321 
52500 	 0.5853801 
53000 	 0.5981609 
53500 	 0.6531025 
54000 	 0.6270141 
54500 	 0.645891 
55000 	 0.4791769 
55500 	 0.4932093 
56000 	 0.6899602 
56500 	 0.6947153 
57000 	 0.689239 
57500 	 0.5127235 
58000 	 0.6344243 
58500 	 0.6220041 
59000 	 0.5558934 
59500 	 0.6446629 
60000 	 0.5370745 
60500 	 0.5948841 
61000 	 0.6561181 
61500 	 0.5556636 
62000 	 0.6919635 
62500 	 0.6698996 
63000 	 0.6222409 
63500 	 0.6043797 
64000 	 0.572854 
64500 	 0.743523 
65000 	 0.473219 
65500 	 0.4292182 
66000 	 0.6646367 
66500 	 0.6663352 
67000 	 0.4514342 
67500 	 0.5695348 
68000 	 0.5233584 
68500 	 0.4447725 
69000 	 0.4971766 
69500 	 0.5911586 
70000 	 0.5780813 
70500 	 0.6350127 
71000 	 0.5956438 
71500 	 0.5389907 
72000 	 0.6578569 
72500 	 0.5116643 
73000 	 0.6201971 
73500 	 0.6463076 
74000 	 0.5042623 
74500 	 0.4474883 
75000 	 0.5466568 
75500 	 0.6131497 
76000 	 0.5692648 
76500 	 0.4891029 
77000 	 0.6268329 
77500 	 0.5152555 
78000 	 0.5452902 
78500 	 0.5324064 
79000 	 0.5632756 
79500 	 0.5213645 
80000 	 0.5117304 
80500 	 0.6156462 
81000 	 0.4846733 
81500 	 0.5934322 
82000 	 0.6178126 
82500 	 0.6201773 
83000 	 0.6099515 
83500 	 0.5974169 
84000 	 0.4973171 
84500 	 0.6244984 
85000 	 0.5539046 
85500 	 0.5185815 
86000 	 0.5834413 
86500 	 0.7160809 
87000 	 0.6216945 
87500 	 0.5755132 
88000 	 0.5397043 
88500 	 0.5645775 
89000 	 0.6067243 
89500 	 0.5401357 
90000 	 0.6346898 
90500 	 0.5896471 
91000 	 0.5847191 
91500 	 0.5473747 
92000 	 0.4586158 
92500 	 0.6178827 
93000 	 0.6524651 
93500 	 0.5338788 
94000 	 0.6881543 
94500 	 0.596707 
95000 	 0.6108804 
95500 	 0.5204716 
96000 	 0.5381417 
96500 	 0.5603578 
97000 	 0.5645774 
97500 	 0.6063691 
98000 	 0.4473968 
98500 	 0.5227049 
99000 	 0.6207371 
99500 	 0.5717178 
100000 	 0.579213 
100500 	 0.637476 
101000 	 0.6545142 
101500 	 0.5708884 
102000 	 0.4890598 
102500 	 0.4716334 
103000 	 0.4272706 
103500 	 0.5322255 
104000 	 0.69478 
104500 	 0.4151833 
105000 	 0.5673908 
105500 	 0.6683497 
106000 	 0.6622982 
106500 	 0.5700745 
107000 	 0.6362545 
107500 	 0.6731423 
108000 	 0.4121229 
108500 	 0.49634 
109000 	 0.4409147 
109500 	 0.6670626 
110000 	 0.4982296 
110500 	 0.6656593 
111000 	 0.5754928 
111500 	 0.6284734 
112000 	 0.553408 
112500 	 0.5110308 
113000 	 0.5811735 
113500 	 0.4858512 
114000 	 0.3992199 
114500 	 0.5899255 
115000 	 0.3638264 
115500 	 0.5693151 
116000 	 0.5000185 
116500 	 0.6612738 
117000 	 0.6437758 
117500 	 0.5505417 
118000 	 0.4240171 
118500 	 0.616004 
119000 	 0.7278793 
119500 	 0.6122027 
120000 	 0.6916984 
120500 	 0.6724291 
121000 	 0.587456 
121500 	 0.5986899 
122000 	 0.4706783 
122500 	 0.6303431 
123000 	 0.4939541 
123500 	 0.5419498 
124000 	 0.3078926 
124500 	 0.4710479 
125000 	 0.5769046 
125500 	 0.6042359 
126000 	 0.6662439 
126500 	 0.5792649 
127000 	 0.5384128 
127500 	 0.6244346 
128000 	 0.6156949 
128500 	 0.4557444 
129000 	 0.6079071 
129500 	 0.6559726 
130000 	 0.5298933 
130500 	 0.6426019 
131000 	 0.6166718 
131500 	 0.7641628 
132000 	 0.5183417 
132500 	 0.595421 
133000 	 0.6588339 
133500 	 0.5547019 
134000 	 0.5751434 
134500 	 0.6443225 
135000 	 0.5387767 
135500 	 0.5202487 
136000 	 0.6111211 
136500 	 0.4648 
137000 	 0.6779816 
137500 	 0.6156713 
138000 	 0.6018473 
138500 	 0.5862888 
139000 	 0.5456604 
139500 	 0.4191591 
140000 	 0.6874401 
140500 	 0.6531488 
141000 	 0.6715145 
141500 	 0.6439108 
142000 	 0.6073105 
142500 	 0.5782582 
143000 	 0.6152079 
143500 	 0.5703125 
144000 	 0.6679545 
144500 	 0.5361406 
145000 	 0.5097661 
145500 	 0.5330801 
146000 	 0.5966128 
146500 	 0.686606 
147000 	 0.5003473 
147500 	 0.5544434 
148000 	 0.4961468 
148500 	 0.4881279 
149000 	 0.5639048 
149500 	 0.6304642 
150000 	 0.6724105 
150500 	 0.5523621 
151000 	 0.5920818 
151500 	 0.6162373 
152000 	 0.6305943 
152500 	 0.5088307 
153000 	 0.5728604 
153500 	 0.7396106 
154000 	 0.5971142 
154500 	 0.5892696 
155000 	 0.6319015 
155500 	 0.5307139 
156000 	 0.6089311 
156500 	 0.4642403 
157000 	 0.4793877 
157500 	 0.5246616 
158000 	 0.5365473 
158500 	 0.6826614 
159000 	 0.5206903 
159500 	 0.5292527 
160000 	 0.5747506 
160500 	 0.5878875 
161000 	 0.4457309 
161500 	 0.5330502 
162000 	 0.3946819 
162500 	 0.6283577 
163000 	 0.5129819 
163500 	 0.5452686 
164000 	 0.4607407 
164500 	 0.6184718 
165000 	 0.5866357 
165500 	 0.6206387 
166000 	 0.5481495 
166500 	 0.6521147 
167000 	 0.6253907 
167500 	 0.5797666 
168000 	 0.5232872 
168500 	 0.6782886 
169000 	 0.6138494 
169500 	 0.5959553 
170000 	 0.5926333 
170500 	 0.6289802 
171000 	 0.7001239 
171500 	 0.5531286 
172000 	 0.5605862 
172500 	 0.5345152 
173000 	 0.5427635 
173500 	 0.464194 
174000 	 0.6890543 
174500 	 0.6179457 
175000 	 0.6228303 
175500 	 0.5345229 
176000 	 0.5389601 
176500 	 0.5495136 
177000 	 0.5841615 
177500 	 0.6105779 
178000 	 0.5022717 
178500 	 0.5737852 
179000 	 0.6642394 
179500 	 0.6673876 
180000 	 0.5887338 
180500 	 0.6201532 
181000 	 0.5592119 
181500 	 0.4771779 
182000 	 0.5380276 
182500 	 0.5534546 
183000 	 0.5240353 
183500 	 0.5316225 
184000 	 0.6843071 
184500 	 0.5641586 
185000 	 0.6170528 
185500 	 0.558011 
186000 	 0.4271567 
186500 	 0.4531972 
187000 	 0.5968128 
187500 	 0.5645712 
188000 	 0.5848513 
188500 	 0.5787889 
189000 	 0.5341507 
189500 	 0.7174873 
190000 	 0.6876625 
190500 	 0.5917333 
191000 	 0.4786235 
191500 	 0.5936812 
192000 	 0.4358118 
192500 	 0.4238752 
193000 	 0.634889 
193500 	 0.639822 
194000 	 0.5667629 
194500 	 0.5103783 
195000 	 0.745475 
195500 	 0.6098022 
196000 	 0.5742162 
196500 	 0.5517652 
197000 	 0.527526 
197500 	 0.5988417 
198000 	 0.5012212 
198500 	 0.667597 
199000 	 0.545518 
199500 	 0.5836419 
200000 	 0.596115 
200500 	 0.4780687 
201000 	 0.569642 
201500 	 0.6430765 
202000 	 0.7201353 
202500 	 0.5548149 
203000 	 0.5303409 
203500 	 0.5532959 
204000 	 0.5917273 
204500 	 0.649173 
205000 	 0.6191921 
205500 	 0.7200179 
206000 	 0.6084582 
206500 	 0.6090144 
207000 	 0.7530933 
207500 	 0.6367873 
208000 	 0.576534 
208500 	 0.5437246 
209000 	 0.5792294 
209500 	 0.6237932 
210000 	 0.4430911 
210500 	 0.6542819 
211000 	 0.6491727 
211500 	 0.4905627 
212000 	 0.5764132 
212500 	 0.5046614 
213000 	 0.5741529 
213500 	 0.6649748 
214000 	 0.4549631 
214500 	 0.6384453 
215000 	 0.5869488 
215500 	 0.592956 
216000 	 0.6254584 
216500 	 0.5977978 
217000 	 0.6501392 
217500 	 0.5241468 
218000 	 0.5050215 
218500 	 0.5811731 
219000 	 0.6248245 
219500 	 0.6186076 
220000 	 0.5616037 
220500 	 0.5179926 
221000 	 0.4881658 
221500 	 0.5314836 
222000 	 0.6380202 
222500 	 0.5512654 
223000 	 0.5741444 
223500 	 0.5804967 
224000 	 0.4470028 
224500 	 0.6142251 
225000 	 0.4816961 
225500 	 0.6150926 
226000 	 0.529233 
226500 	 0.4637867 
227000 	 0.6583698 
227500 	 0.431099 
228000 	 0.5275867 
228500 	 0.574363 
229000 	 0.5803123 
229500 	 0.5383199 
230000 	 0.5490646 
230500 	 0.62945 
231000 	 0.7182623 
231500 	 0.469988 
232000 	 0.4734437 
232500 	 0.580703 
233000 	 0.5027976 
233500 	 0.6089062 
234000 	 0.495586 
234500 	 0.6286858 
235000 	 0.6549462 
235500 	 0.5795291 
236000 	 0.5966228 
236500 	 0.5819634 
237000 	 0.7303887 
237500 	 0.6521216 
238000 	 0.5592113 
238500 	 0.5551569 
239000 	 0.5183742 
239500 	 0.5629165 
240000 	 0.4745886 
240500 	 0.6704383 
241000 	 0.6016442 
241500 	 0.5075315 
242000 	 0.5697045 
242500 	 0.59725 
243000 	 0.4284887 
243500 	 0.5770118 
244000 	 0.6185938 
244500 	 0.5367207 
245000 	 0.5874677 
245500 	 0.6934767 
246000 	 0.5851909 
246500 	 0.6657893 
247000 	 0.4853293 
247500 	 0.4996496 
248000 	 0.5816664 
248500 	 0.425787 
249000 	 0.6326204 
249500 	 0.6349422 
250000 	 0.5931644 
250500 	 0.5376881 
251000 	 0.6360407 
251500 	 0.5544629 
252000 	 0.4389086 
252500 	 0.5049355 
253000 	 0.656239 
253500 	 0.5687247 
254000 	 0.4882807 
254500 	 0.4942688 
255000 	 0.5532206 
255500 	 0.5935331 
256000 	 0.7536904 
256500 	 0.6907678 
257000 	 0.5465656 
257500 	 0.7184791 
258000 	 0.8084711 
258500 	 0.6495641 
259000 	 0.5549277 
259500 	 0.5238147 
260000 	 0.522154 
260500 	 0.7252123 
261000 	 0.6752696 
261500 	 0.6354463 
262000 	 0.6240879 
262500 	 0.5386969 
263000 	 0.5561943 
263500 	 0.621773 
264000 	 0.6484084 
264500 	 0.4391055 
265000 	 0.4535534 
265500 	 0.6152093 
266000 	 0.5268533 
266500 	 0.5617742 
267000 	 0.5213189 
267500 	 0.5330246 
268000 	 0.556535 
268500 	 0.6160322 
269000 	 0.6395664 
269500 	 0.61744 
270000 	 0.6767469 
270500 	 0.602167 
271000 	 0.5211367 
271500 	 0.6104532 
272000 	 0.671561 
272500 	 0.4476338 
273000 	 0.5725001 
273500 	 0.5462112 
274000 	 0.5422922 
274500 	 0.5154509 
275000 	 0.6580956 
275500 	 0.5235539 
276000 	 0.6284776 
276500 	 0.5572018 
277000 	 0.594122 
277500 	 0.6082321 
278000 	 0.6382393 
278500 	 0.5434112 
279000 	 0.5402269 
279500 	 0.4983545 
280000 	 0.6332204 
280500 	 0.605523 
281000 	 0.6833678 
281500 	 0.5972431 
282000 	 0.5912406 
282500 	 0.6277477 
283000 	 0.6306094 
283500 	 0.5772053 
284000 	 0.5851861 
284500 	 0.4800569 
285000 	 0.581874 
285500 	 0.5627671 
286000 	 0.5624853 
286500 	 0.6416798 
287000 	 0.6678154 
287500 	 0.6136177 
288000 	 0.6623808 
288500 	 0.6986206 
289000 	 0.5804079 
289500 	 0.6528836 
290000 	 0.6185696 
290500 	 0.5772578 
291000 	 0.5209187 
291500 	 0.4524734 
292000 	 0.6119901 
292500 	 0.4908442 
293000 	 0.5994537 
293500 	 0.6748469 
294000 	 0.4415658 
294500 	 0.7097216 
295000 	 0.6340046 
295500 	 0.5239328 
296000 	 0.5885102 
296500 	 0.5927378 
297000 	 0.678503 
297500 	 0.5823148 
298000 	 0.5974358 
298500 	 0.515883 
299000 	 0.5977716 
299500 	 0.6019441 
300000 	 0.5941028 
300500 	 0.6077164 
301000 	 0.5018888 
301500 	 0.4413608 
302000 	 0.5501833 
302500 	 0.4672596 
303000 	 0.6253554 
303500 	 0.5493665 
304000 	 0.6198266 
304500 	 0.5698778 
305000 	 0.6161694 
305500 	 0.4056937 
306000 	 0.4043375 
306500 	 0.6033141 
307000 	 0.5613879 
307500 	 0.6672503 
308000 	 0.5635796 
308500 	 0.6002043 
309000 	 0.6960014 
309500 	 0.6229963 
310000 	 0.5107759 
310500 	 0.5430546 
311000 	 0.6389584 
311500 	 0.7106044 
312000 	 0.6157221 
312500 	 0.5806688 
313000 	 0.5518761 
313500 	 0.6466457 
314000 	 0.6482942 
314500 	 0.6460737 
315000 	 0.4867922 
315500 	 0.6017868 
316000 	 0.5710888 
316500 	 0.5943092 
317000 	 0.5420369 
317500 	 0.6004179 
318000 	 0.5594954 
318500 	 0.5430445 
319000 	 0.6669637 
319500 	 0.5331031 
320000 	 0.4095651 
320500 	 0.6080374 
321000 	 0.6001605 
321500 	 0.5028447 
322000 	 0.5517214 
322500 	 0.6841523 
323000 	 0.6000365 
323500 	 0.542931 
324000 	 0.6683051 
324500 	 0.5770706 
325000 	 0.6491024 
325500 	 0.6283969 
326000 	 0.5500957 
326500 	 0.5263964 
327000 	 0.6793977 
327500 	 0.6668802 
328000 	 0.6917144 
328500 	 0.4995372 
329000 	 0.6341245 
329500 	 0.5048468 
330000 	 0.5822132 
330500 	 0.5770208 
331000 	 0.7002894 
331500 	 0.5125455 
332000 	 0.5753893 
332500 	 0.4970389 
333000 	 0.4678874 
333500 	 0.6525252 
334000 	 0.7005763 
334500 	 0.4602636 
335000 	 0.5409295 
335500 	 0.7075104 
336000 	 0.6773001 
336500 	 0.5043651 
337000 	 0.7365835 
337500 	 0.6448308 
338000 	 0.6271376 
338500 	 0.5587609 
339000 	 0.6019067 
339500 	 0.572137 
340000 	 0.6429137 
340500 	 0.5440188 
341000 	 0.6899273 
341500 	 0.5810206 
342000 	 0.6555213 
342500 	 0.4510507 
343000 	 0.5789778 
343500 	 0.5881904 
344000 	 0.5200525 
344500 	 0.6045596 
345000 	 0.7165391 
345500 	 0.621709 
346000 	 0.5264185 
346500 	 0.4998235 
347000 	 0.6275793 
347500 	 0.6397086 
348000 	 0.5317087 
348500 	 0.6274754 
349000 	 0.5867914 
349500 	 0.6320646 
350000 	 0.5498089 
350500 	 0.5768975 
351000 	 0.5485722 
351500 	 0.6791323 
352000 	 0.6529518 
352500 	 0.5289327 
353000 	 0.3909437 
353500 	 0.5009653 
354000 	 0.6791326 
354500 	 0.6031659 
355000 	 0.6824944 
355500 	 0.5202415 
356000 	 0.6805153 
356500 	 0.5304049 
357000 	 0.5962088 
357500 	 0.6734555 
358000 	 0.5585206 
358500 	 0.5931077 
359000 	 0.5236358 
359500 	 0.5079696 
360000 	 0.5501978 
360500 	 0.4736099 
361000 	 0.526873 
361500 	 0.6162143 
362000 	 0.513378 
362500 	 0.4267999 
363000 	 0.4814811 
363500 	 0.5035718 
364000 	 0.6004168 
364500 	 0.6860492 
365000 	 0.431998 
365500 	 0.6470384 
366000 	 0.5894902 
366500 	 0.6008153 
367000 	 0.5617557 
367500 	 0.5840005 
368000 	 0.5701773 
368500 	 0.6957943 
369000 	 0.5714647 
369500 	 0.5413445 
370000 	 0.4955504 
370500 	 0.6430126 
371000 	 0.5395661 
371500 	 0.5924213 
372000 	 0.5855462 
372500 	 0.6211935 
373000 	 0.5110727 
373500 	 0.6190809 
374000 	 0.5457248 
374500 	 0.6723301 
375000 	 0.5451086 
375500 	 0.4430304 
376000 	 0.489033 
376500 	 0.4894196 
377000 	 0.5670652 
377500 	 0.711264 
378000 	 0.5106757 
378500 	 0.5682778 
379000 	 0.5665865 
379500 	 0.5812041 
380000 	 0.5710847 
380500 	 0.6368331 
381000 	 0.4961388 
381500 	 0.478551 
382000 	 0.6635458 
382500 	 0.6563193 
383000 	 0.6065367 
383500 	 0.517812 
384000 	 0.5250578 
384500 	 0.6802142 
385000 	 0.6117586 
385500 	 0.5942301 
386000 	 0.5270221 
386500 	 0.5846569 
387000 	 0.6117062 
387500 	 0.5905425 
388000 	 0.5703448 
388500 	 0.3906772 
389000 	 0.5726716 
389500 	 0.5842484 
390000 	 0.6347125 
390500 	 0.5824606 
391000 	 0.5373614 
391500 	 0.6270865 
392000 	 0.6028001 
392500 	 0.5961223 
393000 	 0.5364351 
393500 	 0.4976716 
394000 	 0.5556696 
394500 	 0.5981274 
395000 	 0.426697 
395500 	 0.4688818 
396000 	 0.6140858 
396500 	 0.5341229 
397000 	 0.5823893 
397500 	 0.6079263 
398000 	 0.5652932 
398500 	 0.5353738 
399000 	 0.4962077 
399500 	 0.5338519 
400000 	 0.5904307 
400500 	 0.482696 
401000 	 0.5360069 
401500 	 0.5262604 
402000 	 0.587997 
402500 	 0.541709 
403000 	 0.5804279 
403500 	 0.5258449 
404000 	 0.6431855 
404500 	 0.3345025 
405000 	 0.5834143 
405500 	 0.6109377 
406000 	 0.5346222 
406500 	 0.5701131 
407000 	 0.7455049 
407500 	 0.6160048 
408000 	 0.471117 
408500 	 0.6117393 
409000 	 0.5091425 
409500 	 0.6030108 
410000 	 0.5460134 
410500 	 0.5822271 
411000 	 0.5637848 
411500 	 0.5554823 
412000 	 0.5934963 
412500 	 0.6356129 
413000 	 0.4115435 
413500 	 0.5231929 
414000 	 0.7081436 
414500 	 0.5475889 
415000 	 0.6498592 
415500 	 0.5387381 
416000 	 0.6162403 
416500 	 0.5407253 
417000 	 0.6415694 
417500 	 0.512111 
418000 	 0.5279788 
418500 	 0.6036844 
419000 	 0.4977571 
419500 	 0.5616444 
420000 	 0.4196656 
420500 	 0.5612057 
421000 	 0.5183957 
421500 	 0.6501649 
422000 	 0.6002657 
422500 	 0.5191999 
423000 	 0.5287376 
423500 	 0.5254319 
424000 	 0.7347097 
424500 	 0.679133 
425000 	 0.5407084 
425500 	 0.5916683 
426000 	 0.5383915 
426500 	 0.5535639 
427000 	 0.595322 
427500 	 0.5575142 
428000 	 0.552869 
428500 	 0.5950183 
429000 	 0.5513161 
429500 	 0.558659 
430000 	 0.6693036 
430500 	 0.5051587 
431000 	 0.4781135 
431500 	 0.6112904 
432000 	 0.6638749 
432500 	 0.3376949 
433000 	 0.5919253 
433500 	 0.5738974 
434000 	 0.6092083 
434500 	 0.5312464 
435000 	 0.545866 
435500 	 0.7118831 
436000 	 0.6193887 
436500 	 0.6906478 
437000 	 0.5087112 
437500 	 0.5559353 
438000 	 0.6416191 
438500 	 0.6480236 
439000 	 0.6055852 
439500 	 0.5364009 
440000 	 0.526759 
440500 	 0.497448 
441000 	 0.7159321 
441500 	 0.6694013 
442000 	 0.4969244 
442500 	 0.6129055 
443000 	 0.5034266 
443500 	 0.4969368 
444000 	 0.7382802 
444500 	 0.4344056 
445000 	 0.5414647 
445500 	 0.6646992 
446000 	 0.3700553 
446500 	 0.4282871 
447000 	 0.3927083 
447500 	 0.6318937 
448000 	 0.6530255 
448500 	 0.6876606 
449000 	 0.5943704 
449500 	 0.7195407 
450000 	 0.5687524 
450500 	 0.5611135 
451000 	 0.6460523 
451500 	 0.5886883 
452000 	 0.4922756 
452500 	 0.5434618 
453000 	 0.4440907 
453500 	 0.5947241 
454000 	 0.6467454 
454500 	 0.5932525 
455000 	 0.6127631 
455500 	 0.6625328 
456000 	 0.6744878 
456500 	 0.6967825 
457000 	 0.5145716 
457500 	 0.5916091 
458000 	 0.4441361 
458500 	 0.6112717 
459000 	 0.6185847 
459500 	 0.6338415 
460000 	 0.6334695 
460500 	 0.6033715 
461000 	 0.6605819 
461500 	 0.6263243 
462000 	 0.5081758 
462500 	 0.6044153 
463000 	 0.5622759 
463500 	 0.487596 
464000 	 0.7181582 
464500 	 0.4866201 
465000 	 0.5784248 
465500 	 0.460217 
466000 	 0.4528845 
466500 	 0.5125261 
467000 	 0.6053156 
467500 	 0.5701592 
468000 	 0.5547189 
468500 	 0.492087 
469000 	 0.596055 
469500 	 0.4394058 
470000 	 0.6991071 
470500 	 0.6913472 
471000 	 0.6407677 
471500 	 0.632488 
472000 	 0.5395108 
472500 	 0.5595753 
473000 	 0.6656455 
473500 	 0.535515 
474000 	 0.4236444 
474500 	 0.5481563 
475000 	 0.6970803 
475500 	 0.6235297 
476000 	 0.4783191 
476500 	 0.578765 
477000 	 0.532463 
477500 	 0.5536028 
478000 	 0.5604649 
478500 	 0.6287157 
479000 	 0.5687522 
479500 	 0.6547533 
480000 	 0.5371672 
480500 	 0.4887645 
481000 	 0.562774 
481500 	 0.7057276 
482000 	 0.583915 
482500 	 0.6119917 
483000 	 0.5541762 
483500 	 0.6199789 
484000 	 0.5932449 
484500 	 0.4767827 
485000 	 0.7001506 
485500 	 0.6357315 
486000 	 0.5521658 
486500 	 0.6240642 
487000 	 0.6238454 
487500 	 0.7256811 
488000 	 0.7603582 
488500 	 0.5512815 
489000 	 0.6083168 
489500 	 0.5882371 
490000 	 0.6290324 
490500 	 0.6562262 
491000 	 0.5321657 
491500 	 0.3781633 
492000 	 0.5724879 
492500 	 0.5540948 
493000 	 0.6338165 
493500 	 0.5650405 
494000 	 0.5314559 
494500 	 0.6151332 
495000 	 0.491094 
495500 	 0.5114775 
496000 	 0.7064357 
496500 	 0.6467534 
497000 	 0.6258739 
497500 	 0.5403228 
498000 	 0.5813666 
498500 	 0.6181027 
499000 	 0.6424949 
499500 	 0.6573288 
500000 	 0.6070136 
