iter 	 p
500 	 0.7599529 
1000 	 0.921912 
1500 	 0.7479403 
2000 	 0.7097392 
2500 	 0.772116 
3000 	 0.8570912 
3500 	 0.8377706 
4000 	 0.6987934 
4500 	 0.7854593 
5000 	 0.8832678 
5500 	 0.7766065 
6000 	 0.8709529 
6500 	 0.8320763 
7000 	 0.806946 
7500 	 0.9293873 
8000 	 0.8010673 
8500 	 0.5646122 
9000 	 0.7429477 
9500 	 0.6636354 
10000 	 0.8496535 
10500 	 0.7057981 
11000 	 0.8322986 
11500 	 0.8371775 
12000 	 0.7261854 
12500 	 0.7543957 
13000 	 0.7409289 
13500 	 0.7824954 
14000 	 0.7920964 
14500 	 0.7240955 
15000 	 0.6792379 
15500 	 0.8494107 
16000 	 0.8149701 
16500 	 0.6941503 
17000 	 0.7946392 
17500 	 0.4790548 
18000 	 0.9370127 
18500 	 0.9019954 
19000 	 0.6921559 
19500 	 0.7739909 
20000 	 0.7962553 
20500 	 0.7945621 
21000 	 0.7280744 
21500 	 0.5532047 
22000 	 0.7626137 
22500 	 0.7705099 
23000 	 0.7979692 
23500 	 0.874233 
24000 	 0.7772317 
24500 	 0.8529001 
25000 	 0.6573661 
25500 	 0.8343105 
26000 	 0.6751225 
26500 	 0.7948438 
27000 	 0.8042264 
27500 	 0.6889751 
28000 	 0.8032311 
28500 	 0.7491544 
29000 	 0.7838706 
29500 	 0.7109798 
30000 	 0.7989186 
30500 	 0.6895604 
31000 	 0.7788257 
31500 	 0.9140314 
32000 	 0.8020859 
32500 	 0.7289024 
33000 	 0.7445166 
33500 	 0.7794726 
34000 	 0.7958814 
34500 	 0.6524079 
35000 	 0.6646321 
35500 	 0.549841 
36000 	 0.7563656 
36500 	 0.7342964 
37000 	 0.8234544 
37500 	 0.8588446 
38000 	 0.8681431 
38500 	 0.7786757 
39000 	 0.7094655 
39500 	 0.8813925 
40000 	 0.6793388 
40500 	 0.7800223 
41000 	 0.7162544 
41500 	 0.8082957 
42000 	 0.7332674 
42500 	 0.6942653 
43000 	 0.5540502 
43500 	 0.8430024 
44000 	 0.7420088 
44500 	 0.7903297 
45000 	 0.7345913 
45500 	 0.7393558 
46000 	 0.7730506 
46500 	 0.7730935 
47000 	 0.7566749 
47500 	 0.8738207 
48000 	 0.7084948 
48500 	 0.794507 
49000 	 0.8840763 
49500 	 0.7713167 
50000 	 0.7498905 
50500 	 0.7408934 
51000 	 0.8315667 
51500 	 0.8793549 
52000 	 0.7213157 
52500 	 0.8494209 
53000 	 0.850853 
53500 	 0.885702 
54000 	 0.6709823 
54500 	 0.8331037 
55000 	 0.7842498 
55500 	 0.7811799 
56000 	 0.7474972 
56500 	 0.7872872 
57000 	 0.6375364 
57500 	 0.7639484 
58000 	 0.7061081 
58500 	 0.7842085 
59000 	 0.8252587 
59500 	 0.8196143 
60000 	 0.7987405 
60500 	 0.8057752 
61000 	 0.7808743 
61500 	 0.8595499 
62000 	 0.7555218 
62500 	 0.6624039 
63000 	 0.7814921 
63500 	 0.8035793 
64000 	 0.7307097 
64500 	 0.7580594 
65000 	 0.7984799 
65500 	 0.7768824 
66000 	 0.8095691 
66500 	 0.8673658 
67000 	 0.7892417 
67500 	 0.815758 
68000 	 0.8150163 
68500 	 0.7653618 
69000 	 0.6750767 
69500 	 0.8452981 
70000 	 0.6221442 
70500 	 0.7871162 
71000 	 0.7400264 
71500 	 0.6832331 
72000 	 0.7237535 
72500 	 0.6006911 
73000 	 0.7584855 
73500 	 0.8397147 
74000 	 0.7253799 
74500 	 0.844121 
75000 	 0.8831299 
75500 	 0.7154918 
76000 	 0.6928437 
76500 	 0.8301051 
77000 	 0.6548971 
77500 	 0.7281664 
78000 	 0.7486916 
78500 	 0.7341155 
79000 	 0.807465 
79500 	 0.621195 
80000 	 0.8032132 
80500 	 0.7383058 
81000 	 0.6934093 
81500 	 0.7760026 
82000 	 0.7742431 
82500 	 0.7849845 
83000 	 0.6345558 
83500 	 0.7037466 
84000 	 0.8793074 
84500 	 0.6412332 
85000 	 0.8486772 
85500 	 0.8386995 
86000 	 0.7838739 
86500 	 0.5930604 
87000 	 0.8589878 
87500 	 0.570862 
88000 	 0.7583799 
88500 	 0.8199574 
89000 	 0.7835224 
89500 	 0.7137687 
90000 	 0.7620911 
90500 	 0.8276068 
91000 	 0.8099785 
91500 	 0.7692244 
92000 	 0.7376192 
92500 	 0.6699886 
93000 	 0.5786575 
93500 	 0.6518165 
94000 	 0.6619285 
94500 	 0.7891709 
95000 	 0.8094098 
95500 	 0.7440891 
96000 	 0.6790279 
96500 	 0.8787792 
97000 	 0.8583446 
97500 	 0.8258104 
98000 	 0.8085977 
98500 	 0.8393002 
99000 	 0.7686307 
99500 	 0.5949252 
100000 	 0.6080354 
100500 	 0.8269638 
101000 	 0.6430689 
101500 	 0.6760484 
102000 	 0.8550775 
102500 	 0.8467068 
103000 	 0.725926 
103500 	 0.8187169 
104000 	 0.8913023 
104500 	 0.8467958 
105000 	 0.7310184 
105500 	 0.8250699 
106000 	 0.8516976 
106500 	 0.6053411 
107000 	 0.7666292 
107500 	 0.8592771 
108000 	 0.6721641 
108500 	 0.6941975 
109000 	 0.6949939 
109500 	 0.749941 
110000 	 0.8240121 
110500 	 0.7683263 
111000 	 0.8053339 
111500 	 0.7665341 
112000 	 0.7394083 
112500 	 0.8263049 
113000 	 0.8002557 
113500 	 0.6652854 
114000 	 0.799253 
114500 	 0.6510508 
115000 	 0.7570755 
115500 	 0.7610442 
116000 	 0.7765424 
116500 	 0.729884 
117000 	 0.6512057 
117500 	 0.7331497 
118000 	 0.6099835 
118500 	 0.7709103 
119000 	 0.8765962 
119500 	 0.8253712 
120000 	 0.7959207 
120500 	 0.7627474 
121000 	 0.8502073 
121500 	 0.6847741 
122000 	 0.6658959 
122500 	 0.8891303 
123000 	 0.743917 
123500 	 0.7184387 
124000 	 0.7893828 
124500 	 0.9239728 
125000 	 0.8362942 
125500 	 0.6313855 
126000 	 0.737591 
126500 	 0.7228041 
127000 	 0.7648038 
127500 	 0.8662091 
128000 	 0.7677787 
128500 	 0.7435498 
129000 	 0.7839403 
129500 	 0.695511 
130000 	 0.7713938 
130500 	 0.6867558 
131000 	 0.7594084 
131500 	 0.8108629 
132000 	 0.7644247 
132500 	 0.8880033 
133000 	 0.6808387 
133500 	 0.7881021 
134000 	 0.6883638 
134500 	 0.7627866 
135000 	 0.7010571 
135500 	 0.6811771 
136000 	 0.7948211 
136500 	 0.6944599 
137000 	 0.7255334 
137500 	 0.692638 
138000 	 0.6940934 
138500 	 0.7032461 
139000 	 0.7769683 
139500 	 0.8723449 
140000 	 0.7842345 
140500 	 0.7282482 
141000 	 0.835659 
141500 	 0.7886509 
142000 	 0.8153743 
142500 	 0.7511243 
143000 	 0.7888821 
143500 	 0.8077851 
144000 	 0.8563237 
144500 	 0.7485017 
145000 	 0.8071864 
145500 	 0.7544994 
146000 	 0.7211521 
146500 	 0.8248948 
147000 	 0.6779585 
147500 	 0.7393299 
148000 	 0.9146153 
148500 	 0.7009043 
149000 	 0.8279372 
149500 	 0.7519223 
150000 	 0.8626624 
150500 	 0.8849424 
151000 	 0.7481889 
151500 	 0.8407965 
152000 	 0.7348524 
152500 	 0.6607937 
153000 	 0.7245928 
153500 	 0.7836309 
154000 	 0.7537134 
154500 	 0.6290759 
155000 	 0.7597353 
155500 	 0.8312061 
156000 	 0.7125882 
156500 	 0.8115309 
157000 	 0.8719908 
157500 	 0.7752836 
158000 	 0.7447694 
158500 	 0.7225846 
159000 	 0.6534383 
159500 	 0.8320469 
160000 	 0.8449924 
160500 	 0.8298072 
161000 	 0.7185481 
161500 	 0.7441418 
162000 	 0.8048491 
162500 	 0.7434955 
163000 	 0.691346 
163500 	 0.771412 
164000 	 0.7240004 
164500 	 0.6918941 
165000 	 0.8288579 
165500 	 0.7734186 
166000 	 0.7070069 
166500 	 0.8677003 
167000 	 0.7715764 
167500 	 0.8090938 
168000 	 0.8563454 
168500 	 0.7776113 
169000 	 0.7719238 
169500 	 0.7604761 
170000 	 0.6962599 
170500 	 0.8095791 
171000 	 0.7122424 
171500 	 0.6009739 
172000 	 0.6782255 
172500 	 0.7664039 
173000 	 0.7961539 
173500 	 0.7446538 
174000 	 0.8504528 
174500 	 0.8200432 
175000 	 0.9026593 
175500 	 0.8613154 
176000 	 0.821909 
176500 	 0.5678899 
177000 	 0.8883094 
177500 	 0.7545417 
178000 	 0.8517964 
178500 	 0.7670823 
179000 	 0.7275188 
179500 	 0.8218002 
180000 	 0.7509718 
180500 	 0.703071 
181000 	 0.875987 
181500 	 0.5742908 
182000 	 0.8291959 
182500 	 0.7997383 
183000 	 0.7226716 
183500 	 0.8088241 
184000 	 0.7409884 
184500 	 0.9009907 
185000 	 0.7932752 
185500 	 0.7589469 
186000 	 0.7705046 
186500 	 0.7723578 
187000 	 0.8081362 
187500 	 0.8434468 
188000 	 0.8075616 
188500 	 0.8452059 
189000 	 0.6564391 
189500 	 0.8255045 
190000 	 0.7968439 
190500 	 0.7213877 
191000 	 0.7191337 
191500 	 0.6572153 
192000 	 0.7526079 
192500 	 0.790666 
193000 	 0.736126 
193500 	 0.7577457 
194000 	 0.8031704 
194500 	 0.7752198 
195000 	 0.8196622 
195500 	 0.7462699 
196000 	 0.8364441 
196500 	 0.7819248 
197000 	 0.7911065 
197500 	 0.6669959 
198000 	 0.8168366 
198500 	 0.9045937 
199000 	 0.7694084 
199500 	 0.8162587 
200000 	 0.754807 
200500 	 0.8178916 
201000 	 0.8019987 
201500 	 0.8336207 
202000 	 0.7525388 
202500 	 0.6995109 
203000 	 0.743597 
203500 	 0.8511229 
204000 	 0.8053253 
204500 	 0.7218827 
205000 	 0.7243561 
205500 	 0.7994351 
206000 	 0.7375706 
206500 	 0.8008461 
207000 	 0.6707013 
207500 	 0.7844521 
208000 	 0.6750156 
208500 	 0.8011517 
209000 	 0.8535365 
209500 	 0.7918897 
210000 	 0.8712442 
210500 	 0.7712741 
211000 	 0.6878575 
211500 	 0.8397272 
212000 	 0.6552316 
212500 	 0.8042216 
213000 	 0.7636166 
213500 	 0.7462997 
214000 	 0.7676888 
214500 	 0.7442888 
215000 	 0.6816919 
215500 	 0.7851018 
216000 	 0.808465 
216500 	 0.8481619 
217000 	 0.7946156 
217500 	 0.8748165 
218000 	 0.8346175 
218500 	 0.7114852 
219000 	 0.6618093 
219500 	 0.7619531 
220000 	 0.7245564 
220500 	 0.7688583 
221000 	 0.8527332 
221500 	 0.6138175 
222000 	 0.8178427 
222500 	 0.7674629 
223000 	 0.7217409 
223500 	 0.6194149 
224000 	 0.7740871 
224500 	 0.7205774 
225000 	 0.7516629 
225500 	 0.7158049 
226000 	 0.7319434 
226500 	 0.7833873 
227000 	 0.9118413 
227500 	 0.8105053 
228000 	 0.8579003 
228500 	 0.8777312 
229000 	 0.8940477 
229500 	 0.7691273 
230000 	 0.7425985 
230500 	 0.7081954 
231000 	 0.8033285 
231500 	 0.7642468 
232000 	 0.790987 
232500 	 0.8409066 
233000 	 0.9367911 
233500 	 0.7922223 
234000 	 0.7078862 
234500 	 0.7377182 
235000 	 0.7914085 
235500 	 0.8015506 
236000 	 0.7787243 
236500 	 0.6769256 
237000 	 0.6770637 
237500 	 0.8121683 
238000 	 0.8110228 
238500 	 0.7003777 
239000 	 0.8193609 
239500 	 0.8362426 
240000 	 0.8026482 
240500 	 0.7659983 
241000 	 0.7765568 
241500 	 0.8940902 
242000 	 0.7663346 
242500 	 0.7721815 
243000 	 0.6193006 
243500 	 0.8289225 
244000 	 0.7214358 
244500 	 0.7646465 
245000 	 0.7278887 
245500 	 0.7442926 
246000 	 0.9105135 
246500 	 0.8879259 
247000 	 0.7791955 
247500 	 0.8696731 
248000 	 0.7748192 
248500 	 0.8675118 
249000 	 0.7615072 
249500 	 0.6071263 
250000 	 0.7536449 
250500 	 0.858268 
251000 	 0.6446692 
251500 	 0.829409 
252000 	 0.8321902 
252500 	 0.8360571 
253000 	 0.7762557 
253500 	 0.7882259 
254000 	 0.6266677 
254500 	 0.66133 
255000 	 0.799679 
255500 	 0.691942 
256000 	 0.8137285 
256500 	 0.7967053 
257000 	 0.7217287 
257500 	 0.8635297 
258000 	 0.8324553 
258500 	 0.6947925 
259000 	 0.809426 
259500 	 0.7121141 
260000 	 0.7253682 
260500 	 0.6701365 
261000 	 0.7333342 
261500 	 0.6443707 
262000 	 0.7945289 
262500 	 0.8340875 
263000 	 0.6368119 
263500 	 0.7955034 
264000 	 0.7960483 
264500 	 0.733566 
265000 	 0.7035084 
265500 	 0.7578312 
266000 	 0.669552 
266500 	 0.9057537 
267000 	 0.6919684 
267500 	 0.7893676 
268000 	 0.6944261 
268500 	 0.764996 
269000 	 0.8661317 
269500 	 0.5949008 
270000 	 0.6417241 
270500 	 0.8291961 
271000 	 0.6665651 
271500 	 0.8154236 
272000 	 0.8748465 
272500 	 0.701197 
273000 	 0.753719 
273500 	 0.8193135 
274000 	 0.7459384 
274500 	 0.7846982 
275000 	 0.8475148 
275500 	 0.8324898 
276000 	 0.6772534 
276500 	 0.8005187 
277000 	 0.7411807 
277500 	 0.6928575 
278000 	 0.772725 
278500 	 0.7744304 
279000 	 0.7956517 
279500 	 0.913302 
280000 	 0.7679368 
280500 	 0.8144807 
281000 	 0.7364229 
281500 	 0.7859569 
282000 	 0.8507558 
282500 	 0.8942177 
283000 	 0.7454361 
283500 	 0.7140378 
284000 	 0.8231322 
284500 	 0.7315747 
285000 	 0.8297827 
285500 	 0.8443741 
286000 	 0.7947387 
286500 	 0.7635285 
287000 	 0.8166503 
287500 	 0.8254324 
288000 	 0.7442459 
288500 	 0.7398482 
289000 	 0.7107641 
289500 	 0.8630967 
290000 	 0.9188846 
290500 	 0.7407949 
291000 	 0.8285797 
291500 	 0.8017423 
292000 	 0.8739206 
292500 	 0.8133895 
293000 	 0.6845978 
293500 	 0.7746121 
294000 	 0.8684993 
294500 	 0.7867478 
295000 	 0.8065523 
295500 	 0.8163243 
296000 	 0.6292833 
296500 	 0.8302273 
297000 	 0.7897793 
297500 	 0.8308221 
298000 	 0.7938905 
298500 	 0.6532432 
299000 	 0.7324398 
299500 	 0.8406553 
300000 	 0.8625545 
300500 	 0.7371933 
301000 	 0.69467 
301500 	 0.6495586 
302000 	 0.7467957 
302500 	 0.7972462 
303000 	 0.8829364 
303500 	 0.8819028 
304000 	 0.7514257 
304500 	 0.7497229 
305000 	 0.7445648 
305500 	 0.7445286 
306000 	 0.7750445 
306500 	 0.8758093 
307000 	 0.805084 
307500 	 0.684607 
308000 	 0.8289217 
308500 	 0.8253196 
309000 	 0.8330839 
309500 	 0.7908077 
310000 	 0.6282854 
310500 	 0.7867636 
311000 	 0.7673416 
311500 	 0.8120756 
312000 	 0.7609626 
312500 	 0.5641532 
313000 	 0.7854404 
313500 	 0.807431 
314000 	 0.8833781 
314500 	 0.7271389 
315000 	 0.7539945 
315500 	 0.6338058 
316000 	 0.7496762 
316500 	 0.7547679 
317000 	 0.650913 
317500 	 0.8864064 
318000 	 0.8228135 
318500 	 0.7099563 
319000 	 0.7879967 
319500 	 0.6965179 
320000 	 0.7400315 
320500 	 0.8002637 
321000 	 0.7132168 
321500 	 0.7526354 
322000 	 0.8951551 
322500 	 0.8832497 
323000 	 0.7770849 
323500 	 0.8185868 
324000 	 0.8080446 
324500 	 0.8606073 
325000 	 0.7967568 
325500 	 0.7319617 
326000 	 0.7880266 
326500 	 0.7193295 
327000 	 0.803171 
327500 	 0.850141 
328000 	 0.760448 
328500 	 0.6486873 
329000 	 0.6953222 
329500 	 0.7090855 
330000 	 0.7625035 
330500 	 0.845039 
331000 	 0.6159776 
331500 	 0.9009552 
332000 	 0.870159 
332500 	 0.7635159 
333000 	 0.7799596 
333500 	 0.6899022 
334000 	 0.784801 
334500 	 0.8022814 
335000 	 0.8381345 
335500 	 0.7806348 
336000 	 0.8518904 
336500 	 0.7006038 
337000 	 0.7696742 
337500 	 0.8290519 
338000 	 0.6756807 
338500 	 0.7341094 
339000 	 0.7220844 
339500 	 0.6805505 
340000 	 0.8426768 
340500 	 0.9301735 
341000 	 0.6876475 
341500 	 0.8440507 
342000 	 0.7998686 
342500 	 0.7519223 
343000 	 0.8267125 
343500 	 0.7261391 
344000 	 0.6719023 
344500 	 0.8164087 
345000 	 0.7188054 
345500 	 0.7448788 
346000 	 0.7017876 
346500 	 0.9120802 
347000 	 0.7628796 
347500 	 0.868753 
348000 	 0.8051035 
348500 	 0.7018653 
349000 	 0.7480118 
349500 	 0.7416908 
350000 	 0.7446616 
350500 	 0.9312 
351000 	 0.8151294 
351500 	 0.8009842 
352000 	 0.656091 
352500 	 0.7502166 
353000 	 0.8585992 
353500 	 0.7117762 
354000 	 0.5926094 
354500 	 0.833918 
355000 	 0.7016513 
355500 	 0.8480395 
356000 	 0.8282196 
356500 	 0.7911485 
357000 	 0.8296335 
357500 	 0.8317318 
358000 	 0.7035837 
358500 	 0.7157314 
359000 	 0.8519481 
359500 	 0.8240732 
360000 	 0.7984069 
360500 	 0.7035205 
361000 	 0.9173025 
361500 	 0.6106993 
362000 	 0.7519961 
362500 	 0.6878172 
363000 	 0.7858147 
363500 	 0.700421 
364000 	 0.7680443 
364500 	 0.8206792 
365000 	 0.7224197 
365500 	 0.823446 
366000 	 0.6775162 
366500 	 0.72699 
367000 	 0.7398464 
367500 	 0.7324902 
368000 	 0.7688745 
368500 	 0.7034501 
369000 	 0.6744354 
369500 	 0.8174243 
370000 	 0.8116942 
370500 	 0.8134786 
371000 	 0.8254619 
371500 	 0.6672595 
372000 	 0.8188089 
372500 	 0.8135448 
373000 	 0.7500666 
373500 	 0.7533947 
374000 	 0.7606592 
374500 	 0.7426445 
375000 	 0.8140057 
375500 	 0.6850555 
376000 	 0.7741451 
376500 	 0.8472265 
377000 	 0.7934877 
377500 	 0.6467419 
378000 	 0.7736022 
378500 	 0.7811449 
379000 	 0.6901 
379500 	 0.7131359 
380000 	 0.7929212 
380500 	 0.6578786 
381000 	 0.8372712 
381500 	 0.7121738 
382000 	 0.8662209 
382500 	 0.6730324 
383000 	 0.8189934 
383500 	 0.7043569 
384000 	 0.7857156 
384500 	 0.7453875 
385000 	 0.8532986 
385500 	 0.6569729 
386000 	 0.8149094 
386500 	 0.7245721 
387000 	 0.8323748 
387500 	 0.7975407 
388000 	 0.861498 
388500 	 0.7434062 
389000 	 0.6638108 
389500 	 0.7609223 
390000 	 0.8063088 
390500 	 0.694267 
391000 	 0.838299 
391500 	 0.7791745 
392000 	 0.7106545 
392500 	 0.7456901 
393000 	 0.7978967 
393500 	 0.6312227 
394000 	 0.7742872 
394500 	 0.8416753 
395000 	 0.8859248 
395500 	 0.6031029 
396000 	 0.7601119 
396500 	 0.8797598 
397000 	 0.6639042 
397500 	 0.8448044 
398000 	 0.7588377 
398500 	 0.8247329 
399000 	 0.8930006 
399500 	 0.782448 
400000 	 0.5217242 
400500 	 0.4895983 
401000 	 0.8319916 
401500 	 0.6363218 
402000 	 0.806844 
402500 	 0.6782237 
403000 	 0.6635603 
403500 	 0.8398644 
404000 	 0.759402 
404500 	 0.7818424 
405000 	 0.7306189 
405500 	 0.855337 
406000 	 0.7407397 
406500 	 0.6760221 
407000 	 0.8270242 
407500 	 0.7640394 
408000 	 0.7340785 
408500 	 0.6397359 
409000 	 0.7305031 
409500 	 0.6846755 
410000 	 0.6505089 
410500 	 0.7886549 
411000 	 0.7914895 
411500 	 0.6352704 
412000 	 0.8960519 
412500 	 0.668736 
413000 	 0.748836 
413500 	 0.5839011 
414000 	 0.7866045 
414500 	 0.8966432 
415000 	 0.760543 
415500 	 0.7386795 
416000 	 0.7259577 
416500 	 0.7586896 
417000 	 0.770356 
417500 	 0.7541236 
418000 	 0.7323545 
418500 	 0.6476737 
419000 	 0.7301909 
419500 	 0.7213858 
420000 	 0.706034 
420500 	 0.8099746 
421000 	 0.8303134 
421500 	 0.7910057 
422000 	 0.6820425 
422500 	 0.6382605 
423000 	 0.6483677 
423500 	 0.8174903 
424000 	 0.7574037 
424500 	 0.7047932 
425000 	 0.7802405 
425500 	 0.8755358 
426000 	 0.8216132 
426500 	 0.7846389 
427000 	 0.7404987 
427500 	 0.5971145 
428000 	 0.764644 
428500 	 0.68865 
429000 	 0.8391014 
429500 	 0.7327652 
430000 	 0.8432424 
430500 	 0.7607163 
431000 	 0.7693114 
431500 	 0.7381353 
432000 	 0.7977573 
432500 	 0.8832454 
433000 	 0.7414685 
433500 	 0.7795018 
434000 	 0.788981 
434500 	 0.7271997 
435000 	 0.7207896 
435500 	 0.7498144 
436000 	 0.7695771 
436500 	 0.7793151 
437000 	 0.7225331 
437500 	 0.8091624 
438000 	 0.760546 
438500 	 0.9247337 
439000 	 0.7168735 
439500 	 0.5685005 
440000 	 0.7012166 
440500 	 0.7277839 
441000 	 0.8182257 
441500 	 0.770247 
442000 	 0.7213445 
442500 	 0.7743083 
443000 	 0.7237163 
443500 	 0.8556762 
444000 	 0.8678019 
444500 	 0.6287033 
445000 	 0.7700153 
445500 	 0.8278266 
446000 	 0.69527 
446500 	 0.8254442 
447000 	 0.7763938 
447500 	 0.7539964 
448000 	 0.6128822 
448500 	 0.9361034 
449000 	 0.7399711 
449500 	 0.6756234 
450000 	 0.6712662 
450500 	 0.7616506 
451000 	 0.7379185 
451500 	 0.8454061 
452000 	 0.8605649 
452500 	 0.8856504 
453000 	 0.736108 
453500 	 0.6775909 
454000 	 0.8190714 
454500 	 0.7992576 
455000 	 0.6533942 
455500 	 0.8062752 
456000 	 0.8001372 
456500 	 0.7949727 
457000 	 0.6304902 
457500 	 0.6940837 
458000 	 0.7805723 
458500 	 0.7656946 
459000 	 0.7693891 
459500 	 0.8572723 
460000 	 0.6960429 
460500 	 0.8073272 
461000 	 0.720417 
461500 	 0.8198005 
462000 	 0.8099405 
462500 	 0.7820188 
463000 	 0.8014594 
463500 	 0.6305797 
464000 	 0.7621101 
464500 	 0.7817948 
465000 	 0.7040192 
465500 	 0.8008132 
466000 	 0.7927207 
466500 	 0.6336207 
467000 	 0.7571275 
467500 	 0.7035172 
468000 	 0.6613066 
468500 	 0.86476 
469000 	 0.8254402 
469500 	 0.8808405 
470000 	 0.6449549 
470500 	 0.695414 
471000 	 0.7379763 
471500 	 0.8472639 
472000 	 0.8424198 
472500 	 0.7374866 
473000 	 0.6912579 
473500 	 0.7926125 
474000 	 0.7409273 
474500 	 0.8470008 
475000 	 0.8028894 
475500 	 0.7561681 
476000 	 0.7684104 
476500 	 0.6754687 
477000 	 0.8263692 
477500 	 0.7307071 
478000 	 0.9250427 
478500 	 0.7742607 
479000 	 0.8679151 
479500 	 0.6565022 
480000 	 0.6871008 
480500 	 0.6505752 
481000 	 0.7465242 
481500 	 0.7197145 
482000 	 0.7837252 
482500 	 0.7130789 
483000 	 0.7594663 
483500 	 0.7828121 
484000 	 0.8601585 
484500 	 0.801006 
485000 	 0.7065586 
485500 	 0.7103286 
486000 	 0.6627528 
486500 	 0.8151698 
487000 	 0.7880572 
487500 	 0.8673391 
488000 	 0.8045348 
488500 	 0.7578099 
489000 	 0.6429184 
489500 	 0.7768497 
490000 	 0.8736783 
490500 	 0.8407913 
491000 	 0.6933158 
491500 	 0.7939339 
492000 	 0.7761995 
492500 	 0.8420474 
493000 	 0.8244437 
493500 	 0.7430647 
494000 	 0.6982116 
494500 	 0.8252867 
495000 	 0.8409383 
495500 	 0.5987278 
496000 	 0.8472905 
496500 	 0.7236547 
497000 	 0.7517042 
497500 	 0.7897257 
498000 	 0.6793879 
498500 	 0.6653644 
499000 	 0.7177915 
499500 	 0.8303085 
500000 	 0.66144 
