iter 	 p
500 	 0.8751909 
1000 	 0.8862308 
1500 	 0.9656348 
2000 	 0.9214282 
2500 	 0.8900169 
3000 	 0.8447553 
3500 	 0.8674544 
4000 	 0.8544902 
4500 	 0.8592265 
5000 	 0.9623353 
5500 	 0.9371836 
6000 	 0.8647159 
6500 	 0.8507723 
7000 	 0.7096467 
7500 	 0.8519195 
8000 	 0.8446134 
8500 	 0.7887317 
9000 	 0.8592395 
9500 	 0.8829695 
10000 	 0.9273584 
10500 	 0.9418438 
11000 	 0.8586621 
11500 	 0.8363223 
12000 	 0.8793498 
12500 	 0.9394184 
13000 	 0.8612682 
13500 	 0.9240862 
14000 	 0.9006537 
14500 	 0.8848643 
15000 	 0.82227 
15500 	 0.8925252 
16000 	 0.8482444 
16500 	 0.8012704 
17000 	 0.9285303 
17500 	 0.9217194 
18000 	 0.8397053 
18500 	 0.7956878 
19000 	 0.7773585 
19500 	 0.7938348 
20000 	 0.8963525 
20500 	 0.7571533 
21000 	 0.8607996 
21500 	 0.8730489 
22000 	 0.7957878 
22500 	 0.8941327 
23000 	 0.8903236 
23500 	 0.9109201 
24000 	 0.8722343 
24500 	 0.8926349 
25000 	 0.8623247 
25500 	 0.7932827 
26000 	 0.9537752 
26500 	 0.6934779 
27000 	 0.7901818 
27500 	 0.8399496 
28000 	 0.9039792 
28500 	 0.8566645 
29000 	 0.9011376 
29500 	 0.9558584 
30000 	 0.7323634 
30500 	 0.7931514 
31000 	 0.8504582 
31500 	 0.9502235 
32000 	 0.8536377 
32500 	 0.8320993 
33000 	 0.9694627 
33500 	 0.9508512 
34000 	 0.8073741 
34500 	 0.8793734 
35000 	 0.8625379 
35500 	 0.7790158 
36000 	 0.8854286 
36500 	 0.8898773 
37000 	 0.8668593 
37500 	 0.9238646 
38000 	 0.9519301 
38500 	 0.8092344 
39000 	 0.8578787 
39500 	 0.9047461 
40000 	 0.9133932 
40500 	 0.9009465 
41000 	 0.8891719 
41500 	 0.9387732 
42000 	 0.897735 
42500 	 0.9112263 
43000 	 0.8593169 
43500 	 0.9730833 
44000 	 0.9214352 
44500 	 0.943717 
45000 	 0.7747856 
45500 	 0.9379149 
46000 	 0.9216723 
46500 	 0.7492569 
47000 	 0.8835376 
47500 	 0.9177939 
48000 	 0.9017396 
48500 	 0.8676298 
49000 	 0.9342034 
49500 	 0.9245043 
50000 	 0.9459256 
50500 	 0.8555609 
51000 	 0.8079543 
51500 	 0.8249622 
52000 	 0.9116897 
52500 	 0.8920965 
53000 	 0.8970295 
53500 	 0.913526 
54000 	 0.9274105 
54500 	 0.9366672 
55000 	 0.7724497 
55500 	 0.7567433 
56000 	 0.8247681 
56500 	 0.8265234 
57000 	 0.8604384 
57500 	 0.8910474 
58000 	 0.8932194 
58500 	 0.8253258 
59000 	 0.7999431 
59500 	 0.8679095 
60000 	 0.8635518 
60500 	 0.9649169 
61000 	 0.9682223 
61500 	 0.8738841 
62000 	 0.7892537 
62500 	 0.9672721 
63000 	 0.8922136 
63500 	 0.9627509 
64000 	 0.9287012 
64500 	 0.794996 
65000 	 0.8185877 
65500 	 0.8939335 
66000 	 0.8095262 
66500 	 0.8786111 
67000 	 0.7410775 
67500 	 0.7089076 
68000 	 0.7937399 
68500 	 0.9023871 
69000 	 0.9454638 
69500 	 0.7645186 
70000 	 0.7435003 
70500 	 0.8590184 
71000 	 0.848875 
71500 	 0.9820895 
72000 	 0.7463012 
72500 	 0.8415658 
73000 	 0.8935603 
73500 	 0.8472466 
74000 	 0.8387762 
74500 	 0.8384965 
75000 	 0.708579 
75500 	 0.91986 
76000 	 0.9489396 
76500 	 0.8695412 
77000 	 0.8616143 
77500 	 0.8746437 
78000 	 0.9203737 
78500 	 0.8037517 
79000 	 0.8692459 
79500 	 0.9102468 
80000 	 0.9482444 
80500 	 0.6777399 
81000 	 0.7938407 
81500 	 0.9048795 
82000 	 0.8820458 
82500 	 0.7772341 
83000 	 0.9212192 
83500 	 0.9509609 
84000 	 0.876092 
84500 	 0.7897332 
85000 	 0.926674 
85500 	 0.922544 
86000 	 0.9868936 
86500 	 0.9305133 
87000 	 0.8293352 
87500 	 0.7832614 
88000 	 0.9206941 
88500 	 0.9509593 
89000 	 0.8815425 
89500 	 0.9618557 
90000 	 0.8011385 
90500 	 0.9059505 
91000 	 0.9017022 
91500 	 0.9100659 
92000 	 0.7889103 
92500 	 0.9153137 
93000 	 0.8516749 
93500 	 0.897183 
94000 	 0.8563132 
94500 	 0.9183011 
95000 	 0.9762889 
95500 	 0.915443 
96000 	 0.869199 
96500 	 0.928326 
97000 	 0.7570171 
97500 	 0.7848321 
98000 	 0.8299289 
98500 	 0.7663598 
99000 	 0.9821246 
99500 	 0.9910065 
100000 	 0.8110447 
100500 	 0.958426 
101000 	 0.9071275 
101500 	 0.9104057 
102000 	 0.859251 
102500 	 0.7833453 
103000 	 0.9268401 
103500 	 0.8027691 
104000 	 0.8560058 
104500 	 0.9622362 
105000 	 0.6682723 
105500 	 0.8735318 
106000 	 0.9179979 
106500 	 0.8151337 
107000 	 0.9523536 
107500 	 0.8525249 
108000 	 0.8879444 
108500 	 0.9108389 
109000 	 0.9521775 
109500 	 0.9006318 
110000 	 0.8779221 
110500 	 0.8057885 
111000 	 0.8002222 
111500 	 0.9340844 
112000 	 0.9227209 
112500 	 0.8144469 
113000 	 0.9114128 
113500 	 0.8271932 
114000 	 0.9207025 
114500 	 0.903415 
115000 	 0.6334872 
115500 	 0.9090254 
116000 	 0.826274 
116500 	 0.8875393 
117000 	 0.8448259 
117500 	 0.864967 
118000 	 0.7999391 
118500 	 0.7515388 
119000 	 0.9072812 
119500 	 0.7762384 
120000 	 0.927961 
120500 	 0.9143951 
121000 	 0.8784484 
121500 	 0.8671762 
122000 	 0.8338779 
122500 	 0.8434377 
123000 	 0.917552 
123500 	 0.9379755 
124000 	 0.8888612 
124500 	 0.7742981 
125000 	 0.9258001 
125500 	 0.8232281 
126000 	 0.9670556 
126500 	 0.9114482 
127000 	 0.8395174 
127500 	 0.9075033 
128000 	 0.9501746 
128500 	 0.9273002 
129000 	 0.8803538 
129500 	 0.9123779 
130000 	 0.8344657 
130500 	 0.8671092 
131000 	 0.8018158 
131500 	 0.8536409 
132000 	 0.8182851 
132500 	 0.8586291 
133000 	 0.8060662 
133500 	 0.8056907 
134000 	 0.7820632 
134500 	 0.7198515 
135000 	 0.8809148 
135500 	 0.7330932 
136000 	 0.797983 
136500 	 0.8007281 
137000 	 0.8125093 
137500 	 0.8253064 
138000 	 0.7866094 
138500 	 0.9455887 
139000 	 0.9345515 
139500 	 0.8934909 
140000 	 0.858959 
140500 	 0.76616 
141000 	 0.7229854 
141500 	 0.8419956 
142000 	 0.8804879 
142500 	 0.8576941 
143000 	 0.8736697 
143500 	 0.9577706 
144000 	 0.8666613 
144500 	 0.8755158 
145000 	 0.7839332 
145500 	 0.8406821 
146000 	 0.7823313 
146500 	 0.7805423 
147000 	 0.8491658 
147500 	 0.8302452 
148000 	 0.918758 
148500 	 0.9413506 
149000 	 0.7791951 
149500 	 0.8841193 
150000 	 0.7714407 
150500 	 0.9151319 
151000 	 0.8878837 
151500 	 0.8934306 
152000 	 0.7980619 
152500 	 0.9364467 
153000 	 0.9584186 
153500 	 0.8561081 
154000 	 0.8292784 
154500 	 0.7352752 
155000 	 0.7969241 
155500 	 0.7722477 
156000 	 0.8327069 
156500 	 0.9783723 
157000 	 0.8858064 
157500 	 0.8521677 
158000 	 0.8089318 
158500 	 0.9573993 
159000 	 0.888175 
159500 	 0.7965449 
160000 	 0.8397666 
160500 	 0.9514299 
161000 	 0.6386025 
161500 	 0.9172993 
162000 	 0.8743079 
162500 	 0.9059945 
163000 	 0.9898197 
163500 	 0.9137683 
164000 	 0.8130179 
164500 	 0.8180648 
165000 	 0.9274668 
165500 	 0.8685753 
166000 	 0.8462178 
166500 	 0.8394751 
167000 	 0.9091589 
167500 	 0.8003073 
168000 	 0.7672007 
168500 	 0.8691979 
169000 	 0.7435683 
169500 	 0.8528363 
170000 	 0.881462 
170500 	 0.8335017 
171000 	 0.8678315 
171500 	 0.7860629 
172000 	 0.729852 
172500 	 0.8908269 
173000 	 0.8800874 
173500 	 0.9528621 
174000 	 0.9667315 
174500 	 0.8813905 
175000 	 0.9349841 
175500 	 0.7925492 
176000 	 0.7901404 
176500 	 0.8174568 
177000 	 0.9019227 
177500 	 0.9950331 
178000 	 0.7383991 
178500 	 0.9118602 
179000 	 0.853311 
179500 	 0.7969386 
180000 	 0.9100692 
180500 	 0.9485986 
181000 	 0.8682001 
181500 	 0.8043257 
182000 	 0.9445979 
182500 	 0.9377115 
183000 	 0.7327256 
183500 	 0.7899144 
184000 	 0.8753484 
184500 	 0.8733374 
185000 	 0.9095074 
185500 	 0.8576872 
186000 	 0.7242992 
186500 	 0.9366899 
187000 	 0.8614013 
187500 	 0.8509733 
188000 	 0.8889777 
188500 	 0.9698248 
189000 	 0.6654708 
189500 	 0.8141603 
190000 	 0.9135672 
190500 	 0.8569847 
191000 	 0.8159103 
191500 	 0.835231 
192000 	 0.8901184 
192500 	 0.8651909 
193000 	 0.7340902 
193500 	 0.8014766 
194000 	 0.9375363 
194500 	 0.9022261 
195000 	 0.9474062 
195500 	 0.9402752 
196000 	 0.9282029 
196500 	 0.8730219 
197000 	 0.8756258 
197500 	 0.8920412 
198000 	 0.8332631 
198500 	 0.8760841 
199000 	 0.8666656 
199500 	 0.8507523 
200000 	 0.8076817 
200500 	 0.9337637 
201000 	 0.761285 
201500 	 0.8672673 
202000 	 0.7729287 
202500 	 0.8303165 
203000 	 0.9015727 
203500 	 0.8103113 
204000 	 0.8964978 
204500 	 0.953149 
205000 	 0.8821109 
205500 	 0.9537359 
206000 	 0.823249 
206500 	 0.911158 
207000 	 0.7625249 
207500 	 0.8732182 
208000 	 0.8786591 
208500 	 0.8805664 
209000 	 0.7829586 
209500 	 0.8315159 
210000 	 0.942057 
210500 	 0.966592 
211000 	 0.8294791 
211500 	 0.8240449 
212000 	 0.8588322 
212500 	 0.8805452 
213000 	 0.8591679 
213500 	 0.8546864 
214000 	 0.8774076 
214500 	 0.8887967 
215000 	 0.7549258 
215500 	 0.9631553 
216000 	 0.9763766 
216500 	 0.9061749 
217000 	 0.918305 
217500 	 0.8782693 
218000 	 0.8593773 
218500 	 0.9552862 
219000 	 0.8677533 
219500 	 0.8770829 
220000 	 0.963926 
220500 	 0.7339259 
221000 	 0.6923548 
221500 	 0.6643613 
222000 	 0.8717891 
222500 	 0.929539 
223000 	 0.9226255 
223500 	 0.9014604 
224000 	 0.8720859 
224500 	 0.8297406 
225000 	 0.9076448 
225500 	 0.9751563 
226000 	 0.8043743 
226500 	 0.9623005 
227000 	 0.8558521 
227500 	 0.7632219 
228000 	 0.955491 
228500 	 0.8937767 
229000 	 0.9201359 
229500 	 0.8396274 
230000 	 0.8147777 
230500 	 0.7277777 
231000 	 0.8842541 
231500 	 0.8749831 
232000 	 0.9764104 
232500 	 0.7569934 
233000 	 0.9571342 
233500 	 0.8241299 
234000 	 0.9293636 
234500 	 0.8571631 
235000 	 0.8727288 
235500 	 0.9077206 
236000 	 0.9725541 
236500 	 0.9009512 
237000 	 0.9010546 
237500 	 0.9263193 
238000 	 0.7669822 
238500 	 0.7844742 
239000 	 0.8019993 
239500 	 0.8819084 
240000 	 0.8368331 
240500 	 0.7695662 
241000 	 0.9123285 
241500 	 0.9031629 
242000 	 0.9136512 
242500 	 0.9423562 
243000 	 0.8537036 
243500 	 0.9551864 
244000 	 0.9090852 
244500 	 0.8851075 
245000 	 0.891368 
245500 	 0.8990638 
246000 	 0.9194341 
246500 	 0.951497 
247000 	 0.8049219 
247500 	 0.91134 
248000 	 0.9095625 
248500 	 0.8166869 
249000 	 0.8881724 
249500 	 0.8872625 
250000 	 0.9006885 
250500 	 0.9123181 
251000 	 0.7429278 
251500 	 0.9150514 
252000 	 0.8803539 
252500 	 0.807255 
253000 	 0.8905449 
253500 	 0.7375184 
254000 	 0.727401 
254500 	 0.6865312 
255000 	 0.8800091 
255500 	 0.9161623 
256000 	 0.9932688 
256500 	 0.8414968 
257000 	 0.935767 
257500 	 0.8467916 
258000 	 0.8231847 
258500 	 0.8192454 
259000 	 0.8680739 
259500 	 0.9442954 
260000 	 0.8419806 
260500 	 0.8628743 
261000 	 0.8192097 
261500 	 0.9233859 
262000 	 0.8716916 
262500 	 0.8802067 
263000 	 0.9479766 
263500 	 0.8970352 
264000 	 0.8010467 
264500 	 0.8574316 
265000 	 0.7293108 
265500 	 0.8813151 
266000 	 0.9210958 
266500 	 0.8658115 
267000 	 0.8004631 
267500 	 0.8931006 
268000 	 0.8109061 
268500 	 0.8029696 
269000 	 0.8812192 
269500 	 0.7819611 
270000 	 0.7600252 
270500 	 0.8716914 
271000 	 0.8698025 
271500 	 0.8236392 
272000 	 0.8645681 
272500 	 0.8172143 
273000 	 0.7043785 
273500 	 0.7310538 
274000 	 0.8147383 
274500 	 0.8957576 
275000 	 0.7458453 
275500 	 0.8284729 
276000 	 0.9055647 
276500 	 0.9053874 
277000 	 0.856758 
277500 	 0.7863614 
278000 	 0.9038571 
278500 	 0.9045389 
279000 	 0.8843852 
279500 	 0.814096 
280000 	 0.8763136 
280500 	 0.7954742 
281000 	 0.8746262 
281500 	 0.8246924 
282000 	 0.8042752 
282500 	 0.8244625 
283000 	 0.9322975 
283500 	 0.9030581 
284000 	 0.7978171 
284500 	 0.7854906 
285000 	 0.8279156 
285500 	 0.8969022 
286000 	 0.9211071 
286500 	 0.8902442 
287000 	 0.7493095 
287500 	 0.8865721 
288000 	 0.9060892 
288500 	 0.9183324 
289000 	 0.9350803 
289500 	 0.8846217 
290000 	 0.8609088 
290500 	 0.8852421 
291000 	 0.8376256 
291500 	 0.9160783 
292000 	 0.732049 
292500 	 0.9729357 
293000 	 0.8322382 
293500 	 0.9438846 
294000 	 0.783943 
294500 	 0.8987458 
295000 	 0.8841949 
295500 	 0.8693996 
296000 	 0.7076891 
296500 	 0.8444389 
297000 	 0.8529904 
297500 	 0.9362213 
298000 	 0.8986709 
298500 	 0.8439124 
299000 	 0.8556469 
299500 	 0.8460259 
300000 	 0.7835121 
300500 	 0.8970511 
301000 	 0.8818987 
301500 	 0.7385456 
302000 	 0.8788291 
302500 	 0.8843183 
303000 	 0.7521647 
303500 	 0.8136659 
304000 	 0.8887389 
304500 	 0.8911388 
305000 	 0.8424308 
305500 	 0.8440338 
306000 	 0.8370712 
306500 	 0.8550432 
307000 	 0.8650111 
307500 	 0.8589019 
308000 	 0.9185663 
308500 	 0.9443881 
309000 	 0.7150205 
309500 	 0.840671 
310000 	 0.9111645 
310500 	 0.8656605 
311000 	 0.8183875 
311500 	 0.9025596 
312000 	 0.7342025 
312500 	 0.8101752 
313000 	 0.8793065 
313500 	 0.8011968 
314000 	 0.9219804 
314500 	 0.9320205 
315000 	 0.7684869 
315500 	 0.918944 
316000 	 0.8262012 
316500 	 0.9144633 
317000 	 0.9016109 
317500 	 0.8652289 
318000 	 0.9426376 
318500 	 0.7903648 
319000 	 0.8490158 
319500 	 0.7403928 
320000 	 0.8523802 
320500 	 0.7361168 
321000 	 0.8921679 
321500 	 0.8834852 
322000 	 0.9068852 
322500 	 0.8134711 
323000 	 0.9438438 
323500 	 0.9537454 
324000 	 0.9489844 
324500 	 0.9547255 
325000 	 0.8790258 
325500 	 0.9493622 
326000 	 0.8607668 
326500 	 0.8682115 
327000 	 0.724329 
327500 	 0.9527725 
328000 	 0.8312057 
328500 	 0.8219285 
329000 	 0.7782131 
329500 	 0.8415321 
330000 	 0.9461971 
330500 	 0.824766 
331000 	 0.8941896 
331500 	 0.8748273 
332000 	 0.9004859 
332500 	 0.7981202 
333000 	 0.8444376 
333500 	 0.7715467 
334000 	 0.8828067 
334500 	 0.9222777 
335000 	 0.8696181 
335500 	 0.7650371 
336000 	 0.8113441 
336500 	 0.8311236 
337000 	 0.8947799 
337500 	 0.9272308 
338000 	 0.8720797 
338500 	 0.9142191 
339000 	 0.9471131 
339500 	 0.7982977 
340000 	 0.900014 
340500 	 0.9153234 
341000 	 0.8499862 
341500 	 0.8708834 
342000 	 0.9423097 
342500 	 0.8768045 
343000 	 0.8002019 
343500 	 0.9223125 
344000 	 0.9069477 
344500 	 0.9478941 
345000 	 0.7398769 
345500 	 0.9050313 
346000 	 0.8055151 
346500 	 0.7334135 
347000 	 0.9070134 
347500 	 0.9229251 
348000 	 0.8322512 
348500 	 0.8129116 
349000 	 0.8959063 
349500 	 0.8760959 
350000 	 0.9012927 
350500 	 0.8556571 
351000 	 0.8667797 
351500 	 0.8443261 
352000 	 0.8241814 
352500 	 0.8493393 
353000 	 0.9182515 
353500 	 0.9045041 
354000 	 0.8499105 
354500 	 0.8477118 
355000 	 0.8967052 
355500 	 0.8932317 
356000 	 0.9424819 
356500 	 0.8140193 
357000 	 0.8925629 
357500 	 0.9400228 
358000 	 0.7335635 
358500 	 0.9477519 
359000 	 0.8647557 
359500 	 0.8596169 
360000 	 0.7291714 
360500 	 0.8928247 
361000 	 0.7739103 
361500 	 0.7356355 
362000 	 0.8665676 
362500 	 0.7513965 
363000 	 0.8899888 
363500 	 0.9348892 
364000 	 0.9534298 
364500 	 0.8508445 
365000 	 0.7652399 
365500 	 0.7741954 
366000 	 0.8931022 
366500 	 0.8458756 
367000 	 0.7884045 
367500 	 0.771083 
368000 	 0.9572376 
368500 	 0.9417013 
369000 	 0.8589934 
369500 	 0.9664533 
370000 	 0.884747 
370500 	 0.770118 
371000 	 0.9235059 
371500 	 0.8088664 
372000 	 0.9426347 
372500 	 0.8673006 
373000 	 0.8978289 
373500 	 0.8813678 
374000 	 0.8515991 
374500 	 0.8804571 
375000 	 0.8997755 
375500 	 0.8111625 
376000 	 0.7419186 
376500 	 0.9018198 
377000 	 0.904796 
377500 	 0.8936716 
378000 	 0.8435463 
378500 	 0.890585 
379000 	 0.8892007 
379500 	 0.8895759 
380000 	 0.8701638 
380500 	 0.9028633 
381000 	 0.8892438 
381500 	 0.888284 
382000 	 0.9406468 
382500 	 0.8420451 
383000 	 0.8827731 
383500 	 0.8698237 
384000 	 0.8676597 
384500 	 0.8976309 
385000 	 0.8735243 
385500 	 0.7896373 
386000 	 0.902816 
386500 	 0.7669289 
387000 	 0.9129914 
387500 	 0.8665226 
388000 	 0.9376263 
388500 	 0.8500653 
389000 	 0.9210538 
389500 	 0.895874 
390000 	 0.8674517 
390500 	 0.8498503 
391000 	 0.9567534 
391500 	 0.8689963 
392000 	 0.9414995 
392500 	 0.9542605 
393000 	 0.8696155 
393500 	 0.839224 
394000 	 0.9314598 
394500 	 0.8590744 
395000 	 0.8261392 
395500 	 0.9072895 
396000 	 0.8448895 
396500 	 0.8724208 
397000 	 0.8688736 
397500 	 0.9196205 
398000 	 0.8902532 
398500 	 0.8985216 
399000 	 0.7824756 
399500 	 0.8595383 
400000 	 0.9011298 
400500 	 0.8939401 
401000 	 0.9185791 
401500 	 0.8943162 
402000 	 0.8266791 
402500 	 0.8535421 
403000 	 0.8804883 
403500 	 0.8680075 
404000 	 0.796021 
404500 	 0.9121526 
405000 	 0.7802469 
405500 	 0.8702832 
406000 	 0.8031084 
406500 	 0.787189 
407000 	 0.8376968 
407500 	 0.8998367 
408000 	 0.8369412 
408500 	 0.9054629 
409000 	 0.8191465 
409500 	 0.9491589 
410000 	 0.7722047 
410500 	 0.8963673 
411000 	 0.9152485 
411500 	 0.7679492 
412000 	 0.8507769 
412500 	 0.9121747 
413000 	 0.9189206 
413500 	 0.9145511 
414000 	 0.8892048 
414500 	 0.7729534 
415000 	 0.9056372 
415500 	 0.8204662 
416000 	 0.8724481 
416500 	 0.8774536 
417000 	 0.9329101 
417500 	 0.8966141 
418000 	 0.8364349 
418500 	 0.8655311 
419000 	 0.8202181 
419500 	 0.873513 
420000 	 0.8924728 
420500 	 0.8766511 
421000 	 0.7780168 
421500 	 0.9381535 
422000 	 0.9074015 
422500 	 0.9690108 
423000 	 0.8170983 
423500 	 0.811255 
424000 	 0.8101363 
424500 	 0.9069789 
425000 	 0.8278466 
425500 	 0.8393568 
426000 	 0.9303632 
426500 	 0.8884021 
427000 	 0.887978 
427500 	 0.9123771 
428000 	 0.8489889 
428500 	 0.7752036 
429000 	 0.8945279 
429500 	 0.8914893 
430000 	 0.7876268 
430500 	 0.8294628 
431000 	 0.9366528 
431500 	 0.8720678 
432000 	 0.8920556 
432500 	 0.7228888 
433000 	 0.9146327 
433500 	 0.9522284 
434000 	 0.9325438 
434500 	 0.9288247 
435000 	 0.8582901 
435500 	 0.8736405 
436000 	 0.8091409 
436500 	 0.8609082 
437000 	 0.6203481 
437500 	 0.8460882 
438000 	 0.9697076 
438500 	 0.8443303 
439000 	 0.9525632 
439500 	 0.7794843 
440000 	 0.757954 
440500 	 0.906887 
441000 	 0.8697098 
441500 	 0.8766427 
442000 	 0.8373365 
442500 	 0.912386 
443000 	 0.855297 
443500 	 0.8402686 
444000 	 0.8170987 
444500 	 0.8739704 
445000 	 0.989212 
445500 	 0.7864577 
446000 	 0.8010453 
446500 	 0.8572507 
447000 	 0.9028422 
447500 	 0.8947812 
448000 	 0.8281916 
448500 	 0.9529907 
449000 	 0.8425027 
449500 	 0.9201436 
450000 	 0.8216415 
450500 	 0.8000608 
451000 	 0.9360999 
451500 	 0.9010501 
452000 	 0.9707585 
452500 	 0.8667163 
453000 	 0.8837545 
453500 	 0.9303824 
454000 	 0.9273295 
454500 	 0.9369551 
455000 	 0.7512165 
455500 	 0.7917502 
456000 	 0.9060659 
456500 	 0.8552107 
457000 	 0.9155686 
457500 	 0.6722952 
458000 	 0.7697201 
458500 	 0.8525753 
459000 	 0.842626 
459500 	 0.9429465 
460000 	 0.8894579 
460500 	 0.9245712 
461000 	 0.7968677 
461500 	 0.6220811 
462000 	 0.9284311 
462500 	 0.8714739 
463000 	 0.9055975 
463500 	 0.770064 
464000 	 0.9100375 
464500 	 0.8592109 
465000 	 0.9142842 
465500 	 0.9108424 
466000 	 0.9491897 
466500 	 0.8720107 
467000 	 0.9173438 
467500 	 0.9040152 
468000 	 0.8831405 
468500 	 0.9607497 
469000 	 0.8149578 
469500 	 0.8641952 
470000 	 0.904901 
470500 	 0.7995792 
471000 	 0.7935402 
471500 	 0.7111728 
472000 	 0.8847491 
472500 	 0.8403807 
473000 	 0.8729371 
473500 	 0.9810961 
474000 	 0.9500777 
474500 	 0.900092 
475000 	 0.9305934 
475500 	 0.7815155 
476000 	 0.9081349 
476500 	 0.9062464 
477000 	 0.8676583 
477500 	 0.8445549 
478000 	 0.8099466 
478500 	 0.8999858 
479000 	 0.9338996 
479500 	 0.8719304 
480000 	 0.8351065 
480500 	 0.7960513 
481000 	 0.8561035 
481500 	 0.8395093 
482000 	 0.9454448 
482500 	 0.8685514 
483000 	 0.6946249 
483500 	 0.9094292 
484000 	 0.8085063 
484500 	 0.8022943 
485000 	 0.8000491 
485500 	 0.8299826 
486000 	 0.7419379 
486500 	 0.9118582 
487000 	 0.811588 
487500 	 0.770839 
488000 	 0.9084885 
488500 	 0.6553453 
489000 	 0.8051547 
489500 	 0.7578183 
490000 	 0.7819061 
490500 	 0.7919649 
491000 	 0.8248198 
491500 	 0.855244 
492000 	 0.9218605 
492500 	 0.8841709 
493000 	 0.9128288 
493500 	 0.9034633 
494000 	 0.8635112 
494500 	 0.9094912 
495000 	 0.9565566 
495500 	 0.9694118 
496000 	 0.8829917 
496500 	 0.9793454 
497000 	 0.8711283 
497500 	 0.8859488 
498000 	 0.8351973 
498500 	 0.9011377 
499000 	 0.7332978 
499500 	 0.8854117 
500000 	 0.9231347 
