iter 	 p
500 	 0.8601797 
1000 	 0.8395021 
1500 	 0.7916205 
2000 	 0.777341 
2500 	 0.8026837 
3000 	 0.8451347 
3500 	 0.89223 
4000 	 0.7966347 
4500 	 0.8749172 
5000 	 0.8242771 
5500 	 0.7963944 
6000 	 0.8631493 
6500 	 0.8406769 
7000 	 0.7991303 
7500 	 0.7382454 
8000 	 0.705518 
8500 	 0.776503 
9000 	 0.8424833 
9500 	 0.7820443 
10000 	 0.8227463 
10500 	 0.8220604 
11000 	 0.8364285 
11500 	 0.8633527 
12000 	 0.8409087 
12500 	 0.8441827 
13000 	 0.9038899 
13500 	 0.8475536 
14000 	 0.8332577 
14500 	 0.7968372 
15000 	 0.7983417 
15500 	 0.8268074 
16000 	 0.7504358 
16500 	 0.8144684 
17000 	 0.7464985 
17500 	 0.8792681 
18000 	 0.7751248 
18500 	 0.819795 
19000 	 0.819823 
19500 	 0.7934366 
20000 	 0.8288206 
20500 	 0.8631534 
21000 	 0.8020196 
21500 	 0.8313854 
22000 	 0.8039998 
22500 	 0.7909972 
23000 	 0.8546361 
23500 	 0.8289299 
24000 	 0.9010614 
24500 	 0.7516656 
25000 	 0.8322859 
25500 	 0.8979972 
26000 	 0.8423352 
26500 	 0.8433668 
27000 	 0.8037204 
27500 	 0.8211175 
28000 	 0.8230343 
28500 	 0.8086788 
29000 	 0.8331277 
29500 	 0.8288229 
30000 	 0.8200194 
30500 	 0.8269837 
31000 	 0.8031058 
31500 	 0.7487415 
32000 	 0.8250949 
32500 	 0.8242488 
33000 	 0.7918483 
33500 	 0.8532206 
34000 	 0.8199946 
34500 	 0.8629165 
35000 	 0.821115 
35500 	 0.8283943 
36000 	 0.8649717 
36500 	 0.8775265 
37000 	 0.8487376 
37500 	 0.8139017 
38000 	 0.8717203 
38500 	 0.7895412 
39000 	 0.7981208 
39500 	 0.7834629 
40000 	 0.8004302 
40500 	 0.7623447 
41000 	 0.8951323 
41500 	 0.843888 
42000 	 0.8732705 
42500 	 0.8550054 
43000 	 0.8220341 
43500 	 0.8588136 
44000 	 0.8309902 
44500 	 0.7140466 
45000 	 0.8189935 
45500 	 0.7860035 
46000 	 0.8734136 
46500 	 0.8314419 
47000 	 0.8540063 
47500 	 0.8248834 
48000 	 0.8810866 
48500 	 0.7541634 
49000 	 0.8141081 
49500 	 0.8451839 
50000 	 0.8291815 
50500 	 0.8153159 
51000 	 0.8954985 
51500 	 0.748468 
52000 	 0.8396152 
52500 	 0.7262754 
53000 	 0.8408977 
53500 	 0.8299604 
54000 	 0.8980796 
54500 	 0.839043 
55000 	 0.8437209 
55500 	 0.8292564 
56000 	 0.7584375 
56500 	 0.7955066 
57000 	 0.8362987 
57500 	 0.827514 
58000 	 0.888182 
58500 	 0.8552955 
59000 	 0.8547648 
59500 	 0.7324732 
60000 	 0.8532039 
60500 	 0.8831829 
61000 	 0.875973 
61500 	 0.9005479 
62000 	 0.781911 
62500 	 0.823761 
63000 	 0.7035162 
63500 	 0.8756726 
64000 	 0.8294746 
64500 	 0.8228208 
65000 	 0.8320624 
65500 	 0.8347348 
66000 	 0.7913687 
66500 	 0.8112657 
67000 	 0.8491493 
67500 	 0.8262825 
68000 	 0.7368573 
68500 	 0.8295808 
69000 	 0.8061901 
69500 	 0.7786358 
70000 	 0.846 
70500 	 0.7825906 
71000 	 0.7805544 
71500 	 0.8591335 
72000 	 0.8418056 
72500 	 0.8379315 
73000 	 0.8674574 
73500 	 0.7967662 
74000 	 0.7484994 
74500 	 0.8324121 
75000 	 0.8363659 
75500 	 0.8601852 
76000 	 0.7995599 
76500 	 0.8347628 
77000 	 0.8080699 
77500 	 0.7894691 
78000 	 0.8676082 
78500 	 0.8375797 
79000 	 0.8282318 
79500 	 0.7518468 
80000 	 0.8785227 
80500 	 0.8680383 
81000 	 0.8134834 
81500 	 0.8466271 
82000 	 0.8499547 
82500 	 0.8387603 
83000 	 0.8154124 
83500 	 0.8294549 
84000 	 0.7684015 
84500 	 0.742498 
85000 	 0.8449862 
85500 	 0.8322661 
86000 	 0.7737587 
86500 	 0.7474681 
87000 	 0.8258209 
87500 	 0.7873607 
88000 	 0.8233086 
88500 	 0.8499554 
89000 	 0.8400468 
89500 	 0.8657092 
90000 	 0.8306209 
90500 	 0.8387285 
91000 	 0.8424955 
91500 	 0.7536298 
92000 	 0.8990621 
92500 	 0.7948975 
93000 	 0.8802172 
93500 	 0.8386821 
94000 	 0.8609538 
94500 	 0.7595873 
95000 	 0.8097537 
95500 	 0.8068717 
96000 	 0.7585471 
96500 	 0.8517531 
97000 	 0.8181021 
97500 	 0.8033969 
98000 	 0.8101236 
98500 	 0.8146257 
99000 	 0.736405 
99500 	 0.8061001 
100000 	 0.8286752 
100500 	 0.8324005 
101000 	 0.8522686 
101500 	 0.766448 
102000 	 0.8025287 
102500 	 0.8436554 
103000 	 0.8035649 
103500 	 0.8603612 
104000 	 0.7833585 
104500 	 0.8314872 
105000 	 0.8334497 
105500 	 0.8421163 
106000 	 0.8793074 
106500 	 0.7948781 
107000 	 0.8388592 
107500 	 0.8801375 
108000 	 0.7946576 
108500 	 0.7996046 
109000 	 0.8210203 
109500 	 0.8146345 
110000 	 0.8349035 
110500 	 0.8184702 
111000 	 0.8492437 
111500 	 0.8532675 
112000 	 0.834016 
112500 	 0.8377532 
113000 	 0.8255758 
113500 	 0.804583 
114000 	 0.8503902 
114500 	 0.7677481 
115000 	 0.7691193 
115500 	 0.8427924 
116000 	 0.8251029 
116500 	 0.8116641 
117000 	 0.8251033 
117500 	 0.8007773 
118000 	 0.7866634 
118500 	 0.7902037 
119000 	 0.8428219 
119500 	 0.843745 
120000 	 0.8852576 
120500 	 0.8216107 
121000 	 0.7773767 
121500 	 0.8941125 
122000 	 0.766545 
122500 	 0.8631317 
123000 	 0.7792512 
123500 	 0.8697596 
124000 	 0.8424368 
124500 	 0.8202371 
125000 	 0.871002 
125500 	 0.7940607 
126000 	 0.7638552 
126500 	 0.84799 
127000 	 0.7569626 
127500 	 0.8450525 
128000 	 0.8614779 
128500 	 0.840875 
129000 	 0.8897359 
129500 	 0.7688235 
130000 	 0.842353 
130500 	 0.8171786 
131000 	 0.8865943 
131500 	 0.8236433 
132000 	 0.7763413 
132500 	 0.8715946 
133000 	 0.8520715 
133500 	 0.7900156 
134000 	 0.8205133 
134500 	 0.810984 
135000 	 0.8293013 
135500 	 0.8395035 
136000 	 0.8158812 
136500 	 0.8839893 
137000 	 0.824319 
137500 	 0.7886096 
138000 	 0.839293 
138500 	 0.7676571 
139000 	 0.8624063 
139500 	 0.8381795 
140000 	 0.7934644 
140500 	 0.7917352 
141000 	 0.8667167 
141500 	 0.8940838 
142000 	 0.8294139 
142500 	 0.7678078 
143000 	 0.8555395 
143500 	 0.8385385 
144000 	 0.7959847 
144500 	 0.8556294 
145000 	 0.8706682 
145500 	 0.7886306 
146000 	 0.7795679 
146500 	 0.7924385 
147000 	 0.7954447 
147500 	 0.8372435 
148000 	 0.8138014 
148500 	 0.8691987 
149000 	 0.8174898 
149500 	 0.8238253 
150000 	 0.8185388 
150500 	 0.8583156 
151000 	 0.8357019 
151500 	 0.7989608 
152000 	 0.8381089 
152500 	 0.8250265 
153000 	 0.9055647 
153500 	 0.8549334 
154000 	 0.8148017 
154500 	 0.8430935 
155000 	 0.7739011 
155500 	 0.7954323 
156000 	 0.8277405 
156500 	 0.7724249 
157000 	 0.8311953 
157500 	 0.8364917 
158000 	 0.8809884 
158500 	 0.7348333 
159000 	 0.8934253 
159500 	 0.8371442 
160000 	 0.7885591 
160500 	 0.8206985 
161000 	 0.8131749 
161500 	 0.7706789 
162000 	 0.8097057 
162500 	 0.8386233 
163000 	 0.8224561 
163500 	 0.8504218 
164000 	 0.8699143 
164500 	 0.8349227 
165000 	 0.8025825 
165500 	 0.7872703 
166000 	 0.8139019 
166500 	 0.7970988 
167000 	 0.7884098 
167500 	 0.8152984 
168000 	 0.859926 
168500 	 0.7744584 
169000 	 0.8202552 
169500 	 0.8716899 
170000 	 0.8018387 
170500 	 0.8985413 
171000 	 0.8914205 
171500 	 0.7527654 
172000 	 0.8271018 
172500 	 0.8451854 
173000 	 0.9156687 
173500 	 0.7616626 
174000 	 0.8977074 
174500 	 0.7862474 
175000 	 0.8382633 
175500 	 0.8486305 
176000 	 0.853977 
176500 	 0.8608213 
177000 	 0.8058758 
177500 	 0.8373488 
178000 	 0.8579055 
178500 	 0.7684249 
179000 	 0.8296819 
179500 	 0.8313854 
180000 	 0.8280723 
180500 	 0.8117503 
181000 	 0.7854937 
181500 	 0.8229135 
182000 	 0.8477844 
182500 	 0.8138237 
183000 	 0.8507105 
183500 	 0.7752242 
184000 	 0.7824577 
184500 	 0.8250695 
185000 	 0.8909469 
185500 	 0.793379 
186000 	 0.865881 
186500 	 0.8012639 
187000 	 0.8279976 
187500 	 0.8453661 
188000 	 0.8397921 
188500 	 0.7757226 
189000 	 0.7914622 
189500 	 0.8181062 
190000 	 0.8720841 
190500 	 0.7943421 
191000 	 0.7790115 
191500 	 0.8406959 
192000 	 0.8029241 
192500 	 0.768345 
193000 	 0.8249978 
193500 	 0.8761312 
194000 	 0.8242395 
194500 	 0.85151 
195000 	 0.8746061 
195500 	 0.8251176 
196000 	 0.8443291 
196500 	 0.8198517 
197000 	 0.8091659 
197500 	 0.8518599 
198000 	 0.8323391 
198500 	 0.8549821 
199000 	 0.8694177 
199500 	 0.8926962 
200000 	 0.871337 
200500 	 0.7421214 
201000 	 0.7755911 
201500 	 0.8495289 
202000 	 0.891807 
202500 	 0.8594106 
203000 	 0.8420067 
203500 	 0.8491998 
204000 	 0.7859092 
204500 	 0.8447408 
205000 	 0.8228197 
205500 	 0.685568 
206000 	 0.7418663 
206500 	 0.7563804 
207000 	 0.8263054 
207500 	 0.7759621 
208000 	 0.8474764 
208500 	 0.8294726 
209000 	 0.8037423 
209500 	 0.7643982 
210000 	 0.8307569 
210500 	 0.8372346 
211000 	 0.8311581 
211500 	 0.8582904 
212000 	 0.8464714 
212500 	 0.8341952 
213000 	 0.7803016 
213500 	 0.7474432 
214000 	 0.8251772 
214500 	 0.8121316 
215000 	 0.8864016 
215500 	 0.8220799 
216000 	 0.8323331 
216500 	 0.8826786 
217000 	 0.8271666 
217500 	 0.8499671 
218000 	 0.8170841 
218500 	 0.8042444 
219000 	 0.8400994 
219500 	 0.8606094 
220000 	 0.8390603 
220500 	 0.8094099 
221000 	 0.8378988 
221500 	 0.7701586 
222000 	 0.7864482 
222500 	 0.7899277 
223000 	 0.8410723 
223500 	 0.8661635 
224000 	 0.8290858 
224500 	 0.8673707 
225000 	 0.8597321 
225500 	 0.8349034 
226000 	 0.8336786 
226500 	 0.7846244 
227000 	 0.8045059 
227500 	 0.8120811 
228000 	 0.8034045 
228500 	 0.8108072 
229000 	 0.8300689 
229500 	 0.7795526 
230000 	 0.8661837 
230500 	 0.7735026 
231000 	 0.8118206 
231500 	 0.8164568 
232000 	 0.8636638 
232500 	 0.8552098 
233000 	 0.8390894 
233500 	 0.7937548 
234000 	 0.8135781 
234500 	 0.8093352 
235000 	 0.7221988 
235500 	 0.8823391 
236000 	 0.8903807 
236500 	 0.8685878 
237000 	 0.8458507 
237500 	 0.8539958 
238000 	 0.8332614 
238500 	 0.8511796 
239000 	 0.8868394 
239500 	 0.7725854 
240000 	 0.8511148 
240500 	 0.7964729 
241000 	 0.8403947 
241500 	 0.6864168 
242000 	 0.8205515 
242500 	 0.8310391 
243000 	 0.8824145 
243500 	 0.8241905 
244000 	 0.8088451 
244500 	 0.8119479 
245000 	 0.8757676 
245500 	 0.8398859 
246000 	 0.8268174 
246500 	 0.82266 
247000 	 0.7774708 
247500 	 0.8661568 
248000 	 0.7526618 
248500 	 0.8444541 
249000 	 0.877841 
249500 	 0.8742625 
250000 	 0.7756545 
250500 	 0.8818757 
251000 	 0.8067622 
251500 	 0.8437504 
252000 	 0.8586488 
252500 	 0.8591504 
253000 	 0.8185048 
253500 	 0.7929202 
254000 	 0.7958429 
254500 	 0.8738292 
255000 	 0.8718679 
255500 	 0.8298846 
256000 	 0.8759569 
256500 	 0.717282 
257000 	 0.8739715 
257500 	 0.8194433 
258000 	 0.8374387 
258500 	 0.8477499 
259000 	 0.757738 
259500 	 0.83409 
260000 	 0.8312961 
260500 	 0.8593163 
261000 	 0.8598806 
261500 	 0.8463432 
262000 	 0.785797 
262500 	 0.8126858 
263000 	 0.812949 
263500 	 0.8100067 
264000 	 0.8463712 
264500 	 0.8565545 
265000 	 0.8294392 
265500 	 0.8123196 
266000 	 0.798555 
266500 	 0.8593304 
267000 	 0.8655941 
267500 	 0.8441149 
268000 	 0.7716106 
268500 	 0.8744273 
269000 	 0.7976719 
269500 	 0.8418805 
270000 	 0.7419166 
270500 	 0.8500544 
271000 	 0.7340944 
271500 	 0.8833048 
272000 	 0.8196184 
272500 	 0.8670128 
273000 	 0.7967198 
273500 	 0.8775049 
274000 	 0.8026122 
274500 	 0.8074979 
275000 	 0.770629 
275500 	 0.8331005 
276000 	 0.8336298 
276500 	 0.865937 
277000 	 0.7782148 
277500 	 0.8754219 
278000 	 0.6843349 
278500 	 0.7516092 
279000 	 0.7731022 
279500 	 0.7629544 
280000 	 0.8527991 
280500 	 0.7341957 
281000 	 0.7380574 
281500 	 0.8637232 
282000 	 0.801557 
282500 	 0.8251595 
283000 	 0.7974264 
283500 	 0.7540534 
284000 	 0.8624936 
284500 	 0.7382992 
285000 	 0.8606092 
285500 	 0.7958032 
286000 	 0.8436431 
286500 	 0.8707021 
287000 	 0.8217789 
287500 	 0.8269482 
288000 	 0.8219403 
288500 	 0.8875968 
289000 	 0.8300421 
289500 	 0.8306784 
290000 	 0.8157168 
290500 	 0.8271195 
291000 	 0.8442595 
291500 	 0.8904137 
292000 	 0.79707 
292500 	 0.8230657 
293000 	 0.8460322 
293500 	 0.8774041 
294000 	 0.794214 
294500 	 0.8273292 
295000 	 0.8065317 
295500 	 0.8173155 
296000 	 0.8257366 
296500 	 0.8546337 
297000 	 0.8776859 
297500 	 0.8208891 
298000 	 0.7956722 
298500 	 0.8555904 
299000 	 0.7983247 
299500 	 0.7672975 
300000 	 0.8211579 
300500 	 0.7929332 
301000 	 0.8074558 
301500 	 0.7339427 
302000 	 0.7662846 
302500 	 0.8309291 
303000 	 0.8520177 
303500 	 0.9113574 
304000 	 0.8315333 
304500 	 0.8533122 
305000 	 0.852734 
305500 	 0.7798952 
306000 	 0.8692492 
306500 	 0.8884849 
307000 	 0.7848407 
307500 	 0.8444078 
308000 	 0.7622184 
308500 	 0.824587 
309000 	 0.8316075 
309500 	 0.7810667 
310000 	 0.8148786 
310500 	 0.8446884 
311000 	 0.8540965 
311500 	 0.8406654 
312000 	 0.8536482 
312500 	 0.8179473 
313000 	 0.796496 
313500 	 0.805571 
314000 	 0.8573961 
314500 	 0.7122616 
315000 	 0.8076143 
315500 	 0.891245 
316000 	 0.8463308 
316500 	 0.86 
317000 	 0.8095605 
317500 	 0.8219885 
318000 	 0.7763442 
318500 	 0.8274961 
319000 	 0.7708455 
319500 	 0.8343206 
320000 	 0.7972123 
320500 	 0.8205189 
321000 	 0.856674 
321500 	 0.7929548 
322000 	 0.8352306 
322500 	 0.7747466 
323000 	 0.8476242 
323500 	 0.7571911 
324000 	 0.8195655 
324500 	 0.8260147 
325000 	 0.9066464 
325500 	 0.8290932 
326000 	 0.8293811 
326500 	 0.7810543 
327000 	 0.8118339 
327500 	 0.7885776 
328000 	 0.8355779 
328500 	 0.85984 
329000 	 0.8005289 
329500 	 0.8004844 
330000 	 0.830633 
330500 	 0.7898027 
331000 	 0.8527782 
331500 	 0.8278864 
332000 	 0.8370901 
332500 	 0.8168224 
333000 	 0.8419565 
333500 	 0.777461 
334000 	 0.8311107 
334500 	 0.8974664 
335000 	 0.9069689 
335500 	 0.8555253 
336000 	 0.8704616 
336500 	 0.850337 
337000 	 0.7461446 
337500 	 0.8449277 
338000 	 0.7781867 
338500 	 0.906447 
339000 	 0.7657706 
339500 	 0.8651653 
340000 	 0.8600867 
340500 	 0.804406 
341000 	 0.7921183 
341500 	 0.7827296 
342000 	 0.7850742 
342500 	 0.7656256 
343000 	 0.8457825 
343500 	 0.7170327 
344000 	 0.8934206 
344500 	 0.7977076 
345000 	 0.8218827 
345500 	 0.874386 
346000 	 0.8649121 
346500 	 0.8227709 
347000 	 0.8298838 
347500 	 0.8149803 
348000 	 0.8133143 
348500 	 0.8082571 
349000 	 0.819118 
349500 	 0.8640518 
350000 	 0.8359974 
350500 	 0.8016095 
351000 	 0.7652746 
351500 	 0.8493526 
352000 	 0.7697595 
352500 	 0.7593123 
353000 	 0.8241046 
353500 	 0.7966144 
354000 	 0.9104146 
354500 	 0.8426178 
355000 	 0.814758 
355500 	 0.802486 
356000 	 0.7991088 
356500 	 0.8033921 
357000 	 0.8584235 
357500 	 0.7908686 
358000 	 0.8228612 
358500 	 0.7655928 
359000 	 0.7951639 
359500 	 0.8698975 
360000 	 0.8236971 
360500 	 0.8244621 
361000 	 0.7764543 
361500 	 0.7416254 
362000 	 0.8454088 
362500 	 0.8191769 
363000 	 0.8698639 
363500 	 0.8461746 
364000 	 0.8356694 
364500 	 0.8857583 
365000 	 0.8038627 
365500 	 0.8276878 
366000 	 0.8036166 
366500 	 0.8387915 
367000 	 0.8381321 
367500 	 0.7673285 
368000 	 0.8242823 
368500 	 0.7790517 
369000 	 0.8755233 
369500 	 0.7595572 
370000 	 0.7879835 
370500 	 0.8072952 
371000 	 0.7379824 
371500 	 0.8817748 
372000 	 0.7508206 
372500 	 0.8069167 
373000 	 0.7976223 
373500 	 0.736223 
374000 	 0.8100418 
374500 	 0.7794831 
375000 	 0.7997764 
375500 	 0.8883009 
376000 	 0.8477775 
376500 	 0.7797062 
377000 	 0.8131116 
377500 	 0.8138338 
378000 	 0.7589682 
378500 	 0.7445593 
379000 	 0.7951457 
379500 	 0.7591675 
380000 	 0.7803775 
380500 	 0.8598362 
381000 	 0.8344758 
381500 	 0.7445173 
382000 	 0.8331354 
382500 	 0.7917766 
383000 	 0.8341052 
383500 	 0.8181019 
384000 	 0.8343021 
384500 	 0.8918335 
385000 	 0.7886233 
385500 	 0.8433229 
386000 	 0.8226184 
386500 	 0.8170318 
387000 	 0.7908728 
387500 	 0.8051007 
388000 	 0.8481507 
388500 	 0.8156104 
389000 	 0.8658927 
389500 	 0.7854902 
390000 	 0.8705496 
390500 	 0.8206003 
391000 	 0.8904641 
391500 	 0.8358015 
392000 	 0.818176 
392500 	 0.7314407 
393000 	 0.8063913 
393500 	 0.7895872 
394000 	 0.8450748 
394500 	 0.8232453 
395000 	 0.8058265 
395500 	 0.8888441 
396000 	 0.7622141 
396500 	 0.9038485 
397000 	 0.7645689 
397500 	 0.7859855 
398000 	 0.7778648 
398500 	 0.8395997 
399000 	 0.8459728 
399500 	 0.8234401 
400000 	 0.8265162 
400500 	 0.8195781 
401000 	 0.7978386 
401500 	 0.8129345 
402000 	 0.7636278 
402500 	 0.8405791 
403000 	 0.8678198 
403500 	 0.7875757 
404000 	 0.8331708 
404500 	 0.796161 
405000 	 0.8103031 
405500 	 0.7660218 
406000 	 0.7775536 
406500 	 0.8796602 
407000 	 0.852228 
407500 	 0.8456895 
408000 	 0.7549988 
408500 	 0.8263111 
409000 	 0.8351904 
409500 	 0.8255876 
410000 	 0.7943977 
410500 	 0.8722317 
411000 	 0.8205838 
411500 	 0.8437782 
412000 	 0.8033059 
412500 	 0.7726221 
413000 	 0.8056962 
413500 	 0.8150863 
414000 	 0.7663106 
414500 	 0.8585489 
415000 	 0.8586285 
415500 	 0.8134846 
416000 	 0.831595 
416500 	 0.8160803 
417000 	 0.7908345 
417500 	 0.6964433 
418000 	 0.8419622 
418500 	 0.7705846 
419000 	 0.8521454 
419500 	 0.7995604 
420000 	 0.8645324 
420500 	 0.876691 
421000 	 0.8532157 
421500 	 0.862822 
422000 	 0.800458 
422500 	 0.8430979 
423000 	 0.8210812 
423500 	 0.8207659 
424000 	 0.8132529 
424500 	 0.7296838 
425000 	 0.901524 
425500 	 0.7730076 
426000 	 0.8773111 
426500 	 0.8120958 
427000 	 0.8006249 
427500 	 0.8086127 
428000 	 0.8674079 
428500 	 0.8530917 
429000 	 0.8517661 
429500 	 0.8335826 
430000 	 0.7905312 
430500 	 0.7878757 
431000 	 0.8255487 
431500 	 0.7844493 
432000 	 0.7208908 
432500 	 0.8086409 
433000 	 0.7994856 
433500 	 0.8385547 
434000 	 0.825414 
434500 	 0.9015604 
435000 	 0.8270927 
435500 	 0.7570309 
436000 	 0.8552769 
436500 	 0.8061899 
437000 	 0.8499291 
437500 	 0.8808679 
438000 	 0.8432071 
438500 	 0.8390754 
439000 	 0.8091432 
439500 	 0.81902 
440000 	 0.7699782 
440500 	 0.8351825 
441000 	 0.7939757 
441500 	 0.7606263 
442000 	 0.8723961 
442500 	 0.830142 
443000 	 0.7188535 
443500 	 0.8674407 
444000 	 0.8428852 
444500 	 0.8333202 
445000 	 0.8500456 
445500 	 0.8405694 
446000 	 0.8354 
446500 	 0.7870941 
447000 	 0.7760643 
447500 	 0.8950865 
448000 	 0.8838039 
448500 	 0.8016871 
449000 	 0.766421 
449500 	 0.837834 
450000 	 0.8379696 
450500 	 0.8763808 
451000 	 0.7519998 
451500 	 0.7813094 
452000 	 0.8255994 
452500 	 0.8569214 
453000 	 0.8272954 
453500 	 0.890875 
454000 	 0.8344151 
454500 	 0.7629093 
455000 	 0.7814866 
455500 	 0.850643 
456000 	 0.816695 
456500 	 0.8279281 
457000 	 0.7885971 
457500 	 0.7851543 
458000 	 0.829521 
458500 	 0.8747153 
459000 	 0.8339804 
459500 	 0.7338765 
460000 	 0.8419139 
460500 	 0.7993229 
461000 	 0.8675617 
461500 	 0.8403501 
462000 	 0.7875161 
462500 	 0.8323234 
463000 	 0.8227522 
463500 	 0.8573282 
464000 	 0.7862758 
464500 	 0.7392854 
465000 	 0.8483694 
465500 	 0.8089773 
466000 	 0.834166 
466500 	 0.809901 
467000 	 0.8083584 
467500 	 0.8951482 
468000 	 0.799325 
468500 	 0.8533863 
469000 	 0.8594472 
469500 	 0.81977 
470000 	 0.862669 
470500 	 0.8050103 
471000 	 0.793725 
471500 	 0.8577558 
472000 	 0.7865199 
472500 	 0.8408985 
473000 	 0.8082186 
473500 	 0.8572963 
474000 	 0.7772054 
474500 	 0.7912157 
475000 	 0.8811424 
475500 	 0.8009298 
476000 	 0.8351137 
476500 	 0.8803835 
477000 	 0.877332 
477500 	 0.8676794 
478000 	 0.8313913 
478500 	 0.8221585 
479000 	 0.8283518 
479500 	 0.7635709 
480000 	 0.8502509 
480500 	 0.8360982 
481000 	 0.7729281 
481500 	 0.8795515 
482000 	 0.7886223 
482500 	 0.7837394 
483000 	 0.8254964 
483500 	 0.7592767 
484000 	 0.8822812 
484500 	 0.8368693 
485000 	 0.8288323 
485500 	 0.8060679 
486000 	 0.7836291 
486500 	 0.8142992 
487000 	 0.8270494 
487500 	 0.8707911 
488000 	 0.8648955 
488500 	 0.8421267 
489000 	 0.8098527 
489500 	 0.7312096 
490000 	 0.8383757 
490500 	 0.9157218 
491000 	 0.8548172 
491500 	 0.8180247 
492000 	 0.8661111 
492500 	 0.8065425 
493000 	 0.8217333 
493500 	 0.7869687 
494000 	 0.8513052 
494500 	 0.7817377 
495000 	 0.7756316 
495500 	 0.8329998 
496000 	 0.8258628 
496500 	 0.7511007 
497000 	 0.8356941 
497500 	 0.7671676 
498000 	 0.8103969 
498500 	 0.7931307 
499000 	 0.7259116 
499500 	 0.7978268 
500000 	 0.8713768 
