iter 	 p
500 	 0.7576184 
1000 	 0.7704432 
1500 	 0.7375583 
2000 	 0.8641077 
2500 	 0.7588103 
3000 	 0.7239411 
3500 	 0.7397383 
4000 	 0.716342 
4500 	 0.857309 
5000 	 0.7789581 
5500 	 0.7896435 
6000 	 0.8072983 
6500 	 0.7936152 
7000 	 0.8388707 
7500 	 0.8411482 
8000 	 0.7789448 
8500 	 0.7581602 
9000 	 0.777064 
9500 	 0.755181 
10000 	 0.7452445 
10500 	 0.8617257 
11000 	 0.7931488 
11500 	 0.8279318 
12000 	 0.8525183 
12500 	 0.7348669 
13000 	 0.672543 
13500 	 0.7751454 
14000 	 0.7854208 
14500 	 0.804547 
15000 	 0.7796734 
15500 	 0.8570651 
16000 	 0.760381 
16500 	 0.7949698 
17000 	 0.7706036 
17500 	 0.7819087 
18000 	 0.8061319 
18500 	 0.7084619 
19000 	 0.8490061 
19500 	 0.821383 
20000 	 0.7197342 
20500 	 0.7442164 
21000 	 0.8477094 
21500 	 0.8264629 
22000 	 0.7385452 
22500 	 0.7707708 
23000 	 0.8048743 
23500 	 0.8972938 
24000 	 0.867872 
24500 	 0.8593746 
25000 	 0.7928001 
25500 	 0.841726 
26000 	 0.7583967 
26500 	 0.9057896 
27000 	 0.7843026 
27500 	 0.7970431 
28000 	 0.8732286 
28500 	 0.8126195 
29000 	 0.8294202 
29500 	 0.7557 
30000 	 0.8654423 
30500 	 0.7987309 
31000 	 0.7967297 
31500 	 0.8087564 
32000 	 0.9153101 
32500 	 0.8258233 
33000 	 0.8180123 
33500 	 0.7435892 
34000 	 0.7869942 
34500 	 0.8001144 
35000 	 0.8663786 
35500 	 0.8047227 
36000 	 0.7663348 
36500 	 0.8218883 
37000 	 0.7692108 
37500 	 0.8620381 
38000 	 0.7478524 
38500 	 0.7336879 
39000 	 0.8621395 
39500 	 0.8292627 
40000 	 0.8055841 
40500 	 0.7972064 
41000 	 0.7944562 
41500 	 0.7245314 
42000 	 0.7636469 
42500 	 0.7933827 
43000 	 0.7617857 
43500 	 0.8215512 
44000 	 0.6759381 
44500 	 0.827446 
45000 	 0.8047663 
45500 	 0.8232068 
46000 	 0.780881 
46500 	 0.8367491 
47000 	 0.8168405 
47500 	 0.7589819 
48000 	 0.7453022 
48500 	 0.7200357 
49000 	 0.8616074 
49500 	 0.7416724 
50000 	 0.7823282 
50500 	 0.7908074 
51000 	 0.7724848 
51500 	 0.821386 
52000 	 0.8003809 
52500 	 0.7410784 
53000 	 0.7077255 
53500 	 0.8598386 
54000 	 0.7551881 
54500 	 0.8354116 
55000 	 0.7797988 
55500 	 0.8051332 
56000 	 0.7646286 
56500 	 0.8015889 
57000 	 0.7974624 
57500 	 0.7543545 
58000 	 0.8012779 
58500 	 0.8383152 
59000 	 0.8153673 
59500 	 0.8651001 
60000 	 0.8298294 
60500 	 0.8492472 
61000 	 0.6845276 
61500 	 0.8741433 
62000 	 0.8326448 
62500 	 0.8541941 
63000 	 0.8255763 
63500 	 0.7976659 
64000 	 0.8542028 
64500 	 0.6661314 
65000 	 0.847364 
65500 	 0.7336561 
66000 	 0.8639563 
66500 	 0.8759404 
67000 	 0.7996346 
67500 	 0.7665417 
68000 	 0.804818 
68500 	 0.8063912 
69000 	 0.862543 
69500 	 0.8525495 
70000 	 0.8012146 
70500 	 0.8401058 
71000 	 0.7809122 
71500 	 0.8118543 
72000 	 0.7949575 
72500 	 0.8441113 
73000 	 0.775566 
73500 	 0.8539034 
74000 	 0.8532194 
74500 	 0.8009766 
75000 	 0.8217133 
75500 	 0.7915904 
76000 	 0.7094093 
76500 	 0.8141096 
77000 	 0.8822324 
77500 	 0.8207757 
78000 	 0.7386941 
78500 	 0.8062976 
79000 	 0.8265658 
79500 	 0.8043383 
80000 	 0.8223015 
80500 	 0.8711812 
81000 	 0.7689659 
81500 	 0.8328731 
82000 	 0.8667444 
82500 	 0.8018703 
83000 	 0.7284185 
83500 	 0.8482405 
84000 	 0.6879013 
84500 	 0.7454277 
85000 	 0.7090039 
85500 	 0.7758857 
86000 	 0.821349 
86500 	 0.8310348 
87000 	 0.8619669 
87500 	 0.8073351 
88000 	 0.8663417 
88500 	 0.8270205 
89000 	 0.7950509 
89500 	 0.7194307 
90000 	 0.7899272 
90500 	 0.7939767 
91000 	 0.8158805 
91500 	 0.7968219 
92000 	 0.8010558 
92500 	 0.8145904 
93000 	 0.7415069 
93500 	 0.850295 
94000 	 0.8406414 
94500 	 0.7893117 
95000 	 0.7764104 
95500 	 0.8792955 
96000 	 0.8515538 
96500 	 0.8359846 
97000 	 0.7699421 
97500 	 0.8315458 
98000 	 0.8802521 
98500 	 0.8341962 
99000 	 0.7229153 
99500 	 0.8341249 
100000 	 0.7205274 
100500 	 0.8415182 
101000 	 0.874926 
101500 	 0.8255124 
102000 	 0.7389114 
102500 	 0.7518205 
103000 	 0.7200232 
103500 	 0.7952514 
104000 	 0.7711385 
104500 	 0.8123547 
105000 	 0.8059532 
105500 	 0.7758419 
106000 	 0.8028599 
106500 	 0.7565774 
107000 	 0.8142765 
107500 	 0.7454602 
108000 	 0.8402154 
108500 	 0.8149412 
109000 	 0.8399171 
109500 	 0.826189 
110000 	 0.8178914 
110500 	 0.7231997 
111000 	 0.8089077 
111500 	 0.7136828 
112000 	 0.8056048 
112500 	 0.798247 
113000 	 0.7469302 
113500 	 0.8214582 
114000 	 0.698812 
114500 	 0.7579205 
115000 	 0.8119788 
115500 	 0.8118365 
116000 	 0.7724448 
116500 	 0.7896918 
117000 	 0.8104395 
117500 	 0.6564092 
118000 	 0.7642893 
118500 	 0.742345 
119000 	 0.7388117 
119500 	 0.8283855 
120000 	 0.8360457 
120500 	 0.7644878 
121000 	 0.7488794 
121500 	 0.699075 
122000 	 0.7719447 
122500 	 0.7988634 
123000 	 0.9011314 
123500 	 0.7658731 
124000 	 0.8104395 
124500 	 0.8436529 
125000 	 0.8464422 
125500 	 0.8112062 
126000 	 0.8470279 
126500 	 0.7944599 
127000 	 0.8207166 
127500 	 0.8046239 
128000 	 0.7966029 
128500 	 0.8589481 
129000 	 0.7063576 
129500 	 0.8627398 
130000 	 0.8190752 
130500 	 0.8106749 
131000 	 0.8248728 
131500 	 0.7904321 
132000 	 0.7543737 
132500 	 0.7778221 
133000 	 0.8210364 
133500 	 0.7315331 
134000 	 0.8558521 
134500 	 0.7225446 
135000 	 0.7603338 
135500 	 0.8086292 
136000 	 0.728267 
136500 	 0.7933677 
137000 	 0.8916987 
137500 	 0.8605761 
138000 	 0.8365493 
138500 	 0.8272764 
139000 	 0.8943437 
139500 	 0.8350758 
140000 	 0.7569882 
140500 	 0.7464533 
141000 	 0.7788198 
141500 	 0.9020786 
142000 	 0.8104602 
142500 	 0.8257785 
143000 	 0.7740512 
143500 	 0.7654031 
144000 	 0.7702041 
144500 	 0.8582597 
145000 	 0.8241669 
145500 	 0.7856543 
146000 	 0.8022422 
146500 	 0.8303928 
147000 	 0.7941761 
147500 	 0.840536 
148000 	 0.8105964 
148500 	 0.8480512 
149000 	 0.8000947 
149500 	 0.7939721 
150000 	 0.8511365 
150500 	 0.7838419 
151000 	 0.8080914 
151500 	 0.7673173 
152000 	 0.7803297 
152500 	 0.7985155 
153000 	 0.7786787 
153500 	 0.7802701 
154000 	 0.8275838 
154500 	 0.7884923 
155000 	 0.8409121 
155500 	 0.8524771 
156000 	 0.7414718 
156500 	 0.8366582 
157000 	 0.7981955 
157500 	 0.7890844 
158000 	 0.8092742 
158500 	 0.7898921 
159000 	 0.8176413 
159500 	 0.796423 
160000 	 0.8338205 
160500 	 0.789835 
161000 	 0.7560274 
161500 	 0.8375269 
162000 	 0.7327704 
162500 	 0.702182 
163000 	 0.7668669 
163500 	 0.7533865 
164000 	 0.7543238 
164500 	 0.7482517 
165000 	 0.8109227 
165500 	 0.7831918 
166000 	 0.8203569 
166500 	 0.8420131 
167000 	 0.8354506 
167500 	 0.8320383 
168000 	 0.8102828 
168500 	 0.8087216 
169000 	 0.7828365 
169500 	 0.8103276 
170000 	 0.7929809 
170500 	 0.7669504 
171000 	 0.789002 
171500 	 0.7582128 
172000 	 0.8340389 
172500 	 0.7980765 
173000 	 0.7450346 
173500 	 0.7822944 
174000 	 0.8794054 
174500 	 0.7642768 
175000 	 0.8346806 
175500 	 0.8384948 
176000 	 0.8491348 
176500 	 0.8682293 
177000 	 0.7885068 
177500 	 0.8195649 
178000 	 0.7618316 
178500 	 0.8041994 
179000 	 0.8484055 
179500 	 0.8270597 
180000 	 0.6903249 
180500 	 0.7456701 
181000 	 0.7613584 
181500 	 0.8039284 
182000 	 0.849772 
182500 	 0.796699 
183000 	 0.7937998 
183500 	 0.8304203 
184000 	 0.7722824 
184500 	 0.7852553 
185000 	 0.7199907 
185500 	 0.8016942 
186000 	 0.8005955 
186500 	 0.7581944 
187000 	 0.8017265 
187500 	 0.7561435 
188000 	 0.8575839 
188500 	 0.7709638 
189000 	 0.8353416 
189500 	 0.770352 
190000 	 0.7975942 
190500 	 0.874391 
191000 	 0.8319533 
191500 	 0.7982186 
192000 	 0.8550286 
192500 	 0.8019617 
193000 	 0.7136883 
193500 	 0.8078293 
194000 	 0.8364527 
194500 	 0.7478433 
195000 	 0.7435073 
195500 	 0.8605732 
196000 	 0.8192249 
196500 	 0.7719366 
197000 	 0.7193204 
197500 	 0.7540714 
198000 	 0.7895917 
198500 	 0.7693849 
199000 	 0.7525957 
199500 	 0.7717465 
200000 	 0.8123164 
200500 	 0.8003824 
201000 	 0.7892211 
201500 	 0.7470464 
202000 	 0.7482516 
202500 	 0.8395923 
203000 	 0.8521678 
203500 	 0.7839334 
204000 	 0.8194985 
204500 	 0.7750722 
205000 	 0.8102446 
205500 	 0.7498072 
206000 	 0.7792983 
206500 	 0.7444617 
207000 	 0.7882191 
207500 	 0.8361521 
208000 	 0.7665173 
208500 	 0.7423272 
209000 	 0.85868 
209500 	 0.764691 
210000 	 0.8482561 
210500 	 0.8254308 
211000 	 0.8524672 
211500 	 0.7803074 
212000 	 0.7491909 
212500 	 0.831493 
213000 	 0.7886075 
213500 	 0.860364 
214000 	 0.8424554 
214500 	 0.8090745 
215000 	 0.7334809 
215500 	 0.8442174 
216000 	 0.7768448 
216500 	 0.7345139 
217000 	 0.8900408 
217500 	 0.8762953 
218000 	 0.7954479 
218500 	 0.8069792 
219000 	 0.8094262 
219500 	 0.7866098 
220000 	 0.8402283 
220500 	 0.7935122 
221000 	 0.8183222 
221500 	 0.8279492 
222000 	 0.8336734 
222500 	 0.7490846 
223000 	 0.8280826 
223500 	 0.8283783 
224000 	 0.7782859 
224500 	 0.7825765 
225000 	 0.8387399 
225500 	 0.8493188 
226000 	 0.7941093 
226500 	 0.7622743 
227000 	 0.7616433 
227500 	 0.8540077 
228000 	 0.7694018 
228500 	 0.7572108 
229000 	 0.7946447 
229500 	 0.8105251 
230000 	 0.8463498 
230500 	 0.8112028 
231000 	 0.7453347 
231500 	 0.8222167 
232000 	 0.7904507 
232500 	 0.823741 
233000 	 0.7807151 
233500 	 0.7894769 
234000 	 0.7804331 
234500 	 0.7919892 
235000 	 0.8211798 
235500 	 0.8401137 
236000 	 0.8662142 
236500 	 0.7874997 
237000 	 0.7782803 
237500 	 0.8167203 
238000 	 0.7979681 
238500 	 0.8008364 
239000 	 0.8375711 
239500 	 0.7523391 
240000 	 0.8026253 
240500 	 0.7349065 
241000 	 0.8213601 
241500 	 0.8228816 
242000 	 0.8626913 
242500 	 0.7774839 
243000 	 0.807336 
243500 	 0.7800393 
244000 	 0.8146968 
244500 	 0.7495162 
245000 	 0.8467323 
245500 	 0.8740154 
246000 	 0.7508973 
246500 	 0.7672283 
247000 	 0.82286 
247500 	 0.7645878 
248000 	 0.8619048 
248500 	 0.8900155 
249000 	 0.8320987 
249500 	 0.7879464 
250000 	 0.8422832 
250500 	 0.8122512 
251000 	 0.7516915 
251500 	 0.8037398 
252000 	 0.7959335 
252500 	 0.8420112 
253000 	 0.8254377 
253500 	 0.7404324 
254000 	 0.8207096 
254500 	 0.8648169 
255000 	 0.8057679 
255500 	 0.738174 
256000 	 0.8207737 
256500 	 0.6810979 
257000 	 0.8470949 
257500 	 0.7850889 
258000 	 0.8134075 
258500 	 0.7843005 
259000 	 0.7968401 
259500 	 0.842897 
260000 	 0.8417356 
260500 	 0.8159563 
261000 	 0.7685426 
261500 	 0.8195885 
262000 	 0.7890549 
262500 	 0.7634922 
263000 	 0.7854313 
263500 	 0.7029037 
264000 	 0.8610276 
264500 	 0.8721176 
265000 	 0.8493062 
265500 	 0.8058725 
266000 	 0.8238191 
266500 	 0.796195 
267000 	 0.8503288 
267500 	 0.804707 
268000 	 0.8563019 
268500 	 0.7700372 
269000 	 0.7285751 
269500 	 0.7917174 
270000 	 0.8025821 
270500 	 0.8104853 
271000 	 0.8246089 
271500 	 0.8290749 
272000 	 0.864972 
272500 	 0.7792505 
273000 	 0.8725191 
273500 	 0.7525609 
274000 	 0.8026122 
274500 	 0.7764912 
275000 	 0.8345224 
275500 	 0.7233599 
276000 	 0.8387658 
276500 	 0.7700423 
277000 	 0.8150942 
277500 	 0.7481572 
278000 	 0.800248 
278500 	 0.7967912 
279000 	 0.7659766 
279500 	 0.7979753 
280000 	 0.806882 
280500 	 0.7683271 
281000 	 0.7866343 
281500 	 0.8253986 
282000 	 0.817256 
282500 	 0.8215054 
283000 	 0.7545959 
283500 	 0.7891669 
284000 	 0.8465328 
284500 	 0.8030263 
285000 	 0.7474138 
285500 	 0.8409861 
286000 	 0.8533316 
286500 	 0.7453568 
287000 	 0.8137033 
287500 	 0.8671712 
288000 	 0.8348433 
288500 	 0.8680364 
289000 	 0.7249873 
289500 	 0.7822239 
290000 	 0.7667452 
290500 	 0.7876815 
291000 	 0.7383995 
291500 	 0.8058294 
292000 	 0.8106381 
292500 	 0.8242052 
293000 	 0.6658606 
293500 	 0.8135749 
294000 	 0.8761779 
294500 	 0.7716606 
295000 	 0.8359139 
295500 	 0.7773997 
296000 	 0.7819977 
296500 	 0.8824427 
297000 	 0.8641115 
297500 	 0.8080083 
298000 	 0.7737805 
298500 	 0.7636852 
299000 	 0.8259149 
299500 	 0.826858 
300000 	 0.7713954 
300500 	 0.7901997 
301000 	 0.7695955 
301500 	 0.8334994 
302000 	 0.7457401 
302500 	 0.8173707 
303000 	 0.8754691 
303500 	 0.8593155 
304000 	 0.8515787 
304500 	 0.8619019 
305000 	 0.7901047 
305500 	 0.7942014 
306000 	 0.803619 
306500 	 0.7994099 
307000 	 0.7700926 
307500 	 0.8116787 
308000 	 0.7823979 
308500 	 0.8350829 
309000 	 0.8274368 
309500 	 0.7692976 
310000 	 0.7306332 
310500 	 0.7224458 
311000 	 0.8707604 
311500 	 0.6419039 
312000 	 0.7729356 
312500 	 0.8630096 
313000 	 0.87598 
313500 	 0.7323543 
314000 	 0.8651135 
314500 	 0.8242745 
315000 	 0.8142037 
315500 	 0.8127133 
316000 	 0.8326302 
316500 	 0.7052199 
317000 	 0.7997684 
317500 	 0.8187803 
318000 	 0.825973 
318500 	 0.8222404 
319000 	 0.8602309 
319500 	 0.7859019 
320000 	 0.7647336 
320500 	 0.7978251 
321000 	 0.7595812 
321500 	 0.7779526 
322000 	 0.7579966 
322500 	 0.8391098 
323000 	 0.7458601 
323500 	 0.8430324 
324000 	 0.7313943 
324500 	 0.8152182 
325000 	 0.81408 
325500 	 0.7569567 
326000 	 0.8190145 
326500 	 0.7749552 
327000 	 0.8154488 
327500 	 0.8110111 
328000 	 0.7690058 
328500 	 0.7609974 
329000 	 0.7149126 
329500 	 0.8187333 
330000 	 0.821712 
330500 	 0.7083193 
331000 	 0.856939 
331500 	 0.822113 
332000 	 0.7120458 
332500 	 0.8303834 
333000 	 0.8008802 
333500 	 0.8921981 
334000 	 0.7451439 
334500 	 0.7058176 
335000 	 0.8234257 
335500 	 0.8030648 
336000 	 0.690292 
336500 	 0.7711292 
337000 	 0.8371169 
337500 	 0.8288728 
338000 	 0.7845013 
338500 	 0.8570839 
339000 	 0.7679306 
339500 	 0.7963811 
340000 	 0.7455712 
340500 	 0.7537845 
341000 	 0.6995284 
341500 	 0.7786321 
342000 	 0.8410435 
342500 	 0.8834944 
343000 	 0.7504113 
343500 	 0.7619592 
344000 	 0.8281058 
344500 	 0.8552879 
345000 	 0.8278535 
345500 	 0.9012991 
346000 	 0.8314058 
346500 	 0.8554558 
347000 	 0.766836 
347500 	 0.810184 
348000 	 0.782985 
348500 	 0.7194445 
349000 	 0.7091494 
349500 	 0.8868956 
350000 	 0.8353308 
350500 	 0.7797112 
351000 	 0.8304404 
351500 	 0.8054552 
352000 	 0.8074256 
352500 	 0.8458437 
353000 	 0.713197 
353500 	 0.7805931 
354000 	 0.7809468 
354500 	 0.7890302 
355000 	 0.7672548 
355500 	 0.799176 
356000 	 0.8228068 
356500 	 0.7911116 
357000 	 0.778156 
357500 	 0.8331531 
358000 	 0.8486181 
358500 	 0.8573833 
359000 	 0.7136783 
359500 	 0.9436604 
360000 	 0.7646087 
360500 	 0.7622047 
361000 	 0.7732412 
361500 	 0.7654576 
362000 	 0.7623616 
362500 	 0.8033549 
363000 	 0.8817375 
363500 	 0.8248264 
364000 	 0.8533942 
364500 	 0.7540214 
365000 	 0.880864 
365500 	 0.7995675 
366000 	 0.8210279 
366500 	 0.6573782 
367000 	 0.8472864 
367500 	 0.8231508 
368000 	 0.8161064 
368500 	 0.80476 
369000 	 0.8389654 
369500 	 0.8258946 
370000 	 0.7797277 
370500 	 0.7818523 
371000 	 0.8034541 
371500 	 0.8338119 
372000 	 0.8472348 
372500 	 0.8565901 
373000 	 0.8332293 
373500 	 0.7844764 
374000 	 0.7960687 
374500 	 0.7961611 
375000 	 0.8166936 
375500 	 0.8327109 
376000 	 0.7327777 
376500 	 0.772946 
377000 	 0.8657645 
377500 	 0.8234855 
378000 	 0.8854974 
378500 	 0.7604673 
379000 	 0.8012774 
379500 	 0.7711846 
380000 	 0.7788493 
380500 	 0.7580713 
381000 	 0.7822935 
381500 	 0.8592313 
382000 	 0.8766701 
382500 	 0.8616737 
383000 	 0.8878913 
383500 	 0.8012479 
384000 	 0.8409099 
384500 	 0.8048005 
385000 	 0.8098051 
385500 	 0.7656891 
386000 	 0.8366875 
386500 	 0.8227948 
387000 	 0.7714857 
387500 	 0.8558865 
388000 	 0.8412803 
388500 	 0.8346798 
389000 	 0.8109257 
389500 	 0.8282645 
390000 	 0.8167497 
390500 	 0.8190966 
391000 	 0.7937935 
391500 	 0.8325095 
392000 	 0.8199342 
392500 	 0.8558823 
393000 	 0.757634 
393500 	 0.7092997 
394000 	 0.8400654 
394500 	 0.6931496 
395000 	 0.8366933 
395500 	 0.822971 
396000 	 0.8522069 
396500 	 0.799979 
397000 	 0.7456795 
397500 	 0.8660002 
398000 	 0.7780611 
398500 	 0.8345153 
399000 	 0.8164773 
399500 	 0.7869311 
400000 	 0.7755918 
400500 	 0.7123773 
401000 	 0.8372042 
401500 	 0.7814842 
402000 	 0.8056978 
402500 	 0.8106147 
403000 	 0.7410961 
403500 	 0.8653439 
404000 	 0.8490712 
404500 	 0.8176545 
405000 	 0.8520788 
405500 	 0.8396928 
406000 	 0.798774 
406500 	 0.8623565 
407000 	 0.7936716 
407500 	 0.8280927 
408000 	 0.8078781 
408500 	 0.7380889 
409000 	 0.7741176 
409500 	 0.8304943 
410000 	 0.8245879 
410500 	 0.7194786 
411000 	 0.8706159 
411500 	 0.7568259 
412000 	 0.7624778 
412500 	 0.7666127 
413000 	 0.8527446 
413500 	 0.7410737 
414000 	 0.7531941 
414500 	 0.7995385 
415000 	 0.764227 
415500 	 0.7568316 
416000 	 0.8315118 
416500 	 0.8522443 
417000 	 0.8232892 
417500 	 0.8087916 
418000 	 0.8144171 
418500 	 0.8279323 
419000 	 0.6989734 
419500 	 0.7141132 
420000 	 0.836705 
420500 	 0.7442112 
421000 	 0.7927019 
421500 	 0.7724157 
422000 	 0.8519325 
422500 	 0.8429923 
423000 	 0.8025557 
423500 	 0.848086 
424000 	 0.7654928 
424500 	 0.7636544 
425000 	 0.7710531 
425500 	 0.8990347 
426000 	 0.7147183 
426500 	 0.7932945 
427000 	 0.8024886 
427500 	 0.7379937 
428000 	 0.8349565 
428500 	 0.7974428 
429000 	 0.8807964 
429500 	 0.8438081 
430000 	 0.8124579 
430500 	 0.7900196 
431000 	 0.787755 
431500 	 0.779655 
432000 	 0.8124729 
432500 	 0.8006544 
433000 	 0.8768489 
433500 	 0.7873194 
434000 	 0.7725088 
434500 	 0.7803128 
435000 	 0.8092279 
435500 	 0.8479457 
436000 	 0.7449401 
436500 	 0.8109801 
437000 	 0.9016809 
437500 	 0.7895431 
438000 	 0.850108 
438500 	 0.7618039 
439000 	 0.9231841 
439500 	 0.8258895 
440000 	 0.76649 
440500 	 0.8588465 
441000 	 0.8320695 
441500 	 0.7875075 
442000 	 0.8048541 
442500 	 0.7773556 
443000 	 0.768439 
443500 	 0.9012247 
444000 	 0.7016493 
444500 	 0.7795016 
445000 	 0.8319951 
445500 	 0.8316274 
446000 	 0.8680542 
446500 	 0.8216993 
447000 	 0.8593308 
447500 	 0.7542119 
448000 	 0.8455324 
448500 	 0.803082 
449000 	 0.7579724 
449500 	 0.7552523 
450000 	 0.7746531 
450500 	 0.8694915 
451000 	 0.7909724 
451500 	 0.8589438 
452000 	 0.8335046 
452500 	 0.8509246 
453000 	 0.8274595 
453500 	 0.8106481 
454000 	 0.7917104 
454500 	 0.7963619 
455000 	 0.8612984 
455500 	 0.747183 
456000 	 0.7635815 
456500 	 0.8251455 
457000 	 0.7139434 
457500 	 0.8506769 
458000 	 0.8091603 
458500 	 0.8472521 
459000 	 0.7843006 
459500 	 0.8146574 
460000 	 0.7142061 
460500 	 0.8055524 
461000 	 0.8453381 
461500 	 0.869774 
462000 	 0.8162814 
462500 	 0.7182597 
463000 	 0.7743536 
463500 	 0.8193208 
464000 	 0.7627869 
464500 	 0.9291027 
465000 	 0.7767858 
465500 	 0.7334947 
466000 	 0.76752 
466500 	 0.8058679 
467000 	 0.7920834 
467500 	 0.844381 
468000 	 0.8061134 
468500 	 0.8562694 
469000 	 0.80779 
469500 	 0.7918735 
470000 	 0.7988244 
470500 	 0.8179621 
471000 	 0.8407469 
471500 	 0.7401493 
472000 	 0.7589216 
472500 	 0.7349861 
473000 	 0.7954143 
473500 	 0.7433576 
474000 	 0.801173 
474500 	 0.7343141 
475000 	 0.8409549 
475500 	 0.7530994 
476000 	 0.7490646 
476500 	 0.7236639 
477000 	 0.786905 
477500 	 0.754353 
478000 	 0.8576558 
478500 	 0.7901231 
479000 	 0.8317929 
479500 	 0.7493294 
480000 	 0.7950284 
480500 	 0.8048647 
481000 	 0.7491577 
481500 	 0.8049281 
482000 	 0.8558002 
482500 	 0.7917699 
483000 	 0.7745367 
483500 	 0.7948068 
484000 	 0.8005268 
484500 	 0.8090145 
485000 	 0.8225587 
485500 	 0.7978867 
486000 	 0.8780351 
486500 	 0.7644212 
487000 	 0.8279328 
487500 	 0.823983 
488000 	 0.8137536 
488500 	 0.7967123 
489000 	 0.838977 
489500 	 0.8549492 
490000 	 0.7653093 
490500 	 0.7260537 
491000 	 0.8125887 
491500 	 0.8507735 
492000 	 0.8392653 
492500 	 0.8211784 
493000 	 0.8609065 
493500 	 0.7942221 
494000 	 0.7690484 
494500 	 0.8256907 
495000 	 0.8396848 
495500 	 0.7094322 
496000 	 0.8121184 
496500 	 0.833957 
497000 	 0.7982609 
497500 	 0.7626401 
498000 	 0.8698479 
498500 	 0.8124245 
499000 	 0.7880218 
499500 	 0.7053697 
500000 	 0.8593652 
