iter 	 p
500 	 0.0782054 
1000 	 0.1461326 
1500 	 0.1628229 
2000 	 0.1244308 
2500 	 0.07688403 
3000 	 0.1546255 
3500 	 0.1627553 
4000 	 0.1699562 
4500 	 0.0607017 
5000 	 0.1766475 
5500 	 0.1553391 
6000 	 0.1530575 
6500 	 0.115383 
7000 	 0.1358071 
7500 	 0.06833622 
8000 	 0.1447297 
8500 	 0.1241619 
9000 	 0.1001885 
9500 	 0.12263 
10000 	 0.2917284 
10500 	 0.2026454 
11000 	 0.2006379 
11500 	 0.08135498 
12000 	 0.156897 
12500 	 0.3088711 
13000 	 0.05399804 
13500 	 0.2044489 
14000 	 0.2425044 
14500 	 0.1104415 
15000 	 0.1666497 
15500 	 0.06451236 
16000 	 0.2369109 
16500 	 0.1280384 
17000 	 0.1148735 
17500 	 0.1290862 
18000 	 0.07021939 
18500 	 0.1453994 
19000 	 0.1124762 
19500 	 0.06499112 
20000 	 0.1743698 
20500 	 0.1801252 
21000 	 0.1655337 
21500 	 0.2709388 
22000 	 0.1305673 
22500 	 0.1702534 
23000 	 0.1815709 
23500 	 0.1573893 
24000 	 0.1418641 
24500 	 0.1979089 
25000 	 0.1013725 
25500 	 0.1867991 
26000 	 0.1400881 
26500 	 0.130201 
27000 	 0.1767684 
27500 	 0.2957461 
28000 	 0.08365196 
28500 	 0.1836931 
29000 	 0.1146426 
29500 	 0.1847803 
30000 	 0.1391783 
30500 	 0.09447954 
31000 	 0.1466355 
31500 	 0.2320269 
32000 	 0.2180923 
32500 	 0.09950274 
33000 	 0.1026874 
33500 	 0.2248294 
34000 	 0.152247 
34500 	 0.08242879 
35000 	 0.1441392 
35500 	 0.1465214 
36000 	 0.1501257 
36500 	 0.1310141 
37000 	 0.09246448 
37500 	 0.09269827 
38000 	 0.1536936 
38500 	 0.07921559 
39000 	 0.2724191 
39500 	 0.1766999 
40000 	 0.212597 
40500 	 0.1725233 
41000 	 0.1129991 
41500 	 0.1427738 
42000 	 0.1052624 
42500 	 0.1213618 
43000 	 0.2469789 
43500 	 0.09928673 
44000 	 0.1891583 
44500 	 0.1615078 
45000 	 0.1240076 
45500 	 0.1388672 
46000 	 0.1323248 
46500 	 0.0938622 
47000 	 0.109422 
47500 	 0.1132064 
48000 	 0.132452 
48500 	 0.1277718 
49000 	 0.2110566 
49500 	 0.1350335 
50000 	 0.118966 
50500 	 0.1144189 
51000 	 0.1008467 
51500 	 0.1438993 
52000 	 0.1057319 
52500 	 0.07181622 
53000 	 0.1919646 
53500 	 0.09370328 
54000 	 0.2563801 
54500 	 0.1736041 
55000 	 0.1363458 
55500 	 0.09244978 
56000 	 0.1626759 
56500 	 0.2146017 
57000 	 0.09748686 
57500 	 0.03755438 
58000 	 0.04531625 
58500 	 0.1266641 
59000 	 0.1548867 
59500 	 0.1255038 
60000 	 0.1665598 
60500 	 0.188735 
61000 	 0.1392742 
61500 	 0.2718258 
62000 	 0.09574174 
62500 	 0.06890444 
63000 	 0.1270854 
63500 	 0.1216758 
64000 	 0.1617407 
64500 	 0.1739266 
65000 	 0.09954817 
65500 	 0.2865658 
66000 	 0.163684 
66500 	 0.08547003 
67000 	 0.1879479 
67500 	 0.124086 
68000 	 0.1302968 
68500 	 0.1889079 
69000 	 0.1547747 
69500 	 0.2670882 
70000 	 0.04284825 
70500 	 0.1587466 
71000 	 0.0671018 
71500 	 0.1301074 
72000 	 0.06172966 
72500 	 0.1539413 
73000 	 0.1459935 
73500 	 0.2155794 
74000 	 0.1205244 
74500 	 0.1924781 
75000 	 0.201865 
75500 	 0.09183251 
76000 	 0.115165 
76500 	 0.0774503 
77000 	 0.2593246 
77500 	 0.1442633 
78000 	 0.2670299 
78500 	 0.06510176 
79000 	 0.08917347 
79500 	 0.1051686 
80000 	 0.1120953 
80500 	 0.2092724 
81000 	 0.1170705 
81500 	 0.1979931 
82000 	 0.1270896 
82500 	 0.1819791 
83000 	 0.185293 
83500 	 0.1424013 
84000 	 0.08733012 
84500 	 0.1785741 
85000 	 0.1696773 
85500 	 0.1561752 
86000 	 0.2519485 
86500 	 0.05556987 
87000 	 0.08351004 
87500 	 0.1627275 
88000 	 0.2803644 
88500 	 0.1873633 
89000 	 0.3047592 
89500 	 0.1330475 
90000 	 0.09352539 
90500 	 0.06301042 
91000 	 0.1502116 
91500 	 0.07526186 
92000 	 0.1831126 
92500 	 0.05749884 
93000 	 0.1739174 
93500 	 0.1192624 
94000 	 0.1598266 
94500 	 0.08946005 
95000 	 0.1152989 
95500 	 0.1834917 
96000 	 0.09459989 
96500 	 0.0700144 
97000 	 0.1508011 
97500 	 0.1773632 
98000 	 0.08461767 
98500 	 0.1993151 
99000 	 0.1288325 
99500 	 0.09091391 
100000 	 0.1935689 
100500 	 0.2027646 
101000 	 0.1194484 
101500 	 0.1412329 
102000 	 0.1124358 
102500 	 0.1184839 
103000 	 0.08180442 
103500 	 0.07762723 
104000 	 0.13315 
104500 	 0.08833144 
105000 	 0.1036548 
105500 	 0.1504841 
106000 	 0.2197173 
106500 	 0.06799774 
107000 	 0.1239226 
107500 	 0.2159531 
108000 	 0.09938793 
108500 	 0.1031193 
109000 	 0.270982 
109500 	 0.1053649 
110000 	 0.1047977 
110500 	 0.2017627 
111000 	 0.1906308 
111500 	 0.271683 
112000 	 0.1626727 
112500 	 0.1301121 
113000 	 0.2354999 
113500 	 0.1830882 
114000 	 0.1581289 
114500 	 0.2130975 
115000 	 0.1112188 
115500 	 0.1074477 
116000 	 0.2435214 
116500 	 0.06845699 
117000 	 0.2474549 
117500 	 0.08770113 
118000 	 0.2041805 
118500 	 0.1087561 
119000 	 0.2066808 
119500 	 0.1772906 
120000 	 0.2379137 
120500 	 0.1721675 
121000 	 0.2262525 
121500 	 0.108012 
122000 	 0.1519106 
122500 	 0.2507401 
123000 	 0.120551 
123500 	 0.1010305 
124000 	 0.1085612 
124500 	 0.2231443 
125000 	 0.2650933 
125500 	 0.1695635 
126000 	 0.08962929 
126500 	 0.1608646 
127000 	 0.1828439 
127500 	 0.15844 
128000 	 0.1508079 
128500 	 0.1679921 
129000 	 0.1112747 
129500 	 0.06652557 
130000 	 0.08031969 
130500 	 0.1244127 
131000 	 0.1555072 
131500 	 0.2169297 
132000 	 0.1136481 
132500 	 0.4262892 
133000 	 0.1513511 
133500 	 0.171042 
134000 	 0.19158 
134500 	 0.1792669 
135000 	 0.08964799 
135500 	 0.04418396 
136000 	 0.06524059 
136500 	 0.1516382 
137000 	 0.05533132 
137500 	 0.1648411 
138000 	 0.1214157 
138500 	 0.09263828 
139000 	 0.134201 
139500 	 0.06256975 
140000 	 0.1821488 
140500 	 0.09596393 
141000 	 0.2171654 
141500 	 0.07769782 
142000 	 0.1711539 
142500 	 0.1027589 
143000 	 0.03865607 
143500 	 0.1791498 
144000 	 0.1012037 
144500 	 0.09040916 
145000 	 0.1193897 
145500 	 0.1969287 
146000 	 0.09507699 
146500 	 0.1351644 
147000 	 0.07827269 
147500 	 0.04731674 
148000 	 0.06394769 
148500 	 0.189475 
149000 	 0.1345105 
149500 	 0.1685448 
150000 	 0.04899047 
150500 	 0.145409 
151000 	 0.1688331 
151500 	 0.1309829 
152000 	 0.1044092 
152500 	 0.1772104 
153000 	 0.1089662 
153500 	 0.1204328 
154000 	 0.24881 
154500 	 0.2001069 
155000 	 0.1600843 
155500 	 0.1276216 
156000 	 0.1226708 
156500 	 0.08280463 
157000 	 0.1635903 
157500 	 0.1091192 
158000 	 0.1477282 
158500 	 0.1862638 
159000 	 0.2159697 
159500 	 0.1228765 
160000 	 0.0462754 
160500 	 0.1653498 
161000 	 0.1925781 
161500 	 0.1542744 
162000 	 0.2829378 
162500 	 0.1202031 
163000 	 0.1369719 
163500 	 0.1842081 
164000 	 0.1931759 
164500 	 0.09076024 
165000 	 0.06582707 
165500 	 0.04495658 
166000 	 0.1821431 
166500 	 0.1304298 
167000 	 0.1533779 
167500 	 0.1899005 
168000 	 0.06011025 
168500 	 0.07883202 
169000 	 0.1370596 
169500 	 0.142317 
170000 	 0.192245 
170500 	 0.09754144 
171000 	 0.1874839 
171500 	 0.1897252 
172000 	 0.09987844 
172500 	 0.1328474 
173000 	 0.1843451 
173500 	 0.1360204 
174000 	 0.1845475 
174500 	 0.07750965 
175000 	 0.1340666 
175500 	 0.2701811 
176000 	 0.1579451 
176500 	 0.2059184 
177000 	 0.2517685 
177500 	 0.1404993 
178000 	 0.1233886 
178500 	 0.2312992 
179000 	 0.08326829 
179500 	 0.3973975 
180000 	 0.1059056 
180500 	 0.1554486 
181000 	 0.1082747 
181500 	 0.0399955 
182000 	 0.07814431 
182500 	 0.1061264 
183000 	 0.2059458 
183500 	 0.1454929 
184000 	 0.05728132 
184500 	 0.1551622 
185000 	 0.2166478 
185500 	 0.1098822 
186000 	 0.1765931 
186500 	 0.1476436 
187000 	 0.1046978 
187500 	 0.1085371 
188000 	 0.1378486 
188500 	 0.079387 
189000 	 0.2802669 
189500 	 0.082833 
190000 	 0.2005042 
190500 	 0.1638017 
191000 	 0.05219564 
191500 	 0.1883712 
192000 	 0.09322348 
192500 	 0.2506539 
193000 	 0.2202505 
193500 	 0.2016295 
194000 	 0.08982255 
194500 	 0.1792475 
195000 	 0.1077462 
195500 	 0.1614128 
196000 	 0.1783719 
196500 	 0.08938844 
197000 	 0.2290701 
197500 	 0.1073229 
198000 	 0.1480141 
198500 	 0.08108935 
199000 	 0.06713716 
199500 	 0.1850771 
200000 	 0.2914905 
200500 	 0.1824928 
201000 	 0.1189171 
201500 	 0.1199167 
202000 	 0.1204307 
202500 	 0.3082995 
203000 	 0.04529234 
203500 	 0.1462033 
204000 	 0.1881009 
204500 	 0.2133174 
205000 	 0.09427106 
205500 	 0.1327166 
206000 	 0.2666874 
206500 	 0.1143378 
207000 	 0.1492731 
207500 	 0.2092327 
208000 	 0.3293618 
208500 	 0.1746666 
209000 	 0.06801522 
209500 	 0.135744 
210000 	 0.1277468 
210500 	 0.1912052 
211000 	 0.101137 
211500 	 0.1692539 
212000 	 0.206408 
212500 	 0.1183397 
213000 	 0.1999345 
213500 	 0.1214121 
214000 	 0.08464423 
214500 	 0.07270928 
215000 	 0.2995718 
215500 	 0.1985422 
216000 	 0.1002501 
216500 	 0.1019625 
217000 	 0.1798592 
217500 	 0.1489806 
218000 	 0.1803362 
218500 	 0.08136655 
219000 	 0.1947018 
219500 	 0.05367146 
220000 	 0.136598 
220500 	 0.1151789 
221000 	 0.1007315 
221500 	 0.05678811 
222000 	 0.2343578 
222500 	 0.1052587 
223000 	 0.085597 
223500 	 0.1205667 
224000 	 0.2392954 
224500 	 0.1278895 
225000 	 0.1152833 
225500 	 0.07474703 
226000 	 0.1739322 
226500 	 0.04249173 
227000 	 0.145612 
227500 	 0.09870217 
228000 	 0.1832968 
228500 	 0.1969921 
229000 	 0.1316072 
229500 	 0.1422631 
230000 	 0.1433348 
230500 	 0.08100919 
231000 	 0.09971393 
231500 	 0.2537609 
232000 	 0.2488347 
232500 	 0.1870052 
233000 	 0.1990601 
233500 	 0.07156269 
234000 	 0.2320491 
234500 	 0.2002445 
235000 	 0.1266847 
235500 	 0.2240526 
236000 	 0.2016547 
236500 	 0.1183925 
237000 	 0.1986479 
237500 	 0.1373624 
238000 	 0.1273905 
238500 	 0.2760866 
239000 	 0.09010622 
239500 	 0.1305053 
240000 	 0.1170151 
240500 	 0.08756615 
241000 	 0.1796553 
241500 	 0.1656465 
242000 	 0.1710824 
242500 	 0.1844021 
243000 	 0.07870299 
243500 	 0.05117295 
244000 	 0.1729123 
244500 	 0.2261976 
245000 	 0.07595798 
245500 	 0.1189362 
246000 	 0.2581252 
246500 	 0.1874842 
247000 	 0.1273295 
247500 	 0.08032805 
248000 	 0.1140692 
248500 	 0.01568916 
249000 	 0.1466032 
249500 	 0.1774427 
250000 	 0.1324707 
250500 	 0.1797756 
251000 	 0.2653968 
251500 	 0.1520396 
252000 	 0.1131103 
252500 	 0.1475622 
253000 	 0.2473368 
253500 	 0.1712245 
254000 	 0.1070523 
254500 	 0.1283974 
255000 	 0.3197663 
255500 	 0.2102363 
256000 	 0.1696708 
256500 	 0.1590207 
257000 	 0.1432765 
257500 	 0.209212 
258000 	 0.1581353 
258500 	 0.09056311 
259000 	 0.2190574 
259500 	 0.1987293 
260000 	 0.1116502 
260500 	 0.1860515 
261000 	 0.2113781 
261500 	 0.05469442 
262000 	 0.1186672 
262500 	 0.1544254 
263000 	 0.1615116 
263500 	 0.1304173 
264000 	 0.1789414 
264500 	 0.228422 
265000 	 0.1119909 
265500 	 0.2949958 
266000 	 0.1104675 
266500 	 0.184291 
267000 	 0.1668362 
267500 	 0.05731507 
268000 	 0.05131723 
268500 	 0.1458858 
269000 	 0.151572 
269500 	 0.06943084 
270000 	 0.1879446 
270500 	 0.108689 
271000 	 0.1426258 
271500 	 0.08128008 
272000 	 0.1478753 
272500 	 0.06755441 
273000 	 0.08555488 
273500 	 0.1788587 
274000 	 0.1888215 
274500 	 0.1302565 
275000 	 0.05162203 
275500 	 0.1028419 
276000 	 0.1560282 
276500 	 0.2240255 
277000 	 0.07973222 
277500 	 0.1146938 
278000 	 0.1409361 
278500 	 0.08017087 
279000 	 0.1382636 
279500 	 0.09384599 
280000 	 0.09083975 
280500 	 0.1252163 
281000 	 0.1614235 
281500 	 0.1201128 
282000 	 0.2581894 
282500 	 0.1121507 
283000 	 0.1881919 
283500 	 0.276727 
284000 	 0.1970098 
284500 	 0.08089271 
285000 	 0.2084975 
285500 	 0.1328698 
286000 	 0.1256931 
286500 	 0.1527193 
287000 	 0.09902403 
287500 	 0.1633612 
288000 	 0.1194727 
288500 	 0.1333857 
289000 	 0.2284135 
289500 	 0.151264 
290000 	 0.1209994 
290500 	 0.09652043 
291000 	 0.03877523 
291500 	 0.09229869 
292000 	 0.1412172 
292500 	 0.1150888 
293000 	 0.0375101 
293500 	 0.1186469 
294000 	 0.08765639 
294500 	 0.1825478 
295000 	 0.1081734 
295500 	 0.3490408 
296000 	 0.07320338 
296500 	 0.1018993 
297000 	 0.2171827 
297500 	 0.09093704 
298000 	 0.2558041 
298500 	 0.2259231 
299000 	 0.2232464 
299500 	 0.114962 
300000 	 0.1721936 
300500 	 0.08418942 
301000 	 0.08576895 
301500 	 0.2116711 
302000 	 0.1422458 
302500 	 0.1259268 
303000 	 0.1068939 
303500 	 0.1349615 
304000 	 0.2777332 
304500 	 0.1441752 
305000 	 0.2133855 
305500 	 0.1156149 
306000 	 0.1503165 
306500 	 0.07327085 
307000 	 0.1620188 
307500 	 0.09499004 
308000 	 0.1050449 
308500 	 0.2509156 
309000 	 0.1223075 
309500 	 0.1654332 
310000 	 0.09203829 
310500 	 0.1217163 
311000 	 0.2344886 
311500 	 0.03429342 
312000 	 0.09167417 
312500 	 0.1322372 
313000 	 0.2597175 
313500 	 0.1192213 
314000 	 0.1151324 
314500 	 0.2033191 
315000 	 0.1280918 
315500 	 0.1178597 
316000 	 0.1670861 
316500 	 0.2871228 
317000 	 0.1015024 
317500 	 0.09626372 
318000 	 0.3068195 
318500 	 0.1672781 
319000 	 0.2460522 
319500 	 0.1712932 
320000 	 0.1848573 
320500 	 0.2279134 
321000 	 0.1364125 
321500 	 0.1264995 
322000 	 0.2862511 
322500 	 0.07081423 
323000 	 0.1380893 
323500 	 0.08546677 
324000 	 0.1491492 
324500 	 0.07540806 
325000 	 0.1493132 
325500 	 0.132853 
326000 	 0.1949857 
326500 	 0.1940922 
327000 	 0.08069038 
327500 	 0.181095 
328000 	 0.1733688 
328500 	 0.256899 
329000 	 0.1695187 
329500 	 0.09071025 
330000 	 0.1286341 
330500 	 0.07201285 
331000 	 0.06650185 
331500 	 0.1775139 
332000 	 0.1234994 
332500 	 0.06178243 
333000 	 0.2480547 
333500 	 0.1638648 
334000 	 0.07798085 
334500 	 0.1310845 
335000 	 0.2219548 
335500 	 0.05424538 
336000 	 0.1566589 
336500 	 0.134174 
337000 	 0.1256604 
337500 	 0.1486801 
338000 	 0.1081165 
338500 	 0.06811922 
339000 	 0.1668828 
339500 	 0.1594112 
340000 	 0.175031 
340500 	 0.1886514 
341000 	 0.1533738 
341500 	 0.1493217 
342000 	 0.09747668 
342500 	 0.1975678 
343000 	 0.1835104 
343500 	 0.1107932 
344000 	 0.2674936 
344500 	 0.1228282 
345000 	 0.1854382 
345500 	 0.1185346 
346000 	 0.138881 
346500 	 0.09065554 
347000 	 0.1442985 
347500 	 0.1650936 
348000 	 0.1714559 
348500 	 0.09680713 
349000 	 0.1819558 
349500 	 0.2697937 
350000 	 0.1144452 
350500 	 0.1336557 
351000 	 0.1750078 
351500 	 0.1591435 
352000 	 0.1649741 
352500 	 0.1539074 
353000 	 0.2611068 
353500 	 0.1181098 
354000 	 0.09108801 
354500 	 0.2218974 
355000 	 0.1102093 
355500 	 0.07121724 
356000 	 0.1127814 
356500 	 0.1208078 
357000 	 0.1703111 
357500 	 0.132182 
358000 	 0.1157349 
358500 	 0.1449906 
359000 	 0.1440303 
359500 	 0.2674793 
360000 	 0.1384982 
360500 	 0.09451606 
361000 	 0.1120713 
361500 	 0.1390126 
362000 	 0.1381037 
362500 	 0.06366208 
363000 	 0.1628051 
363500 	 0.07217692 
364000 	 0.07478672 
364500 	 0.1753391 
365000 	 0.114627 
365500 	 0.201748 
366000 	 0.1099393 
366500 	 0.103611 
367000 	 0.1287931 
367500 	 0.2133329 
368000 	 0.1948816 
368500 	 0.2208765 
369000 	 0.1550224 
369500 	 0.1661341 
370000 	 0.1114045 
370500 	 0.1354702 
371000 	 0.1166835 
371500 	 0.09341224 
372000 	 0.1297631 
372500 	 0.2229268 
373000 	 0.1347385 
373500 	 0.1831703 
374000 	 0.06755097 
374500 	 0.2472519 
375000 	 0.4185558 
375500 	 0.1808832 
376000 	 0.1550527 
376500 	 0.07629413 
377000 	 0.1266013 
377500 	 0.1547741 
378000 	 0.1112377 
378500 	 0.1233319 
379000 	 0.1751143 
379500 	 0.1116722 
380000 	 0.2435119 
380500 	 0.2445467 
381000 	 0.1874994 
381500 	 0.07785571 
382000 	 0.1996406 
382500 	 0.1380487 
383000 	 0.09222716 
383500 	 0.1131591 
384000 	 0.1429611 
384500 	 0.2452554 
385000 	 0.05044356 
385500 	 0.08596571 
386000 	 0.0849765 
386500 	 0.09683142 
387000 	 0.229044 
387500 	 0.05658514 
388000 	 0.08259646 
388500 	 0.0472965 
389000 	 0.1483246 
389500 	 0.1040172 
390000 	 0.08663156 
390500 	 0.1487546 
391000 	 0.08852173 
391500 	 0.1157171 
392000 	 0.05751614 
392500 	 0.1202755 
393000 	 0.08062522 
393500 	 0.24309 
394000 	 0.09457935 
394500 	 0.1393042 
395000 	 0.08551045 
395500 	 0.1202676 
396000 	 0.1144377 
396500 	 0.2459751 
397000 	 0.1248165 
397500 	 0.1841804 
398000 	 0.1119188 
398500 	 0.1503912 
399000 	 0.2001087 
399500 	 0.1604189 
400000 	 0.07152265 
400500 	 0.1595447 
401000 	 0.1464229 
401500 	 0.195023 
402000 	 0.1156204 
402500 	 0.1154745 
403000 	 0.1977714 
403500 	 0.1807111 
404000 	 0.1751145 
404500 	 0.1034631 
405000 	 0.1530404 
405500 	 0.1450647 
406000 	 0.06466334 
406500 	 0.2389563 
407000 	 0.15875 
407500 	 0.139257 
408000 	 0.1762563 
408500 	 0.1747018 
409000 	 0.14349 
409500 	 0.1348796 
410000 	 0.1879935 
410500 	 0.1264616 
411000 	 0.1458075 
411500 	 0.07027714 
412000 	 0.1361137 
412500 	 0.13438 
413000 	 0.2363397 
413500 	 0.2007797 
414000 	 0.139973 
414500 	 0.2173427 
415000 	 0.1292117 
415500 	 0.123856 
416000 	 0.1528497 
416500 	 0.1887626 
417000 	 0.12917 
417500 	 0.08454444 
418000 	 0.09548113 
418500 	 0.1746952 
419000 	 0.2694445 
419500 	 0.1947764 
420000 	 0.1451991 
420500 	 0.07750381 
421000 	 0.1790007 
421500 	 0.2200687 
422000 	 0.07122485 
422500 	 0.1456508 
423000 	 0.1884819 
423500 	 0.09657437 
424000 	 0.2145929 
424500 	 0.1989487 
425000 	 0.2154311 
425500 	 0.1083497 
426000 	 0.1919303 
426500 	 0.1919271 
427000 	 0.1378828 
427500 	 0.166867 
428000 	 0.09962401 
428500 	 0.1343036 
429000 	 0.09560168 
429500 	 0.1325902 
430000 	 0.1948457 
430500 	 0.09756594 
431000 	 0.2949949 
431500 	 0.1111403 
432000 	 0.05736467 
432500 	 0.1317931 
433000 	 0.2242373 
433500 	 0.1229799 
434000 	 0.1229183 
434500 	 0.2301474 
435000 	 0.1758233 
435500 	 0.2591964 
436000 	 0.1191645 
436500 	 0.1313957 
437000 	 0.1179156 
437500 	 0.1508028 
438000 	 0.159093 
438500 	 0.1232638 
439000 	 0.1026036 
439500 	 0.1973932 
440000 	 0.1606848 
440500 	 0.1631008 
441000 	 0.1477688 
441500 	 0.1322039 
442000 	 0.1123327 
442500 	 0.1307709 
443000 	 0.2321304 
443500 	 0.1343766 
444000 	 0.184514 
444500 	 0.1173879 
445000 	 0.1463204 
445500 	 0.09372173 
446000 	 0.1208734 
446500 	 0.1605832 
447000 	 0.1539562 
447500 	 0.1181029 
448000 	 0.1531469 
448500 	 0.160607 
449000 	 0.04945127 
449500 	 0.1200424 
450000 	 0.2047301 
450500 	 0.1225175 
451000 	 0.05971333 
451500 	 0.1614004 
452000 	 0.101481 
452500 	 0.06017435 
453000 	 0.08268096 
453500 	 0.1358675 
454000 	 0.1813426 
454500 	 0.155887 
455000 	 0.1374907 
455500 	 0.1621443 
456000 	 0.1744025 
456500 	 0.1782449 
457000 	 0.1647427 
457500 	 0.08641929 
458000 	 0.07026907 
458500 	 0.05237783 
459000 	 0.1829618 
459500 	 0.1439962 
460000 	 0.0893717 
460500 	 0.1234816 
461000 	 0.05671739 
461500 	 0.149811 
462000 	 0.06957678 
462500 	 0.1210734 
463000 	 0.1417674 
463500 	 0.06917517 
464000 	 0.06505191 
464500 	 0.04708652 
465000 	 0.1533912 
465500 	 0.2082326 
466000 	 0.1307316 
466500 	 0.1001849 
467000 	 0.1135904 
467500 	 0.2708222 
468000 	 0.1399772 
468500 	 0.1791117 
469000 	 0.1085178 
469500 	 0.1902997 
470000 	 0.1773675 
470500 	 0.09483921 
471000 	 0.151514 
471500 	 0.1856531 
472000 	 0.1800132 
472500 	 0.1402736 
473000 	 0.05914643 
473500 	 0.1368141 
474000 	 0.2358833 
474500 	 0.02822312 
475000 	 0.2150368 
475500 	 0.1015179 
476000 	 0.1097011 
476500 	 0.1326166 
477000 	 0.2177377 
477500 	 0.2961954 
478000 	 0.1531574 
478500 	 0.142979 
479000 	 0.1313695 
479500 	 0.1383592 
480000 	 0.1892447 
480500 	 0.3396262 
481000 	 0.1213445 
481500 	 0.1936134 
482000 	 0.1437821 
482500 	 0.08473166 
483000 	 0.1651927 
483500 	 0.1789277 
484000 	 0.1472555 
484500 	 0.09951393 
485000 	 0.2694877 
485500 	 0.1363782 
486000 	 0.1666498 
486500 	 0.09773786 
487000 	 0.09419512 
487500 	 0.1808557 
488000 	 0.2392933 
488500 	 0.1086805 
489000 	 0.1436769 
489500 	 0.1981211 
490000 	 0.1846986 
490500 	 0.1918305 
491000 	 0.1195608 
491500 	 0.1524996 
492000 	 0.2200451 
492500 	 0.09077178 
493000 	 0.1669061 
493500 	 0.1430254 
494000 	 0.134238 
494500 	 0.1336196 
495000 	 0.1334622 
495500 	 0.1758028 
496000 	 0.08172851 
496500 	 0.1766085 
497000 	 0.1429417 
497500 	 0.1777284 
498000 	 0.1928916 
498500 	 0.191521 
499000 	 0.1015195 
499500 	 0.2130144 
500000 	 0.03331724 
