iter 	 p
500 	 0.1795099 
1000 	 0.06493786 
1500 	 0.1184028 
2000 	 0.209445 
2500 	 0.06525779 
3000 	 0.1278801 
3500 	 0.1804959 
4000 	 0.1836449 
4500 	 0.09323928 
5000 	 0.1838988 
5500 	 0.2179349 
6000 	 0.1102242 
6500 	 0.06617728 
7000 	 0.1736892 
7500 	 0.1978233 
8000 	 0.07578319 
8500 	 0.1919584 
9000 	 0.3004348 
9500 	 0.2455469 
10000 	 0.08479014 
10500 	 0.1043399 
11000 	 0.1518096 
11500 	 0.165144 
12000 	 0.1002955 
12500 	 0.1764662 
13000 	 0.1472321 
13500 	 0.07389117 
14000 	 0.1783184 
14500 	 0.1597971 
15000 	 0.1482069 
15500 	 0.05899447 
16000 	 0.1696545 
16500 	 0.1480954 
17000 	 0.09205661 
17500 	 0.1864975 
18000 	 0.1897811 
18500 	 0.2053345 
19000 	 0.2550343 
19500 	 0.0534111 
20000 	 0.08486776 
20500 	 0.02583319 
21000 	 0.1169801 
21500 	 0.09857592 
22000 	 0.2907787 
22500 	 0.3113457 
23000 	 0.05391754 
23500 	 0.1584094 
24000 	 0.2010104 
24500 	 0.1673418 
25000 	 0.06283287 
25500 	 0.176719 
26000 	 0.2743053 
26500 	 0.1153623 
27000 	 0.1281727 
27500 	 0.1977935 
28000 	 0.3199753 
28500 	 0.2281768 
29000 	 0.2229149 
29500 	 0.1794379 
30000 	 0.06258067 
30500 	 0.0922028 
31000 	 0.2629662 
31500 	 0.1201442 
32000 	 0.1850731 
32500 	 0.2242209 
33000 	 0.2196236 
33500 	 0.0580599 
34000 	 0.1237589 
34500 	 0.1382754 
35000 	 0.1600112 
35500 	 0.2881155 
36000 	 0.2647297 
36500 	 0.314114 
37000 	 0.1171936 
37500 	 0.07553757 
38000 	 0.07811375 
38500 	 0.3265981 
39000 	 0.1622513 
39500 	 0.09238872 
40000 	 0.3508595 
40500 	 0.0937547 
41000 	 0.14898 
41500 	 0.06299223 
42000 	 0.1170322 
42500 	 0.1673367 
43000 	 0.0864364 
43500 	 0.1548313 
44000 	 0.1104592 
44500 	 0.09101665 
45000 	 0.2375598 
45500 	 0.2012896 
46000 	 0.1606929 
46500 	 0.2480351 
47000 	 0.3536831 
47500 	 0.06722798 
48000 	 0.1130872 
48500 	 0.1008562 
49000 	 0.2855195 
49500 	 0.1062755 
50000 	 0.1958462 
50500 	 0.1153714 
51000 	 0.1276433 
51500 	 0.1953924 
52000 	 0.1639687 
52500 	 0.06028925 
53000 	 0.1630583 
53500 	 0.2468982 
54000 	 0.1987524 
54500 	 0.1566434 
55000 	 0.2411922 
55500 	 0.1375866 
56000 	 0.2460352 
56500 	 0.1451125 
57000 	 0.1998936 
57500 	 0.07804321 
58000 	 0.343934 
58500 	 0.2045742 
59000 	 0.1794607 
59500 	 0.1393663 
60000 	 0.1662626 
60500 	 0.1418273 
61000 	 0.1110425 
61500 	 0.3567403 
62000 	 0.2663443 
62500 	 0.1608668 
63000 	 0.1667653 
63500 	 0.1407182 
64000 	 0.2153455 
64500 	 0.1199165 
65000 	 0.1528836 
65500 	 0.2146263 
66000 	 0.08590607 
66500 	 0.09601662 
67000 	 0.1454562 
67500 	 0.1799658 
68000 	 0.1763096 
68500 	 0.2754685 
69000 	 0.08027301 
69500 	 0.169076 
70000 	 0.08855458 
70500 	 0.09442783 
71000 	 0.2670288 
71500 	 0.1493965 
72000 	 0.2919283 
72500 	 0.2227563 
73000 	 0.1532051 
73500 	 0.1582991 
74000 	 0.285503 
74500 	 0.2308264 
75000 	 0.1796932 
75500 	 0.218174 
76000 	 0.1312692 
76500 	 0.08442477 
77000 	 0.1566872 
77500 	 0.2727378 
78000 	 0.3417027 
78500 	 0.07360241 
79000 	 0.1595255 
79500 	 0.06694895 
80000 	 0.1157716 
80500 	 0.1452623 
81000 	 0.09692458 
81500 	 0.1421659 
82000 	 0.2011484 
82500 	 0.2279051 
83000 	 0.1506518 
83500 	 0.1871572 
84000 	 0.04791037 
84500 	 0.1496063 
85000 	 0.2100768 
85500 	 0.05886118 
86000 	 0.1704914 
86500 	 0.1443007 
87000 	 0.1937929 
87500 	 0.1660439 
88000 	 0.1960747 
88500 	 0.1498992 
89000 	 0.1375799 
89500 	 0.1708514 
90000 	 0.204949 
90500 	 0.1644525 
91000 	 0.1648854 
91500 	 0.161851 
92000 	 0.3274334 
92500 	 0.1243424 
93000 	 0.2424143 
93500 	 0.08766927 
94000 	 0.3096692 
94500 	 0.1759057 
95000 	 0.1880009 
95500 	 0.1303623 
96000 	 0.2744941 
96500 	 0.2555949 
97000 	 0.2582413 
97500 	 0.1979865 
98000 	 0.1119137 
98500 	 0.1546847 
99000 	 0.2944294 
99500 	 0.2535969 
100000 	 0.09135499 
100500 	 0.1998927 
101000 	 0.1867072 
101500 	 0.1648147 
102000 	 0.04953089 
102500 	 0.1393727 
103000 	 0.187828 
103500 	 0.1950336 
104000 	 0.1444571 
104500 	 0.16303 
105000 	 0.06343658 
105500 	 0.1624038 
106000 	 0.3351904 
106500 	 0.1452586 
107000 	 0.2509064 
107500 	 0.2235717 
108000 	 0.2217019 
108500 	 0.1941553 
109000 	 0.1889627 
109500 	 0.1844262 
110000 	 0.0827635 
110500 	 0.2587701 
111000 	 0.2168063 
111500 	 0.1304295 
112000 	 0.1175577 
112500 	 0.2608774 
113000 	 0.2127435 
113500 	 0.1842003 
114000 	 0.06272691 
114500 	 0.08373555 
115000 	 0.2879643 
115500 	 0.149968 
116000 	 0.1543318 
116500 	 0.1985426 
117000 	 0.147545 
117500 	 0.1031666 
118000 	 0.04358417 
118500 	 0.1478708 
119000 	 0.1238337 
119500 	 0.1698638 
120000 	 0.1595792 
120500 	 0.2236849 
121000 	 0.1807757 
121500 	 0.3001466 
122000 	 0.118767 
122500 	 0.1134842 
123000 	 0.1185181 
123500 	 0.06498298 
124000 	 0.08811966 
124500 	 0.1351029 
125000 	 0.168991 
125500 	 0.1192393 
126000 	 0.09102194 
126500 	 0.1175962 
127000 	 0.1290791 
127500 	 0.06686189 
128000 	 0.1269718 
128500 	 0.254848 
129000 	 0.06550572 
129500 	 0.111854 
130000 	 0.2250124 
130500 	 0.1032184 
131000 	 0.2564633 
131500 	 0.1553532 
132000 	 0.250565 
132500 	 0.1883703 
133000 	 0.2214087 
133500 	 0.129434 
134000 	 0.1123885 
134500 	 0.08459624 
135000 	 0.0962224 
135500 	 0.1201546 
136000 	 0.1507963 
136500 	 0.138409 
137000 	 0.3416795 
137500 	 0.1477038 
138000 	 0.3102675 
138500 	 0.2531497 
139000 	 0.1788843 
139500 	 0.2532428 
140000 	 0.2375851 
140500 	 0.1222121 
141000 	 0.1644203 
141500 	 0.1727455 
142000 	 0.1092347 
142500 	 0.1595078 
143000 	 0.2162021 
143500 	 0.05961215 
144000 	 0.1961678 
144500 	 0.1695055 
145000 	 0.2418304 
145500 	 0.08304245 
146000 	 0.284595 
146500 	 0.1948021 
147000 	 0.2058997 
147500 	 0.08274868 
148000 	 0.2524417 
148500 	 0.1608793 
149000 	 0.1699338 
149500 	 0.2294391 
150000 	 0.1241526 
150500 	 0.2032533 
151000 	 0.2210981 
151500 	 0.1809692 
152000 	 0.2410153 
152500 	 0.2053573 
153000 	 0.1358053 
153500 	 0.1428851 
154000 	 0.1739652 
154500 	 0.2382285 
155000 	 0.1439426 
155500 	 0.2101992 
156000 	 0.2900059 
156500 	 0.142309 
157000 	 0.1899159 
157500 	 0.131227 
158000 	 0.3234949 
158500 	 0.09728289 
159000 	 0.319865 
159500 	 0.09108138 
160000 	 0.0992305 
160500 	 0.1216722 
161000 	 0.1380791 
161500 	 0.2772052 
162000 	 0.2350997 
162500 	 0.1118599 
163000 	 0.1011714 
163500 	 0.1009793 
164000 	 0.121466 
164500 	 0.186663 
165000 	 0.1285642 
165500 	 0.2326789 
166000 	 0.2358564 
166500 	 0.124075 
167000 	 0.1900885 
167500 	 0.1281413 
168000 	 0.1200912 
168500 	 0.1890461 
169000 	 0.2180465 
169500 	 0.1539338 
170000 	 0.2141941 
170500 	 0.271018 
171000 	 0.2337779 
171500 	 0.1061349 
172000 	 0.2419181 
172500 	 0.1005574 
173000 	 0.1940218 
173500 	 0.1431254 
174000 	 0.08364245 
174500 	 0.1301804 
175000 	 0.1466331 
175500 	 0.2090689 
176000 	 0.1522072 
176500 	 0.1615084 
177000 	 0.1183904 
177500 	 0.1461574 
178000 	 0.2231671 
178500 	 0.05264335 
179000 	 0.1680318 
179500 	 0.1538507 
180000 	 0.3472981 
180500 	 0.05169889 
181000 	 0.2046337 
181500 	 0.1714803 
182000 	 0.2607804 
182500 	 0.1578342 
183000 	 0.1810998 
183500 	 0.1704447 
184000 	 0.119897 
184500 	 0.07367163 
185000 	 0.1107065 
185500 	 0.0955689 
186000 	 0.08918706 
186500 	 0.2512265 
187000 	 0.1628761 
187500 	 0.1418026 
188000 	 0.1198074 
188500 	 0.2242588 
189000 	 0.04412574 
189500 	 0.1565907 
190000 	 0.1991117 
190500 	 0.0545904 
191000 	 0.06454759 
191500 	 0.1629936 
192000 	 0.1302498 
192500 	 0.2168802 
193000 	 0.111189 
193500 	 0.2202401 
194000 	 0.09704746 
194500 	 0.1764466 
195000 	 0.2338362 
195500 	 0.1951242 
196000 	 0.0939403 
196500 	 0.09235911 
197000 	 0.09908035 
197500 	 0.1139963 
198000 	 0.1727918 
198500 	 0.2302056 
199000 	 0.0606265 
199500 	 0.184747 
200000 	 0.2697719 
200500 	 0.2194123 
201000 	 0.1171927 
201500 	 0.0362689 
202000 	 0.07470574 
202500 	 0.1218135 
203000 	 0.2807582 
203500 	 0.2196614 
204000 	 0.2438598 
204500 	 0.1972614 
205000 	 0.09073171 
205500 	 0.1384759 
206000 	 0.2764024 
206500 	 0.08498763 
207000 	 0.1211094 
207500 	 0.205038 
208000 	 0.1748305 
208500 	 0.2018478 
209000 	 0.09532588 
209500 	 0.06156646 
210000 	 0.1207698 
210500 	 0.2970939 
211000 	 0.1597242 
211500 	 0.1688842 
212000 	 0.1291989 
212500 	 0.2689982 
213000 	 0.1409778 
213500 	 0.1023608 
214000 	 0.1107732 
214500 	 0.1173572 
215000 	 0.1492087 
215500 	 0.1810807 
216000 	 0.1443533 
216500 	 0.1418312 
217000 	 0.217806 
217500 	 0.2554865 
218000 	 0.1411964 
218500 	 0.1944762 
219000 	 0.1966952 
219500 	 0.1644911 
220000 	 0.1916151 
220500 	 0.1980887 
221000 	 0.1100012 
221500 	 0.09020312 
222000 	 0.1933598 
222500 	 0.2046822 
223000 	 0.1061123 
223500 	 0.09832997 
224000 	 0.1234418 
224500 	 0.3020461 
225000 	 0.1283338 
225500 	 0.09906793 
226000 	 0.1859828 
226500 	 0.3004308 
227000 	 0.1685155 
227500 	 0.2721008 
228000 	 0.1709546 
228500 	 0.1220756 
229000 	 0.2427554 
229500 	 0.2441269 
230000 	 0.0513926 
230500 	 0.08651703 
231000 	 0.2134057 
231500 	 0.1344695 
232000 	 0.2733182 
232500 	 0.1628913 
233000 	 0.1331237 
233500 	 0.1028604 
234000 	 0.1280782 
234500 	 0.2320337 
235000 	 0.1504483 
235500 	 0.2009175 
236000 	 0.06296165 
236500 	 0.1385309 
237000 	 0.1491498 
237500 	 0.1043835 
238000 	 0.1866439 
238500 	 0.07118286 
239000 	 0.2076872 
239500 	 0.2874977 
240000 	 0.1707873 
240500 	 0.1993132 
241000 	 0.2428912 
241500 	 0.1754683 
242000 	 0.1637326 
242500 	 0.207609 
243000 	 0.3481926 
243500 	 0.08365533 
244000 	 0.110807 
244500 	 0.2585319 
245000 	 0.08460833 
245500 	 0.08731066 
246000 	 0.1873336 
246500 	 0.1634225 
247000 	 0.1595838 
247500 	 0.18165 
248000 	 0.03678441 
248500 	 0.1232816 
249000 	 0.0310725 
249500 	 0.1856756 
250000 	 0.1311484 
250500 	 0.09700852 
251000 	 0.09577523 
251500 	 0.1341113 
252000 	 0.1442943 
252500 	 0.1312016 
253000 	 0.485142 
253500 	 0.1969201 
254000 	 0.4044542 
254500 	 0.1563258 
255000 	 0.2690863 
255500 	 0.2957917 
256000 	 0.07930556 
256500 	 0.2300468 
257000 	 0.2867886 
257500 	 0.2342304 
258000 	 0.1380458 
258500 	 0.2900469 
259000 	 0.1449447 
259500 	 0.1132961 
260000 	 0.06070255 
260500 	 0.1397737 
261000 	 0.1398737 
261500 	 0.08032931 
262000 	 0.1993835 
262500 	 0.1033641 
263000 	 0.1218542 
263500 	 0.1969374 
264000 	 0.2257959 
264500 	 0.2017068 
265000 	 0.168571 
265500 	 0.2231079 
266000 	 0.1624877 
266500 	 0.09212442 
267000 	 0.07157808 
267500 	 0.1001128 
268000 	 0.1031226 
268500 	 0.2114945 
269000 	 0.195329 
269500 	 0.2473084 
270000 	 0.1799366 
270500 	 0.218259 
271000 	 0.3667676 
271500 	 0.2351106 
272000 	 0.2303818 
272500 	 0.1171238 
273000 	 0.1848379 
273500 	 0.1668807 
274000 	 0.1257762 
274500 	 0.1189166 
275000 	 0.1005122 
275500 	 0.1117699 
276000 	 0.2541285 
276500 	 0.1025475 
277000 	 0.1393166 
277500 	 0.2165438 
278000 	 0.09108609 
278500 	 0.3412116 
279000 	 0.2502526 
279500 	 0.157468 
280000 	 0.2181795 
280500 	 0.358725 
281000 	 0.2022028 
281500 	 0.06881967 
282000 	 0.1179522 
282500 	 0.1578879 
283000 	 0.1653907 
283500 	 0.1430657 
284000 	 0.270496 
284500 	 0.1398491 
285000 	 0.1653267 
285500 	 0.1371423 
286000 	 0.1166877 
286500 	 0.2073412 
287000 	 0.2037614 
287500 	 0.3624116 
288000 	 0.256964 
288500 	 0.1104469 
289000 	 0.1139049 
289500 	 0.2070322 
290000 	 0.2310114 
290500 	 0.1921795 
291000 	 0.2967317 
291500 	 0.2244932 
292000 	 0.1189749 
292500 	 0.1707857 
293000 	 0.1607441 
293500 	 0.09491991 
294000 	 0.0570273 
294500 	 0.1274297 
295000 	 0.1641191 
295500 	 0.1540578 
296000 	 0.1798125 
296500 	 0.1899516 
297000 	 0.1369909 
297500 	 0.231635 
298000 	 0.167206 
298500 	 0.1357116 
299000 	 0.2445357 
299500 	 0.0642476 
300000 	 0.1231434 
300500 	 0.0836724 
301000 	 0.07667067 
301500 	 0.06027983 
302000 	 0.2326714 
302500 	 0.1521487 
303000 	 0.1985853 
303500 	 0.3077041 
304000 	 0.2145378 
304500 	 0.1343738 
305000 	 0.09117408 
305500 	 0.06634754 
306000 	 0.1402043 
306500 	 0.1766308 
307000 	 0.1002411 
307500 	 0.1105673 
308000 	 0.129179 
308500 	 0.11097 
309000 	 0.1713011 
309500 	 0.2163192 
310000 	 0.1353 
310500 	 0.2468313 
311000 	 0.1576815 
311500 	 0.1218314 
312000 	 0.1292658 
312500 	 0.1325442 
313000 	 0.2619583 
313500 	 0.2566881 
314000 	 0.0897642 
314500 	 0.1768154 
315000 	 0.1483218 
315500 	 0.1610394 
316000 	 0.1162165 
316500 	 0.0917129 
317000 	 0.07167778 
317500 	 0.09117598 
318000 	 0.07915649 
318500 	 0.1303625 
319000 	 0.1992036 
319500 	 0.2030422 
320000 	 0.07089274 
320500 	 0.262618 
321000 	 0.2416956 
321500 	 0.1781844 
322000 	 0.157233 
322500 	 0.1760237 
323000 	 0.2800961 
323500 	 0.0994323 
324000 	 0.1229554 
324500 	 0.2476948 
325000 	 0.183645 
325500 	 0.2271938 
326000 	 0.2034626 
326500 	 0.1183599 
327000 	 0.2220633 
327500 	 0.08700715 
328000 	 0.1363715 
328500 	 0.07118539 
329000 	 0.1588632 
329500 	 0.171512 
330000 	 0.05588807 
330500 	 0.1236025 
331000 	 0.2145547 
331500 	 0.1845646 
332000 	 0.03918521 
332500 	 0.2582007 
333000 	 0.2195852 
333500 	 0.2350149 
334000 	 0.186602 
334500 	 0.2542496 
335000 	 0.1383245 
335500 	 0.1697206 
336000 	 0.1928575 
336500 	 0.2256967 
337000 	 0.1330968 
337500 	 0.09826963 
338000 	 0.209668 
338500 	 0.1389547 
339000 	 0.1529475 
339500 	 0.1076291 
340000 	 0.2430019 
340500 	 0.1249797 
341000 	 0.1431814 
341500 	 0.2093504 
342000 	 0.05589854 
342500 	 0.1689752 
343000 	 0.1343625 
343500 	 0.09935304 
344000 	 0.1937501 
344500 	 0.1535807 
345000 	 0.1036986 
345500 	 0.1000049 
346000 	 0.1861099 
346500 	 0.2186233 
347000 	 0.2735254 
347500 	 0.1152325 
348000 	 0.1159506 
348500 	 0.1281378 
349000 	 0.2367983 
349500 	 0.2476984 
350000 	 0.1909527 
350500 	 0.2087804 
351000 	 0.1968315 
351500 	 0.106388 
352000 	 0.1421964 
352500 	 0.265828 
353000 	 0.1904399 
353500 	 0.1564413 
354000 	 0.0756819 
354500 	 0.2372804 
355000 	 0.1781238 
355500 	 0.2003071 
356000 	 0.07388816 
356500 	 0.1296065 
357000 	 0.193721 
357500 	 0.2352312 
358000 	 0.1892282 
358500 	 0.2318432 
359000 	 0.2121039 
359500 	 0.1764304 
360000 	 0.1097771 
360500 	 0.2738826 
361000 	 0.2243977 
361500 	 0.1826089 
362000 	 0.04061441 
362500 	 0.1193912 
363000 	 0.119688 
363500 	 0.1575292 
364000 	 0.0840374 
364500 	 0.11614 
365000 	 0.1091374 
365500 	 0.1461358 
366000 	 0.1160051 
366500 	 0.145068 
367000 	 0.1163027 
367500 	 0.1467397 
368000 	 0.1277245 
368500 	 0.1452767 
369000 	 0.1534072 
369500 	 0.2417684 
370000 	 0.1656482 
370500 	 0.1736692 
371000 	 0.08974191 
371500 	 0.2698839 
372000 	 0.06486831 
372500 	 0.1520481 
373000 	 0.0681349 
373500 	 0.1013495 
374000 	 0.1368999 
374500 	 0.1056405 
375000 	 0.1964769 
375500 	 0.06987867 
376000 	 0.1340538 
376500 	 0.09415908 
377000 	 0.07175763 
377500 	 0.2081791 
378000 	 0.03961389 
378500 	 0.191009 
379000 	 0.1954598 
379500 	 0.2585401 
380000 	 0.1087031 
380500 	 0.1569265 
381000 	 0.1230787 
381500 	 0.1838159 
382000 	 0.168035 
382500 	 0.1007492 
383000 	 0.128928 
383500 	 0.1401951 
384000 	 0.1519777 
384500 	 0.1233259 
385000 	 0.226465 
385500 	 0.1337694 
386000 	 0.09112673 
386500 	 0.2230123 
387000 	 0.1140235 
387500 	 0.07824646 
388000 	 0.1311821 
388500 	 0.246122 
389000 	 0.1569508 
389500 	 0.2219496 
390000 	 0.1077086 
390500 	 0.1611073 
391000 	 0.2274934 
391500 	 0.05405938 
392000 	 0.1866792 
392500 	 0.1610352 
393000 	 0.09463513 
393500 	 0.13942 
394000 	 0.04012718 
394500 	 0.1582527 
395000 	 0.08828327 
395500 	 0.1275555 
396000 	 0.1223565 
396500 	 0.1507807 
397000 	 0.2663652 
397500 	 0.235484 
398000 	 0.198621 
398500 	 0.1902713 
399000 	 0.1439445 
399500 	 0.08891235 
400000 	 0.2637196 
400500 	 0.1151263 
401000 	 0.08938332 
401500 	 0.2644397 
402000 	 0.2632846 
402500 	 0.1786882 
403000 	 0.1916658 
403500 	 0.09399684 
404000 	 0.2770192 
404500 	 0.1576929 
405000 	 0.1999544 
405500 	 0.1927406 
406000 	 0.2171356 
406500 	 0.1153887 
407000 	 0.1859816 
407500 	 0.07240423 
408000 	 0.205614 
408500 	 0.2429199 
409000 	 0.1090598 
409500 	 0.08176217 
410000 	 0.2293713 
410500 	 0.209276 
411000 	 0.2174531 
411500 	 0.2840393 
412000 	 0.1631355 
412500 	 0.1440199 
413000 	 0.09460848 
413500 	 0.1016233 
414000 	 0.1542598 
414500 	 0.1029858 
415000 	 0.1036025 
415500 	 0.2017689 
416000 	 0.203894 
416500 	 0.1543275 
417000 	 0.1620495 
417500 	 0.1281475 
418000 	 0.1786477 
418500 	 0.189687 
419000 	 0.1631685 
419500 	 0.26957 
420000 	 0.1708151 
420500 	 0.1006969 
421000 	 0.134357 
421500 	 0.1937626 
422000 	 0.2198186 
422500 	 0.09514757 
423000 	 0.2309653 
423500 	 0.2984039 
424000 	 0.1649265 
424500 	 0.09654479 
425000 	 0.09641424 
425500 	 0.1343758 
426000 	 0.1327275 
426500 	 0.1639341 
427000 	 0.3307659 
427500 	 0.1753882 
428000 	 0.1293662 
428500 	 0.1112633 
429000 	 0.08814866 
429500 	 0.1165058 
430000 	 0.1911597 
430500 	 0.1320924 
431000 	 0.1388492 
431500 	 0.1849866 
432000 	 0.2194171 
432500 	 0.09651266 
433000 	 0.09411206 
433500 	 0.1052808 
434000 	 0.09402386 
434500 	 0.1233682 
435000 	 0.2510897 
435500 	 0.1893654 
436000 	 0.241379 
436500 	 0.1370816 
437000 	 0.1558641 
437500 	 0.2331933 
438000 	 0.2105928 
438500 	 0.1123592 
439000 	 0.07572573 
439500 	 0.1645538 
440000 	 0.1464882 
440500 	 0.2722641 
441000 	 0.1175518 
441500 	 0.1549146 
442000 	 0.343929 
442500 	 0.1695044 
443000 	 0.1886185 
443500 	 0.1927475 
444000 	 0.1215021 
444500 	 0.2489472 
445000 	 0.1444583 
445500 	 0.09147648 
446000 	 0.07124763 
446500 	 0.3221865 
447000 	 0.0461875 
447500 	 0.1557632 
448000 	 0.09171461 
448500 	 0.1871145 
449000 	 0.1114993 
449500 	 0.09052953 
450000 	 0.1853526 
450500 	 0.1955238 
451000 	 0.1197218 
451500 	 0.07637304 
452000 	 0.1608047 
452500 	 0.1490192 
453000 	 0.2148749 
453500 	 0.1542972 
454000 	 0.2365832 
454500 	 0.1638497 
455000 	 0.1578433 
455500 	 0.1374421 
456000 	 0.2056594 
456500 	 0.1516766 
457000 	 0.2112179 
457500 	 0.11226 
458000 	 0.1349647 
458500 	 0.1292657 
459000 	 0.07121462 
459500 	 0.2292748 
460000 	 0.2358893 
460500 	 0.2076004 
461000 	 0.1590418 
461500 	 0.06976888 
462000 	 0.05789372 
462500 	 0.2120987 
463000 	 0.1832205 
463500 	 0.2252314 
464000 	 0.2629455 
464500 	 0.2684856 
465000 	 0.1013183 
465500 	 0.325171 
466000 	 0.1489046 
466500 	 0.1399554 
467000 	 0.1925516 
467500 	 0.1752668 
468000 	 0.244665 
468500 	 0.2181281 
469000 	 0.1001757 
469500 	 0.07678614 
470000 	 0.2179782 
470500 	 0.1853075 
471000 	 0.08689513 
471500 	 0.1308507 
472000 	 0.1455556 
472500 	 0.09599137 
473000 	 0.2763991 
473500 	 0.1668203 
474000 	 0.1791318 
474500 	 0.1695111 
475000 	 0.3075935 
475500 	 0.1693249 
476000 	 0.1576274 
476500 	 0.1918642 
477000 	 0.2269632 
477500 	 0.1571217 
478000 	 0.1910887 
478500 	 0.1576267 
479000 	 0.1043577 
479500 	 0.172907 
480000 	 0.2320188 
480500 	 0.1490923 
481000 	 0.2669852 
481500 	 0.3234672 
482000 	 0.04260149 
482500 	 0.1685013 
483000 	 0.1853964 
483500 	 0.117854 
484000 	 0.1305289 
484500 	 0.2314504 
485000 	 0.1437565 
485500 	 0.09436515 
486000 	 0.1400159 
486500 	 0.1326631 
487000 	 0.1406534 
487500 	 0.1135709 
488000 	 0.06043339 
488500 	 0.2541864 
489000 	 0.1534779 
489500 	 0.1711938 
490000 	 0.1262319 
490500 	 0.1941136 
491000 	 0.1090995 
491500 	 0.3737144 
492000 	 0.08807681 
492500 	 0.1577195 
493000 	 0.2273325 
493500 	 0.135571 
494000 	 0.117538 
494500 	 0.1553468 
495000 	 0.08644144 
495500 	 0.1408958 
496000 	 0.2411726 
496500 	 0.1194568 
497000 	 0.1563273 
497500 	 0.1324869 
498000 	 0.1394939 
498500 	 0.09323254 
499000 	 0.114612 
499500 	 0.1282751 
500000 	 0.2149636 
