iter 	 p
500 	 0.361071 
1000 	 0.3246956 
1500 	 0.4461489 
2000 	 0.334044 
2500 	 0.3768038 
3000 	 0.3147715 
3500 	 0.4258003 
4000 	 0.3116836 
4500 	 0.318252 
5000 	 0.3100681 
5500 	 0.3306136 
6000 	 0.4607571 
6500 	 0.3552188 
7000 	 0.4148863 
7500 	 0.3635462 
8000 	 0.3648073 
8500 	 0.4282161 
9000 	 0.2576885 
9500 	 0.4080408 
10000 	 0.4018968 
10500 	 0.2749304 
11000 	 0.5172822 
11500 	 0.3908318 
12000 	 0.3860944 
12500 	 0.3884838 
13000 	 0.3526637 
13500 	 0.4076011 
14000 	 0.3203021 
14500 	 0.5085523 
15000 	 0.3891741 
15500 	 0.3923356 
16000 	 0.3182449 
16500 	 0.3585709 
17000 	 0.4124917 
17500 	 0.3588384 
18000 	 0.3640141 
18500 	 0.3254954 
19000 	 0.4052536 
19500 	 0.3854204 
20000 	 0.4221543 
20500 	 0.4540514 
21000 	 0.3580539 
21500 	 0.4116088 
22000 	 0.4112277 
22500 	 0.450254 
23000 	 0.3537005 
23500 	 0.3335856 
24000 	 0.2740342 
24500 	 0.4074184 
25000 	 0.2981046 
25500 	 0.3421259 
26000 	 0.3448274 
26500 	 0.3677568 
27000 	 0.3547937 
27500 	 0.4010837 
28000 	 0.3859846 
28500 	 0.3660978 
29000 	 0.3888929 
29500 	 0.4445565 
30000 	 0.3884657 
30500 	 0.3577837 
31000 	 0.3848749 
31500 	 0.3322372 
32000 	 0.4020136 
32500 	 0.3383915 
33000 	 0.4177292 
33500 	 0.3804252 
34000 	 0.4284222 
34500 	 0.3536247 
35000 	 0.3974514 
35500 	 0.4285681 
36000 	 0.4003093 
36500 	 0.4277663 
37000 	 0.3711326 
37500 	 0.3281433 
38000 	 0.3113345 
38500 	 0.3929036 
39000 	 0.3564912 
39500 	 0.3346679 
40000 	 0.3198418 
40500 	 0.4762049 
41000 	 0.3724394 
41500 	 0.3565349 
42000 	 0.3733885 
42500 	 0.3816542 
43000 	 0.3975533 
43500 	 0.3769665 
44000 	 0.4436186 
44500 	 0.4709782 
45000 	 0.4290388 
45500 	 0.418454 
46000 	 0.40936 
46500 	 0.4265463 
47000 	 0.3686941 
47500 	 0.4270773 
48000 	 0.3739893 
48500 	 0.4019414 
49000 	 0.4196495 
49500 	 0.4828357 
50000 	 0.4101544 
50500 	 0.384065 
51000 	 0.3613045 
51500 	 0.4387505 
52000 	 0.3828223 
52500 	 0.3441584 
53000 	 0.3956193 
53500 	 0.4789624 
54000 	 0.50041 
54500 	 0.388632 
55000 	 0.3702023 
55500 	 0.4270671 
56000 	 0.4649586 
56500 	 0.4634847 
57000 	 0.4324107 
57500 	 0.411004 
58000 	 0.438414 
58500 	 0.3572852 
59000 	 0.3602644 
59500 	 0.435511 
60000 	 0.3883615 
60500 	 0.3441707 
61000 	 0.4710148 
61500 	 0.3651062 
62000 	 0.4405768 
62500 	 0.3539158 
63000 	 0.4864238 
63500 	 0.3869 
64000 	 0.3587797 
64500 	 0.3731393 
65000 	 0.3929783 
65500 	 0.3339261 
66000 	 0.4280175 
66500 	 0.4278251 
67000 	 0.4045787 
67500 	 0.3155975 
68000 	 0.307444 
68500 	 0.3729066 
69000 	 0.4087146 
69500 	 0.3138987 
70000 	 0.4134376 
70500 	 0.4494648 
71000 	 0.3695385 
71500 	 0.3611583 
72000 	 0.3841125 
72500 	 0.3337033 
73000 	 0.3476076 
73500 	 0.3237271 
74000 	 0.4245954 
74500 	 0.2857188 
75000 	 0.38812 
75500 	 0.322828 
76000 	 0.4297343 
76500 	 0.3866535 
77000 	 0.3942673 
77500 	 0.4805866 
78000 	 0.4416564 
78500 	 0.4321894 
79000 	 0.4233563 
79500 	 0.3242899 
80000 	 0.3585147 
80500 	 0.450956 
81000 	 0.3314955 
81500 	 0.4627339 
82000 	 0.3751113 
82500 	 0.3929724 
83000 	 0.4012007 
83500 	 0.4763575 
84000 	 0.4279099 
84500 	 0.3801476 
85000 	 0.3307626 
85500 	 0.3492777 
86000 	 0.2856793 
86500 	 0.3057211 
87000 	 0.4691109 
87500 	 0.3747166 
88000 	 0.3701072 
88500 	 0.3421616 
89000 	 0.4590733 
89500 	 0.2711649 
90000 	 0.3390364 
90500 	 0.2981947 
91000 	 0.333726 
91500 	 0.3567862 
92000 	 0.3964555 
92500 	 0.4099175 
93000 	 0.4307503 
93500 	 0.4460208 
94000 	 0.439076 
94500 	 0.3921059 
95000 	 0.3092306 
95500 	 0.4072971 
96000 	 0.3605043 
96500 	 0.4031273 
97000 	 0.2989007 
97500 	 0.3740194 
98000 	 0.3183123 
98500 	 0.3467356 
99000 	 0.3520101 
99500 	 0.3255216 
100000 	 0.3885527 
100500 	 0.4233322 
101000 	 0.3974627 
101500 	 0.4471015 
102000 	 0.4182227 
102500 	 0.3925007 
103000 	 0.3313482 
103500 	 0.4274294 
104000 	 0.3531133 
104500 	 0.3738773 
105000 	 0.3796808 
105500 	 0.3818107 
106000 	 0.4521333 
106500 	 0.4355788 
107000 	 0.3161494 
107500 	 0.3942264 
108000 	 0.3745819 
108500 	 0.2762359 
109000 	 0.3275797 
109500 	 0.3044001 
110000 	 0.3031776 
110500 	 0.4237837 
111000 	 0.366081 
111500 	 0.3303785 
112000 	 0.400035 
112500 	 0.4917119 
113000 	 0.4617351 
113500 	 0.4694268 
114000 	 0.4314516 
114500 	 0.3355515 
115000 	 0.3674173 
115500 	 0.3900009 
116000 	 0.3038194 
116500 	 0.4273815 
117000 	 0.4266007 
117500 	 0.4514726 
118000 	 0.3563169 
118500 	 0.4605989 
119000 	 0.4186149 
119500 	 0.3794816 
120000 	 0.3880899 
120500 	 0.3941244 
121000 	 0.3519094 
121500 	 0.3838781 
122000 	 0.3782807 
122500 	 0.368316 
123000 	 0.4123183 
123500 	 0.4097828 
124000 	 0.3797076 
124500 	 0.4909247 
125000 	 0.4372258 
125500 	 0.3015119 
126000 	 0.3521161 
126500 	 0.4569813 
127000 	 0.4344037 
127500 	 0.2738361 
128000 	 0.3713637 
128500 	 0.4464532 
129000 	 0.3407044 
129500 	 0.4472545 
130000 	 0.4612049 
130500 	 0.3950541 
131000 	 0.3230904 
131500 	 0.3855286 
132000 	 0.3745944 
132500 	 0.3793262 
133000 	 0.3504679 
133500 	 0.3837417 
134000 	 0.324147 
134500 	 0.3166457 
135000 	 0.3415628 
135500 	 0.2927065 
136000 	 0.4846041 
136500 	 0.3171699 
137000 	 0.3187824 
137500 	 0.3354643 
138000 	 0.407906 
138500 	 0.3663573 
139000 	 0.3813751 
139500 	 0.4325596 
140000 	 0.4434891 
140500 	 0.4164377 
141000 	 0.3942364 
141500 	 0.3560184 
142000 	 0.3596218 
142500 	 0.3766824 
143000 	 0.3512083 
143500 	 0.4546269 
144000 	 0.3527597 
144500 	 0.4697901 
145000 	 0.4592221 
145500 	 0.4318315 
146000 	 0.3146505 
146500 	 0.2641625 
147000 	 0.3675147 
147500 	 0.3515844 
148000 	 0.3390056 
148500 	 0.3926882 
149000 	 0.2877468 
149500 	 0.365795 
150000 	 0.3596598 
150500 	 0.355566 
151000 	 0.298827 
151500 	 0.3447217 
152000 	 0.3557165 
152500 	 0.3927637 
153000 	 0.435641 
153500 	 0.3038374 
154000 	 0.3912986 
154500 	 0.322774 
155000 	 0.3540204 
155500 	 0.4098464 
156000 	 0.3064756 
156500 	 0.3336625 
157000 	 0.4419279 
157500 	 0.2612446 
158000 	 0.4572712 
158500 	 0.477343 
159000 	 0.3429766 
159500 	 0.3262604 
160000 	 0.384875 
160500 	 0.3179418 
161000 	 0.3713588 
161500 	 0.4323488 
162000 	 0.4429957 
162500 	 0.4220743 
163000 	 0.3247422 
163500 	 0.4767817 
164000 	 0.3404524 
164500 	 0.521764 
165000 	 0.3394174 
165500 	 0.3517966 
166000 	 0.3395169 
166500 	 0.4344273 
167000 	 0.4196391 
167500 	 0.405289 
168000 	 0.4353915 
168500 	 0.3561653 
169000 	 0.4193684 
169500 	 0.3680445 
170000 	 0.4238121 
170500 	 0.3880691 
171000 	 0.4032697 
171500 	 0.4404097 
172000 	 0.3403636 
172500 	 0.396524 
173000 	 0.3975412 
173500 	 0.314465 
174000 	 0.3986841 
174500 	 0.3473711 
175000 	 0.4558372 
175500 	 0.3611434 
176000 	 0.3403379 
176500 	 0.3945653 
177000 	 0.377318 
177500 	 0.3209196 
178000 	 0.4035756 
178500 	 0.5113269 
179000 	 0.4035051 
179500 	 0.332696 
180000 	 0.4119586 
180500 	 0.4448644 
181000 	 0.3423554 
181500 	 0.2981492 
182000 	 0.4008508 
182500 	 0.3546899 
183000 	 0.2904472 
183500 	 0.2652636 
184000 	 0.427563 
184500 	 0.3920865 
185000 	 0.3794341 
185500 	 0.4144392 
186000 	 0.4270716 
186500 	 0.3331677 
187000 	 0.3288666 
187500 	 0.3726432 
188000 	 0.3908273 
188500 	 0.4368397 
189000 	 0.4352799 
189500 	 0.3533308 
190000 	 0.2828867 
190500 	 0.3933525 
191000 	 0.2953083 
191500 	 0.2697628 
192000 	 0.3470774 
192500 	 0.4003028 
193000 	 0.2508685 
193500 	 0.2281365 
194000 	 0.3180405 
194500 	 0.3536272 
195000 	 0.4504161 
195500 	 0.3383362 
196000 	 0.3999025 
196500 	 0.3542042 
197000 	 0.3686107 
197500 	 0.3254241 
198000 	 0.3878071 
198500 	 0.3471837 
199000 	 0.3978669 
199500 	 0.3266817 
200000 	 0.47305 
200500 	 0.3512052 
201000 	 0.3484974 
201500 	 0.3793716 
202000 	 0.2691638 
202500 	 0.3675163 
203000 	 0.3876935 
203500 	 0.4356819 
204000 	 0.4308021 
204500 	 0.4523443 
205000 	 0.3965702 
205500 	 0.4215934 
206000 	 0.3570632 
206500 	 0.3927296 
207000 	 0.4344776 
207500 	 0.4547086 
208000 	 0.5158305 
208500 	 0.3693763 
209000 	 0.4470654 
209500 	 0.4824195 
210000 	 0.4504287 
210500 	 0.4586711 
211000 	 0.4549726 
211500 	 0.3984449 
212000 	 0.3774557 
212500 	 0.3597121 
213000 	 0.4077411 
213500 	 0.2818213 
214000 	 0.3656931 
214500 	 0.323589 
215000 	 0.4474576 
215500 	 0.3263261 
216000 	 0.3940554 
216500 	 0.4167996 
217000 	 0.3837471 
217500 	 0.4086762 
218000 	 0.3452113 
218500 	 0.3864055 
219000 	 0.3610009 
219500 	 0.3470307 
220000 	 0.2944525 
220500 	 0.5495838 
221000 	 0.4078058 
221500 	 0.4237429 
222000 	 0.3490233 
222500 	 0.4327849 
223000 	 0.3420526 
223500 	 0.3700835 
224000 	 0.4464076 
224500 	 0.3791234 
225000 	 0.4652325 
225500 	 0.3827086 
226000 	 0.3583398 
226500 	 0.4260453 
227000 	 0.3729581 
227500 	 0.3075591 
228000 	 0.4168944 
228500 	 0.3230367 
229000 	 0.3939178 
229500 	 0.4670634 
230000 	 0.2947685 
230500 	 0.4477028 
231000 	 0.3722721 
231500 	 0.2737226 
232000 	 0.4042939 
232500 	 0.3544895 
233000 	 0.3628788 
233500 	 0.3882519 
234000 	 0.4799712 
234500 	 0.406062 
235000 	 0.389565 
235500 	 0.2992558 
236000 	 0.3585698 
236500 	 0.4918826 
237000 	 0.3506174 
237500 	 0.3510965 
238000 	 0.412466 
238500 	 0.4491806 
239000 	 0.3544037 
239500 	 0.2879003 
240000 	 0.4304828 
240500 	 0.4822244 
241000 	 0.440937 
241500 	 0.4543441 
242000 	 0.3863638 
242500 	 0.4278563 
243000 	 0.396978 
243500 	 0.3450509 
244000 	 0.4042256 
244500 	 0.4296001 
245000 	 0.3776152 
245500 	 0.4690198 
246000 	 0.5576404 
246500 	 0.3042459 
247000 	 0.3700144 
247500 	 0.439444 
248000 	 0.2860684 
248500 	 0.3700654 
249000 	 0.3504093 
249500 	 0.4711234 
250000 	 0.3460089 
250500 	 0.3462331 
251000 	 0.4396963 
251500 	 0.2921797 
252000 	 0.3607574 
252500 	 0.4488889 
253000 	 0.384978 
253500 	 0.2667557 
254000 	 0.3560427 
254500 	 0.3925999 
255000 	 0.292647 
255500 	 0.3189771 
256000 	 0.4055093 
256500 	 0.3737203 
257000 	 0.3123291 
257500 	 0.3880499 
258000 	 0.3899854 
258500 	 0.4233923 
259000 	 0.4429789 
259500 	 0.2693424 
260000 	 0.39215 
260500 	 0.3965869 
261000 	 0.471806 
261500 	 0.4266574 
262000 	 0.4315495 
262500 	 0.4599128 
263000 	 0.308926 
263500 	 0.2601358 
264000 	 0.5065312 
264500 	 0.4553995 
265000 	 0.2669518 
265500 	 0.3686158 
266000 	 0.4004468 
266500 	 0.3920229 
267000 	 0.3208303 
267500 	 0.3979114 
268000 	 0.3892926 
268500 	 0.3966458 
269000 	 0.3725079 
269500 	 0.4147002 
270000 	 0.4596406 
270500 	 0.3184021 
271000 	 0.4854311 
271500 	 0.3857402 
272000 	 0.3356962 
272500 	 0.2819634 
273000 	 0.4166712 
273500 	 0.4670505 
274000 	 0.3824467 
274500 	 0.4528151 
275000 	 0.3761143 
275500 	 0.3337589 
276000 	 0.4038064 
276500 	 0.3855658 
277000 	 0.4291412 
277500 	 0.4718771 
278000 	 0.3273043 
278500 	 0.2906956 
279000 	 0.303442 
279500 	 0.3326476 
280000 	 0.3283132 
280500 	 0.4008373 
281000 	 0.3196328 
281500 	 0.3295604 
282000 	 0.4569947 
282500 	 0.2980383 
283000 	 0.4678992 
283500 	 0.4424579 
284000 	 0.474792 
284500 	 0.3556292 
285000 	 0.4492067 
285500 	 0.3859563 
286000 	 0.3425445 
286500 	 0.3989903 
287000 	 0.4476186 
287500 	 0.368441 
288000 	 0.3493275 
288500 	 0.3600442 
289000 	 0.518699 
289500 	 0.353416 
290000 	 0.4265788 
290500 	 0.4408546 
291000 	 0.3056366 
291500 	 0.4049575 
292000 	 0.4262433 
292500 	 0.413564 
293000 	 0.3305155 
293500 	 0.3918824 
294000 	 0.4196038 
294500 	 0.2979947 
295000 	 0.3997477 
295500 	 0.3786582 
296000 	 0.3704175 
296500 	 0.3777955 
297000 	 0.327685 
297500 	 0.3820322 
298000 	 0.5171615 
298500 	 0.4234805 
299000 	 0.3717432 
299500 	 0.3396815 
300000 	 0.3024116 
300500 	 0.3933903 
301000 	 0.4374455 
301500 	 0.2639628 
302000 	 0.3221823 
302500 	 0.3788891 
303000 	 0.363243 
303500 	 0.2662122 
304000 	 0.3754004 
304500 	 0.3667406 
305000 	 0.4427704 
305500 	 0.2822052 
306000 	 0.4002729 
306500 	 0.3003239 
307000 	 0.4135338 
307500 	 0.3364891 
308000 	 0.4327229 
308500 	 0.3655933 
309000 	 0.4094737 
309500 	 0.3120508 
310000 	 0.4236561 
310500 	 0.3728039 
311000 	 0.4049833 
311500 	 0.3567577 
312000 	 0.375333 
312500 	 0.2851878 
313000 	 0.424767 
313500 	 0.381089 
314000 	 0.2724815 
314500 	 0.4428771 
315000 	 0.4135406 
315500 	 0.449423 
316000 	 0.2912596 
316500 	 0.3001278 
317000 	 0.3213052 
317500 	 0.3894962 
318000 	 0.3711278 
318500 	 0.336987 
319000 	 0.3679574 
319500 	 0.3480481 
320000 	 0.4035021 
320500 	 0.2740324 
321000 	 0.3236556 
321500 	 0.3433319 
322000 	 0.3125036 
322500 	 0.5141819 
323000 	 0.3844362 
323500 	 0.4875738 
324000 	 0.3776559 
324500 	 0.4846135 
325000 	 0.3993859 
325500 	 0.4282275 
326000 	 0.5015316 
326500 	 0.3341268 
327000 	 0.3969293 
327500 	 0.4111976 
328000 	 0.4414448 
328500 	 0.4461001 
329000 	 0.3225733 
329500 	 0.3059347 
330000 	 0.3427351 
330500 	 0.4628644 
331000 	 0.3488208 
331500 	 0.394423 
332000 	 0.3187011 
332500 	 0.3206547 
333000 	 0.2168869 
333500 	 0.5466598 
334000 	 0.43545 
334500 	 0.4679151 
335000 	 0.3516967 
335500 	 0.3336599 
336000 	 0.3966004 
336500 	 0.3953186 
337000 	 0.3058666 
337500 	 0.291072 
338000 	 0.4811846 
338500 	 0.30177 
339000 	 0.3826739 
339500 	 0.2280075 
340000 	 0.3475505 
340500 	 0.3644808 
341000 	 0.3415105 
341500 	 0.4072526 
342000 	 0.3054729 
342500 	 0.3389444 
343000 	 0.3834662 
343500 	 0.3581838 
344000 	 0.3551139 
344500 	 0.3436313 
345000 	 0.4520081 
345500 	 0.4311323 
346000 	 0.2960405 
346500 	 0.3646205 
347000 	 0.3815359 
347500 	 0.3136015 
348000 	 0.375958 
348500 	 0.3326319 
349000 	 0.3512021 
349500 	 0.3538154 
350000 	 0.3191067 
350500 	 0.4544842 
351000 	 0.4000266 
351500 	 0.3795917 
352000 	 0.4472733 
352500 	 0.4102001 
353000 	 0.4001195 
353500 	 0.4030122 
354000 	 0.4539274 
354500 	 0.3901769 
355000 	 0.4283436 
355500 	 0.3155054 
356000 	 0.3901545 
356500 	 0.4153949 
357000 	 0.4525128 
357500 	 0.3517752 
358000 	 0.417554 
358500 	 0.3364568 
359000 	 0.3519648 
359500 	 0.3394842 
360000 	 0.3471928 
360500 	 0.3907322 
361000 	 0.4510789 
361500 	 0.4080242 
362000 	 0.3485257 
362500 	 0.3330941 
363000 	 0.4241458 
363500 	 0.4183065 
364000 	 0.3756158 
364500 	 0.4410556 
365000 	 0.3841472 
365500 	 0.4209822 
366000 	 0.3765019 
366500 	 0.4611445 
367000 	 0.2376718 
367500 	 0.4230428 
368000 	 0.3783483 
368500 	 0.3850711 
369000 	 0.4154034 
369500 	 0.3487829 
370000 	 0.4754223 
370500 	 0.2938384 
371000 	 0.3774912 
371500 	 0.3676036 
372000 	 0.3823972 
372500 	 0.3047389 
373000 	 0.2876114 
373500 	 0.4650465 
374000 	 0.3654421 
374500 	 0.4249402 
375000 	 0.3797854 
375500 	 0.3848394 
376000 	 0.4659013 
376500 	 0.4132229 
377000 	 0.3227457 
377500 	 0.5095341 
378000 	 0.4210103 
378500 	 0.3911204 
379000 	 0.3598591 
379500 	 0.3728933 
380000 	 0.280051 
380500 	 0.4325284 
381000 	 0.4038301 
381500 	 0.3683298 
382000 	 0.3555389 
382500 	 0.3646477 
383000 	 0.3722188 
383500 	 0.4595817 
384000 	 0.3616107 
384500 	 0.4673871 
385000 	 0.3863982 
385500 	 0.2943293 
386000 	 0.4460376 
386500 	 0.3869904 
387000 	 0.3944433 
387500 	 0.4627973 
388000 	 0.3512137 
388500 	 0.3753094 
389000 	 0.3732444 
389500 	 0.4859974 
390000 	 0.3996572 
390500 	 0.4272318 
391000 	 0.4805545 
391500 	 0.3892366 
392000 	 0.281434 
392500 	 0.3608123 
393000 	 0.4128947 
393500 	 0.3931421 
394000 	 0.37951 
394500 	 0.4236166 
395000 	 0.3769629 
395500 	 0.4246073 
396000 	 0.3944961 
396500 	 0.4710641 
397000 	 0.4338395 
397500 	 0.3022856 
398000 	 0.4115308 
398500 	 0.41615 
399000 	 0.3095452 
399500 	 0.4126521 
400000 	 0.3879801 
400500 	 0.330894 
401000 	 0.4065059 
401500 	 0.3706015 
402000 	 0.3632339 
402500 	 0.4663665 
403000 	 0.3593198 
403500 	 0.4807954 
404000 	 0.333426 
404500 	 0.3835006 
405000 	 0.4504112 
405500 	 0.309094 
406000 	 0.3695734 
406500 	 0.5570345 
407000 	 0.3148796 
407500 	 0.4038163 
408000 	 0.4032631 
408500 	 0.3688963 
409000 	 0.4041364 
409500 	 0.3494618 
410000 	 0.3072457 
410500 	 0.4863502 
411000 	 0.3378443 
411500 	 0.3849703 
412000 	 0.4563382 
412500 	 0.423437 
413000 	 0.385214 
413500 	 0.4579701 
414000 	 0.3116392 
414500 	 0.3391587 
415000 	 0.3523009 
415500 	 0.3310272 
416000 	 0.4801132 
416500 	 0.2775132 
417000 	 0.4001037 
417500 	 0.4194782 
418000 	 0.4134785 
418500 	 0.4013323 
419000 	 0.4739969 
419500 	 0.4277161 
420000 	 0.5578508 
420500 	 0.4608943 
421000 	 0.4228621 
421500 	 0.4028231 
422000 	 0.3797753 
422500 	 0.4883098 
423000 	 0.4553309 
423500 	 0.3375697 
424000 	 0.4048522 
424500 	 0.2879921 
425000 	 0.4193297 
425500 	 0.5049861 
426000 	 0.3755404 
426500 	 0.2814375 
427000 	 0.4037271 
427500 	 0.3749949 
428000 	 0.3530866 
428500 	 0.3362258 
429000 	 0.3555814 
429500 	 0.5510481 
430000 	 0.4030049 
430500 	 0.4546414 
431000 	 0.3156754 
431500 	 0.3299364 
432000 	 0.3808939 
432500 	 0.4340741 
433000 	 0.3871851 
433500 	 0.511458 
434000 	 0.3755496 
434500 	 0.4683895 
435000 	 0.4552888 
435500 	 0.4055376 
436000 	 0.4312172 
436500 	 0.4248073 
437000 	 0.4034233 
437500 	 0.4621522 
438000 	 0.4024397 
438500 	 0.4595422 
439000 	 0.4098645 
439500 	 0.3345143 
440000 	 0.4203514 
440500 	 0.3122331 
441000 	 0.4046433 
441500 	 0.3314385 
442000 	 0.4305026 
442500 	 0.4578459 
443000 	 0.2928931 
443500 	 0.4450226 
444000 	 0.3722065 
444500 	 0.3229177 
445000 	 0.4254468 
445500 	 0.3514654 
446000 	 0.3211333 
446500 	 0.3922503 
447000 	 0.4713065 
447500 	 0.4531106 
448000 	 0.4210002 
448500 	 0.3989664 
449000 	 0.3963149 
449500 	 0.22678 
450000 	 0.3362576 
450500 	 0.3228602 
451000 	 0.3396009 
451500 	 0.3567607 
452000 	 0.2830367 
452500 	 0.3747389 
453000 	 0.3885662 
453500 	 0.3568586 
454000 	 0.3583891 
454500 	 0.3243006 
455000 	 0.5351563 
455500 	 0.2778105 
456000 	 0.4068855 
456500 	 0.2892856 
457000 	 0.3846465 
457500 	 0.3188432 
458000 	 0.3537599 
458500 	 0.3406778 
459000 	 0.4493378 
459500 	 0.3746894 
460000 	 0.3871688 
460500 	 0.2322244 
461000 	 0.3425047 
461500 	 0.3070974 
462000 	 0.4050645 
462500 	 0.3507761 
463000 	 0.4007596 
463500 	 0.4119823 
464000 	 0.4057424 
464500 	 0.4287545 
465000 	 0.4102184 
465500 	 0.3089067 
466000 	 0.3565273 
466500 	 0.2974404 
467000 	 0.4522857 
467500 	 0.3006591 
468000 	 0.377377 
468500 	 0.2751228 
469000 	 0.3580725 
469500 	 0.3635701 
470000 	 0.3756471 
470500 	 0.3843876 
471000 	 0.4493862 
471500 	 0.3628543 
472000 	 0.2701662 
472500 	 0.4269785 
473000 	 0.2538417 
473500 	 0.3928855 
474000 	 0.3279973 
474500 	 0.3234481 
475000 	 0.382692 
475500 	 0.5106878 
476000 	 0.2787705 
476500 	 0.4166527 
477000 	 0.2540008 
477500 	 0.3451485 
478000 	 0.4058112 
478500 	 0.4066899 
479000 	 0.5009168 
479500 	 0.3450061 
480000 	 0.3917547 
480500 	 0.3862794 
481000 	 0.2969885 
481500 	 0.3331267 
482000 	 0.4296506 
482500 	 0.3428232 
483000 	 0.4807798 
483500 	 0.5281378 
484000 	 0.3957835 
484500 	 0.3254383 
485000 	 0.4427866 
485500 	 0.4214108 
486000 	 0.3866871 
486500 	 0.3909919 
487000 	 0.290775 
487500 	 0.3214212 
488000 	 0.2723879 
488500 	 0.3146152 
489000 	 0.3573627 
489500 	 0.2907291 
490000 	 0.3861328 
490500 	 0.3883845 
491000 	 0.3889481 
491500 	 0.3767985 
492000 	 0.3575233 
492500 	 0.33643 
493000 	 0.4163646 
493500 	 0.4462171 
494000 	 0.3174427 
494500 	 0.4135326 
495000 	 0.3111603 
495500 	 0.4286793 
496000 	 0.2224232 
496500 	 0.2696761 
497000 	 0.3907195 
497500 	 0.3552317 
498000 	 0.460692 
498500 	 0.3352139 
499000 	 0.3257556 
499500 	 0.3742393 
500000 	 0.3847327 
