iter 	 p
500 	 0.3836061 
1000 	 0.4697395 
1500 	 0.3626914 
2000 	 0.3640113 
2500 	 0.3141202 
3000 	 0.343086 
3500 	 0.2956054 
4000 	 0.3552574 
4500 	 0.3905557 
5000 	 0.2511352 
5500 	 0.4486679 
6000 	 0.3158755 
6500 	 0.3963117 
7000 	 0.3763614 
7500 	 0.3696552 
8000 	 0.4044332 
8500 	 0.3737072 
9000 	 0.3864464 
9500 	 0.3071365 
10000 	 0.3982672 
10500 	 0.4286681 
11000 	 0.3186221 
11500 	 0.404026 
12000 	 0.3770107 
12500 	 0.3977293 
13000 	 0.3168679 
13500 	 0.4382066 
14000 	 0.3712548 
14500 	 0.415628 
15000 	 0.315322 
15500 	 0.3396047 
16000 	 0.3300507 
16500 	 0.3553886 
17000 	 0.3017033 
17500 	 0.3556897 
18000 	 0.4023758 
18500 	 0.3887481 
19000 	 0.4347116 
19500 	 0.3764289 
20000 	 0.3655221 
20500 	 0.4315349 
21000 	 0.329733 
21500 	 0.37702 
22000 	 0.3983218 
22500 	 0.3543919 
23000 	 0.446162 
23500 	 0.3501713 
24000 	 0.3594632 
24500 	 0.3852142 
25000 	 0.391438 
25500 	 0.3627316 
26000 	 0.3915568 
26500 	 0.3366452 
27000 	 0.4015635 
27500 	 0.2904176 
28000 	 0.434469 
28500 	 0.3547631 
29000 	 0.3543193 
29500 	 0.3672555 
30000 	 0.3354506 
30500 	 0.3662205 
31000 	 0.3396881 
31500 	 0.367786 
32000 	 0.374819 
32500 	 0.4172056 
33000 	 0.3740855 
33500 	 0.4087851 
34000 	 0.3310264 
34500 	 0.4325542 
35000 	 0.3747328 
35500 	 0.4487086 
36000 	 0.381706 
36500 	 0.3605194 
37000 	 0.3426766 
37500 	 0.4393475 
38000 	 0.3283536 
38500 	 0.3177425 
39000 	 0.4171827 
39500 	 0.3537787 
40000 	 0.4083103 
40500 	 0.378798 
41000 	 0.4282321 
41500 	 0.3471594 
42000 	 0.3420175 
42500 	 0.4267309 
43000 	 0.3327493 
43500 	 0.3930316 
44000 	 0.436014 
44500 	 0.4311497 
45000 	 0.3998571 
45500 	 0.4405674 
46000 	 0.4352102 
46500 	 0.3858631 
47000 	 0.4029565 
47500 	 0.4096665 
48000 	 0.342587 
48500 	 0.357656 
49000 	 0.3232194 
49500 	 0.4349909 
50000 	 0.3952472 
50500 	 0.3578876 
51000 	 0.4294146 
51500 	 0.4236961 
52000 	 0.3321978 
52500 	 0.3828751 
53000 	 0.3652105 
53500 	 0.3670622 
54000 	 0.3053511 
54500 	 0.3592541 
55000 	 0.3684095 
55500 	 0.35973 
56000 	 0.389979 
56500 	 0.4359704 
57000 	 0.3572038 
57500 	 0.407498 
58000 	 0.3646002 
58500 	 0.434032 
59000 	 0.3811542 
59500 	 0.3361121 
60000 	 0.3446364 
60500 	 0.4011168 
61000 	 0.395919 
61500 	 0.3304277 
62000 	 0.4140826 
62500 	 0.3878949 
63000 	 0.3097795 
63500 	 0.3433228 
64000 	 0.3409149 
64500 	 0.4625961 
65000 	 0.4278191 
65500 	 0.3828497 
66000 	 0.4074841 
66500 	 0.344603 
67000 	 0.3323258 
67500 	 0.4205839 
68000 	 0.4224323 
68500 	 0.371237 
69000 	 0.3442367 
69500 	 0.4624797 
70000 	 0.4037818 
70500 	 0.3378793 
71000 	 0.3258162 
71500 	 0.3548339 
72000 	 0.3305576 
72500 	 0.4056696 
73000 	 0.3666027 
73500 	 0.3148491 
74000 	 0.3719134 
74500 	 0.3890401 
75000 	 0.3744837 
75500 	 0.4087313 
76000 	 0.472587 
76500 	 0.4368891 
77000 	 0.34622 
77500 	 0.3064301 
78000 	 0.3685387 
78500 	 0.3811187 
79000 	 0.4028532 
79500 	 0.436502 
80000 	 0.3107264 
80500 	 0.3721347 
81000 	 0.3113007 
81500 	 0.381084 
82000 	 0.2896335 
82500 	 0.2897777 
83000 	 0.3649331 
83500 	 0.4213684 
84000 	 0.3694683 
84500 	 0.4224467 
85000 	 0.4273211 
85500 	 0.3158863 
86000 	 0.4150692 
86500 	 0.4374165 
87000 	 0.3801096 
87500 	 0.4654234 
88000 	 0.3616297 
88500 	 0.4431055 
89000 	 0.3318493 
89500 	 0.3426681 
90000 	 0.3725425 
90500 	 0.3506151 
91000 	 0.396509 
91500 	 0.4206941 
92000 	 0.3770433 
92500 	 0.3484263 
93000 	 0.4462423 
93500 	 0.3088098 
94000 	 0.3402467 
94500 	 0.358886 
95000 	 0.4339644 
95500 	 0.3994795 
96000 	 0.422949 
96500 	 0.349004 
97000 	 0.3489652 
97500 	 0.3620814 
98000 	 0.3406769 
98500 	 0.4011312 
99000 	 0.4242038 
99500 	 0.3329726 
100000 	 0.4049987 
100500 	 0.3479865 
101000 	 0.4181327 
101500 	 0.4500548 
102000 	 0.3398521 
102500 	 0.3170262 
103000 	 0.3820419 
103500 	 0.3259989 
104000 	 0.3637583 
104500 	 0.3780808 
105000 	 0.2955759 
105500 	 0.3263991 
106000 	 0.4067544 
106500 	 0.4244663 
107000 	 0.3283248 
107500 	 0.3357921 
108000 	 0.4026699 
108500 	 0.3651477 
109000 	 0.2859011 
109500 	 0.384079 
110000 	 0.3479793 
110500 	 0.3444338 
111000 	 0.3637035 
111500 	 0.4697611 
112000 	 0.367881 
112500 	 0.4146823 
113000 	 0.3182507 
113500 	 0.442888 
114000 	 0.3253277 
114500 	 0.3868295 
115000 	 0.3424744 
115500 	 0.3572396 
116000 	 0.3881792 
116500 	 0.3588736 
117000 	 0.3644661 
117500 	 0.361879 
118000 	 0.3688722 
118500 	 0.4346514 
119000 	 0.4134476 
119500 	 0.2746404 
120000 	 0.2653055 
120500 	 0.3398517 
121000 	 0.3778486 
121500 	 0.3234652 
122000 	 0.3167245 
122500 	 0.4573947 
123000 	 0.3486224 
123500 	 0.3960472 
124000 	 0.4020182 
124500 	 0.3659172 
125000 	 0.3961326 
125500 	 0.2681271 
126000 	 0.3092716 
126500 	 0.4210583 
127000 	 0.3701695 
127500 	 0.3873565 
128000 	 0.440791 
128500 	 0.3803075 
129000 	 0.377214 
129500 	 0.3935826 
130000 	 0.3510095 
130500 	 0.4063376 
131000 	 0.4039848 
131500 	 0.3197652 
132000 	 0.4157646 
132500 	 0.366247 
133000 	 0.3573996 
133500 	 0.4324554 
134000 	 0.4966714 
134500 	 0.3969363 
135000 	 0.3676868 
135500 	 0.2840031 
136000 	 0.3491572 
136500 	 0.4138144 
137000 	 0.3414738 
137500 	 0.3201039 
138000 	 0.3233718 
138500 	 0.4467575 
139000 	 0.3557762 
139500 	 0.2970347 
140000 	 0.3969379 
140500 	 0.4039899 
141000 	 0.2983725 
141500 	 0.4517062 
142000 	 0.4052437 
142500 	 0.4091334 
143000 	 0.4243502 
143500 	 0.3895829 
144000 	 0.401926 
144500 	 0.4361594 
145000 	 0.3692223 
145500 	 0.4071009 
146000 	 0.4139442 
146500 	 0.3739414 
147000 	 0.3195773 
147500 	 0.3723084 
148000 	 0.4331919 
148500 	 0.3377292 
149000 	 0.4382067 
149500 	 0.4658629 
150000 	 0.3454814 
150500 	 0.3608721 
151000 	 0.3890046 
151500 	 0.4250776 
152000 	 0.3613211 
152500 	 0.36522 
153000 	 0.2391157 
153500 	 0.3750946 
154000 	 0.390561 
154500 	 0.3873177 
155000 	 0.3511239 
155500 	 0.3892497 
156000 	 0.4155386 
156500 	 0.4040775 
157000 	 0.4066859 
157500 	 0.404884 
158000 	 0.3273832 
158500 	 0.4017627 
159000 	 0.3326712 
159500 	 0.3218234 
160000 	 0.3712078 
160500 	 0.316706 
161000 	 0.3638326 
161500 	 0.3560982 
162000 	 0.3893111 
162500 	 0.3860977 
163000 	 0.4328998 
163500 	 0.3790977 
164000 	 0.3372984 
164500 	 0.4045872 
165000 	 0.3173132 
165500 	 0.3181694 
166000 	 0.3753712 
166500 	 0.3857292 
167000 	 0.3139644 
167500 	 0.4186631 
168000 	 0.379101 
168500 	 0.4385997 
169000 	 0.3551733 
169500 	 0.3570566 
170000 	 0.3944194 
170500 	 0.312556 
171000 	 0.4151495 
171500 	 0.4332209 
172000 	 0.3395616 
172500 	 0.3633717 
173000 	 0.384881 
173500 	 0.3164184 
174000 	 0.3268496 
174500 	 0.3161924 
175000 	 0.4114995 
175500 	 0.3704824 
176000 	 0.4044875 
176500 	 0.3280366 
177000 	 0.3917159 
177500 	 0.3425933 
178000 	 0.4279814 
178500 	 0.3556794 
179000 	 0.3846431 
179500 	 0.3923308 
180000 	 0.4045705 
180500 	 0.3945073 
181000 	 0.4048017 
181500 	 0.2277027 
182000 	 0.3299934 
182500 	 0.4388762 
183000 	 0.3140172 
183500 	 0.4084451 
184000 	 0.4221801 
184500 	 0.3817494 
185000 	 0.3687785 
185500 	 0.4710847 
186000 	 0.3553068 
186500 	 0.4000152 
187000 	 0.3251611 
187500 	 0.445373 
188000 	 0.4017782 
188500 	 0.3353556 
189000 	 0.3644453 
189500 	 0.3556682 
190000 	 0.3613725 
190500 	 0.4129705 
191000 	 0.3134617 
191500 	 0.4165147 
192000 	 0.3935392 
192500 	 0.4563259 
193000 	 0.4220034 
193500 	 0.3455919 
194000 	 0.4434337 
194500 	 0.3520728 
195000 	 0.3837518 
195500 	 0.3949934 
196000 	 0.3855983 
196500 	 0.3985484 
197000 	 0.3047221 
197500 	 0.3198262 
198000 	 0.333276 
198500 	 0.3250906 
199000 	 0.4020478 
199500 	 0.383167 
200000 	 0.3905241 
200500 	 0.3785826 
201000 	 0.4504551 
201500 	 0.32625 
202000 	 0.4468917 
202500 	 0.2949225 
203000 	 0.482643 
203500 	 0.4157953 
204000 	 0.3523095 
204500 	 0.3910734 
205000 	 0.3502552 
205500 	 0.3399469 
206000 	 0.4045259 
206500 	 0.3809363 
207000 	 0.35872 
207500 	 0.4321165 
208000 	 0.3509503 
208500 	 0.3775679 
209000 	 0.3642389 
209500 	 0.4081469 
210000 	 0.3387748 
210500 	 0.4021936 
211000 	 0.3686173 
211500 	 0.3676303 
212000 	 0.3456388 
212500 	 0.4038517 
213000 	 0.3972845 
213500 	 0.386252 
214000 	 0.4679967 
214500 	 0.4710373 
215000 	 0.3466039 
215500 	 0.3529987 
216000 	 0.3584159 
216500 	 0.4481426 
217000 	 0.4572268 
217500 	 0.3200645 
218000 	 0.4185076 
218500 	 0.2746167 
219000 	 0.3112684 
219500 	 0.3422953 
220000 	 0.3419702 
220500 	 0.4488373 
221000 	 0.357883 
221500 	 0.3586801 
222000 	 0.2602413 
222500 	 0.4183181 
223000 	 0.3635381 
223500 	 0.3770832 
224000 	 0.3366096 
224500 	 0.4586024 
225000 	 0.3302761 
225500 	 0.4925064 
226000 	 0.4500094 
226500 	 0.3470463 
227000 	 0.3945692 
227500 	 0.351782 
228000 	 0.358573 
228500 	 0.3156172 
229000 	 0.3903441 
229500 	 0.2865814 
230000 	 0.3148493 
230500 	 0.378984 
231000 	 0.362858 
231500 	 0.3760018 
232000 	 0.3783677 
232500 	 0.3364831 
233000 	 0.3681208 
233500 	 0.3982144 
234000 	 0.4456424 
234500 	 0.4427344 
235000 	 0.4203148 
235500 	 0.404385 
236000 	 0.4025237 
236500 	 0.3697699 
237000 	 0.3404914 
237500 	 0.4226758 
238000 	 0.4526326 
238500 	 0.4886311 
239000 	 0.4652281 
239500 	 0.3554738 
240000 	 0.4864669 
240500 	 0.3210413 
241000 	 0.4261796 
241500 	 0.4078818 
242000 	 0.3354725 
242500 	 0.2842195 
243000 	 0.4079482 
243500 	 0.2822976 
244000 	 0.3409315 
244500 	 0.3681718 
245000 	 0.4756656 
245500 	 0.3892184 
246000 	 0.3230259 
246500 	 0.4274791 
247000 	 0.3174483 
247500 	 0.4219879 
248000 	 0.2888833 
248500 	 0.358162 
249000 	 0.3957854 
249500 	 0.3421773 
250000 	 0.3131007 
250500 	 0.3821954 
251000 	 0.4829477 
251500 	 0.3994431 
252000 	 0.3987334 
252500 	 0.3969393 
253000 	 0.4708137 
253500 	 0.3402975 
254000 	 0.3886965 
254500 	 0.4484097 
255000 	 0.4112489 
255500 	 0.3428362 
256000 	 0.4159021 
256500 	 0.3564969 
257000 	 0.3180694 
257500 	 0.3902599 
258000 	 0.4228119 
258500 	 0.4415805 
259000 	 0.4127298 
259500 	 0.404375 
260000 	 0.3308732 
260500 	 0.5023873 
261000 	 0.464064 
261500 	 0.5068018 
262000 	 0.2704854 
262500 	 0.3182295 
263000 	 0.4598445 
263500 	 0.4536849 
264000 	 0.4641652 
264500 	 0.3391105 
265000 	 0.4092321 
265500 	 0.3777003 
266000 	 0.4073745 
266500 	 0.3214578 
267000 	 0.372421 
267500 	 0.4008724 
268000 	 0.4424817 
268500 	 0.3638271 
269000 	 0.4416771 
269500 	 0.4329795 
270000 	 0.3646741 
270500 	 0.3969286 
271000 	 0.4327622 
271500 	 0.4180869 
272000 	 0.3702354 
272500 	 0.4210706 
273000 	 0.4442405 
273500 	 0.4030677 
274000 	 0.3728201 
274500 	 0.3689631 
275000 	 0.3958757 
275500 	 0.3641923 
276000 	 0.3937694 
276500 	 0.3562175 
277000 	 0.3317041 
277500 	 0.352648 
278000 	 0.3149945 
278500 	 0.4661284 
279000 	 0.4060822 
279500 	 0.3961686 
280000 	 0.3619733 
280500 	 0.4562531 
281000 	 0.4233076 
281500 	 0.3719324 
282000 	 0.3582707 
282500 	 0.2660449 
283000 	 0.3820402 
283500 	 0.4200741 
284000 	 0.3901624 
284500 	 0.4450438 
285000 	 0.4226224 
285500 	 0.3623835 
286000 	 0.3834147 
286500 	 0.4668372 
287000 	 0.3970386 
287500 	 0.3334852 
288000 	 0.4189241 
288500 	 0.3315815 
289000 	 0.3540102 
289500 	 0.4546236 
290000 	 0.3669159 
290500 	 0.3849357 
291000 	 0.2722089 
291500 	 0.407183 
292000 	 0.361124 
292500 	 0.4664185 
293000 	 0.4662796 
293500 	 0.2907867 
294000 	 0.3956908 
294500 	 0.3672931 
295000 	 0.4223359 
295500 	 0.4371843 
296000 	 0.4281653 
296500 	 0.2990072 
297000 	 0.4184349 
297500 	 0.3737707 
298000 	 0.3937713 
298500 	 0.2524845 
299000 	 0.4766479 
299500 	 0.3619253 
300000 	 0.3184854 
300500 	 0.357081 
301000 	 0.3220951 
301500 	 0.3926509 
302000 	 0.2881566 
302500 	 0.364023 
303000 	 0.408272 
303500 	 0.3537164 
304000 	 0.4749207 
304500 	 0.3983098 
305000 	 0.4376768 
305500 	 0.3523661 
306000 	 0.4292123 
306500 	 0.4594764 
307000 	 0.4740821 
307500 	 0.3688284 
308000 	 0.3424369 
308500 	 0.4038062 
309000 	 0.3035639 
309500 	 0.2822175 
310000 	 0.3780718 
310500 	 0.3880266 
311000 	 0.4190366 
311500 	 0.3977992 
312000 	 0.3673965 
312500 	 0.4714954 
313000 	 0.3377109 
313500 	 0.2858132 
314000 	 0.3702627 
314500 	 0.352094 
315000 	 0.3352635 
315500 	 0.364552 
316000 	 0.3427886 
316500 	 0.3171124 
317000 	 0.2999599 
317500 	 0.341843 
318000 	 0.3820826 
318500 	 0.3147508 
319000 	 0.3244252 
319500 	 0.3435764 
320000 	 0.3506089 
320500 	 0.414178 
321000 	 0.3445744 
321500 	 0.3973801 
322000 	 0.3545904 
322500 	 0.3888628 
323000 	 0.4258225 
323500 	 0.4178435 
324000 	 0.3981259 
324500 	 0.3484472 
325000 	 0.374658 
325500 	 0.3826345 
326000 	 0.4377928 
326500 	 0.3918648 
327000 	 0.3424802 
327500 	 0.4692865 
328000 	 0.3445453 
328500 	 0.380911 
329000 	 0.4342142 
329500 	 0.3534457 
330000 	 0.4229804 
330500 	 0.3222175 
331000 	 0.2578308 
331500 	 0.3491153 
332000 	 0.3458055 
332500 	 0.3775949 
333000 	 0.3841102 
333500 	 0.4160705 
334000 	 0.38122 
334500 	 0.313972 
335000 	 0.375162 
335500 	 0.3635049 
336000 	 0.3419195 
336500 	 0.3853158 
337000 	 0.3290789 
337500 	 0.3096204 
338000 	 0.4206398 
338500 	 0.3413977 
339000 	 0.4668442 
339500 	 0.4305314 
340000 	 0.4266423 
340500 	 0.403808 
341000 	 0.4060842 
341500 	 0.349779 
342000 	 0.343528 
342500 	 0.334415 
343000 	 0.3064755 
343500 	 0.4039054 
344000 	 0.3205759 
344500 	 0.4019519 
345000 	 0.4224137 
345500 	 0.4514597 
346000 	 0.3999501 
346500 	 0.4268576 
347000 	 0.367012 
347500 	 0.3796038 
348000 	 0.3786885 
348500 	 0.4072912 
349000 	 0.4161397 
349500 	 0.3448286 
350000 	 0.4208485 
350500 	 0.3445548 
351000 	 0.2971124 
351500 	 0.30054 
352000 	 0.3077234 
352500 	 0.4158737 
353000 	 0.3443319 
353500 	 0.2886931 
354000 	 0.3414394 
354500 	 0.3079816 
355000 	 0.3118666 
355500 	 0.3612271 
356000 	 0.3481417 
356500 	 0.3171062 
357000 	 0.4093323 
357500 	 0.3300616 
358000 	 0.4033049 
358500 	 0.3565139 
359000 	 0.3108665 
359500 	 0.3474372 
360000 	 0.3094216 
360500 	 0.369672 
361000 	 0.3478942 
361500 	 0.3947383 
362000 	 0.3667819 
362500 	 0.2645919 
363000 	 0.346626 
363500 	 0.4043243 
364000 	 0.3382491 
364500 	 0.4090527 
365000 	 0.4075514 
365500 	 0.2701923 
366000 	 0.3248128 
366500 	 0.3672977 
367000 	 0.3599037 
367500 	 0.3373681 
368000 	 0.4593962 
368500 	 0.4066002 
369000 	 0.3668941 
369500 	 0.3217944 
370000 	 0.3606517 
370500 	 0.4214576 
371000 	 0.4063653 
371500 	 0.3933867 
372000 	 0.3677208 
372500 	 0.367973 
373000 	 0.3095437 
373500 	 0.2954655 
374000 	 0.4808286 
374500 	 0.3424215 
375000 	 0.304985 
375500 	 0.4204143 
376000 	 0.3243434 
376500 	 0.3604854 
377000 	 0.3327537 
377500 	 0.3695852 
378000 	 0.3330353 
378500 	 0.307715 
379000 	 0.3519428 
379500 	 0.4439356 
380000 	 0.3480378 
380500 	 0.4160523 
381000 	 0.3620262 
381500 	 0.3379389 
382000 	 0.3502703 
382500 	 0.2996446 
383000 	 0.3387043 
383500 	 0.2743437 
384000 	 0.3822884 
384500 	 0.315702 
385000 	 0.3521168 
385500 	 0.4924659 
386000 	 0.3524682 
386500 	 0.3528343 
387000 	 0.3689966 
387500 	 0.3894434 
388000 	 0.3560549 
388500 	 0.4200573 
389000 	 0.4602496 
389500 	 0.3910413 
390000 	 0.3080414 
390500 	 0.3987826 
391000 	 0.3762583 
391500 	 0.4432056 
392000 	 0.3456628 
392500 	 0.3408069 
393000 	 0.4410258 
393500 	 0.416491 
394000 	 0.3565365 
394500 	 0.3691011 
395000 	 0.3941174 
395500 	 0.356941 
396000 	 0.349554 
396500 	 0.3503403 
397000 	 0.3939772 
397500 	 0.3543476 
398000 	 0.3340459 
398500 	 0.4254236 
399000 	 0.3904609 
399500 	 0.4530753 
400000 	 0.3497763 
400500 	 0.3907376 
401000 	 0.3617809 
401500 	 0.4131318 
402000 	 0.3765855 
402500 	 0.3581524 
403000 	 0.3837713 
403500 	 0.380241 
404000 	 0.4055541 
404500 	 0.3693801 
405000 	 0.3671279 
405500 	 0.3969076 
406000 	 0.4085376 
406500 	 0.3538991 
407000 	 0.5074511 
407500 	 0.3663905 
408000 	 0.5195472 
408500 	 0.3177264 
409000 	 0.3990872 
409500 	 0.3454201 
410000 	 0.3630747 
410500 	 0.2965937 
411000 	 0.378533 
411500 	 0.3206581 
412000 	 0.4201869 
412500 	 0.4200508 
413000 	 0.279548 
413500 	 0.3800914 
414000 	 0.3743032 
414500 	 0.3811261 
415000 	 0.41117 
415500 	 0.3600291 
416000 	 0.3943933 
416500 	 0.3473291 
417000 	 0.3698816 
417500 	 0.3088877 
418000 	 0.4187336 
418500 	 0.4108093 
419000 	 0.4129082 
419500 	 0.3603595 
420000 	 0.3706859 
420500 	 0.3354396 
421000 	 0.3961199 
421500 	 0.4358968 
422000 	 0.3437334 
422500 	 0.4395782 
423000 	 0.3835279 
423500 	 0.4014911 
424000 	 0.3520302 
424500 	 0.4107799 
425000 	 0.357018 
425500 	 0.3941498 
426000 	 0.3620651 
426500 	 0.3320588 
427000 	 0.3959898 
427500 	 0.4083985 
428000 	 0.3657875 
428500 	 0.3651898 
429000 	 0.3686741 
429500 	 0.4029745 
430000 	 0.3938192 
430500 	 0.4555865 
431000 	 0.4187041 
431500 	 0.4326128 
432000 	 0.3514443 
432500 	 0.3914037 
433000 	 0.3504457 
433500 	 0.3995785 
434000 	 0.3877313 
434500 	 0.3629944 
435000 	 0.3762741 
435500 	 0.2914866 
436000 	 0.4114173 
436500 	 0.3501805 
437000 	 0.4197199 
437500 	 0.3577065 
438000 	 0.3236805 
438500 	 0.3473279 
439000 	 0.3581869 
439500 	 0.4358938 
440000 	 0.4030975 
440500 	 0.3368413 
441000 	 0.3642773 
441500 	 0.4231168 
442000 	 0.3738901 
442500 	 0.334054 
443000 	 0.4314025 
443500 	 0.3735767 
444000 	 0.2756358 
444500 	 0.3825758 
445000 	 0.3303517 
445500 	 0.4107938 
446000 	 0.3676607 
446500 	 0.3492418 
447000 	 0.3495348 
447500 	 0.3863465 
448000 	 0.3889331 
448500 	 0.3300488 
449000 	 0.4178439 
449500 	 0.4902262 
450000 	 0.3661811 
450500 	 0.4510595 
451000 	 0.3218289 
451500 	 0.3251351 
452000 	 0.3703047 
452500 	 0.3036122 
453000 	 0.3093688 
453500 	 0.295879 
454000 	 0.3457764 
454500 	 0.3582193 
455000 	 0.3839694 
455500 	 0.4232679 
456000 	 0.3074911 
456500 	 0.433932 
457000 	 0.3750591 
457500 	 0.4066955 
458000 	 0.3894597 
458500 	 0.3038344 
459000 	 0.4062893 
459500 	 0.348697 
460000 	 0.331429 
460500 	 0.4071635 
461000 	 0.3567996 
461500 	 0.3674377 
462000 	 0.3194757 
462500 	 0.4533489 
463000 	 0.4031429 
463500 	 0.4205352 
464000 	 0.4323922 
464500 	 0.3602784 
465000 	 0.3274413 
465500 	 0.3311075 
466000 	 0.3765146 
466500 	 0.3761327 
467000 	 0.355881 
467500 	 0.4333145 
468000 	 0.3239739 
468500 	 0.3393192 
469000 	 0.3794014 
469500 	 0.3814855 
470000 	 0.3353363 
470500 	 0.3465354 
471000 	 0.2842398 
471500 	 0.3428138 
472000 	 0.444719 
472500 	 0.3966127 
473000 	 0.3720338 
473500 	 0.4868689 
474000 	 0.3816599 
474500 	 0.3835929 
475000 	 0.2478226 
475500 	 0.2849444 
476000 	 0.4037723 
476500 	 0.3564525 
477000 	 0.4502583 
477500 	 0.4032724 
478000 	 0.4186539 
478500 	 0.3044872 
479000 	 0.3417099 
479500 	 0.3377401 
480000 	 0.3839997 
480500 	 0.3597632 
481000 	 0.388094 
481500 	 0.3369722 
482000 	 0.435426 
482500 	 0.3319492 
483000 	 0.3479411 
483500 	 0.2239287 
484000 	 0.3605974 
484500 	 0.3837122 
485000 	 0.2927883 
485500 	 0.3206758 
486000 	 0.3082177 
486500 	 0.4805371 
487000 	 0.3953138 
487500 	 0.3503811 
488000 	 0.3283282 
488500 	 0.3177401 
489000 	 0.4571593 
489500 	 0.4351305 
490000 	 0.303834 
490500 	 0.4578739 
491000 	 0.3920816 
491500 	 0.4376586 
492000 	 0.3251995 
492500 	 0.2851405 
493000 	 0.3685376 
493500 	 0.4258811 
494000 	 0.3932896 
494500 	 0.3384591 
495000 	 0.3452437 
495500 	 0.4320907 
496000 	 0.4157843 
496500 	 0.379269 
497000 	 0.3008711 
497500 	 0.3608604 
498000 	 0.3023208 
498500 	 0.4311516 
499000 	 0.407114 
499500 	 0.3543508 
500000 	 0.4428773 
