iter 	 p
500 	 0.5666298 
1000 	 0.6714451 
1500 	 0.6422704 
2000 	 0.7966553 
2500 	 0.5724489 
3000 	 0.7631322 
3500 	 0.7407837 
4000 	 0.702477 
4500 	 0.8462219 
5000 	 0.6970036 
5500 	 0.7641662 
6000 	 0.7179951 
6500 	 0.7000996 
7000 	 0.7167755 
7500 	 0.6305849 
8000 	 0.7421499 
8500 	 0.7379115 
9000 	 0.7551689 
9500 	 0.7546281 
10000 	 0.7015776 
10500 	 0.6835035 
11000 	 0.7969346 
11500 	 0.7545153 
12000 	 0.5645656 
12500 	 0.8079716 
13000 	 0.7887387 
13500 	 0.8065513 
14000 	 0.5002288 
14500 	 0.7468689 
15000 	 0.6667811 
15500 	 0.6065164 
16000 	 0.6607836 
16500 	 0.7270395 
17000 	 0.742815 
17500 	 0.6233054 
18000 	 0.6165543 
18500 	 0.7794376 
19000 	 0.8022221 
19500 	 0.6365408 
20000 	 0.6288218 
20500 	 0.5921154 
21000 	 0.6510336 
21500 	 0.6482032 
22000 	 0.6328805 
22500 	 0.6072582 
23000 	 0.6886909 
23500 	 0.7474746 
24000 	 0.7013113 
24500 	 0.7291461 
25000 	 0.702513 
25500 	 0.8838348 
26000 	 0.7484118 
26500 	 0.6673112 
27000 	 0.5868692 
27500 	 0.7868104 
28000 	 0.5955828 
28500 	 0.7600255 
29000 	 0.6970253 
29500 	 0.6262388 
30000 	 0.6838686 
30500 	 0.712091 
31000 	 0.5767506 
31500 	 0.6883986 
32000 	 0.7897012 
32500 	 0.7939996 
33000 	 0.686133 
33500 	 0.5665936 
34000 	 0.6895105 
34500 	 0.6187023 
35000 	 0.746439 
35500 	 0.728843 
36000 	 0.673704 
36500 	 0.6729082 
37000 	 0.6206957 
37500 	 0.6776415 
38000 	 0.6491108 
38500 	 0.4850422 
39000 	 0.6861452 
39500 	 0.7810494 
40000 	 0.7192494 
40500 	 0.582603 
41000 	 0.674433 
41500 	 0.6047881 
42000 	 0.6564131 
42500 	 0.8042437 
43000 	 0.6774023 
43500 	 0.6923162 
44000 	 0.6699297 
44500 	 0.6637911 
45000 	 0.6397489 
45500 	 0.5368836 
46000 	 0.6473168 
46500 	 0.6395091 
47000 	 0.7335393 
47500 	 0.5493064 
48000 	 0.7132384 
48500 	 0.6367859 
49000 	 0.7310049 
49500 	 0.6874131 
50000 	 0.7084953 
50500 	 0.7519685 
51000 	 0.6616721 
51500 	 0.8528952 
52000 	 0.7658623 
52500 	 0.4961121 
53000 	 0.7409334 
53500 	 0.8074442 
54000 	 0.7615893 
54500 	 0.7205219 
55000 	 0.6722637 
55500 	 0.7535721 
56000 	 0.7231792 
56500 	 0.7552146 
57000 	 0.8115015 
57500 	 0.6518073 
58000 	 0.6743744 
58500 	 0.672761 
59000 	 0.6613946 
59500 	 0.8621017 
60000 	 0.7992829 
60500 	 0.537157 
61000 	 0.7207198 
61500 	 0.684042 
62000 	 0.6570547 
62500 	 0.7100637 
63000 	 0.6593978 
63500 	 0.6640815 
64000 	 0.5974928 
64500 	 0.6909095 
65000 	 0.7517452 
65500 	 0.743968 
66000 	 0.6621286 
66500 	 0.6773003 
67000 	 0.6480307 
67500 	 0.6989241 
68000 	 0.7863295 
68500 	 0.6849192 
69000 	 0.648528 
69500 	 0.5344179 
70000 	 0.651854 
70500 	 0.6928136 
71000 	 0.6865334 
71500 	 0.7473044 
72000 	 0.6359228 
72500 	 0.6846063 
73000 	 0.6633466 
73500 	 0.730623 
74000 	 0.6572359 
74500 	 0.659612 
75000 	 0.7328205 
75500 	 0.7245444 
76000 	 0.7320909 
76500 	 0.8578015 
77000 	 0.5728068 
77500 	 0.7741066 
78000 	 0.7181329 
78500 	 0.5329026 
79000 	 0.5968326 
79500 	 0.5045503 
80000 	 0.7192932 
80500 	 0.7815812 
81000 	 0.6560304 
81500 	 0.7623285 
82000 	 0.6684719 
82500 	 0.6337572 
83000 	 0.6294448 
83500 	 0.6816233 
84000 	 0.7720948 
84500 	 0.8331898 
85000 	 0.5419897 
85500 	 0.6710951 
86000 	 0.7050383 
86500 	 0.6553989 
87000 	 0.6050259 
87500 	 0.7187741 
88000 	 0.6389637 
88500 	 0.6678908 
89000 	 0.6807934 
89500 	 0.7095358 
90000 	 0.5062745 
90500 	 0.7086023 
91000 	 0.7097669 
91500 	 0.6696596 
92000 	 0.6981089 
92500 	 0.6489806 
93000 	 0.778284 
93500 	 0.8045015 
94000 	 0.7488415 
94500 	 0.7471651 
95000 	 0.700574 
95500 	 0.8118002 
96000 	 0.6319383 
96500 	 0.6702202 
97000 	 0.8887634 
97500 	 0.7085412 
98000 	 0.7302163 
98500 	 0.7276843 
99000 	 0.8187484 
99500 	 0.7548511 
100000 	 0.6676025 
100500 	 0.6152287 
101000 	 0.7477161 
101500 	 0.7745981 
102000 	 0.6344292 
102500 	 0.7416304 
103000 	 0.7517161 
103500 	 0.6711435 
104000 	 0.7959876 
104500 	 0.820123 
105000 	 0.6811883 
105500 	 0.6681133 
106000 	 0.7640611 
106500 	 0.8503943 
107000 	 0.7742187 
107500 	 0.8334513 
108000 	 0.5862003 
108500 	 0.6915395 
109000 	 0.6925332 
109500 	 0.7244898 
110000 	 0.9045783 
110500 	 0.6901818 
111000 	 0.8407783 
111500 	 0.6476032 
112000 	 0.5772247 
112500 	 0.6996923 
113000 	 0.6405617 
113500 	 0.7158427 
114000 	 0.647467 
114500 	 0.6897257 
115000 	 0.7407428 
115500 	 0.6728122 
116000 	 0.6707691 
116500 	 0.7578989 
117000 	 0.75467 
117500 	 0.787556 
118000 	 0.8051257 
118500 	 0.7839648 
119000 	 0.7338096 
119500 	 0.4724769 
120000 	 0.5632101 
120500 	 0.7565078 
121000 	 0.6364119 
121500 	 0.634835 
122000 	 0.6093353 
122500 	 0.7617024 
123000 	 0.6482715 
123500 	 0.846907 
124000 	 0.8291808 
124500 	 0.7727222 
125000 	 0.7873106 
125500 	 0.7739684 
126000 	 0.6654806 
126500 	 0.7686377 
127000 	 0.7416174 
127500 	 0.6263641 
128000 	 0.741432 
128500 	 0.6331197 
129000 	 0.6973172 
129500 	 0.6806492 
130000 	 0.579231 
130500 	 0.8232827 
131000 	 0.5602129 
131500 	 0.6891838 
132000 	 0.7335812 
132500 	 0.6768523 
133000 	 0.6345325 
133500 	 0.614819 
134000 	 0.6634783 
134500 	 0.6791371 
135000 	 0.7657698 
135500 	 0.6896971 
136000 	 0.8374942 
136500 	 0.733857 
137000 	 0.8005779 
137500 	 0.6852019 
138000 	 0.7783531 
138500 	 0.7046431 
139000 	 0.7024234 
139500 	 0.5992643 
140000 	 0.644782 
140500 	 0.8078319 
141000 	 0.7862641 
141500 	 0.7207741 
142000 	 0.5959573 
142500 	 0.7428897 
143000 	 0.7646316 
143500 	 0.73994 
144000 	 0.5917799 
144500 	 0.6142906 
145000 	 0.6476972 
145500 	 0.5746155 
146000 	 0.7133863 
146500 	 0.792965 
147000 	 0.6369429 
147500 	 0.6734474 
148000 	 0.7598512 
148500 	 0.709816 
149000 	 0.6332049 
149500 	 0.7045091 
150000 	 0.7169653 
150500 	 0.6317334 
151000 	 0.6313224 
151500 	 0.6334921 
152000 	 0.692197 
152500 	 0.6947983 
153000 	 0.6654826 
153500 	 0.7483471 
154000 	 0.8121438 
154500 	 0.7730377 
155000 	 0.6980759 
155500 	 0.7336761 
156000 	 0.6373957 
156500 	 0.5880767 
157000 	 0.6745109 
157500 	 0.5340211 
158000 	 0.7600253 
158500 	 0.7790442 
159000 	 0.7296536 
159500 	 0.7442325 
160000 	 0.7646364 
160500 	 0.6230872 
161000 	 0.7061561 
161500 	 0.674024 
162000 	 0.7208208 
162500 	 0.6931443 
163000 	 0.7755673 
163500 	 0.7220635 
164000 	 0.7773085 
164500 	 0.7236129 
165000 	 0.7232978 
165500 	 0.6564542 
166000 	 0.7312235 
166500 	 0.5856145 
167000 	 0.7086579 
167500 	 0.7862851 
168000 	 0.8610956 
168500 	 0.5872566 
169000 	 0.7730065 
169500 	 0.765168 
170000 	 0.5507823 
170500 	 0.8737473 
171000 	 0.8735822 
171500 	 0.8038744 
172000 	 0.7010444 
172500 	 0.592656 
173000 	 0.6303445 
173500 	 0.7694047 
174000 	 0.7090812 
174500 	 0.7475623 
175000 	 0.6979914 
175500 	 0.7073391 
176000 	 0.7319782 
176500 	 0.7479853 
177000 	 0.7291811 
177500 	 0.6206472 
178000 	 0.7296757 
178500 	 0.7933446 
179000 	 0.7169112 
179500 	 0.5965214 
180000 	 0.7789615 
180500 	 0.7471628 
181000 	 0.7164388 
181500 	 0.7010803 
182000 	 0.8065836 
182500 	 0.665989 
183000 	 0.7773146 
183500 	 0.7583685 
184000 	 0.7772616 
184500 	 0.5769703 
185000 	 0.6638702 
185500 	 0.8694614 
186000 	 0.7583408 
186500 	 0.5883571 
187000 	 0.6918928 
187500 	 0.7577606 
188000 	 0.6319295 
188500 	 0.6542785 
189000 	 0.6377612 
189500 	 0.6535188 
190000 	 0.7372888 
190500 	 0.5087517 
191000 	 0.6876002 
191500 	 0.7502223 
192000 	 0.6266959 
192500 	 0.7318582 
193000 	 0.7484437 
193500 	 0.6903412 
194000 	 0.8299162 
194500 	 0.5527106 
195000 	 0.7270096 
195500 	 0.7050193 
196000 	 0.8131458 
196500 	 0.6558414 
197000 	 0.7935883 
197500 	 0.7167098 
198000 	 0.6508541 
198500 	 0.7586047 
199000 	 0.6518156 
199500 	 0.6877162 
200000 	 0.7262238 
200500 	 0.7040278 
201000 	 0.6764589 
201500 	 0.7225296 
202000 	 0.556526 
202500 	 0.6667213 
203000 	 0.739845 
203500 	 0.7402105 
204000 	 0.761243 
204500 	 0.5430307 
205000 	 0.7232363 
205500 	 0.8341907 
206000 	 0.6306458 
206500 	 0.7440036 
207000 	 0.737593 
207500 	 0.7041154 
208000 	 0.5789238 
208500 	 0.5699343 
209000 	 0.6937344 
209500 	 0.7285931 
210000 	 0.6413616 
210500 	 0.4950069 
211000 	 0.5607329 
211500 	 0.715684 
212000 	 0.835777 
212500 	 0.7910558 
213000 	 0.5928149 
213500 	 0.6706318 
214000 	 0.7604687 
214500 	 0.8465572 
215000 	 0.7033552 
215500 	 0.7467077 
216000 	 0.8177639 
216500 	 0.7408913 
217000 	 0.5748181 
217500 	 0.617422 
218000 	 0.825646 
218500 	 0.7029973 
219000 	 0.5236284 
219500 	 0.5352268 
220000 	 0.7031641 
220500 	 0.7227667 
221000 	 0.6746391 
221500 	 0.6922694 
222000 	 0.6110059 
222500 	 0.7225963 
223000 	 0.7100577 
223500 	 0.7041883 
224000 	 0.8282022 
224500 	 0.7118005 
225000 	 0.6407505 
225500 	 0.7019099 
226000 	 0.6055583 
226500 	 0.5669104 
227000 	 0.6819008 
227500 	 0.5924002 
228000 	 0.8462796 
228500 	 0.678454 
229000 	 0.6717203 
229500 	 0.7022167 
230000 	 0.7094217 
230500 	 0.7696594 
231000 	 0.8873871 
231500 	 0.6813832 
232000 	 0.6301981 
232500 	 0.7072345 
233000 	 0.5857625 
233500 	 0.7102844 
234000 	 0.6293984 
234500 	 0.6995148 
235000 	 0.5468142 
235500 	 0.6262297 
236000 	 0.6944883 
236500 	 0.6055922 
237000 	 0.6452955 
237500 	 0.63206 
238000 	 0.6616617 
238500 	 0.678484 
239000 	 0.8140382 
239500 	 0.7959406 
240000 	 0.4805475 
240500 	 0.8077196 
241000 	 0.6901747 
241500 	 0.8491852 
242000 	 0.6206595 
242500 	 0.5173782 
243000 	 0.7004558 
243500 	 0.6485913 
244000 	 0.6715948 
244500 	 0.7257102 
245000 	 0.6876423 
245500 	 0.6779237 
246000 	 0.6784785 
246500 	 0.7306015 
247000 	 0.5117529 
247500 	 0.6769165 
248000 	 0.6396364 
248500 	 0.7694674 
249000 	 0.6922856 
249500 	 0.7609286 
250000 	 0.7952885 
250500 	 0.6659996 
251000 	 0.8049694 
251500 	 0.7226669 
252000 	 0.6796446 
252500 	 0.7636162 
253000 	 0.7651478 
253500 	 0.7478333 
254000 	 0.7822879 
254500 	 0.6830731 
255000 	 0.6579106 
255500 	 0.5782476 
256000 	 0.7000261 
256500 	 0.539984 
257000 	 0.6567161 
257500 	 0.7349439 
258000 	 0.7084831 
258500 	 0.7143774 
259000 	 0.7790331 
259500 	 0.774222 
260000 	 0.8190872 
260500 	 0.7454363 
261000 	 0.8473197 
261500 	 0.6848201 
262000 	 0.6072833 
262500 	 0.7127705 
263000 	 0.70477 
263500 	 0.6800994 
264000 	 0.6296893 
264500 	 0.5133175 
265000 	 0.6934274 
265500 	 0.676527 
266000 	 0.7585307 
266500 	 0.7222274 
267000 	 0.7612554 
267500 	 0.5825079 
268000 	 0.6459966 
268500 	 0.7439518 
269000 	 0.6177238 
269500 	 0.8392152 
270000 	 0.6536083 
270500 	 0.6140734 
271000 	 0.7539731 
271500 	 0.70592 
272000 	 0.5647046 
272500 	 0.7368199 
273000 	 0.6544179 
273500 	 0.6392208 
274000 	 0.7835827 
274500 	 0.76853 
275000 	 0.5802201 
275500 	 0.643693 
276000 	 0.7412688 
276500 	 0.7250795 
277000 	 0.7386982 
277500 	 0.8340176 
278000 	 0.7271188 
278500 	 0.8049326 
279000 	 0.7748547 
279500 	 0.7708059 
280000 	 0.6730761 
280500 	 0.7510921 
281000 	 0.5493876 
281500 	 0.521212 
282000 	 0.7453561 
282500 	 0.7300367 
283000 	 0.7491557 
283500 	 0.7783379 
284000 	 0.8300011 
284500 	 0.556408 
285000 	 0.8437969 
285500 	 0.8175217 
286000 	 0.7167843 
286500 	 0.6886612 
287000 	 0.6370068 
287500 	 0.7700319 
288000 	 0.6181252 
288500 	 0.7166375 
289000 	 0.6884873 
289500 	 0.5947684 
290000 	 0.8853304 
290500 	 0.7754799 
291000 	 0.5321827 
291500 	 0.6283055 
292000 	 0.6897996 
292500 	 0.7726115 
293000 	 0.7317123 
293500 	 0.5374291 
294000 	 0.6150712 
294500 	 0.7801358 
295000 	 0.7666229 
295500 	 0.6747317 
296000 	 0.7356344 
296500 	 0.4900822 
297000 	 0.7444774 
297500 	 0.6738402 
298000 	 0.6699339 
298500 	 0.6435264 
299000 	 0.7007535 
299500 	 0.6018542 
300000 	 0.7162006 
300500 	 0.6897791 
301000 	 0.7232303 
301500 	 0.6922975 
302000 	 0.7993598 
302500 	 0.6115367 
303000 	 0.74027 
303500 	 0.7271768 
304000 	 0.7017748 
304500 	 0.7303964 
305000 	 0.6117093 
305500 	 0.5766984 
306000 	 0.6285493 
306500 	 0.8012069 
307000 	 0.7342232 
307500 	 0.718756 
308000 	 0.635676 
308500 	 0.8248988 
309000 	 0.633338 
309500 	 0.6748406 
310000 	 0.6488174 
310500 	 0.7345636 
311000 	 0.5528236 
311500 	 0.7687217 
312000 	 0.6826212 
312500 	 0.7870366 
313000 	 0.6414849 
313500 	 0.6880309 
314000 	 0.5110428 
314500 	 0.6313335 
315000 	 0.6432609 
315500 	 0.6881251 
316000 	 0.6518908 
316500 	 0.6721518 
317000 	 0.7097056 
317500 	 0.716795 
318000 	 0.770536 
318500 	 0.6905781 
319000 	 0.7970668 
319500 	 0.6512518 
320000 	 0.8215615 
320500 	 0.7743859 
321000 	 0.7406191 
321500 	 0.5541707 
322000 	 0.671164 
322500 	 0.650361 
323000 	 0.7467948 
323500 	 0.7552897 
324000 	 0.735501 
324500 	 0.839511 
325000 	 0.7946388 
325500 	 0.6591402 
326000 	 0.6994252 
326500 	 0.6795026 
327000 	 0.5956226 
327500 	 0.6832333 
328000 	 0.6783291 
328500 	 0.6785708 
329000 	 0.7001032 
329500 	 0.8067797 
330000 	 0.5379618 
330500 	 0.5280849 
331000 	 0.6880827 
331500 	 0.6908836 
332000 	 0.6775554 
332500 	 0.7710296 
333000 	 0.6254886 
333500 	 0.684309 
334000 	 0.6861608 
334500 	 0.7569033 
335000 	 0.7621565 
335500 	 0.6769126 
336000 	 0.6364473 
336500 	 0.6515311 
337000 	 0.7483508 
337500 	 0.8403767 
338000 	 0.7410248 
338500 	 0.5517201 
339000 	 0.637107 
339500 	 0.6060224 
340000 	 0.8083454 
340500 	 0.7330357 
341000 	 0.6840576 
341500 	 0.5957476 
342000 	 0.6825614 
342500 	 0.713327 
343000 	 0.5150135 
343500 	 0.7315385 
344000 	 0.6463324 
344500 	 0.5718532 
345000 	 0.6461578 
345500 	 0.818841 
346000 	 0.6587116 
346500 	 0.6967638 
347000 	 0.749524 
347500 	 0.8472963 
348000 	 0.7740549 
348500 	 0.7559831 
349000 	 0.6693161 
349500 	 0.554983 
350000 	 0.7362021 
350500 	 0.815162 
351000 	 0.6620661 
351500 	 0.5749467 
352000 	 0.758789 
352500 	 0.6706249 
353000 	 0.8129229 
353500 	 0.6877855 
354000 	 0.519043 
354500 	 0.7193084 
355000 	 0.8535022 
355500 	 0.8079728 
356000 	 0.7601201 
356500 	 0.613879 
357000 	 0.8621071 
357500 	 0.7024572 
358000 	 0.5073329 
358500 	 0.6320277 
359000 	 0.61323 
359500 	 0.857205 
360000 	 0.7481209 
360500 	 0.7892914 
361000 	 0.5813468 
361500 	 0.7906775 
362000 	 0.7767223 
362500 	 0.7579112 
363000 	 0.8533249 
363500 	 0.5812329 
364000 	 0.6714186 
364500 	 0.7490682 
365000 	 0.7024021 
365500 	 0.7492734 
366000 	 0.6617179 
366500 	 0.7730532 
367000 	 0.6610739 
367500 	 0.6736972 
368000 	 0.6556274 
368500 	 0.7620342 
369000 	 0.7910381 
369500 	 0.6783976 
370000 	 0.8367732 
370500 	 0.5008529 
371000 	 0.7938339 
371500 	 0.5257477 
372000 	 0.699669 
372500 	 0.6521347 
373000 	 0.4477658 
373500 	 0.5543619 
374000 	 0.6673577 
374500 	 0.700431 
375000 	 0.8014766 
375500 	 0.6358204 
376000 	 0.6400743 
376500 	 0.6135984 
377000 	 0.8310153 
377500 	 0.6904262 
378000 	 0.7259025 
378500 	 0.7280161 
379000 	 0.5258018 
379500 	 0.7224193 
380000 	 0.6814477 
380500 	 0.6706019 
381000 	 0.8332614 
381500 	 0.6751532 
382000 	 0.5453276 
382500 	 0.7011285 
383000 	 0.7240741 
383500 	 0.7184169 
384000 	 0.9111075 
384500 	 0.7008714 
385000 	 0.5952442 
385500 	 0.6755417 
386000 	 0.6617538 
386500 	 0.6717664 
387000 	 0.7180783 
387500 	 0.7900794 
388000 	 0.6330828 
388500 	 0.6243379 
389000 	 0.5890035 
389500 	 0.7411 
390000 	 0.5667925 
390500 	 0.6305677 
391000 	 0.7110391 
391500 	 0.6134899 
392000 	 0.7253342 
392500 	 0.6223221 
393000 	 0.6499365 
393500 	 0.7265292 
394000 	 0.6878007 
394500 	 0.7090818 
395000 	 0.8172584 
395500 	 0.5362705 
396000 	 0.6734273 
396500 	 0.5970709 
397000 	 0.6629754 
397500 	 0.7404239 
398000 	 0.6345827 
398500 	 0.6387223 
399000 	 0.8199482 
399500 	 0.660446 
400000 	 0.7029818 
400500 	 0.6303237 
401000 	 0.556504 
401500 	 0.650373 
402000 	 0.6559634 
402500 	 0.6965989 
403000 	 0.6581314 
403500 	 0.6788147 
404000 	 0.7912408 
404500 	 0.6703186 
405000 	 0.7331895 
405500 	 0.7204358 
406000 	 0.8066825 
406500 	 0.6495196 
407000 	 0.8052876 
407500 	 0.6849165 
408000 	 0.7157422 
408500 	 0.7974185 
409000 	 0.5549484 
409500 	 0.7713139 
410000 	 0.5708953 
410500 	 0.6638829 
411000 	 0.7522519 
411500 	 0.7166629 
412000 	 0.7562331 
412500 	 0.6570727 
413000 	 0.8068001 
413500 	 0.6979626 
414000 	 0.7176159 
414500 	 0.7816736 
415000 	 0.8324217 
415500 	 0.804931 
416000 	 0.7659027 
416500 	 0.6990719 
417000 	 0.7525437 
417500 	 0.7358132 
418000 	 0.6861444 
418500 	 0.8430699 
419000 	 0.7021595 
419500 	 0.6701002 
420000 	 0.7369445 
420500 	 0.5956362 
421000 	 0.653839 
421500 	 0.7552704 
422000 	 0.6196495 
422500 	 0.6922851 
423000 	 0.7199727 
423500 	 0.5954597 
424000 	 0.7148324 
424500 	 0.5796279 
425000 	 0.8048603 
425500 	 0.700685 
426000 	 0.5939039 
426500 	 0.7368114 
427000 	 0.7476393 
427500 	 0.7579228 
428000 	 0.641305 
428500 	 0.6381507 
429000 	 0.6869941 
429500 	 0.6851087 
430000 	 0.6808862 
430500 	 0.7818562 
431000 	 0.4556107 
431500 	 0.8382455 
432000 	 0.7611034 
432500 	 0.655113 
433000 	 0.6150426 
433500 	 0.6850737 
434000 	 0.4861676 
434500 	 0.6755823 
435000 	 0.7104306 
435500 	 0.7944543 
436000 	 0.7616672 
436500 	 0.7229482 
437000 	 0.677086 
437500 	 0.5953349 
438000 	 0.6303583 
438500 	 0.6576191 
439000 	 0.5087416 
439500 	 0.6058928 
440000 	 0.7851617 
440500 	 0.7074952 
441000 	 0.6674394 
441500 	 0.6945617 
442000 	 0.7607386 
442500 	 0.7682238 
443000 	 0.5880059 
443500 	 0.7267769 
444000 	 0.784851 
444500 	 0.6638022 
445000 	 0.7199182 
445500 	 0.8302384 
446000 	 0.8045931 
446500 	 0.5412762 
447000 	 0.7485489 
447500 	 0.7967132 
448000 	 0.7221101 
448500 	 0.7723167 
449000 	 0.6422841 
449500 	 0.6264994 
450000 	 0.683411 
450500 	 0.7272743 
451000 	 0.7227441 
451500 	 0.7097207 
452000 	 0.6026282 
452500 	 0.6958763 
453000 	 0.8005864 
453500 	 0.8225055 
454000 	 0.7512035 
454500 	 0.7339523 
455000 	 0.8832341 
455500 	 0.6178056 
456000 	 0.8846958 
456500 	 0.6448235 
457000 	 0.7194946 
457500 	 0.6482972 
458000 	 0.77853 
458500 	 0.7795349 
459000 	 0.7147224 
459500 	 0.7714016 
460000 	 0.6197072 
460500 	 0.74659 
461000 	 0.7023365 
461500 	 0.7643837 
462000 	 0.7738903 
462500 	 0.7437279 
463000 	 0.7975381 
463500 	 0.5770968 
464000 	 0.8248507 
464500 	 0.7621052 
465000 	 0.722575 
465500 	 0.619493 
466000 	 0.7858705 
466500 	 0.6367222 
467000 	 0.744336 
467500 	 0.6996513 
468000 	 0.7093518 
468500 	 0.7380636 
469000 	 0.799341 
469500 	 0.851057 
470000 	 0.6066392 
470500 	 0.6695201 
471000 	 0.5786297 
471500 	 0.6663847 
472000 	 0.6327396 
472500 	 0.8263343 
473000 	 0.6695491 
473500 	 0.7408852 
474000 	 0.6977371 
474500 	 0.732853 
475000 	 0.6021735 
475500 	 0.6805266 
476000 	 0.8607993 
476500 	 0.7512955 
477000 	 0.614359 
477500 	 0.5939158 
478000 	 0.7641699 
478500 	 0.8206216 
479000 	 0.6172105 
479500 	 0.7295245 
480000 	 0.8237974 
480500 	 0.6362252 
481000 	 0.6858013 
481500 	 0.7980385 
482000 	 0.8242226 
482500 	 0.5440432 
483000 	 0.7852996 
483500 	 0.5992281 
484000 	 0.6026329 
484500 	 0.6564764 
485000 	 0.6474556 
485500 	 0.4288309 
486000 	 0.6497151 
486500 	 0.5794341 
487000 	 0.6252721 
487500 	 0.697932 
488000 	 0.6968337 
488500 	 0.761634 
489000 	 0.7732021 
489500 	 0.5594897 
490000 	 0.7472176 
490500 	 0.7263843 
491000 	 0.7818692 
491500 	 0.5974154 
492000 	 0.7196714 
492500 	 0.6944551 
493000 	 0.7952162 
493500 	 0.6025625 
494000 	 0.7122492 
494500 	 0.7729661 
495000 	 0.7259692 
495500 	 0.7729793 
496000 	 0.7380443 
496500 	 0.661038 
497000 	 0.5520838 
497500 	 0.691686 
498000 	 0.6894978 
498500 	 0.8316324 
499000 	 0.7240889 
499500 	 0.7603918 
500000 	 0.8115775 
