iter 	 p
500 	 0.7086812 
1000 	 0.6832526 
1500 	 0.8123428 
2000 	 0.6369324 
2500 	 0.7842255 
3000 	 0.7923789 
3500 	 0.7512238 
4000 	 0.5980903 
4500 	 0.7825042 
5000 	 0.6997711 
5500 	 0.8396542 
6000 	 0.7446495 
6500 	 0.705947 
7000 	 0.758676 
7500 	 0.7791195 
8000 	 0.7767151 
8500 	 0.8337118 
9000 	 0.7601011 
9500 	 0.6417811 
10000 	 0.6655295 
10500 	 0.7172409 
11000 	 0.774138 
11500 	 0.8147933 
12000 	 0.8196325 
12500 	 0.8438457 
13000 	 0.7256516 
13500 	 0.727198 
14000 	 0.7754773 
14500 	 0.7228982 
15000 	 0.7497833 
15500 	 0.6087022 
16000 	 0.6408125 
16500 	 0.8272802 
17000 	 0.653809 
17500 	 0.8085475 
18000 	 0.8316547 
18500 	 0.8464786 
19000 	 0.6966377 
19500 	 0.7689817 
20000 	 0.7738273 
20500 	 0.7156334 
21000 	 0.710376 
21500 	 0.7605728 
22000 	 0.8546043 
22500 	 0.7013517 
23000 	 0.6476325 
23500 	 0.7768588 
24000 	 0.6444107 
24500 	 0.7394873 
25000 	 0.7636843 
25500 	 0.8585636 
26000 	 0.7066646 
26500 	 0.6789157 
27000 	 0.6697273 
27500 	 0.7648914 
28000 	 0.6022547 
28500 	 0.7711014 
29000 	 0.8087624 
29500 	 0.7748311 
30000 	 0.8228115 
30500 	 0.6833691 
31000 	 0.8494526 
31500 	 0.7142406 
32000 	 0.8497166 
32500 	 0.7683396 
33000 	 0.8011579 
33500 	 0.8354299 
34000 	 0.6012245 
34500 	 0.8261455 
35000 	 0.7181881 
35500 	 0.7664601 
36000 	 0.7138692 
36500 	 0.905701 
37000 	 0.7691856 
37500 	 0.6229198 
38000 	 0.7326605 
38500 	 0.7177451 
39000 	 0.6808039 
39500 	 0.8743033 
40000 	 0.7902552 
40500 	 0.7399812 
41000 	 0.6818302 
41500 	 0.7573526 
42000 	 0.7987585 
42500 	 0.747832 
43000 	 0.7916285 
43500 	 0.697544 
44000 	 0.6913174 
44500 	 0.6683972 
45000 	 0.7554409 
45500 	 0.7144785 
46000 	 0.7368631 
46500 	 0.6417753 
47000 	 0.6863129 
47500 	 0.7666066 
48000 	 0.8739062 
48500 	 0.7978112 
49000 	 0.819088 
49500 	 0.7481494 
50000 	 0.6153199 
50500 	 0.8649833 
51000 	 0.7240532 
51500 	 0.5633561 
52000 	 0.6365252 
52500 	 0.82704 
53000 	 0.6640798 
53500 	 0.8460736 
54000 	 0.7999711 
54500 	 0.6251818 
55000 	 0.7413854 
55500 	 0.7641872 
56000 	 0.6584315 
56500 	 0.62955 
57000 	 0.7891641 
57500 	 0.7654566 
58000 	 0.766131 
58500 	 0.7435323 
59000 	 0.8186383 
59500 	 0.7651029 
60000 	 0.7903077 
60500 	 0.842705 
61000 	 0.8384831 
61500 	 0.6547185 
62000 	 0.7363622 
62500 	 0.7787831 
63000 	 0.8882327 
63500 	 0.7684295 
64000 	 0.6998859 
64500 	 0.8283941 
65000 	 0.6996457 
65500 	 0.7707754 
66000 	 0.747841 
66500 	 0.7852071 
67000 	 0.7482798 
67500 	 0.7372868 
68000 	 0.6930195 
68500 	 0.7653456 
69000 	 0.7402959 
69500 	 0.6185375 
70000 	 0.6777684 
70500 	 0.8100652 
71000 	 0.6966584 
71500 	 0.70499 
72000 	 0.7900445 
72500 	 0.67331 
73000 	 0.7262702 
73500 	 0.8866665 
74000 	 0.7935299 
74500 	 0.8217708 
75000 	 0.7843681 
75500 	 0.7143264 
76000 	 0.6723544 
76500 	 0.8255421 
77000 	 0.8028196 
77500 	 0.6968071 
78000 	 0.8280097 
78500 	 0.8180937 
79000 	 0.7536298 
79500 	 0.8229427 
80000 	 0.8743743 
80500 	 0.8450524 
81000 	 0.8700642 
81500 	 0.7356306 
82000 	 0.6543497 
82500 	 0.681794 
83000 	 0.6454432 
83500 	 0.7734746 
84000 	 0.8294407 
84500 	 0.8233142 
85000 	 0.7877488 
85500 	 0.7367365 
86000 	 0.8560465 
86500 	 0.739202 
87000 	 0.7552481 
87500 	 0.8513897 
88000 	 0.8569993 
88500 	 0.7835746 
89000 	 0.6690927 
89500 	 0.7607622 
90000 	 0.7140672 
90500 	 0.7993619 
91000 	 0.6346047 
91500 	 0.7389497 
92000 	 0.7211239 
92500 	 0.6046655 
93000 	 0.7759535 
93500 	 0.6340097 
94000 	 0.7579223 
94500 	 0.8581898 
95000 	 0.6114317 
95500 	 0.9307052 
96000 	 0.6427616 
96500 	 0.7638352 
97000 	 0.7416518 
97500 	 0.7303898 
98000 	 0.6442828 
98500 	 0.7019056 
99000 	 0.6989738 
99500 	 0.6857383 
100000 	 0.69655 
100500 	 0.786455 
101000 	 0.7437792 
101500 	 0.798489 
102000 	 0.697108 
102500 	 0.7058888 
103000 	 0.8134442 
103500 	 0.7683502 
104000 	 0.773325 
104500 	 0.7358221 
105000 	 0.7432676 
105500 	 0.8813056 
106000 	 0.8222104 
106500 	 0.7907911 
107000 	 0.7174861 
107500 	 0.7355347 
108000 	 0.9198199 
108500 	 0.7248085 
109000 	 0.8152844 
109500 	 0.8044116 
110000 	 0.8402918 
110500 	 0.8540595 
111000 	 0.8108088 
111500 	 0.6827943 
112000 	 0.6778685 
112500 	 0.7874663 
113000 	 0.7721573 
113500 	 0.6396673 
114000 	 0.883857 
114500 	 0.8109994 
115000 	 0.7975472 
115500 	 0.7475407 
116000 	 0.7384896 
116500 	 0.7536777 
117000 	 0.7740782 
117500 	 0.7518716 
118000 	 0.7357147 
118500 	 0.6643414 
119000 	 0.7774063 
119500 	 0.635702 
120000 	 0.6890892 
120500 	 0.702519 
121000 	 0.8815225 
121500 	 0.6593945 
122000 	 0.6516012 
122500 	 0.772791 
123000 	 0.7106022 
123500 	 0.8785922 
124000 	 0.6986142 
124500 	 0.6546049 
125000 	 0.8543005 
125500 	 0.6938241 
126000 	 0.6396271 
126500 	 0.6592055 
127000 	 0.5880246 
127500 	 0.6810928 
128000 	 0.7000605 
128500 	 0.728468 
129000 	 0.876853 
129500 	 0.8367827 
130000 	 0.6910215 
130500 	 0.769885 
131000 	 0.8000042 
131500 	 0.7297647 
132000 	 0.8147387 
132500 	 0.8096124 
133000 	 0.761963 
133500 	 0.811066 
134000 	 0.8258119 
134500 	 0.6950004 
135000 	 0.8908225 
135500 	 0.743024 
136000 	 0.817247 
136500 	 0.6826462 
137000 	 0.7306765 
137500 	 0.8626739 
138000 	 0.6362185 
138500 	 0.8723985 
139000 	 0.7983209 
139500 	 0.7560437 
140000 	 0.881959 
140500 	 0.7522002 
141000 	 0.8108556 
141500 	 0.7834402 
142000 	 0.7710959 
142500 	 0.7039426 
143000 	 0.6754649 
143500 	 0.8007133 
144000 	 0.7078636 
144500 	 0.7692448 
145000 	 0.6983482 
145500 	 0.592807 
146000 	 0.688212 
146500 	 0.8620224 
147000 	 0.7717482 
147500 	 0.8041848 
148000 	 0.756722 
148500 	 0.7622589 
149000 	 0.82861 
149500 	 0.7064994 
150000 	 0.7229701 
150500 	 0.7262585 
151000 	 0.8459116 
151500 	 0.7827719 
152000 	 0.8112816 
152500 	 0.715093 
153000 	 0.7543982 
153500 	 0.6841922 
154000 	 0.7705513 
154500 	 0.737282 
155000 	 0.8095533 
155500 	 0.634807 
156000 	 0.7364902 
156500 	 0.8261725 
157000 	 0.7432446 
157500 	 0.7242301 
158000 	 0.7107274 
158500 	 0.692162 
159000 	 0.6717129 
159500 	 0.8267851 
160000 	 0.7385328 
160500 	 0.7051307 
161000 	 0.7201724 
161500 	 0.7007628 
162000 	 0.7169625 
162500 	 0.7991745 
163000 	 0.7400735 
163500 	 0.7462866 
164000 	 0.5807647 
164500 	 0.8227006 
165000 	 0.8709546 
165500 	 0.800386 
166000 	 0.8397591 
166500 	 0.7495145 
167000 	 0.7559078 
167500 	 0.7449354 
168000 	 0.7546469 
168500 	 0.7355601 
169000 	 0.7416904 
169500 	 0.741196 
170000 	 0.7243675 
170500 	 0.7378201 
171000 	 0.7880566 
171500 	 0.8309214 
172000 	 0.5487554 
172500 	 0.6653737 
173000 	 0.7239112 
173500 	 0.8124761 
174000 	 0.7443359 
174500 	 0.7566708 
175000 	 0.799355 
175500 	 0.6370728 
176000 	 0.6590511 
176500 	 0.7739603 
177000 	 0.7317358 
177500 	 0.7786223 
178000 	 0.705324 
178500 	 0.7602686 
179000 	 0.6829711 
179500 	 0.748761 
180000 	 0.7922903 
180500 	 0.7824457 
181000 	 0.7536838 
181500 	 0.8296912 
182000 	 0.8346415 
182500 	 0.7567637 
183000 	 0.8893738 
183500 	 0.7224879 
184000 	 0.6173086 
184500 	 0.7825041 
185000 	 0.8038966 
185500 	 0.7034391 
186000 	 0.6926755 
186500 	 0.7490349 
187000 	 0.7595587 
187500 	 0.7237986 
188000 	 0.8007215 
188500 	 0.545674 
189000 	 0.7195431 
189500 	 0.8464467 
190000 	 0.7784811 
190500 	 0.6786325 
191000 	 0.7608666 
191500 	 0.7097422 
192000 	 0.7941847 
192500 	 0.8025719 
193000 	 0.7404039 
193500 	 0.6949198 
194000 	 0.7205462 
194500 	 0.7783059 
195000 	 0.7960097 
195500 	 0.7759931 
196000 	 0.7786883 
196500 	 0.8156763 
197000 	 0.8130184 
197500 	 0.7155051 
198000 	 0.692324 
198500 	 0.7717644 
199000 	 0.7077874 
199500 	 0.6899328 
200000 	 0.8353299 
200500 	 0.7093862 
201000 	 0.787631 
201500 	 0.7080471 
202000 	 0.657584 
202500 	 0.6838372 
203000 	 0.7877781 
203500 	 0.7675647 
204000 	 0.8217613 
204500 	 0.7577397 
205000 	 0.7106428 
205500 	 0.6652998 
206000 	 0.7214772 
206500 	 0.8691228 
207000 	 0.7914797 
207500 	 0.7360136 
208000 	 0.7434601 
208500 	 0.7652414 
209000 	 0.7722654 
209500 	 0.7770324 
210000 	 0.7417596 
210500 	 0.7631686 
211000 	 0.8228984 
211500 	 0.8252524 
212000 	 0.7525327 
212500 	 0.7735662 
213000 	 0.8111737 
213500 	 0.6974729 
214000 	 0.7538475 
214500 	 0.846128 
215000 	 0.7251301 
215500 	 0.6808667 
216000 	 0.7892608 
216500 	 0.7234961 
217000 	 0.6326136 
217500 	 0.7025027 
218000 	 0.8045253 
218500 	 0.8567666 
219000 	 0.6878819 
219500 	 0.7107794 
220000 	 0.6804382 
220500 	 0.7309983 
221000 	 0.7280523 
221500 	 0.7469126 
222000 	 0.7458622 
222500 	 0.7156427 
223000 	 0.7858259 
223500 	 0.6522452 
224000 	 0.7279255 
224500 	 0.7733681 
225000 	 0.7870343 
225500 	 0.8704615 
226000 	 0.889348 
226500 	 0.8338547 
227000 	 0.753755 
227500 	 0.7162218 
228000 	 0.8353568 
228500 	 0.6856602 
229000 	 0.6577115 
229500 	 0.658149 
230000 	 0.7953939 
230500 	 0.7048855 
231000 	 0.7674498 
231500 	 0.7835032 
232000 	 0.6297745 
232500 	 0.7056052 
233000 	 0.8198504 
233500 	 0.7812728 
234000 	 0.7534877 
234500 	 0.7504307 
235000 	 0.8114434 
235500 	 0.7620631 
236000 	 0.7937176 
236500 	 0.8115913 
237000 	 0.7902644 
237500 	 0.8587696 
238000 	 0.8020859 
238500 	 0.6301568 
239000 	 0.7750016 
239500 	 0.8481768 
240000 	 0.7658671 
240500 	 0.8454089 
241000 	 0.6741633 
241500 	 0.7644913 
242000 	 0.7489356 
242500 	 0.6014073 
243000 	 0.7679401 
243500 	 0.6776793 
244000 	 0.7830695 
244500 	 0.6947775 
245000 	 0.6881275 
245500 	 0.7920025 
246000 	 0.6175551 
246500 	 0.8035035 
247000 	 0.5957329 
247500 	 0.7353196 
248000 	 0.7823026 
248500 	 0.6618353 
249000 	 0.6774313 
249500 	 0.554587 
250000 	 0.7314984 
250500 	 0.7494248 
251000 	 0.7206356 
251500 	 0.8040579 
252000 	 0.7259043 
252500 	 0.7043463 
253000 	 0.8294352 
253500 	 0.7191552 
254000 	 0.8543947 
254500 	 0.7330619 
255000 	 0.8218984 
255500 	 0.7320855 
256000 	 0.7202831 
256500 	 0.8797316 
257000 	 0.875259 
257500 	 0.7871326 
258000 	 0.7203416 
258500 	 0.8054075 
259000 	 0.6836611 
259500 	 0.7418657 
260000 	 0.6349943 
260500 	 0.7360737 
261000 	 0.7573214 
261500 	 0.6082483 
262000 	 0.7573022 
262500 	 0.8113694 
263000 	 0.8810936 
263500 	 0.9232012 
264000 	 0.7206399 
264500 	 0.8258035 
265000 	 0.6974244 
265500 	 0.7121639 
266000 	 0.7097815 
266500 	 0.7746463 
267000 	 0.6601264 
267500 	 0.6588248 
268000 	 0.8701525 
268500 	 0.8029013 
269000 	 0.579453 
269500 	 0.8704779 
270000 	 0.8117388 
270500 	 0.7805083 
271000 	 0.8384619 
271500 	 0.8155418 
272000 	 0.6984921 
272500 	 0.7251921 
273000 	 0.7639719 
273500 	 0.7367255 
274000 	 0.6619152 
274500 	 0.6564423 
275000 	 0.7728539 
275500 	 0.7834036 
276000 	 0.6532618 
276500 	 0.8834587 
277000 	 0.7929896 
277500 	 0.7991775 
278000 	 0.6538776 
278500 	 0.666865 
279000 	 0.7957989 
279500 	 0.8224041 
280000 	 0.6297511 
280500 	 0.797994 
281000 	 0.8465737 
281500 	 0.7883331 
282000 	 0.7390682 
282500 	 0.7892482 
283000 	 0.7293075 
283500 	 0.5249171 
284000 	 0.7281475 
284500 	 0.7278912 
285000 	 0.7261952 
285500 	 0.8282171 
286000 	 0.6771575 
286500 	 0.7525721 
287000 	 0.6875158 
287500 	 0.8783201 
288000 	 0.7149677 
288500 	 0.685083 
289000 	 0.7299848 
289500 	 0.6417209 
290000 	 0.7753582 
290500 	 0.6897841 
291000 	 0.8349587 
291500 	 0.6991456 
292000 	 0.644639 
292500 	 0.7404766 
293000 	 0.8701834 
293500 	 0.7029561 
294000 	 0.721989 
294500 	 0.7974488 
295000 	 0.6645342 
295500 	 0.7155209 
296000 	 0.807351 
296500 	 0.7835892 
297000 	 0.7828679 
297500 	 0.7621158 
298000 	 0.7584901 
298500 	 0.754197 
299000 	 0.7682252 
299500 	 0.8266066 
300000 	 0.7407087 
300500 	 0.6885634 
301000 	 0.732348 
301500 	 0.8029426 
302000 	 0.8198287 
302500 	 0.8284058 
303000 	 0.7894059 
303500 	 0.7748928 
304000 	 0.6683369 
304500 	 0.7771392 
305000 	 0.757131 
305500 	 0.7147264 
306000 	 0.7200676 
306500 	 0.7354412 
307000 	 0.7417703 
307500 	 0.8276113 
308000 	 0.7178407 
308500 	 0.6057653 
309000 	 0.7924263 
309500 	 0.7430268 
310000 	 0.6867495 
310500 	 0.8381634 
311000 	 0.70001 
311500 	 0.8004765 
312000 	 0.7661887 
312500 	 0.5921046 
313000 	 0.7469124 
313500 	 0.7709122 
314000 	 0.8119732 
314500 	 0.7640141 
315000 	 0.8215852 
315500 	 0.8162416 
316000 	 0.6493413 
316500 	 0.8042867 
317000 	 0.832371 
317500 	 0.6487149 
318000 	 0.7708459 
318500 	 0.5410069 
319000 	 0.7617407 
319500 	 0.7870305 
320000 	 0.7318366 
320500 	 0.9001433 
321000 	 0.7774776 
321500 	 0.757706 
322000 	 0.8398392 
322500 	 0.746349 
323000 	 0.7059488 
323500 	 0.8170533 
324000 	 0.782034 
324500 	 0.7059298 
325000 	 0.5737458 
325500 	 0.7277819 
326000 	 0.6956115 
326500 	 0.7372818 
327000 	 0.6133391 
327500 	 0.7268613 
328000 	 0.7608211 
328500 	 0.7284841 
329000 	 0.7023818 
329500 	 0.8443404 
330000 	 0.7945984 
330500 	 0.8260133 
331000 	 0.7588566 
331500 	 0.4575353 
332000 	 0.6909873 
332500 	 0.7592901 
333000 	 0.8603302 
333500 	 0.5820337 
334000 	 0.7098371 
334500 	 0.8390547 
335000 	 0.6442658 
335500 	 0.6822539 
336000 	 0.7741706 
336500 	 0.8075057 
337000 	 0.6849089 
337500 	 0.7053563 
338000 	 0.8479337 
338500 	 0.8902952 
339000 	 0.8475849 
339500 	 0.8464282 
340000 	 0.8469085 
340500 	 0.8195933 
341000 	 0.7724766 
341500 	 0.8964087 
342000 	 0.8406895 
342500 	 0.8198709 
343000 	 0.7862672 
343500 	 0.4978463 
344000 	 0.5767197 
344500 	 0.7482041 
345000 	 0.7516174 
345500 	 0.7516784 
346000 	 0.8244048 
346500 	 0.7276498 
347000 	 0.9094893 
347500 	 0.6581001 
348000 	 0.8162056 
348500 	 0.8698841 
349000 	 0.7759449 
349500 	 0.7396335 
350000 	 0.7817119 
350500 	 0.8638616 
351000 	 0.7303392 
351500 	 0.7529591 
352000 	 0.749715 
352500 	 0.8789506 
353000 	 0.6851403 
353500 	 0.7462038 
354000 	 0.7884028 
354500 	 0.7174213 
355000 	 0.6202815 
355500 	 0.7582821 
356000 	 0.8242984 
356500 	 0.7676327 
357000 	 0.5799401 
357500 	 0.8048009 
358000 	 0.8158866 
358500 	 0.7666116 
359000 	 0.8059007 
359500 	 0.7760637 
360000 	 0.7107616 
360500 	 0.7665225 
361000 	 0.6168205 
361500 	 0.728744 
362000 	 0.7865608 
362500 	 0.625351 
363000 	 0.5859734 
363500 	 0.7547917 
364000 	 0.8299766 
364500 	 0.8452298 
365000 	 0.6752992 
365500 	 0.8347964 
366000 	 0.7337413 
366500 	 0.8332181 
367000 	 0.8456292 
367500 	 0.7845397 
368000 	 0.7795465 
368500 	 0.7270373 
369000 	 0.7736838 
369500 	 0.8523007 
370000 	 0.8055851 
370500 	 0.7951814 
371000 	 0.7204585 
371500 	 0.7733722 
372000 	 0.8561639 
372500 	 0.6215019 
373000 	 0.8242726 
373500 	 0.7935535 
374000 	 0.8631162 
374500 	 0.761252 
375000 	 0.7172732 
375500 	 0.8586383 
376000 	 0.7818403 
376500 	 0.7027645 
377000 	 0.7619129 
377500 	 0.7465303 
378000 	 0.7295111 
378500 	 0.6772836 
379000 	 0.7970615 
379500 	 0.8273906 
380000 	 0.8365641 
380500 	 0.7556444 
381000 	 0.7830691 
381500 	 0.880675 
382000 	 0.8870209 
382500 	 0.8740737 
383000 	 0.8631043 
383500 	 0.6991577 
384000 	 0.7698872 
384500 	 0.6953759 
385000 	 0.8095462 
385500 	 0.7367813 
386000 	 0.7471702 
386500 	 0.78298 
387000 	 0.6449179 
387500 	 0.666972 
388000 	 0.7912588 
388500 	 0.5545334 
389000 	 0.7940456 
389500 	 0.7961059 
390000 	 0.6955613 
390500 	 0.8431521 
391000 	 0.6642697 
391500 	 0.8823403 
392000 	 0.6747985 
392500 	 0.7173644 
393000 	 0.6998944 
393500 	 0.8289775 
394000 	 0.7888517 
394500 	 0.8467708 
395000 	 0.8337143 
395500 	 0.7853113 
396000 	 0.8413188 
396500 	 0.7685817 
397000 	 0.801468 
397500 	 0.7616357 
398000 	 0.8197256 
398500 	 0.7080676 
399000 	 0.667223 
399500 	 0.7069314 
400000 	 0.8704845 
400500 	 0.811142 
401000 	 0.8006754 
401500 	 0.6610123 
402000 	 0.8443985 
402500 	 0.7279989 
403000 	 0.7396944 
403500 	 0.8614184 
404000 	 0.7303003 
404500 	 0.7217041 
405000 	 0.6024562 
405500 	 0.6858727 
406000 	 0.6171934 
406500 	 0.8698793 
407000 	 0.6345346 
407500 	 0.7275762 
408000 	 0.8080637 
408500 	 0.7464672 
409000 	 0.5694678 
409500 	 0.80781 
410000 	 0.7692116 
410500 	 0.6836926 
411000 	 0.7842301 
411500 	 0.770586 
412000 	 0.7667946 
412500 	 0.8276707 
413000 	 0.6541301 
413500 	 0.7947086 
414000 	 0.6865314 
414500 	 0.7299065 
415000 	 0.7769537 
415500 	 0.7924733 
416000 	 0.7088841 
416500 	 0.7436831 
417000 	 0.8778706 
417500 	 0.5370495 
418000 	 0.5922219 
418500 	 0.8115388 
419000 	 0.6695696 
419500 	 0.6887293 
420000 	 0.5706615 
420500 	 0.8390733 
421000 	 0.7449238 
421500 	 0.7363435 
422000 	 0.7690575 
422500 	 0.7934327 
423000 	 0.7588336 
423500 	 0.655724 
424000 	 0.7869009 
424500 	 0.7398062 
425000 	 0.8143006 
425500 	 0.7388466 
426000 	 0.7875499 
426500 	 0.7299234 
427000 	 0.6847373 
427500 	 0.7854472 
428000 	 0.628259 
428500 	 0.8690941 
429000 	 0.7559271 
429500 	 0.7591343 
430000 	 0.7012483 
430500 	 0.5253383 
431000 	 0.742127 
431500 	 0.7574727 
432000 	 0.8573421 
432500 	 0.8003336 
433000 	 0.7750942 
433500 	 0.7529046 
434000 	 0.7314316 
434500 	 0.7688183 
435000 	 0.7178834 
435500 	 0.7186168 
436000 	 0.7046792 
436500 	 0.7638235 
437000 	 0.8411715 
437500 	 0.8305422 
438000 	 0.6760972 
438500 	 0.8215434 
439000 	 0.7827901 
439500 	 0.7723506 
440000 	 0.6549362 
440500 	 0.6813282 
441000 	 0.8414383 
441500 	 0.7523712 
442000 	 0.6625759 
442500 	 0.7924106 
443000 	 0.8315899 
443500 	 0.8814672 
444000 	 0.7202686 
444500 	 0.8549801 
445000 	 0.8283972 
445500 	 0.6706951 
446000 	 0.8878169 
446500 	 0.6560494 
447000 	 0.6448179 
447500 	 0.6823467 
448000 	 0.8284919 
448500 	 0.5751126 
449000 	 0.6986989 
449500 	 0.7353611 
450000 	 0.824518 
450500 	 0.7345018 
451000 	 0.8815724 
451500 	 0.7570105 
452000 	 0.9098419 
452500 	 0.7929628 
453000 	 0.7012947 
453500 	 0.7745824 
454000 	 0.6956163 
454500 	 0.8229968 
455000 	 0.7271391 
455500 	 0.799834 
456000 	 0.8027122 
456500 	 0.6904504 
457000 	 0.7377426 
457500 	 0.7643815 
458000 	 0.7251996 
458500 	 0.7838553 
459000 	 0.7823301 
459500 	 0.7974556 
460000 	 0.6730794 
460500 	 0.579471 
461000 	 0.776078 
461500 	 0.8138232 
462000 	 0.7721327 
462500 	 0.7012346 
463000 	 0.7129925 
463500 	 0.7664093 
464000 	 0.6091204 
464500 	 0.6391095 
465000 	 0.8756937 
465500 	 0.8051498 
466000 	 0.6095104 
466500 	 0.9228029 
467000 	 0.7868772 
467500 	 0.7529978 
468000 	 0.7454987 
468500 	 0.7947202 
469000 	 0.7750459 
469500 	 0.7548902 
470000 	 0.7711645 
470500 	 0.7193262 
471000 	 0.789648 
471500 	 0.8129555 
472000 	 0.8612231 
472500 	 0.752596 
473000 	 0.7164849 
473500 	 0.677925 
474000 	 0.6484031 
474500 	 0.7397042 
475000 	 0.7737442 
475500 	 0.6352993 
476000 	 0.6601865 
476500 	 0.8352754 
477000 	 0.6934664 
477500 	 0.868831 
478000 	 0.6671283 
478500 	 0.7658056 
479000 	 0.8088723 
479500 	 0.7602768 
480000 	 0.7442638 
480500 	 0.640563 
481000 	 0.6377548 
481500 	 0.7970281 
482000 	 0.5545126 
482500 	 0.6660318 
483000 	 0.5174813 
483500 	 0.8273745 
484000 	 0.7297085 
484500 	 0.717815 
485000 	 0.6657283 
485500 	 0.7730508 
486000 	 0.850193 
486500 	 0.7922111 
487000 	 0.7755577 
487500 	 0.7462659 
488000 	 0.7864915 
488500 	 0.7639002 
489000 	 0.7743395 
489500 	 0.9223744 
490000 	 0.8427334 
490500 	 0.7897015 
491000 	 0.7169881 
491500 	 0.6869905 
492000 	 0.7174903 
492500 	 0.8223561 
493000 	 0.861797 
493500 	 0.6771318 
494000 	 0.695197 
494500 	 0.7923303 
495000 	 0.8202169 
495500 	 0.6990688 
496000 	 0.7898879 
496500 	 0.8841969 
497000 	 0.8112578 
497500 	 0.6125967 
498000 	 0.7102378 
498500 	 0.7376815 
499000 	 0.7550535 
499500 	 0.7997079 
500000 	 0.6948352 
