iter 	 p
500 	 0.7925823 
1000 	 0.8367452 
1500 	 0.7490407 
2000 	 0.7385282 
2500 	 0.7907341 
3000 	 0.8383718 
3500 	 0.7859474 
4000 	 0.759443 
4500 	 0.6952077 
5000 	 0.7834748 
5500 	 0.7922637 
6000 	 0.8456583 
6500 	 0.7859765 
7000 	 0.8062139 
7500 	 0.6844934 
8000 	 0.8523311 
8500 	 0.7629079 
9000 	 0.780094 
9500 	 0.7993481 
10000 	 0.82638 
10500 	 0.773926 
11000 	 0.7773883 
11500 	 0.7103986 
12000 	 0.8233364 
12500 	 0.8757291 
13000 	 0.7289255 
13500 	 0.8462104 
14000 	 0.7858197 
14500 	 0.7542437 
15000 	 0.7912992 
15500 	 0.8249948 
16000 	 0.7862594 
16500 	 0.8554479 
17000 	 0.8054577 
17500 	 0.8535852 
18000 	 0.7284998 
18500 	 0.7391269 
19000 	 0.7841162 
19500 	 0.802039 
20000 	 0.8175001 
20500 	 0.8157435 
21000 	 0.8277302 
21500 	 0.7489098 
22000 	 0.7752907 
22500 	 0.8102977 
23000 	 0.7660554 
23500 	 0.7808335 
24000 	 0.8555173 
24500 	 0.7368063 
25000 	 0.8111207 
25500 	 0.7558481 
26000 	 0.7654079 
26500 	 0.8029651 
27000 	 0.7832769 
27500 	 0.800086 
28000 	 0.8493926 
28500 	 0.8936864 
29000 	 0.722082 
29500 	 0.7581549 
30000 	 0.7660756 
30500 	 0.7809833 
31000 	 0.8145247 
31500 	 0.8374051 
32000 	 0.7324056 
32500 	 0.7753416 
33000 	 0.844218 
33500 	 0.8565229 
34000 	 0.8224528 
34500 	 0.8108262 
35000 	 0.7916093 
35500 	 0.7978655 
36000 	 0.8286365 
36500 	 0.7222662 
37000 	 0.841471 
37500 	 0.8320715 
38000 	 0.8199369 
38500 	 0.7611779 
39000 	 0.7802911 
39500 	 0.7898527 
40000 	 0.8381105 
40500 	 0.8389153 
41000 	 0.7825669 
41500 	 0.7373411 
42000 	 0.7869634 
42500 	 0.8050844 
43000 	 0.7348815 
43500 	 0.8577298 
44000 	 0.7275038 
44500 	 0.8039768 
45000 	 0.8426542 
45500 	 0.824478 
46000 	 0.7242053 
46500 	 0.8688047 
47000 	 0.8262758 
47500 	 0.812453 
48000 	 0.855471 
48500 	 0.8503206 
49000 	 0.8109487 
49500 	 0.7456179 
50000 	 0.8559941 
50500 	 0.8281107 
51000 	 0.8083203 
51500 	 0.7863325 
52000 	 0.8291399 
52500 	 0.7695402 
53000 	 0.7039873 
53500 	 0.8005215 
54000 	 0.8184107 
54500 	 0.8517848 
55000 	 0.8201588 
55500 	 0.7719659 
56000 	 0.7974949 
56500 	 0.7950587 
57000 	 0.7895073 
57500 	 0.7963731 
58000 	 0.762367 
58500 	 0.8155022 
59000 	 0.8224582 
59500 	 0.880549 
60000 	 0.7028147 
60500 	 0.7043315 
61000 	 0.8323531 
61500 	 0.814314 
62000 	 0.7974884 
62500 	 0.8437721 
63000 	 0.7979984 
63500 	 0.8427739 
64000 	 0.7774933 
64500 	 0.8144237 
65000 	 0.8447173 
65500 	 0.7657034 
66000 	 0.7707266 
66500 	 0.8300017 
67000 	 0.8192077 
67500 	 0.7504235 
68000 	 0.9120817 
68500 	 0.8392021 
69000 	 0.8149804 
69500 	 0.8369117 
70000 	 0.7729165 
70500 	 0.8099925 
71000 	 0.8370071 
71500 	 0.8516498 
72000 	 0.8037688 
72500 	 0.7768518 
73000 	 0.7783797 
73500 	 0.8552154 
74000 	 0.6767403 
74500 	 0.8389198 
75000 	 0.8728375 
75500 	 0.7187662 
76000 	 0.8851134 
76500 	 0.8393674 
77000 	 0.7645696 
77500 	 0.7840191 
78000 	 0.8184844 
78500 	 0.7953301 
79000 	 0.8301482 
79500 	 0.7745308 
80000 	 0.8312207 
80500 	 0.8093606 
81000 	 0.7750283 
81500 	 0.8124538 
82000 	 0.7898777 
82500 	 0.7499671 
83000 	 0.7691908 
83500 	 0.8243245 
84000 	 0.8146261 
84500 	 0.8130453 
85000 	 0.8340211 
85500 	 0.7868099 
86000 	 0.8752529 
86500 	 0.8121256 
87000 	 0.8519026 
87500 	 0.8397232 
88000 	 0.7521479 
88500 	 0.7058376 
89000 	 0.7431993 
89500 	 0.7736151 
90000 	 0.8441048 
90500 	 0.8974475 
91000 	 0.7526537 
91500 	 0.7486705 
92000 	 0.775403 
92500 	 0.818087 
93000 	 0.7890398 
93500 	 0.7872635 
94000 	 0.8357695 
94500 	 0.873197 
95000 	 0.7678729 
95500 	 0.8560389 
96000 	 0.8246156 
96500 	 0.914589 
97000 	 0.8194366 
97500 	 0.8117081 
98000 	 0.8505585 
98500 	 0.7749845 
99000 	 0.8076761 
99500 	 0.8523196 
100000 	 0.7879038 
100500 	 0.8179799 
101000 	 0.8023007 
101500 	 0.7791456 
102000 	 0.8251131 
102500 	 0.783785 
103000 	 0.7762598 
103500 	 0.7995783 
104000 	 0.8308088 
104500 	 0.8977944 
105000 	 0.7855208 
105500 	 0.8675172 
106000 	 0.8401731 
106500 	 0.7703727 
107000 	 0.8565512 
107500 	 0.827712 
108000 	 0.8274415 
108500 	 0.8463458 
109000 	 0.7778037 
109500 	 0.8311815 
110000 	 0.8641634 
110500 	 0.7935744 
111000 	 0.7082083 
111500 	 0.8360041 
112000 	 0.7779807 
112500 	 0.7639736 
113000 	 0.7821612 
113500 	 0.8102067 
114000 	 0.8611548 
114500 	 0.7509231 
115000 	 0.7709737 
115500 	 0.8046905 
116000 	 0.8146923 
116500 	 0.7518517 
117000 	 0.7946228 
117500 	 0.7434043 
118000 	 0.7541556 
118500 	 0.8556783 
119000 	 0.8310696 
119500 	 0.7570783 
120000 	 0.7977194 
120500 	 0.7575222 
121000 	 0.7347407 
121500 	 0.6947354 
122000 	 0.7685962 
122500 	 0.7396283 
123000 	 0.7490426 
123500 	 0.7760094 
124000 	 0.7872857 
124500 	 0.8255575 
125000 	 0.7823578 
125500 	 0.7869083 
126000 	 0.7937439 
126500 	 0.8079697 
127000 	 0.8761781 
127500 	 0.8802357 
128000 	 0.7899192 
128500 	 0.7170697 
129000 	 0.7512488 
129500 	 0.7458919 
130000 	 0.7755077 
130500 	 0.7527711 
131000 	 0.802486 
131500 	 0.8686225 
132000 	 0.800731 
132500 	 0.7842396 
133000 	 0.7832848 
133500 	 0.7369625 
134000 	 0.8389845 
134500 	 0.8834703 
135000 	 0.820756 
135500 	 0.8900713 
136000 	 0.8357058 
136500 	 0.6942463 
137000 	 0.7592891 
137500 	 0.8188732 
138000 	 0.7825278 
138500 	 0.8085031 
139000 	 0.8489781 
139500 	 0.8997973 
140000 	 0.8420983 
140500 	 0.8177301 
141000 	 0.8285349 
141500 	 0.7426213 
142000 	 0.8086622 
142500 	 0.7918088 
143000 	 0.8073332 
143500 	 0.7978399 
144000 	 0.8530955 
144500 	 0.8445917 
145000 	 0.783741 
145500 	 0.7272131 
146000 	 0.8531809 
146500 	 0.7660382 
147000 	 0.7426562 
147500 	 0.8534335 
148000 	 0.8031656 
148500 	 0.8081102 
149000 	 0.7343336 
149500 	 0.7361592 
150000 	 0.8716715 
150500 	 0.829298 
151000 	 0.7778895 
151500 	 0.8708 
152000 	 0.7956585 
152500 	 0.7828236 
153000 	 0.8233614 
153500 	 0.8217443 
154000 	 0.8201354 
154500 	 0.8614093 
155000 	 0.835779 
155500 	 0.7644389 
156000 	 0.7949587 
156500 	 0.8286101 
157000 	 0.8431006 
157500 	 0.7981196 
158000 	 0.8322884 
158500 	 0.7357451 
159000 	 0.7935459 
159500 	 0.744706 
160000 	 0.8170956 
160500 	 0.8113495 
161000 	 0.7488059 
161500 	 0.7961515 
162000 	 0.8295232 
162500 	 0.8262286 
163000 	 0.8092199 
163500 	 0.7861623 
164000 	 0.7498053 
164500 	 0.7429078 
165000 	 0.8632008 
165500 	 0.8263824 
166000 	 0.7796037 
166500 	 0.8757779 
167000 	 0.8534872 
167500 	 0.7867369 
168000 	 0.7618997 
168500 	 0.7116751 
169000 	 0.8636484 
169500 	 0.8743151 
170000 	 0.8135199 
170500 	 0.7657996 
171000 	 0.74323 
171500 	 0.8222302 
172000 	 0.8140582 
172500 	 0.7927487 
173000 	 0.830924 
173500 	 0.9076257 
174000 	 0.8148263 
174500 	 0.8289492 
175000 	 0.8242698 
175500 	 0.7886436 
176000 	 0.8321503 
176500 	 0.6698224 
177000 	 0.7468647 
177500 	 0.7996018 
178000 	 0.6332903 
178500 	 0.8409418 
179000 	 0.8422933 
179500 	 0.8254393 
180000 	 0.7880948 
180500 	 0.7963806 
181000 	 0.7783265 
181500 	 0.8318338 
182000 	 0.8385903 
182500 	 0.7727891 
183000 	 0.8485985 
183500 	 0.7025607 
184000 	 0.8046342 
184500 	 0.7880233 
185000 	 0.792188 
185500 	 0.8169054 
186000 	 0.754054 
186500 	 0.8537411 
187000 	 0.6491374 
187500 	 0.8114823 
188000 	 0.790948 
188500 	 0.8398654 
189000 	 0.8617479 
189500 	 0.8024679 
190000 	 0.8770694 
190500 	 0.7789311 
191000 	 0.8775322 
191500 	 0.7672463 
192000 	 0.8372497 
192500 	 0.7354698 
193000 	 0.6636255 
193500 	 0.7951043 
194000 	 0.7240498 
194500 	 0.8440984 
195000 	 0.8182411 
195500 	 0.7795457 
196000 	 0.8821723 
196500 	 0.7200169 
197000 	 0.7599228 
197500 	 0.728319 
198000 	 0.8213898 
198500 	 0.8191406 
199000 	 0.8602864 
199500 	 0.8143676 
200000 	 0.8515977 
200500 	 0.8701252 
201000 	 0.7517319 
201500 	 0.8232333 
202000 	 0.8691004 
202500 	 0.7841294 
203000 	 0.8411794 
203500 	 0.777908 
204000 	 0.8005818 
204500 	 0.800171 
205000 	 0.8480006 
205500 	 0.7703448 
206000 	 0.708908 
206500 	 0.8008894 
207000 	 0.819319 
207500 	 0.7180913 
208000 	 0.8507978 
208500 	 0.8723888 
209000 	 0.8074622 
209500 	 0.8020066 
210000 	 0.6811449 
210500 	 0.7014793 
211000 	 0.8324114 
211500 	 0.9004445 
212000 	 0.8471947 
212500 	 0.8367429 
213000 	 0.8541887 
213500 	 0.758714 
214000 	 0.7918434 
214500 	 0.7698559 
215000 	 0.8027953 
215500 	 0.8516508 
216000 	 0.8456805 
216500 	 0.7984802 
217000 	 0.7780439 
217500 	 0.8046376 
218000 	 0.825497 
218500 	 0.7308765 
219000 	 0.8083079 
219500 	 0.8420342 
220000 	 0.7714576 
220500 	 0.8416065 
221000 	 0.7163104 
221500 	 0.7726981 
222000 	 0.8400452 
222500 	 0.8331433 
223000 	 0.8664655 
223500 	 0.8431169 
224000 	 0.8153542 
224500 	 0.7751409 
225000 	 0.7860053 
225500 	 0.7203821 
226000 	 0.8482143 
226500 	 0.7842202 
227000 	 0.7425265 
227500 	 0.8364781 
228000 	 0.8315278 
228500 	 0.8132774 
229000 	 0.6877191 
229500 	 0.7625611 
230000 	 0.7258367 
230500 	 0.832896 
231000 	 0.8662839 
231500 	 0.8376284 
232000 	 0.7717709 
232500 	 0.7133638 
233000 	 0.8123623 
233500 	 0.7088804 
234000 	 0.8187707 
234500 	 0.7962921 
235000 	 0.8569669 
235500 	 0.7909854 
236000 	 0.8275757 
236500 	 0.8026987 
237000 	 0.9002739 
237500 	 0.7805977 
238000 	 0.7900443 
238500 	 0.7739238 
239000 	 0.728219 
239500 	 0.8142418 
240000 	 0.8030739 
240500 	 0.7446583 
241000 	 0.7790139 
241500 	 0.8410553 
242000 	 0.8315847 
242500 	 0.7309084 
243000 	 0.8114942 
243500 	 0.8318381 
244000 	 0.777921 
244500 	 0.8536886 
245000 	 0.7882901 
245500 	 0.9281616 
246000 	 0.7795976 
246500 	 0.771708 
247000 	 0.7632193 
247500 	 0.7890483 
248000 	 0.8505997 
248500 	 0.693846 
249000 	 0.766301 
249500 	 0.8037278 
250000 	 0.8213112 
250500 	 0.8519202 
251000 	 0.7373243 
251500 	 0.8416854 
252000 	 0.6992308 
252500 	 0.832107 
253000 	 0.8683165 
253500 	 0.9074203 
254000 	 0.6947481 
254500 	 0.7791718 
255000 	 0.7667216 
255500 	 0.8369366 
256000 	 0.8710851 
256500 	 0.7412007 
257000 	 0.8262709 
257500 	 0.7934538 
258000 	 0.722523 
258500 	 0.8123483 
259000 	 0.7959671 
259500 	 0.8167386 
260000 	 0.8886919 
260500 	 0.8534975 
261000 	 0.8267364 
261500 	 0.7917338 
262000 	 0.8081632 
262500 	 0.7316342 
263000 	 0.7554886 
263500 	 0.7648728 
264000 	 0.7932099 
264500 	 0.7950079 
265000 	 0.6432843 
265500 	 0.7830101 
266000 	 0.7550367 
266500 	 0.8554588 
267000 	 0.8130634 
267500 	 0.8367527 
268000 	 0.7482855 
268500 	 0.7845332 
269000 	 0.8360579 
269500 	 0.8788037 
270000 	 0.8035637 
270500 	 0.7632335 
271000 	 0.780669 
271500 	 0.7859626 
272000 	 0.7894569 
272500 	 0.8369848 
273000 	 0.7442312 
273500 	 0.7986226 
274000 	 0.8063203 
274500 	 0.8607841 
275000 	 0.7351093 
275500 	 0.7688014 
276000 	 0.6808011 
276500 	 0.7752757 
277000 	 0.8535332 
277500 	 0.7255866 
278000 	 0.8112513 
278500 	 0.7863164 
279000 	 0.6505193 
279500 	 0.8068086 
280000 	 0.7905198 
280500 	 0.8525966 
281000 	 0.748493 
281500 	 0.8552993 
282000 	 0.8731404 
282500 	 0.8068873 
283000 	 0.7684371 
283500 	 0.8636459 
284000 	 0.8689705 
284500 	 0.8014081 
285000 	 0.8745518 
285500 	 0.7016142 
286000 	 0.7960797 
286500 	 0.7744327 
287000 	 0.778373 
287500 	 0.903275 
288000 	 0.7724926 
288500 	 0.8684075 
289000 	 0.7866453 
289500 	 0.8456315 
290000 	 0.7523691 
290500 	 0.8166518 
291000 	 0.8315829 
291500 	 0.8330243 
292000 	 0.840006 
292500 	 0.7339984 
293000 	 0.8711018 
293500 	 0.7931863 
294000 	 0.794278 
294500 	 0.8546945 
295000 	 0.7095379 
295500 	 0.7783376 
296000 	 0.8314608 
296500 	 0.7676461 
297000 	 0.7968412 
297500 	 0.7799674 
298000 	 0.7690843 
298500 	 0.8052532 
299000 	 0.7310653 
299500 	 0.8252601 
300000 	 0.8558337 
300500 	 0.8461971 
301000 	 0.8164349 
301500 	 0.8534658 
302000 	 0.7958716 
302500 	 0.8757893 
303000 	 0.7386364 
303500 	 0.7611183 
304000 	 0.834459 
304500 	 0.801433 
305000 	 0.7595161 
305500 	 0.8670974 
306000 	 0.754254 
306500 	 0.7614059 
307000 	 0.7704648 
307500 	 0.8485056 
308000 	 0.7942227 
308500 	 0.7705308 
309000 	 0.8911245 
309500 	 0.7791915 
310000 	 0.865474 
310500 	 0.7175262 
311000 	 0.696077 
311500 	 0.7552848 
312000 	 0.8501536 
312500 	 0.719717 
313000 	 0.8283782 
313500 	 0.7499684 
314000 	 0.8116266 
314500 	 0.7813029 
315000 	 0.7679289 
315500 	 0.7761571 
316000 	 0.8804701 
316500 	 0.799818 
317000 	 0.8222216 
317500 	 0.757785 
318000 	 0.781159 
318500 	 0.8059682 
319000 	 0.792201 
319500 	 0.8159864 
320000 	 0.8809862 
320500 	 0.8159172 
321000 	 0.8168063 
321500 	 0.7805067 
322000 	 0.7392302 
322500 	 0.8301543 
323000 	 0.7760291 
323500 	 0.7878281 
324000 	 0.8990378 
324500 	 0.7772513 
325000 	 0.8030413 
325500 	 0.7645142 
326000 	 0.8425746 
326500 	 0.7550372 
327000 	 0.8903261 
327500 	 0.9131188 
328000 	 0.7275956 
328500 	 0.8656176 
329000 	 0.8837063 
329500 	 0.8424876 
330000 	 0.7753572 
330500 	 0.8064301 
331000 	 0.7969937 
331500 	 0.8271262 
332000 	 0.8352711 
332500 	 0.8110528 
333000 	 0.8518067 
333500 	 0.6897735 
334000 	 0.9013903 
334500 	 0.7448515 
335000 	 0.8292004 
335500 	 0.8232023 
336000 	 0.8115372 
336500 	 0.7830372 
337000 	 0.8250961 
337500 	 0.7190657 
338000 	 0.7807754 
338500 	 0.7868083 
339000 	 0.7806533 
339500 	 0.8304066 
340000 	 0.8617913 
340500 	 0.8224089 
341000 	 0.7945229 
341500 	 0.7960862 
342000 	 0.8056823 
342500 	 0.7687181 
343000 	 0.8012546 
343500 	 0.8423659 
344000 	 0.6636737 
344500 	 0.832255 
345000 	 0.7348867 
345500 	 0.8251384 
346000 	 0.7976219 
346500 	 0.7920361 
347000 	 0.8443344 
347500 	 0.7186182 
348000 	 0.7000563 
348500 	 0.856102 
349000 	 0.8578458 
349500 	 0.7815606 
350000 	 0.876948 
350500 	 0.7447277 
351000 	 0.772608 
351500 	 0.8157835 
352000 	 0.8001914 
352500 	 0.7558666 
353000 	 0.8301936 
353500 	 0.8153641 
354000 	 0.6573039 
354500 	 0.7745792 
355000 	 0.7494359 
355500 	 0.7285304 
356000 	 0.6549335 
356500 	 0.8352431 
357000 	 0.8408823 
357500 	 0.8369617 
358000 	 0.8581299 
358500 	 0.8632006 
359000 	 0.7808138 
359500 	 0.8341504 
360000 	 0.8715839 
360500 	 0.838342 
361000 	 0.8113915 
361500 	 0.7602312 
362000 	 0.8373119 
362500 	 0.7999275 
363000 	 0.7115981 
363500 	 0.7320787 
364000 	 0.8767733 
364500 	 0.7997955 
365000 	 0.6868414 
365500 	 0.7962432 
366000 	 0.8218848 
366500 	 0.8567844 
367000 	 0.7960994 
367500 	 0.8190126 
368000 	 0.8464033 
368500 	 0.7555924 
369000 	 0.7942124 
369500 	 0.9125183 
370000 	 0.7929557 
370500 	 0.8428351 
371000 	 0.8600788 
371500 	 0.840351 
372000 	 0.8235667 
372500 	 0.8253515 
373000 	 0.7377975 
373500 	 0.7468419 
374000 	 0.789822 
374500 	 0.7823822 
375000 	 0.846904 
375500 	 0.8277685 
376000 	 0.826186 
376500 	 0.8436986 
377000 	 0.7475799 
377500 	 0.7913698 
378000 	 0.8002917 
378500 	 0.7844255 
379000 	 0.8009651 
379500 	 0.8032219 
380000 	 0.8667493 
380500 	 0.7632123 
381000 	 0.7658976 
381500 	 0.8165 
382000 	 0.8510293 
382500 	 0.811605 
383000 	 0.8419049 
383500 	 0.8209507 
384000 	 0.8076573 
384500 	 0.8233277 
385000 	 0.852176 
385500 	 0.796874 
386000 	 0.8290923 
386500 	 0.7808645 
387000 	 0.8548207 
387500 	 0.7794995 
388000 	 0.7426388 
388500 	 0.7348661 
389000 	 0.7795113 
389500 	 0.7913162 
390000 	 0.8043131 
390500 	 0.7895351 
391000 	 0.7791136 
391500 	 0.8501638 
392000 	 0.8514605 
392500 	 0.7526439 
393000 	 0.7323521 
393500 	 0.8248502 
394000 	 0.7744726 
394500 	 0.8396787 
395000 	 0.8069401 
395500 	 0.826132 
396000 	 0.7562207 
396500 	 0.7342572 
397000 	 0.8221498 
397500 	 0.7504862 
398000 	 0.8002905 
398500 	 0.8198345 
399000 	 0.761566 
399500 	 0.8442249 
400000 	 0.8792166 
400500 	 0.8580324 
401000 	 0.7864985 
401500 	 0.7717665 
402000 	 0.8452092 
402500 	 0.7093642 
403000 	 0.839123 
403500 	 0.7982153 
404000 	 0.8212579 
404500 	 0.809058 
405000 	 0.7918946 
405500 	 0.80855 
406000 	 0.8261802 
406500 	 0.8247221 
407000 	 0.7367529 
407500 	 0.8330919 
408000 	 0.7693169 
408500 	 0.8374577 
409000 	 0.7948633 
409500 	 0.7670912 
410000 	 0.8144521 
410500 	 0.7753916 
411000 	 0.8137768 
411500 	 0.8902227 
412000 	 0.7582271 
412500 	 0.7539137 
413000 	 0.8154847 
413500 	 0.8343061 
414000 	 0.7510881 
414500 	 0.7927324 
415000 	 0.8243161 
415500 	 0.8257007 
416000 	 0.8387061 
416500 	 0.7929361 
417000 	 0.7515247 
417500 	 0.8343525 
418000 	 0.8068354 
418500 	 0.7803249 
419000 	 0.8531649 
419500 	 0.8591996 
420000 	 0.8860306 
420500 	 0.8547297 
421000 	 0.8299458 
421500 	 0.8201169 
422000 	 0.7438525 
422500 	 0.7189173 
423000 	 0.8172191 
423500 	 0.7767009 
424000 	 0.8155047 
424500 	 0.8181096 
425000 	 0.7817096 
425500 	 0.8015988 
426000 	 0.8226914 
426500 	 0.8787193 
427000 	 0.8590568 
427500 	 0.7783378 
428000 	 0.802043 
428500 	 0.8113537 
429000 	 0.8252206 
429500 	 0.7720407 
430000 	 0.7390084 
430500 	 0.7562357 
431000 	 0.7849542 
431500 	 0.844048 
432000 	 0.8930596 
432500 	 0.8419309 
433000 	 0.816139 
433500 	 0.7847135 
434000 	 0.82298 
434500 	 0.7979822 
435000 	 0.7702211 
435500 	 0.8190704 
436000 	 0.7837867 
436500 	 0.7602896 
437000 	 0.7903903 
437500 	 0.8261223 
438000 	 0.8327471 
438500 	 0.8044295 
439000 	 0.8653835 
439500 	 0.7902655 
440000 	 0.7818011 
440500 	 0.7711151 
441000 	 0.8317885 
441500 	 0.8279065 
442000 	 0.8115814 
442500 	 0.6350293 
443000 	 0.8859647 
443500 	 0.7530448 
444000 	 0.842384 
444500 	 0.7538866 
445000 	 0.7719769 
445500 	 0.7612167 
446000 	 0.8278576 
446500 	 0.8477177 
447000 	 0.7696978 
447500 	 0.7052914 
448000 	 0.6710683 
448500 	 0.8308039 
449000 	 0.7903326 
449500 	 0.8673523 
450000 	 0.8816449 
450500 	 0.8018908 
451000 	 0.8137442 
451500 	 0.8377421 
452000 	 0.7998934 
452500 	 0.8152048 
453000 	 0.858443 
453500 	 0.702359 
454000 	 0.8390639 
454500 	 0.7512244 
455000 	 0.7705468 
455500 	 0.8398399 
456000 	 0.8222826 
456500 	 0.7172522 
457000 	 0.856009 
457500 	 0.8141548 
458000 	 0.7455703 
458500 	 0.783325 
459000 	 0.752645 
459500 	 0.7329951 
460000 	 0.8651287 
460500 	 0.8415393 
461000 	 0.8283945 
461500 	 0.8614355 
462000 	 0.7912742 
462500 	 0.7193753 
463000 	 0.8473617 
463500 	 0.8284975 
464000 	 0.7921995 
464500 	 0.7926792 
465000 	 0.7749025 
465500 	 0.8159861 
466000 	 0.7845206 
466500 	 0.6948972 
467000 	 0.8751856 
467500 	 0.8046566 
468000 	 0.8303453 
468500 	 0.8103864 
469000 	 0.7397621 
469500 	 0.822949 
470000 	 0.8026854 
470500 	 0.8128069 
471000 	 0.7972134 
471500 	 0.7930936 
472000 	 0.6865547 
472500 	 0.8059255 
473000 	 0.7924861 
473500 	 0.6705428 
474000 	 0.8278064 
474500 	 0.787361 
475000 	 0.7713505 
475500 	 0.837586 
476000 	 0.7569332 
476500 	 0.8430548 
477000 	 0.8307988 
477500 	 0.8187056 
478000 	 0.7463376 
478500 	 0.8972219 
479000 	 0.7950985 
479500 	 0.7863821 
480000 	 0.7802226 
480500 	 0.8593136 
481000 	 0.7947265 
481500 	 0.8632567 
482000 	 0.82241 
482500 	 0.7289563 
483000 	 0.7874159 
483500 	 0.8693263 
484000 	 0.7400679 
484500 	 0.7565031 
485000 	 0.734363 
485500 	 0.7512721 
486000 	 0.8128556 
486500 	 0.7539497 
487000 	 0.8124375 
487500 	 0.8570896 
488000 	 0.7372059 
488500 	 0.7326164 
489000 	 0.8133761 
489500 	 0.8235603 
490000 	 0.7539065 
490500 	 0.7663197 
491000 	 0.8284366 
491500 	 0.8252508 
492000 	 0.7809788 
492500 	 0.8568214 
493000 	 0.7825733 
493500 	 0.7484416 
494000 	 0.8339689 
494500 	 0.8150956 
495000 	 0.687568 
495500 	 0.8529744 
496000 	 0.8419131 
496500 	 0.8507538 
497000 	 0.795171 
497500 	 0.7474009 
498000 	 0.848553 
498500 	 0.8192034 
499000 	 0.7712591 
499500 	 0.7614517 
500000 	 0.8667963 
