iter 	 p
500 	 0.5862448 
1000 	 0.5280297 
1500 	 0.4264182 
2000 	 0.6320316 
2500 	 0.4288565 
3000 	 0.5041222 
3500 	 0.4716688 
4000 	 0.6204227 
4500 	 0.5735113 
5000 	 0.4974733 
5500 	 0.5690883 
6000 	 0.6784613 
6500 	 0.5856408 
7000 	 0.5229555 
7500 	 0.5003375 
8000 	 0.5214152 
8500 	 0.478882 
9000 	 0.4623126 
9500 	 0.458611 
10000 	 0.3894876 
10500 	 0.601953 
11000 	 0.4030296 
11500 	 0.4392877 
12000 	 0.4040049 
12500 	 0.4318873 
13000 	 0.4823636 
13500 	 0.4613052 
14000 	 0.5628813 
14500 	 0.6356661 
15000 	 0.4554498 
15500 	 0.3576086 
16000 	 0.5639279 
16500 	 0.4791437 
17000 	 0.4047523 
17500 	 0.5993458 
18000 	 0.4560223 
18500 	 0.5949882 
19000 	 0.4745509 
19500 	 0.5823674 
20000 	 0.4429172 
20500 	 0.4700353 
21000 	 0.4452032 
21500 	 0.5141373 
22000 	 0.4005828 
22500 	 0.445849 
23000 	 0.5002816 
23500 	 0.4432953 
24000 	 0.5066401 
24500 	 0.4549952 
25000 	 0.4135234 
25500 	 0.5628025 
26000 	 0.5615281 
26500 	 0.5159752 
27000 	 0.5382753 
27500 	 0.4843918 
28000 	 0.3304016 
28500 	 0.5670661 
29000 	 0.42377 
29500 	 0.5876479 
30000 	 0.5456852 
30500 	 0.3573926 
31000 	 0.4944481 
31500 	 0.6330059 
32000 	 0.5622803 
32500 	 0.5135904 
33000 	 0.4266253 
33500 	 0.5838443 
34000 	 0.4470964 
34500 	 0.6092041 
35000 	 0.5745706 
35500 	 0.4977985 
36000 	 0.5710252 
36500 	 0.4732387 
37000 	 0.4724987 
37500 	 0.4839721 
38000 	 0.4735563 
38500 	 0.4969345 
39000 	 0.5129081 
39500 	 0.5046548 
40000 	 0.3937531 
40500 	 0.5053608 
41000 	 0.4269521 
41500 	 0.5348319 
42000 	 0.5855675 
42500 	 0.4904713 
43000 	 0.6794279 
43500 	 0.629194 
44000 	 0.5829665 
44500 	 0.6477088 
45000 	 0.3709523 
45500 	 0.5387298 
46000 	 0.4907285 
46500 	 0.5101922 
47000 	 0.5384156 
47500 	 0.4600784 
48000 	 0.5164706 
48500 	 0.3415467 
49000 	 0.4697874 
49500 	 0.4606636 
50000 	 0.3766986 
50500 	 0.2886248 
51000 	 0.3364645 
51500 	 0.4177643 
52000 	 0.3676423 
52500 	 0.4602489 
53000 	 0.5314755 
53500 	 0.5475851 
54000 	 0.5079733 
54500 	 0.4565233 
55000 	 0.389422 
55500 	 0.4786761 
56000 	 0.6212955 
56500 	 0.4519136 
57000 	 0.5104356 
57500 	 0.3956072 
58000 	 0.4983208 
58500 	 0.5580037 
59000 	 0.4242512 
59500 	 0.5582666 
60000 	 0.4962768 
60500 	 0.5605811 
61000 	 0.4863895 
61500 	 0.492967 
62000 	 0.3691325 
62500 	 0.5255883 
63000 	 0.4997857 
63500 	 0.4957643 
64000 	 0.4093526 
64500 	 0.440752 
65000 	 0.4314051 
65500 	 0.4140968 
66000 	 0.3771146 
66500 	 0.5585532 
67000 	 0.5120402 
67500 	 0.5652654 
68000 	 0.4614579 
68500 	 0.4659819 
69000 	 0.4773534 
69500 	 0.5014246 
70000 	 0.4980553 
70500 	 0.5048042 
71000 	 0.4696672 
71500 	 0.3937683 
72000 	 0.4588833 
72500 	 0.5204903 
73000 	 0.5399142 
73500 	 0.5371227 
74000 	 0.4796619 
74500 	 0.3446997 
75000 	 0.5720431 
75500 	 0.5238194 
76000 	 0.3915794 
76500 	 0.3815689 
77000 	 0.517875 
77500 	 0.3626316 
78000 	 0.3426238 
78500 	 0.5338566 
79000 	 0.5334938 
79500 	 0.4973477 
80000 	 0.5714412 
80500 	 0.4772421 
81000 	 0.507394 
81500 	 0.4663195 
82000 	 0.4459923 
82500 	 0.4032177 
83000 	 0.5850288 
83500 	 0.6356166 
84000 	 0.5609648 
84500 	 0.5233689 
85000 	 0.4205713 
85500 	 0.4611566 
86000 	 0.5037805 
86500 	 0.468266 
87000 	 0.4694449 
87500 	 0.4688762 
88000 	 0.3532916 
88500 	 0.5511994 
89000 	 0.5426048 
89500 	 0.628658 
90000 	 0.5426071 
90500 	 0.5129634 
91000 	 0.5384342 
91500 	 0.4677393 
92000 	 0.4087091 
92500 	 0.566738 
93000 	 0.4413476 
93500 	 0.4786118 
94000 	 0.4460625 
94500 	 0.5075338 
95000 	 0.5318527 
95500 	 0.3690405 
96000 	 0.49134 
96500 	 0.599855 
97000 	 0.5206733 
97500 	 0.5137328 
98000 	 0.4741249 
98500 	 0.4625465 
99000 	 0.480526 
99500 	 0.5151115 
100000 	 0.5206241 
100500 	 0.4641778 
101000 	 0.4983181 
101500 	 0.5076284 
102000 	 0.5821878 
102500 	 0.6060423 
103000 	 0.4941615 
103500 	 0.4688141 
104000 	 0.5984702 
104500 	 0.5760235 
105000 	 0.5497553 
105500 	 0.4791916 
106000 	 0.4887812 
106500 	 0.4262063 
107000 	 0.5001408 
107500 	 0.5181244 
108000 	 0.4472819 
108500 	 0.5083167 
109000 	 0.4080708 
109500 	 0.5337384 
110000 	 0.5669214 
110500 	 0.5722608 
111000 	 0.4149293 
111500 	 0.4674093 
112000 	 0.440337 
112500 	 0.6614551 
113000 	 0.6128039 
113500 	 0.4065391 
114000 	 0.5178088 
114500 	 0.541247 
115000 	 0.5012888 
115500 	 0.4824784 
116000 	 0.4861846 
116500 	 0.6242603 
117000 	 0.5941809 
117500 	 0.5518623 
118000 	 0.5527219 
118500 	 0.4753113 
119000 	 0.5087383 
119500 	 0.6360858 
120000 	 0.4748263 
120500 	 0.3675221 
121000 	 0.6604298 
121500 	 0.5572902 
122000 	 0.5075493 
122500 	 0.5726003 
123000 	 0.4997757 
123500 	 0.3573247 
124000 	 0.4866605 
124500 	 0.4507777 
125000 	 0.4141403 
125500 	 0.524161 
126000 	 0.3750719 
126500 	 0.4457262 
127000 	 0.2886784 
127500 	 0.5206828 
128000 	 0.4473235 
128500 	 0.4203688 
129000 	 0.5920999 
129500 	 0.604468 
130000 	 0.4903511 
130500 	 0.3387378 
131000 	 0.4100361 
131500 	 0.6674662 
132000 	 0.3541848 
132500 	 0.5586576 
133000 	 0.5786307 
133500 	 0.555927 
134000 	 0.4490869 
134500 	 0.481436 
135000 	 0.3397191 
135500 	 0.5176321 
136000 	 0.6132176 
136500 	 0.4985964 
137000 	 0.5755262 
137500 	 0.5338032 
138000 	 0.5721794 
138500 	 0.591966 
139000 	 0.4895137 
139500 	 0.4930814 
140000 	 0.5578338 
140500 	 0.3845101 
141000 	 0.4934124 
141500 	 0.4921576 
142000 	 0.579501 
142500 	 0.5023179 
143000 	 0.4592608 
143500 	 0.3963641 
144000 	 0.4811742 
144500 	 0.3565268 
145000 	 0.4830633 
145500 	 0.5456811 
146000 	 0.550712 
146500 	 0.5975284 
147000 	 0.4421196 
147500 	 0.4294037 
148000 	 0.3844793 
148500 	 0.5389386 
149000 	 0.5015455 
149500 	 0.6017681 
150000 	 0.5571703 
150500 	 0.5735406 
151000 	 0.5632558 
151500 	 0.5234056 
152000 	 0.5483672 
152500 	 0.4665078 
153000 	 0.5224642 
153500 	 0.5893564 
154000 	 0.6279833 
154500 	 0.5319026 
155000 	 0.4794342 
155500 	 0.6377494 
156000 	 0.5022618 
156500 	 0.563929 
157000 	 0.5924199 
157500 	 0.4896041 
158000 	 0.5641281 
158500 	 0.4331048 
159000 	 0.5325456 
159500 	 0.5516261 
160000 	 0.4336161 
160500 	 0.6348271 
161000 	 0.3927309 
161500 	 0.5573164 
162000 	 0.5225726 
162500 	 0.4342964 
163000 	 0.6414207 
163500 	 0.3681435 
164000 	 0.5799612 
164500 	 0.346426 
165000 	 0.6237703 
165500 	 0.5217483 
166000 	 0.3006272 
166500 	 0.4498613 
167000 	 0.5728111 
167500 	 0.6048175 
168000 	 0.5176615 
168500 	 0.3774766 
169000 	 0.5338977 
169500 	 0.4311632 
170000 	 0.4914792 
170500 	 0.4651813 
171000 	 0.4076609 
171500 	 0.4759148 
172000 	 0.4860596 
172500 	 0.4672616 
173000 	 0.4742752 
173500 	 0.564795 
174000 	 0.4864619 
174500 	 0.5827462 
175000 	 0.5226245 
175500 	 0.3975245 
176000 	 0.509219 
176500 	 0.6248587 
177000 	 0.5765787 
177500 	 0.4991947 
178000 	 0.6283103 
178500 	 0.5217701 
179000 	 0.3568275 
179500 	 0.573733 
180000 	 0.438115 
180500 	 0.4595412 
181000 	 0.505433 
181500 	 0.5118858 
182000 	 0.5613155 
182500 	 0.4999791 
183000 	 0.4220817 
183500 	 0.6043384 
184000 	 0.507076 
184500 	 0.5250394 
185000 	 0.4939633 
185500 	 0.485466 
186000 	 0.6096463 
186500 	 0.4484171 
187000 	 0.5354692 
187500 	 0.4177176 
188000 	 0.458386 
188500 	 0.3233929 
189000 	 0.4578414 
189500 	 0.4727532 
190000 	 0.5073467 
190500 	 0.4358003 
191000 	 0.6063397 
191500 	 0.5584613 
192000 	 0.5424926 
192500 	 0.5466318 
193000 	 0.6190327 
193500 	 0.5130077 
194000 	 0.4160099 
194500 	 0.4515975 
195000 	 0.4241358 
195500 	 0.4225929 
196000 	 0.5739791 
196500 	 0.527282 
197000 	 0.4832091 
197500 	 0.580108 
198000 	 0.5204922 
198500 	 0.5400043 
199000 	 0.5139243 
199500 	 0.3996768 
200000 	 0.6538786 
200500 	 0.5324584 
201000 	 0.4227189 
201500 	 0.5237116 
202000 	 0.526266 
202500 	 0.4948393 
203000 	 0.4812635 
203500 	 0.3739681 
204000 	 0.480751 
204500 	 0.5136413 
205000 	 0.4788249 
205500 	 0.5342387 
206000 	 0.5436091 
206500 	 0.6439017 
207000 	 0.5621135 
207500 	 0.4876258 
208000 	 0.4838463 
208500 	 0.4219714 
209000 	 0.5903396 
209500 	 0.4986889 
210000 	 0.4921474 
210500 	 0.4565906 
211000 	 0.5229747 
211500 	 0.4769023 
212000 	 0.4634702 
212500 	 0.4560529 
213000 	 0.5016165 
213500 	 0.5508852 
214000 	 0.4364119 
214500 	 0.5720213 
215000 	 0.5734884 
215500 	 0.5465504 
216000 	 0.5436788 
216500 	 0.4859614 
217000 	 0.389516 
217500 	 0.4805644 
218000 	 0.3459519 
218500 	 0.4466773 
219000 	 0.5555493 
219500 	 0.4480842 
220000 	 0.5801002 
220500 	 0.3652226 
221000 	 0.4390332 
221500 	 0.4965666 
222000 	 0.3554935 
222500 	 0.4867708 
223000 	 0.452236 
223500 	 0.4807827 
224000 	 0.5076052 
224500 	 0.5535653 
225000 	 0.4628754 
225500 	 0.5275345 
226000 	 0.4424828 
226500 	 0.5498517 
227000 	 0.405781 
227500 	 0.5518317 
228000 	 0.4227521 
228500 	 0.4192637 
229000 	 0.4851957 
229500 	 0.5128821 
230000 	 0.4333486 
230500 	 0.4847376 
231000 	 0.6147154 
231500 	 0.4119793 
232000 	 0.4235969 
232500 	 0.405072 
233000 	 0.5273476 
233500 	 0.4651417 
234000 	 0.5313999 
234500 	 0.4683429 
235000 	 0.4592046 
235500 	 0.5667302 
236000 	 0.4580402 
236500 	 0.366977 
237000 	 0.4122906 
237500 	 0.4527642 
238000 	 0.5454389 
238500 	 0.5456561 
239000 	 0.5706066 
239500 	 0.4564707 
240000 	 0.5553398 
240500 	 0.5644294 
241000 	 0.5933621 
241500 	 0.4874773 
242000 	 0.3828187 
242500 	 0.6076835 
243000 	 0.4439568 
243500 	 0.3567724 
244000 	 0.6438335 
244500 	 0.4363716 
245000 	 0.5114268 
245500 	 0.5326255 
246000 	 0.4872352 
246500 	 0.4263761 
247000 	 0.5231931 
247500 	 0.5502531 
248000 	 0.5032424 
248500 	 0.5771643 
249000 	 0.4675752 
249500 	 0.3980108 
250000 	 0.4969749 
250500 	 0.5553764 
251000 	 0.4591078 
251500 	 0.4654159 
252000 	 0.4871938 
252500 	 0.5541146 
253000 	 0.3574189 
253500 	 0.5030792 
254000 	 0.4127961 
254500 	 0.4864699 
255000 	 0.4733391 
255500 	 0.3910278 
256000 	 0.4879504 
256500 	 0.4280364 
257000 	 0.4643007 
257500 	 0.4939153 
258000 	 0.6217173 
258500 	 0.5022981 
259000 	 0.5757762 
259500 	 0.457578 
260000 	 0.4872356 
260500 	 0.638752 
261000 	 0.4081526 
261500 	 0.5847418 
262000 	 0.4480342 
262500 	 0.503356 
263000 	 0.313945 
263500 	 0.522012 
264000 	 0.5523294 
264500 	 0.5445987 
265000 	 0.4060008 
265500 	 0.4512909 
266000 	 0.4125663 
266500 	 0.4088098 
267000 	 0.3471606 
267500 	 0.3978495 
268000 	 0.6030754 
268500 	 0.3910443 
269000 	 0.4980377 
269500 	 0.4644878 
270000 	 0.4404784 
270500 	 0.3849883 
271000 	 0.5632466 
271500 	 0.503483 
272000 	 0.3336317 
272500 	 0.487086 
273000 	 0.4832386 
273500 	 0.5076766 
274000 	 0.5459445 
274500 	 0.4749397 
275000 	 0.4467802 
275500 	 0.4988311 
276000 	 0.5660767 
276500 	 0.4159085 
277000 	 0.3306653 
277500 	 0.4304395 
278000 	 0.5002693 
278500 	 0.4032424 
279000 	 0.4462484 
279500 	 0.4439958 
280000 	 0.4973509 
280500 	 0.3964837 
281000 	 0.591807 
281500 	 0.4821734 
282000 	 0.4409862 
282500 	 0.4047257 
283000 	 0.2806583 
283500 	 0.4562594 
284000 	 0.4715997 
284500 	 0.3600578 
285000 	 0.4842756 
285500 	 0.4190497 
286000 	 0.5318508 
286500 	 0.5574172 
287000 	 0.4147219 
287500 	 0.4831945 
288000 	 0.4573773 
288500 	 0.4935067 
289000 	 0.5166124 
289500 	 0.4738882 
290000 	 0.5577742 
290500 	 0.5195173 
291000 	 0.5454062 
291500 	 0.5341513 
292000 	 0.5332656 
292500 	 0.5388042 
293000 	 0.5833657 
293500 	 0.4226445 
294000 	 0.5594482 
294500 	 0.430105 
295000 	 0.4360183 
295500 	 0.5371082 
296000 	 0.4000718 
296500 	 0.5222745 
297000 	 0.4629068 
297500 	 0.5067697 
298000 	 0.3790899 
298500 	 0.4965581 
299000 	 0.4021393 
299500 	 0.5912159 
300000 	 0.4879452 
300500 	 0.511427 
301000 	 0.6115107 
301500 	 0.6324179 
302000 	 0.4596892 
302500 	 0.4404451 
303000 	 0.5590709 
303500 	 0.6218144 
304000 	 0.6031749 
304500 	 0.3028618 
305000 	 0.4148786 
305500 	 0.5857065 
306000 	 0.4519644 
306500 	 0.5835869 
307000 	 0.5006762 
307500 	 0.4831647 
308000 	 0.4918067 
308500 	 0.4642304 
309000 	 0.4242788 
309500 	 0.6025507 
310000 	 0.5327883 
310500 	 0.3727884 
311000 	 0.3516447 
311500 	 0.5600955 
312000 	 0.4632858 
312500 	 0.480159 
313000 	 0.3574686 
313500 	 0.581752 
314000 	 0.6459439 
314500 	 0.6109823 
315000 	 0.3770153 
315500 	 0.4835833 
316000 	 0.4717324 
316500 	 0.4919172 
317000 	 0.3766265 
317500 	 0.4284547 
318000 	 0.6162715 
318500 	 0.7531669 
319000 	 0.3226974 
319500 	 0.550409 
320000 	 0.5349886 
320500 	 0.3351259 
321000 	 0.3977324 
321500 	 0.6470439 
322000 	 0.5383679 
322500 	 0.5126532 
323000 	 0.3895969 
323500 	 0.478991 
324000 	 0.5001695 
324500 	 0.6176668 
325000 	 0.5708819 
325500 	 0.5060988 
326000 	 0.4478664 
326500 	 0.4181201 
327000 	 0.5406139 
327500 	 0.3937372 
328000 	 0.4533872 
328500 	 0.4487417 
329000 	 0.5934074 
329500 	 0.4459282 
330000 	 0.4254469 
330500 	 0.5700325 
331000 	 0.4506247 
331500 	 0.589969 
332000 	 0.4662617 
332500 	 0.3692657 
333000 	 0.3923865 
333500 	 0.5099804 
334000 	 0.6272919 
334500 	 0.4620678 
335000 	 0.4748821 
335500 	 0.414304 
336000 	 0.3632782 
336500 	 0.4696231 
337000 	 0.4398465 
337500 	 0.5407515 
338000 	 0.4436589 
338500 	 0.5342244 
339000 	 0.5281201 
339500 	 0.5432464 
340000 	 0.5321019 
340500 	 0.4238813 
341000 	 0.4252747 
341500 	 0.5733428 
342000 	 0.3549682 
342500 	 0.5180073 
343000 	 0.6501433 
343500 	 0.43124 
344000 	 0.6345861 
344500 	 0.4920734 
345000 	 0.4515369 
345500 	 0.5230779 
346000 	 0.5479488 
346500 	 0.5330705 
347000 	 0.5886095 
347500 	 0.4504052 
348000 	 0.6011923 
348500 	 0.5610337 
349000 	 0.4712838 
349500 	 0.5315589 
350000 	 0.5454053 
350500 	 0.5288939 
351000 	 0.4300522 
351500 	 0.4116911 
352000 	 0.4597339 
352500 	 0.5859542 
353000 	 0.5242661 
353500 	 0.505409 
354000 	 0.3914026 
354500 	 0.4613751 
355000 	 0.5549655 
355500 	 0.527345 
356000 	 0.485942 
356500 	 0.7098918 
357000 	 0.4625492 
357500 	 0.4100951 
358000 	 0.3910594 
358500 	 0.6210155 
359000 	 0.4053681 
359500 	 0.370307 
360000 	 0.5351013 
360500 	 0.5005385 
361000 	 0.4053247 
361500 	 0.415424 
362000 	 0.4831746 
362500 	 0.4486785 
363000 	 0.4781857 
363500 	 0.4700898 
364000 	 0.49065 
364500 	 0.4857471 
365000 	 0.5366488 
365500 	 0.2823777 
366000 	 0.5999403 
366500 	 0.4901887 
367000 	 0.5578266 
367500 	 0.5453242 
368000 	 0.4659144 
368500 	 0.5013986 
369000 	 0.4496588 
369500 	 0.5733578 
370000 	 0.5507901 
370500 	 0.4265669 
371000 	 0.4338549 
371500 	 0.4538115 
372000 	 0.3036378 
372500 	 0.5329526 
373000 	 0.4860539 
373500 	 0.5850224 
374000 	 0.5497294 
374500 	 0.5080543 
375000 	 0.3859174 
375500 	 0.54969 
376000 	 0.4480678 
376500 	 0.5570745 
377000 	 0.6303243 
377500 	 0.4678873 
378000 	 0.5347837 
378500 	 0.4300727 
379000 	 0.4533719 
379500 	 0.3952604 
380000 	 0.6409841 
380500 	 0.359489 
381000 	 0.3979949 
381500 	 0.6501489 
382000 	 0.5252539 
382500 	 0.4377427 
383000 	 0.5111197 
383500 	 0.4458686 
384000 	 0.5594145 
384500 	 0.4732074 
385000 	 0.4446542 
385500 	 0.470512 
386000 	 0.3721542 
386500 	 0.4827784 
387000 	 0.6179456 
387500 	 0.4955892 
388000 	 0.6031576 
388500 	 0.5377301 
389000 	 0.5831849 
389500 	 0.5312525 
390000 	 0.5130134 
390500 	 0.5237632 
391000 	 0.40139 
391500 	 0.4629281 
392000 	 0.4118023 
392500 	 0.4476834 
393000 	 0.4549741 
393500 	 0.5163105 
394000 	 0.6192961 
394500 	 0.4425369 
395000 	 0.5096253 
395500 	 0.6170712 
396000 	 0.4489378 
396500 	 0.6373962 
397000 	 0.6258452 
397500 	 0.5905235 
398000 	 0.6345642 
398500 	 0.5226702 
399000 	 0.5936394 
399500 	 0.4509461 
400000 	 0.4433803 
400500 	 0.5521884 
401000 	 0.4630804 
401500 	 0.4494298 
402000 	 0.5358142 
402500 	 0.4852567 
403000 	 0.4765928 
403500 	 0.5790308 
404000 	 0.4991888 
404500 	 0.5928298 
405000 	 0.6132188 
405500 	 0.4524763 
406000 	 0.3150533 
406500 	 0.4307012 
407000 	 0.4608478 
407500 	 0.4107898 
408000 	 0.4877296 
408500 	 0.5752067 
409000 	 0.6645778 
409500 	 0.6108711 
410000 	 0.4347584 
410500 	 0.5220163 
411000 	 0.4076248 
411500 	 0.547221 
412000 	 0.4953641 
412500 	 0.5465432 
413000 	 0.4646849 
413500 	 0.5846204 
414000 	 0.4657899 
414500 	 0.4076944 
415000 	 0.4180166 
415500 	 0.4553431 
416000 	 0.6058187 
416500 	 0.6019839 
417000 	 0.3654817 
417500 	 0.5868738 
418000 	 0.424856 
418500 	 0.4632946 
419000 	 0.4982235 
419500 	 0.4454893 
420000 	 0.5875857 
420500 	 0.4500302 
421000 	 0.4054173 
421500 	 0.5585657 
422000 	 0.6283083 
422500 	 0.4956679 
423000 	 0.4968584 
423500 	 0.5121411 
424000 	 0.554 
424500 	 0.5221744 
425000 	 0.5064777 
425500 	 0.524365 
426000 	 0.515397 
426500 	 0.4173106 
427000 	 0.4111653 
427500 	 0.4641285 
428000 	 0.3987808 
428500 	 0.4195103 
429000 	 0.3853493 
429500 	 0.4244869 
430000 	 0.5175356 
430500 	 0.5075831 
431000 	 0.4491619 
431500 	 0.5105372 
432000 	 0.5306239 
432500 	 0.5509826 
433000 	 0.4132258 
433500 	 0.5268796 
434000 	 0.4010707 
434500 	 0.382403 
435000 	 0.5657595 
435500 	 0.5854245 
436000 	 0.4682572 
436500 	 0.513128 
437000 	 0.5186268 
437500 	 0.4804264 
438000 	 0.3878494 
438500 	 0.4869606 
439000 	 0.5246217 
439500 	 0.4884843 
440000 	 0.518108 
440500 	 0.5197925 
441000 	 0.4776061 
441500 	 0.6134049 
442000 	 0.3500231 
442500 	 0.5363396 
443000 	 0.4704795 
443500 	 0.44427 
444000 	 0.4838178 
444500 	 0.415987 
445000 	 0.420105 
445500 	 0.4895457 
446000 	 0.4347223 
446500 	 0.326925 
447000 	 0.5096988 
447500 	 0.4312221 
448000 	 0.5964982 
448500 	 0.5334458 
449000 	 0.5344977 
449500 	 0.5385376 
450000 	 0.6525974 
450500 	 0.5098082 
451000 	 0.3646304 
451500 	 0.4703409 
452000 	 0.4355369 
452500 	 0.4833234 
453000 	 0.5501985 
453500 	 0.6076261 
454000 	 0.4936646 
454500 	 0.4948887 
455000 	 0.472107 
455500 	 0.5029533 
456000 	 0.44738 
456500 	 0.5474655 
457000 	 0.3495806 
457500 	 0.5169243 
458000 	 0.4992529 
458500 	 0.4294038 
459000 	 0.5356655 
459500 	 0.504364 
460000 	 0.5397014 
460500 	 0.6367684 
461000 	 0.5359693 
461500 	 0.4603081 
462000 	 0.5109347 
462500 	 0.2394 
463000 	 0.540678 
463500 	 0.5111182 
464000 	 0.4891882 
464500 	 0.5906995 
465000 	 0.4526499 
465500 	 0.4481645 
466000 	 0.5378727 
466500 	 0.4958321 
467000 	 0.4496544 
467500 	 0.6425992 
468000 	 0.232898 
468500 	 0.3787516 
469000 	 0.4344682 
469500 	 0.4726313 
470000 	 0.5177216 
470500 	 0.6369872 
471000 	 0.3621498 
471500 	 0.4977009 
472000 	 0.4904401 
472500 	 0.527363 
473000 	 0.5888689 
473500 	 0.5747487 
474000 	 0.4911989 
474500 	 0.5227275 
475000 	 0.3551418 
475500 	 0.6296192 
476000 	 0.550525 
476500 	 0.4993206 
477000 	 0.6253919 
477500 	 0.4752183 
478000 	 0.5351355 
478500 	 0.5010207 
479000 	 0.405822 
479500 	 0.3228333 
480000 	 0.3444873 
480500 	 0.3771636 
481000 	 0.576708 
481500 	 0.5046168 
482000 	 0.5927084 
482500 	 0.5284093 
483000 	 0.4643645 
483500 	 0.4062981 
484000 	 0.4043807 
484500 	 0.4526573 
485000 	 0.4754183 
485500 	 0.5088369 
486000 	 0.384646 
486500 	 0.4555673 
487000 	 0.5785942 
487500 	 0.5645302 
488000 	 0.5074025 
488500 	 0.4752784 
489000 	 0.3671685 
489500 	 0.6759705 
490000 	 0.4389994 
490500 	 0.4758172 
491000 	 0.6211022 
491500 	 0.3787866 
492000 	 0.5247793 
492500 	 0.4640497 
493000 	 0.5113358 
493500 	 0.5514442 
494000 	 0.4879174 
494500 	 0.5366982 
495000 	 0.4639241 
495500 	 0.4467538 
496000 	 0.5018197 
496500 	 0.5084167 
497000 	 0.5257889 
497500 	 0.4031459 
498000 	 0.4619216 
498500 	 0.574213 
499000 	 0.4120299 
499500 	 0.5106005 
500000 	 0.484345 
