iter 	 p
500 	 0.679553 
1000 	 0.5527073 
1500 	 0.4560469 
2000 	 0.5366213 
2500 	 0.5285904 
3000 	 0.4973112 
3500 	 0.5814181 
4000 	 0.6899032 
4500 	 0.5027044 
5000 	 0.615591 
5500 	 0.6217171 
6000 	 0.5213824 
6500 	 0.6372928 
7000 	 0.4384978 
7500 	 0.5884532 
8000 	 0.5460204 
8500 	 0.5173594 
9000 	 0.6408332 
9500 	 0.6414731 
10000 	 0.5585966 
10500 	 0.7169454 
11000 	 0.3983581 
11500 	 0.6628157 
12000 	 0.5580438 
12500 	 0.685419 
13000 	 0.5736226 
13500 	 0.6050725 
14000 	 0.5278901 
14500 	 0.6010823 
15000 	 0.5739136 
15500 	 0.6870234 
16000 	 0.5345065 
16500 	 0.7590498 
17000 	 0.4724912 
17500 	 0.5748129 
18000 	 0.6300219 
18500 	 0.5679891 
19000 	 0.4834659 
19500 	 0.4854388 
20000 	 0.6470197 
20500 	 0.6461843 
21000 	 0.6107478 
21500 	 0.5269022 
22000 	 0.56913 
22500 	 0.5283674 
23000 	 0.6447331 
23500 	 0.6854377 
24000 	 0.6959273 
24500 	 0.6183237 
25000 	 0.4822853 
25500 	 0.5895547 
26000 	 0.4990752 
26500 	 0.6848167 
27000 	 0.5144134 
27500 	 0.5111588 
28000 	 0.5479659 
28500 	 0.62271 
29000 	 0.5320146 
29500 	 0.6828643 
30000 	 0.4588096 
30500 	 0.5544061 
31000 	 0.621344 
31500 	 0.6813172 
32000 	 0.653693 
32500 	 0.6207136 
33000 	 0.6096905 
33500 	 0.4703465 
34000 	 0.5823286 
34500 	 0.4414937 
35000 	 0.5628975 
35500 	 0.570175 
36000 	 0.5311385 
36500 	 0.4537847 
37000 	 0.6811108 
37500 	 0.5046347 
38000 	 0.6753598 
38500 	 0.609169 
39000 	 0.6436315 
39500 	 0.6474634 
40000 	 0.6357004 
40500 	 0.5034532 
41000 	 0.4623696 
41500 	 0.7338572 
42000 	 0.564223 
42500 	 0.5437664 
43000 	 0.828698 
43500 	 0.6618526 
44000 	 0.6598559 
44500 	 0.6723803 
45000 	 0.7391561 
45500 	 0.5755924 
46000 	 0.5020994 
46500 	 0.5967441 
47000 	 0.6974597 
47500 	 0.6598837 
48000 	 0.6274043 
48500 	 0.6269169 
49000 	 0.5677351 
49500 	 0.6351824 
50000 	 0.6234391 
50500 	 0.5795361 
51000 	 0.6575619 
51500 	 0.6968092 
52000 	 0.5578684 
52500 	 0.6552237 
53000 	 0.613001 
53500 	 0.6451816 
54000 	 0.550013 
54500 	 0.627231 
55000 	 0.4957478 
55500 	 0.5148615 
56000 	 0.6348071 
56500 	 0.5579054 
57000 	 0.5591628 
57500 	 0.6357535 
58000 	 0.575883 
58500 	 0.6711633 
59000 	 0.6951773 
59500 	 0.5719744 
60000 	 0.64191 
60500 	 0.5955769 
61000 	 0.5476733 
61500 	 0.6285365 
62000 	 0.4992033 
62500 	 0.5000376 
63000 	 0.6981676 
63500 	 0.7930094 
64000 	 0.574159 
64500 	 0.6292014 
65000 	 0.5723635 
65500 	 0.4922316 
66000 	 0.5272059 
66500 	 0.61515 
67000 	 0.5636486 
67500 	 0.5286762 
68000 	 0.5088835 
68500 	 0.5820089 
69000 	 0.5617739 
69500 	 0.6191876 
70000 	 0.6329828 
70500 	 0.5379711 
71000 	 0.4826949 
71500 	 0.6132973 
72000 	 0.546943 
72500 	 0.6234684 
73000 	 0.5377033 
73500 	 0.4857853 
74000 	 0.6001457 
74500 	 0.6500795 
75000 	 0.5535788 
75500 	 0.4899333 
76000 	 0.6301488 
76500 	 0.702495 
77000 	 0.687953 
77500 	 0.7131549 
78000 	 0.5932709 
78500 	 0.6321595 
79000 	 0.3632251 
79500 	 0.6418656 
80000 	 0.7048566 
80500 	 0.5784502 
81000 	 0.7075599 
81500 	 0.5283086 
82000 	 0.5715146 
82500 	 0.6474092 
83000 	 0.6562447 
83500 	 0.6753234 
84000 	 0.526478 
84500 	 0.538202 
85000 	 0.7329727 
85500 	 0.6733973 
86000 	 0.5099258 
86500 	 0.5560617 
87000 	 0.6115392 
87500 	 0.6714063 
88000 	 0.6540756 
88500 	 0.5764216 
89000 	 0.5535582 
89500 	 0.6048014 
90000 	 0.562138 
90500 	 0.5929604 
91000 	 0.6182449 
91500 	 0.7294776 
92000 	 0.7261127 
92500 	 0.4604913 
93000 	 0.4358211 
93500 	 0.6916052 
94000 	 0.4891218 
94500 	 0.6050904 
95000 	 0.6790426 
95500 	 0.5689007 
96000 	 0.7127843 
96500 	 0.5322363 
97000 	 0.6452215 
97500 	 0.6497687 
98000 	 0.4732463 
98500 	 0.4881218 
99000 	 0.6530968 
99500 	 0.5131448 
100000 	 0.5460947 
100500 	 0.659169 
101000 	 0.5981346 
101500 	 0.6337353 
102000 	 0.7037448 
102500 	 0.5644344 
103000 	 0.6061593 
103500 	 0.6283854 
104000 	 0.6852799 
104500 	 0.5950881 
105000 	 0.5453075 
105500 	 0.6361999 
106000 	 0.6954041 
106500 	 0.6672978 
107000 	 0.5606229 
107500 	 0.6619879 
108000 	 0.5781682 
108500 	 0.4682019 
109000 	 0.6200462 
109500 	 0.6179544 
110000 	 0.6058064 
110500 	 0.6579294 
111000 	 0.6029066 
111500 	 0.6464299 
112000 	 0.643847 
112500 	 0.3986843 
113000 	 0.6719319 
113500 	 0.5976534 
114000 	 0.6591394 
114500 	 0.5317919 
115000 	 0.5274593 
115500 	 0.583201 
116000 	 0.6131829 
116500 	 0.6025488 
117000 	 0.62747 
117500 	 0.5400191 
118000 	 0.7592394 
118500 	 0.5619283 
119000 	 0.4221558 
119500 	 0.5604765 
120000 	 0.6395036 
120500 	 0.5244673 
121000 	 0.7152713 
121500 	 0.5488334 
122000 	 0.5425631 
122500 	 0.650274 
123000 	 0.4980872 
123500 	 0.6939617 
124000 	 0.5149855 
124500 	 0.5836655 
125000 	 0.6063637 
125500 	 0.6541756 
126000 	 0.538304 
126500 	 0.5385108 
127000 	 0.6254767 
127500 	 0.7138325 
128000 	 0.4981093 
128500 	 0.5892466 
129000 	 0.6823188 
129500 	 0.49417 
130000 	 0.6734586 
130500 	 0.5360347 
131000 	 0.5490452 
131500 	 0.6327757 
132000 	 0.6926629 
132500 	 0.4757569 
133000 	 0.5174626 
133500 	 0.6255649 
134000 	 0.475498 
134500 	 0.6374907 
135000 	 0.6460182 
135500 	 0.4455968 
136000 	 0.5549072 
136500 	 0.7599954 
137000 	 0.6392298 
137500 	 0.6679967 
138000 	 0.699632 
138500 	 0.4471356 
139000 	 0.576172 
139500 	 0.5753026 
140000 	 0.4460913 
140500 	 0.6230291 
141000 	 0.7485443 
141500 	 0.6829943 
142000 	 0.6032733 
142500 	 0.7911681 
143000 	 0.5732775 
143500 	 0.6997216 
144000 	 0.5090411 
144500 	 0.5831612 
145000 	 0.6898535 
145500 	 0.5607626 
146000 	 0.6799588 
146500 	 0.5851221 
147000 	 0.6112715 
147500 	 0.584582 
148000 	 0.6129708 
148500 	 0.5232928 
149000 	 0.5650618 
149500 	 0.7444514 
150000 	 0.5476728 
150500 	 0.6363734 
151000 	 0.6113093 
151500 	 0.5265831 
152000 	 0.7126009 
152500 	 0.684079 
153000 	 0.5887269 
153500 	 0.7377594 
154000 	 0.5810939 
154500 	 0.5688831 
155000 	 0.7308973 
155500 	 0.6518554 
156000 	 0.5334882 
156500 	 0.6435345 
157000 	 0.4994085 
157500 	 0.5202907 
158000 	 0.5160325 
158500 	 0.6712645 
159000 	 0.6863188 
159500 	 0.5478886 
160000 	 0.6104137 
160500 	 0.5734596 
161000 	 0.5782784 
161500 	 0.7172628 
162000 	 0.6395341 
162500 	 0.4520195 
163000 	 0.5705693 
163500 	 0.6961024 
164000 	 0.568691 
164500 	 0.5876288 
165000 	 0.6221012 
165500 	 0.6030355 
166000 	 0.4979072 
166500 	 0.6325173 
167000 	 0.4972766 
167500 	 0.6668724 
168000 	 0.5345484 
168500 	 0.5503554 
169000 	 0.6462249 
169500 	 0.6847771 
170000 	 0.4582627 
170500 	 0.5787158 
171000 	 0.5515796 
171500 	 0.5207518 
172000 	 0.6291756 
172500 	 0.4849024 
173000 	 0.5916774 
173500 	 0.7215967 
174000 	 0.6368761 
174500 	 0.4987549 
175000 	 0.5999436 
175500 	 0.5926006 
176000 	 0.6821499 
176500 	 0.6796685 
177000 	 0.6023796 
177500 	 0.6813074 
178000 	 0.5964764 
178500 	 0.5937312 
179000 	 0.6592243 
179500 	 0.5598219 
180000 	 0.5458681 
180500 	 0.5200399 
181000 	 0.5808783 
181500 	 0.5482282 
182000 	 0.5306676 
182500 	 0.3990051 
183000 	 0.4519366 
183500 	 0.4202763 
184000 	 0.6001997 
184500 	 0.7079223 
185000 	 0.7018525 
185500 	 0.6592111 
186000 	 0.6571729 
186500 	 0.5768092 
187000 	 0.6341109 
187500 	 0.5449175 
188000 	 0.5785998 
188500 	 0.7609112 
189000 	 0.5927507 
189500 	 0.7745604 
190000 	 0.7689404 
190500 	 0.5164372 
191000 	 0.5142599 
191500 	 0.7530135 
192000 	 0.6844441 
192500 	 0.6290285 
193000 	 0.4540307 
193500 	 0.5352358 
194000 	 0.6325309 
194500 	 0.6238711 
195000 	 0.6451486 
195500 	 0.5626444 
196000 	 0.5410886 
196500 	 0.7527124 
197000 	 0.6541433 
197500 	 0.6006241 
198000 	 0.5573534 
198500 	 0.5885308 
199000 	 0.5832566 
199500 	 0.6272343 
200000 	 0.5201948 
200500 	 0.6537944 
201000 	 0.5822965 
201500 	 0.688694 
202000 	 0.4667618 
202500 	 0.7170229 
203000 	 0.5716895 
203500 	 0.6762028 
204000 	 0.7374338 
204500 	 0.6609479 
205000 	 0.5226721 
205500 	 0.6116145 
206000 	 0.4404718 
206500 	 0.479436 
207000 	 0.6334395 
207500 	 0.6082751 
208000 	 0.6652824 
208500 	 0.5940589 
209000 	 0.5643458 
209500 	 0.6716916 
210000 	 0.4940709 
210500 	 0.7730664 
211000 	 0.6403555 
211500 	 0.6134174 
212000 	 0.527979 
212500 	 0.656672 
213000 	 0.5535551 
213500 	 0.529715 
214000 	 0.5772171 
214500 	 0.6579936 
215000 	 0.6326239 
215500 	 0.6532299 
216000 	 0.7045482 
216500 	 0.4481511 
217000 	 0.6484553 
217500 	 0.7645573 
218000 	 0.5923891 
218500 	 0.7306781 
219000 	 0.6826471 
219500 	 0.6824183 
220000 	 0.625351 
220500 	 0.6133256 
221000 	 0.4410035 
221500 	 0.5671513 
222000 	 0.4531345 
222500 	 0.5352564 
223000 	 0.5435871 
223500 	 0.7072077 
224000 	 0.6461394 
224500 	 0.5707799 
225000 	 0.5862752 
225500 	 0.6366691 
226000 	 0.6961976 
226500 	 0.6207393 
227000 	 0.6059669 
227500 	 0.6180518 
228000 	 0.5403916 
228500 	 0.5031954 
229000 	 0.5350868 
229500 	 0.5067331 
230000 	 0.5896459 
230500 	 0.5059169 
231000 	 0.5259369 
231500 	 0.689668 
232000 	 0.5557857 
232500 	 0.6185611 
233000 	 0.6047626 
233500 	 0.728535 
234000 	 0.5553535 
234500 	 0.7375389 
235000 	 0.7268288 
235500 	 0.6430294 
236000 	 0.5713957 
236500 	 0.5600724 
237000 	 0.5509052 
237500 	 0.6486205 
238000 	 0.4885827 
238500 	 0.5684803 
239000 	 0.7168956 
239500 	 0.5501644 
240000 	 0.7040824 
240500 	 0.5586121 
241000 	 0.6510152 
241500 	 0.6688101 
242000 	 0.7709476 
242500 	 0.5766657 
243000 	 0.5613235 
243500 	 0.6109991 
244000 	 0.4835598 
244500 	 0.6264396 
245000 	 0.5242499 
245500 	 0.5487264 
246000 	 0.5821546 
246500 	 0.6312784 
247000 	 0.6207646 
247500 	 0.5803597 
248000 	 0.5579246 
248500 	 0.7269609 
249000 	 0.5346713 
249500 	 0.6507143 
250000 	 0.6023354 
250500 	 0.6804599 
251000 	 0.6254283 
251500 	 0.575274 
252000 	 0.6500822 
252500 	 0.5317174 
253000 	 0.5350235 
253500 	 0.6375049 
254000 	 0.7704968 
254500 	 0.5537849 
255000 	 0.529645 
255500 	 0.5441528 
256000 	 0.5563171 
256500 	 0.6366882 
257000 	 0.6253134 
257500 	 0.7364518 
258000 	 0.5072043 
258500 	 0.5634535 
259000 	 0.5632447 
259500 	 0.6282 
260000 	 0.5374231 
260500 	 0.5870308 
261000 	 0.5515455 
261500 	 0.6019005 
262000 	 0.6229064 
262500 	 0.6557915 
263000 	 0.5240904 
263500 	 0.4663961 
264000 	 0.655266 
264500 	 0.5409987 
265000 	 0.5110528 
265500 	 0.7153367 
266000 	 0.6068813 
266500 	 0.5465452 
267000 	 0.438037 
267500 	 0.6518113 
268000 	 0.5835794 
268500 	 0.5773956 
269000 	 0.680198 
269500 	 0.619821 
270000 	 0.5984469 
270500 	 0.8073559 
271000 	 0.6798211 
271500 	 0.6438235 
272000 	 0.6363396 
272500 	 0.5077783 
273000 	 0.5996076 
273500 	 0.5325882 
274000 	 0.7411598 
274500 	 0.5270201 
275000 	 0.4174217 
275500 	 0.6937922 
276000 	 0.5335686 
276500 	 0.5043269 
277000 	 0.6839006 
277500 	 0.456069 
278000 	 0.6175876 
278500 	 0.4839366 
279000 	 0.7166543 
279500 	 0.670695 
280000 	 0.6371827 
280500 	 0.5620761 
281000 	 0.5046522 
281500 	 0.5149947 
282000 	 0.5900116 
282500 	 0.4501773 
283000 	 0.526091 
283500 	 0.7033508 
284000 	 0.4932722 
284500 	 0.5637554 
285000 	 0.63762 
285500 	 0.6216771 
286000 	 0.6074791 
286500 	 0.6215838 
287000 	 0.5658236 
287500 	 0.6314716 
288000 	 0.7223796 
288500 	 0.6059975 
289000 	 0.6790363 
289500 	 0.6365932 
290000 	 0.4844238 
290500 	 0.5661467 
291000 	 0.5766194 
291500 	 0.5972948 
292000 	 0.6022111 
292500 	 0.720678 
293000 	 0.6909558 
293500 	 0.6936357 
294000 	 0.5158025 
294500 	 0.6903076 
295000 	 0.6762649 
295500 	 0.6741274 
296000 	 0.5485703 
296500 	 0.5088918 
297000 	 0.5865255 
297500 	 0.6252241 
298000 	 0.6335924 
298500 	 0.6571282 
299000 	 0.5342813 
299500 	 0.6422784 
300000 	 0.7206451 
300500 	 0.4692087 
301000 	 0.5855382 
301500 	 0.6585164 
302000 	 0.6399663 
302500 	 0.421036 
303000 	 0.6275362 
303500 	 0.6214213 
304000 	 0.6327506 
304500 	 0.599815 
305000 	 0.4579055 
305500 	 0.6420407 
306000 	 0.6719372 
306500 	 0.6703614 
307000 	 0.4505963 
307500 	 0.5654869 
308000 	 0.5173517 
308500 	 0.4136659 
309000 	 0.5195086 
309500 	 0.5865256 
310000 	 0.6261554 
310500 	 0.6261099 
311000 	 0.4777592 
311500 	 0.4787055 
312000 	 0.5658455 
312500 	 0.5049287 
313000 	 0.5836765 
313500 	 0.7160413 
314000 	 0.6788198 
314500 	 0.5717252 
315000 	 0.5433306 
315500 	 0.6935151 
316000 	 0.5214033 
316500 	 0.5703027 
317000 	 0.5761013 
317500 	 0.5349588 
318000 	 0.4947972 
318500 	 0.631768 
319000 	 0.5490867 
319500 	 0.6854865 
320000 	 0.5365637 
320500 	 0.6654449 
321000 	 0.6120069 
321500 	 0.6089144 
322000 	 0.6278103 
322500 	 0.6802521 
323000 	 0.6624779 
323500 	 0.6481289 
324000 	 0.699082 
324500 	 0.5728962 
325000 	 0.6293876 
325500 	 0.5774082 
326000 	 0.6718424 
326500 	 0.7314902 
327000 	 0.5563754 
327500 	 0.5868738 
328000 	 0.6270931 
328500 	 0.5771179 
329000 	 0.7326518 
329500 	 0.6960732 
330000 	 0.6430914 
330500 	 0.5990834 
331000 	 0.6441438 
331500 	 0.5263239 
332000 	 0.7152373 
332500 	 0.3948946 
333000 	 0.5973671 
333500 	 0.490497 
334000 	 0.6976465 
334500 	 0.6927594 
335000 	 0.6421703 
335500 	 0.6700797 
336000 	 0.6634825 
336500 	 0.4978163 
337000 	 0.6089273 
337500 	 0.5231228 
338000 	 0.6562868 
338500 	 0.5657204 
339000 	 0.6243493 
339500 	 0.6087447 
340000 	 0.6393472 
340500 	 0.5556346 
341000 	 0.4819345 
341500 	 0.5780731 
342000 	 0.5524021 
342500 	 0.5297216 
343000 	 0.6543336 
343500 	 0.5320231 
344000 	 0.561456 
344500 	 0.5949676 
345000 	 0.4518983 
345500 	 0.6132005 
346000 	 0.5816415 
346500 	 0.7063365 
347000 	 0.6715102 
347500 	 0.5114074 
348000 	 0.4233882 
348500 	 0.6102814 
349000 	 0.5971637 
349500 	 0.6459261 
350000 	 0.580915 
350500 	 0.5591161 
351000 	 0.716033 
351500 	 0.6598785 
352000 	 0.5832263 
352500 	 0.4221856 
353000 	 0.7055211 
353500 	 0.6484497 
354000 	 0.6214275 
354500 	 0.540276 
355000 	 0.7114679 
355500 	 0.5617661 
356000 	 0.5778705 
356500 	 0.5322893 
357000 	 0.5617502 
357500 	 0.6612095 
358000 	 0.448256 
358500 	 0.4589303 
359000 	 0.6578254 
359500 	 0.6776413 
360000 	 0.5802576 
360500 	 0.6076854 
361000 	 0.6276742 
361500 	 0.6753693 
362000 	 0.5130291 
362500 	 0.6138377 
363000 	 0.5728916 
363500 	 0.6936415 
364000 	 0.6415328 
364500 	 0.4788292 
365000 	 0.4912739 
365500 	 0.6015317 
366000 	 0.5982531 
366500 	 0.5377291 
367000 	 0.6034511 
367500 	 0.6439006 
368000 	 0.6247379 
368500 	 0.6356061 
369000 	 0.6286152 
369500 	 0.5138904 
370000 	 0.6656288 
370500 	 0.689057 
371000 	 0.5779435 
371500 	 0.5703204 
372000 	 0.6208383 
372500 	 0.4470137 
373000 	 0.441513 
373500 	 0.6827866 
374000 	 0.5549143 
374500 	 0.616733 
375000 	 0.6171202 
375500 	 0.5735364 
376000 	 0.546507 
376500 	 0.7009917 
377000 	 0.5570844 
377500 	 0.5466869 
378000 	 0.6770382 
378500 	 0.6615385 
379000 	 0.5487993 
379500 	 0.5096075 
380000 	 0.646735 
380500 	 0.6723357 
381000 	 0.5219931 
381500 	 0.4940097 
382000 	 0.6786056 
382500 	 0.4683887 
383000 	 0.6134688 
383500 	 0.6281515 
384000 	 0.7209871 
384500 	 0.6416128 
385000 	 0.5402676 
385500 	 0.5657933 
386000 	 0.5761418 
386500 	 0.5836511 
387000 	 0.6027723 
387500 	 0.4967874 
388000 	 0.4595469 
388500 	 0.7147302 
389000 	 0.490843 
389500 	 0.6213508 
390000 	 0.5937559 
390500 	 0.6466163 
391000 	 0.662061 
391500 	 0.5386556 
392000 	 0.6515588 
392500 	 0.4557513 
393000 	 0.7237769 
393500 	 0.5665178 
394000 	 0.5528911 
394500 	 0.7078591 
395000 	 0.5203143 
395500 	 0.5270191 
396000 	 0.7450923 
396500 	 0.6349898 
397000 	 0.5594875 
397500 	 0.542644 
398000 	 0.6592779 
398500 	 0.6111812 
399000 	 0.724231 
399500 	 0.7052968 
400000 	 0.6247226 
400500 	 0.549398 
401000 	 0.6917217 
401500 	 0.549889 
402000 	 0.5452942 
402500 	 0.3835513 
403000 	 0.6475 
403500 	 0.6586938 
404000 	 0.6670266 
404500 	 0.5727248 
405000 	 0.4986197 
405500 	 0.5531319 
406000 	 0.4874315 
406500 	 0.4742849 
407000 	 0.6023772 
407500 	 0.6174924 
408000 	 0.5968469 
408500 	 0.634459 
409000 	 0.3900506 
409500 	 0.6442179 
410000 	 0.5538475 
410500 	 0.7000356 
411000 	 0.7104098 
411500 	 0.5633513 
412000 	 0.4870569 
412500 	 0.5284038 
413000 	 0.5408223 
413500 	 0.7633235 
414000 	 0.6129923 
414500 	 0.5671225 
415000 	 0.5530634 
415500 	 0.600571 
416000 	 0.5712029 
416500 	 0.5891401 
417000 	 0.4923962 
417500 	 0.6247301 
418000 	 0.4689515 
418500 	 0.5185966 
419000 	 0.6165002 
419500 	 0.6346436 
420000 	 0.5512879 
420500 	 0.546417 
421000 	 0.6133123 
421500 	 0.4759455 
422000 	 0.5047024 
422500 	 0.6025659 
423000 	 0.4299182 
423500 	 0.6291708 
424000 	 0.532228 
424500 	 0.6263669 
425000 	 0.5369774 
425500 	 0.6039839 
426000 	 0.6234807 
426500 	 0.687147 
427000 	 0.5981153 
427500 	 0.6094729 
428000 	 0.6119321 
428500 	 0.7479538 
429000 	 0.5288181 
429500 	 0.6190978 
430000 	 0.5938045 
430500 	 0.6465899 
431000 	 0.7224406 
431500 	 0.6995653 
432000 	 0.5120251 
432500 	 0.5825729 
433000 	 0.4028605 
433500 	 0.694346 
434000 	 0.5421203 
434500 	 0.5834997 
435000 	 0.6424362 
435500 	 0.6327523 
436000 	 0.6950659 
436500 	 0.4987849 
437000 	 0.5913398 
437500 	 0.6089352 
438000 	 0.7442204 
438500 	 0.7002638 
439000 	 0.6903093 
439500 	 0.7066217 
440000 	 0.5376958 
440500 	 0.5707104 
441000 	 0.5329165 
441500 	 0.5481321 
442000 	 0.6393324 
442500 	 0.6505145 
443000 	 0.6630473 
443500 	 0.5982938 
444000 	 0.5007089 
444500 	 0.6967644 
445000 	 0.5805901 
445500 	 0.6838211 
446000 	 0.5366371 
446500 	 0.6571842 
447000 	 0.6509722 
447500 	 0.5365399 
448000 	 0.6064166 
448500 	 0.5633235 
449000 	 0.5736345 
449500 	 0.5111424 
450000 	 0.6726251 
450500 	 0.5612062 
451000 	 0.5142103 
451500 	 0.575975 
452000 	 0.5803561 
452500 	 0.7137253 
453000 	 0.7625213 
453500 	 0.5386758 
454000 	 0.5174416 
454500 	 0.5367625 
455000 	 0.5532564 
455500 	 0.5218671 
456000 	 0.6911951 
456500 	 0.6129408 
457000 	 0.6725972 
457500 	 0.6048903 
458000 	 0.6530147 
458500 	 0.569541 
459000 	 0.6308852 
459500 	 0.5924209 
460000 	 0.7648342 
460500 	 0.5663092 
461000 	 0.603857 
461500 	 0.5699013 
462000 	 0.5597523 
462500 	 0.4929282 
463000 	 0.6105913 
463500 	 0.6554381 
464000 	 0.5444056 
464500 	 0.7085286 
465000 	 0.4545309 
465500 	 0.5889514 
466000 	 0.6575646 
466500 	 0.4132153 
467000 	 0.6751638 
467500 	 0.7211319 
468000 	 0.6985364 
468500 	 0.7223284 
469000 	 0.5829462 
469500 	 0.6713552 
470000 	 0.7423373 
470500 	 0.5083604 
471000 	 0.565282 
471500 	 0.6079876 
472000 	 0.6544495 
472500 	 0.6977347 
473000 	 0.6226922 
473500 	 0.6714978 
474000 	 0.5076327 
474500 	 0.5282605 
475000 	 0.6657897 
475500 	 0.5437267 
476000 	 0.4796126 
476500 	 0.5778834 
477000 	 0.6273676 
477500 	 0.5686568 
478000 	 0.6255847 
478500 	 0.6168446 
479000 	 0.5962759 
479500 	 0.6302245 
480000 	 0.4662908 
480500 	 0.7194402 
481000 	 0.6041141 
481500 	 0.6864147 
482000 	 0.5111027 
482500 	 0.5981068 
483000 	 0.5188388 
483500 	 0.4735045 
484000 	 0.5838178 
484500 	 0.5898854 
485000 	 0.5838118 
485500 	 0.564199 
486000 	 0.5301349 
486500 	 0.4698664 
487000 	 0.7091025 
487500 	 0.5763055 
488000 	 0.6199047 
488500 	 0.5202638 
489000 	 0.5364175 
489500 	 0.5528479 
490000 	 0.5526006 
490500 	 0.7015944 
491000 	 0.6118356 
491500 	 0.4595792 
492000 	 0.5485048 
492500 	 0.6256345 
493000 	 0.6313023 
493500 	 0.5134269 
494000 	 0.769051 
494500 	 0.6609028 
495000 	 0.5997512 
495500 	 0.6408266 
496000 	 0.6028583 
496500 	 0.7178982 
497000 	 0.5404288 
497500 	 0.6036391 
498000 	 0.710947 
498500 	 0.5817803 
499000 	 0.6651053 
499500 	 0.5932315 
500000 	 0.5363061 
