iter 	 p
500 	 0.2007183 
1000 	 0.1222504 
1500 	 0.1263724 
2000 	 0.3519849 
2500 	 0.1802724 
3000 	 0.1151802 
3500 	 0.2376099 
4000 	 0.1442075 
4500 	 0.2717723 
5000 	 0.2471693 
5500 	 0.1990932 
6000 	 0.05607328 
6500 	 0.14582 
7000 	 0.1176339 
7500 	 0.1886253 
8000 	 0.154082 
8500 	 0.1632111 
9000 	 0.1662446 
9500 	 0.1075768 
10000 	 0.1516579 
10500 	 0.1879812 
11000 	 0.06534792 
11500 	 0.2953752 
12000 	 0.1390105 
12500 	 0.2221161 
13000 	 0.2083552 
13500 	 0.1537628 
14000 	 0.1778198 
14500 	 0.1782199 
15000 	 0.17964 
15500 	 0.1636643 
16000 	 0.2407459 
16500 	 0.08693379 
17000 	 0.1683607 
17500 	 0.2281378 
18000 	 0.110567 
18500 	 0.190508 
19000 	 0.2407872 
19500 	 0.2050656 
20000 	 0.1027534 
20500 	 0.1850079 
21000 	 0.1745308 
21500 	 0.1602475 
22000 	 0.2962443 
22500 	 0.1184726 
23000 	 0.1180134 
23500 	 0.1221673 
24000 	 0.1744026 
24500 	 0.2029885 
25000 	 0.1863218 
25500 	 0.1779126 
26000 	 0.2314782 
26500 	 0.09464168 
27000 	 0.1185133 
27500 	 0.1501166 
28000 	 0.2514943 
28500 	 0.1180836 
29000 	 0.1119378 
29500 	 0.104443 
30000 	 0.1191392 
30500 	 0.2468769 
31000 	 0.1796561 
31500 	 0.1730368 
32000 	 0.1365824 
32500 	 0.1197815 
33000 	 0.1590106 
33500 	 0.1666958 
34000 	 0.1966576 
34500 	 0.1652478 
35000 	 0.2585774 
35500 	 0.1471099 
36000 	 0.1321208 
36500 	 0.1589051 
37000 	 0.178425 
37500 	 0.1430534 
38000 	 0.1018847 
38500 	 0.1498822 
39000 	 0.2128706 
39500 	 0.174444 
40000 	 0.194856 
40500 	 0.03065539 
41000 	 0.2170573 
41500 	 0.136332 
42000 	 0.09642545 
42500 	 0.1678747 
43000 	 0.1662607 
43500 	 0.1628715 
44000 	 0.1628101 
44500 	 0.1448527 
45000 	 0.2394163 
45500 	 0.1459572 
46000 	 0.2817743 
46500 	 0.352297 
47000 	 0.1773832 
47500 	 0.1825114 
48000 	 0.1122263 
48500 	 0.1678487 
49000 	 0.2264253 
49500 	 0.1346913 
50000 	 0.1202926 
50500 	 0.2488728 
51000 	 0.1589912 
51500 	 0.2774069 
52000 	 0.1601892 
52500 	 0.2223619 
53000 	 0.1680014 
53500 	 0.1351184 
54000 	 0.2360879 
54500 	 0.1838047 
55000 	 0.2298537 
55500 	 0.2291545 
56000 	 0.2410539 
56500 	 0.1859721 
57000 	 0.1706869 
57500 	 0.1471964 
58000 	 0.2496511 
58500 	 0.1046635 
59000 	 0.1774009 
59500 	 0.1616498 
60000 	 0.1998973 
60500 	 0.2400516 
61000 	 0.2304551 
61500 	 0.2141857 
62000 	 0.1015351 
62500 	 0.1075287 
63000 	 0.253229 
63500 	 0.2321118 
64000 	 0.2051276 
64500 	 0.114205 
65000 	 0.1464958 
65500 	 0.09651013 
66000 	 0.213859 
66500 	 0.280186 
67000 	 0.3082777 
67500 	 0.1741122 
68000 	 0.181894 
68500 	 0.2083992 
69000 	 0.2478753 
69500 	 0.1559113 
70000 	 0.1229459 
70500 	 0.1453094 
71000 	 0.1174894 
71500 	 0.2596902 
72000 	 0.2217357 
72500 	 0.2621264 
73000 	 0.3913865 
73500 	 0.2260979 
74000 	 0.1861113 
74500 	 0.132937 
75000 	 0.1678632 
75500 	 0.1324412 
76000 	 0.2439226 
76500 	 0.1547184 
77000 	 0.1574029 
77500 	 0.2069093 
78000 	 0.1743186 
78500 	 0.2054301 
79000 	 0.1999954 
79500 	 0.1399437 
80000 	 0.2417176 
80500 	 0.09463051 
81000 	 0.1989789 
81500 	 0.0923339 
82000 	 0.1743066 
82500 	 0.1917609 
83000 	 0.1306679 
83500 	 0.3251738 
84000 	 0.1868016 
84500 	 0.1533605 
85000 	 0.255606 
85500 	 0.1337069 
86000 	 0.2091676 
86500 	 0.2389571 
87000 	 0.1253134 
87500 	 0.1204788 
88000 	 0.1532697 
88500 	 0.2471868 
89000 	 0.1814779 
89500 	 0.2188417 
90000 	 0.1241172 
90500 	 0.1303669 
91000 	 0.1289905 
91500 	 0.1231765 
92000 	 0.2425411 
92500 	 0.2338712 
93000 	 0.1928946 
93500 	 0.1780452 
94000 	 0.2070706 
94500 	 0.1293688 
95000 	 0.2442652 
95500 	 0.09272014 
96000 	 0.1855917 
96500 	 0.2331756 
97000 	 0.1030691 
97500 	 0.1081063 
98000 	 0.2203772 
98500 	 0.1609542 
99000 	 0.1617848 
99500 	 0.09388419 
100000 	 0.2685137 
100500 	 0.1092652 
101000 	 0.1992098 
101500 	 0.1412068 
102000 	 0.08348189 
102500 	 0.1967481 
103000 	 0.1577457 
103500 	 0.1577014 
104000 	 0.137919 
104500 	 0.150718 
105000 	 0.1766419 
105500 	 0.1140094 
106000 	 0.2017656 
106500 	 0.06772698 
107000 	 0.06552642 
107500 	 0.2378894 
108000 	 0.1540266 
108500 	 0.2550526 
109000 	 0.1611215 
109500 	 0.1226946 
110000 	 0.1694956 
110500 	 0.1979098 
111000 	 0.1907542 
111500 	 0.125222 
112000 	 0.1578622 
112500 	 0.1697149 
113000 	 0.09573368 
113500 	 0.1166935 
114000 	 0.2249575 
114500 	 0.1278431 
115000 	 0.131374 
115500 	 0.1571185 
116000 	 0.09194429 
116500 	 0.2214686 
117000 	 0.1850149 
117500 	 0.175439 
118000 	 0.08363522 
118500 	 0.1808004 
119000 	 0.2174033 
119500 	 0.0953352 
120000 	 0.2010854 
120500 	 0.2007211 
121000 	 0.1794859 
121500 	 0.147971 
122000 	 0.1200705 
122500 	 0.1437806 
123000 	 0.1327489 
123500 	 0.2715975 
124000 	 0.3241652 
124500 	 0.1203037 
125000 	 0.1328553 
125500 	 0.1552582 
126000 	 0.1944088 
126500 	 0.1676109 
127000 	 0.1104219 
127500 	 0.1422791 
128000 	 0.1006372 
128500 	 0.1795323 
129000 	 0.2115613 
129500 	 0.1569118 
130000 	 0.3704885 
130500 	 0.1824569 
131000 	 0.1394634 
131500 	 0.1400558 
132000 	 0.158632 
132500 	 0.136845 
133000 	 0.1617159 
133500 	 0.1772947 
134000 	 0.1474481 
134500 	 0.1685637 
135000 	 0.1055381 
135500 	 0.2508561 
136000 	 0.2796704 
136500 	 0.1935339 
137000 	 0.1842398 
137500 	 0.1389228 
138000 	 0.1614772 
138500 	 0.1833597 
139000 	 0.2477329 
139500 	 0.1264668 
140000 	 0.228638 
140500 	 0.1837684 
141000 	 0.07420015 
141500 	 0.2836437 
142000 	 0.07040511 
142500 	 0.1713509 
143000 	 0.1798661 
143500 	 0.1572142 
144000 	 0.1109476 
144500 	 0.1385145 
145000 	 0.200725 
145500 	 0.1216439 
146000 	 0.189866 
146500 	 0.1549364 
147000 	 0.1716666 
147500 	 0.1363236 
148000 	 0.2618849 
148500 	 0.2076629 
149000 	 0.1941647 
149500 	 0.2408328 
150000 	 0.1967701 
150500 	 0.1232331 
151000 	 0.1815036 
151500 	 0.1934487 
152000 	 0.252204 
152500 	 0.2035903 
153000 	 0.1933587 
153500 	 0.1219479 
154000 	 0.2352913 
154500 	 0.3604543 
155000 	 0.1283451 
155500 	 0.2363066 
156000 	 0.1779875 
156500 	 0.2089625 
157000 	 0.09082654 
157500 	 0.316786 
158000 	 0.1003972 
158500 	 0.149256 
159000 	 0.1416317 
159500 	 0.1105828 
160000 	 0.2586936 
160500 	 0.1202132 
161000 	 0.1903087 
161500 	 0.1695111 
162000 	 0.2263219 
162500 	 0.2668099 
163000 	 0.1665538 
163500 	 0.1198203 
164000 	 0.1766626 
164500 	 0.2201679 
165000 	 0.1752482 
165500 	 0.1500503 
166000 	 0.2067663 
166500 	 0.2315865 
167000 	 0.1537701 
167500 	 0.1745247 
168000 	 0.1949201 
168500 	 0.2142159 
169000 	 0.2230158 
169500 	 0.203609 
170000 	 0.1458792 
170500 	 0.1884992 
171000 	 0.1986054 
171500 	 0.233918 
172000 	 0.1869105 
172500 	 0.13142 
173000 	 0.1222774 
173500 	 0.1484372 
174000 	 0.1412073 
174500 	 0.1815494 
175000 	 0.2957786 
175500 	 0.143265 
176000 	 0.2195404 
176500 	 0.1296944 
177000 	 0.2244044 
177500 	 0.2650555 
178000 	 0.166498 
178500 	 0.1262633 
179000 	 0.0947842 
179500 	 0.1318898 
180000 	 0.1026892 
180500 	 0.1206011 
181000 	 0.2694936 
181500 	 0.1111398 
182000 	 0.181176 
182500 	 0.1445574 
183000 	 0.1544797 
183500 	 0.2433207 
184000 	 0.1183317 
184500 	 0.08949753 
185000 	 0.1402047 
185500 	 0.2320576 
186000 	 0.1548628 
186500 	 0.1294793 
187000 	 0.1600022 
187500 	 0.1467937 
188000 	 0.1981271 
188500 	 0.1330907 
189000 	 0.1875614 
189500 	 0.07606884 
190000 	 0.1117601 
190500 	 0.1780394 
191000 	 0.2689465 
191500 	 0.1402773 
192000 	 0.2236701 
192500 	 0.2684183 
193000 	 0.1712271 
193500 	 0.1470284 
194000 	 0.1667236 
194500 	 0.1071621 
195000 	 0.1087408 
195500 	 0.2447517 
196000 	 0.1582089 
196500 	 0.2256042 
197000 	 0.1813157 
197500 	 0.1494357 
198000 	 0.1320871 
198500 	 0.1863822 
199000 	 0.2464686 
199500 	 0.2239581 
200000 	 0.1892286 
200500 	 0.1531078 
201000 	 0.1203504 
201500 	 0.2192036 
202000 	 0.1535151 
202500 	 0.09536879 
203000 	 0.189356 
203500 	 0.09989411 
204000 	 0.2126911 
204500 	 0.1651303 
205000 	 0.1543155 
205500 	 0.1230918 
206000 	 0.1859908 
206500 	 0.1865179 
207000 	 0.1436934 
207500 	 0.1140184 
208000 	 0.1149376 
208500 	 0.09964977 
209000 	 0.3129612 
209500 	 0.1706482 
210000 	 0.2132851 
210500 	 0.1409298 
211000 	 0.1353509 
211500 	 0.2039688 
212000 	 0.2498826 
212500 	 0.1260432 
213000 	 0.2075903 
213500 	 0.1655219 
214000 	 0.1813294 
214500 	 0.2408474 
215000 	 0.1090314 
215500 	 0.1998451 
216000 	 0.1837736 
216500 	 0.2729054 
217000 	 0.2046965 
217500 	 0.1223668 
218000 	 0.2207885 
218500 	 0.1314826 
219000 	 0.2375371 
219500 	 0.1935894 
220000 	 0.1488077 
220500 	 0.1562221 
221000 	 0.1208619 
221500 	 0.2718305 
222000 	 0.1617765 
222500 	 0.1181788 
223000 	 0.1076006 
223500 	 0.3386878 
224000 	 0.168703 
224500 	 0.1275756 
225000 	 0.11239 
225500 	 0.1485409 
226000 	 0.2345427 
226500 	 0.1168214 
227000 	 0.09828012 
227500 	 0.1976589 
228000 	 0.236963 
228500 	 0.1790889 
229000 	 0.2242533 
229500 	 0.1697482 
230000 	 0.2344036 
230500 	 0.1074464 
231000 	 0.1112467 
231500 	 0.2238007 
232000 	 0.1754772 
232500 	 0.08224378 
233000 	 0.1910897 
233500 	 0.2011404 
234000 	 0.2335496 
234500 	 0.3459935 
235000 	 0.1010264 
235500 	 0.1390438 
236000 	 0.2129679 
236500 	 0.2256203 
237000 	 0.1501568 
237500 	 0.2229918 
238000 	 0.1158235 
238500 	 0.1885592 
239000 	 0.1810016 
239500 	 0.1850883 
240000 	 0.2885781 
240500 	 0.2055934 
241000 	 0.241313 
241500 	 0.1223674 
242000 	 0.08830933 
242500 	 0.1490323 
243000 	 0.156525 
243500 	 0.2403687 
244000 	 0.1571409 
244500 	 0.1992539 
245000 	 0.117765 
245500 	 0.1434976 
246000 	 0.158472 
246500 	 0.1158434 
247000 	 0.1947639 
247500 	 0.254285 
248000 	 0.1155686 
248500 	 0.1669131 
249000 	 0.2091702 
249500 	 0.3015214 
250000 	 0.1331005 
250500 	 0.2161373 
251000 	 0.06881049 
251500 	 0.2063511 
252000 	 0.1643114 
252500 	 0.1230666 
253000 	 0.2575758 
253500 	 0.2365996 
254000 	 0.179691 
254500 	 0.2440256 
255000 	 0.1484561 
255500 	 0.2364086 
256000 	 0.1167845 
256500 	 0.1219364 
257000 	 0.202724 
257500 	 0.1444467 
258000 	 0.2118027 
258500 	 0.1026794 
259000 	 0.1752409 
259500 	 0.1148643 
260000 	 0.1727938 
260500 	 0.2145507 
261000 	 0.1847675 
261500 	 0.1244866 
262000 	 0.1080959 
262500 	 0.2082242 
263000 	 0.1569016 
263500 	 0.1974688 
264000 	 0.1307769 
264500 	 0.2265391 
265000 	 0.1476469 
265500 	 0.2236157 
266000 	 0.1877439 
266500 	 0.1540351 
267000 	 0.1000892 
267500 	 0.2710422 
268000 	 0.1879301 
268500 	 0.1730503 
269000 	 0.1177718 
269500 	 0.1468574 
270000 	 0.1564319 
270500 	 0.1404118 
271000 	 0.18567 
271500 	 0.1967546 
272000 	 0.2627127 
272500 	 0.1821174 
273000 	 0.2167676 
273500 	 0.1510665 
274000 	 0.1591165 
274500 	 0.1431634 
275000 	 0.1393878 
275500 	 0.1079642 
276000 	 0.143318 
276500 	 0.265598 
277000 	 0.1999238 
277500 	 0.08402567 
278000 	 0.2086486 
278500 	 0.04737682 
279000 	 0.1814669 
279500 	 0.2721365 
280000 	 0.1728696 
280500 	 0.2080985 
281000 	 0.1941014 
281500 	 0.2123412 
282000 	 0.1329518 
282500 	 0.1401978 
283000 	 0.1422037 
283500 	 0.1501996 
284000 	 0.14185 
284500 	 0.0860131 
285000 	 0.2412496 
285500 	 0.2285931 
286000 	 0.1682706 
286500 	 0.209993 
287000 	 0.171795 
287500 	 0.2204074 
288000 	 0.1622209 
288500 	 0.1770874 
289000 	 0.1822995 
289500 	 0.2180522 
290000 	 0.2631415 
290500 	 0.2795889 
291000 	 0.1792566 
291500 	 0.1450267 
292000 	 0.2274602 
292500 	 0.129102 
293000 	 0.193248 
293500 	 0.1407604 
294000 	 0.1343364 
294500 	 0.1991199 
295000 	 0.1893339 
295500 	 0.2682974 
296000 	 0.2160239 
296500 	 0.1703298 
297000 	 0.1175801 
297500 	 0.262067 
298000 	 0.1142458 
298500 	 0.1788747 
299000 	 0.09335136 
299500 	 0.2329104 
300000 	 0.1542559 
300500 	 0.2310073 
301000 	 0.122993 
301500 	 0.1451868 
302000 	 0.2471059 
302500 	 0.1490596 
303000 	 0.1788538 
303500 	 0.2670752 
304000 	 0.1386127 
304500 	 0.1591783 
305000 	 0.09215082 
305500 	 0.2555665 
306000 	 0.1144373 
306500 	 0.1475831 
307000 	 0.2205442 
307500 	 0.1074033 
308000 	 0.08615682 
308500 	 0.1728583 
309000 	 0.2636246 
309500 	 0.1954872 
310000 	 0.1607845 
310500 	 0.2458386 
311000 	 0.2683282 
311500 	 0.2148293 
312000 	 0.2027584 
312500 	 0.1845696 
313000 	 0.1061266 
313500 	 0.1784359 
314000 	 0.1945996 
314500 	 0.09990521 
315000 	 0.1804095 
315500 	 0.2308914 
316000 	 0.2002758 
316500 	 0.1167112 
317000 	 0.182716 
317500 	 0.2388247 
318000 	 0.1128316 
318500 	 0.204315 
319000 	 0.1711983 
319500 	 0.1698966 
320000 	 0.1481116 
320500 	 0.1367373 
321000 	 0.18491 
321500 	 0.1217531 
322000 	 0.131281 
322500 	 0.1633559 
323000 	 0.2267083 
323500 	 0.2534336 
324000 	 0.1443097 
324500 	 0.1290291 
325000 	 0.2469764 
325500 	 0.1545452 
326000 	 0.1481101 
326500 	 0.1921844 
327000 	 0.1539776 
327500 	 0.1605394 
328000 	 0.1101748 
328500 	 0.2333237 
329000 	 0.1359925 
329500 	 0.301631 
330000 	 0.1843997 
330500 	 0.1031351 
331000 	 0.1965799 
331500 	 0.1584753 
332000 	 0.1066526 
332500 	 0.1289171 
333000 	 0.2457507 
333500 	 0.2874542 
334000 	 0.1838642 
334500 	 0.1008951 
335000 	 0.1651193 
335500 	 0.1570213 
336000 	 0.2534805 
336500 	 0.1798637 
337000 	 0.1446527 
337500 	 0.1990342 
338000 	 0.1402684 
338500 	 0.2665021 
339000 	 0.2541431 
339500 	 0.136085 
340000 	 0.159836 
340500 	 0.189259 
341000 	 0.1312248 
341500 	 0.06748067 
342000 	 0.1620346 
342500 	 0.1749197 
343000 	 0.10005 
343500 	 0.09659796 
344000 	 0.1076212 
344500 	 0.1836565 
345000 	 0.1855809 
345500 	 0.2448715 
346000 	 0.1940639 
346500 	 0.172848 
347000 	 0.1988854 
347500 	 0.1604313 
348000 	 0.2255956 
348500 	 0.1042737 
349000 	 0.2365424 
349500 	 0.1828298 
350000 	 0.2419276 
350500 	 0.1231547 
351000 	 0.1307687 
351500 	 0.09630386 
352000 	 0.2073054 
352500 	 0.2199592 
353000 	 0.1569037 
353500 	 0.07803447 
354000 	 0.08830293 
354500 	 0.1580458 
355000 	 0.09578643 
355500 	 0.2071277 
356000 	 0.149844 
356500 	 0.1169138 
357000 	 0.1874707 
357500 	 0.133577 
358000 	 0.1300496 
358500 	 0.1998935 
359000 	 0.1591099 
359500 	 0.2040462 
360000 	 0.1081014 
360500 	 0.1755331 
361000 	 0.129456 
361500 	 0.1674156 
362000 	 0.1867665 
362500 	 0.2158953 
363000 	 0.1784755 
363500 	 0.1530067 
364000 	 0.2536989 
364500 	 0.160092 
365000 	 0.2017788 
365500 	 0.1503801 
366000 	 0.1247224 
366500 	 0.1404684 
367000 	 0.2024136 
367500 	 0.0662239 
368000 	 0.2198645 
368500 	 0.1323792 
369000 	 0.16065 
369500 	 0.121364 
370000 	 0.09141419 
370500 	 0.2119877 
371000 	 0.156961 
371500 	 0.1422077 
372000 	 0.1111194 
372500 	 0.3123144 
373000 	 0.1352433 
373500 	 0.1650318 
374000 	 0.134299 
374500 	 0.2203233 
375000 	 0.129292 
375500 	 0.1919828 
376000 	 0.1782313 
376500 	 0.2367439 
377000 	 0.1883432 
377500 	 0.2457083 
378000 	 0.1609156 
378500 	 0.1503789 
379000 	 0.1166806 
379500 	 0.1796087 
380000 	 0.1383335 
380500 	 0.1281533 
381000 	 0.1037929 
381500 	 0.1806743 
382000 	 0.1403765 
382500 	 0.2439886 
383000 	 0.0589522 
383500 	 0.1799552 
384000 	 0.2135987 
384500 	 0.1277714 
385000 	 0.1838552 
385500 	 0.08703289 
386000 	 0.1212018 
386500 	 0.1685447 
387000 	 0.2107119 
387500 	 0.2476011 
388000 	 0.1451095 
388500 	 0.189325 
389000 	 0.2297627 
389500 	 0.1908531 
390000 	 0.09653199 
390500 	 0.1709775 
391000 	 0.2515848 
391500 	 0.1915036 
392000 	 0.1901152 
392500 	 0.1838224 
393000 	 0.1721162 
393500 	 0.3446748 
394000 	 0.09591068 
394500 	 0.1855221 
395000 	 0.0924266 
395500 	 0.1656686 
396000 	 0.09615331 
396500 	 0.0942527 
397000 	 0.07270152 
397500 	 0.1956763 
398000 	 0.08412899 
398500 	 0.1497032 
399000 	 0.2261464 
399500 	 0.2535917 
400000 	 0.1504789 
400500 	 0.175202 
401000 	 0.2246262 
401500 	 0.1016509 
402000 	 0.1556299 
402500 	 0.1422802 
403000 	 0.2408201 
403500 	 0.2312197 
404000 	 0.1185653 
404500 	 0.1200711 
405000 	 0.1585331 
405500 	 0.1637709 
406000 	 0.1214188 
406500 	 0.1377305 
407000 	 0.09318732 
407500 	 0.1907737 
408000 	 0.195822 
408500 	 0.1488677 
409000 	 0.1752665 
409500 	 0.1546259 
410000 	 0.1471285 
410500 	 0.2241105 
411000 	 0.1347779 
411500 	 0.2065987 
412000 	 0.1286564 
412500 	 0.2169915 
413000 	 0.1159114 
413500 	 0.2778332 
414000 	 0.1492552 
414500 	 0.08522145 
415000 	 0.1012767 
415500 	 0.1286139 
416000 	 0.1830965 
416500 	 0.1639405 
417000 	 0.1378631 
417500 	 0.2669114 
418000 	 0.1708337 
418500 	 0.1440129 
419000 	 0.1866111 
419500 	 0.1010281 
420000 	 0.08660237 
420500 	 0.1559487 
421000 	 0.1437216 
421500 	 0.1001002 
422000 	 0.1219852 
422500 	 0.1627234 
423000 	 0.1561491 
423500 	 0.1511149 
424000 	 0.1821259 
424500 	 0.220353 
425000 	 0.2304757 
425500 	 0.1477563 
426000 	 0.1729868 
426500 	 0.176187 
427000 	 0.0996488 
427500 	 0.1705789 
428000 	 0.1538255 
428500 	 0.18573 
429000 	 0.1234434 
429500 	 0.1646836 
430000 	 0.2440715 
430500 	 0.106104 
431000 	 0.1749764 
431500 	 0.1730787 
432000 	 0.1278649 
432500 	 0.1002976 
433000 	 0.1760039 
433500 	 0.1502945 
434000 	 0.118723 
434500 	 0.1724444 
435000 	 0.1751009 
435500 	 0.1334492 
436000 	 0.1793243 
436500 	 0.2686759 
437000 	 0.1511043 
437500 	 0.142334 
438000 	 0.1710539 
438500 	 0.1434449 
439000 	 0.1605713 
439500 	 0.2071105 
440000 	 0.2327419 
440500 	 0.2066483 
441000 	 0.2137675 
441500 	 0.208477 
442000 	 0.1728542 
442500 	 0.2091918 
443000 	 0.2051022 
443500 	 0.1219559 
444000 	 0.1112327 
444500 	 0.3664122 
445000 	 0.1136298 
445500 	 0.1969857 
446000 	 0.163847 
446500 	 0.1316878 
447000 	 0.1145656 
447500 	 0.1360041 
448000 	 0.1096886 
448500 	 0.1269304 
449000 	 0.2538979 
449500 	 0.1816195 
450000 	 0.1619601 
450500 	 0.1722797 
451000 	 0.151415 
451500 	 0.1120535 
452000 	 0.2212755 
452500 	 0.09719154 
453000 	 0.1997551 
453500 	 0.1516172 
454000 	 0.1636461 
454500 	 0.2477424 
455000 	 0.08422133 
455500 	 0.1455696 
456000 	 0.2261577 
456500 	 0.1091733 
457000 	 0.2248188 
457500 	 0.1063169 
458000 	 0.2630413 
458500 	 0.2262488 
459000 	 0.2891527 
459500 	 0.1921613 
460000 	 0.1363453 
460500 	 0.1146866 
461000 	 0.1077387 
461500 	 0.1507391 
462000 	 0.166513 
462500 	 0.1121189 
463000 	 0.175876 
463500 	 0.2001611 
464000 	 0.2628748 
464500 	 0.1399433 
465000 	 0.2082053 
465500 	 0.1686415 
466000 	 0.2071385 
466500 	 0.1797784 
467000 	 0.2521032 
467500 	 0.06950588 
468000 	 0.2413108 
468500 	 0.1865202 
469000 	 0.1248496 
469500 	 0.08187324 
470000 	 0.173962 
470500 	 0.1922476 
471000 	 0.03439772 
471500 	 0.1702574 
472000 	 0.1950091 
472500 	 0.2286236 
473000 	 0.2050265 
473500 	 0.1794906 
474000 	 0.1538855 
474500 	 0.1210263 
475000 	 0.2005092 
475500 	 0.1333318 
476000 	 0.1498 
476500 	 0.1197104 
477000 	 0.174017 
477500 	 0.2552353 
478000 	 0.26896 
478500 	 0.1360711 
479000 	 0.1523737 
479500 	 0.2870053 
480000 	 0.2059578 
480500 	 0.1763922 
481000 	 0.2198953 
481500 	 0.08289731 
482000 	 0.1982004 
482500 	 0.2064849 
483000 	 0.1950623 
483500 	 0.09522029 
484000 	 0.08126431 
484500 	 0.163022 
485000 	 0.2707248 
485500 	 0.1275591 
486000 	 0.1905144 
486500 	 0.1443134 
487000 	 0.1502535 
487500 	 0.368011 
488000 	 0.1133985 
488500 	 0.2386126 
489000 	 0.1218914 
489500 	 0.2103425 
490000 	 0.1652581 
490500 	 0.1100173 
491000 	 0.2963377 
491500 	 0.08197962 
492000 	 0.2876467 
492500 	 0.1417589 
493000 	 0.1382532 
493500 	 0.15822 
494000 	 0.138745 
494500 	 0.1260292 
495000 	 0.2516649 
495500 	 0.2046005 
496000 	 0.1785571 
496500 	 0.1847145 
497000 	 0.2328567 
497500 	 0.1245835 
498000 	 0.2136117 
498500 	 0.190398 
499000 	 0.2329506 
499500 	 0.1052661 
500000 	 0.1666093 
