iter 	 p
500 	 0.2384769 
1000 	 0.2913385 
1500 	 0.2223855 
2000 	 0.2327498 
2500 	 0.2181667 
3000 	 0.3612047 
3500 	 0.2731664 
4000 	 0.2546996 
4500 	 0.2616024 
5000 	 0.1722278 
5500 	 0.2160919 
6000 	 0.1960368 
6500 	 0.2226126 
7000 	 0.2668614 
7500 	 0.3072357 
8000 	 0.2543692 
8500 	 0.2546939 
9000 	 0.3030948 
9500 	 0.1815733 
10000 	 0.181148 
10500 	 0.3085764 
11000 	 0.1859277 
11500 	 0.2513961 
12000 	 0.1808304 
12500 	 0.2361652 
13000 	 0.2510583 
13500 	 0.3199816 
14000 	 0.2266501 
14500 	 0.3589699 
15000 	 0.2468704 
15500 	 0.2197233 
16000 	 0.4259461 
16500 	 0.3205273 
17000 	 0.1979828 
17500 	 0.1913197 
18000 	 0.2576274 
18500 	 0.1962163 
19000 	 0.2634572 
19500 	 0.2193882 
20000 	 0.2031482 
20500 	 0.210697 
21000 	 0.3616744 
21500 	 0.2166355 
22000 	 0.2293955 
22500 	 0.2182698 
23000 	 0.3109582 
23500 	 0.1951347 
24000 	 0.3471377 
24500 	 0.29138 
25000 	 0.2804849 
25500 	 0.2132221 
26000 	 0.1993547 
26500 	 0.2491445 
27000 	 0.2985852 
27500 	 0.3948814 
28000 	 0.2338944 
28500 	 0.3198412 
29000 	 0.2369879 
29500 	 0.2528848 
30000 	 0.2618726 
30500 	 0.3036584 
31000 	 0.2158652 
31500 	 0.2880473 
32000 	 0.330032 
32500 	 0.2748414 
33000 	 0.250695 
33500 	 0.3435925 
34000 	 0.4243166 
34500 	 0.333744 
35000 	 0.2737964 
35500 	 0.1971247 
36000 	 0.3645571 
36500 	 0.3419726 
37000 	 0.3141771 
37500 	 0.3020928 
38000 	 0.1491448 
38500 	 0.1872719 
39000 	 0.22874 
39500 	 0.2588516 
40000 	 0.182172 
40500 	 0.3469308 
41000 	 0.3001735 
41500 	 0.3685659 
42000 	 0.2495715 
42500 	 0.2587279 
43000 	 0.2577917 
43500 	 0.2538579 
44000 	 0.2169841 
44500 	 0.2779713 
45000 	 0.2001622 
45500 	 0.2093451 
46000 	 0.386824 
46500 	 0.2284403 
47000 	 0.224423 
47500 	 0.2819096 
48000 	 0.2670006 
48500 	 0.1896847 
49000 	 0.4389263 
49500 	 0.3362012 
50000 	 0.2860457 
50500 	 0.1384787 
51000 	 0.2609568 
51500 	 0.2909227 
52000 	 0.280804 
52500 	 0.2558662 
53000 	 0.162592 
53500 	 0.2339751 
54000 	 0.3359007 
54500 	 0.1697175 
55000 	 0.4396559 
55500 	 0.3250749 
56000 	 0.25112 
56500 	 0.1949901 
57000 	 0.2373366 
57500 	 0.2611475 
58000 	 0.3366001 
58500 	 0.2435123 
59000 	 0.2817907 
59500 	 0.1643372 
60000 	 0.376284 
60500 	 0.3018713 
61000 	 0.2689849 
61500 	 0.3064687 
62000 	 0.1604416 
62500 	 0.3402578 
63000 	 0.146616 
63500 	 0.1804352 
64000 	 0.3141209 
64500 	 0.2769514 
65000 	 0.3024172 
65500 	 0.2243371 
66000 	 0.2052865 
66500 	 0.1535025 
67000 	 0.2940168 
67500 	 0.2793823 
68000 	 0.2284966 
68500 	 0.3164644 
69000 	 0.2676905 
69500 	 0.3343722 
70000 	 0.3821809 
70500 	 0.2530008 
71000 	 0.151564 
71500 	 0.2878577 
72000 	 0.2435093 
72500 	 0.2413729 
73000 	 0.2435815 
73500 	 0.2756361 
74000 	 0.2499905 
74500 	 0.2137483 
75000 	 0.2784717 
75500 	 0.1867425 
76000 	 0.1992464 
76500 	 0.2657219 
77000 	 0.2763793 
77500 	 0.1357515 
78000 	 0.2130348 
78500 	 0.3224118 
79000 	 0.2510758 
79500 	 0.2142271 
80000 	 0.2597893 
80500 	 0.2691773 
81000 	 0.2738501 
81500 	 0.2170577 
82000 	 0.2714752 
82500 	 0.1696716 
83000 	 0.1991826 
83500 	 0.2325785 
84000 	 0.2951638 
84500 	 0.3193177 
85000 	 0.2183404 
85500 	 0.2140327 
86000 	 0.2788353 
86500 	 0.3136722 
87000 	 0.2798377 
87500 	 0.2206997 
88000 	 0.140997 
88500 	 0.2160972 
89000 	 0.2341524 
89500 	 0.2101051 
90000 	 0.3784888 
90500 	 0.148205 
91000 	 0.3031302 
91500 	 0.2923711 
92000 	 0.2602415 
92500 	 0.3219658 
93000 	 0.1381476 
93500 	 0.3088809 
94000 	 0.2586136 
94500 	 0.2177142 
95000 	 0.2981501 
95500 	 0.1528075 
96000 	 0.2167808 
96500 	 0.3289529 
97000 	 0.2054942 
97500 	 0.4136393 
98000 	 0.3563717 
98500 	 0.264738 
99000 	 0.235725 
99500 	 0.2337472 
100000 	 0.3592436 
100500 	 0.2620261 
101000 	 0.3082485 
101500 	 0.1908433 
102000 	 0.2278571 
102500 	 0.4079269 
103000 	 0.3125627 
103500 	 0.4054652 
104000 	 0.2503662 
104500 	 0.2773547 
105000 	 0.2447984 
105500 	 0.2702294 
106000 	 0.2012461 
106500 	 0.1571055 
107000 	 0.2678092 
107500 	 0.3708468 
108000 	 0.2680226 
108500 	 0.2642402 
109000 	 0.1543891 
109500 	 0.2402031 
110000 	 0.2188424 
110500 	 0.2231924 
111000 	 0.282694 
111500 	 0.3328765 
112000 	 0.2718237 
112500 	 0.2576709 
113000 	 0.263324 
113500 	 0.2432189 
114000 	 0.2885736 
114500 	 0.2454308 
115000 	 0.2668686 
115500 	 0.3574202 
116000 	 0.2344215 
116500 	 0.2342092 
117000 	 0.1982348 
117500 	 0.2007905 
118000 	 0.131817 
118500 	 0.1591719 
119000 	 0.3638288 
119500 	 0.2477077 
120000 	 0.1795562 
120500 	 0.3145039 
121000 	 0.248721 
121500 	 0.2524343 
122000 	 0.1984898 
122500 	 0.220471 
123000 	 0.1718493 
123500 	 0.3737915 
124000 	 0.1853805 
124500 	 0.2636078 
125000 	 0.1759985 
125500 	 0.2909349 
126000 	 0.2993816 
126500 	 0.3209561 
127000 	 0.2292675 
127500 	 0.2155242 
128000 	 0.2080524 
128500 	 0.2281785 
129000 	 0.2463177 
129500 	 0.1385813 
130000 	 0.186221 
130500 	 0.1992624 
131000 	 0.2001671 
131500 	 0.2276052 
132000 	 0.3274905 
132500 	 0.2866673 
133000 	 0.2138806 
133500 	 0.2197199 
134000 	 0.3262345 
134500 	 0.2118381 
135000 	 0.2420089 
135500 	 0.2438906 
136000 	 0.2747615 
136500 	 0.2149768 
137000 	 0.2613722 
137500 	 0.2279168 
138000 	 0.1759673 
138500 	 0.2402192 
139000 	 0.2456167 
139500 	 0.2680166 
140000 	 0.1849914 
140500 	 0.2653047 
141000 	 0.2528304 
141500 	 0.2490293 
142000 	 0.2959226 
142500 	 0.3254125 
143000 	 0.1864247 
143500 	 0.1938638 
144000 	 0.3467146 
144500 	 0.3481102 
145000 	 0.2603542 
145500 	 0.255263 
146000 	 0.2085325 
146500 	 0.2150467 
147000 	 0.1856522 
147500 	 0.3068565 
148000 	 0.1782046 
148500 	 0.2500475 
149000 	 0.1801272 
149500 	 0.2629735 
150000 	 0.3311328 
150500 	 0.2195544 
151000 	 0.2641424 
151500 	 0.3495835 
152000 	 0.188497 
152500 	 0.248859 
153000 	 0.1780145 
153500 	 0.3256794 
154000 	 0.2178312 
154500 	 0.2542725 
155000 	 0.310836 
155500 	 0.1560865 
156000 	 0.2535416 
156500 	 0.3043241 
157000 	 0.2527402 
157500 	 0.1713965 
158000 	 0.2872136 
158500 	 0.3328547 
159000 	 0.2146936 
159500 	 0.193193 
160000 	 0.2766435 
160500 	 0.2388567 
161000 	 0.2595629 
161500 	 0.2574918 
162000 	 0.2311559 
162500 	 0.314252 
163000 	 0.2089287 
163500 	 0.2558518 
164000 	 0.3734863 
164500 	 0.3161495 
165000 	 0.2876309 
165500 	 0.1511676 
166000 	 0.2597343 
166500 	 0.212839 
167000 	 0.3294811 
167500 	 0.1921154 
168000 	 0.2461573 
168500 	 0.1762526 
169000 	 0.2292323 
169500 	 0.1860335 
170000 	 0.2469166 
170500 	 0.3163492 
171000 	 0.253712 
171500 	 0.2598947 
172000 	 0.2279318 
172500 	 0.2380685 
173000 	 0.3297762 
173500 	 0.3373669 
174000 	 0.2224121 
174500 	 0.2232391 
175000 	 0.3260219 
175500 	 0.3142646 
176000 	 0.4686762 
176500 	 0.3467484 
177000 	 0.2703942 
177500 	 0.2369713 
178000 	 0.3275788 
178500 	 0.3653239 
179000 	 0.2691609 
179500 	 0.279854 
180000 	 0.3378439 
180500 	 0.1891714 
181000 	 0.1953986 
181500 	 0.1559247 
182000 	 0.1926113 
182500 	 0.13974 
183000 	 0.277293 
183500 	 0.3018569 
184000 	 0.16846 
184500 	 0.2493366 
185000 	 0.1862228 
185500 	 0.1700237 
186000 	 0.212555 
186500 	 0.4108305 
187000 	 0.2706027 
187500 	 0.3008756 
188000 	 0.2401976 
188500 	 0.1470647 
189000 	 0.1848501 
189500 	 0.2636162 
190000 	 0.3725517 
190500 	 0.2683889 
191000 	 0.2645617 
191500 	 0.1979943 
192000 	 0.2213567 
192500 	 0.3435421 
193000 	 0.1539178 
193500 	 0.1842935 
194000 	 0.2595933 
194500 	 0.1548588 
195000 	 0.3111019 
195500 	 0.3344163 
196000 	 0.2548926 
196500 	 0.3329216 
197000 	 0.3072757 
197500 	 0.2293917 
198000 	 0.2600406 
198500 	 0.2465412 
199000 	 0.3153928 
199500 	 0.3553579 
200000 	 0.2753443 
200500 	 0.276158 
201000 	 0.1860283 
201500 	 0.1590229 
202000 	 0.1945685 
202500 	 0.1882439 
203000 	 0.2022028 
203500 	 0.2897471 
204000 	 0.1339873 
204500 	 0.2970408 
205000 	 0.26892 
205500 	 0.2513694 
206000 	 0.1828603 
206500 	 0.2174836 
207000 	 0.1609726 
207500 	 0.2899404 
208000 	 0.2326264 
208500 	 0.4555492 
209000 	 0.2754027 
209500 	 0.2515907 
210000 	 0.2782508 
210500 	 0.3076748 
211000 	 0.1464039 
211500 	 0.3265046 
212000 	 0.1986122 
212500 	 0.2667411 
213000 	 0.3352214 
213500 	 0.2316132 
214000 	 0.2444677 
214500 	 0.4514658 
215000 	 0.258665 
215500 	 0.2515166 
216000 	 0.269611 
216500 	 0.2726914 
217000 	 0.233508 
217500 	 0.1701832 
218000 	 0.309954 
218500 	 0.21251 
219000 	 0.4252386 
219500 	 0.2868223 
220000 	 0.21488 
220500 	 0.2584355 
221000 	 0.2410285 
221500 	 0.1671996 
222000 	 0.2758465 
222500 	 0.2124979 
223000 	 0.2830768 
223500 	 0.2111427 
224000 	 0.2770211 
224500 	 0.3532982 
225000 	 0.2253081 
225500 	 0.2772676 
226000 	 0.2523932 
226500 	 0.3967923 
227000 	 0.2095149 
227500 	 0.2790444 
228000 	 0.2285214 
228500 	 0.2425626 
229000 	 0.2227526 
229500 	 0.188339 
230000 	 0.2936098 
230500 	 0.2698772 
231000 	 0.380541 
231500 	 0.2788484 
232000 	 0.3802028 
232500 	 0.2409418 
233000 	 0.1413288 
233500 	 0.2201258 
234000 	 0.2769851 
234500 	 0.2494857 
235000 	 0.2366361 
235500 	 0.2256304 
236000 	 0.298163 
236500 	 0.2280394 
237000 	 0.2409284 
237500 	 0.1499151 
238000 	 0.3202858 
238500 	 0.3768864 
239000 	 0.277979 
239500 	 0.1886037 
240000 	 0.297567 
240500 	 0.2838438 
241000 	 0.1897362 
241500 	 0.1918278 
242000 	 0.2848089 
242500 	 0.2047524 
243000 	 0.2675901 
243500 	 0.2548612 
244000 	 0.3934688 
244500 	 0.1449737 
245000 	 0.3232775 
245500 	 0.1951236 
246000 	 0.18442 
246500 	 0.3695861 
247000 	 0.2268347 
247500 	 0.3062788 
248000 	 0.2342614 
248500 	 0.3005016 
249000 	 0.3030837 
249500 	 0.2726317 
250000 	 0.2076011 
250500 	 0.2817647 
251000 	 0.1324717 
251500 	 0.1428592 
252000 	 0.1976037 
252500 	 0.2702927 
253000 	 0.2968869 
253500 	 0.2318611 
254000 	 0.2225135 
254500 	 0.2811538 
255000 	 0.2115318 
255500 	 0.3235541 
256000 	 0.3524476 
256500 	 0.2969731 
257000 	 0.2534297 
257500 	 0.2864423 
258000 	 0.3804619 
258500 	 0.2529009 
259000 	 0.2944662 
259500 	 0.2404105 
260000 	 0.2120326 
260500 	 0.3109186 
261000 	 0.2264801 
261500 	 0.2877622 
262000 	 0.1983515 
262500 	 0.3045461 
263000 	 0.278231 
263500 	 0.3027799 
264000 	 0.2284928 
264500 	 0.2791155 
265000 	 0.1307888 
265500 	 0.238251 
266000 	 0.2518667 
266500 	 0.2387228 
267000 	 0.2446927 
267500 	 0.225967 
268000 	 0.2171632 
268500 	 0.2471782 
269000 	 0.2841123 
269500 	 0.3549085 
270000 	 0.2086768 
270500 	 0.2132569 
271000 	 0.2090916 
271500 	 0.3308634 
272000 	 0.2559412 
272500 	 0.2062927 
273000 	 0.4395612 
273500 	 0.2518502 
274000 	 0.2273596 
274500 	 0.1892165 
275000 	 0.2731969 
275500 	 0.3383567 
276000 	 0.2107156 
276500 	 0.2108649 
277000 	 0.280309 
277500 	 0.2460839 
278000 	 0.1977578 
278500 	 0.2088494 
279000 	 0.321711 
279500 	 0.2148978 
280000 	 0.3068657 
280500 	 0.3455846 
281000 	 0.2479049 
281500 	 0.2749008 
282000 	 0.1750619 
282500 	 0.31093 
283000 	 0.3196785 
283500 	 0.2348535 
284000 	 0.2561013 
284500 	 0.3095605 
285000 	 0.1450613 
285500 	 0.1339885 
286000 	 0.2569083 
286500 	 0.3000375 
287000 	 0.1589468 
287500 	 0.2872342 
288000 	 0.3325039 
288500 	 0.311148 
289000 	 0.3003572 
289500 	 0.2053777 
290000 	 0.2143616 
290500 	 0.2073732 
291000 	 0.2190792 
291500 	 0.314166 
292000 	 0.2576893 
292500 	 0.1503889 
293000 	 0.2306943 
293500 	 0.3556089 
294000 	 0.463115 
294500 	 0.1969407 
295000 	 0.1518201 
295500 	 0.2514758 
296000 	 0.1832786 
296500 	 0.3967131 
297000 	 0.2510214 
297500 	 0.2134809 
298000 	 0.1130759 
298500 	 0.1977639 
299000 	 0.2370127 
299500 	 0.3411807 
300000 	 0.2101783 
300500 	 0.2826952 
301000 	 0.2481362 
301500 	 0.1569852 
302000 	 0.2517795 
302500 	 0.1718911 
303000 	 0.3035075 
303500 	 0.2113176 
304000 	 0.1913372 
304500 	 0.3319431 
305000 	 0.2381792 
305500 	 0.2537947 
306000 	 0.2154586 
306500 	 0.2760935 
307000 	 0.3326284 
307500 	 0.2609753 
308000 	 0.1219051 
308500 	 0.2500525 
309000 	 0.1354159 
309500 	 0.1924922 
310000 	 0.2029709 
310500 	 0.3369879 
311000 	 0.1742162 
311500 	 0.2115363 
312000 	 0.277749 
312500 	 0.1297049 
313000 	 0.2429701 
313500 	 0.2708507 
314000 	 0.2607915 
314500 	 0.2055151 
315000 	 0.145015 
315500 	 0.3587616 
316000 	 0.3179425 
316500 	 0.2164255 
317000 	 0.2547445 
317500 	 0.3318133 
318000 	 0.1142378 
318500 	 0.1141625 
319000 	 0.2861383 
319500 	 0.2545357 
320000 	 0.2731946 
320500 	 0.1828937 
321000 	 0.1454392 
321500 	 0.274277 
322000 	 0.2196703 
322500 	 0.3803717 
323000 	 0.1666353 
323500 	 0.2955152 
324000 	 0.1501293 
324500 	 0.2389582 
325000 	 0.2722982 
325500 	 0.2780976 
326000 	 0.2395488 
326500 	 0.3378109 
327000 	 0.4329632 
327500 	 0.3307913 
328000 	 0.2702872 
328500 	 0.2898699 
329000 	 0.3320067 
329500 	 0.2101337 
330000 	 0.2267327 
330500 	 0.1788031 
331000 	 0.2871468 
331500 	 0.285456 
332000 	 0.2173589 
332500 	 0.2894005 
333000 	 0.3014788 
333500 	 0.137459 
334000 	 0.2761415 
334500 	 0.2095686 
335000 	 0.2402015 
335500 	 0.2822672 
336000 	 0.213848 
336500 	 0.2727388 
337000 	 0.3410811 
337500 	 0.3125047 
338000 	 0.3127734 
338500 	 0.267493 
339000 	 0.174197 
339500 	 0.3086781 
340000 	 0.1107465 
340500 	 0.2648997 
341000 	 0.1368154 
341500 	 0.2566088 
342000 	 0.1699236 
342500 	 0.2239487 
343000 	 0.2856442 
343500 	 0.1578121 
344000 	 0.1943079 
344500 	 0.2462132 
345000 	 0.2979557 
345500 	 0.1727573 
346000 	 0.2350247 
346500 	 0.2905382 
347000 	 0.3212567 
347500 	 0.2484015 
348000 	 0.2965892 
348500 	 0.2635453 
349000 	 0.2084803 
349500 	 0.2266945 
350000 	 0.2174404 
350500 	 0.2696356 
351000 	 0.2656162 
351500 	 0.2288265 
352000 	 0.2883837 
352500 	 0.2485858 
353000 	 0.3500672 
353500 	 0.1944843 
354000 	 0.1788227 
354500 	 0.2242094 
355000 	 0.3967997 
355500 	 0.1802112 
356000 	 0.1784698 
356500 	 0.3466752 
357000 	 0.1684141 
357500 	 0.2876026 
358000 	 0.3422396 
358500 	 0.2359202 
359000 	 0.2950474 
359500 	 0.1868732 
360000 	 0.2473229 
360500 	 0.2877737 
361000 	 0.2527418 
361500 	 0.1352872 
362000 	 0.4427868 
362500 	 0.2769338 
363000 	 0.1137338 
363500 	 0.2340404 
364000 	 0.1404386 
364500 	 0.3428493 
365000 	 0.235889 
365500 	 0.2661524 
366000 	 0.3000861 
366500 	 0.2877884 
367000 	 0.1608823 
367500 	 0.2463987 
368000 	 0.2363564 
368500 	 0.2747456 
369000 	 0.2037383 
369500 	 0.1516815 
370000 	 0.2575084 
370500 	 0.283147 
371000 	 0.1963501 
371500 	 0.3055867 
372000 	 0.2055253 
372500 	 0.3593346 
373000 	 0.3164327 
373500 	 0.1666128 
374000 	 0.2486821 
374500 	 0.2592851 
375000 	 0.3468608 
375500 	 0.2962181 
376000 	 0.2749161 
376500 	 0.2736419 
377000 	 0.2070453 
377500 	 0.1601293 
378000 	 0.3193602 
378500 	 0.3081222 
379000 	 0.1819428 
379500 	 0.2441844 
380000 	 0.3166662 
380500 	 0.1925988 
381000 	 0.2854918 
381500 	 0.1636789 
382000 	 0.1979011 
382500 	 0.2639416 
383000 	 0.2797828 
383500 	 0.3579354 
384000 	 0.1982398 
384500 	 0.320185 
385000 	 0.2342248 
385500 	 0.3468059 
386000 	 0.3425794 
386500 	 0.2434869 
387000 	 0.1919045 
387500 	 0.3570842 
388000 	 0.1667191 
388500 	 0.5112864 
389000 	 0.1302375 
389500 	 0.2461426 
390000 	 0.2394433 
390500 	 0.2498855 
391000 	 0.2065041 
391500 	 0.1912419 
392000 	 0.1509007 
392500 	 0.1286442 
393000 	 0.2785314 
393500 	 0.1822269 
394000 	 0.1759375 
394500 	 0.2544627 
395000 	 0.2413687 
395500 	 0.2910087 
396000 	 0.3443535 
396500 	 0.3307198 
397000 	 0.2576142 
397500 	 0.2487538 
398000 	 0.3727699 
398500 	 0.3150508 
399000 	 0.3250427 
399500 	 0.2770046 
400000 	 0.122946 
400500 	 0.252309 
401000 	 0.1600174 
401500 	 0.1785785 
402000 	 0.2319218 
402500 	 0.3561462 
403000 	 0.2455735 
403500 	 0.2180812 
404000 	 0.317661 
404500 	 0.2466212 
405000 	 0.1880444 
405500 	 0.2205914 
406000 	 0.2436506 
406500 	 0.3037757 
407000 	 0.2311627 
407500 	 0.2587213 
408000 	 0.1938015 
408500 	 0.2048132 
409000 	 0.2070172 
409500 	 0.226984 
410000 	 0.3489067 
410500 	 0.191165 
411000 	 0.2472923 
411500 	 0.2647476 
412000 	 0.2610815 
412500 	 0.2908652 
413000 	 0.1559586 
413500 	 0.257138 
414000 	 0.306329 
414500 	 0.3149156 
415000 	 0.1382247 
415500 	 0.2808729 
416000 	 0.3731741 
416500 	 0.2683186 
417000 	 0.2111524 
417500 	 0.2372971 
418000 	 0.254357 
418500 	 0.2700805 
419000 	 0.2619444 
419500 	 0.2187317 
420000 	 0.2997501 
420500 	 0.2866635 
421000 	 0.2624897 
421500 	 0.3187924 
422000 	 0.207949 
422500 	 0.2469803 
423000 	 0.1948457 
423500 	 0.1985961 
424000 	 0.2022684 
424500 	 0.2205601 
425000 	 0.1747349 
425500 	 0.2378758 
426000 	 0.3197006 
426500 	 0.2325774 
427000 	 0.2352913 
427500 	 0.2247256 
428000 	 0.1850004 
428500 	 0.2123116 
429000 	 0.3441683 
429500 	 0.1741689 
430000 	 0.2588332 
430500 	 0.277901 
431000 	 0.1817884 
431500 	 0.2247555 
432000 	 0.2777909 
432500 	 0.3160525 
433000 	 0.2818779 
433500 	 0.3065114 
434000 	 0.3244998 
434500 	 0.1964767 
435000 	 0.1766762 
435500 	 0.2303917 
436000 	 0.3323341 
436500 	 0.2889986 
437000 	 0.2295054 
437500 	 0.3585871 
438000 	 0.2618587 
438500 	 0.2661681 
439000 	 0.3039051 
439500 	 0.2500675 
440000 	 0.2995113 
440500 	 0.2336343 
441000 	 0.2510162 
441500 	 0.2374289 
442000 	 0.1568983 
442500 	 0.1887542 
443000 	 0.2726604 
443500 	 0.3608176 
444000 	 0.2058497 
444500 	 0.2817605 
445000 	 0.2484557 
445500 	 0.1558316 
446000 	 0.2603266 
446500 	 0.2019843 
447000 	 0.1854796 
447500 	 0.2436093 
448000 	 0.1303539 
448500 	 0.2548031 
449000 	 0.2066041 
449500 	 0.2821902 
450000 	 0.2040858 
450500 	 0.358992 
451000 	 0.2799302 
451500 	 0.2295197 
452000 	 0.1476931 
452500 	 0.2138882 
453000 	 0.2051609 
453500 	 0.2651037 
454000 	 0.3117736 
454500 	 0.25532 
455000 	 0.3162415 
455500 	 0.2325575 
456000 	 0.2112043 
456500 	 0.2017304 
457000 	 0.2978188 
457500 	 0.2558372 
458000 	 0.3030141 
458500 	 0.3023973 
459000 	 0.2464854 
459500 	 0.2778683 
460000 	 0.2999871 
460500 	 0.2194454 
461000 	 0.2892304 
461500 	 0.2382396 
462000 	 0.3674187 
462500 	 0.2633969 
463000 	 0.2045822 
463500 	 0.2294768 
464000 	 0.2295544 
464500 	 0.2833584 
465000 	 0.3249045 
465500 	 0.3330418 
466000 	 0.2346628 
466500 	 0.3036917 
467000 	 0.2251114 
467500 	 0.2363949 
468000 	 0.241579 
468500 	 0.2994248 
469000 	 0.293335 
469500 	 0.2891326 
470000 	 0.1159273 
470500 	 0.2003883 
471000 	 0.261954 
471500 	 0.3494512 
472000 	 0.1817742 
472500 	 0.2589087 
473000 	 0.1810357 
473500 	 0.1974644 
474000 	 0.1933864 
474500 	 0.2045503 
475000 	 0.2052522 
475500 	 0.3117206 
476000 	 0.2168026 
476500 	 0.2167813 
477000 	 0.3684195 
477500 	 0.3323988 
478000 	 0.2687547 
478500 	 0.2995084 
479000 	 0.4178548 
479500 	 0.3284672 
480000 	 0.2276575 
480500 	 0.1768834 
481000 	 0.2767801 
481500 	 0.3123124 
482000 	 0.276625 
482500 	 0.2504267 
483000 	 0.4057875 
483500 	 0.2308811 
484000 	 0.3208236 
484500 	 0.2455681 
485000 	 0.1881045 
485500 	 0.3800559 
486000 	 0.4201624 
486500 	 0.238894 
487000 	 0.1358541 
487500 	 0.3126097 
488000 	 0.2473481 
488500 	 0.2243264 
489000 	 0.2709595 
489500 	 0.3577305 
490000 	 0.2491991 
490500 	 0.2098385 
491000 	 0.2657989 
491500 	 0.2261844 
492000 	 0.2314069 
492500 	 0.2442172 
493000 	 0.1868356 
493500 	 0.2837024 
494000 	 0.2502051 
494500 	 0.288124 
495000 	 0.1943851 
495500 	 0.261424 
496000 	 0.3239262 
496500 	 0.263961 
497000 	 0.2878512 
497500 	 0.2367747 
498000 	 0.2167136 
498500 	 0.3615815 
499000 	 0.3434863 
499500 	 0.1980253 
500000 	 0.287198 
