iter 	 p
500 	 0.5871549 
1000 	 0.436217 
1500 	 0.4160398 
2000 	 0.4970507 
2500 	 0.340061 
3000 	 0.5115759 
3500 	 0.430301 
4000 	 0.4257868 
4500 	 0.3262038 
5000 	 0.5409706 
5500 	 0.4632274 
6000 	 0.6276105 
6500 	 0.3580457 
7000 	 0.4766813 
7500 	 0.5624947 
8000 	 0.4708743 
8500 	 0.4891036 
9000 	 0.4631338 
9500 	 0.3694046 
10000 	 0.5171896 
10500 	 0.5107389 
11000 	 0.4302804 
11500 	 0.4656064 
12000 	 0.4926451 
12500 	 0.4575975 
13000 	 0.5033913 
13500 	 0.4368861 
14000 	 0.4948445 
14500 	 0.3564841 
15000 	 0.386323 
15500 	 0.35878 
16000 	 0.5694487 
16500 	 0.4960977 
17000 	 0.4218697 
17500 	 0.438109 
18000 	 0.3567583 
18500 	 0.5482632 
19000 	 0.4363694 
19500 	 0.4997599 
20000 	 0.4967525 
20500 	 0.4449673 
21000 	 0.4134077 
21500 	 0.27048 
22000 	 0.4324153 
22500 	 0.5040039 
23000 	 0.5526721 
23500 	 0.4285573 
24000 	 0.5002022 
24500 	 0.3612687 
25000 	 0.3932244 
25500 	 0.3427815 
26000 	 0.4603027 
26500 	 0.4889194 
27000 	 0.4282158 
27500 	 0.3264694 
28000 	 0.4300502 
28500 	 0.4796362 
29000 	 0.4465372 
29500 	 0.4640558 
30000 	 0.5483858 
30500 	 0.3687671 
31000 	 0.4403276 
31500 	 0.42053 
32000 	 0.4685541 
32500 	 0.3456469 
33000 	 0.4674403 
33500 	 0.4407876 
34000 	 0.4434937 
34500 	 0.5323223 
35000 	 0.4447253 
35500 	 0.4670635 
36000 	 0.4370495 
36500 	 0.3523524 
37000 	 0.5170461 
37500 	 0.4914326 
38000 	 0.4353864 
38500 	 0.5000039 
39000 	 0.3075443 
39500 	 0.4671683 
40000 	 0.4096038 
40500 	 0.4722712 
41000 	 0.3713552 
41500 	 0.4540239 
42000 	 0.4743899 
42500 	 0.4149861 
43000 	 0.5384421 
43500 	 0.365232 
44000 	 0.398153 
44500 	 0.3531053 
45000 	 0.4347627 
45500 	 0.3988123 
46000 	 0.4760371 
46500 	 0.405756 
47000 	 0.6240052 
47500 	 0.4647712 
48000 	 0.5141284 
48500 	 0.3370811 
49000 	 0.3405419 
49500 	 0.5417433 
50000 	 0.4203452 
50500 	 0.4620902 
51000 	 0.5343527 
51500 	 0.3904013 
52000 	 0.4473247 
52500 	 0.4983071 
53000 	 0.4255307 
53500 	 0.3463608 
54000 	 0.3811935 
54500 	 0.5282233 
55000 	 0.6002874 
55500 	 0.4350291 
56000 	 0.4716842 
56500 	 0.4413913 
57000 	 0.3097685 
57500 	 0.5525631 
58000 	 0.5949354 
58500 	 0.4865073 
59000 	 0.4624599 
59500 	 0.324905 
60000 	 0.4459008 
60500 	 0.397485 
61000 	 0.4340047 
61500 	 0.5012687 
62000 	 0.4442598 
62500 	 0.4235227 
63000 	 0.3754715 
63500 	 0.507248 
64000 	 0.5157603 
64500 	 0.4892154 
65000 	 0.3452871 
65500 	 0.4701871 
66000 	 0.3956864 
66500 	 0.480279 
67000 	 0.5445082 
67500 	 0.366742 
68000 	 0.3678702 
68500 	 0.4080108 
69000 	 0.3827492 
69500 	 0.4126165 
70000 	 0.3937369 
70500 	 0.540386 
71000 	 0.3867828 
71500 	 0.3199563 
72000 	 0.408813 
72500 	 0.4802036 
73000 	 0.3645755 
73500 	 0.3588387 
74000 	 0.4041089 
74500 	 0.3828859 
75000 	 0.478702 
75500 	 0.5339377 
76000 	 0.4114743 
76500 	 0.545527 
77000 	 0.4431629 
77500 	 0.5565918 
78000 	 0.4742267 
78500 	 0.4306768 
79000 	 0.4338197 
79500 	 0.4771241 
80000 	 0.538686 
80500 	 0.5568415 
81000 	 0.5111205 
81500 	 0.5242549 
82000 	 0.3164377 
82500 	 0.5593736 
83000 	 0.4222827 
83500 	 0.5033917 
84000 	 0.4432084 
84500 	 0.3545321 
85000 	 0.5116633 
85500 	 0.464466 
86000 	 0.3574892 
86500 	 0.3524485 
87000 	 0.335409 
87500 	 0.4989574 
88000 	 0.3685595 
88500 	 0.4694225 
89000 	 0.4105799 
89500 	 0.5023961 
90000 	 0.3720948 
90500 	 0.3921058 
91000 	 0.4989384 
91500 	 0.3753349 
92000 	 0.3565963 
92500 	 0.5727604 
93000 	 0.4036718 
93500 	 0.5118315 
94000 	 0.4596254 
94500 	 0.3312701 
95000 	 0.4275442 
95500 	 0.5177396 
96000 	 0.451708 
96500 	 0.4464226 
97000 	 0.3377927 
97500 	 0.4516559 
98000 	 0.4804384 
98500 	 0.5144432 
99000 	 0.3696891 
99500 	 0.5515592 
100000 	 0.497629 
100500 	 0.3692428 
101000 	 0.3432091 
101500 	 0.4172724 
102000 	 0.4563777 
102500 	 0.5499853 
103000 	 0.545368 
103500 	 0.478824 
104000 	 0.409694 
104500 	 0.4273799 
105000 	 0.3924676 
105500 	 0.4854764 
106000 	 0.4344966 
106500 	 0.4888353 
107000 	 0.5145254 
107500 	 0.4559845 
108000 	 0.5616594 
108500 	 0.5015495 
109000 	 0.3459518 
109500 	 0.4593446 
110000 	 0.461918 
110500 	 0.4792429 
111000 	 0.6695775 
111500 	 0.3881308 
112000 	 0.3390858 
112500 	 0.4673299 
113000 	 0.3848523 
113500 	 0.51978 
114000 	 0.383471 
114500 	 0.3934795 
115000 	 0.4950196 
115500 	 0.5132246 
116000 	 0.4997763 
116500 	 0.4226877 
117000 	 0.3515863 
117500 	 0.3939021 
118000 	 0.533285 
118500 	 0.2805425 
119000 	 0.3674485 
119500 	 0.4699857 
120000 	 0.3956253 
120500 	 0.5461898 
121000 	 0.3549179 
121500 	 0.2896601 
122000 	 0.4365366 
122500 	 0.5045613 
123000 	 0.5051469 
123500 	 0.4891289 
124000 	 0.4001023 
124500 	 0.4968294 
125000 	 0.448377 
125500 	 0.3455005 
126000 	 0.4126512 
126500 	 0.3738276 
127000 	 0.4595767 
127500 	 0.4991788 
128000 	 0.4689028 
128500 	 0.4066777 
129000 	 0.3212874 
129500 	 0.3706551 
130000 	 0.4326425 
130500 	 0.4663182 
131000 	 0.5189675 
131500 	 0.3263133 
132000 	 0.4776427 
132500 	 0.4735168 
133000 	 0.4380319 
133500 	 0.5126565 
134000 	 0.4454161 
134500 	 0.4301327 
135000 	 0.5554752 
135500 	 0.4473227 
136000 	 0.5946415 
136500 	 0.4953071 
137000 	 0.4621759 
137500 	 0.523022 
138000 	 0.3754297 
138500 	 0.4751638 
139000 	 0.4378185 
139500 	 0.5460521 
140000 	 0.5225366 
140500 	 0.435158 
141000 	 0.3556537 
141500 	 0.4753466 
142000 	 0.4595145 
142500 	 0.3582174 
143000 	 0.4766133 
143500 	 0.4359245 
144000 	 0.4131183 
144500 	 0.4076847 
145000 	 0.3714298 
145500 	 0.5298029 
146000 	 0.3814795 
146500 	 0.5010523 
147000 	 0.3399209 
147500 	 0.5565683 
148000 	 0.5529671 
148500 	 0.4165436 
149000 	 0.6369504 
149500 	 0.4229809 
150000 	 0.585941 
150500 	 0.4772377 
151000 	 0.4716153 
151500 	 0.3567143 
152000 	 0.4458075 
152500 	 0.4655857 
153000 	 0.5249534 
153500 	 0.4747981 
154000 	 0.3072594 
154500 	 0.4453108 
155000 	 0.4946289 
155500 	 0.3240679 
156000 	 0.3958249 
156500 	 0.5343048 
157000 	 0.4630615 
157500 	 0.3796624 
158000 	 0.4286095 
158500 	 0.3877412 
159000 	 0.4318073 
159500 	 0.5022067 
160000 	 0.3831629 
160500 	 0.4891182 
161000 	 0.4825959 
161500 	 0.5386551 
162000 	 0.3126477 
162500 	 0.4110893 
163000 	 0.4153848 
163500 	 0.4503261 
164000 	 0.4847777 
164500 	 0.5242203 
165000 	 0.4030189 
165500 	 0.3677767 
166000 	 0.5948264 
166500 	 0.5031954 
167000 	 0.4036432 
167500 	 0.4049965 
168000 	 0.4098699 
168500 	 0.422007 
169000 	 0.5578622 
169500 	 0.4065964 
170000 	 0.5258364 
170500 	 0.4606451 
171000 	 0.3979833 
171500 	 0.3887803 
172000 	 0.5398989 
172500 	 0.3222677 
173000 	 0.3820404 
173500 	 0.4788853 
174000 	 0.4775395 
174500 	 0.4923848 
175000 	 0.4480025 
175500 	 0.5308569 
176000 	 0.3880128 
176500 	 0.4830708 
177000 	 0.4931488 
177500 	 0.4651342 
178000 	 0.4953804 
178500 	 0.4315153 
179000 	 0.4904807 
179500 	 0.4259771 
180000 	 0.4985749 
180500 	 0.4660631 
181000 	 0.3461076 
181500 	 0.4544464 
182000 	 0.3889245 
182500 	 0.5230509 
183000 	 0.4856276 
183500 	 0.4594825 
184000 	 0.4136189 
184500 	 0.2495579 
185000 	 0.3474351 
185500 	 0.4493863 
186000 	 0.330116 
186500 	 0.4016114 
187000 	 0.5763834 
187500 	 0.4184257 
188000 	 0.4439431 
188500 	 0.4112454 
189000 	 0.5037126 
189500 	 0.4670044 
190000 	 0.3836887 
190500 	 0.3288852 
191000 	 0.2755328 
191500 	 0.4453147 
192000 	 0.4267678 
192500 	 0.4044265 
193000 	 0.5635736 
193500 	 0.3734042 
194000 	 0.3588859 
194500 	 0.3409579 
195000 	 0.6051797 
195500 	 0.4224435 
196000 	 0.4560772 
196500 	 0.3987474 
197000 	 0.5073251 
197500 	 0.440457 
198000 	 0.3890087 
198500 	 0.5823244 
199000 	 0.5139826 
199500 	 0.5449032 
200000 	 0.4690715 
200500 	 0.3792615 
201000 	 0.4166364 
201500 	 0.4484611 
202000 	 0.4525508 
202500 	 0.4520238 
203000 	 0.596846 
203500 	 0.5772338 
204000 	 0.402924 
204500 	 0.40259 
205000 	 0.4144446 
205500 	 0.3310256 
206000 	 0.4225801 
206500 	 0.5333472 
207000 	 0.5257535 
207500 	 0.3234004 
208000 	 0.4664956 
208500 	 0.4649203 
209000 	 0.4762251 
209500 	 0.3539275 
210000 	 0.4908952 
210500 	 0.3084108 
211000 	 0.5140656 
211500 	 0.4764439 
212000 	 0.5801644 
212500 	 0.41196 
213000 	 0.4349704 
213500 	 0.5924977 
214000 	 0.4030274 
214500 	 0.5454264 
215000 	 0.4147308 
215500 	 0.5134708 
216000 	 0.4235436 
216500 	 0.5854019 
217000 	 0.399211 
217500 	 0.4539368 
218000 	 0.4797026 
218500 	 0.5760935 
219000 	 0.458928 
219500 	 0.5444263 
220000 	 0.4596829 
220500 	 0.3743971 
221000 	 0.267302 
221500 	 0.517762 
222000 	 0.413451 
222500 	 0.5194167 
223000 	 0.4790376 
223500 	 0.5870739 
224000 	 0.5486974 
224500 	 0.4699225 
225000 	 0.4992412 
225500 	 0.378302 
226000 	 0.3854297 
226500 	 0.4752813 
227000 	 0.4947538 
227500 	 0.3438484 
228000 	 0.4417333 
228500 	 0.4086059 
229000 	 0.5454681 
229500 	 0.3113791 
230000 	 0.4296769 
230500 	 0.4636158 
231000 	 0.4042657 
231500 	 0.3706107 
232000 	 0.3889291 
232500 	 0.4012086 
233000 	 0.5440963 
233500 	 0.5803938 
234000 	 0.4308262 
234500 	 0.4450397 
235000 	 0.3259947 
235500 	 0.4673026 
236000 	 0.5614821 
236500 	 0.4282232 
237000 	 0.5933716 
237500 	 0.4354912 
238000 	 0.4763 
238500 	 0.4561697 
239000 	 0.3857254 
239500 	 0.4705499 
240000 	 0.449873 
240500 	 0.4539112 
241000 	 0.4540214 
241500 	 0.4533598 
242000 	 0.3718235 
242500 	 0.4479682 
243000 	 0.4975682 
243500 	 0.4451818 
244000 	 0.4365351 
244500 	 0.6181544 
245000 	 0.3450609 
245500 	 0.5332937 
246000 	 0.3954325 
246500 	 0.3865942 
247000 	 0.422709 
247500 	 0.5223602 
248000 	 0.5063733 
248500 	 0.4327173 
249000 	 0.5236018 
249500 	 0.3311476 
250000 	 0.3683063 
250500 	 0.4801535 
251000 	 0.5231357 
251500 	 0.4521495 
252000 	 0.3846483 
252500 	 0.4157904 
253000 	 0.5845033 
253500 	 0.5114307 
254000 	 0.4439158 
254500 	 0.553905 
255000 	 0.4742718 
255500 	 0.4896223 
256000 	 0.4752753 
256500 	 0.3965203 
257000 	 0.5380009 
257500 	 0.4588967 
258000 	 0.4700909 
258500 	 0.4378526 
259000 	 0.4129745 
259500 	 0.6009026 
260000 	 0.3506391 
260500 	 0.3829843 
261000 	 0.444735 
261500 	 0.5066372 
262000 	 0.4691563 
262500 	 0.3278612 
263000 	 0.5270452 
263500 	 0.5785956 
264000 	 0.5547597 
264500 	 0.5098545 
265000 	 0.4398841 
265500 	 0.5633379 
266000 	 0.4474691 
266500 	 0.4701068 
267000 	 0.4406643 
267500 	 0.4080519 
268000 	 0.5138609 
268500 	 0.3988358 
269000 	 0.4729038 
269500 	 0.4341478 
270000 	 0.4730808 
270500 	 0.4380323 
271000 	 0.4407632 
271500 	 0.3939778 
272000 	 0.4491419 
272500 	 0.4916345 
273000 	 0.3926316 
273500 	 0.5635219 
274000 	 0.5070739 
274500 	 0.4539461 
275000 	 0.4406752 
275500 	 0.5366265 
276000 	 0.4664008 
276500 	 0.4261414 
277000 	 0.4066878 
277500 	 0.5422424 
278000 	 0.3555562 
278500 	 0.3846443 
279000 	 0.3741531 
279500 	 0.4664304 
280000 	 0.5965665 
280500 	 0.5014409 
281000 	 0.4154306 
281500 	 0.4748382 
282000 	 0.487918 
282500 	 0.3995827 
283000 	 0.4207927 
283500 	 0.4293158 
284000 	 0.4197038 
284500 	 0.4526902 
285000 	 0.5846778 
285500 	 0.5937113 
286000 	 0.4182219 
286500 	 0.4042033 
287000 	 0.4158431 
287500 	 0.4942022 
288000 	 0.3809372 
288500 	 0.4792292 
289000 	 0.5162085 
289500 	 0.4662869 
290000 	 0.4259027 
290500 	 0.4624016 
291000 	 0.3250645 
291500 	 0.3603304 
292000 	 0.3768417 
292500 	 0.4031928 
293000 	 0.3783502 
293500 	 0.5180336 
294000 	 0.5715657 
294500 	 0.42333 
295000 	 0.5009366 
295500 	 0.4066812 
296000 	 0.3515573 
296500 	 0.4429614 
297000 	 0.563622 
297500 	 0.4348993 
298000 	 0.4965353 
298500 	 0.6219628 
299000 	 0.3707966 
299500 	 0.5170784 
300000 	 0.4055367 
300500 	 0.4309638 
301000 	 0.4411876 
301500 	 0.4566377 
302000 	 0.5069365 
302500 	 0.4649492 
303000 	 0.4873818 
303500 	 0.445223 
304000 	 0.4045963 
304500 	 0.489271 
305000 	 0.3957626 
305500 	 0.5130114 
306000 	 0.4409967 
306500 	 0.3545978 
307000 	 0.4606697 
307500 	 0.3736892 
308000 	 0.4272761 
308500 	 0.4403308 
309000 	 0.5098903 
309500 	 0.3652031 
310000 	 0.4389321 
310500 	 0.3173727 
311000 	 0.4154828 
311500 	 0.4049495 
312000 	 0.5190518 
312500 	 0.4909937 
313000 	 0.5036488 
313500 	 0.3150156 
314000 	 0.5288868 
314500 	 0.4396493 
315000 	 0.3687833 
315500 	 0.5787052 
316000 	 0.4012662 
316500 	 0.4630787 
317000 	 0.4938218 
317500 	 0.3456646 
318000 	 0.3383112 
318500 	 0.4127396 
319000 	 0.5346855 
319500 	 0.4130148 
320000 	 0.4093545 
320500 	 0.5194159 
321000 	 0.4418833 
321500 	 0.3700444 
322000 	 0.3854944 
322500 	 0.2970351 
323000 	 0.4880619 
323500 	 0.3270776 
324000 	 0.4516533 
324500 	 0.5694972 
325000 	 0.3860595 
325500 	 0.5172616 
326000 	 0.5424671 
326500 	 0.3578313 
327000 	 0.4516833 
327500 	 0.4418152 
328000 	 0.4391933 
328500 	 0.3258321 
329000 	 0.3375939 
329500 	 0.4204759 
330000 	 0.3790354 
330500 	 0.4111587 
331000 	 0.427519 
331500 	 0.3466346 
332000 	 0.4531473 
332500 	 0.4888981 
333000 	 0.474504 
333500 	 0.3146113 
334000 	 0.4345219 
334500 	 0.524055 
335000 	 0.4662302 
335500 	 0.4012363 
336000 	 0.4957104 
336500 	 0.3845053 
337000 	 0.3400027 
337500 	 0.3368965 
338000 	 0.4695212 
338500 	 0.5102085 
339000 	 0.4967872 
339500 	 0.4538121 
340000 	 0.555182 
340500 	 0.4104886 
341000 	 0.5365471 
341500 	 0.3813501 
342000 	 0.420311 
342500 	 0.5041319 
343000 	 0.3785841 
343500 	 0.4115265 
344000 	 0.4794346 
344500 	 0.509326 
345000 	 0.4553617 
345500 	 0.3369532 
346000 	 0.4088333 
346500 	 0.4944614 
347000 	 0.6171191 
347500 	 0.5048766 
348000 	 0.3852422 
348500 	 0.4616093 
349000 	 0.3678627 
349500 	 0.3184709 
350000 	 0.487504 
350500 	 0.3843099 
351000 	 0.4311273 
351500 	 0.5349417 
352000 	 0.3853298 
352500 	 0.5812446 
353000 	 0.4091046 
353500 	 0.3885977 
354000 	 0.6160263 
354500 	 0.4299775 
355000 	 0.520616 
355500 	 0.4208001 
356000 	 0.608753 
356500 	 0.385723 
357000 	 0.4143242 
357500 	 0.4852584 
358000 	 0.4417031 
358500 	 0.4581498 
359000 	 0.4747913 
359500 	 0.4639394 
360000 	 0.5417922 
360500 	 0.6025245 
361000 	 0.6123281 
361500 	 0.4119241 
362000 	 0.4003011 
362500 	 0.6066937 
363000 	 0.3716442 
363500 	 0.4345657 
364000 	 0.4981336 
364500 	 0.4895288 
365000 	 0.3855838 
365500 	 0.4499886 
366000 	 0.54955 
366500 	 0.6181137 
367000 	 0.4824149 
367500 	 0.47644 
368000 	 0.5415544 
368500 	 0.3690911 
369000 	 0.4163075 
369500 	 0.5112877 
370000 	 0.4908578 
370500 	 0.3557982 
371000 	 0.4440428 
371500 	 0.4115864 
372000 	 0.468984 
372500 	 0.4489043 
373000 	 0.5184541 
373500 	 0.5093422 
374000 	 0.5703074 
374500 	 0.4300648 
375000 	 0.5190214 
375500 	 0.5240297 
376000 	 0.3590384 
376500 	 0.3468928 
377000 	 0.4729034 
377500 	 0.4642379 
378000 	 0.4097184 
378500 	 0.6469515 
379000 	 0.4409982 
379500 	 0.4295548 
380000 	 0.212125 
380500 	 0.4237043 
381000 	 0.4004166 
381500 	 0.4130193 
382000 	 0.3703835 
382500 	 0.3112883 
383000 	 0.6375055 
383500 	 0.5063398 
384000 	 0.3259297 
384500 	 0.4173237 
385000 	 0.4430972 
385500 	 0.4148426 
386000 	 0.4878469 
386500 	 0.2888288 
387000 	 0.5698151 
387500 	 0.5133001 
388000 	 0.4824277 
388500 	 0.455225 
389000 	 0.3758108 
389500 	 0.4456935 
390000 	 0.5161266 
390500 	 0.4894366 
391000 	 0.6460374 
391500 	 0.404565 
392000 	 0.5378436 
392500 	 0.4678318 
393000 	 0.4687985 
393500 	 0.38978 
394000 	 0.4377287 
394500 	 0.4829776 
395000 	 0.4710555 
395500 	 0.5236322 
396000 	 0.5078982 
396500 	 0.3514813 
397000 	 0.278859 
397500 	 0.4416009 
398000 	 0.5312547 
398500 	 0.4184397 
399000 	 0.3873374 
399500 	 0.369106 
400000 	 0.3892375 
400500 	 0.3862588 
401000 	 0.4215696 
401500 	 0.4411057 
402000 	 0.4538734 
402500 	 0.4327679 
403000 	 0.4808462 
403500 	 0.3363779 
404000 	 0.3480016 
404500 	 0.4859228 
405000 	 0.5459784 
405500 	 0.5318486 
406000 	 0.661238 
406500 	 0.4046074 
407000 	 0.3208464 
407500 	 0.4897624 
408000 	 0.4266539 
408500 	 0.4556403 
409000 	 0.504627 
409500 	 0.5381861 
410000 	 0.4393945 
410500 	 0.4760383 
411000 	 0.4159855 
411500 	 0.2530673 
412000 	 0.475634 
412500 	 0.4963007 
413000 	 0.5765515 
413500 	 0.4381289 
414000 	 0.4247469 
414500 	 0.5481879 
415000 	 0.433722 
415500 	 0.2994793 
416000 	 0.5983569 
416500 	 0.4618186 
417000 	 0.4077942 
417500 	 0.5323815 
418000 	 0.3477516 
418500 	 0.3924758 
419000 	 0.492925 
419500 	 0.4273697 
420000 	 0.4256654 
420500 	 0.3716389 
421000 	 0.4883947 
421500 	 0.5119072 
422000 	 0.4136913 
422500 	 0.3475082 
423000 	 0.3262162 
423500 	 0.5480947 
424000 	 0.6205093 
424500 	 0.291883 
425000 	 0.377872 
425500 	 0.4339254 
426000 	 0.4396414 
426500 	 0.5675783 
427000 	 0.5005131 
427500 	 0.3523902 
428000 	 0.4416578 
428500 	 0.4785997 
429000 	 0.4763617 
429500 	 0.404556 
430000 	 0.4718246 
430500 	 0.5500848 
431000 	 0.4638657 
431500 	 0.4709326 
432000 	 0.4806872 
432500 	 0.438214 
433000 	 0.4806019 
433500 	 0.4674883 
434000 	 0.2633532 
434500 	 0.417982 
435000 	 0.5953702 
435500 	 0.6032792 
436000 	 0.4677649 
436500 	 0.4455757 
437000 	 0.3443511 
437500 	 0.4352123 
438000 	 0.383078 
438500 	 0.6101738 
439000 	 0.427981 
439500 	 0.5761836 
440000 	 0.5310881 
440500 	 0.5631763 
441000 	 0.4193415 
441500 	 0.5892135 
442000 	 0.4148454 
442500 	 0.4943447 
443000 	 0.5019473 
443500 	 0.4471743 
444000 	 0.6248392 
444500 	 0.4894168 
445000 	 0.4117313 
445500 	 0.3856311 
446000 	 0.4082553 
446500 	 0.4402169 
447000 	 0.5124462 
447500 	 0.506398 
448000 	 0.340051 
448500 	 0.5133494 
449000 	 0.3614013 
449500 	 0.5208333 
450000 	 0.3893605 
450500 	 0.4809597 
451000 	 0.5246595 
451500 	 0.4273253 
452000 	 0.4515759 
452500 	 0.5336601 
453000 	 0.5012875 
453500 	 0.3764208 
454000 	 0.4529564 
454500 	 0.4858327 
455000 	 0.6633292 
455500 	 0.4347917 
456000 	 0.5034776 
456500 	 0.5048355 
457000 	 0.5323614 
457500 	 0.45471 
458000 	 0.3839042 
458500 	 0.4948709 
459000 	 0.4344288 
459500 	 0.4580199 
460000 	 0.3866744 
460500 	 0.3607053 
461000 	 0.4041451 
461500 	 0.4194654 
462000 	 0.477338 
462500 	 0.3663481 
463000 	 0.5299577 
463500 	 0.4551643 
464000 	 0.3735986 
464500 	 0.3795168 
465000 	 0.4633413 
465500 	 0.554927 
466000 	 0.4893339 
466500 	 0.5281565 
467000 	 0.5295597 
467500 	 0.4338718 
468000 	 0.3248623 
468500 	 0.4528933 
469000 	 0.4553007 
469500 	 0.5450126 
470000 	 0.52748 
470500 	 0.5147309 
471000 	 0.5508826 
471500 	 0.4193707 
472000 	 0.4936105 
472500 	 0.3826783 
473000 	 0.5310857 
473500 	 0.4861617 
474000 	 0.4105486 
474500 	 0.4625032 
475000 	 0.5001067 
475500 	 0.4040212 
476000 	 0.3492102 
476500 	 0.4107443 
477000 	 0.4108696 
477500 	 0.4785125 
478000 	 0.4212979 
478500 	 0.5938838 
479000 	 0.4598441 
479500 	 0.3287339 
480000 	 0.597856 
480500 	 0.3489067 
481000 	 0.4900041 
481500 	 0.4983802 
482000 	 0.4079876 
482500 	 0.3784075 
483000 	 0.5232628 
483500 	 0.5252377 
484000 	 0.3669102 
484500 	 0.5217516 
485000 	 0.4748442 
485500 	 0.4732411 
486000 	 0.616531 
486500 	 0.5513576 
487000 	 0.4685426 
487500 	 0.3465183 
488000 	 0.2991776 
488500 	 0.4034944 
489000 	 0.5179672 
489500 	 0.3722422 
490000 	 0.432677 
490500 	 0.5570404 
491000 	 0.6666882 
491500 	 0.3505846 
492000 	 0.4795435 
492500 	 0.3223645 
493000 	 0.4762948 
493500 	 0.4126515 
494000 	 0.4957456 
494500 	 0.448005 
495000 	 0.4800783 
495500 	 0.3467689 
496000 	 0.4239516 
496500 	 0.4503336 
497000 	 0.4275492 
497500 	 0.5853768 
498000 	 0.614013 
498500 	 0.4757049 
499000 	 0.4860326 
499500 	 0.3755639 
500000 	 0.4568008 
