iter 	 p
500 	 0.1426236 
1000 	 0.1772604 
1500 	 0.2047394 
2000 	 0.2494617 
2500 	 0.1988275 
3000 	 0.2558147 
3500 	 0.3102136 
4000 	 0.1504134 
4500 	 0.2502126 
5000 	 0.3973007 
5500 	 0.217837 
6000 	 0.1048528 
6500 	 0.2708676 
7000 	 0.2291002 
7500 	 0.06768185 
8000 	 0.175261 
8500 	 0.1713896 
9000 	 0.2584252 
9500 	 0.1279593 
10000 	 0.2366048 
10500 	 0.208092 
11000 	 0.2425608 
11500 	 0.2579885 
12000 	 0.1559047 
12500 	 0.1553308 
13000 	 0.2133694 
13500 	 0.09178901 
14000 	 0.1012453 
14500 	 0.1722555 
15000 	 0.1553033 
15500 	 0.1750877 
16000 	 0.2391253 
16500 	 0.2373545 
17000 	 0.2692236 
17500 	 0.2013158 
18000 	 0.07845532 
18500 	 0.2671278 
19000 	 0.1090241 
19500 	 0.3000571 
20000 	 0.174177 
20500 	 0.2006271 
21000 	 0.1387848 
21500 	 0.1847883 
22000 	 0.2681376 
22500 	 0.2084215 
23000 	 0.2129757 
23500 	 0.2430571 
24000 	 0.1606876 
24500 	 0.1945875 
25000 	 0.2533024 
25500 	 0.2758137 
26000 	 0.1459967 
26500 	 0.3086013 
27000 	 0.2051369 
27500 	 0.1703057 
28000 	 0.2456999 
28500 	 0.2714951 
29000 	 0.1830671 
29500 	 0.2713922 
30000 	 0.1627587 
30500 	 0.2160761 
31000 	 0.1443576 
31500 	 0.163719 
32000 	 0.130085 
32500 	 0.1009171 
33000 	 0.2206643 
33500 	 0.2288189 
34000 	 0.1705331 
34500 	 0.1788527 
35000 	 0.2230466 
35500 	 0.1954714 
36000 	 0.1989675 
36500 	 0.2568368 
37000 	 0.1748087 
37500 	 0.1977814 
38000 	 0.09196663 
38500 	 0.1978741 
39000 	 0.07926307 
39500 	 0.2277759 
40000 	 0.3281091 
40500 	 0.194317 
41000 	 0.279869 
41500 	 0.1949936 
42000 	 0.2100032 
42500 	 0.1703194 
43000 	 0.1482546 
43500 	 0.2397406 
44000 	 0.1026503 
44500 	 0.1932999 
45000 	 0.1919954 
45500 	 0.292137 
46000 	 0.1628014 
46500 	 0.3053552 
47000 	 0.2358316 
47500 	 0.1025945 
48000 	 0.183081 
48500 	 0.169625 
49000 	 0.1563667 
49500 	 0.1748943 
50000 	 0.1565024 
50500 	 0.2873663 
51000 	 0.2229563 
51500 	 0.2241326 
52000 	 0.1900091 
52500 	 0.141598 
53000 	 0.1476682 
53500 	 0.172781 
54000 	 0.2150839 
54500 	 0.1857058 
55000 	 0.153384 
55500 	 0.1902652 
56000 	 0.2761201 
56500 	 0.1643115 
57000 	 0.2499216 
57500 	 0.1716698 
58000 	 0.2012678 
58500 	 0.1558617 
59000 	 0.1661715 
59500 	 0.2444922 
60000 	 0.1725626 
60500 	 0.1443392 
61000 	 0.2224973 
61500 	 0.2498618 
62000 	 0.1849883 
62500 	 0.1675402 
63000 	 0.1705189 
63500 	 0.2131138 
64000 	 0.1653152 
64500 	 0.1831691 
65000 	 0.1838413 
65500 	 0.03162999 
66000 	 0.2199157 
66500 	 0.1517945 
67000 	 0.2131017 
67500 	 0.2995419 
68000 	 0.09282472 
68500 	 0.1332108 
69000 	 0.1963788 
69500 	 0.2782406 
70000 	 0.114009 
70500 	 0.2720227 
71000 	 0.2483794 
71500 	 0.1726412 
72000 	 0.2278244 
72500 	 0.2084536 
73000 	 0.0912771 
73500 	 0.34403 
74000 	 0.1261571 
74500 	 0.195762 
75000 	 0.1398239 
75500 	 0.1947148 
76000 	 0.1238537 
76500 	 0.1324859 
77000 	 0.1876122 
77500 	 0.2940955 
78000 	 0.1605559 
78500 	 0.0974808 
79000 	 0.1967778 
79500 	 0.1479208 
80000 	 0.1815507 
80500 	 0.1321612 
81000 	 0.1408272 
81500 	 0.07265827 
82000 	 0.1582628 
82500 	 0.180708 
83000 	 0.2213931 
83500 	 0.1762831 
84000 	 0.2368178 
84500 	 0.216658 
85000 	 0.1348166 
85500 	 0.2644322 
86000 	 0.1245892 
86500 	 0.2229751 
87000 	 0.229271 
87500 	 0.288805 
88000 	 0.2621056 
88500 	 0.1618816 
89000 	 0.2085237 
89500 	 0.2020344 
90000 	 0.1687672 
90500 	 0.1977549 
91000 	 0.2880242 
91500 	 0.3014393 
92000 	 0.219249 
92500 	 0.2754955 
93000 	 0.1638075 
93500 	 0.1562307 
94000 	 0.262151 
94500 	 0.1996629 
95000 	 0.2376478 
95500 	 0.2380947 
96000 	 0.1046566 
96500 	 0.1488151 
97000 	 0.1851635 
97500 	 0.2197597 
98000 	 0.3470107 
98500 	 0.2330489 
99000 	 0.2698776 
99500 	 0.2262058 
100000 	 0.3956981 
100500 	 0.2353911 
101000 	 0.1572202 
101500 	 0.2102683 
102000 	 0.06353959 
102500 	 0.2673139 
103000 	 0.141685 
103500 	 0.1343814 
104000 	 0.1306734 
104500 	 0.1777969 
105000 	 0.2319465 
105500 	 0.1755139 
106000 	 0.1072864 
106500 	 0.2034838 
107000 	 0.150301 
107500 	 0.3018194 
108000 	 0.1798069 
108500 	 0.1160359 
109000 	 0.250293 
109500 	 0.1855016 
110000 	 0.1732085 
110500 	 0.1310391 
111000 	 0.1729794 
111500 	 0.1696804 
112000 	 0.1895102 
112500 	 0.2550075 
113000 	 0.2633774 
113500 	 0.2663448 
114000 	 0.1305709 
114500 	 0.1311272 
115000 	 0.1888348 
115500 	 0.2168202 
116000 	 0.2115067 
116500 	 0.1853296 
117000 	 0.09706977 
117500 	 0.1835297 
118000 	 0.1810671 
118500 	 0.180391 
119000 	 0.1316955 
119500 	 0.2598503 
120000 	 0.07951141 
120500 	 0.1708679 
121000 	 0.1732685 
121500 	 0.230354 
122000 	 0.2805913 
122500 	 0.1109943 
123000 	 0.2201495 
123500 	 0.3789693 
124000 	 0.2199377 
124500 	 0.1109082 
125000 	 0.2551048 
125500 	 0.2372561 
126000 	 0.1560009 
126500 	 0.3106417 
127000 	 0.1176035 
127500 	 0.2330674 
128000 	 0.186289 
128500 	 0.28088 
129000 	 0.1525271 
129500 	 0.1931932 
130000 	 0.2067376 
130500 	 0.122915 
131000 	 0.1117278 
131500 	 0.3730912 
132000 	 0.1952259 
132500 	 0.1619774 
133000 	 0.1636773 
133500 	 0.2366043 
134000 	 0.2273308 
134500 	 0.1276878 
135000 	 0.1396769 
135500 	 0.2683623 
136000 	 0.1603327 
136500 	 0.1890267 
137000 	 0.1481612 
137500 	 0.09499022 
138000 	 0.2662124 
138500 	 0.2286625 
139000 	 0.2360946 
139500 	 0.1970757 
140000 	 0.1487685 
140500 	 0.204576 
141000 	 0.3178906 
141500 	 0.231466 
142000 	 0.1557164 
142500 	 0.1710925 
143000 	 0.1669277 
143500 	 0.249432 
144000 	 0.1712819 
144500 	 0.2520954 
145000 	 0.2381199 
145500 	 0.1716209 
146000 	 0.2354291 
146500 	 0.2129252 
147000 	 0.2364451 
147500 	 0.2010477 
148000 	 0.2240153 
148500 	 0.1826632 
149000 	 0.2961744 
149500 	 0.1005662 
150000 	 0.1345438 
150500 	 0.2021189 
151000 	 0.08854984 
151500 	 0.2386932 
152000 	 0.2885266 
152500 	 0.2805863 
153000 	 0.1749189 
153500 	 0.1551502 
154000 	 0.1886409 
154500 	 0.2550748 
155000 	 0.1685151 
155500 	 0.1551189 
156000 	 0.3314309 
156500 	 0.2689152 
157000 	 0.2628905 
157500 	 0.1329481 
158000 	 0.2303272 
158500 	 0.1751758 
159000 	 0.08567662 
159500 	 0.3017887 
160000 	 0.1317808 
160500 	 0.1110913 
161000 	 0.2018512 
161500 	 0.1628838 
162000 	 0.2183382 
162500 	 0.2265014 
163000 	 0.1458606 
163500 	 0.3116471 
164000 	 0.1644633 
164500 	 0.2386346 
165000 	 0.3170527 
165500 	 0.2971885 
166000 	 0.1305539 
166500 	 0.1280128 
167000 	 0.3771632 
167500 	 0.1804355 
168000 	 0.1363493 
168500 	 0.1165038 
169000 	 0.2553899 
169500 	 0.1681071 
170000 	 0.2741839 
170500 	 0.1342642 
171000 	 0.2068077 
171500 	 0.3303472 
172000 	 0.2243815 
172500 	 0.1303935 
173000 	 0.1913218 
173500 	 0.2795669 
174000 	 0.2110878 
174500 	 0.3004683 
175000 	 0.1853406 
175500 	 0.199944 
176000 	 0.2646898 
176500 	 0.2702158 
177000 	 0.2318882 
177500 	 0.2602909 
178000 	 0.2841407 
178500 	 0.2047926 
179000 	 0.08381143 
179500 	 0.2605278 
180000 	 0.2323653 
180500 	 0.1976984 
181000 	 0.2394997 
181500 	 0.237704 
182000 	 0.2457388 
182500 	 0.2714865 
183000 	 0.1923058 
183500 	 0.1415008 
184000 	 0.3922205 
184500 	 0.09670533 
185000 	 0.3392541 
185500 	 0.2060078 
186000 	 0.1126923 
186500 	 0.1841611 
187000 	 0.1850624 
187500 	 0.3050229 
188000 	 0.1585201 
188500 	 0.1463086 
189000 	 0.1487275 
189500 	 0.2073851 
190000 	 0.06120484 
190500 	 0.1665278 
191000 	 0.3372363 
191500 	 0.2790728 
192000 	 0.1408009 
192500 	 0.130113 
193000 	 0.4021094 
193500 	 0.209493 
194000 	 0.2173485 
194500 	 0.2351127 
195000 	 0.2415257 
195500 	 0.1652154 
196000 	 0.3544415 
196500 	 0.2529644 
197000 	 0.1906048 
197500 	 0.1497049 
198000 	 0.2664546 
198500 	 0.1663795 
199000 	 0.1917345 
199500 	 0.1884611 
200000 	 0.1723566 
200500 	 0.2463216 
201000 	 0.2721014 
201500 	 0.1705085 
202000 	 0.258099 
202500 	 0.2597174 
203000 	 0.2409726 
203500 	 0.3436998 
204000 	 0.192222 
204500 	 0.1403482 
205000 	 0.1477263 
205500 	 0.2434358 
206000 	 0.1487075 
206500 	 0.10581 
207000 	 0.1530586 
207500 	 0.09200895 
208000 	 0.2034656 
208500 	 0.2144638 
209000 	 0.2535464 
209500 	 0.2287005 
210000 	 0.2551726 
210500 	 0.2415548 
211000 	 0.06065137 
211500 	 0.2957187 
212000 	 0.1886105 
212500 	 0.1726291 
213000 	 0.2694398 
213500 	 0.1210693 
214000 	 0.2049814 
214500 	 0.2862389 
215000 	 0.248324 
215500 	 0.1348032 
216000 	 0.2107271 
216500 	 0.2401868 
217000 	 0.2041568 
217500 	 0.3152166 
218000 	 0.1709324 
218500 	 0.1466327 
219000 	 0.2846157 
219500 	 0.2172908 
220000 	 0.1009106 
220500 	 0.2693502 
221000 	 0.3481196 
221500 	 0.2064882 
222000 	 0.1465748 
222500 	 0.1236729 
223000 	 0.1514256 
223500 	 0.204724 
224000 	 0.2570433 
224500 	 0.2842694 
225000 	 0.3050374 
225500 	 0.1714755 
226000 	 0.2603827 
226500 	 0.2374582 
227000 	 0.2708656 
227500 	 0.1125115 
228000 	 0.1920235 
228500 	 0.1857213 
229000 	 0.1757018 
229500 	 0.2879043 
230000 	 0.1973641 
230500 	 0.1726133 
231000 	 0.1756261 
231500 	 0.1261338 
232000 	 0.1838242 
232500 	 0.2828639 
233000 	 0.1647378 
233500 	 0.2014401 
234000 	 0.1839358 
234500 	 0.1844282 
235000 	 0.1735032 
235500 	 0.1957755 
236000 	 0.1042479 
236500 	 0.09062824 
237000 	 0.2604261 
237500 	 0.2762397 
238000 	 0.207704 
238500 	 0.2090952 
239000 	 0.145756 
239500 	 0.1586297 
240000 	 0.203895 
240500 	 0.08387536 
241000 	 0.2671103 
241500 	 0.3336053 
242000 	 0.2773937 
242500 	 0.2434678 
243000 	 0.2797268 
243500 	 0.4023376 
244000 	 0.2641481 
244500 	 0.2617467 
245000 	 0.1246736 
245500 	 0.1637768 
246000 	 0.1778836 
246500 	 0.2268614 
247000 	 0.2689605 
247500 	 0.1804166 
248000 	 0.1722498 
248500 	 0.2285643 
249000 	 0.4011497 
249500 	 0.1809919 
250000 	 0.272753 
250500 	 0.1848507 
251000 	 0.2833396 
251500 	 0.2541654 
252000 	 0.2470439 
252500 	 0.1857891 
253000 	 0.2302923 
253500 	 0.155709 
254000 	 0.2671752 
254500 	 0.1025724 
255000 	 0.3530721 
255500 	 0.2059771 
256000 	 0.3375176 
256500 	 0.1725078 
257000 	 0.2781382 
257500 	 0.2440505 
258000 	 0.09211389 
258500 	 0.2472878 
259000 	 0.3342466 
259500 	 0.08745862 
260000 	 0.119709 
260500 	 0.3141044 
261000 	 0.1897867 
261500 	 0.1834791 
262000 	 0.3113241 
262500 	 0.1295894 
263000 	 0.1873719 
263500 	 0.1822086 
264000 	 0.1846939 
264500 	 0.1013028 
265000 	 0.1489929 
265500 	 0.1516627 
266000 	 0.249719 
266500 	 0.1505268 
267000 	 0.3706986 
267500 	 0.1474685 
268000 	 0.1904875 
268500 	 0.1649349 
269000 	 0.1869247 
269500 	 0.1035026 
270000 	 0.1267279 
270500 	 0.1627444 
271000 	 0.292589 
271500 	 0.1156054 
272000 	 0.1423928 
272500 	 0.13633 
273000 	 0.1328697 
273500 	 0.1431453 
274000 	 0.1192783 
274500 	 0.1738071 
275000 	 0.2153268 
275500 	 0.2020545 
276000 	 0.173614 
276500 	 0.136723 
277000 	 0.2359147 
277500 	 0.2028081 
278000 	 0.3223253 
278500 	 0.2573022 
279000 	 0.2420041 
279500 	 0.250583 
280000 	 0.2727388 
280500 	 0.1811309 
281000 	 0.1767828 
281500 	 0.1459616 
282000 	 0.225265 
282500 	 0.176751 
283000 	 0.2428906 
283500 	 0.3036855 
284000 	 0.1440739 
284500 	 0.1221152 
285000 	 0.221352 
285500 	 0.1981468 
286000 	 0.07271367 
286500 	 0.1426316 
287000 	 0.2624992 
287500 	 0.1299668 
288000 	 0.309443 
288500 	 0.2500751 
289000 	 0.1471662 
289500 	 0.1475608 
290000 	 0.1832912 
290500 	 0.1145483 
291000 	 0.1432267 
291500 	 0.434468 
292000 	 0.1831731 
292500 	 0.1825865 
293000 	 0.1555012 
293500 	 0.06098727 
294000 	 0.106279 
294500 	 0.1359065 
295000 	 0.3222873 
295500 	 0.2589524 
296000 	 0.2729518 
296500 	 0.1680715 
297000 	 0.07899833 
297500 	 0.2111151 
298000 	 0.1841742 
298500 	 0.3418328 
299000 	 0.1499562 
299500 	 0.1323716 
300000 	 0.2561106 
300500 	 0.2085372 
301000 	 0.1666462 
301500 	 0.2651281 
302000 	 0.342027 
302500 	 0.2920122 
303000 	 0.2436955 
303500 	 0.04808162 
304000 	 0.3047358 
304500 	 0.192447 
305000 	 0.2031443 
305500 	 0.1752978 
306000 	 0.2264369 
306500 	 0.1321666 
307000 	 0.1118846 
307500 	 0.3784553 
308000 	 0.2404196 
308500 	 0.2795064 
309000 	 0.1766458 
309500 	 0.2230089 
310000 	 0.1380334 
310500 	 0.1464235 
311000 	 0.1589988 
311500 	 0.1450454 
312000 	 0.2069778 
312500 	 0.1667049 
313000 	 0.2357913 
313500 	 0.1610747 
314000 	 0.4337287 
314500 	 0.2419563 
315000 	 0.1820196 
315500 	 0.2414731 
316000 	 0.1742132 
316500 	 0.2052654 
317000 	 0.1247809 
317500 	 0.1993635 
318000 	 0.1810291 
318500 	 0.1229836 
319000 	 0.153205 
319500 	 0.1873645 
320000 	 0.2469344 
320500 	 0.1907663 
321000 	 0.20533 
321500 	 0.04755066 
322000 	 0.1842011 
322500 	 0.2282876 
323000 	 0.1631336 
323500 	 0.3557241 
324000 	 0.199782 
324500 	 0.1067756 
325000 	 0.2672849 
325500 	 0.218324 
326000 	 0.2538621 
326500 	 0.2329152 
327000 	 0.1557338 
327500 	 0.234832 
328000 	 0.2873693 
328500 	 0.2728178 
329000 	 0.2086417 
329500 	 0.1497613 
330000 	 0.2524047 
330500 	 0.2026678 
331000 	 0.3129633 
331500 	 0.2512776 
332000 	 0.1696907 
332500 	 0.1910718 
333000 	 0.2081244 
333500 	 0.2210918 
334000 	 0.2759546 
334500 	 0.1790971 
335000 	 0.147426 
335500 	 0.06699383 
336000 	 0.1500832 
336500 	 0.2122743 
337000 	 0.2331349 
337500 	 0.2943419 
338000 	 0.1361243 
338500 	 0.2713671 
339000 	 0.3408896 
339500 	 0.2329543 
340000 	 0.2048298 
340500 	 0.1588939 
341000 	 0.2186764 
341500 	 0.1692472 
342000 	 0.2161487 
342500 	 0.303411 
343000 	 0.1731722 
343500 	 0.1570488 
344000 	 0.2808575 
344500 	 0.271674 
345000 	 0.149125 
345500 	 0.1977588 
346000 	 0.3431573 
346500 	 0.2179496 
347000 	 0.09577597 
347500 	 0.1187704 
348000 	 0.1397359 
348500 	 0.2073954 
349000 	 0.2552625 
349500 	 0.1448224 
350000 	 0.1697979 
350500 	 0.1190211 
351000 	 0.2518807 
351500 	 0.3148941 
352000 	 0.1251518 
352500 	 0.1892489 
353000 	 0.2168623 
353500 	 0.198182 
354000 	 0.3606711 
354500 	 0.3988125 
355000 	 0.2735248 
355500 	 0.118208 
356000 	 0.2096376 
356500 	 0.3858514 
357000 	 0.1529035 
357500 	 0.1681953 
358000 	 0.2302972 
358500 	 0.2628488 
359000 	 0.1975725 
359500 	 0.1422315 
360000 	 0.1570904 
360500 	 0.2232433 
361000 	 0.2460653 
361500 	 0.2331833 
362000 	 0.1791296 
362500 	 0.1614836 
363000 	 0.2609566 
363500 	 0.1555719 
364000 	 0.3955077 
364500 	 0.2071725 
365000 	 0.2408638 
365500 	 0.2015207 
366000 	 0.1418864 
366500 	 0.2042247 
367000 	 0.231125 
367500 	 0.1740602 
368000 	 0.1913112 
368500 	 0.1354501 
369000 	 0.151941 
369500 	 0.2596248 
370000 	 0.07408712 
370500 	 0.17682 
371000 	 0.1695669 
371500 	 0.1293035 
372000 	 0.1558039 
372500 	 0.3155807 
373000 	 0.1156489 
373500 	 0.1816393 
374000 	 0.143626 
374500 	 0.1422667 
375000 	 0.240859 
375500 	 0.1813381 
376000 	 0.1592796 
376500 	 0.166147 
377000 	 0.2110643 
377500 	 0.1420027 
378000 	 0.3267945 
378500 	 0.2725084 
379000 	 0.1711954 
379500 	 0.1025141 
380000 	 0.1731769 
380500 	 0.237862 
381000 	 0.1660492 
381500 	 0.2438765 
382000 	 0.3304868 
382500 	 0.1285993 
383000 	 0.2264661 
383500 	 0.2258905 
384000 	 0.2996352 
384500 	 0.3479555 
385000 	 0.350073 
385500 	 0.1098852 
386000 	 0.2219306 
386500 	 0.1024687 
387000 	 0.161878 
387500 	 0.2415345 
388000 	 0.1550866 
388500 	 0.1203054 
389000 	 0.2620893 
389500 	 0.2244828 
390000 	 0.1592949 
390500 	 0.3941329 
391000 	 0.1569666 
391500 	 0.2982133 
392000 	 0.1999216 
392500 	 0.1283816 
393000 	 0.3197312 
393500 	 0.2046724 
394000 	 0.2171128 
394500 	 0.2257682 
395000 	 0.1839505 
395500 	 0.1946332 
396000 	 0.1528142 
396500 	 0.2217209 
397000 	 0.14864 
397500 	 0.1847209 
398000 	 0.08914498 
398500 	 0.2247577 
399000 	 0.2018002 
399500 	 0.2051225 
400000 	 0.1291902 
400500 	 0.2134282 
401000 	 0.1611502 
401500 	 0.1718861 
402000 	 0.2206928 
402500 	 0.08090826 
403000 	 0.208734 
403500 	 0.1195425 
404000 	 0.1663717 
404500 	 0.2205616 
405000 	 0.4007577 
405500 	 0.2469941 
406000 	 0.1658163 
406500 	 0.1343642 
407000 	 0.1759902 
407500 	 0.1447624 
408000 	 0.1399257 
408500 	 0.194397 
409000 	 0.1198539 
409500 	 0.09041576 
410000 	 0.2362641 
410500 	 0.23039 
411000 	 0.1958118 
411500 	 0.3302265 
412000 	 0.205839 
412500 	 0.1713608 
413000 	 0.1736399 
413500 	 0.1853871 
414000 	 0.3223348 
414500 	 0.1784771 
415000 	 0.2907544 
415500 	 0.1828169 
416000 	 0.2818594 
416500 	 0.2493515 
417000 	 0.2320338 
417500 	 0.1891368 
418000 	 0.1883255 
418500 	 0.2432763 
419000 	 0.08277274 
419500 	 0.08126767 
420000 	 0.2714613 
420500 	 0.2247809 
421000 	 0.141341 
421500 	 0.257634 
422000 	 0.1780534 
422500 	 0.1566374 
423000 	 0.181336 
423500 	 0.2262298 
424000 	 0.2210247 
424500 	 0.05090122 
425000 	 0.1070199 
425500 	 0.2335008 
426000 	 0.3296566 
426500 	 0.2315509 
427000 	 0.2696324 
427500 	 0.1450422 
428000 	 0.2618137 
428500 	 0.2855976 
429000 	 0.1709217 
429500 	 0.1476542 
430000 	 0.2232733 
430500 	 0.2412288 
431000 	 0.2301291 
431500 	 0.1729613 
432000 	 0.1242348 
432500 	 0.1278075 
433000 	 0.1419623 
433500 	 0.2509916 
434000 	 0.1326698 
434500 	 0.2203496 
435000 	 0.07689992 
435500 	 0.07191536 
436000 	 0.2905607 
436500 	 0.205237 
437000 	 0.1912638 
437500 	 0.1245101 
438000 	 0.178514 
438500 	 0.143772 
439000 	 0.2746599 
439500 	 0.1867108 
440000 	 0.0944989 
440500 	 0.2800293 
441000 	 0.3254682 
441500 	 0.3159223 
442000 	 0.1038643 
442500 	 0.190599 
443000 	 0.1735188 
443500 	 0.1114567 
444000 	 0.1529425 
444500 	 0.1684947 
445000 	 0.1617036 
445500 	 0.2946794 
446000 	 0.1552222 
446500 	 0.2112585 
447000 	 0.1564472 
447500 	 0.2024198 
448000 	 0.4039536 
448500 	 0.222001 
449000 	 0.2454109 
449500 	 0.1549024 
450000 	 0.08219728 
450500 	 0.1994238 
451000 	 0.2360197 
451500 	 0.1730551 
452000 	 0.1429261 
452500 	 0.07267275 
453000 	 0.2517399 
453500 	 0.141383 
454000 	 0.2004445 
454500 	 0.08746953 
455000 	 0.1348322 
455500 	 0.1763902 
456000 	 0.3269895 
456500 	 0.2075819 
457000 	 0.1712855 
457500 	 0.114294 
458000 	 0.1363503 
458500 	 0.2853907 
459000 	 0.1784683 
459500 	 0.2442567 
460000 	 0.1394607 
460500 	 0.1272592 
461000 	 0.4662616 
461500 	 0.08297573 
462000 	 0.1832922 
462500 	 0.1859216 
463000 	 0.3259019 
463500 	 0.2934267 
464000 	 0.250448 
464500 	 0.1353526 
465000 	 0.228606 
465500 	 0.235092 
466000 	 0.0831463 
466500 	 0.2875386 
467000 	 0.238138 
467500 	 0.1862458 
468000 	 0.2911663 
468500 	 0.1786435 
469000 	 0.1518779 
469500 	 0.1647449 
470000 	 0.3004725 
470500 	 0.1736373 
471000 	 0.1570744 
471500 	 0.1853962 
472000 	 0.2217396 
472500 	 0.1660335 
473000 	 0.1504488 
473500 	 0.1162565 
474000 	 0.2231463 
474500 	 0.165217 
475000 	 0.2254548 
475500 	 0.1815064 
476000 	 0.1255715 
476500 	 0.2109972 
477000 	 0.1354331 
477500 	 0.2193872 
478000 	 0.1686329 
478500 	 0.144392 
479000 	 0.2475053 
479500 	 0.1045353 
480000 	 0.2216469 
480500 	 0.2172678 
481000 	 0.1835824 
481500 	 0.1538791 
482000 	 0.2472562 
482500 	 0.1508119 
483000 	 0.1864557 
483500 	 0.1381711 
484000 	 0.1495115 
484500 	 0.1516365 
485000 	 0.1106501 
485500 	 0.2319227 
486000 	 0.2394229 
486500 	 0.2336335 
487000 	 0.3666727 
487500 	 0.1150693 
488000 	 0.2293975 
488500 	 0.08303745 
489000 	 0.07982484 
489500 	 0.09078751 
490000 	 0.1568217 
490500 	 0.1486708 
491000 	 0.2283921 
491500 	 0.1827952 
492000 	 0.1688995 
492500 	 0.1260046 
493000 	 0.2730349 
493500 	 0.2205636 
494000 	 0.2549197 
494500 	 0.1531763 
495000 	 0.137613 
495500 	 0.2022284 
496000 	 0.1736618 
496500 	 0.2270899 
497000 	 0.3793446 
497500 	 0.2476917 
498000 	 0.1887987 
498500 	 0.1867881 
499000 	 0.2427878 
499500 	 0.2761847 
500000 	 0.1935017 
