loc1	loc2	loc3	loc4	loc5	loc6	loc7	loc8	loc9	loc10	loc11	loc12	loc13	loc14	loc15	loc16	loc17	loc18	loc19	loc20	loc21	loc22	loc23	loc24	loc25	loc26	loc27	loc28	loc29	loc30	loc31	loc32	loc33	loc34	loc35	loc36	loc37	loc38	loc39	loc40	loc41	loc42	loc43	loc44	loc45	loc46	loc47	loc48	loc49	loc50	loc51	loc52	loc53	loc54	loc55	loc56	loc57	loc58	loc59	loc60	loc61	loc62	loc63	loc64	loc65	loc66	loc67	loc68	loc69	loc70	loc71	loc72	loc73	loc74	loc75	loc76	loc77	loc78	loc79	loc80	loc81	loc82	loc83	loc84	loc85	loc86	loc87	loc88	loc89	loc90	loc91	loc92	loc93	loc94	loc95	loc96	loc97	loc98	loc99	loc100
ind1	11	0	5	10	8	1	0	1	1	0	8	1	6	18	0	1	11	1	19	9	8	0	1	9	18	2	6	0	0	7	7	0	6	11	5	1	0	7	7	1	8	1	10	14	1	0	2	3	11	9	13	5	0	23	22	13	0	0	9	8	5	24	0	21	8	25	4	1	0	14	0	0	12	1	1	0	7	1	4	1	13	15	14	22	12	8	11	0	0	0	2	5	0	1	0	15	0	12	0	8
ind2	8	0	6	12	0	1	12	1	21	27	11	9	5	0	1	0	0	1	2	0	18	0	0	17	9	1	8	0	17	9	0	0	0	15	0	0	3	0	0	1	12	8	8	8	13	8	0	0	12	16	2	0	10	1	3	1	0	12	9	1	8	27	0	12	9	9	0	9	12	28	18	0	7	0	1	11	1	2	6	19	9	0	1	0	1	9	0	1	7	0	2	8	4	1	1	1	1	0	1	0
ind3	4	20	0	1	20	4	0	13	10	0	15	0	9	5	5	0	13	23	27	10	0	0	0	0	0	16	20	8	11	9	0	0	0	1	1	0	10	0	7	3	8	1	0	14	4	3	16	1	0	3	0	11	10	10	7	20	0	5	0	12	3	0	8	0	10	12	21	18	0	0	4	1	0	0	0	7	0	22	0	7	0	7	10	8	0	10	0	20	16	15	27	4	0	0	4	12	0	6	1	1
ind4	1	0	9	6	8	0	15	0	0	15	2	10	8	8	19	23	0	7	8	6	0	4	19	11	0	13	0	8	5	9	0	1	2	6	0	13	5	13	8	11	24	1	11	1	7	1	1	10	4	1	2	10	3	11	0	0	9	0	0	11	0	1	0	1	20	5	0	0	11	0	6	12	3	11	0	16	0	11	9	5	0	0	0	1	12	12	10	17	1	8	0	21	13	12	9	1	0	0	4	0
ind5	1	11	0	0	15	0	1	6	13	1	15	1	12	1	8	1	43	1	0	7	10	0	2	0	1	9	9	5	17	0	10	3	14	9	0	0	21	0	0	0	13	0	10	39	0	0	10	32	0	14	1	0	0	0	0	0	12	0	1	13	0	10	1	6	0	1	12	1	0	23	7	0	0	1	0	8	0	8	0	13	14	0	11	0	17	27	1	0	1	9	13	11	1	0	10	0	20	10	0	0
ind6	11	0	0	6	10	0	0	9	0	12	1	2	1	0	9	13	8	7	0	6	0	0	12	1	7	10	0	9	1	1	14	0	3	15	0	0	0	0	13	5	0	0	9	10	17	24	0	0	17	0	0	0	18	0	1	0	0	1	13	0	0	2	7	2	9	0	0	1	20	2	0	11	0	0	0	0	0	11	1	9	1	0	9	0	4	13	2	0	2	0	14	8	11	15	0	0	0	16	8	0
ind7	12	14	1	15	7	4	8	1	0	9	0	18	3	14	1	13	6	10	0	0	12	13	19	9	1	0	8	0	15	0	0	3	0	1	3	1	14	7	16	0	1	0	16	9	14	0	14	3	0	0	11	1	4	0	0	6	2	0	0	5	2	7	3	6	0	1	1	0	7	7	0	2	5	0	14	8	0	12	1	0	0	2	11	22	15	2	0	4	6	0	0	14	1	2	9	9	0	2	0	0
ind8	0	0	17	6	1	15	0	1	11	11	0	2	1	19	1	0	7	0	10	3	17	43	6	0	2	10	9	11	0	5	0	0	1	7	6	2	14	9	10	0	0	6	0	0	15	2	0	6	6	1	0	0	4	0	7	3	2	0	20	4	12	6	3	0	1	13	0	6	0	7	2	0	8	10	0	20	0	8	24	0	20	12	0	9	13	7	1	0	0	8	0	0	1	1	5	5	0	0	16	0
ind9	0	9	19	1	0	30	0	14	13	6	0	1	0	1	0	1	13	1	2	1	13	1	1	1	11	0	7	20	8	7	10	13	5	1	10	0	8	8	11	8	0	12	1	7	9	0	8	9	8	0	9	8	7	7	1	17	0	1	9	19	0	0	8	10	8	0	0	12	0	10	0	0	19	0	1	0	1	0	0	0	0	0	8	7	10	27	1	20	10	0	0	7	0	0	0	24	0	0	16	0
ind10	1	0	1	1	0	8	0	0	11	0	1	0	2	0	8	0	35	6	19	1	1	8	0	7	13	13	10	6	0	2	7	0	13	0	15	11	0	0	12	8	8	10	0	10	0	0	2	1	0	5	6	2	2	12	1	1	4	10	0	0	1	0	0	1	0	1	0	1	0	14	0	10	0	0	1	9	0	1	0	6	5	9	0	1	8	1	15	2	8	0	0	12	0	1	10	8	6	16	0	1
ind11	1	10	19	13	8	4	0	0	2	1	12	0	0	0	2	10	1	6	0	0	7	0	0	14	0	20	11	0	1	8	0	20	13	25	12	0	21	10	12	1	0	0	0	5	2	1	6	1	8	8	8	11	0	8	1	0	10	5	8	0	0	5	0	1	8	1	1	8	0	0	7	1	0	16	7	0	0	1	10	0	2	10	0	1	0	1	0	0	25	9	6	12	10	7	1	8	12	10	10	14
ind12	20	11	0	0	0	5	0	9	1	11	7	18	33	11	1	0	0	22	1	7	14	0	0	0	1	0	14	0	1	0	0	7	0	18	6	7	0	12	21	0	1	0	0	0	6	6	1	0	7	0	28	21	0	1	5	9	9	18	0	0	11	3	10	0	1	1	9	8	0	6	0	0	1	15	14	1	0	1	15	9	0	7	24	10	0	12	12	0	8	0	0	1	1	1	0	13	7	1	17	11
ind13	1	1	0	2	6	1	1	8	5	26	2	14	5	0	3	0	0	0	6	12	5	0	3	17	8	19	0	2	0	3	15	0	8	0	1	8	1	0	1	9	17	9	0	0	0	6	1	10	0	0	0	1	0	1	6	10	8	1	0	15	10	1	0	2	0	8	23	18	1	0	0	0	10	0	8	0	20	8	12	15	0	9	3	6	0	1	0	22	1	0	8	0	0	11	0	1	9	16	1	0
ind14	1	6	1	4	10	21	9	9	1	12	0	0	0	2	7	0	0	10	0	15	4	12	13	8	16	0	21	0	1	0	1	0	12	0	0	0	0	2	0	2	8	10	9	1	1	2	6	5	7	10	0	0	9	5	8	6	14	1	14	1	33	19	1	2	1	0	8	10	0	13	7	9	0	10	1	0	13	1	0	16	13	0	13	1	1	27	9	9	1	6	1	7	0	8	2	1	1	0	0	1
ind15	7	1	0	23	0	2	0	0	7	11	2	1	19	0	2	0	9	0	0	0	12	9	0	13	0	1	0	7	14	20	17	7	1	3	0	1	0	5	2	12	15	10	4	12	11	1	0	3	12	0	7	16	0	0	0	10	0	0	1	0	0	0	1	1	0	8	1	0	1	0	22	0	0	0	15	4	19	1	0	1	7	8	8	0	1	0	2	9	0	5	11	10	10	0	1	0	21	1	1	1
ind16	0	0	0	8	4	1	1	0	13	12	0	1	0	0	1	9	1	9	0	10	1	16	2	2	1	1	0	4	0	2	0	3	1	0	0	10	0	0	1	0	0	11	10	1	14	6	17	15	1	1	32	0	1	9	0	7	5	0	1	6	0	5	0	15	4	11	17	0	0	2	10	9	0	7	26	0	5	6	0	0	1	1	16	1	6	0	0	0	0	1	10	4	2	8	0	1	8	0	7	1
ind17	10	0	1	7	0	2	0	8	0	1	3	12	13	0	8	0	28	0	10	0	0	11	8	0	21	0	7	0	28	0	8	0	0	1	5	2	7	16	9	16	0	21	20	0	0	4	0	20	8	8	0	1	0	0	0	16	0	1	1	14	8	1	1	2	1	5	12	10	0	1	1	0	1	7	0	0	14	10	18	0	30	7	13	11	2	0	10	8	7	1	9	1	23	20	0	10	0	8	6	0
ind18	0	10	9	0	0	2	1	0	11	12	7	10	0	13	17	0	9	0	1	0	16	0	9	0	11	0	5	15	0	11	1	0	6	22	0	0	4	9	16	0	0	0	15	8	0	0	1	1	24	21	2	0	5	0	1	9	0	14	25	0	0	0	1	0	9	10	13	0	1	9	1	19	4	18	2	8	1	11	1	10	0	0	8	0	1	1	0	1	1	21	5	10	11	8	8	12	11	0	8	1
ind19	0	1	1	9	2	0	0	9	0	9	8	0	1	0	0	3	1	5	0	10	9	1	13	15	22	0	0	0	10	0	7	2	1	1	0	6	12	10	0	1	0	3	24	6	1	6	0	21	1	15	7	1	7	1	16	0	7	0	11	7	1	14	0	16	0	0	1	14	5	25	1	0	0	2	8	11	6	1	15	0	0	2	0	0	15	12	0	11	0	0	2	1	6	8	11	1	33	0	1	0
ind20	6	8	1	5	2	0	0	8	0	0	0	0	14	24	1	1	1	8	0	1	2	23	1	6	0	20	7	0	0	0	0	0	13	26	13	6	8	24	1	12	9	0	0	5	0	20	6	9	21	0	8	2	1	0	0	1	2	19	7	0	12	9	16	1	8	7	17	0	9	13	13	0	12	0	0	0	13	1	0	14	5	10	1	0	8	0	0	19	10	10	0	10	1	9	0	2	7	4	8	10
