iter 	 p
500 	 0.9402441 
1000 	 0.9606527 
1500 	 0.8756188 
2000 	 0.903507 
2500 	 0.9032579 
3000 	 0.7873323 
3500 	 0.8719858 
4000 	 0.954912 
4500 	 0.8558284 
5000 	 0.9420109 
5500 	 0.8223111 
6000 	 0.8797441 
6500 	 0.8445423 
7000 	 0.9549139 
7500 	 0.9064119 
8000 	 0.8669232 
8500 	 0.876593 
9000 	 0.8991414 
9500 	 0.8317746 
10000 	 0.9664102 
10500 	 0.8903589 
11000 	 0.8610513 
11500 	 0.8550165 
12000 	 0.844772 
12500 	 0.8523688 
13000 	 0.8518329 
13500 	 0.9182906 
14000 	 0.891047 
14500 	 0.869191 
15000 	 0.8895729 
15500 	 0.9039394 
16000 	 0.9329797 
16500 	 0.8888727 
17000 	 0.847616 
17500 	 0.9122406 
18000 	 0.8259699 
18500 	 0.9386704 
19000 	 0.9232004 
19500 	 0.9375762 
20000 	 0.8655136 
20500 	 0.9076116 
21000 	 0.8621047 
21500 	 0.9373814 
22000 	 0.8129166 
22500 	 0.896912 
23000 	 0.8483543 
23500 	 0.9509643 
24000 	 0.9058589 
24500 	 0.8750736 
25000 	 0.8465077 
25500 	 0.9136439 
26000 	 0.9411033 
26500 	 0.9622191 
27000 	 0.9575176 
27500 	 0.9318811 
28000 	 0.8560864 
28500 	 0.8767275 
29000 	 0.8536198 
29500 	 0.9170348 
30000 	 0.8964301 
30500 	 0.8643689 
31000 	 0.8561948 
31500 	 0.9165668 
32000 	 0.8964128 
32500 	 0.8532041 
33000 	 0.9337802 
33500 	 0.8811783 
34000 	 0.8583469 
34500 	 0.9496029 
35000 	 0.8675185 
35500 	 0.8250285 
36000 	 0.8294959 
36500 	 0.7955463 
37000 	 0.93538 
37500 	 0.8734439 
38000 	 0.9168617 
38500 	 0.9247588 
39000 	 0.9161353 
39500 	 0.8348631 
40000 	 0.8505361 
40500 	 0.9125917 
41000 	 0.9464884 
41500 	 0.9100524 
42000 	 0.8921765 
42500 	 0.8555743 
43000 	 0.9186265 
43500 	 0.8937113 
44000 	 0.756893 
44500 	 0.9074284 
45000 	 0.8675294 
45500 	 0.9192912 
46000 	 0.8107699 
46500 	 0.8860902 
47000 	 0.8997958 
47500 	 0.8621238 
48000 	 0.9065819 
48500 	 0.9095809 
49000 	 0.8332513 
49500 	 0.8894983 
50000 	 0.8580447 
50500 	 0.9309413 
51000 	 0.9238063 
51500 	 0.9163891 
52000 	 0.8807652 
52500 	 0.9333206 
53000 	 0.9316089 
53500 	 0.8097858 
54000 	 0.8061989 
54500 	 0.8588624 
55000 	 0.9227836 
55500 	 0.9198002 
56000 	 0.85605 
56500 	 0.9365977 
57000 	 0.8781914 
57500 	 0.8753268 
58000 	 0.8651452 
58500 	 0.9067353 
59000 	 0.8429185 
59500 	 0.9131558 
60000 	 0.8994657 
60500 	 0.9602294 
61000 	 0.7989363 
61500 	 0.8465324 
62000 	 0.8354295 
62500 	 0.8859045 
63000 	 0.900881 
63500 	 0.8983095 
64000 	 0.8571901 
64500 	 0.8001153 
65000 	 0.8634367 
65500 	 0.8708563 
66000 	 0.9296563 
66500 	 0.7915739 
67000 	 0.8425648 
67500 	 0.8871304 
68000 	 0.9259064 
68500 	 0.9565043 
69000 	 0.8830496 
69500 	 0.8744023 
70000 	 0.9338765 
70500 	 0.9049527 
71000 	 0.8749045 
71500 	 0.9355972 
72000 	 0.8572163 
72500 	 0.9160684 
73000 	 0.8849544 
73500 	 0.9198034 
74000 	 0.8475544 
74500 	 0.8826704 
75000 	 0.8809631 
75500 	 0.9028812 
76000 	 0.8995679 
76500 	 0.7831397 
77000 	 0.86369 
77500 	 0.8873615 
78000 	 0.8594234 
78500 	 0.921111 
79000 	 0.9156155 
79500 	 0.9034922 
80000 	 0.8988897 
80500 	 0.8942036 
81000 	 0.8394363 
81500 	 0.8036149 
82000 	 0.9468722 
82500 	 0.9017209 
83000 	 0.8350373 
83500 	 0.9399479 
84000 	 0.9457875 
84500 	 0.8538661 
85000 	 0.9077928 
85500 	 0.9176397 
86000 	 0.8375389 
86500 	 0.8143404 
87000 	 0.8368934 
87500 	 0.8481315 
88000 	 0.8971202 
88500 	 0.8678686 
89000 	 0.8531938 
89500 	 0.8987951 
90000 	 0.8949499 
90500 	 0.9266851 
91000 	 0.9424042 
91500 	 0.8916115 
92000 	 0.8376404 
92500 	 0.9417453 
93000 	 0.867591 
93500 	 0.9573125 
94000 	 0.8913737 
94500 	 0.908248 
95000 	 0.8195815 
95500 	 0.8648969 
96000 	 0.7859768 
96500 	 0.8588229 
97000 	 0.8155394 
97500 	 0.8806077 
98000 	 0.8570831 
98500 	 0.9017197 
99000 	 0.9162057 
99500 	 0.8931518 
100000 	 0.912182 
100500 	 0.8861995 
101000 	 0.857021 
101500 	 0.8564175 
102000 	 0.9145034 
102500 	 0.8842045 
103000 	 0.8821277 
103500 	 0.8636466 
104000 	 0.8930375 
104500 	 0.9049046 
105000 	 0.9183203 
105500 	 0.8645542 
106000 	 0.8483812 
106500 	 0.8506892 
107000 	 0.8704714 
107500 	 0.8899968 
108000 	 0.8540038 
108500 	 0.8888172 
109000 	 0.9218122 
109500 	 0.8402683 
110000 	 0.956971 
110500 	 0.777417 
111000 	 0.8723832 
111500 	 0.8613043 
112000 	 0.8683708 
112500 	 0.9216674 
113000 	 0.8732499 
113500 	 0.8789526 
114000 	 0.877271 
114500 	 0.9300312 
115000 	 0.8878834 
115500 	 0.8012946 
116000 	 0.9364336 
116500 	 0.819537 
117000 	 0.869451 
117500 	 0.8800852 
118000 	 0.8782919 
118500 	 0.847657 
119000 	 0.8907751 
119500 	 0.8835372 
120000 	 0.948632 
120500 	 0.8643937 
121000 	 0.877338 
121500 	 0.9392236 
122000 	 0.8440003 
122500 	 0.8940299 
123000 	 0.8958563 
123500 	 0.9415077 
124000 	 0.9150173 
124500 	 0.9505419 
125000 	 0.8565201 
125500 	 0.9505077 
126000 	 0.9152176 
126500 	 0.9192369 
127000 	 0.8771561 
127500 	 0.8699788 
128000 	 0.8673094 
128500 	 0.8633494 
129000 	 0.9391829 
129500 	 0.8523262 
130000 	 0.8832211 
130500 	 0.8799619 
131000 	 0.8940298 
131500 	 0.9413844 
132000 	 0.9468892 
132500 	 0.8980035 
133000 	 0.860434 
133500 	 0.9298319 
134000 	 0.8960392 
134500 	 0.8398313 
135000 	 0.887385 
135500 	 0.9164638 
136000 	 0.8674465 
136500 	 0.9628259 
137000 	 0.8765416 
137500 	 0.9453352 
138000 	 0.8187197 
138500 	 0.9448011 
139000 	 0.8805635 
139500 	 0.7771023 
140000 	 0.8990588 
140500 	 0.8500277 
141000 	 0.968758 
141500 	 0.8669838 
142000 	 0.9390752 
142500 	 0.880122 
143000 	 0.8539248 
143500 	 0.877676 
144000 	 0.9286957 
144500 	 0.9484126 
145000 	 0.8869458 
145500 	 0.8797491 
146000 	 0.878246 
146500 	 0.8971795 
147000 	 0.8833973 
147500 	 0.8603007 
148000 	 0.9075239 
148500 	 0.8241004 
149000 	 0.8528498 
149500 	 0.8093558 
150000 	 0.9288988 
150500 	 0.9199374 
151000 	 0.8563182 
151500 	 0.8955407 
152000 	 0.9269938 
152500 	 0.8923334 
153000 	 0.8341347 
153500 	 0.8922759 
154000 	 0.8638705 
154500 	 0.9415664 
155000 	 0.9136503 
155500 	 0.8291969 
156000 	 0.8095096 
156500 	 0.8815533 
157000 	 0.9693768 
157500 	 0.9398533 
158000 	 0.9160894 
158500 	 0.9215388 
159000 	 0.9253936 
159500 	 0.9280114 
160000 	 0.8444347 
160500 	 0.8915041 
161000 	 0.8233193 
161500 	 0.8955363 
162000 	 0.8957274 
162500 	 0.8641333 
163000 	 0.8554073 
163500 	 0.89755 
164000 	 0.9413537 
164500 	 0.8846043 
165000 	 0.8675674 
165500 	 0.9088254 
166000 	 0.9181925 
166500 	 0.9423091 
167000 	 0.9089493 
167500 	 0.8899785 
168000 	 0.8672093 
168500 	 0.8630266 
169000 	 0.8966188 
169500 	 0.9163325 
170000 	 0.9238255 
170500 	 0.8208169 
171000 	 0.9036863 
171500 	 0.789772 
172000 	 0.9228917 
172500 	 0.8548013 
173000 	 0.9094907 
173500 	 0.8870495 
174000 	 0.8932398 
174500 	 0.9140059 
175000 	 0.8621462 
175500 	 0.8945402 
176000 	 0.9479257 
176500 	 0.8748838 
177000 	 0.881055 
177500 	 0.9295431 
178000 	 0.9229104 
178500 	 0.9277331 
179000 	 0.9333094 
179500 	 0.9055154 
180000 	 0.8813458 
180500 	 0.8792601 
181000 	 0.9308458 
181500 	 0.7994192 
182000 	 0.9269453 
182500 	 0.7934765 
183000 	 0.8447605 
183500 	 0.9339433 
184000 	 0.9298981 
184500 	 0.8595835 
185000 	 0.8907878 
185500 	 0.9109558 
186000 	 0.8847887 
186500 	 0.904174 
187000 	 0.9051297 
187500 	 0.8445306 
188000 	 0.8463475 
188500 	 0.8744363 
189000 	 0.9211625 
189500 	 0.8420087 
190000 	 0.9296855 
190500 	 0.8931084 
191000 	 0.8126804 
191500 	 0.9151335 
192000 	 0.8592948 
192500 	 0.85089 
193000 	 0.8463805 
193500 	 0.7742221 
194000 	 0.9329179 
194500 	 0.8922421 
195000 	 0.8776542 
195500 	 0.8470668 
196000 	 0.8469415 
196500 	 0.8030489 
197000 	 0.9074885 
197500 	 0.8852825 
198000 	 0.8638945 
198500 	 0.9007501 
199000 	 0.9410541 
199500 	 0.899461 
200000 	 0.7459269 
200500 	 0.916263 
201000 	 0.895102 
201500 	 0.9426111 
202000 	 0.8580914 
202500 	 0.9114831 
203000 	 0.8077458 
203500 	 0.9117933 
204000 	 0.9117346 
204500 	 0.9176571 
205000 	 0.8590803 
205500 	 0.8385515 
206000 	 0.9176065 
206500 	 0.8662984 
207000 	 0.9187857 
207500 	 0.8860851 
208000 	 0.9403896 
208500 	 0.9115419 
209000 	 0.8966309 
209500 	 0.8726146 
210000 	 0.8328394 
210500 	 0.8706894 
211000 	 0.9166669 
211500 	 0.8727382 
212000 	 0.7908132 
212500 	 0.8463026 
213000 	 0.9373011 
213500 	 0.9026449 
214000 	 0.8663995 
214500 	 0.9193201 
215000 	 0.9398153 
215500 	 0.910071 
216000 	 0.8190963 
216500 	 0.9364485 
217000 	 0.8706774 
217500 	 0.9581733 
218000 	 0.9207436 
218500 	 0.949046 
219000 	 0.8683002 
219500 	 0.8322603 
220000 	 0.8556201 
220500 	 0.8170473 
221000 	 0.887229 
221500 	 0.9060379 
222000 	 0.835246 
222500 	 0.8986078 
223000 	 0.8545998 
223500 	 0.8593797 
224000 	 0.9376555 
224500 	 0.9310984 
225000 	 0.8521484 
225500 	 0.8948396 
226000 	 0.912602 
226500 	 0.8997091 
227000 	 0.8454283 
227500 	 0.8869653 
228000 	 0.90459 
228500 	 0.9335198 
229000 	 0.9141687 
229500 	 0.8411626 
230000 	 0.9095863 
230500 	 0.7740001 
231000 	 0.8676072 
231500 	 0.8618214 
232000 	 0.8825321 
232500 	 0.8800467 
233000 	 0.9320684 
233500 	 0.906015 
234000 	 0.8366792 
234500 	 0.926501 
235000 	 0.956856 
235500 	 0.8779084 
236000 	 0.9484815 
236500 	 0.8801075 
237000 	 0.9066793 
237500 	 0.8595886 
238000 	 0.8729431 
238500 	 0.8313215 
239000 	 0.9203919 
239500 	 0.9087294 
240000 	 0.8846075 
240500 	 0.9054338 
241000 	 0.9217736 
241500 	 0.8828137 
242000 	 0.9621032 
242500 	 0.8589556 
243000 	 0.9516307 
243500 	 0.8467499 
244000 	 0.9278968 
244500 	 0.9068214 
245000 	 0.9284949 
245500 	 0.9109366 
246000 	 0.9505114 
246500 	 0.8248065 
247000 	 0.9538412 
247500 	 0.900703 
248000 	 0.9538168 
248500 	 0.865152 
249000 	 0.8914468 
249500 	 0.9096336 
250000 	 0.92878 
250500 	 0.9559262 
251000 	 0.9270412 
251500 	 0.9094563 
252000 	 0.8880054 
252500 	 0.8741895 
253000 	 0.943938 
253500 	 0.9090585 
254000 	 0.9197621 
254500 	 0.8605751 
255000 	 0.7856791 
255500 	 0.9601055 
256000 	 0.9020566 
256500 	 0.9293941 
257000 	 0.9009485 
257500 	 0.8797645 
258000 	 0.9452557 
258500 	 0.8983548 
259000 	 0.9000622 
259500 	 0.9194748 
260000 	 0.9664704 
260500 	 0.8702798 
261000 	 0.8905646 
261500 	 0.8655705 
262000 	 0.8486208 
262500 	 0.8839364 
263000 	 0.8901748 
263500 	 0.8947835 
264000 	 0.8663966 
264500 	 0.9006537 
265000 	 0.9190827 
265500 	 0.9260883 
266000 	 0.9551824 
266500 	 0.8597194 
267000 	 0.8261419 
267500 	 0.8469178 
268000 	 0.8296872 
268500 	 0.9462253 
269000 	 0.8750785 
269500 	 0.8927075 
270000 	 0.9306579 
270500 	 0.8826381 
271000 	 0.8193967 
271500 	 0.8730833 
272000 	 0.8669968 
272500 	 0.7990503 
273000 	 0.9519417 
273500 	 0.884615 
274000 	 0.8789587 
274500 	 0.8735732 
275000 	 0.954188 
275500 	 0.9633824 
276000 	 0.8710706 
276500 	 0.8836144 
277000 	 0.8906723 
277500 	 0.9298872 
278000 	 0.8348684 
278500 	 0.8076623 
279000 	 0.9289216 
279500 	 0.9013467 
280000 	 0.9073276 
280500 	 0.9375527 
281000 	 0.8703977 
281500 	 0.8137586 
282000 	 0.8197999 
282500 	 0.9460631 
283000 	 0.8140972 
283500 	 0.8692528 
284000 	 0.9138487 
284500 	 0.9165665 
285000 	 0.8333401 
285500 	 0.8896162 
286000 	 0.9512013 
286500 	 0.8960033 
287000 	 0.9194033 
287500 	 0.8420089 
288000 	 0.9290382 
288500 	 0.8260411 
289000 	 0.9268173 
289500 	 0.9009939 
290000 	 0.8884492 
290500 	 0.8999507 
291000 	 0.8451334 
291500 	 0.8256215 
292000 	 0.9020998 
292500 	 0.8211257 
293000 	 0.944115 
293500 	 0.9012866 
294000 	 0.9245362 
294500 	 0.9762722 
295000 	 0.8329963 
295500 	 0.7827698 
296000 	 0.9250353 
296500 	 0.8252183 
297000 	 0.7870805 
297500 	 0.8604886 
298000 	 0.9138496 
298500 	 0.8700884 
299000 	 0.8678364 
299500 	 0.8925855 
300000 	 0.9079185 
300500 	 0.8956169 
301000 	 0.8056415 
301500 	 0.8195107 
302000 	 0.8831827 
302500 	 0.9447544 
303000 	 0.9154793 
303500 	 0.872554 
304000 	 0.8957134 
304500 	 0.9579759 
305000 	 0.8456715 
305500 	 0.9292145 
306000 	 0.8264677 
306500 	 0.8829976 
307000 	 0.8999219 
307500 	 0.8450275 
308000 	 0.958055 
308500 	 0.8300191 
309000 	 0.9285344 
309500 	 0.8399844 
310000 	 0.9334482 
310500 	 0.9163969 
311000 	 0.8533132 
311500 	 0.8756896 
312000 	 0.9634174 
312500 	 0.9618814 
313000 	 0.9211803 
313500 	 0.9169398 
314000 	 0.9142995 
314500 	 0.9141565 
315000 	 0.8779523 
315500 	 0.8685616 
316000 	 0.9523588 
316500 	 0.8745799 
317000 	 0.9154433 
317500 	 0.9476993 
318000 	 0.8617296 
318500 	 0.9262672 
319000 	 0.9180523 
319500 	 0.8826748 
320000 	 0.8944592 
320500 	 0.8898524 
321000 	 0.8575169 
321500 	 0.8658214 
322000 	 0.8769184 
322500 	 0.9583368 
323000 	 0.9248017 
323500 	 0.8940292 
324000 	 0.9110526 
324500 	 0.9280965 
325000 	 0.960556 
325500 	 0.8809011 
326000 	 0.9115301 
326500 	 0.9018539 
327000 	 0.8555972 
327500 	 0.8519404 
328000 	 0.8774181 
328500 	 0.8788176 
329000 	 0.8668238 
329500 	 0.9044148 
330000 	 0.9402226 
330500 	 0.931367 
331000 	 0.8740135 
331500 	 0.9103076 
332000 	 0.8831843 
332500 	 0.9468369 
333000 	 0.7933865 
333500 	 0.9291857 
334000 	 0.9103878 
334500 	 0.8664545 
335000 	 0.8414569 
335500 	 0.8386221 
336000 	 0.8731667 
336500 	 0.9271879 
337000 	 0.9444326 
337500 	 0.9295895 
338000 	 0.8366352 
338500 	 0.9489786 
339000 	 0.8263965 
339500 	 0.9187071 
340000 	 0.8505262 
340500 	 0.8996121 
341000 	 0.9076297 
341500 	 0.8830888 
342000 	 0.8872351 
342500 	 0.9579382 
343000 	 0.8700929 
343500 	 0.9507279 
344000 	 0.8973141 
344500 	 0.9050191 
345000 	 0.926463 
345500 	 0.8744375 
346000 	 0.8120882 
346500 	 0.8340346 
347000 	 0.8492731 
347500 	 0.8646036 
348000 	 0.890756 
348500 	 0.9366407 
349000 	 0.8461646 
349500 	 0.8410892 
350000 	 0.8529058 
350500 	 0.8954558 
351000 	 0.9018913 
351500 	 0.865203 
352000 	 0.8800093 
352500 	 0.9460039 
353000 	 0.8437865 
353500 	 0.8811247 
354000 	 0.8817776 
354500 	 0.8619678 
355000 	 0.9107251 
355500 	 0.8069823 
356000 	 0.8173879 
356500 	 0.8737055 
357000 	 0.8499298 
357500 	 0.9583234 
358000 	 0.9443599 
358500 	 0.9811197 
359000 	 0.8252168 
359500 	 0.9259444 
360000 	 0.8794914 
360500 	 0.8314331 
361000 	 0.9506697 
361500 	 0.9125607 
362000 	 0.9675428 
362500 	 0.9576145 
363000 	 0.9349348 
363500 	 0.9473671 
364000 	 0.932326 
364500 	 0.8969759 
365000 	 0.8299966 
365500 	 0.8840117 
366000 	 0.872504 
366500 	 0.7716134 
367000 	 0.9347291 
367500 	 0.8574237 
368000 	 0.8747687 
368500 	 0.8297733 
369000 	 0.8753936 
369500 	 0.8826446 
370000 	 0.8835797 
370500 	 0.962244 
371000 	 0.82158 
371500 	 0.8925173 
372000 	 0.9240007 
372500 	 0.9168876 
373000 	 0.8363849 
373500 	 0.938887 
374000 	 0.8984968 
374500 	 0.9122591 
375000 	 0.8554961 
375500 	 0.786207 
376000 	 0.8690296 
376500 	 0.8828678 
377000 	 0.9021457 
377500 	 0.889472 
378000 	 0.8814799 
378500 	 0.9624036 
379000 	 0.9071947 
379500 	 0.8394959 
380000 	 0.8822696 
380500 	 0.891741 
381000 	 0.9428336 
381500 	 0.9021062 
382000 	 0.836192 
382500 	 0.9767308 
383000 	 0.8319433 
383500 	 0.9128998 
384000 	 0.8449547 
384500 	 0.9352465 
385000 	 0.8629778 
385500 	 0.8706366 
386000 	 0.9191275 
386500 	 0.9298989 
387000 	 0.8647014 
387500 	 0.8753284 
388000 	 0.8906776 
388500 	 0.9185633 
389000 	 0.921857 
389500 	 0.9283727 
390000 	 0.8729822 
390500 	 0.8781634 
391000 	 0.948293 
391500 	 0.9139601 
392000 	 0.9124828 
392500 	 0.9040297 
393000 	 0.9060352 
393500 	 0.888198 
394000 	 0.8464535 
394500 	 0.9126909 
395000 	 0.839061 
395500 	 0.8348717 
396000 	 0.862157 
396500 	 0.8656287 
397000 	 0.863 
397500 	 0.8432304 
398000 	 0.8811272 
398500 	 0.8397836 
399000 	 0.9605397 
399500 	 0.8735689 
400000 	 0.9591071 
400500 	 0.9274209 
401000 	 0.9154154 
401500 	 0.8942132 
402000 	 0.8346753 
402500 	 0.8713594 
403000 	 0.8628328 
403500 	 0.8533808 
404000 	 0.9044367 
404500 	 0.8281312 
405000 	 0.8667357 
405500 	 0.8709423 
406000 	 0.988053 
406500 	 0.9105906 
407000 	 0.8990003 
407500 	 0.8431987 
408000 	 0.8561743 
408500 	 0.8616118 
409000 	 0.8743015 
409500 	 0.8851378 
410000 	 0.9186538 
410500 	 0.8410005 
411000 	 0.8661302 
411500 	 0.7965337 
412000 	 0.9144024 
412500 	 0.9237818 
413000 	 0.8409578 
413500 	 0.8711342 
414000 	 0.9138036 
414500 	 0.9224764 
415000 	 0.8828522 
415500 	 0.8947953 
416000 	 0.9632431 
416500 	 0.8981568 
417000 	 0.8757173 
417500 	 0.8677151 
418000 	 0.8613923 
418500 	 0.8849558 
419000 	 0.9320044 
419500 	 0.9427489 
420000 	 0.8985484 
420500 	 0.8487717 
421000 	 0.8866706 
421500 	 0.8165904 
422000 	 0.8915354 
422500 	 0.8817922 
423000 	 0.9125323 
423500 	 0.9106631 
424000 	 0.9727189 
424500 	 0.9488195 
425000 	 0.8817012 
425500 	 0.7897319 
426000 	 0.8698926 
426500 	 0.8448102 
427000 	 0.8373291 
427500 	 0.8193394 
428000 	 0.9412998 
428500 	 0.842719 
429000 	 0.8975044 
429500 	 0.8639673 
430000 	 0.8745535 
430500 	 0.9003019 
431000 	 0.8098069 
431500 	 0.9333182 
432000 	 0.9035017 
432500 	 0.8998457 
433000 	 0.8698834 
433500 	 0.9054765 
434000 	 0.7258204 
434500 	 0.8800993 
435000 	 0.8991586 
435500 	 0.9149018 
436000 	 0.8747569 
436500 	 0.9255765 
437000 	 0.8802844 
437500 	 0.9198656 
438000 	 0.9309764 
438500 	 0.9260963 
439000 	 0.9225269 
439500 	 0.8709724 
440000 	 0.7773902 
440500 	 0.8659923 
441000 	 0.897929 
441500 	 0.8858659 
442000 	 0.8384711 
442500 	 0.811843 
443000 	 0.877994 
443500 	 0.8758332 
444000 	 0.9190647 
444500 	 0.8646572 
445000 	 0.9025924 
445500 	 0.9352342 
446000 	 0.8799052 
446500 	 0.9112696 
447000 	 0.8959651 
447500 	 0.9061417 
448000 	 0.8886333 
448500 	 0.9367191 
449000 	 0.8910393 
449500 	 0.8726688 
450000 	 0.9218499 
450500 	 0.9208675 
451000 	 0.8742942 
451500 	 0.8265194 
452000 	 0.9604164 
452500 	 0.8630259 
453000 	 0.8980787 
453500 	 0.9235351 
454000 	 0.9110327 
454500 	 0.9458257 
455000 	 0.9254612 
455500 	 0.9182039 
456000 	 0.9014363 
456500 	 0.9401923 
457000 	 0.8690923 
457500 	 0.9059776 
458000 	 0.8696149 
458500 	 0.887155 
459000 	 0.8579978 
459500 	 0.8855308 
460000 	 0.8235031 
460500 	 0.8195448 
461000 	 0.8591133 
461500 	 0.9244261 
462000 	 0.9133041 
462500 	 0.838304 
463000 	 0.8708895 
463500 	 0.8997244 
464000 	 0.8902542 
464500 	 0.8666526 
465000 	 0.8675152 
465500 	 0.8692301 
466000 	 0.9004422 
466500 	 0.9220738 
467000 	 0.8746979 
467500 	 0.8816188 
468000 	 0.8924632 
468500 	 0.9081664 
469000 	 0.8987956 
469500 	 0.927792 
470000 	 0.8686581 
470500 	 0.8752078 
471000 	 0.9147776 
471500 	 0.9196666 
472000 	 0.9609659 
472500 	 0.8304277 
473000 	 0.9443799 
473500 	 0.9096059 
474000 	 0.9318618 
474500 	 0.9120683 
475000 	 0.8677544 
475500 	 0.936676 
476000 	 0.8955417 
476500 	 0.8503051 
477000 	 0.9377535 
477500 	 0.8602504 
478000 	 0.9077531 
478500 	 0.8910584 
479000 	 0.8939457 
479500 	 0.8361235 
480000 	 0.8592368 
480500 	 0.9141751 
481000 	 0.8590461 
481500 	 0.8703591 
482000 	 0.8399086 
482500 	 0.872095 
483000 	 0.8808362 
483500 	 0.8665871 
484000 	 0.9239418 
484500 	 0.9113116 
485000 	 0.9181237 
485500 	 0.9110822 
486000 	 0.8725524 
486500 	 0.9397592 
487000 	 0.9314938 
487500 	 0.9388105 
488000 	 0.863931 
488500 	 0.8744816 
489000 	 0.9268277 
489500 	 0.8208234 
490000 	 0.86192 
490500 	 0.8362357 
491000 	 0.9063863 
491500 	 0.8895832 
492000 	 0.9317636 
492500 	 0.9255202 
493000 	 0.9382874 
493500 	 0.923327 
494000 	 0.8892819 
494500 	 0.9070672 
495000 	 0.9250899 
495500 	 0.9161528 
496000 	 0.9340303 
496500 	 0.864916 
497000 	 0.8844665 
497500 	 0.9428438 
498000 	 0.9302092 
498500 	 0.8108827 
499000 	 0.9216631 
499500 	 0.8409508 
500000 	 0.9054346 
