iter 	 p
500 	 0.3950747 
1000 	 0.3937842 
1500 	 0.3812336 
2000 	 0.3760458 
2500 	 0.4834697 
3000 	 0.4466871 
3500 	 0.3299555 
4000 	 0.3645388 
4500 	 0.3433835 
5000 	 0.381939 
5500 	 0.3950965 
6000 	 0.2811042 
6500 	 0.3553896 
7000 	 0.539996 
7500 	 0.4112867 
8000 	 0.3931013 
8500 	 0.4246495 
9000 	 0.435367 
9500 	 0.4114357 
10000 	 0.3541843 
10500 	 0.4297035 
11000 	 0.3367707 
11500 	 0.3114914 
12000 	 0.4011151 
12500 	 0.3756473 
13000 	 0.5211288 
13500 	 0.419008 
14000 	 0.3764083 
14500 	 0.3981751 
15000 	 0.4630316 
15500 	 0.4290429 
16000 	 0.499758 
16500 	 0.4162307 
17000 	 0.3963872 
17500 	 0.4652199 
18000 	 0.3363027 
18500 	 0.3856954 
19000 	 0.3815565 
19500 	 0.3793897 
20000 	 0.362207 
20500 	 0.3448498 
21000 	 0.3766859 
21500 	 0.3427236 
22000 	 0.3810776 
22500 	 0.2758084 
23000 	 0.3334671 
23500 	 0.4335228 
24000 	 0.4346509 
24500 	 0.3702927 
25000 	 0.4822895 
25500 	 0.3745562 
26000 	 0.3894509 
26500 	 0.4036294 
27000 	 0.5249804 
27500 	 0.4116618 
28000 	 0.4174571 
28500 	 0.4168458 
29000 	 0.353992 
29500 	 0.4490143 
30000 	 0.4115961 
30500 	 0.3979555 
31000 	 0.3866485 
31500 	 0.4077297 
32000 	 0.4055249 
32500 	 0.4787971 
33000 	 0.5415255 
33500 	 0.4781185 
34000 	 0.4435067 
34500 	 0.4007017 
35000 	 0.3882423 
35500 	 0.3731922 
36000 	 0.4592601 
36500 	 0.3861522 
37000 	 0.3090348 
37500 	 0.3260049 
38000 	 0.4709142 
38500 	 0.4022083 
39000 	 0.4054389 
39500 	 0.4218922 
40000 	 0.3526054 
40500 	 0.3179996 
41000 	 0.387904 
41500 	 0.3854839 
42000 	 0.3457508 
42500 	 0.3266832 
43000 	 0.3330189 
43500 	 0.4073115 
44000 	 0.3901213 
44500 	 0.4308874 
45000 	 0.3994358 
45500 	 0.3134262 
46000 	 0.3561411 
46500 	 0.3287788 
47000 	 0.3184702 
47500 	 0.4587297 
48000 	 0.3972247 
48500 	 0.4744218 
49000 	 0.4511785 
49500 	 0.4150426 
50000 	 0.3720953 
50500 	 0.3862634 
51000 	 0.4742358 
51500 	 0.394141 
52000 	 0.4386401 
52500 	 0.41711 
53000 	 0.4295606 
53500 	 0.5282079 
54000 	 0.4426105 
54500 	 0.4729835 
55000 	 0.4043866 
55500 	 0.4224482 
56000 	 0.4073786 
56500 	 0.3813364 
57000 	 0.4835415 
57500 	 0.317796 
58000 	 0.389191 
58500 	 0.3814021 
59000 	 0.4515545 
59500 	 0.4234698 
60000 	 0.2853528 
60500 	 0.4191832 
61000 	 0.3651241 
61500 	 0.3641029 
62000 	 0.3806052 
62500 	 0.343303 
63000 	 0.3314667 
63500 	 0.2921478 
64000 	 0.4108584 
64500 	 0.3770493 
65000 	 0.3968508 
65500 	 0.3679157 
66000 	 0.4036712 
66500 	 0.3483606 
67000 	 0.4302831 
67500 	 0.4049355 
68000 	 0.3909244 
68500 	 0.40257 
69000 	 0.3867937 
69500 	 0.3919317 
70000 	 0.4599147 
70500 	 0.513338 
71000 	 0.3795828 
71500 	 0.4151516 
72000 	 0.3002116 
72500 	 0.4734439 
73000 	 0.4165968 
73500 	 0.3880138 
74000 	 0.3894407 
74500 	 0.3136591 
75000 	 0.448118 
75500 	 0.3599948 
76000 	 0.3611304 
76500 	 0.4506773 
77000 	 0.3900642 
77500 	 0.4795711 
78000 	 0.378298 
78500 	 0.3555853 
79000 	 0.3847685 
79500 	 0.3971201 
80000 	 0.3865549 
80500 	 0.5323506 
81000 	 0.3277689 
81500 	 0.4763734 
82000 	 0.4788197 
82500 	 0.3002325 
83000 	 0.4843132 
83500 	 0.4108843 
84000 	 0.4398843 
84500 	 0.336572 
85000 	 0.3698115 
85500 	 0.4519566 
86000 	 0.4790107 
86500 	 0.4208817 
87000 	 0.4008549 
87500 	 0.3489986 
88000 	 0.3948974 
88500 	 0.4376769 
89000 	 0.4364332 
89500 	 0.3715552 
90000 	 0.3470479 
90500 	 0.4595274 
91000 	 0.3499808 
91500 	 0.4871831 
92000 	 0.4466117 
92500 	 0.5076189 
93000 	 0.3604451 
93500 	 0.3477733 
94000 	 0.4020433 
94500 	 0.3403245 
95000 	 0.3912897 
95500 	 0.423434 
96000 	 0.3658543 
96500 	 0.4006367 
97000 	 0.3874628 
97500 	 0.3984095 
98000 	 0.3661099 
98500 	 0.4425308 
99000 	 0.413676 
99500 	 0.3427637 
100000 	 0.3815239 
100500 	 0.4311373 
101000 	 0.3532674 
101500 	 0.4828183 
102000 	 0.3580122 
102500 	 0.4274103 
103000 	 0.3674429 
103500 	 0.3815367 
104000 	 0.4327749 
104500 	 0.3046966 
105000 	 0.3850054 
105500 	 0.4143719 
106000 	 0.4332554 
106500 	 0.4580271 
107000 	 0.431815 
107500 	 0.4481265 
108000 	 0.4527925 
108500 	 0.4935339 
109000 	 0.4744667 
109500 	 0.4258943 
110000 	 0.3125014 
110500 	 0.469533 
111000 	 0.4114557 
111500 	 0.3781003 
112000 	 0.4197551 
112500 	 0.3460004 
113000 	 0.5264547 
113500 	 0.4818758 
114000 	 0.3332525 
114500 	 0.4404007 
115000 	 0.3905127 
115500 	 0.3781878 
116000 	 0.4601568 
116500 	 0.4417449 
117000 	 0.446581 
117500 	 0.4777396 
118000 	 0.4370125 
118500 	 0.5377012 
119000 	 0.3505962 
119500 	 0.4531672 
120000 	 0.3728105 
120500 	 0.3978141 
121000 	 0.4248795 
121500 	 0.3905902 
122000 	 0.397018 
122500 	 0.3128497 
123000 	 0.3946145 
123500 	 0.4125616 
124000 	 0.2925981 
124500 	 0.3712163 
125000 	 0.3634237 
125500 	 0.3448221 
126000 	 0.4572805 
126500 	 0.4333616 
127000 	 0.3417898 
127500 	 0.51534 
128000 	 0.4195289 
128500 	 0.2908938 
129000 	 0.3846829 
129500 	 0.3834831 
130000 	 0.4144682 
130500 	 0.4578857 
131000 	 0.3473742 
131500 	 0.444865 
132000 	 0.3143095 
132500 	 0.2638994 
133000 	 0.3647944 
133500 	 0.3888546 
134000 	 0.2886169 
134500 	 0.3620982 
135000 	 0.3430185 
135500 	 0.4481201 
136000 	 0.3706558 
136500 	 0.4120386 
137000 	 0.3827388 
137500 	 0.4720185 
138000 	 0.2894626 
138500 	 0.4001009 
139000 	 0.5184948 
139500 	 0.3904676 
140000 	 0.535964 
140500 	 0.4042829 
141000 	 0.4334604 
141500 	 0.4324672 
142000 	 0.2649669 
142500 	 0.365475 
143000 	 0.4202923 
143500 	 0.423693 
144000 	 0.3602026 
144500 	 0.3903815 
145000 	 0.4201809 
145500 	 0.2844531 
146000 	 0.3663007 
146500 	 0.4638118 
147000 	 0.3732224 
147500 	 0.4219739 
148000 	 0.408467 
148500 	 0.3267535 
149000 	 0.2975843 
149500 	 0.4280181 
150000 	 0.3178689 
150500 	 0.407874 
151000 	 0.4883646 
151500 	 0.4063247 
152000 	 0.2728287 
152500 	 0.4586884 
153000 	 0.3638669 
153500 	 0.2725423 
154000 	 0.4686169 
154500 	 0.4936235 
155000 	 0.3554912 
155500 	 0.3995315 
156000 	 0.4746348 
156500 	 0.4733003 
157000 	 0.4738281 
157500 	 0.3276947 
158000 	 0.3194014 
158500 	 0.4189482 
159000 	 0.2718197 
159500 	 0.5047784 
160000 	 0.3454461 
160500 	 0.4238387 
161000 	 0.3375554 
161500 	 0.3590106 
162000 	 0.3538656 
162500 	 0.4214097 
163000 	 0.4595644 
163500 	 0.3732138 
164000 	 0.4191503 
164500 	 0.4001695 
165000 	 0.4309227 
165500 	 0.492307 
166000 	 0.3052814 
166500 	 0.4295767 
167000 	 0.4290371 
167500 	 0.3721421 
168000 	 0.4352833 
168500 	 0.4425199 
169000 	 0.2989525 
169500 	 0.4094503 
170000 	 0.4946678 
170500 	 0.4411194 
171000 	 0.4127233 
171500 	 0.4044609 
172000 	 0.4312008 
172500 	 0.3988747 
173000 	 0.4558974 
173500 	 0.378317 
174000 	 0.4252556 
174500 	 0.3680498 
175000 	 0.4559642 
175500 	 0.5138408 
176000 	 0.3432536 
176500 	 0.3264341 
177000 	 0.377912 
177500 	 0.4101101 
178000 	 0.3108695 
178500 	 0.3175509 
179000 	 0.4250557 
179500 	 0.4984562 
180000 	 0.411452 
180500 	 0.4176696 
181000 	 0.3237343 
181500 	 0.4301746 
182000 	 0.3907501 
182500 	 0.4870839 
183000 	 0.423939 
183500 	 0.3472607 
184000 	 0.4607913 
184500 	 0.4333861 
185000 	 0.2814093 
185500 	 0.4195171 
186000 	 0.4030441 
186500 	 0.5398625 
187000 	 0.3018925 
187500 	 0.3211029 
188000 	 0.3600316 
188500 	 0.395037 
189000 	 0.3766611 
189500 	 0.5047037 
190000 	 0.476918 
190500 	 0.3777734 
191000 	 0.4778941 
191500 	 0.4158868 
192000 	 0.4392797 
192500 	 0.3857301 
193000 	 0.4294264 
193500 	 0.4115786 
194000 	 0.4000474 
194500 	 0.3687609 
195000 	 0.3267015 
195500 	 0.3968739 
196000 	 0.4125893 
196500 	 0.4160699 
197000 	 0.3653811 
197500 	 0.3358327 
198000 	 0.412101 
198500 	 0.4520216 
199000 	 0.3130363 
199500 	 0.2792545 
200000 	 0.3585487 
200500 	 0.4261925 
201000 	 0.3775314 
201500 	 0.3644697 
202000 	 0.3837433 
202500 	 0.4257202 
203000 	 0.3967477 
203500 	 0.4320286 
204000 	 0.3629489 
204500 	 0.3785599 
205000 	 0.4134771 
205500 	 0.3913555 
206000 	 0.5019024 
206500 	 0.4148891 
207000 	 0.3021099 
207500 	 0.4464495 
208000 	 0.3792027 
208500 	 0.3876207 
209000 	 0.3783447 
209500 	 0.3289581 
210000 	 0.4532428 
210500 	 0.4503866 
211000 	 0.3382946 
211500 	 0.3693619 
212000 	 0.389889 
212500 	 0.36243 
213000 	 0.4110411 
213500 	 0.4549348 
214000 	 0.4929609 
214500 	 0.3698465 
215000 	 0.3848775 
215500 	 0.4178807 
216000 	 0.343173 
216500 	 0.4609481 
217000 	 0.4100733 
217500 	 0.4066365 
218000 	 0.3573016 
218500 	 0.3985667 
219000 	 0.3856139 
219500 	 0.4140838 
220000 	 0.3542018 
220500 	 0.4299367 
221000 	 0.4244315 
221500 	 0.3603447 
222000 	 0.3377398 
222500 	 0.4625783 
223000 	 0.4849107 
223500 	 0.4069199 
224000 	 0.4402539 
224500 	 0.2804319 
225000 	 0.3334632 
225500 	 0.4074098 
226000 	 0.3591322 
226500 	 0.3978738 
227000 	 0.375334 
227500 	 0.4652552 
228000 	 0.3518505 
228500 	 0.3884407 
229000 	 0.3205941 
229500 	 0.4528379 
230000 	 0.3986216 
230500 	 0.5173356 
231000 	 0.3487172 
231500 	 0.3604755 
232000 	 0.4965327 
232500 	 0.360117 
233000 	 0.4805716 
233500 	 0.4635938 
234000 	 0.4764059 
234500 	 0.3340797 
235000 	 0.3300851 
235500 	 0.4362505 
236000 	 0.4367037 
236500 	 0.4307254 
237000 	 0.3647239 
237500 	 0.4054178 
238000 	 0.3716494 
238500 	 0.43293 
239000 	 0.3683494 
239500 	 0.5032485 
240000 	 0.400222 
240500 	 0.3162893 
241000 	 0.2865412 
241500 	 0.439264 
242000 	 0.4268255 
242500 	 0.4580059 
243000 	 0.4276481 
243500 	 0.345905 
244000 	 0.3895801 
244500 	 0.4261838 
245000 	 0.3601744 
245500 	 0.4108974 
246000 	 0.4469107 
246500 	 0.4616689 
247000 	 0.4125476 
247500 	 0.3502845 
248000 	 0.3426047 
248500 	 0.4285946 
249000 	 0.4364954 
249500 	 0.3530153 
250000 	 0.4108247 
250500 	 0.3784377 
251000 	 0.3956942 
251500 	 0.4820579 
252000 	 0.4559228 
252500 	 0.409146 
253000 	 0.4592546 
253500 	 0.3128806 
254000 	 0.366551 
254500 	 0.3265546 
255000 	 0.3904332 
255500 	 0.452553 
256000 	 0.4457732 
256500 	 0.39446 
257000 	 0.3225673 
257500 	 0.4745547 
258000 	 0.4078911 
258500 	 0.3574855 
259000 	 0.4684978 
259500 	 0.3911745 
260000 	 0.3692143 
260500 	 0.3246408 
261000 	 0.3614429 
261500 	 0.3154731 
262000 	 0.352246 
262500 	 0.4287342 
263000 	 0.3746468 
263500 	 0.3600206 
264000 	 0.4191911 
264500 	 0.394707 
265000 	 0.4363332 
265500 	 0.4834728 
266000 	 0.3070709 
266500 	 0.515966 
267000 	 0.4598084 
267500 	 0.4398341 
268000 	 0.5168931 
268500 	 0.3427558 
269000 	 0.4540853 
269500 	 0.3419865 
270000 	 0.5208563 
270500 	 0.5058632 
271000 	 0.4251761 
271500 	 0.5262767 
272000 	 0.3326159 
272500 	 0.4271387 
273000 	 0.4862032 
273500 	 0.3342604 
274000 	 0.379236 
274500 	 0.3860741 
275000 	 0.3423455 
275500 	 0.3992322 
276000 	 0.3794327 
276500 	 0.4225652 
277000 	 0.4745029 
277500 	 0.3337098 
278000 	 0.354351 
278500 	 0.3785988 
279000 	 0.3269403 
279500 	 0.3788804 
280000 	 0.4055805 
280500 	 0.3963514 
281000 	 0.5108737 
281500 	 0.3971923 
282000 	 0.4958302 
282500 	 0.338149 
283000 	 0.381022 
283500 	 0.4019404 
284000 	 0.3952175 
284500 	 0.4197805 
285000 	 0.5359808 
285500 	 0.4311757 
286000 	 0.4366416 
286500 	 0.3993521 
287000 	 0.3559121 
287500 	 0.3999072 
288000 	 0.4523142 
288500 	 0.4628763 
289000 	 0.3838532 
289500 	 0.3913419 
290000 	 0.5034908 
290500 	 0.3951543 
291000 	 0.3802264 
291500 	 0.5071269 
292000 	 0.318133 
292500 	 0.4062732 
293000 	 0.3693726 
293500 	 0.4494023 
294000 	 0.3920656 
294500 	 0.2859083 
295000 	 0.4124786 
295500 	 0.5010422 
296000 	 0.3148998 
296500 	 0.394028 
297000 	 0.4762019 
297500 	 0.3959834 
298000 	 0.4798241 
298500 	 0.3648783 
299000 	 0.3777812 
299500 	 0.361401 
300000 	 0.3555159 
300500 	 0.3940404 
301000 	 0.4264352 
301500 	 0.4580238 
302000 	 0.3296259 
302500 	 0.3589604 
303000 	 0.4232527 
303500 	 0.3927426 
304000 	 0.4416031 
304500 	 0.4654671 
305000 	 0.3706844 
305500 	 0.4601502 
306000 	 0.4013245 
306500 	 0.4155754 
307000 	 0.3762088 
307500 	 0.38346 
308000 	 0.3787851 
308500 	 0.4178492 
309000 	 0.4366625 
309500 	 0.443641 
310000 	 0.3436787 
310500 	 0.3082259 
311000 	 0.3788904 
311500 	 0.380401 
312000 	 0.3817685 
312500 	 0.4114902 
313000 	 0.3842188 
313500 	 0.4513463 
314000 	 0.3563656 
314500 	 0.4319127 
315000 	 0.3859734 
315500 	 0.3464678 
316000 	 0.419968 
316500 	 0.29468 
317000 	 0.438712 
317500 	 0.393692 
318000 	 0.3836152 
318500 	 0.4097449 
319000 	 0.3949606 
319500 	 0.4379601 
320000 	 0.4216199 
320500 	 0.3894278 
321000 	 0.4218455 
321500 	 0.4726869 
322000 	 0.4573486 
322500 	 0.4253163 
323000 	 0.3899084 
323500 	 0.3825357 
324000 	 0.3649899 
324500 	 0.411983 
325000 	 0.3588667 
325500 	 0.3602839 
326000 	 0.3498054 
326500 	 0.4707222 
327000 	 0.4172551 
327500 	 0.3989838 
328000 	 0.3729232 
328500 	 0.3999152 
329000 	 0.3420311 
329500 	 0.3744573 
330000 	 0.3796549 
330500 	 0.3840275 
331000 	 0.4661852 
331500 	 0.3514562 
332000 	 0.3628216 
332500 	 0.2957585 
333000 	 0.4551831 
333500 	 0.3204812 
334000 	 0.4760491 
334500 	 0.3588061 
335000 	 0.49688 
335500 	 0.3842765 
336000 	 0.4701048 
336500 	 0.4130108 
337000 	 0.402585 
337500 	 0.4129737 
338000 	 0.3601217 
338500 	 0.4162462 
339000 	 0.413423 
339500 	 0.434303 
340000 	 0.4247123 
340500 	 0.3752334 
341000 	 0.359428 
341500 	 0.3344629 
342000 	 0.5174962 
342500 	 0.4458561 
343000 	 0.4647004 
343500 	 0.3772165 
344000 	 0.3284747 
344500 	 0.4168037 
345000 	 0.4489537 
345500 	 0.3866735 
346000 	 0.3730159 
346500 	 0.3683589 
347000 	 0.3783639 
347500 	 0.3700356 
348000 	 0.4634813 
348500 	 0.3908753 
349000 	 0.4176188 
349500 	 0.3643159 
350000 	 0.4440094 
350500 	 0.4171813 
351000 	 0.3937204 
351500 	 0.4561274 
352000 	 0.3854355 
352500 	 0.5153343 
353000 	 0.4216678 
353500 	 0.3864752 
354000 	 0.3824182 
354500 	 0.5070407 
355000 	 0.5092653 
355500 	 0.4613922 
356000 	 0.3345577 
356500 	 0.2766715 
357000 	 0.4703177 
357500 	 0.4239857 
358000 	 0.3963725 
358500 	 0.4201217 
359000 	 0.4447402 
359500 	 0.3174838 
360000 	 0.3843613 
360500 	 0.4003174 
361000 	 0.4969356 
361500 	 0.3665801 
362000 	 0.3926925 
362500 	 0.4337662 
363000 	 0.5400974 
363500 	 0.3693773 
364000 	 0.404269 
364500 	 0.412327 
365000 	 0.3494579 
365500 	 0.3996342 
366000 	 0.4258369 
366500 	 0.4086103 
367000 	 0.4404498 
367500 	 0.4785055 
368000 	 0.3774093 
368500 	 0.3571212 
369000 	 0.3430254 
369500 	 0.4203249 
370000 	 0.4009227 
370500 	 0.4769863 
371000 	 0.3197201 
371500 	 0.4171821 
372000 	 0.3804545 
372500 	 0.3521308 
373000 	 0.4575596 
373500 	 0.3800769 
374000 	 0.426117 
374500 	 0.4176284 
375000 	 0.3987735 
375500 	 0.4228543 
376000 	 0.3475767 
376500 	 0.4503156 
377000 	 0.3893589 
377500 	 0.3226779 
378000 	 0.3728289 
378500 	 0.3338403 
379000 	 0.4275428 
379500 	 0.4466203 
380000 	 0.4820549 
380500 	 0.4180916 
381000 	 0.4486904 
381500 	 0.3426756 
382000 	 0.4542315 
382500 	 0.490873 
383000 	 0.4079348 
383500 	 0.3866984 
384000 	 0.3647017 
384500 	 0.3854721 
385000 	 0.3162775 
385500 	 0.4186406 
386000 	 0.390863 
386500 	 0.3956891 
387000 	 0.3674583 
387500 	 0.3272221 
388000 	 0.3624186 
388500 	 0.381767 
389000 	 0.3231788 
389500 	 0.5092784 
390000 	 0.3478936 
390500 	 0.4069274 
391000 	 0.3602657 
391500 	 0.3988532 
392000 	 0.4387569 
392500 	 0.3629134 
393000 	 0.4449692 
393500 	 0.4626969 
394000 	 0.3732121 
394500 	 0.3508695 
395000 	 0.3839239 
395500 	 0.4103351 
396000 	 0.3943805 
396500 	 0.4633594 
397000 	 0.3054061 
397500 	 0.3567257 
398000 	 0.4724193 
398500 	 0.481539 
399000 	 0.3251012 
399500 	 0.4248943 
400000 	 0.3892705 
400500 	 0.4077387 
401000 	 0.3844488 
401500 	 0.4158946 
402000 	 0.3415347 
402500 	 0.4153136 
403000 	 0.4909808 
403500 	 0.477026 
404000 	 0.4447526 
404500 	 0.3808997 
405000 	 0.41249 
405500 	 0.384291 
406000 	 0.4639859 
406500 	 0.4187069 
407000 	 0.4364579 
407500 	 0.481506 
408000 	 0.4254644 
408500 	 0.3575648 
409000 	 0.448272 
409500 	 0.3733944 
410000 	 0.4807853 
410500 	 0.3373322 
411000 	 0.3987832 
411500 	 0.3828506 
412000 	 0.3442818 
412500 	 0.44734 
413000 	 0.4650505 
413500 	 0.3430276 
414000 	 0.3833449 
414500 	 0.3563324 
415000 	 0.4165664 
415500 	 0.4391205 
416000 	 0.3664706 
416500 	 0.415868 
417000 	 0.4178619 
417500 	 0.3738039 
418000 	 0.4077644 
418500 	 0.388646 
419000 	 0.4022416 
419500 	 0.2517578 
420000 	 0.3865172 
420500 	 0.4014044 
421000 	 0.3762597 
421500 	 0.4469895 
422000 	 0.5324474 
422500 	 0.4418359 
423000 	 0.4345351 
423500 	 0.3199517 
424000 	 0.3681697 
424500 	 0.4175942 
425000 	 0.416694 
425500 	 0.4778082 
426000 	 0.4351569 
426500 	 0.3897294 
427000 	 0.3983068 
427500 	 0.4726893 
428000 	 0.4006974 
428500 	 0.4077631 
429000 	 0.3972018 
429500 	 0.4360482 
430000 	 0.3357027 
430500 	 0.2881239 
431000 	 0.4213867 
431500 	 0.4203311 
432000 	 0.2852217 
432500 	 0.4017134 
433000 	 0.4385393 
433500 	 0.4207563 
434000 	 0.3950045 
434500 	 0.4366097 
435000 	 0.4089971 
435500 	 0.3420992 
436000 	 0.403735 
436500 	 0.4100437 
437000 	 0.5119997 
437500 	 0.5035343 
438000 	 0.3975019 
438500 	 0.4020301 
439000 	 0.4131927 
439500 	 0.4729611 
440000 	 0.3336068 
440500 	 0.4534317 
441000 	 0.4740569 
441500 	 0.3733161 
442000 	 0.4596189 
442500 	 0.4128369 
443000 	 0.3543447 
443500 	 0.4573024 
444000 	 0.3250382 
444500 	 0.4287581 
445000 	 0.4064124 
445500 	 0.4323599 
446000 	 0.4020748 
446500 	 0.3159421 
447000 	 0.3746386 
447500 	 0.4285575 
448000 	 0.3479567 
448500 	 0.3717363 
449000 	 0.4945334 
449500 	 0.3707421 
450000 	 0.3126017 
450500 	 0.4034607 
451000 	 0.4163245 
451500 	 0.3720889 
452000 	 0.3620526 
452500 	 0.2968255 
453000 	 0.3266537 
453500 	 0.4330837 
454000 	 0.4725494 
454500 	 0.4961333 
455000 	 0.4738151 
455500 	 0.5283861 
456000 	 0.3556658 
456500 	 0.331742 
457000 	 0.4727536 
457500 	 0.3929026 
458000 	 0.3485174 
458500 	 0.4086377 
459000 	 0.3360927 
459500 	 0.3581111 
460000 	 0.4942571 
460500 	 0.4834962 
461000 	 0.4085786 
461500 	 0.3337996 
462000 	 0.4652887 
462500 	 0.4295053 
463000 	 0.4108409 
463500 	 0.4053499 
464000 	 0.2611967 
464500 	 0.4166501 
465000 	 0.4483245 
465500 	 0.3848568 
466000 	 0.3821683 
466500 	 0.4083681 
467000 	 0.4070976 
467500 	 0.5076367 
468000 	 0.419414 
468500 	 0.3953133 
469000 	 0.4476185 
469500 	 0.3771129 
470000 	 0.3790472 
470500 	 0.3822918 
471000 	 0.4648822 
471500 	 0.4502616 
472000 	 0.377714 
472500 	 0.4164153 
473000 	 0.473104 
473500 	 0.342515 
474000 	 0.3815515 
474500 	 0.4061462 
475000 	 0.4582224 
475500 	 0.4788908 
476000 	 0.372809 
476500 	 0.5086329 
477000 	 0.3255701 
477500 	 0.4194256 
478000 	 0.4108892 
478500 	 0.4446421 
479000 	 0.4653773 
479500 	 0.3622983 
480000 	 0.4563838 
480500 	 0.4514139 
481000 	 0.3464847 
481500 	 0.3111952 
482000 	 0.3626246 
482500 	 0.4035601 
483000 	 0.3521825 
483500 	 0.3475571 
484000 	 0.3128056 
484500 	 0.384035 
485000 	 0.4848236 
485500 	 0.4380466 
486000 	 0.3823809 
486500 	 0.4235943 
487000 	 0.3516581 
487500 	 0.5326934 
488000 	 0.2991612 
488500 	 0.3311934 
489000 	 0.4450707 
489500 	 0.3656386 
490000 	 0.4630689 
490500 	 0.3970148 
491000 	 0.457868 
491500 	 0.4739528 
492000 	 0.361433 
492500 	 0.3656898 
493000 	 0.3695358 
493500 	 0.3194039 
494000 	 0.3697396 
494500 	 0.3162336 
495000 	 0.381135 
495500 	 0.3808464 
496000 	 0.3331316 
496500 	 0.4270814 
497000 	 0.2675138 
497500 	 0.438452 
498000 	 0.3801732 
498500 	 0.4459995 
499000 	 0.317792 
499500 	 0.3905925 
500000 	 0.3583718 
