iter 	 p
500 	 0.5494611 
1000 	 0.6141087 
1500 	 0.6872654 
2000 	 0.65508 
2500 	 0.7085232 
3000 	 0.6383061 
3500 	 0.7518548 
4000 	 0.6617172 
4500 	 0.6643802 
5000 	 0.6343902 
5500 	 0.6396345 
6000 	 0.6285492 
6500 	 0.6674685 
7000 	 0.7193067 
7500 	 0.6231632 
8000 	 0.6302553 
8500 	 0.6981906 
9000 	 0.6147256 
9500 	 0.6358083 
10000 	 0.6511823 
10500 	 0.7005715 
11000 	 0.6336604 
11500 	 0.5905859 
12000 	 0.6616362 
12500 	 0.6723535 
13000 	 0.5828947 
13500 	 0.6870236 
14000 	 0.5781807 
14500 	 0.6876256 
15000 	 0.6960511 
15500 	 0.6302636 
16000 	 0.7117439 
16500 	 0.7051356 
17000 	 0.6951036 
17500 	 0.6443633 
18000 	 0.7377257 
18500 	 0.5792786 
19000 	 0.5852288 
19500 	 0.7354494 
20000 	 0.7278528 
20500 	 0.7106458 
21000 	 0.6805694 
21500 	 0.6137241 
22000 	 0.7406473 
22500 	 0.6585397 
23000 	 0.6958319 
23500 	 0.6028274 
24000 	 0.7564455 
24500 	 0.6321492 
25000 	 0.5891449 
25500 	 0.7048866 
26000 	 0.6547789 
26500 	 0.6982012 
27000 	 0.5958337 
27500 	 0.6536026 
28000 	 0.7138546 
28500 	 0.7191873 
29000 	 0.6560153 
29500 	 0.6787103 
30000 	 0.7113342 
30500 	 0.6314426 
31000 	 0.6178445 
31500 	 0.6812423 
32000 	 0.6862457 
32500 	 0.6214007 
33000 	 0.6675173 
33500 	 0.6601007 
34000 	 0.6564666 
34500 	 0.7094343 
35000 	 0.6915122 
35500 	 0.6125187 
36000 	 0.7205538 
36500 	 0.6277106 
37000 	 0.6711979 
37500 	 0.7163969 
38000 	 0.6308815 
38500 	 0.5805146 
39000 	 0.6276329 
39500 	 0.683548 
40000 	 0.631793 
40500 	 0.6202424 
41000 	 0.6388958 
41500 	 0.6483326 
42000 	 0.7196329 
42500 	 0.6149462 
43000 	 0.7695403 
43500 	 0.5943289 
44000 	 0.7414342 
44500 	 0.6776697 
45000 	 0.5932562 
45500 	 0.7644066 
46000 	 0.75315 
46500 	 0.699699 
47000 	 0.6796524 
47500 	 0.6482358 
48000 	 0.582569 
48500 	 0.6605497 
49000 	 0.6720095 
49500 	 0.6470725 
50000 	 0.6421995 
50500 	 0.6847222 
51000 	 0.5885359 
51500 	 0.7214338 
52000 	 0.7805213 
52500 	 0.657116 
53000 	 0.6409146 
53500 	 0.7115882 
54000 	 0.6753278 
54500 	 0.6330491 
55000 	 0.7148682 
55500 	 0.6701332 
56000 	 0.5918674 
56500 	 0.6406821 
57000 	 0.5917422 
57500 	 0.7243932 
58000 	 0.6554969 
58500 	 0.670945 
59000 	 0.5295973 
59500 	 0.6216606 
60000 	 0.6690216 
60500 	 0.5975692 
61000 	 0.5728638 
61500 	 0.599534 
62000 	 0.6392014 
62500 	 0.6425605 
63000 	 0.6198057 
63500 	 0.5579848 
64000 	 0.6034033 
64500 	 0.6967688 
65000 	 0.6795361 
65500 	 0.7304641 
66000 	 0.7101272 
66500 	 0.6414655 
67000 	 0.5962632 
67500 	 0.5428024 
68000 	 0.6755032 
68500 	 0.6447618 
69000 	 0.6148346 
69500 	 0.5955917 
70000 	 0.700968 
70500 	 0.7089488 
71000 	 0.6430344 
71500 	 0.5915975 
72000 	 0.6605556 
72500 	 0.6402447 
73000 	 0.6144052 
73500 	 0.5818418 
74000 	 0.6196249 
74500 	 0.780303 
75000 	 0.6815746 
75500 	 0.6640008 
76000 	 0.6657893 
76500 	 0.6331512 
77000 	 0.6992793 
77500 	 0.5754287 
78000 	 0.6802682 
78500 	 0.6477347 
79000 	 0.644296 
79500 	 0.6866056 
80000 	 0.7503453 
80500 	 0.688796 
81000 	 0.7459593 
81500 	 0.7278735 
82000 	 0.6851514 
82500 	 0.6131253 
83000 	 0.7712982 
83500 	 0.6147446 
84000 	 0.633032 
84500 	 0.6268559 
85000 	 0.6630775 
85500 	 0.6867935 
86000 	 0.6849417 
86500 	 0.6730884 
87000 	 0.6601016 
87500 	 0.6611319 
88000 	 0.730919 
88500 	 0.6265565 
89000 	 0.6422292 
89500 	 0.6714622 
90000 	 0.6416864 
90500 	 0.6819389 
91000 	 0.6612861 
91500 	 0.6636359 
92000 	 0.5445417 
92500 	 0.7595484 
93000 	 0.6720195 
93500 	 0.6417159 
94000 	 0.6314036 
94500 	 0.6190213 
95000 	 0.6758038 
95500 	 0.6690952 
96000 	 0.625408 
96500 	 0.6382216 
97000 	 0.5755642 
97500 	 0.5794311 
98000 	 0.6917694 
98500 	 0.5946154 
99000 	 0.7434714 
99500 	 0.6045785 
100000 	 0.6951464 
100500 	 0.6538463 
101000 	 0.741916 
101500 	 0.7376483 
102000 	 0.6954367 
102500 	 0.6885234 
103000 	 0.6515336 
103500 	 0.626202 
104000 	 0.5660744 
104500 	 0.6059635 
105000 	 0.6941402 
105500 	 0.6214184 
106000 	 0.7120229 
106500 	 0.6468126 
107000 	 0.6686478 
107500 	 0.7278581 
108000 	 0.6466117 
108500 	 0.6310509 
109000 	 0.6759498 
109500 	 0.6244558 
110000 	 0.5718233 
110500 	 0.6803172 
111000 	 0.7227068 
111500 	 0.6306511 
112000 	 0.5971126 
112500 	 0.6725076 
113000 	 0.7454674 
113500 	 0.6196067 
114000 	 0.6537346 
114500 	 0.6511957 
115000 	 0.6878774 
115500 	 0.6826141 
116000 	 0.713178 
116500 	 0.6578527 
117000 	 0.6505521 
117500 	 0.654825 
118000 	 0.7185867 
118500 	 0.5940385 
119000 	 0.6796914 
119500 	 0.6820172 
120000 	 0.6460673 
120500 	 0.6769046 
121000 	 0.7051819 
121500 	 0.7431832 
122000 	 0.6835546 
122500 	 0.5760023 
123000 	 0.6470786 
123500 	 0.66643 
124000 	 0.6838458 
124500 	 0.6000187 
125000 	 0.7041751 
125500 	 0.5355958 
126000 	 0.6745334 
126500 	 0.6587265 
127000 	 0.7602438 
127500 	 0.6320665 
128000 	 0.6524626 
128500 	 0.6366971 
129000 	 0.6554656 
129500 	 0.6747195 
130000 	 0.624606 
130500 	 0.6502529 
131000 	 0.6467737 
131500 	 0.6245216 
132000 	 0.5856289 
132500 	 0.7013709 
133000 	 0.7042533 
133500 	 0.699446 
134000 	 0.6187431 
134500 	 0.6902983 
135000 	 0.6144849 
135500 	 0.6564364 
136000 	 0.629076 
136500 	 0.6897759 
137000 	 0.5880556 
137500 	 0.6744921 
138000 	 0.6619375 
138500 	 0.7631897 
139000 	 0.638756 
139500 	 0.6567258 
140000 	 0.7051406 
140500 	 0.6669327 
141000 	 0.6565447 
141500 	 0.5967609 
142000 	 0.6941867 
142500 	 0.6958281 
143000 	 0.6543484 
143500 	 0.6982679 
144000 	 0.6461319 
144500 	 0.6844609 
145000 	 0.6607243 
145500 	 0.6033703 
146000 	 0.6176136 
146500 	 0.6316711 
147000 	 0.693099 
147500 	 0.6992816 
148000 	 0.6336565 
148500 	 0.6253209 
149000 	 0.5982201 
149500 	 0.683868 
150000 	 0.7413432 
150500 	 0.70395 
151000 	 0.6845765 
151500 	 0.6004461 
152000 	 0.6189931 
152500 	 0.6439319 
153000 	 0.6704645 
153500 	 0.6226318 
154000 	 0.6085738 
154500 	 0.6731113 
155000 	 0.6789645 
155500 	 0.7660084 
156000 	 0.6934603 
156500 	 0.6753073 
157000 	 0.55109 
157500 	 0.668597 
158000 	 0.5980715 
158500 	 0.593352 
159000 	 0.6637119 
159500 	 0.6449524 
160000 	 0.583021 
160500 	 0.6918437 
161000 	 0.601194 
161500 	 0.7085958 
162000 	 0.6655192 
162500 	 0.6722884 
163000 	 0.6335102 
163500 	 0.6437724 
164000 	 0.5884079 
164500 	 0.644743 
165000 	 0.6816189 
165500 	 0.6331306 
166000 	 0.6565542 
166500 	 0.5834791 
167000 	 0.6429779 
167500 	 0.6722768 
168000 	 0.6351919 
168500 	 0.7587025 
169000 	 0.644226 
169500 	 0.6992579 
170000 	 0.694381 
170500 	 0.6050422 
171000 	 0.6861708 
171500 	 0.5987843 
172000 	 0.6809339 
172500 	 0.7292824 
173000 	 0.6274224 
173500 	 0.7266022 
174000 	 0.6903727 
174500 	 0.7756182 
175000 	 0.7398909 
175500 	 0.7087934 
176000 	 0.7039769 
176500 	 0.6778489 
177000 	 0.6772759 
177500 	 0.6231124 
178000 	 0.6230452 
178500 	 0.6041534 
179000 	 0.6432869 
179500 	 0.6605854 
180000 	 0.6967855 
180500 	 0.7764018 
181000 	 0.6742165 
181500 	 0.7785888 
182000 	 0.6826992 
182500 	 0.6770819 
183000 	 0.6252743 
183500 	 0.5960218 
184000 	 0.7380613 
184500 	 0.6961768 
185000 	 0.6715724 
185500 	 0.6126061 
186000 	 0.6439967 
186500 	 0.63987 
187000 	 0.6658941 
187500 	 0.6307389 
188000 	 0.6996502 
188500 	 0.6751543 
189000 	 0.6460843 
189500 	 0.6392133 
190000 	 0.5937569 
190500 	 0.5682397 
191000 	 0.7130243 
191500 	 0.6613909 
192000 	 0.6381169 
192500 	 0.6593449 
193000 	 0.6983199 
193500 	 0.6361462 
194000 	 0.7062969 
194500 	 0.6222482 
195000 	 0.5476911 
195500 	 0.6048098 
196000 	 0.7381736 
196500 	 0.6717269 
197000 	 0.6409225 
197500 	 0.6521245 
198000 	 0.6045977 
198500 	 0.6186944 
199000 	 0.7066033 
199500 	 0.6708356 
200000 	 0.6058042 
200500 	 0.6704255 
201000 	 0.7057613 
201500 	 0.7484743 
202000 	 0.7384756 
202500 	 0.5890022 
203000 	 0.6937327 
203500 	 0.6670824 
204000 	 0.6037694 
204500 	 0.6918375 
205000 	 0.6306718 
205500 	 0.6982598 
206000 	 0.6930356 
206500 	 0.7466459 
207000 	 0.6197889 
207500 	 0.6685098 
208000 	 0.7195313 
208500 	 0.5868944 
209000 	 0.6946437 
209500 	 0.6606292 
210000 	 0.6148431 
210500 	 0.6892312 
211000 	 0.671961 
211500 	 0.5930957 
212000 	 0.7900133 
212500 	 0.6478692 
213000 	 0.7228549 
213500 	 0.6234616 
214000 	 0.5906658 
214500 	 0.6199233 
215000 	 0.6388417 
215500 	 0.6901426 
216000 	 0.6386449 
216500 	 0.6967577 
217000 	 0.6549854 
217500 	 0.6527018 
218000 	 0.6678808 
218500 	 0.5976194 
219000 	 0.6443382 
219500 	 0.6432455 
220000 	 0.6314546 
220500 	 0.6877434 
221000 	 0.6433067 
221500 	 0.6690914 
222000 	 0.6686112 
222500 	 0.6726209 
223000 	 0.6577351 
223500 	 0.625744 
224000 	 0.6675812 
224500 	 0.7154689 
225000 	 0.5977262 
225500 	 0.7232941 
226000 	 0.6447758 
226500 	 0.6223348 
227000 	 0.6595517 
227500 	 0.7049147 
228000 	 0.6925155 
228500 	 0.690382 
229000 	 0.5725388 
229500 	 0.6401726 
230000 	 0.7528106 
230500 	 0.6920036 
231000 	 0.6490067 
231500 	 0.6806754 
232000 	 0.6784748 
232500 	 0.6318928 
233000 	 0.6415772 
233500 	 0.6889441 
234000 	 0.6672353 
234500 	 0.6831656 
235000 	 0.6319436 
235500 	 0.6203923 
236000 	 0.6002714 
236500 	 0.7869687 
237000 	 0.7019933 
237500 	 0.6549422 
238000 	 0.7041864 
238500 	 0.6229372 
239000 	 0.6715224 
239500 	 0.5573389 
240000 	 0.6586706 
240500 	 0.6520757 
241000 	 0.5876317 
241500 	 0.6729269 
242000 	 0.647992 
242500 	 0.6854306 
243000 	 0.7226959 
243500 	 0.5770518 
244000 	 0.661374 
244500 	 0.6655 
245000 	 0.7019761 
245500 	 0.703928 
246000 	 0.6465789 
246500 	 0.7100773 
247000 	 0.6788027 
247500 	 0.7022855 
248000 	 0.6736239 
248500 	 0.6597652 
249000 	 0.5808742 
249500 	 0.6471102 
250000 	 0.6774985 
250500 	 0.6241716 
251000 	 0.595989 
251500 	 0.7027816 
252000 	 0.6837031 
252500 	 0.6505828 
253000 	 0.6508471 
253500 	 0.7090022 
254000 	 0.6589111 
254500 	 0.6840012 
255000 	 0.691084 
255500 	 0.7125105 
256000 	 0.6308912 
256500 	 0.5782219 
257000 	 0.5970319 
257500 	 0.7320058 
258000 	 0.7173777 
258500 	 0.5762324 
259000 	 0.7099588 
259500 	 0.6402907 
260000 	 0.6609681 
260500 	 0.6950087 
261000 	 0.6679999 
261500 	 0.6436986 
262000 	 0.7418442 
262500 	 0.6145415 
263000 	 0.7221109 
263500 	 0.6293507 
264000 	 0.6592248 
264500 	 0.7523944 
265000 	 0.7075844 
265500 	 0.6838692 
266000 	 0.6826396 
266500 	 0.6378268 
267000 	 0.6782889 
267500 	 0.6930533 
268000 	 0.6687999 
268500 	 0.6375469 
269000 	 0.6861038 
269500 	 0.6976861 
270000 	 0.6810961 
270500 	 0.6248319 
271000 	 0.7190958 
271500 	 0.6120503 
272000 	 0.7078865 
272500 	 0.7235584 
273000 	 0.7143036 
273500 	 0.6870221 
274000 	 0.7580236 
274500 	 0.6224544 
275000 	 0.7158112 
275500 	 0.7192316 
276000 	 0.5868004 
276500 	 0.6452032 
277000 	 0.6679558 
277500 	 0.6132746 
278000 	 0.644609 
278500 	 0.6935717 
279000 	 0.6592871 
279500 	 0.6308434 
280000 	 0.6694531 
280500 	 0.6418606 
281000 	 0.624019 
281500 	 0.6045306 
282000 	 0.7168619 
282500 	 0.6683472 
283000 	 0.6421716 
283500 	 0.6810226 
284000 	 0.6921525 
284500 	 0.6498285 
285000 	 0.6833253 
285500 	 0.6291669 
286000 	 0.6776025 
286500 	 0.6490825 
287000 	 0.657684 
287500 	 0.6337674 
288000 	 0.7388313 
288500 	 0.596863 
289000 	 0.7169031 
289500 	 0.6617474 
290000 	 0.701043 
290500 	 0.6761806 
291000 	 0.6879881 
291500 	 0.6069982 
292000 	 0.7041975 
292500 	 0.6388816 
293000 	 0.6647026 
293500 	 0.6645802 
294000 	 0.680367 
294500 	 0.6266132 
295000 	 0.6992332 
295500 	 0.6780355 
296000 	 0.7200335 
296500 	 0.6836158 
297000 	 0.6511394 
297500 	 0.5555744 
298000 	 0.6534884 
298500 	 0.6149504 
299000 	 0.6865887 
299500 	 0.6388446 
300000 	 0.6446169 
300500 	 0.6926438 
301000 	 0.6760616 
301500 	 0.657909 
302000 	 0.5747714 
302500 	 0.7434519 
303000 	 0.7066219 
303500 	 0.5993004 
304000 	 0.6449801 
304500 	 0.7181739 
305000 	 0.6680118 
305500 	 0.7675377 
306000 	 0.7175133 
306500 	 0.6450704 
307000 	 0.7885912 
307500 	 0.5961546 
308000 	 0.7412695 
308500 	 0.6548951 
309000 	 0.5682924 
309500 	 0.6690556 
310000 	 0.6562008 
310500 	 0.6843446 
311000 	 0.7082553 
311500 	 0.7257635 
312000 	 0.5600152 
312500 	 0.677986 
313000 	 0.6823251 
313500 	 0.7225212 
314000 	 0.700591 
314500 	 0.6119849 
315000 	 0.6117613 
315500 	 0.5855334 
316000 	 0.6713041 
316500 	 0.717942 
317000 	 0.6089565 
317500 	 0.6039917 
318000 	 0.6675067 
318500 	 0.697184 
319000 	 0.695716 
319500 	 0.6178909 
320000 	 0.6629572 
320500 	 0.6721072 
321000 	 0.6570006 
321500 	 0.5921676 
322000 	 0.6255556 
322500 	 0.7169987 
323000 	 0.6865125 
323500 	 0.6616119 
324000 	 0.6401164 
324500 	 0.6166092 
325000 	 0.6624993 
325500 	 0.6634998 
326000 	 0.7070719 
326500 	 0.719539 
327000 	 0.6706603 
327500 	 0.647663 
328000 	 0.6796412 
328500 	 0.6464097 
329000 	 0.7432089 
329500 	 0.6342352 
330000 	 0.5698284 
330500 	 0.6186484 
331000 	 0.7310433 
331500 	 0.6926879 
332000 	 0.6963977 
332500 	 0.6304729 
333000 	 0.7160671 
333500 	 0.7001069 
334000 	 0.7022249 
334500 	 0.6700393 
335000 	 0.7185267 
335500 	 0.6839347 
336000 	 0.6087712 
336500 	 0.6745378 
337000 	 0.7261967 
337500 	 0.6621161 
338000 	 0.5525519 
338500 	 0.6228918 
339000 	 0.6807716 
339500 	 0.5835009 
340000 	 0.6811759 
340500 	 0.7186929 
341000 	 0.6557738 
341500 	 0.6630137 
342000 	 0.7473884 
342500 	 0.7202546 
343000 	 0.6219347 
343500 	 0.6902299 
344000 	 0.5910832 
344500 	 0.7046439 
345000 	 0.654323 
345500 	 0.6110339 
346000 	 0.7045039 
346500 	 0.6744194 
347000 	 0.6265895 
347500 	 0.7323723 
348000 	 0.7466705 
348500 	 0.5853024 
349000 	 0.6524562 
349500 	 0.6584951 
350000 	 0.7092219 
350500 	 0.646147 
351000 	 0.5788493 
351500 	 0.6962501 
352000 	 0.6142112 
352500 	 0.6182165 
353000 	 0.6638701 
353500 	 0.6011721 
354000 	 0.7128219 
354500 	 0.7246642 
355000 	 0.6199841 
355500 	 0.6990146 
356000 	 0.7493979 
356500 	 0.6441515 
357000 	 0.6634769 
357500 	 0.6688951 
358000 	 0.6248044 
358500 	 0.6517143 
359000 	 0.5588604 
359500 	 0.6892364 
360000 	 0.7159183 
360500 	 0.5902485 
361000 	 0.6337965 
361500 	 0.6965952 
362000 	 0.7062143 
362500 	 0.7033522 
363000 	 0.6715236 
363500 	 0.5987012 
364000 	 0.6914426 
364500 	 0.6925235 
365000 	 0.6090567 
365500 	 0.6918184 
366000 	 0.6353612 
366500 	 0.6545542 
367000 	 0.6352182 
367500 	 0.6745254 
368000 	 0.6380038 
368500 	 0.6697543 
369000 	 0.6982244 
369500 	 0.7185987 
370000 	 0.6669427 
370500 	 0.6838169 
371000 	 0.6763919 
371500 	 0.6654205 
372000 	 0.6100504 
372500 	 0.6092315 
373000 	 0.6251645 
373500 	 0.6787274 
374000 	 0.6975837 
374500 	 0.7386886 
375000 	 0.551389 
375500 	 0.5853048 
376000 	 0.7222417 
376500 	 0.6576846 
377000 	 0.6423541 
377500 	 0.6294643 
378000 	 0.7181507 
378500 	 0.7483403 
379000 	 0.6194737 
379500 	 0.7062955 
380000 	 0.6549602 
380500 	 0.6003409 
381000 	 0.5900636 
381500 	 0.676258 
382000 	 0.6267965 
382500 	 0.7065756 
383000 	 0.7436114 
383500 	 0.6514607 
384000 	 0.6839551 
384500 	 0.6851061 
385000 	 0.7013384 
385500 	 0.5538126 
386000 	 0.6765447 
386500 	 0.6956496 
387000 	 0.6764884 
387500 	 0.74098 
388000 	 0.6715686 
388500 	 0.6430925 
389000 	 0.611305 
389500 	 0.7234951 
390000 	 0.674023 
390500 	 0.6784248 
391000 	 0.6433826 
391500 	 0.6083831 
392000 	 0.6070612 
392500 	 0.6131892 
393000 	 0.7194247 
393500 	 0.6228957 
394000 	 0.6960873 
394500 	 0.6779656 
395000 	 0.6783545 
395500 	 0.6156936 
396000 	 0.6648183 
396500 	 0.4940768 
397000 	 0.6541885 
397500 	 0.5537502 
398000 	 0.7580259 
398500 	 0.7178735 
399000 	 0.5907505 
399500 	 0.593515 
400000 	 0.5622818 
400500 	 0.6467988 
401000 	 0.6622378 
401500 	 0.6438803 
402000 	 0.6527532 
402500 	 0.6416574 
403000 	 0.6543104 
403500 	 0.7086588 
404000 	 0.7674306 
404500 	 0.7217666 
405000 	 0.662285 
405500 	 0.711623 
406000 	 0.7459971 
406500 	 0.7112598 
407000 	 0.7601506 
407500 	 0.6624539 
408000 	 0.6608955 
408500 	 0.6245008 
409000 	 0.6125521 
409500 	 0.7066572 
410000 	 0.6119569 
410500 	 0.6442881 
411000 	 0.71268 
411500 	 0.5761898 
412000 	 0.57376 
412500 	 0.6705849 
413000 	 0.6433106 
413500 	 0.6911516 
414000 	 0.6274935 
414500 	 0.6271673 
415000 	 0.5773478 
415500 	 0.6612288 
416000 	 0.7349398 
416500 	 0.6923303 
417000 	 0.6918183 
417500 	 0.6998748 
418000 	 0.6896267 
418500 	 0.6787357 
419000 	 0.7479362 
419500 	 0.6747924 
420000 	 0.574554 
420500 	 0.6389572 
421000 	 0.6722386 
421500 	 0.5900366 
422000 	 0.6335008 
422500 	 0.5785205 
423000 	 0.7262082 
423500 	 0.6809283 
424000 	 0.6645708 
424500 	 0.5853681 
425000 	 0.7191904 
425500 	 0.7062952 
426000 	 0.6029502 
426500 	 0.7505476 
427000 	 0.5747162 
427500 	 0.6205821 
428000 	 0.6307785 
428500 	 0.5902125 
429000 	 0.6389727 
429500 	 0.5945934 
430000 	 0.6833973 
430500 	 0.6770518 
431000 	 0.6967837 
431500 	 0.6568123 
432000 	 0.648186 
432500 	 0.7645803 
433000 	 0.7160275 
433500 	 0.6450813 
434000 	 0.6530704 
434500 	 0.7055749 
435000 	 0.6896202 
435500 	 0.6230204 
436000 	 0.6504421 
436500 	 0.7492656 
437000 	 0.6103323 
437500 	 0.7558638 
438000 	 0.6164437 
438500 	 0.7152608 
439000 	 0.6023446 
439500 	 0.5736095 
440000 	 0.7608227 
440500 	 0.6362475 
441000 	 0.6868477 
441500 	 0.6596849 
442000 	 0.6703878 
442500 	 0.723855 
443000 	 0.7520421 
443500 	 0.6991297 
444000 	 0.6640753 
444500 	 0.6288638 
445000 	 0.7046411 
445500 	 0.6733069 
446000 	 0.6899475 
446500 	 0.6028741 
447000 	 0.6544166 
447500 	 0.7285207 
448000 	 0.6417444 
448500 	 0.6417522 
449000 	 0.6357394 
449500 	 0.6278397 
450000 	 0.6814945 
450500 	 0.6795699 
451000 	 0.6695664 
451500 	 0.6623774 
452000 	 0.5752293 
452500 	 0.7499479 
453000 	 0.7037742 
453500 	 0.6998823 
454000 	 0.649595 
454500 	 0.6847395 
455000 	 0.7047822 
455500 	 0.7080934 
456000 	 0.7588869 
456500 	 0.6569831 
457000 	 0.6538188 
457500 	 0.6811491 
458000 	 0.6841291 
458500 	 0.6951685 
459000 	 0.692358 
459500 	 0.6855831 
460000 	 0.5838525 
460500 	 0.6126542 
461000 	 0.6718821 
461500 	 0.6383764 
462000 	 0.6919704 
462500 	 0.6815875 
463000 	 0.5518683 
463500 	 0.7942117 
464000 	 0.7356987 
464500 	 0.7566352 
465000 	 0.5495491 
465500 	 0.6466238 
466000 	 0.7250186 
466500 	 0.6333244 
467000 	 0.7157512 
467500 	 0.724077 
468000 	 0.6068107 
468500 	 0.6462846 
469000 	 0.6152178 
469500 	 0.6228679 
470000 	 0.6544328 
470500 	 0.6490408 
471000 	 0.648984 
471500 	 0.7020028 
472000 	 0.6715111 
472500 	 0.7007029 
473000 	 0.7808362 
473500 	 0.604608 
474000 	 0.598976 
474500 	 0.6738472 
475000 	 0.7062549 
475500 	 0.6481385 
476000 	 0.656999 
476500 	 0.7437692 
477000 	 0.6640134 
477500 	 0.6177635 
478000 	 0.6461015 
478500 	 0.6522017 
479000 	 0.6692992 
479500 	 0.6725946 
480000 	 0.6659887 
480500 	 0.6639948 
481000 	 0.6973244 
481500 	 0.6077557 
482000 	 0.6817713 
482500 	 0.672927 
483000 	 0.6552648 
483500 	 0.5865108 
484000 	 0.6348241 
484500 	 0.7021141 
485000 	 0.6959102 
485500 	 0.8062029 
486000 	 0.6479937 
486500 	 0.7090064 
487000 	 0.6003833 
487500 	 0.6068061 
488000 	 0.6564772 
488500 	 0.725618 
489000 	 0.676831 
489500 	 0.6466927 
490000 	 0.6777802 
490500 	 0.6726021 
491000 	 0.683318 
491500 	 0.6710977 
492000 	 0.6020074 
492500 	 0.6770723 
493000 	 0.6479574 
493500 	 0.5924554 
494000 	 0.630893 
494500 	 0.6907545 
495000 	 0.6587226 
495500 	 0.6980357 
496000 	 0.6057281 
496500 	 0.7069603 
497000 	 0.6695651 
497500 	 0.7434344 
498000 	 0.6603039 
498500 	 0.595733 
499000 	 0.6409504 
499500 	 0.7130032 
500000 	 0.6274456 
