iter 	 p
500 	 0.4867785 
1000 	 0.5187384 
1500 	 0.4545468 
2000 	 0.4122913 
2500 	 0.4394576 
3000 	 0.4403875 
3500 	 0.4034654 
4000 	 0.4336907 
4500 	 0.4531511 
5000 	 0.4651847 
5500 	 0.4988896 
6000 	 0.3786211 
6500 	 0.4028475 
7000 	 0.4825191 
7500 	 0.4492268 
8000 	 0.4734282 
8500 	 0.5066144 
9000 	 0.4532726 
9500 	 0.46711 
10000 	 0.4491118 
10500 	 0.4517366 
11000 	 0.4401106 
11500 	 0.4154119 
12000 	 0.4194383 
12500 	 0.3763934 
13000 	 0.5176056 
13500 	 0.403399 
14000 	 0.446742 
14500 	 0.4558388 
15000 	 0.4647321 
15500 	 0.3968912 
16000 	 0.4356418 
16500 	 0.5348177 
17000 	 0.4377031 
17500 	 0.428537 
18000 	 0.4679714 
18500 	 0.4658137 
19000 	 0.4450129 
19500 	 0.4660824 
20000 	 0.4707365 
20500 	 0.4740406 
21000 	 0.4824714 
21500 	 0.5331645 
22000 	 0.4501206 
22500 	 0.4360376 
23000 	 0.4015658 
23500 	 0.5158505 
24000 	 0.5313187 
24500 	 0.4910933 
25000 	 0.4405785 
25500 	 0.4292127 
26000 	 0.4612311 
26500 	 0.4444147 
27000 	 0.468959 
27500 	 0.3997844 
28000 	 0.4696386 
28500 	 0.5393908 
29000 	 0.4796541 
29500 	 0.4494973 
30000 	 0.4450258 
30500 	 0.4822414 
31000 	 0.4260227 
31500 	 0.4798678 
32000 	 0.4679066 
32500 	 0.4675832 
33000 	 0.4265116 
33500 	 0.4158932 
34000 	 0.4546868 
34500 	 0.3888881 
35000 	 0.4528683 
35500 	 0.4673351 
36000 	 0.4926387 
36500 	 0.5310926 
37000 	 0.4120991 
37500 	 0.44528 
38000 	 0.501963 
38500 	 0.474675 
39000 	 0.4328673 
39500 	 0.4253665 
40000 	 0.3851143 
40500 	 0.4071518 
41000 	 0.4510657 
41500 	 0.4834646 
42000 	 0.40408 
42500 	 0.4617483 
43000 	 0.470607 
43500 	 0.4432658 
44000 	 0.4136398 
44500 	 0.4081944 
45000 	 0.4690885 
45500 	 0.3849704 
46000 	 0.4799827 
46500 	 0.4896859 
47000 	 0.4490503 
47500 	 0.4507913 
48000 	 0.4430103 
48500 	 0.4443047 
49000 	 0.5127097 
49500 	 0.3835913 
50000 	 0.5708893 
50500 	 0.3857114 
51000 	 0.4385478 
51500 	 0.4587559 
52000 	 0.4133292 
52500 	 0.4300565 
53000 	 0.5054969 
53500 	 0.3889001 
54000 	 0.4585658 
54500 	 0.4886801 
55000 	 0.5092553 
55500 	 0.5809557 
56000 	 0.4744064 
56500 	 0.3566275 
57000 	 0.3858813 
57500 	 0.3748102 
58000 	 0.4723223 
58500 	 0.4904137 
59000 	 0.4345332 
59500 	 0.4338109 
60000 	 0.4057494 
60500 	 0.4587276 
61000 	 0.4610149 
61500 	 0.4645322 
62000 	 0.4844877 
62500 	 0.4704136 
63000 	 0.4502943 
63500 	 0.4434002 
64000 	 0.4882063 
64500 	 0.4860411 
65000 	 0.417361 
65500 	 0.434164 
66000 	 0.4217961 
66500 	 0.4321614 
67000 	 0.4110947 
67500 	 0.4492545 
68000 	 0.4871805 
68500 	 0.4822418 
69000 	 0.4596981 
69500 	 0.5787453 
70000 	 0.4566495 
70500 	 0.4089337 
71000 	 0.4312478 
71500 	 0.3939098 
72000 	 0.3973953 
72500 	 0.4227729 
73000 	 0.4703413 
73500 	 0.4263607 
74000 	 0.4192474 
74500 	 0.4775022 
75000 	 0.4415354 
75500 	 0.3572599 
76000 	 0.4662159 
76500 	 0.4245327 
77000 	 0.4571906 
77500 	 0.4239903 
78000 	 0.4822343 
78500 	 0.5253912 
79000 	 0.4745603 
79500 	 0.3801874 
80000 	 0.4757359 
80500 	 0.432938 
81000 	 0.3810344 
81500 	 0.3786662 
82000 	 0.4463578 
82500 	 0.3667039 
83000 	 0.4037883 
83500 	 0.4009847 
84000 	 0.4854679 
84500 	 0.3961146 
85000 	 0.4009837 
85500 	 0.463952 
86000 	 0.4941401 
86500 	 0.3910372 
87000 	 0.4417263 
87500 	 0.3901772 
88000 	 0.452579 
88500 	 0.4390594 
89000 	 0.4559072 
89500 	 0.3685566 
90000 	 0.4187276 
90500 	 0.4860413 
91000 	 0.3941302 
91500 	 0.5075803 
92000 	 0.4289174 
92500 	 0.5001141 
93000 	 0.4164874 
93500 	 0.4485533 
94000 	 0.4035272 
94500 	 0.4511755 
95000 	 0.4783864 
95500 	 0.4339357 
96000 	 0.5154445 
96500 	 0.4078529 
97000 	 0.4989838 
97500 	 0.4779712 
98000 	 0.4133491 
98500 	 0.4316224 
99000 	 0.4247016 
99500 	 0.4047 
100000 	 0.4638188 
100500 	 0.4969076 
101000 	 0.434169 
101500 	 0.419283 
102000 	 0.394646 
102500 	 0.5029345 
103000 	 0.4408982 
103500 	 0.3796119 
104000 	 0.4636936 
104500 	 0.4605234 
105000 	 0.4652983 
105500 	 0.4036558 
106000 	 0.4421385 
106500 	 0.4446006 
107000 	 0.4005055 
107500 	 0.4186415 
108000 	 0.391572 
108500 	 0.4100315 
109000 	 0.3706937 
109500 	 0.3921197 
110000 	 0.3820282 
110500 	 0.4470896 
111000 	 0.381854 
111500 	 0.3608718 
112000 	 0.4654991 
112500 	 0.4032422 
113000 	 0.4725538 
113500 	 0.4516895 
114000 	 0.3834065 
114500 	 0.4516913 
115000 	 0.4465365 
115500 	 0.3871659 
116000 	 0.4460484 
116500 	 0.3993071 
117000 	 0.4638018 
117500 	 0.4018059 
118000 	 0.5151803 
118500 	 0.4185686 
119000 	 0.4521922 
119500 	 0.4099895 
120000 	 0.4247041 
120500 	 0.4325809 
121000 	 0.4291531 
121500 	 0.4795965 
122000 	 0.4517901 
122500 	 0.4695849 
123000 	 0.3684857 
123500 	 0.4198131 
124000 	 0.4192381 
124500 	 0.4566164 
125000 	 0.4152573 
125500 	 0.436639 
126000 	 0.3913233 
126500 	 0.4771584 
127000 	 0.4193927 
127500 	 0.4306972 
128000 	 0.4920954 
128500 	 0.4947439 
129000 	 0.4243059 
129500 	 0.4979493 
130000 	 0.4658211 
130500 	 0.4671607 
131000 	 0.508716 
131500 	 0.4772921 
132000 	 0.4401599 
132500 	 0.474971 
133000 	 0.3837784 
133500 	 0.3750705 
134000 	 0.4512869 
134500 	 0.4599152 
135000 	 0.4015785 
135500 	 0.4320021 
136000 	 0.403686 
136500 	 0.4488449 
137000 	 0.4384946 
137500 	 0.5652639 
138000 	 0.3939654 
138500 	 0.4455508 
139000 	 0.4155793 
139500 	 0.4043267 
140000 	 0.4346657 
140500 	 0.3700585 
141000 	 0.480228 
141500 	 0.4417651 
142000 	 0.4708497 
142500 	 0.4845594 
143000 	 0.3563102 
143500 	 0.4601109 
144000 	 0.4264405 
144500 	 0.451133 
145000 	 0.4288629 
145500 	 0.4822287 
146000 	 0.4765692 
146500 	 0.5016915 
147000 	 0.4363431 
147500 	 0.4154048 
148000 	 0.4333839 
148500 	 0.3923379 
149000 	 0.4701301 
149500 	 0.4672181 
150000 	 0.5151046 
150500 	 0.4094342 
151000 	 0.4062901 
151500 	 0.5378874 
152000 	 0.477209 
152500 	 0.3741797 
153000 	 0.4355613 
153500 	 0.4447941 
154000 	 0.4154302 
154500 	 0.4570566 
155000 	 0.4312577 
155500 	 0.4245362 
156000 	 0.4045754 
156500 	 0.4603129 
157000 	 0.4571438 
157500 	 0.3611561 
158000 	 0.4760332 
158500 	 0.4619469 
159000 	 0.5308675 
159500 	 0.4578719 
160000 	 0.4737293 
160500 	 0.4767663 
161000 	 0.470834 
161500 	 0.544127 
162000 	 0.3956016 
162500 	 0.4976228 
163000 	 0.5231707 
163500 	 0.4770162 
164000 	 0.471834 
164500 	 0.4917045 
165000 	 0.4303406 
165500 	 0.4135293 
166000 	 0.4210739 
166500 	 0.4208242 
167000 	 0.4866047 
167500 	 0.4725353 
168000 	 0.4388185 
168500 	 0.4208416 
169000 	 0.5395503 
169500 	 0.4310708 
170000 	 0.4054677 
170500 	 0.4116028 
171000 	 0.4184035 
171500 	 0.3868031 
172000 	 0.4945783 
172500 	 0.4520772 
173000 	 0.4175095 
173500 	 0.4102685 
174000 	 0.5238627 
174500 	 0.4391886 
175000 	 0.4444126 
175500 	 0.4819977 
176000 	 0.4420752 
176500 	 0.5227848 
177000 	 0.3478996 
177500 	 0.4466836 
178000 	 0.4818948 
178500 	 0.4399876 
179000 	 0.4049886 
179500 	 0.4550957 
180000 	 0.4421414 
180500 	 0.4413458 
181000 	 0.4661815 
181500 	 0.4104369 
182000 	 0.4127978 
182500 	 0.4636111 
183000 	 0.4503426 
183500 	 0.4270731 
184000 	 0.4512784 
184500 	 0.4494842 
185000 	 0.4587149 
185500 	 0.4082812 
186000 	 0.4906378 
186500 	 0.4080741 
187000 	 0.477074 
187500 	 0.4877236 
188000 	 0.4811357 
188500 	 0.4099021 
189000 	 0.4389685 
189500 	 0.5138976 
190000 	 0.4457115 
190500 	 0.3793578 
191000 	 0.4105665 
191500 	 0.450066 
192000 	 0.4110247 
192500 	 0.4393378 
193000 	 0.362314 
193500 	 0.4260149 
194000 	 0.4471671 
194500 	 0.4716046 
195000 	 0.423543 
195500 	 0.4785748 
196000 	 0.4576238 
196500 	 0.4793764 
197000 	 0.4664347 
197500 	 0.4444938 
198000 	 0.473624 
198500 	 0.4516595 
199000 	 0.4655044 
199500 	 0.5007586 
200000 	 0.5032217 
200500 	 0.4218182 
201000 	 0.4782091 
201500 	 0.4416392 
202000 	 0.4172963 
202500 	 0.4471265 
203000 	 0.4092326 
203500 	 0.4887174 
204000 	 0.4045078 
204500 	 0.4695663 
205000 	 0.4722515 
205500 	 0.4286118 
206000 	 0.4839703 
206500 	 0.4353634 
207000 	 0.4548731 
207500 	 0.4806199 
208000 	 0.4334414 
208500 	 0.5266934 
209000 	 0.492687 
209500 	 0.4800708 
210000 	 0.390057 
210500 	 0.4611198 
211000 	 0.419416 
211500 	 0.4287266 
212000 	 0.514118 
212500 	 0.4785306 
213000 	 0.3668215 
213500 	 0.4179328 
214000 	 0.461484 
214500 	 0.4291842 
215000 	 0.3890324 
215500 	 0.3685964 
216000 	 0.4403142 
216500 	 0.4123613 
217000 	 0.4900629 
217500 	 0.5234082 
218000 	 0.4094129 
218500 	 0.498862 
219000 	 0.4338208 
219500 	 0.5041044 
220000 	 0.4057192 
220500 	 0.4292562 
221000 	 0.5986402 
221500 	 0.4105232 
222000 	 0.4655361 
222500 	 0.4501141 
223000 	 0.4566781 
223500 	 0.4009114 
224000 	 0.5430163 
224500 	 0.3918016 
225000 	 0.4431403 
225500 	 0.4433012 
226000 	 0.5354186 
226500 	 0.3890703 
227000 	 0.4541435 
227500 	 0.4572877 
228000 	 0.4155629 
228500 	 0.4612777 
229000 	 0.4710767 
229500 	 0.427527 
230000 	 0.4190188 
230500 	 0.4106338 
231000 	 0.4565338 
231500 	 0.4036818 
232000 	 0.4016382 
232500 	 0.4555851 
233000 	 0.375646 
233500 	 0.4388797 
234000 	 0.4468148 
234500 	 0.4004651 
235000 	 0.4313109 
235500 	 0.4517098 
236000 	 0.4296728 
236500 	 0.3898264 
237000 	 0.3689989 
237500 	 0.5078369 
238000 	 0.4297309 
238500 	 0.4566985 
239000 	 0.4590664 
239500 	 0.4270393 
240000 	 0.4875385 
240500 	 0.4887271 
241000 	 0.4121428 
241500 	 0.4373203 
242000 	 0.4252562 
242500 	 0.4179411 
243000 	 0.4230602 
243500 	 0.4470492 
244000 	 0.3454607 
244500 	 0.4234778 
245000 	 0.4359735 
245500 	 0.4376625 
246000 	 0.4692861 
246500 	 0.4613187 
247000 	 0.4697823 
247500 	 0.4226649 
248000 	 0.4278338 
248500 	 0.3986048 
249000 	 0.4641702 
249500 	 0.4613875 
250000 	 0.4365864 
250500 	 0.4675041 
251000 	 0.4245624 
251500 	 0.3843221 
252000 	 0.4186427 
252500 	 0.4521779 
253000 	 0.5262477 
253500 	 0.4268487 
254000 	 0.4564153 
254500 	 0.4553325 
255000 	 0.4962601 
255500 	 0.4700437 
256000 	 0.4543837 
256500 	 0.4716777 
257000 	 0.4445251 
257500 	 0.4737382 
258000 	 0.3772731 
258500 	 0.4931099 
259000 	 0.4487822 
259500 	 0.459713 
260000 	 0.4858296 
260500 	 0.5364795 
261000 	 0.4416521 
261500 	 0.4732269 
262000 	 0.4745958 
262500 	 0.4571536 
263000 	 0.4480815 
263500 	 0.4408611 
264000 	 0.3872038 
264500 	 0.4682434 
265000 	 0.4127864 
265500 	 0.498811 
266000 	 0.4287046 
266500 	 0.3835235 
267000 	 0.4444809 
267500 	 0.4636384 
268000 	 0.3724131 
268500 	 0.4295314 
269000 	 0.3744384 
269500 	 0.3866384 
270000 	 0.4270641 
270500 	 0.4100525 
271000 	 0.4569733 
271500 	 0.4385466 
272000 	 0.4466458 
272500 	 0.4591487 
273000 	 0.4961819 
273500 	 0.5343975 
274000 	 0.4484424 
274500 	 0.392973 
275000 	 0.4472665 
275500 	 0.4836874 
276000 	 0.4058911 
276500 	 0.4184827 
277000 	 0.478866 
277500 	 0.4885522 
278000 	 0.4026281 
278500 	 0.449796 
279000 	 0.4230348 
279500 	 0.4924156 
280000 	 0.5082982 
280500 	 0.4920756 
281000 	 0.4166928 
281500 	 0.3766316 
282000 	 0.5064646 
282500 	 0.5220302 
283000 	 0.4599491 
283500 	 0.536934 
284000 	 0.4471603 
284500 	 0.4546533 
285000 	 0.412525 
285500 	 0.4449965 
286000 	 0.4761413 
286500 	 0.4045977 
287000 	 0.4200547 
287500 	 0.3890164 
288000 	 0.4648662 
288500 	 0.436819 
289000 	 0.4473405 
289500 	 0.5022426 
290000 	 0.413117 
290500 	 0.4021407 
291000 	 0.4750492 
291500 	 0.4509623 
292000 	 0.4918026 
292500 	 0.4383591 
293000 	 0.5573309 
293500 	 0.417101 
294000 	 0.4028068 
294500 	 0.4829159 
295000 	 0.4175164 
295500 	 0.4613356 
296000 	 0.4073402 
296500 	 0.5242532 
297000 	 0.3904312 
297500 	 0.4350375 
298000 	 0.4003476 
298500 	 0.4668432 
299000 	 0.5115253 
299500 	 0.4281429 
300000 	 0.416812 
300500 	 0.4582517 
301000 	 0.4392851 
301500 	 0.4689131 
302000 	 0.4016906 
302500 	 0.4102148 
303000 	 0.4353876 
303500 	 0.4538121 
304000 	 0.4147686 
304500 	 0.4867431 
305000 	 0.4281607 
305500 	 0.4524947 
306000 	 0.4152894 
306500 	 0.4958555 
307000 	 0.3572976 
307500 	 0.4238733 
308000 	 0.4417269 
308500 	 0.4867502 
309000 	 0.4549892 
309500 	 0.412982 
310000 	 0.4037349 
310500 	 0.494655 
311000 	 0.4433728 
311500 	 0.4691351 
312000 	 0.4978827 
312500 	 0.4444153 
313000 	 0.3709549 
313500 	 0.5034731 
314000 	 0.4324986 
314500 	 0.4696879 
315000 	 0.4497413 
315500 	 0.5023672 
316000 	 0.4507454 
316500 	 0.4770314 
317000 	 0.4918193 
317500 	 0.442897 
318000 	 0.4253529 
318500 	 0.339703 
319000 	 0.4643193 
319500 	 0.445898 
320000 	 0.5390053 
320500 	 0.4328637 
321000 	 0.4918578 
321500 	 0.4601137 
322000 	 0.3939367 
322500 	 0.3764949 
323000 	 0.4008278 
323500 	 0.5338042 
324000 	 0.4738158 
324500 	 0.4738105 
325000 	 0.4134681 
325500 	 0.534697 
326000 	 0.4387091 
326500 	 0.4598128 
327000 	 0.4555643 
327500 	 0.4866696 
328000 	 0.3982 
328500 	 0.4180148 
329000 	 0.4955048 
329500 	 0.4020275 
330000 	 0.4006939 
330500 	 0.4533041 
331000 	 0.4122963 
331500 	 0.4688168 
332000 	 0.499641 
332500 	 0.4883864 
333000 	 0.4993691 
333500 	 0.4070113 
334000 	 0.4577437 
334500 	 0.4486905 
335000 	 0.4401244 
335500 	 0.4638263 
336000 	 0.4822994 
336500 	 0.4933461 
337000 	 0.4107944 
337500 	 0.3547144 
338000 	 0.418569 
338500 	 0.3996904 
339000 	 0.4235393 
339500 	 0.3912595 
340000 	 0.458951 
340500 	 0.4195992 
341000 	 0.4604244 
341500 	 0.3943131 
342000 	 0.4042401 
342500 	 0.4650482 
343000 	 0.4792193 
343500 	 0.3701668 
344000 	 0.4392323 
344500 	 0.4372301 
345000 	 0.3993271 
345500 	 0.4990799 
346000 	 0.4054865 
346500 	 0.4687403 
347000 	 0.4465482 
347500 	 0.4375327 
348000 	 0.4293555 
348500 	 0.4770092 
349000 	 0.4925038 
349500 	 0.4685783 
350000 	 0.4635699 
350500 	 0.4517791 
351000 	 0.4242551 
351500 	 0.4391502 
352000 	 0.4985095 
352500 	 0.463043 
353000 	 0.4560016 
353500 	 0.515664 
354000 	 0.4145985 
354500 	 0.4344347 
355000 	 0.4601629 
355500 	 0.3968728 
356000 	 0.4822192 
356500 	 0.4848175 
357000 	 0.4713781 
357500 	 0.4624107 
358000 	 0.454433 
358500 	 0.4852054 
359000 	 0.4566516 
359500 	 0.4665821 
360000 	 0.4624803 
360500 	 0.4494918 
361000 	 0.4563834 
361500 	 0.4419867 
362000 	 0.4101753 
362500 	 0.3957084 
363000 	 0.4107066 
363500 	 0.4465469 
364000 	 0.4240242 
364500 	 0.4601264 
365000 	 0.4557636 
365500 	 0.3461944 
366000 	 0.4532789 
366500 	 0.4543465 
367000 	 0.434713 
367500 	 0.4238649 
368000 	 0.4543554 
368500 	 0.4214928 
369000 	 0.5121786 
369500 	 0.4211627 
370000 	 0.4689015 
370500 	 0.4872727 
371000 	 0.408346 
371500 	 0.4770024 
372000 	 0.4654127 
372500 	 0.4183909 
373000 	 0.3668496 
373500 	 0.4490209 
374000 	 0.4700032 
374500 	 0.4487295 
375000 	 0.4308302 
375500 	 0.4471225 
376000 	 0.4386711 
376500 	 0.4644539 
377000 	 0.4253207 
377500 	 0.4287771 
378000 	 0.4087585 
378500 	 0.4818323 
379000 	 0.4789315 
379500 	 0.528382 
380000 	 0.4052787 
380500 	 0.5272925 
381000 	 0.4841228 
381500 	 0.4465149 
382000 	 0.494762 
382500 	 0.4366352 
383000 	 0.4478547 
383500 	 0.4629013 
384000 	 0.4106792 
384500 	 0.3853391 
385000 	 0.4791045 
385500 	 0.4475593 
386000 	 0.4365149 
386500 	 0.506278 
387000 	 0.4420695 
387500 	 0.4220699 
388000 	 0.5405699 
388500 	 0.4287395 
389000 	 0.4608722 
389500 	 0.5030282 
390000 	 0.4407985 
390500 	 0.5175723 
391000 	 0.4692962 
391500 	 0.4164051 
392000 	 0.4162667 
392500 	 0.4185004 
393000 	 0.3354555 
393500 	 0.4678683 
394000 	 0.4350929 
394500 	 0.4604759 
395000 	 0.3946591 
395500 	 0.4739972 
396000 	 0.4145107 
396500 	 0.4297293 
397000 	 0.4930681 
397500 	 0.4266904 
398000 	 0.4582265 
398500 	 0.4454742 
399000 	 0.4406113 
399500 	 0.4213238 
400000 	 0.4757103 
400500 	 0.4980129 
401000 	 0.4813798 
401500 	 0.4013011 
402000 	 0.4214623 
402500 	 0.4091628 
403000 	 0.4862549 
403500 	 0.5149684 
404000 	 0.4346461 
404500 	 0.4765872 
405000 	 0.4742636 
405500 	 0.4039128 
406000 	 0.3691551 
406500 	 0.4259439 
407000 	 0.4310779 
407500 	 0.3991084 
408000 	 0.366742 
408500 	 0.5359467 
409000 	 0.4220634 
409500 	 0.4147839 
410000 	 0.3948437 
410500 	 0.3754959 
411000 	 0.4435265 
411500 	 0.4699399 
412000 	 0.4078716 
412500 	 0.5267039 
413000 	 0.4472279 
413500 	 0.4024764 
414000 	 0.4617257 
414500 	 0.3995355 
415000 	 0.4769634 
415500 	 0.4614878 
416000 	 0.5136874 
416500 	 0.3691223 
417000 	 0.5123642 
417500 	 0.4526228 
418000 	 0.4432006 
418500 	 0.4107209 
419000 	 0.4208999 
419500 	 0.3842854 
420000 	 0.4255236 
420500 	 0.4258637 
421000 	 0.3546574 
421500 	 0.4929474 
422000 	 0.4720005 
422500 	 0.4330233 
423000 	 0.4827013 
423500 	 0.4449002 
424000 	 0.4696035 
424500 	 0.5465606 
425000 	 0.3867142 
425500 	 0.4588403 
426000 	 0.4875195 
426500 	 0.4806475 
427000 	 0.4590836 
427500 	 0.4458673 
428000 	 0.4149933 
428500 	 0.4726198 
429000 	 0.4594825 
429500 	 0.4537026 
430000 	 0.4254623 
430500 	 0.4853669 
431000 	 0.4464119 
431500 	 0.4577788 
432000 	 0.4266527 
432500 	 0.4012917 
433000 	 0.4301614 
433500 	 0.4297062 
434000 	 0.3892932 
434500 	 0.4315874 
435000 	 0.4401676 
435500 	 0.5074362 
436000 	 0.369149 
436500 	 0.37618 
437000 	 0.4396067 
437500 	 0.4731841 
438000 	 0.4899949 
438500 	 0.4345675 
439000 	 0.4512962 
439500 	 0.4598335 
440000 	 0.42353 
440500 	 0.4366593 
441000 	 0.4929223 
441500 	 0.490165 
442000 	 0.4150713 
442500 	 0.4519657 
443000 	 0.4990806 
443500 	 0.4312643 
444000 	 0.4516468 
444500 	 0.4483806 
445000 	 0.4538147 
445500 	 0.446098 
446000 	 0.3957562 
446500 	 0.4305621 
447000 	 0.4791384 
447500 	 0.4901647 
448000 	 0.4753543 
448500 	 0.5367534 
449000 	 0.4917759 
449500 	 0.4137826 
450000 	 0.5028434 
450500 	 0.3369216 
451000 	 0.4666928 
451500 	 0.4115269 
452000 	 0.3625643 
452500 	 0.4773497 
453000 	 0.4714457 
453500 	 0.3823528 
454000 	 0.5417444 
454500 	 0.4310159 
455000 	 0.4466236 
455500 	 0.5002838 
456000 	 0.4188813 
456500 	 0.5085468 
457000 	 0.4260081 
457500 	 0.4428846 
458000 	 0.3992275 
458500 	 0.3900578 
459000 	 0.4225593 
459500 	 0.4465895 
460000 	 0.4519004 
460500 	 0.3848909 
461000 	 0.4615163 
461500 	 0.375896 
462000 	 0.3817532 
462500 	 0.3709 
463000 	 0.4350518 
463500 	 0.4178722 
464000 	 0.3951265 
464500 	 0.4315395 
465000 	 0.4842103 
465500 	 0.4326486 
466000 	 0.4377787 
466500 	 0.3866454 
467000 	 0.4529159 
467500 	 0.4082954 
468000 	 0.4100853 
468500 	 0.4112292 
469000 	 0.4868975 
469500 	 0.4164963 
470000 	 0.4305075 
470500 	 0.402861 
471000 	 0.4402322 
471500 	 0.380722 
472000 	 0.3947 
472500 	 0.4469012 
473000 	 0.4389282 
473500 	 0.4001029 
474000 	 0.4472773 
474500 	 0.4283502 
475000 	 0.4197093 
475500 	 0.433237 
476000 	 0.5501369 
476500 	 0.4310054 
477000 	 0.447602 
477500 	 0.4702216 
478000 	 0.5098167 
478500 	 0.4419615 
479000 	 0.4083723 
479500 	 0.5051185 
480000 	 0.4439009 
480500 	 0.4450785 
481000 	 0.4782642 
481500 	 0.5193112 
482000 	 0.4353239 
482500 	 0.4453987 
483000 	 0.3925621 
483500 	 0.3881916 
484000 	 0.3714517 
484500 	 0.4480618 
485000 	 0.4390435 
485500 	 0.5349252 
486000 	 0.4318933 
486500 	 0.4516962 
487000 	 0.4195704 
487500 	 0.4195911 
488000 	 0.4730345 
488500 	 0.455991 
489000 	 0.4677424 
489500 	 0.457312 
490000 	 0.418447 
490500 	 0.49454 
491000 	 0.418276 
491500 	 0.4310966 
492000 	 0.4357388 
492500 	 0.5047351 
493000 	 0.5039548 
493500 	 0.4538138 
494000 	 0.4806153 
494500 	 0.5332957 
495000 	 0.4921337 
495500 	 0.4366791 
496000 	 0.4246726 
496500 	 0.450907 
497000 	 0.4439967 
497500 	 0.4625446 
498000 	 0.3958741 
498500 	 0.5013319 
499000 	 0.5252134 
499500 	 0.5134626 
500000 	 0.4465774 
