iter 	 p
500 	 0.3758664 
1000 	 0.3625469 
1500 	 0.3802532 
2000 	 0.4449593 
2500 	 0.3759576 
3000 	 0.3576483 
3500 	 0.3178237 
4000 	 0.4030995 
4500 	 0.3659086 
5000 	 0.4371399 
5500 	 0.3548776 
6000 	 0.4082398 
6500 	 0.3558317 
7000 	 0.3663178 
7500 	 0.4456464 
8000 	 0.3169133 
8500 	 0.3921615 
9000 	 0.3854064 
9500 	 0.4298134 
10000 	 0.3681953 
10500 	 0.3916938 
11000 	 0.3420226 
11500 	 0.4271406 
12000 	 0.326805 
12500 	 0.4330895 
13000 	 0.4018986 
13500 	 0.4514488 
14000 	 0.3466767 
14500 	 0.3748325 
15000 	 0.3973195 
15500 	 0.380334 
16000 	 0.3515466 
16500 	 0.3766169 
17000 	 0.3860188 
17500 	 0.3921913 
18000 	 0.3849048 
18500 	 0.3544277 
19000 	 0.331994 
19500 	 0.3324957 
20000 	 0.39592 
20500 	 0.4333697 
21000 	 0.338005 
21500 	 0.3495515 
22000 	 0.3948081 
22500 	 0.4175345 
23000 	 0.3935369 
23500 	 0.2823082 
24000 	 0.3315559 
24500 	 0.4162525 
25000 	 0.445512 
25500 	 0.3593125 
26000 	 0.4010756 
26500 	 0.39614 
27000 	 0.3877722 
27500 	 0.3943494 
28000 	 0.4247711 
28500 	 0.3897476 
29000 	 0.3635901 
29500 	 0.3077686 
30000 	 0.4005426 
30500 	 0.3864962 
31000 	 0.4586148 
31500 	 0.3436384 
32000 	 0.3989973 
32500 	 0.3635425 
33000 	 0.3835624 
33500 	 0.4472465 
34000 	 0.3733981 
34500 	 0.2854418 
35000 	 0.4187415 
35500 	 0.4316496 
36000 	 0.3910369 
36500 	 0.3046901 
37000 	 0.4175106 
37500 	 0.461058 
38000 	 0.3667493 
38500 	 0.3457681 
39000 	 0.3419373 
39500 	 0.4205025 
40000 	 0.4388378 
40500 	 0.4021736 
41000 	 0.3354114 
41500 	 0.4389856 
42000 	 0.3344937 
42500 	 0.3979643 
43000 	 0.4114815 
43500 	 0.3031308 
44000 	 0.3534194 
44500 	 0.3964301 
45000 	 0.2956419 
45500 	 0.2894862 
46000 	 0.3621996 
46500 	 0.3448348 
47000 	 0.4437749 
47500 	 0.5185471 
48000 	 0.4126429 
48500 	 0.3834218 
49000 	 0.4133792 
49500 	 0.3200912 
50000 	 0.3378051 
50500 	 0.3614026 
51000 	 0.3674422 
51500 	 0.4195449 
52000 	 0.4141527 
52500 	 0.3478511 
53000 	 0.436952 
53500 	 0.4157508 
54000 	 0.3520711 
54500 	 0.3801908 
55000 	 0.485466 
55500 	 0.3608506 
56000 	 0.4128806 
56500 	 0.3381386 
57000 	 0.4250087 
57500 	 0.3704835 
58000 	 0.3813365 
58500 	 0.3804677 
59000 	 0.3423639 
59500 	 0.3920369 
60000 	 0.3397256 
60500 	 0.358436 
61000 	 0.3250618 
61500 	 0.4075448 
62000 	 0.3173391 
62500 	 0.3452842 
63000 	 0.4157412 
63500 	 0.4519702 
64000 	 0.3672159 
64500 	 0.3437564 
65000 	 0.3560908 
65500 	 0.3588713 
66000 	 0.3867444 
66500 	 0.3919301 
67000 	 0.3442342 
67500 	 0.3034619 
68000 	 0.4158548 
68500 	 0.4210273 
69000 	 0.360441 
69500 	 0.3136664 
70000 	 0.3959128 
70500 	 0.4088887 
71000 	 0.4493918 
71500 	 0.3588078 
72000 	 0.2647107 
72500 	 0.4069739 
73000 	 0.4050794 
73500 	 0.3747422 
74000 	 0.3689912 
74500 	 0.3649058 
75000 	 0.4056198 
75500 	 0.3915811 
76000 	 0.3920274 
76500 	 0.4201303 
77000 	 0.3797812 
77500 	 0.3063045 
78000 	 0.4137964 
78500 	 0.4357843 
79000 	 0.3502867 
79500 	 0.4351578 
80000 	 0.4567184 
80500 	 0.3749351 
81000 	 0.481502 
81500 	 0.3842468 
82000 	 0.3295356 
82500 	 0.3735772 
83000 	 0.406045 
83500 	 0.3292291 
84000 	 0.4264401 
84500 	 0.4077624 
85000 	 0.3291831 
85500 	 0.4514275 
86000 	 0.3938774 
86500 	 0.435435 
87000 	 0.3458166 
87500 	 0.3614001 
88000 	 0.3791905 
88500 	 0.4154407 
89000 	 0.3670186 
89500 	 0.3780203 
90000 	 0.4050769 
90500 	 0.4266448 
91000 	 0.406765 
91500 	 0.4153839 
92000 	 0.3420585 
92500 	 0.3525614 
93000 	 0.3655505 
93500 	 0.3823929 
94000 	 0.3706294 
94500 	 0.3730749 
95000 	 0.3207227 
95500 	 0.2990392 
96000 	 0.2856715 
96500 	 0.3750249 
97000 	 0.3893968 
97500 	 0.3023357 
98000 	 0.325387 
98500 	 0.3965145 
99000 	 0.4184308 
99500 	 0.424617 
100000 	 0.3781445 
100500 	 0.3345926 
101000 	 0.4044154 
101500 	 0.3227534 
102000 	 0.3015158 
102500 	 0.3637999 
103000 	 0.3616012 
103500 	 0.3638675 
104000 	 0.4036072 
104500 	 0.3660724 
105000 	 0.3580912 
105500 	 0.355578 
106000 	 0.3255501 
106500 	 0.3646289 
107000 	 0.3492927 
107500 	 0.3360417 
108000 	 0.3610205 
108500 	 0.384063 
109000 	 0.4351232 
109500 	 0.3632836 
110000 	 0.4287696 
110500 	 0.3877289 
111000 	 0.3752289 
111500 	 0.4686841 
112000 	 0.3565975 
112500 	 0.3321914 
113000 	 0.4323891 
113500 	 0.3732059 
114000 	 0.3780609 
114500 	 0.4179094 
115000 	 0.4179183 
115500 	 0.3746407 
116000 	 0.3876212 
116500 	 0.3413239 
117000 	 0.3782934 
117500 	 0.3594588 
118000 	 0.3584194 
118500 	 0.3553353 
119000 	 0.4797178 
119500 	 0.3270007 
120000 	 0.3264021 
120500 	 0.4122351 
121000 	 0.3089173 
121500 	 0.3819882 
122000 	 0.3467721 
122500 	 0.4091225 
123000 	 0.3880749 
123500 	 0.4532969 
124000 	 0.3336735 
124500 	 0.3354408 
125000 	 0.3561957 
125500 	 0.4442742 
126000 	 0.3670836 
126500 	 0.3791432 
127000 	 0.3777708 
127500 	 0.4377328 
128000 	 0.3831261 
128500 	 0.3280729 
129000 	 0.3686974 
129500 	 0.3980139 
130000 	 0.3010569 
130500 	 0.4130468 
131000 	 0.3696426 
131500 	 0.3777479 
132000 	 0.3660714 
132500 	 0.4162786 
133000 	 0.3733985 
133500 	 0.3517168 
134000 	 0.3319737 
134500 	 0.369409 
135000 	 0.3997459 
135500 	 0.34779 
136000 	 0.3814513 
136500 	 0.4216793 
137000 	 0.3673695 
137500 	 0.405931 
138000 	 0.4012117 
138500 	 0.3865013 
139000 	 0.3284855 
139500 	 0.3530006 
140000 	 0.3844785 
140500 	 0.3306403 
141000 	 0.3526704 
141500 	 0.3758266 
142000 	 0.3566134 
142500 	 0.4154871 
143000 	 0.4012561 
143500 	 0.3263355 
144000 	 0.4467428 
144500 	 0.3787711 
145000 	 0.2920549 
145500 	 0.4298303 
146000 	 0.4120406 
146500 	 0.3107976 
147000 	 0.4187175 
147500 	 0.3108621 
148000 	 0.3699065 
148500 	 0.4837049 
149000 	 0.3952782 
149500 	 0.4006979 
150000 	 0.327375 
150500 	 0.4052599 
151000 	 0.3246433 
151500 	 0.3037793 
152000 	 0.3242129 
152500 	 0.3037698 
153000 	 0.3456095 
153500 	 0.3640795 
154000 	 0.3815567 
154500 	 0.3626191 
155000 	 0.4087032 
155500 	 0.3626123 
156000 	 0.3199981 
156500 	 0.3357976 
157000 	 0.3663415 
157500 	 0.3262148 
158000 	 0.3831225 
158500 	 0.3634213 
159000 	 0.3844277 
159500 	 0.4358724 
160000 	 0.381419 
160500 	 0.3704268 
161000 	 0.4902495 
161500 	 0.3617559 
162000 	 0.3656188 
162500 	 0.3822328 
163000 	 0.453562 
163500 	 0.3711388 
164000 	 0.3337795 
164500 	 0.4137197 
165000 	 0.3637249 
165500 	 0.3080903 
166000 	 0.371358 
166500 	 0.3156138 
167000 	 0.3503095 
167500 	 0.4456182 
168000 	 0.2887061 
168500 	 0.3741471 
169000 	 0.3233577 
169500 	 0.3809872 
170000 	 0.3374547 
170500 	 0.3665308 
171000 	 0.4117678 
171500 	 0.3752173 
172000 	 0.4085216 
172500 	 0.4751686 
173000 	 0.3795516 
173500 	 0.45333 
174000 	 0.370341 
174500 	 0.3570534 
175000 	 0.4253325 
175500 	 0.3231564 
176000 	 0.3753026 
176500 	 0.2758626 
177000 	 0.3282539 
177500 	 0.3498607 
178000 	 0.3348214 
178500 	 0.3044718 
179000 	 0.395321 
179500 	 0.3765674 
180000 	 0.3855188 
180500 	 0.3323049 
181000 	 0.3735305 
181500 	 0.437596 
182000 	 0.3522326 
182500 	 0.3706156 
183000 	 0.3346092 
183500 	 0.3566959 
184000 	 0.4522022 
184500 	 0.4022767 
185000 	 0.3444116 
185500 	 0.472463 
186000 	 0.3996216 
186500 	 0.436122 
187000 	 0.3372407 
187500 	 0.3736336 
188000 	 0.3178136 
188500 	 0.3751188 
189000 	 0.4235682 
189500 	 0.4352634 
190000 	 0.3807445 
190500 	 0.4091685 
191000 	 0.4074467 
191500 	 0.3637196 
192000 	 0.3956747 
192500 	 0.450248 
193000 	 0.3464943 
193500 	 0.3894906 
194000 	 0.3687637 
194500 	 0.3816127 
195000 	 0.3396513 
195500 	 0.4311051 
196000 	 0.4146419 
196500 	 0.3772748 
197000 	 0.336886 
197500 	 0.3799784 
198000 	 0.3881694 
198500 	 0.3841626 
199000 	 0.4504326 
199500 	 0.4382981 
200000 	 0.3759941 
200500 	 0.3645088 
201000 	 0.3934685 
201500 	 0.37022 
202000 	 0.3892738 
202500 	 0.3933715 
203000 	 0.4467559 
203500 	 0.3343234 
204000 	 0.3936804 
204500 	 0.3385994 
205000 	 0.3794498 
205500 	 0.4390648 
206000 	 0.4054136 
206500 	 0.4098777 
207000 	 0.4092244 
207500 	 0.4036459 
208000 	 0.4164637 
208500 	 0.4171239 
209000 	 0.3582139 
209500 	 0.4454975 
210000 	 0.4295061 
210500 	 0.4167209 
211000 	 0.4236197 
211500 	 0.3840811 
212000 	 0.3822958 
212500 	 0.3955328 
213000 	 0.3183595 
213500 	 0.3156648 
214000 	 0.3910131 
214500 	 0.4166847 
215000 	 0.3615991 
215500 	 0.3548598 
216000 	 0.3330107 
216500 	 0.3700933 
217000 	 0.3406925 
217500 	 0.3794743 
218000 	 0.3421354 
218500 	 0.3548171 
219000 	 0.2890965 
219500 	 0.4074123 
220000 	 0.3465321 
220500 	 0.3902672 
221000 	 0.442429 
221500 	 0.4186617 
222000 	 0.3971604 
222500 	 0.4628405 
223000 	 0.4613096 
223500 	 0.4363893 
224000 	 0.3845075 
224500 	 0.4629605 
225000 	 0.382621 
225500 	 0.3921926 
226000 	 0.3622295 
226500 	 0.3818876 
227000 	 0.3531057 
227500 	 0.3892024 
228000 	 0.3955441 
228500 	 0.3743081 
229000 	 0.3609777 
229500 	 0.4382029 
230000 	 0.4215926 
230500 	 0.3748766 
231000 	 0.3814694 
231500 	 0.4049009 
232000 	 0.404011 
232500 	 0.3740137 
233000 	 0.3582624 
233500 	 0.3147712 
234000 	 0.4317349 
234500 	 0.363944 
235000 	 0.3683443 
235500 	 0.3249537 
236000 	 0.3578122 
236500 	 0.3561611 
237000 	 0.3511865 
237500 	 0.4226478 
238000 	 0.4512762 
238500 	 0.3731043 
239000 	 0.4416475 
239500 	 0.4585259 
240000 	 0.3748064 
240500 	 0.3836548 
241000 	 0.4648266 
241500 	 0.3324454 
242000 	 0.3662648 
242500 	 0.3662725 
243000 	 0.4079159 
243500 	 0.3628749 
244000 	 0.3680644 
244500 	 0.4826988 
245000 	 0.3272204 
245500 	 0.3644606 
246000 	 0.34539 
246500 	 0.3681442 
247000 	 0.3640662 
247500 	 0.4156161 
248000 	 0.340503 
248500 	 0.3820477 
249000 	 0.3470368 
249500 	 0.3616427 
250000 	 0.4064149 
250500 	 0.3612262 
251000 	 0.4170344 
251500 	 0.3512457 
252000 	 0.4780347 
252500 	 0.4354652 
253000 	 0.3939078 
253500 	 0.3419787 
254000 	 0.4053483 
254500 	 0.3701936 
255000 	 0.3992983 
255500 	 0.3068498 
256000 	 0.3680206 
256500 	 0.3494269 
257000 	 0.3589376 
257500 	 0.415306 
258000 	 0.4143748 
258500 	 0.4018556 
259000 	 0.3973565 
259500 	 0.4407351 
260000 	 0.4214707 
260500 	 0.3748906 
261000 	 0.3539454 
261500 	 0.3723812 
262000 	 0.4542019 
262500 	 0.394483 
263000 	 0.4459547 
263500 	 0.4475204 
264000 	 0.3121834 
264500 	 0.4237815 
265000 	 0.3711906 
265500 	 0.4335778 
266000 	 0.3688619 
266500 	 0.4415318 
267000 	 0.3850778 
267500 	 0.3456286 
268000 	 0.3605527 
268500 	 0.3274782 
269000 	 0.4092966 
269500 	 0.4183962 
270000 	 0.4179652 
270500 	 0.2889784 
271000 	 0.3914979 
271500 	 0.2911598 
272000 	 0.3279912 
272500 	 0.4438345 
273000 	 0.3372526 
273500 	 0.3842973 
274000 	 0.4112923 
274500 	 0.3328716 
275000 	 0.4199383 
275500 	 0.3312804 
276000 	 0.3837905 
276500 	 0.428807 
277000 	 0.3253289 
277500 	 0.3379264 
278000 	 0.4076932 
278500 	 0.3860436 
279000 	 0.3298783 
279500 	 0.3299194 
280000 	 0.4059138 
280500 	 0.4359538 
281000 	 0.3898618 
281500 	 0.3514933 
282000 	 0.3357781 
282500 	 0.3968195 
283000 	 0.4148936 
283500 	 0.3023813 
284000 	 0.3442595 
284500 	 0.3422388 
285000 	 0.3355137 
285500 	 0.4014009 
286000 	 0.3801732 
286500 	 0.3041727 
287000 	 0.3452217 
287500 	 0.3338522 
288000 	 0.3391087 
288500 	 0.4004816 
289000 	 0.3968299 
289500 	 0.4200443 
290000 	 0.369428 
290500 	 0.3805167 
291000 	 0.4408679 
291500 	 0.3721567 
292000 	 0.4653676 
292500 	 0.3899085 
293000 	 0.4270284 
293500 	 0.3896334 
294000 	 0.3382763 
294500 	 0.3496582 
295000 	 0.4242922 
295500 	 0.3571285 
296000 	 0.3899425 
296500 	 0.3818744 
297000 	 0.328993 
297500 	 0.4021227 
298000 	 0.3389969 
298500 	 0.4081696 
299000 	 0.3949897 
299500 	 0.4253447 
300000 	 0.3709388 
300500 	 0.4372396 
301000 	 0.3293218 
301500 	 0.3659783 
302000 	 0.3875508 
302500 	 0.4132644 
303000 	 0.3902074 
303500 	 0.3940341 
304000 	 0.3906703 
304500 	 0.3383685 
305000 	 0.3929906 
305500 	 0.3629255 
306000 	 0.3333886 
306500 	 0.3877422 
307000 	 0.3378301 
307500 	 0.435975 
308000 	 0.4002786 
308500 	 0.4077311 
309000 	 0.3414792 
309500 	 0.3639752 
310000 	 0.3259548 
310500 	 0.3750572 
311000 	 0.3520994 
311500 	 0.3792141 
312000 	 0.3960729 
312500 	 0.3271223 
313000 	 0.4045304 
313500 	 0.4009379 
314000 	 0.4013505 
314500 	 0.4384556 
315000 	 0.4633018 
315500 	 0.4162025 
316000 	 0.3835006 
316500 	 0.4099033 
317000 	 0.4431085 
317500 	 0.3626491 
318000 	 0.3487152 
318500 	 0.4394805 
319000 	 0.3576451 
319500 	 0.4533169 
320000 	 0.4222412 
320500 	 0.4159923 
321000 	 0.3294644 
321500 	 0.3084982 
322000 	 0.387357 
322500 	 0.3806578 
323000 	 0.4054303 
323500 	 0.4060296 
324000 	 0.4228232 
324500 	 0.3400101 
325000 	 0.3348732 
325500 	 0.4052804 
326000 	 0.3638116 
326500 	 0.3878941 
327000 	 0.364642 
327500 	 0.3580933 
328000 	 0.4664684 
328500 	 0.4543895 
329000 	 0.3752756 
329500 	 0.3640937 
330000 	 0.4094503 
330500 	 0.3590406 
331000 	 0.3791822 
331500 	 0.44131 
332000 	 0.4411533 
332500 	 0.3912105 
333000 	 0.4125577 
333500 	 0.3741916 
334000 	 0.4150774 
334500 	 0.3274503 
335000 	 0.4233514 
335500 	 0.383887 
336000 	 0.3491245 
336500 	 0.3869477 
337000 	 0.3577432 
337500 	 0.3593737 
338000 	 0.324414 
338500 	 0.376727 
339000 	 0.4477505 
339500 	 0.3816406 
340000 	 0.4056294 
340500 	 0.4170484 
341000 	 0.4014799 
341500 	 0.4160645 
342000 	 0.3516391 
342500 	 0.3287001 
343000 	 0.4073331 
343500 	 0.3215598 
344000 	 0.2721541 
344500 	 0.3712125 
345000 	 0.3600191 
345500 	 0.3759337 
346000 	 0.3486664 
346500 	 0.4207452 
347000 	 0.426231 
347500 	 0.488253 
348000 	 0.3605805 
348500 	 0.3915546 
349000 	 0.4065296 
349500 	 0.3439713 
350000 	 0.4363949 
350500 	 0.3611515 
351000 	 0.4191475 
351500 	 0.3666452 
352000 	 0.3635693 
352500 	 0.3777006 
353000 	 0.4069669 
353500 	 0.4474477 
354000 	 0.3996713 
354500 	 0.4513687 
355000 	 0.4096454 
355500 	 0.3636261 
356000 	 0.3885666 
356500 	 0.3411596 
357000 	 0.3996671 
357500 	 0.328176 
358000 	 0.4192172 
358500 	 0.3754052 
359000 	 0.4089357 
359500 	 0.3882517 
360000 	 0.4227113 
360500 	 0.323729 
361000 	 0.4260957 
361500 	 0.3331715 
362000 	 0.4229965 
362500 	 0.3682296 
363000 	 0.3488657 
363500 	 0.4314017 
364000 	 0.3794558 
364500 	 0.4185974 
365000 	 0.4469596 
365500 	 0.4073635 
366000 	 0.3993286 
366500 	 0.3712933 
367000 	 0.4594168 
367500 	 0.375895 
368000 	 0.4404662 
368500 	 0.3312761 
369000 	 0.4454031 
369500 	 0.4062086 
370000 	 0.4075958 
370500 	 0.3903325 
371000 	 0.3273296 
371500 	 0.3553561 
372000 	 0.3862257 
372500 	 0.3526908 
373000 	 0.3554955 
373500 	 0.4440167 
374000 	 0.3265406 
374500 	 0.4561848 
375000 	 0.3646939 
375500 	 0.4056634 
376000 	 0.401967 
376500 	 0.4062703 
377000 	 0.3222692 
377500 	 0.3418753 
378000 	 0.3859277 
378500 	 0.354644 
379000 	 0.3064268 
379500 	 0.3548612 
380000 	 0.3331845 
380500 	 0.2825648 
381000 	 0.3577624 
381500 	 0.3663659 
382000 	 0.3862811 
382500 	 0.3686813 
383000 	 0.3971815 
383500 	 0.4033295 
384000 	 0.3781227 
384500 	 0.4194949 
385000 	 0.3842691 
385500 	 0.3765967 
386000 	 0.353362 
386500 	 0.3379679 
387000 	 0.4125389 
387500 	 0.3727027 
388000 	 0.4519198 
388500 	 0.3227867 
389000 	 0.4023406 
389500 	 0.3767218 
390000 	 0.4035453 
390500 	 0.3976445 
391000 	 0.3739611 
391500 	 0.3403255 
392000 	 0.3397595 
392500 	 0.384935 
393000 	 0.4046271 
393500 	 0.3566446 
394000 	 0.3785688 
394500 	 0.3819256 
395000 	 0.3695655 
395500 	 0.3862544 
396000 	 0.3676889 
396500 	 0.330356 
397000 	 0.4022575 
397500 	 0.4041883 
398000 	 0.3583124 
398500 	 0.3609253 
399000 	 0.4207655 
399500 	 0.3837769 
400000 	 0.3945078 
400500 	 0.3718238 
401000 	 0.3132935 
401500 	 0.3761783 
402000 	 0.335917 
402500 	 0.3991347 
403000 	 0.3754997 
403500 	 0.4135088 
404000 	 0.4136731 
404500 	 0.3835081 
405000 	 0.3999458 
405500 	 0.3854617 
406000 	 0.4029456 
406500 	 0.3433854 
407000 	 0.3580627 
407500 	 0.3824281 
408000 	 0.3750109 
408500 	 0.4412853 
409000 	 0.3860866 
409500 	 0.3087227 
410000 	 0.4194674 
410500 	 0.3336891 
411000 	 0.349433 
411500 	 0.3805837 
412000 	 0.4271368 
412500 	 0.4485048 
413000 	 0.3687101 
413500 	 0.3724218 
414000 	 0.3799943 
414500 	 0.3054003 
415000 	 0.3359496 
415500 	 0.3596922 
416000 	 0.3974347 
416500 	 0.3616684 
417000 	 0.3343208 
417500 	 0.3622552 
418000 	 0.3741546 
418500 	 0.4237705 
419000 	 0.3540205 
419500 	 0.3534952 
420000 	 0.3814753 
420500 	 0.3463472 
421000 	 0.3900146 
421500 	 0.4010214 
422000 	 0.3644528 
422500 	 0.3852851 
423000 	 0.3285006 
423500 	 0.4329629 
424000 	 0.3328837 
424500 	 0.4101014 
425000 	 0.3839066 
425500 	 0.3942533 
426000 	 0.3958839 
426500 	 0.3401499 
427000 	 0.4110218 
427500 	 0.3724571 
428000 	 0.4033758 
428500 	 0.3806976 
429000 	 0.3839513 
429500 	 0.4509402 
430000 	 0.3563611 
430500 	 0.4065124 
431000 	 0.3659515 
431500 	 0.3156025 
432000 	 0.3844942 
432500 	 0.286572 
433000 	 0.3583265 
433500 	 0.3892385 
434000 	 0.4236091 
434500 	 0.384345 
435000 	 0.3891662 
435500 	 0.3454826 
436000 	 0.3909954 
436500 	 0.4047336 
437000 	 0.350772 
437500 	 0.2781532 
438000 	 0.4212309 
438500 	 0.3609111 
439000 	 0.4684878 
439500 	 0.3098538 
440000 	 0.3675538 
440500 	 0.3666274 
441000 	 0.3785545 
441500 	 0.369026 
442000 	 0.3720519 
442500 	 0.3341621 
443000 	 0.3722856 
443500 	 0.3673016 
444000 	 0.4086246 
444500 	 0.3259892 
445000 	 0.4167111 
445500 	 0.3360985 
446000 	 0.3448243 
446500 	 0.3491295 
447000 	 0.3442287 
447500 	 0.3927653 
448000 	 0.424733 
448500 	 0.4265734 
449000 	 0.4009237 
449500 	 0.342266 
450000 	 0.3682926 
450500 	 0.4309753 
451000 	 0.4384746 
451500 	 0.3768353 
452000 	 0.4299779 
452500 	 0.4219057 
453000 	 0.3822074 
453500 	 0.3744495 
454000 	 0.4238703 
454500 	 0.368734 
455000 	 0.3753266 
455500 	 0.341554 
456000 	 0.4041067 
456500 	 0.3855679 
457000 	 0.3690748 
457500 	 0.4001985 
458000 	 0.3633418 
458500 	 0.3774044 
459000 	 0.3394593 
459500 	 0.3660109 
460000 	 0.4416672 
460500 	 0.4103882 
461000 	 0.4305847 
461500 	 0.4607468 
462000 	 0.4136103 
462500 	 0.4674924 
463000 	 0.2995612 
463500 	 0.3855535 
464000 	 0.4489727 
464500 	 0.4076407 
465000 	 0.3469547 
465500 	 0.37892 
466000 	 0.3671826 
466500 	 0.4243025 
467000 	 0.4283404 
467500 	 0.4474466 
468000 	 0.3699028 
468500 	 0.3606283 
469000 	 0.4006688 
469500 	 0.4361617 
470000 	 0.304095 
470500 	 0.3659673 
471000 	 0.3696366 
471500 	 0.413341 
472000 	 0.359054 
472500 	 0.3281023 
473000 	 0.3745984 
473500 	 0.3567439 
474000 	 0.3290544 
474500 	 0.3961072 
475000 	 0.4937467 
475500 	 0.3462067 
476000 	 0.4481214 
476500 	 0.4509156 
477000 	 0.4125431 
477500 	 0.3908406 
478000 	 0.3820727 
478500 	 0.3897677 
479000 	 0.4092343 
479500 	 0.3847342 
480000 	 0.3842612 
480500 	 0.3589964 
481000 	 0.4197111 
481500 	 0.4245207 
482000 	 0.4081301 
482500 	 0.3600739 
483000 	 0.3971092 
483500 	 0.4548875 
484000 	 0.3750774 
484500 	 0.4019029 
485000 	 0.3926468 
485500 	 0.3914946 
486000 	 0.3862425 
486500 	 0.4052632 
487000 	 0.3699392 
487500 	 0.3730935 
488000 	 0.4059496 
488500 	 0.4046957 
489000 	 0.4260105 
489500 	 0.386266 
490000 	 0.4374431 
490500 	 0.3671264 
491000 	 0.4210111 
491500 	 0.3315501 
492000 	 0.328607 
492500 	 0.4426476 
493000 	 0.3330396 
493500 	 0.3813965 
494000 	 0.3979657 
494500 	 0.4088182 
495000 	 0.3528624 
495500 	 0.4416489 
496000 	 0.4003339 
496500 	 0.3744702 
497000 	 0.3803785 
497500 	 0.4124279 
498000 	 0.3649847 
498500 	 0.383887 
499000 	 0.413104 
499500 	 0.3632328 
500000 	 0.3350468 
