iter 	 p
500 	 0.8093007 
1000 	 0.9182382 
1500 	 0.8903849 
2000 	 0.7797695 
2500 	 0.7951888 
3000 	 0.8357287 
3500 	 0.8661956 
4000 	 0.8300686 
4500 	 0.8746496 
5000 	 0.8133216 
5500 	 0.6884926 
6000 	 0.8643443 
6500 	 0.7478926 
7000 	 0.7831894 
7500 	 0.751752 
8000 	 0.9635417 
8500 	 0.7661355 
9000 	 0.9283042 
9500 	 0.8556967 
10000 	 0.8451208 
10500 	 0.9351364 
11000 	 0.7084471 
11500 	 0.7831704 
12000 	 0.87228 
12500 	 0.8195597 
13000 	 0.7665533 
13500 	 0.7341921 
14000 	 0.8694799 
14500 	 0.8055623 
15000 	 0.7225307 
15500 	 0.7679216 
16000 	 0.7125198 
16500 	 0.9198305 
17000 	 0.8481998 
17500 	 0.7733169 
18000 	 0.919629 
18500 	 0.8670872 
19000 	 0.8262505 
19500 	 0.7073122 
20000 	 0.8252083 
20500 	 0.836727 
21000 	 0.8124797 
21500 	 0.7291296 
22000 	 0.7448929 
22500 	 0.8160548 
23000 	 0.7758555 
23500 	 0.884258 
24000 	 0.8861473 
24500 	 0.9312833 
25000 	 0.8140902 
25500 	 0.7950256 
26000 	 0.7920624 
26500 	 0.8841052 
27000 	 0.9542178 
27500 	 0.7703339 
28000 	 0.9300912 
28500 	 0.8779152 
29000 	 0.8450958 
29500 	 0.8256164 
30000 	 0.7947479 
30500 	 0.7623915 
31000 	 0.7857671 
31500 	 0.8163015 
32000 	 0.8396454 
32500 	 0.774027 
33000 	 0.7347954 
33500 	 0.7547578 
34000 	 0.7655668 
34500 	 0.8498209 
35000 	 0.683662 
35500 	 0.8037162 
36000 	 0.9098278 
36500 	 0.9361312 
37000 	 0.805533 
37500 	 0.718431 
38000 	 0.8187247 
38500 	 0.6677448 
39000 	 0.82696 
39500 	 0.9031465 
40000 	 0.6688048 
40500 	 0.7803512 
41000 	 0.7253339 
41500 	 0.9184239 
42000 	 0.6977604 
42500 	 0.7727995 
43000 	 0.739968 
43500 	 0.8290694 
44000 	 0.6954405 
44500 	 0.7577942 
45000 	 0.9316624 
45500 	 0.8845586 
46000 	 0.7946761 
46500 	 0.7065912 
47000 	 0.7375098 
47500 	 0.6854908 
48000 	 0.9463423 
48500 	 0.7373056 
49000 	 0.8888527 
49500 	 0.6946855 
50000 	 0.9154897 
50500 	 0.8087467 
51000 	 0.8609141 
51500 	 0.9065264 
52000 	 0.861901 
52500 	 0.8262037 
53000 	 0.9239195 
53500 	 0.7100347 
54000 	 0.7453912 
54500 	 0.6271245 
55000 	 0.7835197 
55500 	 0.8171085 
56000 	 0.8999993 
56500 	 0.8830458 
57000 	 0.7304085 
57500 	 0.830641 
58000 	 0.698004 
58500 	 0.9628544 
59000 	 0.7865069 
59500 	 0.8668862 
60000 	 0.7816539 
60500 	 0.8722674 
61000 	 0.7194338 
61500 	 0.7925782 
62000 	 0.8416995 
62500 	 0.6877863 
63000 	 0.8021878 
63500 	 0.7474188 
64000 	 0.7795559 
64500 	 0.7991811 
65000 	 0.7941998 
65500 	 0.7778408 
66000 	 0.7280861 
66500 	 0.765189 
67000 	 0.6885114 
67500 	 0.8081601 
68000 	 0.7514295 
68500 	 0.92381 
69000 	 0.7475347 
69500 	 0.8773282 
70000 	 0.6482035 
70500 	 0.8487008 
71000 	 0.8610312 
71500 	 0.73781 
72000 	 0.8603158 
72500 	 0.7637025 
73000 	 0.8281366 
73500 	 0.883111 
74000 	 0.8283512 
74500 	 0.8413741 
75000 	 0.8017094 
75500 	 0.7276673 
76000 	 0.7596023 
76500 	 0.6791257 
77000 	 0.9074421 
77500 	 0.602326 
78000 	 0.7652971 
78500 	 0.9458243 
79000 	 0.8352955 
79500 	 0.8283848 
80000 	 0.9460366 
80500 	 0.7795755 
81000 	 0.9013606 
81500 	 0.7867232 
82000 	 0.8034707 
82500 	 0.7413687 
83000 	 0.7772311 
83500 	 0.7370811 
84000 	 0.828851 
84500 	 0.8005073 
85000 	 0.8083688 
85500 	 0.8141055 
86000 	 0.8707411 
86500 	 0.7055089 
87000 	 0.8301555 
87500 	 0.8019612 
88000 	 0.8907588 
88500 	 0.9689017 
89000 	 0.8234753 
89500 	 0.773503 
90000 	 0.8958384 
90500 	 0.8618517 
91000 	 0.83909 
91500 	 0.8170339 
92000 	 0.8213314 
92500 	 0.8459994 
93000 	 0.8391537 
93500 	 0.7719178 
94000 	 0.8303151 
94500 	 0.8155585 
95000 	 0.7173215 
95500 	 0.8118892 
96000 	 0.8950772 
96500 	 0.7932355 
97000 	 0.792498 
97500 	 0.6630742 
98000 	 0.7306369 
98500 	 0.8202701 
99000 	 0.8036394 
99500 	 0.8330586 
100000 	 0.8093037 
100500 	 0.9056535 
101000 	 0.8659413 
101500 	 0.7928606 
102000 	 0.8430894 
102500 	 0.7960237 
103000 	 0.8787808 
103500 	 0.7856335 
104000 	 0.8411323 
104500 	 0.8925958 
105000 	 0.807279 
105500 	 0.8241516 
106000 	 0.8432533 
106500 	 0.7727388 
107000 	 0.7279976 
107500 	 0.913871 
108000 	 0.7982882 
108500 	 0.8890921 
109000 	 0.694933 
109500 	 0.8907404 
110000 	 0.8196081 
110500 	 0.7915941 
111000 	 0.8471407 
111500 	 0.6730551 
112000 	 0.7790625 
112500 	 0.8028228 
113000 	 0.8708396 
113500 	 0.7697798 
114000 	 0.8174414 
114500 	 0.7708384 
115000 	 0.7045372 
115500 	 0.9301727 
116000 	 0.7997746 
116500 	 0.7404942 
117000 	 0.7218459 
117500 	 0.7512109 
118000 	 0.7305275 
118500 	 0.602599 
119000 	 0.9053417 
119500 	 0.8503401 
120000 	 0.8175777 
120500 	 0.8939973 
121000 	 0.7833052 
121500 	 0.7147185 
122000 	 0.830706 
122500 	 0.9056576 
123000 	 0.7969596 
123500 	 0.672085 
124000 	 0.7814898 
124500 	 0.8420177 
125000 	 0.806656 
125500 	 0.8086372 
126000 	 0.6544377 
126500 	 0.6139411 
127000 	 0.8876455 
127500 	 0.8116761 
128000 	 0.7916277 
128500 	 0.8349147 
129000 	 0.8570481 
129500 	 0.8620825 
130000 	 0.6333317 
130500 	 0.7990242 
131000 	 0.7399866 
131500 	 0.8206545 
132000 	 0.8970676 
132500 	 0.8797738 
133000 	 0.8940429 
133500 	 0.7667369 
134000 	 0.8126994 
134500 	 0.6752121 
135000 	 0.7727077 
135500 	 0.5986649 
136000 	 0.848358 
136500 	 0.9187758 
137000 	 0.888229 
137500 	 0.5873239 
138000 	 0.8846214 
138500 	 0.781834 
139000 	 0.811911 
139500 	 0.7613579 
140000 	 0.7921626 
140500 	 0.8842127 
141000 	 0.7818403 
141500 	 0.8112013 
142000 	 0.783071 
142500 	 0.8244374 
143000 	 0.6916094 
143500 	 0.8412661 
144000 	 0.8895663 
144500 	 0.8014989 
145000 	 0.8354196 
145500 	 0.8671484 
146000 	 0.8188251 
146500 	 0.8242149 
147000 	 0.5707613 
147500 	 0.8244787 
148000 	 0.8096997 
148500 	 0.8151481 
149000 	 0.8598676 
149500 	 0.8440647 
150000 	 0.7396747 
150500 	 0.6599419 
151000 	 0.9138268 
151500 	 0.8544229 
152000 	 0.96136 
152500 	 0.7106196 
153000 	 0.8162541 
153500 	 0.7804471 
154000 	 0.8393707 
154500 	 0.8174112 
155000 	 0.84843 
155500 	 0.8157486 
156000 	 0.796669 
156500 	 0.9069921 
157000 	 0.8638483 
157500 	 0.9123837 
158000 	 0.9044983 
158500 	 0.818004 
159000 	 0.8693444 
159500 	 0.7379215 
160000 	 0.7419299 
160500 	 0.8128755 
161000 	 0.9301715 
161500 	 0.8835583 
162000 	 0.9315944 
162500 	 0.8470633 
163000 	 0.8880499 
163500 	 0.6918207 
164000 	 0.9151053 
164500 	 0.900662 
165000 	 0.8015999 
165500 	 0.6910438 
166000 	 0.8491072 
166500 	 0.8275813 
167000 	 0.951153 
167500 	 0.6904521 
168000 	 0.7987071 
168500 	 0.8784192 
169000 	 0.8960338 
169500 	 0.8854558 
170000 	 0.8087563 
170500 	 0.5698686 
171000 	 0.7828283 
171500 	 0.7813007 
172000 	 0.7910122 
172500 	 0.722659 
173000 	 0.8747742 
173500 	 0.7456293 
174000 	 0.8022935 
174500 	 0.8624987 
175000 	 0.8430884 
175500 	 0.7852187 
176000 	 0.8737548 
176500 	 0.8862383 
177000 	 0.883492 
177500 	 0.8228382 
178000 	 0.9011815 
178500 	 0.7096593 
179000 	 0.8024465 
179500 	 0.8003998 
180000 	 0.6862827 
180500 	 0.8162939 
181000 	 0.8080756 
181500 	 0.6942086 
182000 	 0.8477303 
182500 	 0.7726537 
183000 	 0.8177887 
183500 	 0.8774721 
184000 	 0.775205 
184500 	 0.8688077 
185000 	 0.730252 
185500 	 0.8696049 
186000 	 0.6642539 
186500 	 0.6857894 
187000 	 0.7074612 
187500 	 0.8202932 
188000 	 0.84113 
188500 	 0.7998235 
189000 	 0.8610994 
189500 	 0.9198745 
190000 	 0.8259477 
190500 	 0.8865676 
191000 	 0.820152 
191500 	 0.8157954 
192000 	 0.8205344 
192500 	 0.9325193 
193000 	 0.7827417 
193500 	 0.6907847 
194000 	 0.8916883 
194500 	 0.8836914 
195000 	 0.8431583 
195500 	 0.8727674 
196000 	 0.6789568 
196500 	 0.7120201 
197000 	 0.8967777 
197500 	 0.7847671 
198000 	 0.8484404 
198500 	 0.779744 
199000 	 0.7987525 
199500 	 0.7428245 
200000 	 0.8345226 
200500 	 0.817922 
201000 	 0.8670704 
201500 	 0.9119876 
202000 	 0.7855883 
202500 	 0.8039417 
203000 	 0.7770865 
203500 	 0.9318811 
204000 	 0.8401661 
204500 	 0.7670675 
205000 	 0.5710941 
205500 	 0.9359699 
206000 	 0.7508378 
206500 	 0.6355834 
207000 	 0.8847168 
207500 	 0.7726357 
208000 	 0.9043519 
208500 	 0.697587 
209000 	 0.8077589 
209500 	 0.7362466 
210000 	 0.663919 
210500 	 0.8188564 
211000 	 0.7330129 
211500 	 0.6286835 
212000 	 0.7667605 
212500 	 0.7772788 
213000 	 0.8269042 
213500 	 0.7899281 
214000 	 0.8517029 
214500 	 0.7518068 
215000 	 0.7889281 
215500 	 0.8669305 
216000 	 0.8401478 
216500 	 0.8282825 
217000 	 0.8375637 
217500 	 0.7825704 
218000 	 0.8971421 
218500 	 0.8431228 
219000 	 0.9040185 
219500 	 0.8055964 
220000 	 0.7406085 
220500 	 0.9239492 
221000 	 0.8342562 
221500 	 0.7323572 
222000 	 0.8541502 
222500 	 0.7299902 
223000 	 0.6272194 
223500 	 0.8909972 
224000 	 0.7264125 
224500 	 0.8355931 
225000 	 0.8100252 
225500 	 0.8458918 
226000 	 0.8303904 
226500 	 0.8234275 
227000 	 0.7860061 
227500 	 0.8696984 
228000 	 0.8761705 
228500 	 0.8447814 
229000 	 0.7821431 
229500 	 0.7562463 
230000 	 0.781331 
230500 	 0.8304878 
231000 	 0.9411575 
231500 	 0.7870205 
232000 	 0.7909408 
232500 	 0.9074103 
233000 	 0.703852 
233500 	 0.6958575 
234000 	 0.7342636 
234500 	 0.8286427 
235000 	 0.8599408 
235500 	 0.804429 
236000 	 0.722036 
236500 	 0.7091045 
237000 	 0.7632675 
237500 	 0.8301087 
238000 	 0.832488 
238500 	 0.8615999 
239000 	 0.8105735 
239500 	 0.8061537 
240000 	 0.9211413 
240500 	 0.9309651 
241000 	 0.8935205 
241500 	 0.8574093 
242000 	 0.9644924 
242500 	 0.8347141 
243000 	 0.7621266 
243500 	 0.749341 
244000 	 0.784499 
244500 	 0.8146534 
245000 	 0.8915727 
245500 	 0.8964414 
246000 	 0.8350892 
246500 	 0.8626553 
247000 	 0.8848694 
247500 	 0.7948561 
248000 	 0.8070571 
248500 	 0.7918092 
249000 	 0.7964855 
249500 	 0.7145816 
250000 	 0.7873952 
250500 	 0.8502445 
251000 	 0.7399511 
251500 	 0.804611 
252000 	 0.7956089 
252500 	 0.7584416 
253000 	 0.7805387 
253500 	 0.8684247 
254000 	 0.6922556 
254500 	 0.7663089 
255000 	 0.665693 
255500 	 0.8098333 
256000 	 0.7370699 
256500 	 0.824224 
257000 	 0.8739812 
257500 	 0.7732547 
258000 	 0.7150898 
258500 	 0.9018992 
259000 	 0.8168869 
259500 	 0.6943478 
260000 	 0.8218254 
260500 	 0.7785039 
261000 	 0.7276085 
261500 	 0.7847092 
262000 	 0.7692432 
262500 	 0.8286158 
263000 	 0.7944514 
263500 	 0.8430269 
264000 	 0.8697473 
264500 	 0.9264558 
265000 	 0.9032596 
265500 	 0.758072 
266000 	 0.8466119 
266500 	 0.9665664 
267000 	 0.8604944 
267500 	 0.7100054 
268000 	 0.5988182 
268500 	 0.6255478 
269000 	 0.7400618 
269500 	 0.8154189 
270000 	 0.9514222 
270500 	 0.8236586 
271000 	 0.8423218 
271500 	 0.6669338 
272000 	 0.9281098 
272500 	 0.8338888 
273000 	 0.7966834 
273500 	 0.786371 
274000 	 0.8700488 
274500 	 0.7956971 
275000 	 0.6745179 
275500 	 0.8153178 
276000 	 0.9316753 
276500 	 0.8802995 
277000 	 0.9390757 
277500 	 0.6852649 
278000 	 0.861218 
278500 	 0.8574213 
279000 	 0.8602873 
279500 	 0.9369151 
280000 	 0.9369699 
280500 	 0.7701825 
281000 	 0.8141993 
281500 	 0.7067667 
282000 	 0.7508002 
282500 	 0.7798349 
283000 	 0.8100189 
283500 	 0.918035 
284000 	 0.8778216 
284500 	 0.8427098 
285000 	 0.70654 
285500 	 0.7975596 
286000 	 0.813045 
286500 	 0.7935124 
287000 	 0.7921443 
287500 	 0.7337365 
288000 	 0.8377133 
288500 	 0.7885551 
289000 	 0.8436718 
289500 	 0.7999303 
290000 	 0.8262306 
290500 	 0.8233216 
291000 	 0.9139583 
291500 	 0.7692811 
292000 	 0.7260753 
292500 	 0.7679764 
293000 	 0.9077597 
293500 	 0.8778039 
294000 	 0.9064 
294500 	 0.836313 
295000 	 0.8746865 
295500 	 0.8975585 
296000 	 0.8831652 
296500 	 0.7456809 
297000 	 0.9227925 
297500 	 0.7489405 
298000 	 0.8341564 
298500 	 0.7771269 
299000 	 0.8604384 
299500 	 0.6964633 
300000 	 0.8283091 
300500 	 0.8379051 
301000 	 0.8410768 
301500 	 0.8879233 
302000 	 0.8381849 
302500 	 0.8734732 
303000 	 0.7902186 
303500 	 0.8447929 
304000 	 0.8565943 
304500 	 0.9038142 
305000 	 0.7260102 
305500 	 0.8257436 
306000 	 0.8216359 
306500 	 0.8176226 
307000 	 0.7704347 
307500 	 0.8133944 
308000 	 0.6500821 
308500 	 0.7527897 
309000 	 0.7568618 
309500 	 0.658507 
310000 	 0.8001699 
310500 	 0.8785344 
311000 	 0.8488855 
311500 	 0.732438 
312000 	 0.8685678 
312500 	 0.866688 
313000 	 0.6896971 
313500 	 0.9188816 
314000 	 0.7410342 
314500 	 0.9609523 
315000 	 0.8125587 
315500 	 0.8088473 
316000 	 0.6989496 
316500 	 0.9240313 
317000 	 0.7676664 
317500 	 0.831898 
318000 	 0.8696951 
318500 	 0.7488937 
319000 	 0.73678 
319500 	 0.8950693 
320000 	 0.8558168 
320500 	 0.8017762 
321000 	 0.894014 
321500 	 0.8079126 
322000 	 0.8416231 
322500 	 0.7157262 
323000 	 0.8328024 
323500 	 0.8644632 
324000 	 0.8998002 
324500 	 0.6587524 
325000 	 0.8225616 
325500 	 0.8502798 
326000 	 0.8274826 
326500 	 0.8894931 
327000 	 0.8056026 
327500 	 0.8632831 
328000 	 0.7416578 
328500 	 0.8372135 
329000 	 0.8033234 
329500 	 0.7731199 
330000 	 0.7234278 
330500 	 0.8860211 
331000 	 0.8325463 
331500 	 0.9077168 
332000 	 0.8158894 
332500 	 0.9091062 
333000 	 0.7127544 
333500 	 0.7101107 
334000 	 0.8035738 
334500 	 0.6840128 
335000 	 0.6958748 
335500 	 0.7730025 
336000 	 0.7749263 
336500 	 0.7665826 
337000 	 0.7379567 
337500 	 0.8868275 
338000 	 0.7528521 
338500 	 0.8199394 
339000 	 0.8759681 
339500 	 0.7611142 
340000 	 0.8066943 
340500 	 0.8584206 
341000 	 0.6953561 
341500 	 0.8315366 
342000 	 0.8700888 
342500 	 0.9022833 
343000 	 0.7220902 
343500 	 0.8102666 
344000 	 0.8757209 
344500 	 0.7452152 
345000 	 0.7214836 
345500 	 0.9224991 
346000 	 0.7634938 
346500 	 0.8203226 
347000 	 0.8186167 
347500 	 0.8353312 
348000 	 0.7790966 
348500 	 0.8708708 
349000 	 0.7002053 
349500 	 0.7946625 
350000 	 0.7749553 
350500 	 0.8929757 
351000 	 0.9112637 
351500 	 0.6992344 
352000 	 0.834159 
352500 	 0.8701927 
353000 	 0.8075819 
353500 	 0.8033696 
354000 	 0.8593862 
354500 	 0.8746059 
355000 	 0.7984688 
355500 	 0.9402748 
356000 	 0.8479464 
356500 	 0.6945576 
357000 	 0.8254126 
357500 	 0.7470434 
358000 	 0.7984891 
358500 	 0.7984777 
359000 	 0.7852245 
359500 	 0.8619475 
360000 	 0.9041022 
360500 	 0.8957658 
361000 	 0.7246475 
361500 	 0.8483771 
362000 	 0.7158353 
362500 	 0.7760905 
363000 	 0.8525845 
363500 	 0.8860044 
364000 	 0.7921026 
364500 	 0.8073967 
365000 	 0.737811 
365500 	 0.8342272 
366000 	 0.7459962 
366500 	 0.7927345 
367000 	 0.8855348 
367500 	 0.813429 
368000 	 0.831927 
368500 	 0.7929626 
369000 	 0.7643757 
369500 	 0.7823514 
370000 	 0.8156505 
370500 	 0.6460928 
371000 	 0.8712083 
371500 	 0.9099629 
372000 	 0.8588075 
372500 	 0.7411232 
373000 	 0.7856471 
373500 	 0.8942892 
374000 	 0.6018662 
374500 	 0.8587034 
375000 	 0.721442 
375500 	 0.8092103 
376000 	 0.7790684 
376500 	 0.7525695 
377000 	 0.6264564 
377500 	 0.8043382 
378000 	 0.8104458 
378500 	 0.8229387 
379000 	 0.8561813 
379500 	 0.9194961 
380000 	 0.7245988 
380500 	 0.9087899 
381000 	 0.806297 
381500 	 0.9030396 
382000 	 0.7508082 
382500 	 0.6818802 
383000 	 0.926413 
383500 	 0.8348006 
384000 	 0.6625526 
384500 	 0.9132629 
385000 	 0.7405562 
385500 	 0.6757929 
386000 	 0.851708 
386500 	 0.8417864 
387000 	 0.7367486 
387500 	 0.8066994 
388000 	 0.7815324 
388500 	 0.7445709 
389000 	 0.8466228 
389500 	 0.8082044 
390000 	 0.7824654 
390500 	 0.8110297 
391000 	 0.8498153 
391500 	 0.8426407 
392000 	 0.6929291 
392500 	 0.8152122 
393000 	 0.9156623 
393500 	 0.8742845 
394000 	 0.7035345 
394500 	 0.8164199 
395000 	 0.797192 
395500 	 0.8076984 
396000 	 0.8178574 
396500 	 0.8962968 
397000 	 0.6406542 
397500 	 0.7922772 
398000 	 0.6998206 
398500 	 0.7992618 
399000 	 0.8526987 
399500 	 0.8401802 
400000 	 0.8343909 
400500 	 0.7509615 
401000 	 0.8173063 
401500 	 0.7210582 
402000 	 0.7059848 
402500 	 0.8030781 
403000 	 0.7745435 
403500 	 0.8568615 
404000 	 0.7881054 
404500 	 0.8671545 
405000 	 0.7608231 
405500 	 0.833174 
406000 	 0.8172518 
406500 	 0.8412209 
407000 	 0.8566932 
407500 	 0.774466 
408000 	 0.8626887 
408500 	 0.8395864 
409000 	 0.768835 
409500 	 0.8878884 
410000 	 0.61948 
410500 	 0.6618067 
411000 	 0.7641734 
411500 	 0.8193455 
412000 	 0.7209345 
412500 	 0.5202693 
413000 	 0.8958366 
413500 	 0.8476677 
414000 	 0.6883706 
414500 	 0.8711551 
415000 	 0.8385833 
415500 	 0.7302947 
416000 	 0.9451673 
416500 	 0.8564597 
417000 	 0.7875285 
417500 	 0.8568955 
418000 	 0.8528341 
418500 	 0.703024 
419000 	 0.8328885 
419500 	 0.7268064 
420000 	 0.6803275 
420500 	 0.9321044 
421000 	 0.765514 
421500 	 0.7621835 
422000 	 0.8142109 
422500 	 0.8573903 
423000 	 0.861928 
423500 	 0.6030075 
424000 	 0.9321336 
424500 	 0.7713002 
425000 	 0.921617 
425500 	 0.8532432 
426000 	 0.8680114 
426500 	 0.7522998 
427000 	 0.8495249 
427500 	 0.8676319 
428000 	 0.8964952 
428500 	 0.7030963 
429000 	 0.8555504 
429500 	 0.8818394 
430000 	 0.7808327 
430500 	 0.8257406 
431000 	 0.8109157 
431500 	 0.7434776 
432000 	 0.9149782 
432500 	 0.7232011 
433000 	 0.8179342 
433500 	 0.8462761 
434000 	 0.7288027 
434500 	 0.6076599 
435000 	 0.8449095 
435500 	 0.7568166 
436000 	 0.6928456 
436500 	 0.858094 
437000 	 0.8810451 
437500 	 0.8445742 
438000 	 0.8466741 
438500 	 0.8058454 
439000 	 0.8430432 
439500 	 0.8299652 
440000 	 0.8872364 
440500 	 0.8560168 
441000 	 0.8662095 
441500 	 0.7486002 
442000 	 0.8546097 
442500 	 0.8743254 
443000 	 0.9314421 
443500 	 0.7637501 
444000 	 0.9130357 
444500 	 0.7752951 
445000 	 0.8791802 
445500 	 0.8775572 
446000 	 0.7436502 
446500 	 0.908815 
447000 	 0.9122931 
447500 	 0.8677351 
448000 	 0.7758964 
448500 	 0.7838917 
449000 	 0.8094432 
449500 	 0.8484103 
450000 	 0.7446409 
450500 	 0.8173706 
451000 	 0.8070753 
451500 	 0.9068707 
452000 	 0.8504914 
452500 	 0.8152591 
453000 	 0.8317109 
453500 	 0.8283817 
454000 	 0.7308289 
454500 	 0.8960207 
455000 	 0.889268 
455500 	 0.787842 
456000 	 0.832384 
456500 	 0.8828341 
457000 	 0.9023234 
457500 	 0.8860062 
458000 	 0.9462766 
458500 	 0.8323412 
459000 	 0.79332 
459500 	 0.8856886 
460000 	 0.8422875 
460500 	 0.8233277 
461000 	 0.8327655 
461500 	 0.8589129 
462000 	 0.8650118 
462500 	 0.7761012 
463000 	 0.7985428 
463500 	 0.7910025 
464000 	 0.8822524 
464500 	 0.7670086 
465000 	 0.8650606 
465500 	 0.7505036 
466000 	 0.8667745 
466500 	 0.8954778 
467000 	 0.7772549 
467500 	 0.8943033 
468000 	 0.8751255 
468500 	 0.8504535 
469000 	 0.8967827 
469500 	 0.9190001 
470000 	 0.6459529 
470500 	 0.775069 
471000 	 0.8104868 
471500 	 0.6677916 
472000 	 0.9430071 
472500 	 0.8724692 
473000 	 0.8334311 
473500 	 0.772609 
474000 	 0.7729683 
474500 	 0.8270364 
475000 	 0.8561208 
475500 	 0.8218367 
476000 	 0.9121062 
476500 	 0.6911202 
477000 	 0.7537432 
477500 	 0.8226826 
478000 	 0.7650866 
478500 	 0.6888982 
479000 	 0.7503065 
479500 	 0.8281806 
480000 	 0.7360744 
480500 	 0.8835906 
481000 	 0.7488986 
481500 	 0.6836979 
482000 	 0.7803204 
482500 	 0.8356771 
483000 	 0.9058398 
483500 	 0.8931986 
484000 	 0.9074926 
484500 	 0.7041165 
485000 	 0.917009 
485500 	 0.6597844 
486000 	 0.8354155 
486500 	 0.7894487 
487000 	 0.6938247 
487500 	 0.8060616 
488000 	 0.8438778 
488500 	 0.8196166 
489000 	 0.8842732 
489500 	 0.9263091 
490000 	 0.7941359 
490500 	 0.8834595 
491000 	 0.7931107 
491500 	 0.7807772 
492000 	 0.7584243 
492500 	 0.8772404 
493000 	 0.7935713 
493500 	 0.7790118 
494000 	 0.9192282 
494500 	 0.7621657 
495000 	 0.73061 
495500 	 0.880605 
496000 	 0.7430609 
496500 	 0.8165753 
497000 	 0.769384 
497500 	 0.74576 
498000 	 0.8168744 
498500 	 0.8087543 
499000 	 0.8534155 
499500 	 0.807806 
500000 	 0.8516422 
