iter 	 p
500 	 0.654597 
1000 	 0.834486 
1500 	 0.8772203 
2000 	 0.8707641 
2500 	 0.6922593 
3000 	 0.8529308 
3500 	 0.8975604 
4000 	 0.8627866 
4500 	 0.8242221 
5000 	 0.7899002 
5500 	 0.7339886 
6000 	 0.8567854 
6500 	 0.8428525 
7000 	 0.7570847 
7500 	 0.8450747 
8000 	 0.7436108 
8500 	 0.8283058 
9000 	 0.8847197 
9500 	 0.7957106 
10000 	 0.8992429 
10500 	 0.8875484 
11000 	 0.9084415 
11500 	 0.881639 
12000 	 0.7984138 
12500 	 0.7606743 
13000 	 0.6485409 
13500 	 0.8590098 
14000 	 0.7973715 
14500 	 0.8172212 
15000 	 0.9415147 
15500 	 0.7592963 
16000 	 0.6411531 
16500 	 0.7992496 
17000 	 0.8479242 
17500 	 0.8003876 
18000 	 0.8271479 
18500 	 0.8263197 
19000 	 0.8627247 
19500 	 0.8640559 
20000 	 0.8505304 
20500 	 0.7261172 
21000 	 0.7407811 
21500 	 0.8310108 
22000 	 0.8519952 
22500 	 0.7502572 
23000 	 0.8219074 
23500 	 0.8815417 
24000 	 0.9294511 
24500 	 0.6512454 
25000 	 0.9118566 
25500 	 0.7482924 
26000 	 0.7581218 
26500 	 0.8987299 
27000 	 0.9431977 
27500 	 0.8396384 
28000 	 0.9306947 
28500 	 0.9070043 
29000 	 0.618912 
29500 	 0.7451465 
30000 	 0.9240397 
30500 	 0.8883231 
31000 	 0.6561674 
31500 	 0.7130269 
32000 	 0.8321724 
32500 	 0.894309 
33000 	 0.8303688 
33500 	 0.7913871 
34000 	 0.9298452 
34500 	 0.8438859 
35000 	 0.8301015 
35500 	 0.8228048 
36000 	 0.8244303 
36500 	 0.8193913 
37000 	 0.8858222 
37500 	 0.7288356 
38000 	 0.7638316 
38500 	 0.7106918 
39000 	 0.8262471 
39500 	 0.836688 
40000 	 0.8188628 
40500 	 0.8094291 
41000 	 0.8456986 
41500 	 0.7367262 
42000 	 0.6810911 
42500 	 0.9140582 
43000 	 0.7811447 
43500 	 0.9197428 
44000 	 0.9025264 
44500 	 0.9131432 
45000 	 0.9041993 
45500 	 0.918882 
46000 	 0.8470162 
46500 	 0.9193326 
47000 	 0.616783 
47500 	 0.8176521 
48000 	 0.8446916 
48500 	 0.806335 
49000 	 0.7642783 
49500 	 0.775051 
50000 	 0.8284061 
50500 	 0.8352092 
51000 	 0.80037 
51500 	 0.9651196 
52000 	 0.7768529 
52500 	 0.9444409 
53000 	 0.8804817 
53500 	 0.7748123 
54000 	 0.7389175 
54500 	 0.7936554 
55000 	 0.7895933 
55500 	 0.8227146 
56000 	 0.7665231 
56500 	 0.7182882 
57000 	 0.810028 
57500 	 0.7146305 
58000 	 0.8049011 
58500 	 0.7604888 
59000 	 0.7789994 
59500 	 0.8241777 
60000 	 0.7353864 
60500 	 0.761862 
61000 	 0.68598 
61500 	 0.8320208 
62000 	 0.8636628 
62500 	 0.8340822 
63000 	 0.7966733 
63500 	 0.9113671 
64000 	 0.8276835 
64500 	 0.7522489 
65000 	 0.6537712 
65500 	 0.8651216 
66000 	 0.7631404 
66500 	 0.8476373 
67000 	 0.8816617 
67500 	 0.8492362 
68000 	 0.9234165 
68500 	 0.866344 
69000 	 0.8152783 
69500 	 0.7691172 
70000 	 0.7826874 
70500 	 0.8248148 
71000 	 0.8502109 
71500 	 0.8791519 
72000 	 0.7688295 
72500 	 0.7515197 
73000 	 0.8802146 
73500 	 0.8834837 
74000 	 0.9365436 
74500 	 0.8886111 
75000 	 0.8365415 
75500 	 0.9200681 
76000 	 0.9226596 
76500 	 0.7115685 
77000 	 0.9449842 
77500 	 0.6884459 
78000 	 0.8441582 
78500 	 0.7670825 
79000 	 0.8848328 
79500 	 0.8892646 
80000 	 0.8199599 
80500 	 0.7824595 
81000 	 0.8226452 
81500 	 0.8983811 
82000 	 0.9074948 
82500 	 0.7814563 
83000 	 0.8533115 
83500 	 0.8483431 
84000 	 0.8677322 
84500 	 0.7166839 
85000 	 0.7679358 
85500 	 0.8927142 
86000 	 0.8549591 
86500 	 0.7933148 
87000 	 0.9171942 
87500 	 0.6007053 
88000 	 0.810646 
88500 	 0.7789193 
89000 	 0.7979555 
89500 	 0.9126412 
90000 	 0.7959374 
90500 	 0.7847992 
91000 	 0.8891152 
91500 	 0.8240462 
92000 	 0.7203042 
92500 	 0.8295267 
93000 	 0.7890336 
93500 	 0.7980633 
94000 	 0.8192853 
94500 	 0.8208776 
95000 	 0.7011919 
95500 	 0.7399385 
96000 	 0.7864073 
96500 	 0.8897496 
97000 	 0.642646 
97500 	 0.7082682 
98000 	 0.8409475 
98500 	 0.839445 
99000 	 0.7369269 
99500 	 0.7393296 
100000 	 0.869719 
100500 	 0.952086 
101000 	 0.7544344 
101500 	 0.805995 
102000 	 0.7933587 
102500 	 0.7805236 
103000 	 0.5343189 
103500 	 0.8026067 
104000 	 0.9050502 
104500 	 0.860233 
105000 	 0.6709443 
105500 	 0.8972656 
106000 	 0.830608 
106500 	 0.8351113 
107000 	 0.855108 
107500 	 0.8956207 
108000 	 0.892672 
108500 	 0.7626 
109000 	 0.6194836 
109500 	 0.7988159 
110000 	 0.8506053 
110500 	 0.7863535 
111000 	 0.8567309 
111500 	 0.9336308 
112000 	 0.8664499 
112500 	 0.7396819 
113000 	 0.6692308 
113500 	 0.9148173 
114000 	 0.8395179 
114500 	 0.772048 
115000 	 0.8300183 
115500 	 0.9067855 
116000 	 0.7877625 
116500 	 0.9344784 
117000 	 0.8306995 
117500 	 0.833033 
118000 	 0.7427671 
118500 	 0.8644764 
119000 	 0.8418727 
119500 	 0.9001418 
120000 	 0.8537993 
120500 	 0.723979 
121000 	 0.710349 
121500 	 0.6943691 
122000 	 0.8045919 
122500 	 0.8998769 
123000 	 0.7814526 
123500 	 0.900758 
124000 	 0.8915665 
124500 	 0.8141167 
125000 	 0.7866811 
125500 	 0.8296856 
126000 	 0.9284275 
126500 	 0.7543109 
127000 	 0.8886582 
127500 	 0.9337218 
128000 	 0.6773408 
128500 	 0.8717703 
129000 	 0.9379142 
129500 	 0.7317035 
130000 	 0.8887839 
130500 	 0.710435 
131000 	 0.6833759 
131500 	 0.8292596 
132000 	 0.8013784 
132500 	 0.9178882 
133000 	 0.8332676 
133500 	 0.8641825 
134000 	 0.8455717 
134500 	 0.8722536 
135000 	 0.7440201 
135500 	 0.9180865 
136000 	 0.7320753 
136500 	 0.6794016 
137000 	 0.8436463 
137500 	 0.859633 
138000 	 0.8131578 
138500 	 0.7717874 
139000 	 0.7924424 
139500 	 0.884496 
140000 	 0.8629162 
140500 	 0.9126901 
141000 	 0.6930539 
141500 	 0.761863 
142000 	 0.8278956 
142500 	 0.7812737 
143000 	 0.843444 
143500 	 0.8151023 
144000 	 0.8574703 
144500 	 0.8851487 
145000 	 0.8772897 
145500 	 0.8072605 
146000 	 0.9068824 
146500 	 0.8986169 
147000 	 0.8093763 
147500 	 0.8331277 
148000 	 0.7357759 
148500 	 0.9464322 
149000 	 0.8549041 
149500 	 0.8807264 
150000 	 0.9282513 
150500 	 0.7767484 
151000 	 0.8257469 
151500 	 0.6607835 
152000 	 0.7773626 
152500 	 0.7716805 
153000 	 0.7910814 
153500 	 0.9098094 
154000 	 0.7915437 
154500 	 0.6201768 
155000 	 0.6438173 
155500 	 0.7615387 
156000 	 0.7717299 
156500 	 0.84423 
157000 	 0.7986929 
157500 	 0.8466582 
158000 	 0.956244 
158500 	 0.8838133 
159000 	 0.8335816 
159500 	 0.7788013 
160000 	 0.814787 
160500 	 0.7957309 
161000 	 0.8280525 
161500 	 0.7717623 
162000 	 0.8234618 
162500 	 0.9068004 
163000 	 0.8486374 
163500 	 0.8942392 
164000 	 0.7853542 
164500 	 0.9047394 
165000 	 0.7951801 
165500 	 0.7541509 
166000 	 0.9104077 
166500 	 0.761248 
167000 	 0.8364378 
167500 	 0.8306433 
168000 	 0.8602044 
168500 	 0.835811 
169000 	 0.894698 
169500 	 0.7626396 
170000 	 0.9324721 
170500 	 0.7412013 
171000 	 0.8722826 
171500 	 0.9197252 
172000 	 0.7792771 
172500 	 0.758773 
173000 	 0.7728865 
173500 	 0.9078191 
174000 	 0.768371 
174500 	 0.7945585 
175000 	 0.8676499 
175500 	 0.8619543 
176000 	 0.8062181 
176500 	 0.8524589 
177000 	 0.7127157 
177500 	 0.8539312 
178000 	 0.7248006 
178500 	 0.7152511 
179000 	 0.7134868 
179500 	 0.848654 
180000 	 0.7907207 
180500 	 0.6853378 
181000 	 0.741198 
181500 	 0.8759831 
182000 	 0.9149688 
182500 	 0.8853681 
183000 	 0.8265028 
183500 	 0.8656666 
184000 	 0.8632427 
184500 	 0.7708736 
185000 	 0.8204224 
185500 	 0.8786077 
186000 	 0.837363 
186500 	 0.8815875 
187000 	 0.7991476 
187500 	 0.9210905 
188000 	 0.7237747 
188500 	 0.8253126 
189000 	 0.9471682 
189500 	 0.78563 
190000 	 0.8255061 
190500 	 0.606868 
191000 	 0.8414053 
191500 	 0.8139422 
192000 	 0.874223 
192500 	 0.8098637 
193000 	 0.841447 
193500 	 0.7828562 
194000 	 0.7294332 
194500 	 0.8515653 
195000 	 0.8817876 
195500 	 0.8663567 
196000 	 0.8648929 
196500 	 0.8366651 
197000 	 0.7684257 
197500 	 0.7675373 
198000 	 0.7967972 
198500 	 0.7830275 
199000 	 0.8439345 
199500 	 0.8704185 
200000 	 0.6931351 
200500 	 0.7484799 
201000 	 0.8893948 
201500 	 0.7975566 
202000 	 0.8201271 
202500 	 0.8807266 
203000 	 0.8946299 
203500 	 0.8284628 
204000 	 0.9076765 
204500 	 0.7462297 
205000 	 0.850243 
205500 	 0.8847634 
206000 	 0.7049224 
206500 	 0.6358037 
207000 	 0.9203381 
207500 	 0.8135192 
208000 	 0.9219731 
208500 	 0.7638799 
209000 	 0.865112 
209500 	 0.8480622 
210000 	 0.8816987 
210500 	 0.9022758 
211000 	 0.9152394 
211500 	 0.873242 
212000 	 0.8621281 
212500 	 0.8606094 
213000 	 0.7957252 
213500 	 0.8857163 
214000 	 0.796318 
214500 	 0.9631128 
215000 	 0.8815056 
215500 	 0.8199434 
216000 	 0.7872097 
216500 	 0.8485751 
217000 	 0.7900416 
217500 	 0.8499819 
218000 	 0.7135398 
218500 	 0.8690635 
219000 	 0.8411607 
219500 	 0.9045609 
220000 	 0.8401122 
220500 	 0.9082604 
221000 	 0.9367361 
221500 	 0.819817 
222000 	 0.8815095 
222500 	 0.7788569 
223000 	 0.843315 
223500 	 0.8929498 
224000 	 0.8557719 
224500 	 0.7514993 
225000 	 0.7570436 
225500 	 0.7549943 
226000 	 0.8349393 
226500 	 0.843879 
227000 	 0.8391051 
227500 	 0.7128472 
228000 	 0.9479956 
228500 	 0.669445 
229000 	 0.8891108 
229500 	 0.8515753 
230000 	 0.7089697 
230500 	 0.9517787 
231000 	 0.7474121 
231500 	 0.8113976 
232000 	 0.8242903 
232500 	 0.8797668 
233000 	 0.8675427 
233500 	 0.8515183 
234000 	 0.9381106 
234500 	 0.8286343 
235000 	 0.7059954 
235500 	 0.8404991 
236000 	 0.8921464 
236500 	 0.7031122 
237000 	 0.8963783 
237500 	 0.822804 
238000 	 0.7837908 
238500 	 0.7894567 
239000 	 0.8369133 
239500 	 0.9148702 
240000 	 0.8467877 
240500 	 0.8298041 
241000 	 0.8319472 
241500 	 0.8380281 
242000 	 0.8001057 
242500 	 0.8606383 
243000 	 0.8767072 
243500 	 0.8492858 
244000 	 0.7161905 
244500 	 0.7902333 
245000 	 0.8826434 
245500 	 0.8544695 
246000 	 0.8928494 
246500 	 0.8427263 
247000 	 0.8422712 
247500 	 0.779459 
248000 	 0.6966932 
248500 	 0.8330327 
249000 	 0.9107555 
249500 	 0.8985919 
250000 	 0.7663603 
250500 	 0.8785572 
251000 	 0.7904041 
251500 	 0.7922553 
252000 	 0.7795119 
252500 	 0.8729469 
253000 	 0.7070414 
253500 	 0.8216425 
254000 	 0.8520918 
254500 	 0.8052688 
255000 	 0.7924501 
255500 	 0.880372 
256000 	 0.7409933 
256500 	 0.7833686 
257000 	 0.7884925 
257500 	 0.8792662 
258000 	 0.9468696 
258500 	 0.87608 
259000 	 0.8829766 
259500 	 0.785975 
260000 	 0.7722335 
260500 	 0.7531936 
261000 	 0.7596762 
261500 	 0.6270642 
262000 	 0.7027577 
262500 	 0.776784 
263000 	 0.9024945 
263500 	 0.8719343 
264000 	 0.8659629 
264500 	 0.9080985 
265000 	 0.8357169 
265500 	 0.7553079 
266000 	 0.7677589 
266500 	 0.8722577 
267000 	 0.8791721 
267500 	 0.6865824 
268000 	 0.9237289 
268500 	 0.8019064 
269000 	 0.8553863 
269500 	 0.8674354 
270000 	 0.7351586 
270500 	 0.8405855 
271000 	 0.8430296 
271500 	 0.7623672 
272000 	 0.8646522 
272500 	 0.7568672 
273000 	 0.8232176 
273500 	 0.7736862 
274000 	 0.894024 
274500 	 0.7324217 
275000 	 0.7784045 
275500 	 0.9178985 
276000 	 0.782904 
276500 	 0.8596622 
277000 	 0.7376927 
277500 	 0.8454045 
278000 	 0.9012971 
278500 	 0.8286371 
279000 	 0.6895596 
279500 	 0.7878288 
280000 	 0.7344723 
280500 	 0.8223153 
281000 	 0.7203659 
281500 	 0.6945234 
282000 	 0.7684822 
282500 	 0.7956256 
283000 	 0.7927293 
283500 	 0.9487148 
284000 	 0.8334068 
284500 	 0.8793058 
285000 	 0.867962 
285500 	 0.9056188 
286000 	 0.6938254 
286500 	 0.8285368 
287000 	 0.8765282 
287500 	 0.7516153 
288000 	 0.8885985 
288500 	 0.9495989 
289000 	 0.7426556 
289500 	 0.8573117 
290000 	 0.8222112 
290500 	 0.8548813 
291000 	 0.9021571 
291500 	 0.8382447 
292000 	 0.8393541 
292500 	 0.8387909 
293000 	 0.7351761 
293500 	 0.8135998 
294000 	 0.7321574 
294500 	 0.9081649 
295000 	 0.9095323 
295500 	 0.9670698 
296000 	 0.7472797 
296500 	 0.8598124 
297000 	 0.9308797 
297500 	 0.8189023 
298000 	 0.7424386 
298500 	 0.8153375 
299000 	 0.7284766 
299500 	 0.8302011 
300000 	 0.7620441 
300500 	 0.9045332 
301000 	 0.8623513 
301500 	 0.871627 
302000 	 0.7546199 
302500 	 0.7471026 
303000 	 0.796574 
303500 	 0.7842264 
304000 	 0.7284609 
304500 	 0.814398 
305000 	 0.8224644 
305500 	 0.8573504 
306000 	 0.8168495 
306500 	 0.8616315 
307000 	 0.8785506 
307500 	 0.8149263 
308000 	 0.951864 
308500 	 0.8422797 
309000 	 0.8046911 
309500 	 0.7961124 
310000 	 0.8147088 
310500 	 0.8808884 
311000 	 0.8576593 
311500 	 0.8332911 
312000 	 0.8551031 
312500 	 0.8855733 
313000 	 0.9033826 
313500 	 0.7472304 
314000 	 0.8801848 
314500 	 0.8038485 
315000 	 0.8145305 
315500 	 0.8736428 
316000 	 0.801168 
316500 	 0.7188145 
317000 	 0.8624963 
317500 	 0.8958143 
318000 	 0.8336999 
318500 	 0.8989635 
319000 	 0.7879899 
319500 	 0.9472419 
320000 	 0.8129736 
320500 	 0.8291561 
321000 	 0.822468 
321500 	 0.8832361 
322000 	 0.8061701 
322500 	 0.8957433 
323000 	 0.7855793 
323500 	 0.8455596 
324000 	 0.7625434 
324500 	 0.9155089 
325000 	 0.8426889 
325500 	 0.7721051 
326000 	 0.864456 
326500 	 0.7808312 
327000 	 0.7999604 
327500 	 0.8459958 
328000 	 0.7310345 
328500 	 0.8481663 
329000 	 0.6700057 
329500 	 0.8909009 
330000 	 0.890824 
330500 	 0.747833 
331000 	 0.7485935 
331500 	 0.8163506 
332000 	 0.8757715 
332500 	 0.8959666 
333000 	 0.9050371 
333500 	 0.8035773 
334000 	 0.8250006 
334500 	 0.7967717 
335000 	 0.7356444 
335500 	 0.7027136 
336000 	 0.7826689 
336500 	 0.9167756 
337000 	 0.82891 
337500 	 0.8019942 
338000 	 0.8639678 
338500 	 0.7795057 
339000 	 0.8592799 
339500 	 0.8308525 
340000 	 0.7627926 
340500 	 0.8803163 
341000 	 0.9119336 
341500 	 0.8443949 
342000 	 0.846871 
342500 	 0.7740652 
343000 	 0.8303534 
343500 	 0.901647 
344000 	 0.7562321 
344500 	 0.9052251 
345000 	 0.9189487 
345500 	 0.8184694 
346000 	 0.8177042 
346500 	 0.8979946 
347000 	 0.8800029 
347500 	 0.8751628 
348000 	 0.8275497 
348500 	 0.5881961 
349000 	 0.7983471 
349500 	 0.8183004 
350000 	 0.8090711 
350500 	 0.8436523 
351000 	 0.8047891 
351500 	 0.8599003 
352000 	 0.7500591 
352500 	 0.8200908 
353000 	 0.7235896 
353500 	 0.8391632 
354000 	 0.8121025 
354500 	 0.8584026 
355000 	 0.8542333 
355500 	 0.7635887 
356000 	 0.856755 
356500 	 0.8567641 
357000 	 0.7337667 
357500 	 0.7913852 
358000 	 0.9115862 
358500 	 0.8861167 
359000 	 0.8090689 
359500 	 0.7920652 
360000 	 0.9083688 
360500 	 0.6558191 
361000 	 0.8317444 
361500 	 0.7814269 
362000 	 0.8148668 
362500 	 0.902306 
363000 	 0.8207674 
363500 	 0.7628612 
364000 	 0.6993313 
364500 	 0.7317722 
365000 	 0.9233013 
365500 	 0.8334411 
366000 	 0.7800715 
366500 	 0.7330137 
367000 	 0.7642195 
367500 	 0.9380223 
368000 	 0.7645509 
368500 	 0.8720917 
369000 	 0.7639717 
369500 	 0.7645404 
370000 	 0.9387598 
370500 	 0.8987187 
371000 	 0.7748801 
371500 	 0.7980364 
372000 	 0.901563 
372500 	 0.7657167 
373000 	 0.8403792 
373500 	 0.6740872 
374000 	 0.6533892 
374500 	 0.7945975 
375000 	 0.87879 
375500 	 0.9206411 
376000 	 0.8486551 
376500 	 0.8806898 
377000 	 0.8227561 
377500 	 0.7764834 
378000 	 0.6528554 
378500 	 0.7739089 
379000 	 0.9306704 
379500 	 0.7573847 
380000 	 0.815092 
380500 	 0.8190173 
381000 	 0.7877644 
381500 	 0.7060873 
382000 	 0.7468833 
382500 	 0.8658127 
383000 	 0.831611 
383500 	 0.7849558 
384000 	 0.9313498 
384500 	 0.9271962 
385000 	 0.6741625 
385500 	 0.695661 
386000 	 0.7098827 
386500 	 0.8539235 
387000 	 0.7811832 
387500 	 0.8501456 
388000 	 0.6774698 
388500 	 0.7577228 
389000 	 0.6989334 
389500 	 0.9168668 
390000 	 0.7612719 
390500 	 0.6841806 
391000 	 0.685288 
391500 	 0.8917884 
392000 	 0.8142272 
392500 	 0.8176518 
393000 	 0.8455403 
393500 	 0.9347476 
394000 	 0.7620645 
394500 	 0.970503 
395000 	 0.7718243 
395500 	 0.8244329 
396000 	 0.8200595 
396500 	 0.7865893 
397000 	 0.7256419 
397500 	 0.8701087 
398000 	 0.8071665 
398500 	 0.732767 
399000 	 0.8264127 
399500 	 0.867412 
400000 	 0.9195517 
400500 	 0.887071 
401000 	 0.8485602 
401500 	 0.8621404 
402000 	 0.7348168 
402500 	 0.8395623 
403000 	 0.8563874 
403500 	 0.7983404 
404000 	 0.915136 
404500 	 0.8782353 
405000 	 0.7400951 
405500 	 0.8604598 
406000 	 0.8620094 
406500 	 0.7714306 
407000 	 0.9296769 
407500 	 0.7794395 
408000 	 0.899451 
408500 	 0.7761579 
409000 	 0.8379872 
409500 	 0.9388369 
410000 	 0.8268833 
410500 	 0.8828559 
411000 	 0.7469261 
411500 	 0.8291046 
412000 	 0.7685041 
412500 	 0.8133583 
413000 	 0.8612768 
413500 	 0.8068532 
414000 	 0.8270131 
414500 	 0.7611088 
415000 	 0.7444989 
415500 	 0.8073068 
416000 	 0.7922799 
416500 	 0.8823004 
417000 	 0.8306662 
417500 	 0.8859933 
418000 	 0.790782 
418500 	 0.8041093 
419000 	 0.8245227 
419500 	 0.8289301 
420000 	 0.7956212 
420500 	 0.8879861 
421000 	 0.8908675 
421500 	 0.8885254 
422000 	 0.8188942 
422500 	 0.7946304 
423000 	 0.7595925 
423500 	 0.9132899 
424000 	 0.9108961 
424500 	 0.8289382 
425000 	 0.874563 
425500 	 0.6794695 
426000 	 0.7621435 
426500 	 0.7180314 
427000 	 0.9073854 
427500 	 0.9193861 
428000 	 0.8293219 
428500 	 0.8433667 
429000 	 0.7678579 
429500 	 0.8605228 
430000 	 0.862115 
430500 	 0.8069172 
431000 	 0.8053933 
431500 	 0.6818061 
432000 	 0.8462547 
432500 	 0.8207249 
433000 	 0.9189027 
433500 	 0.8545228 
434000 	 0.8134341 
434500 	 0.8487804 
435000 	 0.8467475 
435500 	 0.9308556 
436000 	 0.7181985 
436500 	 0.8712247 
437000 	 0.7910853 
437500 	 0.7629641 
438000 	 0.8408812 
438500 	 0.804751 
439000 	 0.8163906 
439500 	 0.8311462 
440000 	 0.8951536 
440500 	 0.8068086 
441000 	 0.8259757 
441500 	 0.9025307 
442000 	 0.7323476 
442500 	 0.8629426 
443000 	 0.9465545 
443500 	 0.9637627 
444000 	 0.808543 
444500 	 0.9131391 
445000 	 0.7510395 
445500 	 0.8222393 
446000 	 0.8795387 
446500 	 0.7640762 
447000 	 0.844974 
447500 	 0.9126174 
448000 	 0.9076282 
448500 	 0.8076374 
449000 	 0.7596167 
449500 	 0.8158528 
450000 	 0.8739883 
450500 	 0.8963468 
451000 	 0.7232206 
451500 	 0.9100839 
452000 	 0.8246898 
452500 	 0.8216455 
453000 	 0.9152077 
453500 	 0.8598727 
454000 	 0.8636489 
454500 	 0.720217 
455000 	 0.8275965 
455500 	 0.8192656 
456000 	 0.9139381 
456500 	 0.7873297 
457000 	 0.8481311 
457500 	 0.8829641 
458000 	 0.7804581 
458500 	 0.785233 
459000 	 0.577803 
459500 	 0.7837547 
460000 	 0.8260095 
460500 	 0.7824478 
461000 	 0.7578005 
461500 	 0.8932156 
462000 	 0.7824827 
462500 	 0.7993904 
463000 	 0.6302623 
463500 	 0.862223 
464000 	 0.7438893 
464500 	 0.7857431 
465000 	 0.8797443 
465500 	 0.9093411 
466000 	 0.793239 
466500 	 0.933276 
467000 	 0.8156704 
467500 	 0.8998545 
468000 	 0.8384125 
468500 	 0.8044448 
469000 	 0.7779871 
469500 	 0.8594057 
470000 	 0.6977018 
470500 	 0.8739803 
471000 	 0.7492822 
471500 	 0.854579 
472000 	 0.8268641 
472500 	 0.73467 
473000 	 0.887367 
473500 	 0.8414411 
474000 	 0.8490081 
474500 	 0.8209811 
475000 	 0.7610108 
475500 	 0.6540128 
476000 	 0.8397003 
476500 	 0.8232366 
477000 	 0.7972508 
477500 	 0.7934109 
478000 	 0.7839257 
478500 	 0.899063 
479000 	 0.7152532 
479500 	 0.8450735 
480000 	 0.7911532 
480500 	 0.8822469 
481000 	 0.6897247 
481500 	 0.9287086 
482000 	 0.790647 
482500 	 0.7294025 
483000 	 0.8044146 
483500 	 0.7842712 
484000 	 0.8357902 
484500 	 0.7831856 
485000 	 0.8687226 
485500 	 0.8633884 
486000 	 0.8600692 
486500 	 0.9210247 
487000 	 0.7389666 
487500 	 0.6958304 
488000 	 0.7997546 
488500 	 0.9504311 
489000 	 0.7978324 
489500 	 0.7531907 
490000 	 0.8447849 
490500 	 0.758017 
491000 	 0.8929801 
491500 	 0.8665303 
492000 	 0.8628686 
492500 	 0.9456457 
493000 	 0.7392368 
493500 	 0.8266983 
494000 	 0.7974856 
494500 	 0.9428909 
495000 	 0.8385331 
495500 	 0.9276355 
496000 	 0.7714818 
496500 	 0.7433347 
497000 	 0.8198851 
497500 	 0.8675375 
498000 	 0.8383248 
498500 	 0.7739386 
499000 	 0.8077959 
499500 	 0.8707306 
500000 	 0.7782064 
