iter 	 p
500 	 0.6866609 
1000 	 0.8053635 
1500 	 0.764977 
2000 	 0.7413219 
2500 	 0.7481061 
3000 	 0.7437326 
3500 	 0.783629 
4000 	 0.7012531 
4500 	 0.7898888 
5000 	 0.75367 
5500 	 0.6894749 
6000 	 0.6816445 
6500 	 0.68116 
7000 	 0.7332348 
7500 	 0.7404624 
8000 	 0.6998917 
8500 	 0.7218024 
9000 	 0.7690045 
9500 	 0.6679349 
10000 	 0.671655 
10500 	 0.726907 
11000 	 0.8008297 
11500 	 0.6711129 
12000 	 0.7780668 
12500 	 0.8288401 
13000 	 0.7644354 
13500 	 0.6707873 
14000 	 0.7202202 
14500 	 0.7724372 
15000 	 0.7937354 
15500 	 0.7188782 
16000 	 0.7268139 
16500 	 0.7882253 
17000 	 0.7878786 
17500 	 0.7351195 
18000 	 0.7658214 
18500 	 0.7176547 
19000 	 0.6880239 
19500 	 0.8150305 
20000 	 0.7789744 
20500 	 0.7304714 
21000 	 0.6281467 
21500 	 0.7773315 
22000 	 0.7523549 
22500 	 0.6862857 
23000 	 0.7635097 
23500 	 0.7363287 
24000 	 0.6755106 
24500 	 0.5987943 
25000 	 0.556432 
25500 	 0.7529726 
26000 	 0.7386179 
26500 	 0.8070705 
27000 	 0.6933687 
27500 	 0.6558776 
28000 	 0.5451495 
28500 	 0.781991 
29000 	 0.7686669 
29500 	 0.8051655 
30000 	 0.6959506 
30500 	 0.5954398 
31000 	 0.8003301 
31500 	 0.8323898 
32000 	 0.6576907 
32500 	 0.6801346 
33000 	 0.8172349 
33500 	 0.7017945 
34000 	 0.7351348 
34500 	 0.8511808 
35000 	 0.9008098 
35500 	 0.7121417 
36000 	 0.7296429 
36500 	 0.6973962 
37000 	 0.7415094 
37500 	 0.6592024 
38000 	 0.5321475 
38500 	 0.7052596 
39000 	 0.832666 
39500 	 0.7256075 
40000 	 0.8016192 
40500 	 0.7699324 
41000 	 0.6505313 
41500 	 0.6388424 
42000 	 0.725695 
42500 	 0.6336486 
43000 	 0.6742241 
43500 	 0.6574087 
44000 	 0.6947518 
44500 	 0.8288592 
45000 	 0.6721039 
45500 	 0.7540792 
46000 	 0.7591148 
46500 	 0.7939773 
47000 	 0.7053837 
47500 	 0.7020674 
48000 	 0.6526384 
48500 	 0.6623679 
49000 	 0.8613351 
49500 	 0.785606 
50000 	 0.6483376 
50500 	 0.7691696 
51000 	 0.7580634 
51500 	 0.8044594 
52000 	 0.6544428 
52500 	 0.6599332 
53000 	 0.8542795 
53500 	 0.7929171 
54000 	 0.8145134 
54500 	 0.6829498 
55000 	 0.7164685 
55500 	 0.8404645 
56000 	 0.6440207 
56500 	 0.7661199 
57000 	 0.5516685 
57500 	 0.6702995 
58000 	 0.7582115 
58500 	 0.7581148 
59000 	 0.6768491 
59500 	 0.7845364 
60000 	 0.813112 
60500 	 0.7505672 
61000 	 0.7196088 
61500 	 0.6024949 
62000 	 0.7978382 
62500 	 0.8587315 
63000 	 0.7677388 
63500 	 0.7139964 
64000 	 0.7414048 
64500 	 0.7535107 
65000 	 0.7625322 
65500 	 0.7048129 
66000 	 0.7682642 
66500 	 0.7099574 
67000 	 0.7381635 
67500 	 0.7830937 
68000 	 0.665836 
68500 	 0.7855851 
69000 	 0.7639379 
69500 	 0.7064453 
70000 	 0.6401823 
70500 	 0.8319878 
71000 	 0.6189977 
71500 	 0.7846802 
72000 	 0.6723022 
72500 	 0.7314134 
73000 	 0.7890591 
73500 	 0.7271117 
74000 	 0.6569883 
74500 	 0.7597326 
75000 	 0.5835025 
75500 	 0.7265101 
76000 	 0.7015726 
76500 	 0.7192487 
77000 	 0.7301189 
77500 	 0.8340369 
78000 	 0.7216975 
78500 	 0.7216606 
79000 	 0.7063967 
79500 	 0.8111744 
80000 	 0.7092979 
80500 	 0.6356539 
81000 	 0.8292701 
81500 	 0.6991189 
82000 	 0.7083025 
82500 	 0.7288349 
83000 	 0.7936479 
83500 	 0.7222978 
84000 	 0.6720268 
84500 	 0.7392189 
85000 	 0.8175124 
85500 	 0.8201001 
86000 	 0.7373405 
86500 	 0.6535359 
87000 	 0.7237321 
87500 	 0.6715002 
88000 	 0.7483608 
88500 	 0.8231191 
89000 	 0.8302914 
89500 	 0.7003911 
90000 	 0.657808 
90500 	 0.7558346 
91000 	 0.6626527 
91500 	 0.7515114 
92000 	 0.6876079 
92500 	 0.7602089 
93000 	 0.7784665 
93500 	 0.72003 
94000 	 0.5519068 
94500 	 0.6913395 
95000 	 0.7002625 
95500 	 0.6051029 
96000 	 0.7882469 
96500 	 0.7572785 
97000 	 0.6764364 
97500 	 0.7250809 
98000 	 0.8294582 
98500 	 0.8433652 
99000 	 0.6678983 
99500 	 0.7590968 
100000 	 0.5990654 
100500 	 0.6364708 
101000 	 0.7624323 
101500 	 0.6236855 
102000 	 0.8132035 
102500 	 0.6664212 
103000 	 0.8045478 
103500 	 0.7804278 
104000 	 0.6260126 
104500 	 0.7363398 
105000 	 0.8161912 
105500 	 0.8312058 
106000 	 0.8351887 
106500 	 0.7751962 
107000 	 0.6721454 
107500 	 0.7116357 
108000 	 0.8127987 
108500 	 0.6966579 
109000 	 0.7207849 
109500 	 0.7398353 
110000 	 0.7446476 
110500 	 0.7432606 
111000 	 0.8618509 
111500 	 0.8219959 
112000 	 0.8149748 
112500 	 0.5766812 
113000 	 0.76153 
113500 	 0.7882403 
114000 	 0.6841173 
114500 	 0.7530833 
115000 	 0.7039436 
115500 	 0.6484685 
116000 	 0.7608039 
116500 	 0.8587935 
117000 	 0.8008884 
117500 	 0.6342657 
118000 	 0.7108164 
118500 	 0.770184 
119000 	 0.6720447 
119500 	 0.8230954 
120000 	 0.6265292 
120500 	 0.7705876 
121000 	 0.7396764 
121500 	 0.7745175 
122000 	 0.6994553 
122500 	 0.6955399 
123000 	 0.6831299 
123500 	 0.7945091 
124000 	 0.6462272 
124500 	 0.7259932 
125000 	 0.7301167 
125500 	 0.8361856 
126000 	 0.7500247 
126500 	 0.7801489 
127000 	 0.6922735 
127500 	 0.7184182 
128000 	 0.650883 
128500 	 0.6293816 
129000 	 0.8175111 
129500 	 0.6420239 
130000 	 0.777757 
130500 	 0.8761765 
131000 	 0.7421437 
131500 	 0.6404843 
132000 	 0.8294277 
132500 	 0.7662337 
133000 	 0.6679601 
133500 	 0.7429301 
134000 	 0.8040131 
134500 	 0.7813797 
135000 	 0.8176017 
135500 	 0.7055985 
136000 	 0.791644 
136500 	 0.8982007 
137000 	 0.8284353 
137500 	 0.8050696 
138000 	 0.6649972 
138500 	 0.7056124 
139000 	 0.7335674 
139500 	 0.8043847 
140000 	 0.6852528 
140500 	 0.7294877 
141000 	 0.6728264 
141500 	 0.7510572 
142000 	 0.7655522 
142500 	 0.8330769 
143000 	 0.8329806 
143500 	 0.7564398 
144000 	 0.6611824 
144500 	 0.7452323 
145000 	 0.6423906 
145500 	 0.6687044 
146000 	 0.6948128 
146500 	 0.8068341 
147000 	 0.7852502 
147500 	 0.6787587 
148000 	 0.7461126 
148500 	 0.708108 
149000 	 0.6373455 
149500 	 0.7221047 
150000 	 0.7433586 
150500 	 0.6240866 
151000 	 0.6896709 
151500 	 0.8203894 
152000 	 0.6773304 
152500 	 0.7345324 
153000 	 0.8118806 
153500 	 0.8473872 
154000 	 0.7431709 
154500 	 0.7908241 
155000 	 0.6790623 
155500 	 0.5587956 
156000 	 0.6790809 
156500 	 0.7222454 
157000 	 0.7799323 
157500 	 0.751437 
158000 	 0.7319762 
158500 	 0.7623249 
159000 	 0.7746924 
159500 	 0.835673 
160000 	 0.697281 
160500 	 0.6643232 
161000 	 0.8408668 
161500 	 0.7114352 
162000 	 0.6577879 
162500 	 0.759881 
163000 	 0.7472828 
163500 	 0.6433085 
164000 	 0.7990217 
164500 	 0.7706574 
165000 	 0.7448499 
165500 	 0.7610926 
166000 	 0.7193317 
166500 	 0.6774181 
167000 	 0.7708362 
167500 	 0.7436625 
168000 	 0.7639911 
168500 	 0.6100889 
169000 	 0.8112056 
169500 	 0.7862788 
170000 	 0.7123768 
170500 	 0.8025624 
171000 	 0.5864042 
171500 	 0.7871945 
172000 	 0.6406951 
172500 	 0.5860596 
173000 	 0.6970973 
173500 	 0.7679206 
174000 	 0.7319991 
174500 	 0.6657279 
175000 	 0.7661431 
175500 	 0.7062502 
176000 	 0.7919306 
176500 	 0.5730538 
177000 	 0.8139903 
177500 	 0.5157629 
178000 	 0.7423657 
178500 	 0.6284946 
179000 	 0.7086443 
179500 	 0.6416224 
180000 	 0.7387432 
180500 	 0.7569631 
181000 	 0.7877345 
181500 	 0.7016401 
182000 	 0.7777805 
182500 	 0.6309927 
183000 	 0.7142359 
183500 	 0.7244741 
184000 	 0.7174528 
184500 	 0.7493109 
185000 	 0.6548569 
185500 	 0.7897932 
186000 	 0.6440256 
186500 	 0.7132089 
187000 	 0.8572556 
187500 	 0.7531438 
188000 	 0.7748489 
188500 	 0.6550744 
189000 	 0.7991487 
189500 	 0.6689011 
190000 	 0.7398457 
190500 	 0.6801617 
191000 	 0.8436251 
191500 	 0.7094984 
192000 	 0.6902525 
192500 	 0.6607954 
193000 	 0.6975 
193500 	 0.7065952 
194000 	 0.7727453 
194500 	 0.7068344 
195000 	 0.8406006 
195500 	 0.7383352 
196000 	 0.741754 
196500 	 0.7328635 
197000 	 0.6495329 
197500 	 0.7784368 
198000 	 0.7630574 
198500 	 0.8176558 
199000 	 0.7445636 
199500 	 0.7756454 
200000 	 0.6887839 
200500 	 0.7821032 
201000 	 0.7622534 
201500 	 0.7092965 
202000 	 0.6828183 
202500 	 0.8389364 
203000 	 0.8053993 
203500 	 0.6822996 
204000 	 0.7278539 
204500 	 0.6957725 
205000 	 0.6566371 
205500 	 0.6900609 
206000 	 0.7620962 
206500 	 0.6972487 
207000 	 0.6689685 
207500 	 0.8243914 
208000 	 0.7461562 
208500 	 0.7256725 
209000 	 0.7796882 
209500 	 0.7716822 
210000 	 0.7225242 
210500 	 0.7079775 
211000 	 0.7273827 
211500 	 0.7126242 
212000 	 0.6901759 
212500 	 0.6613189 
213000 	 0.7094456 
213500 	 0.7865267 
214000 	 0.7201233 
214500 	 0.8098648 
215000 	 0.8057632 
215500 	 0.662449 
216000 	 0.7739101 
216500 	 0.7747944 
217000 	 0.7936361 
217500 	 0.8016516 
218000 	 0.6371383 
218500 	 0.698605 
219000 	 0.8246584 
219500 	 0.7692529 
220000 	 0.7628169 
220500 	 0.7218272 
221000 	 0.7485563 
221500 	 0.7586817 
222000 	 0.6350308 
222500 	 0.7223306 
223000 	 0.7911131 
223500 	 0.6467438 
224000 	 0.7259859 
224500 	 0.7866335 
225000 	 0.7479115 
225500 	 0.8245055 
226000 	 0.7020128 
226500 	 0.7073305 
227000 	 0.7284965 
227500 	 0.7037643 
228000 	 0.636131 
228500 	 0.7967937 
229000 	 0.617659 
229500 	 0.7273519 
230000 	 0.7387555 
230500 	 0.6920369 
231000 	 0.7554527 
231500 	 0.6712396 
232000 	 0.8225466 
232500 	 0.7452208 
233000 	 0.7853703 
233500 	 0.8174684 
234000 	 0.73667 
234500 	 0.7561323 
235000 	 0.6943407 
235500 	 0.7238463 
236000 	 0.6876662 
236500 	 0.7545905 
237000 	 0.7054039 
237500 	 0.6960012 
238000 	 0.6938358 
238500 	 0.6530252 
239000 	 0.7332604 
239500 	 0.693534 
240000 	 0.702217 
240500 	 0.6985622 
241000 	 0.6996234 
241500 	 0.7020019 
242000 	 0.720065 
242500 	 0.752204 
243000 	 0.7500439 
243500 	 0.6829695 
244000 	 0.6892144 
244500 	 0.7379499 
245000 	 0.6286996 
245500 	 0.7939768 
246000 	 0.7833838 
246500 	 0.7310558 
247000 	 0.7127242 
247500 	 0.7789875 
248000 	 0.6613575 
248500 	 0.7730749 
249000 	 0.6811359 
249500 	 0.7866252 
250000 	 0.8120356 
250500 	 0.8458639 
251000 	 0.8244228 
251500 	 0.6521793 
252000 	 0.7239379 
252500 	 0.7210086 
253000 	 0.7674022 
253500 	 0.7161884 
254000 	 0.7223289 
254500 	 0.7268477 
255000 	 0.7677311 
255500 	 0.7628659 
256000 	 0.8272248 
256500 	 0.7779172 
257000 	 0.8681667 
257500 	 0.6152941 
258000 	 0.7015023 
258500 	 0.7878831 
259000 	 0.8282246 
259500 	 0.8086028 
260000 	 0.7137863 
260500 	 0.7212271 
261000 	 0.5974945 
261500 	 0.69824 
262000 	 0.5168911 
262500 	 0.7336683 
263000 	 0.8034137 
263500 	 0.6974666 
264000 	 0.6190696 
264500 	 0.8164268 
265000 	 0.8342596 
265500 	 0.7115072 
266000 	 0.8050851 
266500 	 0.6895246 
267000 	 0.6444492 
267500 	 0.7283518 
268000 	 0.7445103 
268500 	 0.7699873 
269000 	 0.5780456 
269500 	 0.6767947 
270000 	 0.7249758 
270500 	 0.7238325 
271000 	 0.8180429 
271500 	 0.8337581 
272000 	 0.6477358 
272500 	 0.6996425 
273000 	 0.7096014 
273500 	 0.7713652 
274000 	 0.7361261 
274500 	 0.8531573 
275000 	 0.5531805 
275500 	 0.767945 
276000 	 0.7833866 
276500 	 0.7380996 
277000 	 0.8035305 
277500 	 0.7106664 
278000 	 0.7261852 
278500 	 0.6460997 
279000 	 0.6955007 
279500 	 0.7785015 
280000 	 0.7260623 
280500 	 0.7741239 
281000 	 0.7411461 
281500 	 0.7307044 
282000 	 0.8067375 
282500 	 0.7445746 
283000 	 0.8108259 
283500 	 0.6863232 
284000 	 0.7553799 
284500 	 0.8998351 
285000 	 0.6998115 
285500 	 0.67593 
286000 	 0.7436653 
286500 	 0.5892412 
287000 	 0.8580226 
287500 	 0.7847819 
288000 	 0.6908174 
288500 	 0.7754136 
289000 	 0.7968861 
289500 	 0.7206333 
290000 	 0.7474884 
290500 	 0.7479755 
291000 	 0.7638506 
291500 	 0.7790044 
292000 	 0.831467 
292500 	 0.8037353 
293000 	 0.7028484 
293500 	 0.7410173 
294000 	 0.6785042 
294500 	 0.6727196 
295000 	 0.7449889 
295500 	 0.6507705 
296000 	 0.8028082 
296500 	 0.8089669 
297000 	 0.6639912 
297500 	 0.6705508 
298000 	 0.7451585 
298500 	 0.7566628 
299000 	 0.7608259 
299500 	 0.697303 
300000 	 0.7954459 
300500 	 0.7889416 
301000 	 0.5648235 
301500 	 0.8118817 
302000 	 0.7236973 
302500 	 0.6431793 
303000 	 0.6461226 
303500 	 0.802413 
304000 	 0.7312725 
304500 	 0.7498595 
305000 	 0.6746815 
305500 	 0.6542597 
306000 	 0.6975924 
306500 	 0.7497332 
307000 	 0.753517 
307500 	 0.6601795 
308000 	 0.7413794 
308500 	 0.8028939 
309000 	 0.8022185 
309500 	 0.8165191 
310000 	 0.6353663 
310500 	 0.7641313 
311000 	 0.8490942 
311500 	 0.8216219 
312000 	 0.7961173 
312500 	 0.7800411 
313000 	 0.8141652 
313500 	 0.7194466 
314000 	 0.6013735 
314500 	 0.6496104 
315000 	 0.7082398 
315500 	 0.7244923 
316000 	 0.7270476 
316500 	 0.7497827 
317000 	 0.9259591 
317500 	 0.7720912 
318000 	 0.6157295 
318500 	 0.7627301 
319000 	 0.6644296 
319500 	 0.793193 
320000 	 0.7813926 
320500 	 0.7239863 
321000 	 0.551024 
321500 	 0.6460479 
322000 	 0.7951684 
322500 	 0.7080356 
323000 	 0.6579568 
323500 	 0.6391309 
324000 	 0.7668983 
324500 	 0.7349632 
325000 	 0.6898217 
325500 	 0.850516 
326000 	 0.6084612 
326500 	 0.6965717 
327000 	 0.7711326 
327500 	 0.6950824 
328000 	 0.6941846 
328500 	 0.7166985 
329000 	 0.8294699 
329500 	 0.6694486 
330000 	 0.7273022 
330500 	 0.6243976 
331000 	 0.6666355 
331500 	 0.6606467 
332000 	 0.7463871 
332500 	 0.640555 
333000 	 0.648978 
333500 	 0.7815115 
334000 	 0.7057803 
334500 	 0.7348234 
335000 	 0.8177064 
335500 	 0.5605106 
336000 	 0.8252919 
336500 	 0.699255 
337000 	 0.6650299 
337500 	 0.6115404 
338000 	 0.6711351 
338500 	 0.7962159 
339000 	 0.6784584 
339500 	 0.7476143 
340000 	 0.8834215 
340500 	 0.6641838 
341000 	 0.8131574 
341500 	 0.7420455 
342000 	 0.7960988 
342500 	 0.6994803 
343000 	 0.716641 
343500 	 0.7900276 
344000 	 0.7143583 
344500 	 0.824453 
345000 	 0.7722535 
345500 	 0.7485398 
346000 	 0.7664839 
346500 	 0.7033636 
347000 	 0.7707733 
347500 	 0.6319341 
348000 	 0.7044827 
348500 	 0.7298995 
349000 	 0.751826 
349500 	 0.7340862 
350000 	 0.7364223 
350500 	 0.6001186 
351000 	 0.6855286 
351500 	 0.7134736 
352000 	 0.8251843 
352500 	 0.7713138 
353000 	 0.6759296 
353500 	 0.7255898 
354000 	 0.642266 
354500 	 0.8513956 
355000 	 0.7772829 
355500 	 0.7639598 
356000 	 0.5970387 
356500 	 0.6538694 
357000 	 0.638838 
357500 	 0.6342871 
358000 	 0.6525714 
358500 	 0.5122185 
359000 	 0.5222188 
359500 	 0.7288987 
360000 	 0.7833345 
360500 	 0.7178218 
361000 	 0.7689288 
361500 	 0.8122704 
362000 	 0.7440922 
362500 	 0.8261813 
363000 	 0.6543357 
363500 	 0.8095142 
364000 	 0.770641 
364500 	 0.7510813 
365000 	 0.779583 
365500 	 0.7334804 
366000 	 0.7188818 
366500 	 0.7203262 
367000 	 0.6917832 
367500 	 0.6809268 
368000 	 0.7515951 
368500 	 0.7811244 
369000 	 0.7373841 
369500 	 0.7602589 
370000 	 0.7683218 
370500 	 0.6648526 
371000 	 0.7501253 
371500 	 0.6811368 
372000 	 0.7592151 
372500 	 0.7108939 
373000 	 0.6533435 
373500 	 0.7026878 
374000 	 0.6267455 
374500 	 0.8172129 
375000 	 0.7226486 
375500 	 0.5867338 
376000 	 0.7918248 
376500 	 0.6589524 
377000 	 0.6161261 
377500 	 0.728959 
378000 	 0.7568097 
378500 	 0.8457867 
379000 	 0.7536203 
379500 	 0.8183072 
380000 	 0.7336522 
380500 	 0.7376253 
381000 	 0.743174 
381500 	 0.8081957 
382000 	 0.7084368 
382500 	 0.7769794 
383000 	 0.8542089 
383500 	 0.8407914 
384000 	 0.8421034 
384500 	 0.7162227 
385000 	 0.6150749 
385500 	 0.8567911 
386000 	 0.6974629 
386500 	 0.775483 
387000 	 0.6288655 
387500 	 0.5978585 
388000 	 0.7042315 
388500 	 0.6994056 
389000 	 0.6876977 
389500 	 0.7643268 
390000 	 0.8426772 
390500 	 0.667228 
391000 	 0.721745 
391500 	 0.8700654 
392000 	 0.5997367 
392500 	 0.7235758 
393000 	 0.7034592 
393500 	 0.5824686 
394000 	 0.7606161 
394500 	 0.8056107 
395000 	 0.7500157 
395500 	 0.7810509 
396000 	 0.7832821 
396500 	 0.8071361 
397000 	 0.8095322 
397500 	 0.7074044 
398000 	 0.693934 
398500 	 0.6604385 
399000 	 0.8125074 
399500 	 0.7188741 
400000 	 0.6155286 
400500 	 0.6413062 
401000 	 0.7684226 
401500 	 0.6525619 
402000 	 0.8183476 
402500 	 0.7624567 
403000 	 0.7397782 
403500 	 0.8002761 
404000 	 0.7122387 
404500 	 0.7370712 
405000 	 0.7950095 
405500 	 0.7135104 
406000 	 0.752234 
406500 	 0.7532985 
407000 	 0.8456036 
407500 	 0.7804654 
408000 	 0.7971769 
408500 	 0.6235665 
409000 	 0.801769 
409500 	 0.6805451 
410000 	 0.7382208 
410500 	 0.6378085 
411000 	 0.6776039 
411500 	 0.7051029 
412000 	 0.8260374 
412500 	 0.7004123 
413000 	 0.6929501 
413500 	 0.6930887 
414000 	 0.7965671 
414500 	 0.6676265 
415000 	 0.8388518 
415500 	 0.6636559 
416000 	 0.8393916 
416500 	 0.6018544 
417000 	 0.7544852 
417500 	 0.7029263 
418000 	 0.5353879 
418500 	 0.7176311 
419000 	 0.6588193 
419500 	 0.8525753 
420000 	 0.5450923 
420500 	 0.734148 
421000 	 0.7528209 
421500 	 0.737183 
422000 	 0.8209354 
422500 	 0.7500755 
423000 	 0.5929989 
423500 	 0.709735 
424000 	 0.7755054 
424500 	 0.6987769 
425000 	 0.7428629 
425500 	 0.7451416 
426000 	 0.7466774 
426500 	 0.7562455 
427000 	 0.7318606 
427500 	 0.8438261 
428000 	 0.7700599 
428500 	 0.7352217 
429000 	 0.6563529 
429500 	 0.659957 
430000 	 0.7602676 
430500 	 0.7398825 
431000 	 0.7750165 
431500 	 0.6750466 
432000 	 0.7257602 
432500 	 0.7041082 
433000 	 0.837296 
433500 	 0.7825465 
434000 	 0.7099736 
434500 	 0.766257 
435000 	 0.8410495 
435500 	 0.7563085 
436000 	 0.7055969 
436500 	 0.7722168 
437000 	 0.7862241 
437500 	 0.7417795 
438000 	 0.6712524 
438500 	 0.7089503 
439000 	 0.7391173 
439500 	 0.6969224 
440000 	 0.7913913 
440500 	 0.8087905 
441000 	 0.7113967 
441500 	 0.7189635 
442000 	 0.8086252 
442500 	 0.6776627 
443000 	 0.8232606 
443500 	 0.6990723 
444000 	 0.7163093 
444500 	 0.7245181 
445000 	 0.8059062 
445500 	 0.8042834 
446000 	 0.8249946 
446500 	 0.7115131 
447000 	 0.7084293 
447500 	 0.6875216 
448000 	 0.7826291 
448500 	 0.7633335 
449000 	 0.5972283 
449500 	 0.7441904 
450000 	 0.7771735 
450500 	 0.7166787 
451000 	 0.8355265 
451500 	 0.7428041 
452000 	 0.7168057 
452500 	 0.8257078 
453000 	 0.6891735 
453500 	 0.7609726 
454000 	 0.6936475 
454500 	 0.7402224 
455000 	 0.6461315 
455500 	 0.7459024 
456000 	 0.8417003 
456500 	 0.6414323 
457000 	 0.6917525 
457500 	 0.7310235 
458000 	 0.7360123 
458500 	 0.6917877 
459000 	 0.707765 
459500 	 0.7115713 
460000 	 0.6648028 
460500 	 0.7685722 
461000 	 0.6895487 
461500 	 0.8118377 
462000 	 0.830925 
462500 	 0.7440523 
463000 	 0.7499085 
463500 	 0.7636708 
464000 	 0.6930529 
464500 	 0.6746041 
465000 	 0.8002889 
465500 	 0.8411127 
466000 	 0.7792568 
466500 	 0.8101021 
467000 	 0.7470395 
467500 	 0.7877187 
468000 	 0.6756486 
468500 	 0.7877801 
469000 	 0.691627 
469500 	 0.7656462 
470000 	 0.6257416 
470500 	 0.6532781 
471000 	 0.7227401 
471500 	 0.7507712 
472000 	 0.7623134 
472500 	 0.6760362 
473000 	 0.7818381 
473500 	 0.7832924 
474000 	 0.704782 
474500 	 0.7881073 
475000 	 0.7548184 
475500 	 0.6112657 
476000 	 0.7932583 
476500 	 0.7595585 
477000 	 0.6097324 
477500 	 0.6123259 
478000 	 0.64131 
478500 	 0.6885459 
479000 	 0.7408787 
479500 	 0.733786 
480000 	 0.7301909 
480500 	 0.7063863 
481000 	 0.7094274 
481500 	 0.6889105 
482000 	 0.7671564 
482500 	 0.8104878 
483000 	 0.8135017 
483500 	 0.5844551 
484000 	 0.6082015 
484500 	 0.7851741 
485000 	 0.7808381 
485500 	 0.7761906 
486000 	 0.6581393 
486500 	 0.752519 
487000 	 0.6695122 
487500 	 0.815985 
488000 	 0.6466279 
488500 	 0.7990321 
489000 	 0.7177858 
489500 	 0.6984605 
490000 	 0.7080293 
490500 	 0.7893364 
491000 	 0.7352123 
491500 	 0.6336223 
492000 	 0.7397142 
492500 	 0.7164482 
493000 	 0.8985808 
493500 	 0.638064 
494000 	 0.7868611 
494500 	 0.7096704 
495000 	 0.7893202 
495500 	 0.740252 
496000 	 0.7726094 
496500 	 0.7111027 
497000 	 0.7891437 
497500 	 0.7968715 
498000 	 0.7948947 
498500 	 0.8154032 
499000 	 0.8728619 
499500 	 0.8156858 
500000 	 0.7031167 
