iter 	 p
500 	 0.8441314 
1000 	 0.6991909 
1500 	 0.7537091 
2000 	 0.6637356 
2500 	 0.7149149 
3000 	 0.7847289 
3500 	 0.6297532 
4000 	 0.6000317 
4500 	 0.7590354 
5000 	 0.7926895 
5500 	 0.7570897 
6000 	 0.8316115 
6500 	 0.7173818 
7000 	 0.7685941 
7500 	 0.7510379 
8000 	 0.8279532 
8500 	 0.7171266 
9000 	 0.6854806 
9500 	 0.735863 
10000 	 0.6642724 
10500 	 0.831794 
11000 	 0.7418887 
11500 	 0.5646962 
12000 	 0.7312713 
12500 	 0.7333738 
13000 	 0.7829696 
13500 	 0.768065 
14000 	 0.8478522 
14500 	 0.7929088 
15000 	 0.8149929 
15500 	 0.7471268 
16000 	 0.8327814 
16500 	 0.7787072 
17000 	 0.7412668 
17500 	 0.8079279 
18000 	 0.8124949 
18500 	 0.8117631 
19000 	 0.7388678 
19500 	 0.8244052 
20000 	 0.7186551 
20500 	 0.8112051 
21000 	 0.6435105 
21500 	 0.8036255 
22000 	 0.8016293 
22500 	 0.6947149 
23000 	 0.7803342 
23500 	 0.8093237 
24000 	 0.7054466 
24500 	 0.6873234 
25000 	 0.6226471 
25500 	 0.7292999 
26000 	 0.7949485 
26500 	 0.78343 
27000 	 0.7937004 
27500 	 0.6963808 
28000 	 0.696853 
28500 	 0.8213487 
29000 	 0.6770825 
29500 	 0.7019551 
30000 	 0.8486189 
30500 	 0.7577799 
31000 	 0.7668905 
31500 	 0.8551321 
32000 	 0.8491648 
32500 	 0.8068082 
33000 	 0.6739536 
33500 	 0.8120339 
34000 	 0.693287 
34500 	 0.7860988 
35000 	 0.8455778 
35500 	 0.8096958 
36000 	 0.7862004 
36500 	 0.7326758 
37000 	 0.5991244 
37500 	 0.8352521 
38000 	 0.7371225 
38500 	 0.7019283 
39000 	 0.8012169 
39500 	 0.7936515 
40000 	 0.6934427 
40500 	 0.6661638 
41000 	 0.6993878 
41500 	 0.8540709 
42000 	 0.7663903 
42500 	 0.8319844 
43000 	 0.7849082 
43500 	 0.7315148 
44000 	 0.6833178 
44500 	 0.8556182 
45000 	 0.6698835 
45500 	 0.5961205 
46000 	 0.9058864 
46500 	 0.679396 
47000 	 0.8559264 
47500 	 0.7579804 
48000 	 0.7213608 
48500 	 0.8050829 
49000 	 0.7319632 
49500 	 0.7202272 
50000 	 0.7677612 
50500 	 0.7551164 
51000 	 0.7239678 
51500 	 0.8196023 
52000 	 0.8839873 
52500 	 0.8137505 
53000 	 0.7184808 
53500 	 0.807563 
54000 	 0.8382573 
54500 	 0.8479465 
55000 	 0.6744416 
55500 	 0.7403066 
56000 	 0.685547 
56500 	 0.7047347 
57000 	 0.6779083 
57500 	 0.8001479 
58000 	 0.6735749 
58500 	 0.8322958 
59000 	 0.6549515 
59500 	 0.672546 
60000 	 0.8239327 
60500 	 0.5591463 
61000 	 0.8301924 
61500 	 0.8056417 
62000 	 0.8257629 
62500 	 0.8961542 
63000 	 0.7636878 
63500 	 0.6516873 
64000 	 0.7759057 
64500 	 0.7585718 
65000 	 0.7292754 
65500 	 0.7765252 
66000 	 0.820521 
66500 	 0.8835861 
67000 	 0.8226609 
67500 	 0.8062013 
68000 	 0.7002276 
68500 	 0.7802353 
69000 	 0.6277596 
69500 	 0.6154077 
70000 	 0.7905623 
70500 	 0.7881854 
71000 	 0.7424845 
71500 	 0.8311562 
72000 	 0.7817725 
72500 	 0.7886701 
73000 	 0.8587588 
73500 	 0.8065104 
74000 	 0.7589643 
74500 	 0.7636745 
75000 	 0.7147958 
75500 	 0.7674288 
76000 	 0.6638536 
76500 	 0.6546752 
77000 	 0.7542144 
77500 	 0.7585892 
78000 	 0.8673027 
78500 	 0.7342104 
79000 	 0.6950013 
79500 	 0.7836127 
80000 	 0.6984075 
80500 	 0.7568994 
81000 	 0.7442367 
81500 	 0.6948271 
82000 	 0.8900817 
82500 	 0.7449973 
83000 	 0.8088171 
83500 	 0.7927308 
84000 	 0.5468044 
84500 	 0.7647057 
85000 	 0.7945293 
85500 	 0.696499 
86000 	 0.7352118 
86500 	 0.7916545 
87000 	 0.7235102 
87500 	 0.7866759 
88000 	 0.7972231 
88500 	 0.7734204 
89000 	 0.766465 
89500 	 0.8367614 
90000 	 0.8573598 
90500 	 0.6634993 
91000 	 0.7060044 
91500 	 0.7434496 
92000 	 0.7300374 
92500 	 0.7571681 
93000 	 0.7522908 
93500 	 0.7890582 
94000 	 0.7807454 
94500 	 0.7539635 
95000 	 0.7256987 
95500 	 0.6833676 
96000 	 0.6954406 
96500 	 0.7175097 
97000 	 0.7561975 
97500 	 0.7573449 
98000 	 0.701657 
98500 	 0.7372377 
99000 	 0.6284212 
99500 	 0.7438868 
100000 	 0.7264388 
100500 	 0.8964346 
101000 	 0.7591077 
101500 	 0.7897086 
102000 	 0.8186022 
102500 	 0.7476385 
103000 	 0.7454829 
103500 	 0.7762512 
104000 	 0.7619393 
104500 	 0.5267339 
105000 	 0.7515119 
105500 	 0.8211669 
106000 	 0.6361115 
106500 	 0.8007675 
107000 	 0.7405012 
107500 	 0.7335948 
108000 	 0.661766 
108500 	 0.6695045 
109000 	 0.7452156 
109500 	 0.864998 
110000 	 0.7204036 
110500 	 0.7054085 
111000 	 0.7719708 
111500 	 0.7313237 
112000 	 0.7268108 
112500 	 0.7210747 
113000 	 0.8719373 
113500 	 0.6910702 
114000 	 0.7976235 
114500 	 0.679449 
115000 	 0.7238249 
115500 	 0.8238736 
116000 	 0.6890844 
116500 	 0.6666618 
117000 	 0.762946 
117500 	 0.6589406 
118000 	 0.7975817 
118500 	 0.7445006 
119000 	 0.7519242 
119500 	 0.7931963 
120000 	 0.7627173 
120500 	 0.7341352 
121000 	 0.7262612 
121500 	 0.6746727 
122000 	 0.7643921 
122500 	 0.8110343 
123000 	 0.8671798 
123500 	 0.8054361 
124000 	 0.7381521 
124500 	 0.7517232 
125000 	 0.7164277 
125500 	 0.8277173 
126000 	 0.7970296 
126500 	 0.6595287 
127000 	 0.8122305 
127500 	 0.7535084 
128000 	 0.7314142 
128500 	 0.7432986 
129000 	 0.7982968 
129500 	 0.74897 
130000 	 0.767478 
130500 	 0.6913866 
131000 	 0.7200381 
131500 	 0.7903825 
132000 	 0.8966104 
132500 	 0.8133048 
133000 	 0.8015911 
133500 	 0.7796208 
134000 	 0.7157879 
134500 	 0.650229 
135000 	 0.769285 
135500 	 0.8697761 
136000 	 0.8026073 
136500 	 0.7880598 
137000 	 0.7628722 
137500 	 0.8736024 
138000 	 0.8419461 
138500 	 0.6811177 
139000 	 0.538915 
139500 	 0.7507303 
140000 	 0.6821617 
140500 	 0.8771404 
141000 	 0.6680365 
141500 	 0.6552884 
142000 	 0.8310489 
142500 	 0.7553402 
143000 	 0.710073 
143500 	 0.7504782 
144000 	 0.7068386 
144500 	 0.8693168 
145000 	 0.6651377 
145500 	 0.8091647 
146000 	 0.8378194 
146500 	 0.6874259 
147000 	 0.6416464 
147500 	 0.7621045 
148000 	 0.630658 
148500 	 0.8589947 
149000 	 0.7637939 
149500 	 0.5595312 
150000 	 0.7943134 
150500 	 0.8438578 
151000 	 0.7163258 
151500 	 0.6794498 
152000 	 0.791613 
152500 	 0.7788619 
153000 	 0.6644643 
153500 	 0.7435988 
154000 	 0.7951724 
154500 	 0.7609396 
155000 	 0.7645494 
155500 	 0.7336264 
156000 	 0.5390335 
156500 	 0.7740536 
157000 	 0.6845217 
157500 	 0.7889084 
158000 	 0.7830051 
158500 	 0.7399042 
159000 	 0.7331686 
159500 	 0.8227907 
160000 	 0.8191732 
160500 	 0.7975091 
161000 	 0.7942009 
161500 	 0.7710811 
162000 	 0.6767765 
162500 	 0.8448872 
163000 	 0.7671764 
163500 	 0.8284061 
164000 	 0.7464344 
164500 	 0.6700415 
165000 	 0.8329861 
165500 	 0.7323275 
166000 	 0.8953635 
166500 	 0.8195794 
167000 	 0.7409629 
167500 	 0.8198327 
168000 	 0.8254688 
168500 	 0.7924836 
169000 	 0.7892871 
169500 	 0.7550118 
170000 	 0.693276 
170500 	 0.7716642 
171000 	 0.6157524 
171500 	 0.6330918 
172000 	 0.7260192 
172500 	 0.6833615 
173000 	 0.744833 
173500 	 0.7652306 
174000 	 0.7726252 
174500 	 0.7411419 
175000 	 0.6013372 
175500 	 0.6511066 
176000 	 0.6464878 
176500 	 0.7479033 
177000 	 0.7800242 
177500 	 0.7302382 
178000 	 0.8530141 
178500 	 0.6726777 
179000 	 0.6307881 
179500 	 0.8019808 
180000 	 0.7353095 
180500 	 0.7767575 
181000 	 0.6608789 
181500 	 0.8032808 
182000 	 0.8444617 
182500 	 0.8188101 
183000 	 0.7344256 
183500 	 0.772671 
184000 	 0.7662543 
184500 	 0.7666145 
185000 	 0.5277415 
185500 	 0.7396575 
186000 	 0.7494871 
186500 	 0.7163433 
187000 	 0.8152513 
187500 	 0.7373842 
188000 	 0.6236594 
188500 	 0.6980239 
189000 	 0.6170564 
189500 	 0.5883868 
190000 	 0.638734 
190500 	 0.7566783 
191000 	 0.7780347 
191500 	 0.649596 
192000 	 0.7415177 
192500 	 0.6821982 
193000 	 0.7858875 
193500 	 0.7362281 
194000 	 0.7759152 
194500 	 0.6645901 
195000 	 0.7556951 
195500 	 0.7336389 
196000 	 0.721165 
196500 	 0.7158439 
197000 	 0.6780025 
197500 	 0.9468237 
198000 	 0.6452647 
198500 	 0.6659544 
199000 	 0.7749955 
199500 	 0.7078511 
200000 	 0.8405389 
200500 	 0.7142471 
201000 	 0.8008409 
201500 	 0.7223317 
202000 	 0.7361734 
202500 	 0.7793803 
203000 	 0.7439228 
203500 	 0.8074702 
204000 	 0.7682212 
204500 	 0.6574625 
205000 	 0.8587684 
205500 	 0.6266502 
206000 	 0.762226 
206500 	 0.6573256 
207000 	 0.6232704 
207500 	 0.756226 
208000 	 0.7187177 
208500 	 0.7423431 
209000 	 0.7184574 
209500 	 0.8322185 
210000 	 0.765341 
210500 	 0.7689775 
211000 	 0.7949533 
211500 	 0.7755668 
212000 	 0.6598955 
212500 	 0.8588098 
213000 	 0.7326156 
213500 	 0.8459964 
214000 	 0.7848585 
214500 	 0.8404027 
215000 	 0.7691807 
215500 	 0.6666988 
216000 	 0.7582756 
216500 	 0.7651993 
217000 	 0.817631 
217500 	 0.719615 
218000 	 0.7652489 
218500 	 0.7251076 
219000 	 0.7216752 
219500 	 0.7715319 
220000 	 0.6757034 
220500 	 0.7551818 
221000 	 0.828599 
221500 	 0.7944628 
222000 	 0.7713927 
222500 	 0.7952358 
223000 	 0.7180958 
223500 	 0.7913788 
224000 	 0.6881896 
224500 	 0.7134049 
225000 	 0.7507187 
225500 	 0.8192117 
226000 	 0.737644 
226500 	 0.880235 
227000 	 0.7768572 
227500 	 0.8485838 
228000 	 0.7277096 
228500 	 0.7517062 
229000 	 0.6977976 
229500 	 0.6893886 
230000 	 0.7174062 
230500 	 0.8635953 
231000 	 0.7436039 
231500 	 0.718178 
232000 	 0.6621674 
232500 	 0.8168336 
233000 	 0.7675417 
233500 	 0.7407879 
234000 	 0.8450817 
234500 	 0.7744666 
235000 	 0.7508518 
235500 	 0.8966626 
236000 	 0.6642479 
236500 	 0.7537002 
237000 	 0.850702 
237500 	 0.7035103 
238000 	 0.8240346 
238500 	 0.7056882 
239000 	 0.6719293 
239500 	 0.719352 
240000 	 0.7590672 
240500 	 0.7677867 
241000 	 0.6683487 
241500 	 0.7042668 
242000 	 0.671539 
242500 	 0.7489935 
243000 	 0.6316235 
243500 	 0.6454797 
244000 	 0.8106939 
244500 	 0.7932864 
245000 	 0.8045649 
245500 	 0.7025354 
246000 	 0.7260202 
246500 	 0.769924 
247000 	 0.6309626 
247500 	 0.8682231 
248000 	 0.5654168 
248500 	 0.710207 
249000 	 0.7907698 
249500 	 0.8492319 
250000 	 0.7945181 
250500 	 0.8389823 
251000 	 0.8674693 
251500 	 0.815 
252000 	 0.8188083 
252500 	 0.7045561 
253000 	 0.8105961 
253500 	 0.7006224 
254000 	 0.73703 
254500 	 0.7952993 
255000 	 0.7207765 
255500 	 0.7419557 
256000 	 0.7600951 
256500 	 0.9081255 
257000 	 0.7361983 
257500 	 0.8628958 
258000 	 0.7597334 
258500 	 0.8254358 
259000 	 0.6349645 
259500 	 0.7263496 
260000 	 0.7002593 
260500 	 0.8748932 
261000 	 0.7470144 
261500 	 0.6979724 
262000 	 0.7465872 
262500 	 0.8102476 
263000 	 0.7281721 
263500 	 0.7043976 
264000 	 0.8027776 
264500 	 0.6954627 
265000 	 0.7942324 
265500 	 0.6364245 
266000 	 0.8067631 
266500 	 0.8949229 
267000 	 0.7247268 
267500 	 0.7533835 
268000 	 0.6781087 
268500 	 0.7713574 
269000 	 0.7412175 
269500 	 0.7429859 
270000 	 0.8149731 
270500 	 0.7254365 
271000 	 0.6028185 
271500 	 0.8443529 
272000 	 0.7869062 
272500 	 0.7955755 
273000 	 0.7800607 
273500 	 0.8068649 
274000 	 0.8698041 
274500 	 0.7436408 
275000 	 0.692052 
275500 	 0.605371 
276000 	 0.7952127 
276500 	 0.6782388 
277000 	 0.8390929 
277500 	 0.7988518 
278000 	 0.6304193 
278500 	 0.6655634 
279000 	 0.6932159 
279500 	 0.7929325 
280000 	 0.7557067 
280500 	 0.7266617 
281000 	 0.7380505 
281500 	 0.8347894 
282000 	 0.7530552 
282500 	 0.8619039 
283000 	 0.6962829 
283500 	 0.7681957 
284000 	 0.6395356 
284500 	 0.824325 
285000 	 0.6962557 
285500 	 0.6601904 
286000 	 0.6861767 
286500 	 0.722712 
287000 	 0.7269225 
287500 	 0.9299265 
288000 	 0.8423309 
288500 	 0.9101581 
289000 	 0.8295877 
289500 	 0.7987667 
290000 	 0.86223 
290500 	 0.6935706 
291000 	 0.7004469 
291500 	 0.7719767 
292000 	 0.8212402 
292500 	 0.8162721 
293000 	 0.7734601 
293500 	 0.7623849 
294000 	 0.8191071 
294500 	 0.6648402 
295000 	 0.7164057 
295500 	 0.7287691 
296000 	 0.8311432 
296500 	 0.7285605 
297000 	 0.6576461 
297500 	 0.7175236 
298000 	 0.8418304 
298500 	 0.7636037 
299000 	 0.8603988 
299500 	 0.7284935 
300000 	 0.701725 
300500 	 0.65466 
301000 	 0.788989 
301500 	 0.6993124 
302000 	 0.7433371 
302500 	 0.6289015 
303000 	 0.7908629 
303500 	 0.8022536 
304000 	 0.621456 
304500 	 0.7113746 
305000 	 0.7759054 
305500 	 0.8153704 
306000 	 0.8217048 
306500 	 0.7287969 
307000 	 0.8289932 
307500 	 0.6545988 
308000 	 0.5822162 
308500 	 0.711902 
309000 	 0.7529102 
309500 	 0.7027658 
310000 	 0.8088439 
310500 	 0.8451924 
311000 	 0.728527 
311500 	 0.7608788 
312000 	 0.7926104 
312500 	 0.7920892 
313000 	 0.8995732 
313500 	 0.7208728 
314000 	 0.7594792 
314500 	 0.7635979 
315000 	 0.7939931 
315500 	 0.6826437 
316000 	 0.8219679 
316500 	 0.762379 
317000 	 0.6967303 
317500 	 0.673436 
318000 	 0.7595944 
318500 	 0.6491579 
319000 	 0.7769832 
319500 	 0.5854315 
320000 	 0.7834605 
320500 	 0.7471165 
321000 	 0.6785744 
321500 	 0.6891545 
322000 	 0.8371587 
322500 	 0.6882873 
323000 	 0.6563887 
323500 	 0.6255673 
324000 	 0.8218689 
324500 	 0.8171072 
325000 	 0.7281421 
325500 	 0.6939473 
326000 	 0.7536419 
326500 	 0.8001298 
327000 	 0.8389624 
327500 	 0.7417288 
328000 	 0.7895231 
328500 	 0.7549049 
329000 	 0.8414418 
329500 	 0.7967197 
330000 	 0.6279114 
330500 	 0.8867372 
331000 	 0.7129465 
331500 	 0.8653016 
332000 	 0.7544794 
332500 	 0.7012655 
333000 	 0.7150475 
333500 	 0.7538671 
334000 	 0.7725031 
334500 	 0.7975117 
335000 	 0.8171662 
335500 	 0.7822515 
336000 	 0.8198352 
336500 	 0.7899856 
337000 	 0.6635237 
337500 	 0.815099 
338000 	 0.7372564 
338500 	 0.8404484 
339000 	 0.871718 
339500 	 0.7526373 
340000 	 0.7283148 
340500 	 0.8099794 
341000 	 0.7418467 
341500 	 0.730017 
342000 	 0.7974192 
342500 	 0.7398083 
343000 	 0.8153963 
343500 	 0.8170178 
344000 	 0.7047794 
344500 	 0.6204858 
345000 	 0.7915996 
345500 	 0.7990808 
346000 	 0.7740644 
346500 	 0.8121809 
347000 	 0.7285995 
347500 	 0.6817831 
348000 	 0.7199963 
348500 	 0.9098549 
349000 	 0.75772 
349500 	 0.7127281 
350000 	 0.7166018 
350500 	 0.8362984 
351000 	 0.855592 
351500 	 0.640365 
352000 	 0.6845032 
352500 	 0.8756296 
353000 	 0.8960755 
353500 	 0.7339166 
354000 	 0.7950545 
354500 	 0.7669394 
355000 	 0.7527629 
355500 	 0.7029699 
356000 	 0.7494926 
356500 	 0.9112531 
357000 	 0.7886561 
357500 	 0.7759596 
358000 	 0.6851433 
358500 	 0.7788975 
359000 	 0.7108127 
359500 	 0.7142463 
360000 	 0.8227823 
360500 	 0.7339568 
361000 	 0.8267561 
361500 	 0.7730357 
362000 	 0.7219179 
362500 	 0.862433 
363000 	 0.8589572 
363500 	 0.776704 
364000 	 0.7412925 
364500 	 0.7520468 
365000 	 0.7723856 
365500 	 0.7323902 
366000 	 0.7306683 
366500 	 0.7288705 
367000 	 0.7312189 
367500 	 0.7815483 
368000 	 0.7643646 
368500 	 0.7894186 
369000 	 0.7937478 
369500 	 0.6947612 
370000 	 0.7471007 
370500 	 0.7311532 
371000 	 0.798076 
371500 	 0.821508 
372000 	 0.6608148 
372500 	 0.8512623 
373000 	 0.7741549 
373500 	 0.7121103 
374000 	 0.7659157 
374500 	 0.7400634 
375000 	 0.8021015 
375500 	 0.9123578 
376000 	 0.6907533 
376500 	 0.5906407 
377000 	 0.7828417 
377500 	 0.7590085 
378000 	 0.8477713 
378500 	 0.7679771 
379000 	 0.7068565 
379500 	 0.7659962 
380000 	 0.7221651 
380500 	 0.5987112 
381000 	 0.788397 
381500 	 0.800434 
382000 	 0.7679166 
382500 	 0.7276807 
383000 	 0.6724262 
383500 	 0.7254199 
384000 	 0.6324759 
384500 	 0.7447824 
385000 	 0.7740816 
385500 	 0.6856052 
386000 	 0.6755932 
386500 	 0.662954 
387000 	 0.6916722 
387500 	 0.8321454 
388000 	 0.7976585 
388500 	 0.741178 
389000 	 0.7267552 
389500 	 0.6872603 
390000 	 0.8128462 
390500 	 0.703808 
391000 	 0.7935773 
391500 	 0.7309876 
392000 	 0.7827111 
392500 	 0.8072228 
393000 	 0.7999322 
393500 	 0.7588349 
394000 	 0.7930135 
394500 	 0.8232393 
395000 	 0.8109809 
395500 	 0.7832655 
396000 	 0.754852 
396500 	 0.9033029 
397000 	 0.7137355 
397500 	 0.8176165 
398000 	 0.7218111 
398500 	 0.7981428 
399000 	 0.8161092 
399500 	 0.8937065 
400000 	 0.8373021 
400500 	 0.7982804 
401000 	 0.6774144 
401500 	 0.7847255 
402000 	 0.6890995 
402500 	 0.823575 
403000 	 0.9267847 
403500 	 0.7751182 
404000 	 0.8410188 
404500 	 0.6353959 
405000 	 0.5795518 
405500 	 0.8853202 
406000 	 0.766988 
406500 	 0.8320598 
407000 	 0.688442 
407500 	 0.6378094 
408000 	 0.7149361 
408500 	 0.7834591 
409000 	 0.7072103 
409500 	 0.8577432 
410000 	 0.8811671 
410500 	 0.6795991 
411000 	 0.772588 
411500 	 0.6609347 
412000 	 0.6855999 
412500 	 0.7312193 
413000 	 0.7879959 
413500 	 0.7213878 
414000 	 0.8716768 
414500 	 0.6060166 
415000 	 0.6393154 
415500 	 0.7866482 
416000 	 0.8541988 
416500 	 0.7867119 
417000 	 0.8681917 
417500 	 0.68556 
418000 	 0.7045062 
418500 	 0.7896938 
419000 	 0.7690001 
419500 	 0.7653417 
420000 	 0.8002945 
420500 	 0.7354576 
421000 	 0.7585902 
421500 	 0.6754258 
422000 	 0.5598575 
422500 	 0.8326088 
423000 	 0.7225993 
423500 	 0.7055091 
424000 	 0.7681854 
424500 	 0.7534728 
425000 	 0.6405215 
425500 	 0.709234 
426000 	 0.6995069 
426500 	 0.5779064 
427000 	 0.8306604 
427500 	 0.8093009 
428000 	 0.7565436 
428500 	 0.6861718 
429000 	 0.6572742 
429500 	 0.8102599 
430000 	 0.6838827 
430500 	 0.6683328 
431000 	 0.6568294 
431500 	 0.7503938 
432000 	 0.7234931 
432500 	 0.8144275 
433000 	 0.6950959 
433500 	 0.7953291 
434000 	 0.8231188 
434500 	 0.8497501 
435000 	 0.6249948 
435500 	 0.81134 
436000 	 0.5810421 
436500 	 0.6678721 
437000 	 0.6228922 
437500 	 0.7352348 
438000 	 0.7982275 
438500 	 0.7224052 
439000 	 0.7692071 
439500 	 0.7941804 
440000 	 0.7414354 
440500 	 0.7132915 
441000 	 0.878811 
441500 	 0.8118559 
442000 	 0.6766298 
442500 	 0.8393331 
443000 	 0.8211225 
443500 	 0.7578035 
444000 	 0.7092042 
444500 	 0.6175333 
445000 	 0.6848869 
445500 	 0.8083901 
446000 	 0.7588728 
446500 	 0.7334958 
447000 	 0.6709231 
447500 	 0.6641717 
448000 	 0.6300821 
448500 	 0.6315162 
449000 	 0.7471196 
449500 	 0.8245024 
450000 	 0.8436413 
450500 	 0.7635816 
451000 	 0.7882135 
451500 	 0.6476158 
452000 	 0.7293897 
452500 	 0.7670699 
453000 	 0.9008261 
453500 	 0.7681565 
454000 	 0.7593646 
454500 	 0.7421881 
455000 	 0.7809325 
455500 	 0.8320383 
456000 	 0.7952498 
456500 	 0.8104285 
457000 	 0.7020468 
457500 	 0.7610718 
458000 	 0.7751074 
458500 	 0.7990754 
459000 	 0.8505593 
459500 	 0.8161181 
460000 	 0.7562958 
460500 	 0.7640882 
461000 	 0.7664888 
461500 	 0.668701 
462000 	 0.7744924 
462500 	 0.8623204 
463000 	 0.7020855 
463500 	 0.6969184 
464000 	 0.644139 
464500 	 0.830503 
465000 	 0.759957 
465500 	 0.7981121 
466000 	 0.8083329 
466500 	 0.7016332 
467000 	 0.8213707 
467500 	 0.7437968 
468000 	 0.6676745 
468500 	 0.655268 
469000 	 0.795063 
469500 	 0.8578471 
470000 	 0.7396367 
470500 	 0.8062036 
471000 	 0.7499164 
471500 	 0.8444318 
472000 	 0.8636914 
472500 	 0.8755867 
473000 	 0.7679051 
473500 	 0.6981399 
474000 	 0.8877424 
474500 	 0.7251718 
475000 	 0.8280344 
475500 	 0.7214956 
476000 	 0.7157448 
476500 	 0.7084661 
477000 	 0.7924381 
477500 	 0.7798209 
478000 	 0.6729679 
478500 	 0.6946295 
479000 	 0.7117328 
479500 	 0.7200217 
480000 	 0.8550737 
480500 	 0.7578446 
481000 	 0.7706144 
481500 	 0.6967788 
482000 	 0.8006667 
482500 	 0.8601414 
483000 	 0.649758 
483500 	 0.6167764 
484000 	 0.6437672 
484500 	 0.6562788 
485000 	 0.6956692 
485500 	 0.8348445 
486000 	 0.5756138 
486500 	 0.7565392 
487000 	 0.8206445 
487500 	 0.7505805 
488000 	 0.8650383 
488500 	 0.7758178 
489000 	 0.7615136 
489500 	 0.7265338 
490000 	 0.7793004 
490500 	 0.789732 
491000 	 0.876377 
491500 	 0.8874445 
492000 	 0.8478319 
492500 	 0.7686106 
493000 	 0.7354203 
493500 	 0.662598 
494000 	 0.8234264 
494500 	 0.54562 
495000 	 0.8455969 
495500 	 0.8238883 
496000 	 0.8378484 
496500 	 0.7648939 
497000 	 0.8108204 
497500 	 0.7925911 
498000 	 0.7202785 
498500 	 0.6994332 
499000 	 0.8214846 
499500 	 0.6784359 
500000 	 0.7687412 
