iter 	 p
500 	 0.9006166 
1000 	 0.8692168 
1500 	 0.7051347 
2000 	 0.7767376 
2500 	 0.8049328 
3000 	 0.8570553 
3500 	 0.7530606 
4000 	 0.771743 
4500 	 0.7714692 
5000 	 0.8510876 
5500 	 0.7605386 
6000 	 0.8932091 
6500 	 0.830082 
7000 	 0.8676197 
7500 	 0.7151233 
8000 	 0.817301 
8500 	 0.8259894 
9000 	 0.7512214 
9500 	 0.82061 
10000 	 0.8109894 
10500 	 0.7578683 
11000 	 0.8265747 
11500 	 0.7328809 
12000 	 0.6715698 
12500 	 0.8591687 
13000 	 0.7728184 
13500 	 0.7498037 
14000 	 0.7368635 
14500 	 0.9022707 
15000 	 0.8374161 
15500 	 0.7462791 
16000 	 0.7689343 
16500 	 0.8231295 
17000 	 0.8376062 
17500 	 0.8393595 
18000 	 0.7682797 
18500 	 0.8325118 
19000 	 0.7666009 
19500 	 0.7405307 
20000 	 0.7622466 
20500 	 0.760796 
21000 	 0.7398143 
21500 	 0.8711569 
22000 	 0.7874049 
22500 	 0.7284088 
23000 	 0.7974557 
23500 	 0.771846 
24000 	 0.8423122 
24500 	 0.8378164 
25000 	 0.7697904 
25500 	 0.7805711 
26000 	 0.7566075 
26500 	 0.7516809 
27000 	 0.7489877 
27500 	 0.8264207 
28000 	 0.7331109 
28500 	 0.8806907 
29000 	 0.7934696 
29500 	 0.75738 
30000 	 0.7770677 
30500 	 0.873279 
31000 	 0.7275793 
31500 	 0.8274051 
32000 	 0.7896619 
32500 	 0.7895282 
33000 	 0.6946581 
33500 	 0.6731736 
34000 	 0.7806253 
34500 	 0.8791566 
35000 	 0.8208006 
35500 	 0.7633202 
36000 	 0.6928724 
36500 	 0.8207928 
37000 	 0.8375817 
37500 	 0.7871669 
38000 	 0.8058277 
38500 	 0.8531432 
39000 	 0.752359 
39500 	 0.7281871 
40000 	 0.7323539 
40500 	 0.7934051 
41000 	 0.7662809 
41500 	 0.7900875 
42000 	 0.7693641 
42500 	 0.7281325 
43000 	 0.7980382 
43500 	 0.8144537 
44000 	 0.7510849 
44500 	 0.8177945 
45000 	 0.812607 
45500 	 0.7797094 
46000 	 0.8602933 
46500 	 0.7897743 
47000 	 0.8390953 
47500 	 0.7623577 
48000 	 0.7593562 
48500 	 0.8852809 
49000 	 0.8205846 
49500 	 0.7873498 
50000 	 0.6708843 
50500 	 0.7500355 
51000 	 0.8840419 
51500 	 0.7496816 
52000 	 0.7482928 
52500 	 0.7019809 
53000 	 0.6949028 
53500 	 0.7405427 
54000 	 0.7472664 
54500 	 0.8878009 
55000 	 0.7430818 
55500 	 0.834273 
56000 	 0.7455594 
56500 	 0.7561475 
57000 	 0.7574461 
57500 	 0.7519564 
58000 	 0.8735444 
58500 	 0.8964216 
59000 	 0.8346104 
59500 	 0.8979203 
60000 	 0.7507384 
60500 	 0.7512559 
61000 	 0.8623354 
61500 	 0.7938512 
62000 	 0.7100209 
62500 	 0.8502208 
63000 	 0.8354149 
63500 	 0.8898664 
64000 	 0.7656932 
64500 	 0.8743836 
65000 	 0.7528804 
65500 	 0.6634479 
66000 	 0.7550205 
66500 	 0.7958014 
67000 	 0.7572985 
67500 	 0.81237 
68000 	 0.7577233 
68500 	 0.7538416 
69000 	 0.7868845 
69500 	 0.6270578 
70000 	 0.6898896 
70500 	 0.6553885 
71000 	 0.8852277 
71500 	 0.8046859 
72000 	 0.7381374 
72500 	 0.874423 
73000 	 0.8697599 
73500 	 0.8199752 
74000 	 0.7998501 
74500 	 0.8468638 
75000 	 0.7254696 
75500 	 0.8275825 
76000 	 0.7443045 
76500 	 0.8018718 
77000 	 0.7549796 
77500 	 0.8460623 
78000 	 0.8077079 
78500 	 0.7863543 
79000 	 0.8005757 
79500 	 0.6989836 
80000 	 0.7212532 
80500 	 0.7289643 
81000 	 0.8619151 
81500 	 0.802628 
82000 	 0.8547722 
82500 	 0.7876157 
83000 	 0.742385 
83500 	 0.837218 
84000 	 0.7724269 
84500 	 0.7195275 
85000 	 0.7948531 
85500 	 0.8657977 
86000 	 0.7735471 
86500 	 0.8022444 
87000 	 0.8627658 
87500 	 0.7661816 
88000 	 0.7826114 
88500 	 0.7434841 
89000 	 0.7251112 
89500 	 0.7917903 
90000 	 0.766385 
90500 	 0.8252794 
91000 	 0.8513805 
91500 	 0.7995538 
92000 	 0.8150411 
92500 	 0.6267116 
93000 	 0.8744955 
93500 	 0.8029492 
94000 	 0.7995748 
94500 	 0.737093 
95000 	 0.8374325 
95500 	 0.7359202 
96000 	 0.8031443 
96500 	 0.7863073 
97000 	 0.7159794 
97500 	 0.8478025 
98000 	 0.7325717 
98500 	 0.8250287 
99000 	 0.9025752 
99500 	 0.8071534 
100000 	 0.7865362 
100500 	 0.7383489 
101000 	 0.7117505 
101500 	 0.8487252 
102000 	 0.7905176 
102500 	 0.8430131 
103000 	 0.8276405 
103500 	 0.7769329 
104000 	 0.8078134 
104500 	 0.8028118 
105000 	 0.796122 
105500 	 0.7630676 
106000 	 0.8336345 
106500 	 0.7314382 
107000 	 0.8332631 
107500 	 0.8077867 
108000 	 0.7190994 
108500 	 0.8699989 
109000 	 0.783914 
109500 	 0.6600622 
110000 	 0.7774338 
110500 	 0.7469913 
111000 	 0.6668783 
111500 	 0.7911252 
112000 	 0.8675254 
112500 	 0.7878679 
113000 	 0.6785019 
113500 	 0.84393 
114000 	 0.7985221 
114500 	 0.8275489 
115000 	 0.7471236 
115500 	 0.7665467 
116000 	 0.7074373 
116500 	 0.7986748 
117000 	 0.7942266 
117500 	 0.684584 
118000 	 0.7894345 
118500 	 0.7045638 
119000 	 0.8517244 
119500 	 0.5997541 
120000 	 0.7973137 
120500 	 0.8199218 
121000 	 0.8527638 
121500 	 0.8166686 
122000 	 0.90308 
122500 	 0.7951867 
123000 	 0.7931206 
123500 	 0.705869 
124000 	 0.8383197 
124500 	 0.875614 
125000 	 0.8583506 
125500 	 0.7099202 
126000 	 0.7953993 
126500 	 0.8459899 
127000 	 0.8021769 
127500 	 0.8031637 
128000 	 0.7983474 
128500 	 0.8195743 
129000 	 0.8402295 
129500 	 0.8338624 
130000 	 0.7854177 
130500 	 0.8027274 
131000 	 0.8281308 
131500 	 0.8688149 
132000 	 0.7947489 
132500 	 0.8813626 
133000 	 0.7558014 
133500 	 0.6896573 
134000 	 0.8483133 
134500 	 0.697352 
135000 	 0.8094278 
135500 	 0.7239945 
136000 	 0.8615349 
136500 	 0.8888983 
137000 	 0.7932866 
137500 	 0.8446446 
138000 	 0.7192419 
138500 	 0.7755297 
139000 	 0.6540449 
139500 	 0.804791 
140000 	 0.7871567 
140500 	 0.8225058 
141000 	 0.8294057 
141500 	 0.8460903 
142000 	 0.7405023 
142500 	 0.8097397 
143000 	 0.7174245 
143500 	 0.7059693 
144000 	 0.7356496 
144500 	 0.7857552 
145000 	 0.8290194 
145500 	 0.8120893 
146000 	 0.7148471 
146500 	 0.8496164 
147000 	 0.7887963 
147500 	 0.8055554 
148000 	 0.7819245 
148500 	 0.8907245 
149000 	 0.897949 
149500 	 0.8387892 
150000 	 0.7703771 
150500 	 0.8441967 
151000 	 0.8283074 
151500 	 0.8870756 
152000 	 0.8479843 
152500 	 0.8199247 
153000 	 0.8348893 
153500 	 0.8620177 
154000 	 0.8217489 
154500 	 0.7470491 
155000 	 0.8566508 
155500 	 0.7805652 
156000 	 0.8561562 
156500 	 0.8925589 
157000 	 0.8629663 
157500 	 0.7764395 
158000 	 0.6878505 
158500 	 0.7976391 
159000 	 0.8335674 
159500 	 0.7079712 
160000 	 0.8387104 
160500 	 0.7790927 
161000 	 0.823326 
161500 	 0.885865 
162000 	 0.7477711 
162500 	 0.7302533 
163000 	 0.7869262 
163500 	 0.8664228 
164000 	 0.8481191 
164500 	 0.7632903 
165000 	 0.7223167 
165500 	 0.7962046 
166000 	 0.8144014 
166500 	 0.6951536 
167000 	 0.7474256 
167500 	 0.7806271 
168000 	 0.8443739 
168500 	 0.8507655 
169000 	 0.7163057 
169500 	 0.8034051 
170000 	 0.8311688 
170500 	 0.805961 
171000 	 0.8676384 
171500 	 0.7375142 
172000 	 0.7794424 
172500 	 0.8613359 
173000 	 0.8684975 
173500 	 0.8138297 
174000 	 0.8702956 
174500 	 0.8891659 
175000 	 0.8602069 
175500 	 0.8403548 
176000 	 0.7181481 
176500 	 0.8584484 
177000 	 0.7604747 
177500 	 0.8077773 
178000 	 0.834983 
178500 	 0.7929474 
179000 	 0.8071433 
179500 	 0.8876911 
180000 	 0.8683312 
180500 	 0.7884136 
181000 	 0.7223182 
181500 	 0.7915481 
182000 	 0.63641 
182500 	 0.6747854 
183000 	 0.8229566 
183500 	 0.8090631 
184000 	 0.7946326 
184500 	 0.7507748 
185000 	 0.7209208 
185500 	 0.8205167 
186000 	 0.8474708 
186500 	 0.7940754 
187000 	 0.8417658 
187500 	 0.7840641 
188000 	 0.7892602 
188500 	 0.8538214 
189000 	 0.800817 
189500 	 0.8446406 
190000 	 0.858563 
190500 	 0.8655054 
191000 	 0.8447192 
191500 	 0.8118371 
192000 	 0.7856873 
192500 	 0.8393655 
193000 	 0.7761401 
193500 	 0.7872428 
194000 	 0.8191922 
194500 	 0.7945198 
195000 	 0.7707076 
195500 	 0.7190356 
196000 	 0.7379021 
196500 	 0.8546155 
197000 	 0.8495938 
197500 	 0.6773884 
198000 	 0.7041529 
198500 	 0.8357999 
199000 	 0.7685183 
199500 	 0.849639 
200000 	 0.7710147 
200500 	 0.8081356 
201000 	 0.827442 
201500 	 0.7911462 
202000 	 0.7066903 
202500 	 0.7735472 
203000 	 0.6548798 
203500 	 0.7646788 
204000 	 0.8531272 
204500 	 0.7509027 
205000 	 0.821524 
205500 	 0.7751077 
206000 	 0.8059101 
206500 	 0.7495402 
207000 	 0.7803968 
207500 	 0.8329187 
208000 	 0.7372836 
208500 	 0.7681321 
209000 	 0.8067205 
209500 	 0.8325984 
210000 	 0.8647619 
210500 	 0.8120918 
211000 	 0.929028 
211500 	 0.7373894 
212000 	 0.8060214 
212500 	 0.7800073 
213000 	 0.7948965 
213500 	 0.8303747 
214000 	 0.7073436 
214500 	 0.7571659 
215000 	 0.9283981 
215500 	 0.849063 
216000 	 0.7898285 
216500 	 0.8383076 
217000 	 0.6693176 
217500 	 0.7247531 
218000 	 0.7066151 
218500 	 0.8992145 
219000 	 0.7216245 
219500 	 0.7805071 
220000 	 0.8110088 
220500 	 0.7899725 
221000 	 0.8454441 
221500 	 0.7930441 
222000 	 0.8911533 
222500 	 0.8099199 
223000 	 0.7684267 
223500 	 0.7692487 
224000 	 0.6727238 
224500 	 0.7127443 
225000 	 0.8207861 
225500 	 0.8038078 
226000 	 0.6990736 
226500 	 0.7798768 
227000 	 0.8626764 
227500 	 0.8296962 
228000 	 0.7636387 
228500 	 0.892547 
229000 	 0.7884499 
229500 	 0.8591765 
230000 	 0.749183 
230500 	 0.7991877 
231000 	 0.6984251 
231500 	 0.7614569 
232000 	 0.830978 
232500 	 0.8095635 
233000 	 0.7439381 
233500 	 0.8318776 
234000 	 0.6703933 
234500 	 0.8095291 
235000 	 0.8066815 
235500 	 0.7776457 
236000 	 0.8611793 
236500 	 0.7705459 
237000 	 0.8547276 
237500 	 0.7987293 
238000 	 0.8288811 
238500 	 0.8640793 
239000 	 0.7962902 
239500 	 0.7581552 
240000 	 0.8235464 
240500 	 0.7295028 
241000 	 0.7539401 
241500 	 0.7309093 
242000 	 0.7471788 
242500 	 0.7445686 
243000 	 0.9032933 
243500 	 0.7952252 
244000 	 0.8494876 
244500 	 0.8423311 
245000 	 0.8126428 
245500 	 0.8331139 
246000 	 0.841523 
246500 	 0.8558334 
247000 	 0.7245508 
247500 	 0.8063878 
248000 	 0.8122225 
248500 	 0.8853561 
249000 	 0.8257975 
249500 	 0.6975292 
250000 	 0.8431241 
250500 	 0.84399 
251000 	 0.8439969 
251500 	 0.7781818 
252000 	 0.8351761 
252500 	 0.713552 
253000 	 0.8511003 
253500 	 0.8127896 
254000 	 0.9144353 
254500 	 0.7471375 
255000 	 0.7749209 
255500 	 0.8136222 
256000 	 0.913439 
256500 	 0.8174999 
257000 	 0.6163877 
257500 	 0.7857977 
258000 	 0.822054 
258500 	 0.7913791 
259000 	 0.7688813 
259500 	 0.7999328 
260000 	 0.892471 
260500 	 0.7953271 
261000 	 0.8136306 
261500 	 0.7176896 
262000 	 0.821609 
262500 	 0.8098435 
263000 	 0.7602434 
263500 	 0.900475 
264000 	 0.9117794 
264500 	 0.8561928 
265000 	 0.6513093 
265500 	 0.8606846 
266000 	 0.7591886 
266500 	 0.7701283 
267000 	 0.8332932 
267500 	 0.7379451 
268000 	 0.7694882 
268500 	 0.85652 
269000 	 0.7871598 
269500 	 0.7780902 
270000 	 0.7327219 
270500 	 0.7446278 
271000 	 0.7266172 
271500 	 0.7818684 
272000 	 0.7030811 
272500 	 0.867213 
273000 	 0.695368 
273500 	 0.6949365 
274000 	 0.8349185 
274500 	 0.8251933 
275000 	 0.788158 
275500 	 0.5862537 
276000 	 0.7975022 
276500 	 0.8377202 
277000 	 0.812644 
277500 	 0.6988985 
278000 	 0.801637 
278500 	 0.8627453 
279000 	 0.6532891 
279500 	 0.8251291 
280000 	 0.8222456 
280500 	 0.8155173 
281000 	 0.6885679 
281500 	 0.8942539 
282000 	 0.7916091 
282500 	 0.8069261 
283000 	 0.8672643 
283500 	 0.7992793 
284000 	 0.8552096 
284500 	 0.8470402 
285000 	 0.7739506 
285500 	 0.7371778 
286000 	 0.8417728 
286500 	 0.8453454 
287000 	 0.7670543 
287500 	 0.8423769 
288000 	 0.7946203 
288500 	 0.7666443 
289000 	 0.8903985 
289500 	 0.6820643 
290000 	 0.8180678 
290500 	 0.8336267 
291000 	 0.8013323 
291500 	 0.6776775 
292000 	 0.7902144 
292500 	 0.8031767 
293000 	 0.8075816 
293500 	 0.8240423 
294000 	 0.6984121 
294500 	 0.6855891 
295000 	 0.838804 
295500 	 0.7393496 
296000 	 0.8461015 
296500 	 0.8304643 
297000 	 0.7351684 
297500 	 0.8546289 
298000 	 0.8148962 
298500 	 0.7753547 
299000 	 0.9201939 
299500 	 0.8358293 
300000 	 0.7967381 
300500 	 0.7652176 
301000 	 0.7699803 
301500 	 0.8480341 
302000 	 0.8031037 
302500 	 0.8147162 
303000 	 0.6044354 
303500 	 0.7833615 
304000 	 0.7388856 
304500 	 0.8847329 
305000 	 0.6669781 
305500 	 0.8279585 
306000 	 0.6066813 
306500 	 0.8103021 
307000 	 0.8201474 
307500 	 0.7477772 
308000 	 0.7808114 
308500 	 0.6513445 
309000 	 0.7865231 
309500 	 0.7712528 
310000 	 0.8396549 
310500 	 0.6813797 
311000 	 0.7672229 
311500 	 0.8037076 
312000 	 0.8094638 
312500 	 0.800847 
313000 	 0.8729868 
313500 	 0.7197302 
314000 	 0.7732061 
314500 	 0.8772274 
315000 	 0.7618985 
315500 	 0.875848 
316000 	 0.857429 
316500 	 0.7925514 
317000 	 0.6930439 
317500 	 0.8229259 
318000 	 0.8312476 
318500 	 0.6960321 
319000 	 0.8024394 
319500 	 0.8208667 
320000 	 0.8383692 
320500 	 0.7682487 
321000 	 0.8379182 
321500 	 0.9194207 
322000 	 0.7174952 
322500 	 0.8417855 
323000 	 0.6884595 
323500 	 0.7835528 
324000 	 0.6806548 
324500 	 0.8063924 
325000 	 0.7531478 
325500 	 0.7926088 
326000 	 0.7571943 
326500 	 0.6489022 
327000 	 0.7231185 
327500 	 0.7306886 
328000 	 0.8371761 
328500 	 0.7660546 
329000 	 0.8802749 
329500 	 0.7838393 
330000 	 0.7744695 
330500 	 0.8087369 
331000 	 0.8041212 
331500 	 0.9043567 
332000 	 0.8526228 
332500 	 0.8180629 
333000 	 0.9231923 
333500 	 0.7860703 
334000 	 0.8575144 
334500 	 0.8249362 
335000 	 0.7973773 
335500 	 0.8358573 
336000 	 0.7894614 
336500 	 0.8853249 
337000 	 0.8267532 
337500 	 0.8049562 
338000 	 0.7018491 
338500 	 0.7434557 
339000 	 0.8409687 
339500 	 0.7348036 
340000 	 0.7075055 
340500 	 0.8208633 
341000 	 0.8292335 
341500 	 0.8062583 
342000 	 0.7788914 
342500 	 0.8047574 
343000 	 0.7861345 
343500 	 0.7970388 
344000 	 0.7260804 
344500 	 0.7676533 
345000 	 0.7683574 
345500 	 0.6602352 
346000 	 0.8120436 
346500 	 0.7780177 
347000 	 0.7744552 
347500 	 0.8441977 
348000 	 0.8024451 
348500 	 0.8546417 
349000 	 0.8467566 
349500 	 0.8834762 
350000 	 0.8413838 
350500 	 0.7394374 
351000 	 0.8332728 
351500 	 0.776675 
352000 	 0.7978324 
352500 	 0.7970898 
353000 	 0.8062477 
353500 	 0.8209906 
354000 	 0.7107157 
354500 	 0.8392032 
355000 	 0.6918813 
355500 	 0.7981167 
356000 	 0.7443605 
356500 	 0.7440475 
357000 	 0.8396015 
357500 	 0.7064792 
358000 	 0.6999136 
358500 	 0.7759892 
359000 	 0.8308494 
359500 	 0.8252844 
360000 	 0.8165162 
360500 	 0.7804025 
361000 	 0.7974813 
361500 	 0.7723532 
362000 	 0.83763 
362500 	 0.7309142 
363000 	 0.7525165 
363500 	 0.7473416 
364000 	 0.894748 
364500 	 0.9149374 
365000 	 0.9042496 
365500 	 0.8386398 
366000 	 0.8350301 
366500 	 0.8438707 
367000 	 0.8413215 
367500 	 0.8222445 
368000 	 0.8078937 
368500 	 0.7882285 
369000 	 0.7581115 
369500 	 0.7648035 
370000 	 0.7131992 
370500 	 0.7961848 
371000 	 0.7672485 
371500 	 0.7618807 
372000 	 0.7894788 
372500 	 0.855886 
373000 	 0.8581321 
373500 	 0.8181836 
374000 	 0.6793996 
374500 	 0.8129292 
375000 	 0.803241 
375500 	 0.6993363 
376000 	 0.9136894 
376500 	 0.7611665 
377000 	 0.7750911 
377500 	 0.8160154 
378000 	 0.7895615 
378500 	 0.7567735 
379000 	 0.6840339 
379500 	 0.8338859 
380000 	 0.8873246 
380500 	 0.8069395 
381000 	 0.8520948 
381500 	 0.8500406 
382000 	 0.7238603 
382500 	 0.7374008 
383000 	 0.8107796 
383500 	 0.7720558 
384000 	 0.8357955 
384500 	 0.8338279 
385000 	 0.8061932 
385500 	 0.8209496 
386000 	 0.6862845 
386500 	 0.7965889 
387000 	 0.8955515 
387500 	 0.8257663 
388000 	 0.821639 
388500 	 0.9078087 
389000 	 0.779837 
389500 	 0.8350906 
390000 	 0.8642151 
390500 	 0.8196949 
391000 	 0.825694 
391500 	 0.6634534 
392000 	 0.8600491 
392500 	 0.838613 
393000 	 0.8443796 
393500 	 0.8902072 
394000 	 0.7423338 
394500 	 0.799645 
395000 	 0.8842961 
395500 	 0.7572876 
396000 	 0.8499429 
396500 	 0.7445381 
397000 	 0.7697651 
397500 	 0.8535514 
398000 	 0.7689862 
398500 	 0.8596342 
399000 	 0.7992653 
399500 	 0.8090341 
400000 	 0.8144157 
400500 	 0.783833 
401000 	 0.8347329 
401500 	 0.8350143 
402000 	 0.7930081 
402500 	 0.7762297 
403000 	 0.7619963 
403500 	 0.9100739 
404000 	 0.8031854 
404500 	 0.7992252 
405000 	 0.8005469 
405500 	 0.8406283 
406000 	 0.7382822 
406500 	 0.8016662 
407000 	 0.8223107 
407500 	 0.735636 
408000 	 0.8446552 
408500 	 0.805363 
409000 	 0.7746444 
409500 	 0.8859217 
410000 	 0.792129 
410500 	 0.6599956 
411000 	 0.6790804 
411500 	 0.8146998 
412000 	 0.8184118 
412500 	 0.7725812 
413000 	 0.8282902 
413500 	 0.9076111 
414000 	 0.8281743 
414500 	 0.7466405 
415000 	 0.8720693 
415500 	 0.7828699 
416000 	 0.7578099 
416500 	 0.7057629 
417000 	 0.7317506 
417500 	 0.8334299 
418000 	 0.8272188 
418500 	 0.8744786 
419000 	 0.7162666 
419500 	 0.7577777 
420000 	 0.7651241 
420500 	 0.8362669 
421000 	 0.787747 
421500 	 0.8251258 
422000 	 0.7031864 
422500 	 0.8320686 
423000 	 0.7721756 
423500 	 0.7242324 
424000 	 0.8801461 
424500 	 0.80204 
425000 	 0.831086 
425500 	 0.7889037 
426000 	 0.7965912 
426500 	 0.7662833 
427000 	 0.7633312 
427500 	 0.8081431 
428000 	 0.7680481 
428500 	 0.6580789 
429000 	 0.8175057 
429500 	 0.8505553 
430000 	 0.858479 
430500 	 0.7912101 
431000 	 0.8308947 
431500 	 0.8800485 
432000 	 0.7502551 
432500 	 0.8057845 
433000 	 0.8043759 
433500 	 0.7359687 
434000 	 0.7837511 
434500 	 0.7507426 
435000 	 0.7283043 
435500 	 0.7171502 
436000 	 0.8013678 
436500 	 0.8362235 
437000 	 0.8542859 
437500 	 0.7596583 
438000 	 0.7778351 
438500 	 0.7474828 
439000 	 0.8059473 
439500 	 0.7827507 
440000 	 0.8867738 
440500 	 0.8072875 
441000 	 0.8159271 
441500 	 0.8146197 
442000 	 0.7781601 
442500 	 0.8117859 
443000 	 0.7556685 
443500 	 0.8697955 
444000 	 0.7529243 
444500 	 0.9183836 
445000 	 0.8324349 
445500 	 0.7572028 
446000 	 0.7951139 
446500 	 0.6495955 
447000 	 0.8336894 
447500 	 0.804751 
448000 	 0.7528286 
448500 	 0.7307789 
449000 	 0.7795951 
449500 	 0.7177721 
450000 	 0.8239341 
450500 	 0.90634 
451000 	 0.7630193 
451500 	 0.823792 
452000 	 0.7563889 
452500 	 0.8918756 
453000 	 0.8716364 
453500 	 0.7817382 
454000 	 0.7545338 
454500 	 0.7597206 
455000 	 0.8471658 
455500 	 0.8379554 
456000 	 0.7942671 
456500 	 0.8268237 
457000 	 0.7561018 
457500 	 0.6871056 
458000 	 0.8652216 
458500 	 0.8453883 
459000 	 0.796787 
459500 	 0.8192055 
460000 	 0.7495786 
460500 	 0.85018 
461000 	 0.6870943 
461500 	 0.8569828 
462000 	 0.7737303 
462500 	 0.7280798 
463000 	 0.7416892 
463500 	 0.7099339 
464000 	 0.7975449 
464500 	 0.7909759 
465000 	 0.7441834 
465500 	 0.8358989 
466000 	 0.8245754 
466500 	 0.7315157 
467000 	 0.7211115 
467500 	 0.8292201 
468000 	 0.8931255 
468500 	 0.8603981 
469000 	 0.8657589 
469500 	 0.742459 
470000 	 0.8035648 
470500 	 0.7841585 
471000 	 0.7705812 
471500 	 0.7394132 
472000 	 0.7757232 
472500 	 0.7291167 
473000 	 0.8682902 
473500 	 0.8340505 
474000 	 0.839619 
474500 	 0.7005852 
475000 	 0.6581639 
475500 	 0.7981583 
476000 	 0.725835 
476500 	 0.7865943 
477000 	 0.7892777 
477500 	 0.8346275 
478000 	 0.8356046 
478500 	 0.7244941 
479000 	 0.8217231 
479500 	 0.8642768 
480000 	 0.7927847 
480500 	 0.7948801 
481000 	 0.7822053 
481500 	 0.7485226 
482000 	 0.6638722 
482500 	 0.8267593 
483000 	 0.7744682 
483500 	 0.6846921 
484000 	 0.759991 
484500 	 0.679648 
485000 	 0.8250896 
485500 	 0.7896231 
486000 	 0.7658083 
486500 	 0.7327179 
487000 	 0.8723341 
487500 	 0.8817387 
488000 	 0.7433951 
488500 	 0.8447466 
489000 	 0.7332951 
489500 	 0.7927357 
490000 	 0.8866978 
490500 	 0.7923811 
491000 	 0.776304 
491500 	 0.7490907 
492000 	 0.7353984 
492500 	 0.6897973 
493000 	 0.7131994 
493500 	 0.719308 
494000 	 0.7785219 
494500 	 0.7624805 
495000 	 0.6903328 
495500 	 0.8372353 
496000 	 0.8341388 
496500 	 0.8160597 
497000 	 0.8305601 
497500 	 0.7589427 
498000 	 0.7179171 
498500 	 0.8557818 
499000 	 0.6614535 
499500 	 0.7959662 
500000 	 0.8975147 
