iter 	 p
500 	 0.8733228 
1000 	 0.9055194 
1500 	 0.8488135 
2000 	 0.8350261 
2500 	 0.8595118 
3000 	 0.7781636 
3500 	 0.8211972 
4000 	 0.8071731 
4500 	 0.8803159 
5000 	 0.8036692 
5500 	 0.8749301 
6000 	 0.8105416 
6500 	 0.8355871 
7000 	 0.8018584 
7500 	 0.8419039 
8000 	 0.8268219 
8500 	 0.8500023 
9000 	 0.8347667 
9500 	 0.7834091 
10000 	 0.8407599 
10500 	 0.7505138 
11000 	 0.8809388 
11500 	 0.8074869 
12000 	 0.7791396 
12500 	 0.8209008 
13000 	 0.8945809 
13500 	 0.8637433 
14000 	 0.8305267 
14500 	 0.8536265 
15000 	 0.8296416 
15500 	 0.8227944 
16000 	 0.8014281 
16500 	 0.8122834 
17000 	 0.8667863 
17500 	 0.8557037 
18000 	 0.8864739 
18500 	 0.8245396 
19000 	 0.7859689 
19500 	 0.821919 
20000 	 0.8770991 
20500 	 0.9140665 
21000 	 0.8835077 
21500 	 0.7994323 
22000 	 0.7590941 
22500 	 0.7925392 
23000 	 0.8480673 
23500 	 0.7560902 
24000 	 0.847789 
24500 	 0.8368698 
25000 	 0.7522494 
25500 	 0.8178289 
26000 	 0.8270596 
26500 	 0.8680264 
27000 	 0.8306118 
27500 	 0.8065566 
28000 	 0.8201356 
28500 	 0.872634 
29000 	 0.8513274 
29500 	 0.8475081 
30000 	 0.7876637 
30500 	 0.8269285 
31000 	 0.8403648 
31500 	 0.810409 
32000 	 0.8290349 
32500 	 0.8245664 
33000 	 0.8427537 
33500 	 0.8360838 
34000 	 0.8355009 
34500 	 0.8139843 
35000 	 0.7683901 
35500 	 0.779447 
36000 	 0.8176158 
36500 	 0.8154245 
37000 	 0.779523 
37500 	 0.8233391 
38000 	 0.8146417 
38500 	 0.8418656 
39000 	 0.8218294 
39500 	 0.8389606 
40000 	 0.8244959 
40500 	 0.8057839 
41000 	 0.8639697 
41500 	 0.851137 
42000 	 0.836364 
42500 	 0.8505891 
43000 	 0.8493473 
43500 	 0.8750314 
44000 	 0.8643846 
44500 	 0.8222934 
45000 	 0.8544859 
45500 	 0.8816925 
46000 	 0.8090358 
46500 	 0.7833495 
47000 	 0.7836918 
47500 	 0.8690117 
48000 	 0.8515975 
48500 	 0.8383237 
49000 	 0.7916125 
49500 	 0.8456007 
50000 	 0.8863195 
50500 	 0.865374 
51000 	 0.8319117 
51500 	 0.7767282 
52000 	 0.8955605 
52500 	 0.8004646 
53000 	 0.8598525 
53500 	 0.8353769 
54000 	 0.8828646 
54500 	 0.8917921 
55000 	 0.8259913 
55500 	 0.8200118 
56000 	 0.7958841 
56500 	 0.8855213 
57000 	 0.8899717 
57500 	 0.8238584 
58000 	 0.7897171 
58500 	 0.855845 
59000 	 0.8111582 
59500 	 0.900954 
60000 	 0.8818419 
60500 	 0.7803049 
61000 	 0.8541548 
61500 	 0.8161342 
62000 	 0.9085469 
62500 	 0.7778359 
63000 	 0.7480174 
63500 	 0.7816785 
64000 	 0.8709518 
64500 	 0.8597984 
65000 	 0.7493845 
65500 	 0.8068082 
66000 	 0.7773487 
66500 	 0.8539421 
67000 	 0.7540027 
67500 	 0.8558705 
68000 	 0.8748341 
68500 	 0.8445459 
69000 	 0.8602686 
69500 	 0.8318057 
70000 	 0.8294978 
70500 	 0.8333447 
71000 	 0.8204756 
71500 	 0.7822978 
72000 	 0.8059673 
72500 	 0.7560728 
73000 	 0.7961962 
73500 	 0.8628604 
74000 	 0.820228 
74500 	 0.8217955 
75000 	 0.7565981 
75500 	 0.7966427 
76000 	 0.8011048 
76500 	 0.7801956 
77000 	 0.8757089 
77500 	 0.8327606 
78000 	 0.8278074 
78500 	 0.8312436 
79000 	 0.8002553 
79500 	 0.8440827 
80000 	 0.8336583 
80500 	 0.8325531 
81000 	 0.7710847 
81500 	 0.8032521 
82000 	 0.8693948 
82500 	 0.7955504 
83000 	 0.8024731 
83500 	 0.8625251 
84000 	 0.7729603 
84500 	 0.8497747 
85000 	 0.8012916 
85500 	 0.8296808 
86000 	 0.8825645 
86500 	 0.7903956 
87000 	 0.8464789 
87500 	 0.8197891 
88000 	 0.8192168 
88500 	 0.8256608 
89000 	 0.8749562 
89500 	 0.7675241 
90000 	 0.8903535 
90500 	 0.8043403 
91000 	 0.7729818 
91500 	 0.7830893 
92000 	 0.7823419 
92500 	 0.8893506 
93000 	 0.8532949 
93500 	 0.7823165 
94000 	 0.8561253 
94500 	 0.862174 
95000 	 0.768439 
95500 	 0.8960192 
96000 	 0.8345057 
96500 	 0.8243949 
97000 	 0.8631705 
97500 	 0.8786831 
98000 	 0.7844898 
98500 	 0.8155055 
99000 	 0.8212289 
99500 	 0.7802662 
100000 	 0.8758386 
100500 	 0.8223657 
101000 	 0.8029767 
101500 	 0.8337525 
102000 	 0.840356 
102500 	 0.7865044 
103000 	 0.8083655 
103500 	 0.8717352 
104000 	 0.8068109 
104500 	 0.7910401 
105000 	 0.8304273 
105500 	 0.8123292 
106000 	 0.8708128 
106500 	 0.8556305 
107000 	 0.8225366 
107500 	 0.7914877 
108000 	 0.7894265 
108500 	 0.8805554 
109000 	 0.79698 
109500 	 0.8210628 
110000 	 0.7863246 
110500 	 0.8622238 
111000 	 0.8263567 
111500 	 0.7968315 
112000 	 0.7861391 
112500 	 0.8108216 
113000 	 0.7141315 
113500 	 0.8647075 
114000 	 0.8391076 
114500 	 0.8185632 
115000 	 0.8342519 
115500 	 0.8620502 
116000 	 0.8496935 
116500 	 0.8738946 
117000 	 0.8922177 
117500 	 0.8292722 
118000 	 0.7704029 
118500 	 0.8768739 
119000 	 0.8615911 
119500 	 0.7971194 
120000 	 0.8743481 
120500 	 0.8529191 
121000 	 0.8405326 
121500 	 0.8228649 
122000 	 0.7618577 
122500 	 0.8133484 
123000 	 0.8930821 
123500 	 0.8014007 
124000 	 0.8237286 
124500 	 0.8325842 
125000 	 0.8795035 
125500 	 0.7854963 
126000 	 0.8154952 
126500 	 0.7867781 
127000 	 0.8338579 
127500 	 0.890016 
128000 	 0.7899072 
128500 	 0.8220478 
129000 	 0.7785667 
129500 	 0.8506401 
130000 	 0.8143986 
130500 	 0.8389065 
131000 	 0.7990967 
131500 	 0.8935072 
132000 	 0.9146488 
132500 	 0.8433059 
133000 	 0.8659384 
133500 	 0.8140716 
134000 	 0.8363342 
134500 	 0.8078232 
135000 	 0.7820182 
135500 	 0.8245489 
136000 	 0.812967 
136500 	 0.7973149 
137000 	 0.8494805 
137500 	 0.8285138 
138000 	 0.8406912 
138500 	 0.8339707 
139000 	 0.8052116 
139500 	 0.8631438 
140000 	 0.812709 
140500 	 0.7965088 
141000 	 0.8055082 
141500 	 0.8019855 
142000 	 0.8017351 
142500 	 0.7797543 
143000 	 0.8342131 
143500 	 0.7971815 
144000 	 0.8121361 
144500 	 0.8608495 
145000 	 0.7738773 
145500 	 0.8066296 
146000 	 0.7641362 
146500 	 0.8339754 
147000 	 0.8349192 
147500 	 0.8143856 
148000 	 0.8764614 
148500 	 0.8406838 
149000 	 0.8424758 
149500 	 0.8001155 
150000 	 0.8327491 
150500 	 0.8499412 
151000 	 0.8702714 
151500 	 0.7569458 
152000 	 0.8166134 
152500 	 0.7919585 
153000 	 0.8774306 
153500 	 0.8130276 
154000 	 0.8972689 
154500 	 0.8597584 
155000 	 0.8596066 
155500 	 0.847765 
156000 	 0.8505017 
156500 	 0.8671161 
157000 	 0.9141872 
157500 	 0.8738493 
158000 	 0.8155843 
158500 	 0.8157949 
159000 	 0.8198834 
159500 	 0.84026 
160000 	 0.8433836 
160500 	 0.8521755 
161000 	 0.847554 
161500 	 0.8140287 
162000 	 0.8284949 
162500 	 0.8143563 
163000 	 0.7376489 
163500 	 0.8530146 
164000 	 0.7594281 
164500 	 0.7868876 
165000 	 0.8504095 
165500 	 0.8734855 
166000 	 0.793236 
166500 	 0.8074325 
167000 	 0.75031 
167500 	 0.8100083 
168000 	 0.7880087 
168500 	 0.778462 
169000 	 0.8942457 
169500 	 0.834687 
170000 	 0.7200172 
170500 	 0.8434233 
171000 	 0.7836517 
171500 	 0.8528544 
172000 	 0.8364754 
172500 	 0.7828355 
173000 	 0.830213 
173500 	 0.8105947 
174000 	 0.9168061 
174500 	 0.831594 
175000 	 0.8080517 
175500 	 0.8669912 
176000 	 0.8368109 
176500 	 0.8498311 
177000 	 0.8466542 
177500 	 0.7868689 
178000 	 0.8579723 
178500 	 0.763029 
179000 	 0.8379816 
179500 	 0.8094152 
180000 	 0.8476365 
180500 	 0.8307914 
181000 	 0.7342063 
181500 	 0.8184148 
182000 	 0.814673 
182500 	 0.8729324 
183000 	 0.7719424 
183500 	 0.7812437 
184000 	 0.8516596 
184500 	 0.830486 
185000 	 0.8572092 
185500 	 0.8155866 
186000 	 0.8238663 
186500 	 0.8131242 
187000 	 0.783193 
187500 	 0.8260809 
188000 	 0.8111809 
188500 	 0.8672643 
189000 	 0.8052279 
189500 	 0.8386327 
190000 	 0.8627653 
190500 	 0.8714616 
191000 	 0.8159894 
191500 	 0.8209132 
192000 	 0.8500465 
192500 	 0.848154 
193000 	 0.7828257 
193500 	 0.7729348 
194000 	 0.7965987 
194500 	 0.8192054 
195000 	 0.8183813 
195500 	 0.7170156 
196000 	 0.8118032 
196500 	 0.8030325 
197000 	 0.8450525 
197500 	 0.7476612 
198000 	 0.845073 
198500 	 0.823419 
199000 	 0.8822729 
199500 	 0.8203274 
200000 	 0.831225 
200500 	 0.7934248 
201000 	 0.8538213 
201500 	 0.8663401 
202000 	 0.8776139 
202500 	 0.8457667 
203000 	 0.8303024 
203500 	 0.8455452 
204000 	 0.760659 
204500 	 0.8763401 
205000 	 0.9014886 
205500 	 0.8164064 
206000 	 0.8515198 
206500 	 0.7950834 
207000 	 0.7552265 
207500 	 0.8204 
208000 	 0.8833068 
208500 	 0.8552987 
209000 	 0.9120091 
209500 	 0.8977965 
210000 	 0.8617419 
210500 	 0.8843563 
211000 	 0.815176 
211500 	 0.8439189 
212000 	 0.8850598 
212500 	 0.8579849 
213000 	 0.800406 
213500 	 0.8187744 
214000 	 0.847962 
214500 	 0.7633363 
215000 	 0.6732308 
215500 	 0.8326609 
216000 	 0.8409484 
216500 	 0.7532717 
217000 	 0.839005 
217500 	 0.7320602 
218000 	 0.7985157 
218500 	 0.8515349 
219000 	 0.8250415 
219500 	 0.7950118 
220000 	 0.8643363 
220500 	 0.8110905 
221000 	 0.7772375 
221500 	 0.8141955 
222000 	 0.832272 
222500 	 0.8796489 
223000 	 0.8350724 
223500 	 0.8477327 
224000 	 0.8427326 
224500 	 0.8626879 
225000 	 0.8290183 
225500 	 0.7983234 
226000 	 0.7745632 
226500 	 0.8776626 
227000 	 0.9107596 
227500 	 0.8447343 
228000 	 0.8150231 
228500 	 0.890529 
229000 	 0.8172604 
229500 	 0.8647952 
230000 	 0.8311096 
230500 	 0.8376112 
231000 	 0.8373548 
231500 	 0.8340575 
232000 	 0.8402873 
232500 	 0.8449428 
233000 	 0.8317004 
233500 	 0.8560253 
234000 	 0.8505867 
234500 	 0.8573188 
235000 	 0.8169749 
235500 	 0.8208696 
236000 	 0.8302246 
236500 	 0.8996775 
237000 	 0.8485585 
237500 	 0.8479592 
238000 	 0.8354747 
238500 	 0.8128407 
239000 	 0.8262622 
239500 	 0.8514966 
240000 	 0.7856684 
240500 	 0.7782656 
241000 	 0.7826975 
241500 	 0.839303 
242000 	 0.872329 
242500 	 0.7399021 
243000 	 0.7410426 
243500 	 0.7987379 
244000 	 0.8581007 
244500 	 0.7911507 
245000 	 0.7945809 
245500 	 0.8672682 
246000 	 0.8380728 
246500 	 0.8265251 
247000 	 0.8013962 
247500 	 0.8280304 
248000 	 0.8751663 
248500 	 0.7667473 
249000 	 0.8087287 
249500 	 0.9120183 
250000 	 0.8103206 
250500 	 0.764773 
251000 	 0.8525453 
251500 	 0.8481517 
252000 	 0.805825 
252500 	 0.8809096 
253000 	 0.8711674 
253500 	 0.8258376 
254000 	 0.8833814 
254500 	 0.8437683 
255000 	 0.8064854 
255500 	 0.8305424 
256000 	 0.7655283 
256500 	 0.7903679 
257000 	 0.8128821 
257500 	 0.8954162 
258000 	 0.8031839 
258500 	 0.7479645 
259000 	 0.8270724 
259500 	 0.8481685 
260000 	 0.8523339 
260500 	 0.8280309 
261000 	 0.8335323 
261500 	 0.8369444 
262000 	 0.8656503 
262500 	 0.8213293 
263000 	 0.7930144 
263500 	 0.8580063 
264000 	 0.8021955 
264500 	 0.8418128 
265000 	 0.8975872 
265500 	 0.8119839 
266000 	 0.780284 
266500 	 0.8786729 
267000 	 0.8140645 
267500 	 0.8268778 
268000 	 0.8503478 
268500 	 0.859569 
269000 	 0.8053407 
269500 	 0.9086057 
270000 	 0.8007786 
270500 	 0.814871 
271000 	 0.8737117 
271500 	 0.7954248 
272000 	 0.8159862 
272500 	 0.8006572 
273000 	 0.8629952 
273500 	 0.7871976 
274000 	 0.7751935 
274500 	 0.8087212 
275000 	 0.8636505 
275500 	 0.826037 
276000 	 0.8291678 
276500 	 0.8868623 
277000 	 0.8306015 
277500 	 0.8246026 
278000 	 0.8219963 
278500 	 0.7570346 
279000 	 0.8213359 
279500 	 0.8546151 
280000 	 0.8901817 
280500 	 0.7647782 
281000 	 0.8450474 
281500 	 0.9268588 
282000 	 0.7915528 
282500 	 0.8440034 
283000 	 0.8222813 
283500 	 0.7319687 
284000 	 0.7559439 
284500 	 0.8464496 
285000 	 0.8296279 
285500 	 0.7268719 
286000 	 0.7783316 
286500 	 0.8340354 
287000 	 0.7137244 
287500 	 0.8187855 
288000 	 0.8318681 
288500 	 0.8512027 
289000 	 0.7937178 
289500 	 0.8470599 
290000 	 0.8617202 
290500 	 0.662711 
291000 	 0.7692394 
291500 	 0.815728 
292000 	 0.8668348 
292500 	 0.8077348 
293000 	 0.851915 
293500 	 0.849202 
294000 	 0.8268303 
294500 	 0.7834198 
295000 	 0.8463089 
295500 	 0.7111041 
296000 	 0.8409646 
296500 	 0.8510094 
297000 	 0.7744969 
297500 	 0.8080805 
298000 	 0.7899424 
298500 	 0.8534275 
299000 	 0.7969519 
299500 	 0.8565511 
300000 	 0.7847647 
300500 	 0.8013433 
301000 	 0.8750657 
301500 	 0.7984035 
302000 	 0.8511328 
302500 	 0.8424836 
303000 	 0.7633832 
303500 	 0.761631 
304000 	 0.8131712 
304500 	 0.8256675 
305000 	 0.8088891 
305500 	 0.8025573 
306000 	 0.8203573 
306500 	 0.7695891 
307000 	 0.7815896 
307500 	 0.8243843 
308000 	 0.787399 
308500 	 0.8389574 
309000 	 0.836802 
309500 	 0.8283268 
310000 	 0.7076964 
310500 	 0.8151738 
311000 	 0.835868 
311500 	 0.8048612 
312000 	 0.8846448 
312500 	 0.9040087 
313000 	 0.7960024 
313500 	 0.7956237 
314000 	 0.8050642 
314500 	 0.8235812 
315000 	 0.8212842 
315500 	 0.7975191 
316000 	 0.821103 
316500 	 0.8648451 
317000 	 0.7530942 
317500 	 0.7793877 
318000 	 0.8341382 
318500 	 0.8379987 
319000 	 0.8804124 
319500 	 0.8466757 
320000 	 0.8314641 
320500 	 0.794165 
321000 	 0.8671359 
321500 	 0.8534588 
322000 	 0.846901 
322500 	 0.7889781 
323000 	 0.8655111 
323500 	 0.7981948 
324000 	 0.853676 
324500 	 0.807396 
325000 	 0.8279583 
325500 	 0.8086808 
326000 	 0.886045 
326500 	 0.8015074 
327000 	 0.8876179 
327500 	 0.8154208 
328000 	 0.8963389 
328500 	 0.7825934 
329000 	 0.7867631 
329500 	 0.7437694 
330000 	 0.7977633 
330500 	 0.8483487 
331000 	 0.7484217 
331500 	 0.7704361 
332000 	 0.8347884 
332500 	 0.8832257 
333000 	 0.8644387 
333500 	 0.7993856 
334000 	 0.7882787 
334500 	 0.7924535 
335000 	 0.8478974 
335500 	 0.8004338 
336000 	 0.8478895 
336500 	 0.7995659 
337000 	 0.801893 
337500 	 0.7752191 
338000 	 0.8323999 
338500 	 0.8787597 
339000 	 0.797511 
339500 	 0.8057012 
340000 	 0.7888174 
340500 	 0.8177881 
341000 	 0.8697128 
341500 	 0.845647 
342000 	 0.8448727 
342500 	 0.8725937 
343000 	 0.8370626 
343500 	 0.8278539 
344000 	 0.8686568 
344500 	 0.7810446 
345000 	 0.8014618 
345500 	 0.8310231 
346000 	 0.800668 
346500 	 0.8301609 
347000 	 0.7391064 
347500 	 0.8287422 
348000 	 0.7411446 
348500 	 0.8684778 
349000 	 0.7619008 
349500 	 0.8479593 
350000 	 0.7860486 
350500 	 0.8339543 
351000 	 0.86981 
351500 	 0.8906141 
352000 	 0.8818631 
352500 	 0.7817064 
353000 	 0.8861646 
353500 	 0.8706248 
354000 	 0.8135825 
354500 	 0.8361141 
355000 	 0.8392695 
355500 	 0.8129888 
356000 	 0.8104801 
356500 	 0.8241054 
357000 	 0.8825909 
357500 	 0.8095889 
358000 	 0.871186 
358500 	 0.8323358 
359000 	 0.7927596 
359500 	 0.8541676 
360000 	 0.779976 
360500 	 0.8731815 
361000 	 0.8596863 
361500 	 0.813555 
362000 	 0.7978975 
362500 	 0.7960422 
363000 	 0.862884 
363500 	 0.7967444 
364000 	 0.8188663 
364500 	 0.8151971 
365000 	 0.8506948 
365500 	 0.7878943 
366000 	 0.7667507 
366500 	 0.7501092 
367000 	 0.8277827 
367500 	 0.8454735 
368000 	 0.8154942 
368500 	 0.8042336 
369000 	 0.8048026 
369500 	 0.7614004 
370000 	 0.8032749 
370500 	 0.8279552 
371000 	 0.7354583 
371500 	 0.8059634 
372000 	 0.8573774 
372500 	 0.8503012 
373000 	 0.8353035 
373500 	 0.7744038 
374000 	 0.790116 
374500 	 0.7910724 
375000 	 0.8685382 
375500 	 0.901627 
376000 	 0.8199108 
376500 	 0.8515239 
377000 	 0.8092774 
377500 	 0.7608958 
378000 	 0.8954949 
378500 	 0.8454436 
379000 	 0.8327378 
379500 	 0.866524 
380000 	 0.8633024 
380500 	 0.8748897 
381000 	 0.8446954 
381500 	 0.8577148 
382000 	 0.8261978 
382500 	 0.8439624 
383000 	 0.8313217 
383500 	 0.8100428 
384000 	 0.8048636 
384500 	 0.8514341 
385000 	 0.8381701 
385500 	 0.850967 
386000 	 0.7275507 
386500 	 0.8002882 
387000 	 0.7755358 
387500 	 0.8632162 
388000 	 0.8251976 
388500 	 0.8235522 
389000 	 0.8621788 
389500 	 0.765307 
390000 	 0.8698823 
390500 	 0.8730001 
391000 	 0.8099387 
391500 	 0.8376442 
392000 	 0.8566288 
392500 	 0.7723907 
393000 	 0.8260084 
393500 	 0.7906684 
394000 	 0.8390728 
394500 	 0.7220944 
395000 	 0.836052 
395500 	 0.9050305 
396000 	 0.8142539 
396500 	 0.7694988 
397000 	 0.8068112 
397500 	 0.7264342 
398000 	 0.8716817 
398500 	 0.7576711 
399000 	 0.7958076 
399500 	 0.820164 
400000 	 0.8185701 
400500 	 0.8378125 
401000 	 0.8283315 
401500 	 0.8171437 
402000 	 0.874798 
402500 	 0.7730877 
403000 	 0.8355311 
403500 	 0.8599015 
404000 	 0.8581939 
404500 	 0.8324909 
405000 	 0.8132687 
405500 	 0.7504999 
406000 	 0.870744 
406500 	 0.8358752 
407000 	 0.8735823 
407500 	 0.8055322 
408000 	 0.8205475 
408500 	 0.8559666 
409000 	 0.7654453 
409500 	 0.8391158 
410000 	 0.8618547 
410500 	 0.7925217 
411000 	 0.8216357 
411500 	 0.8032935 
412000 	 0.8028184 
412500 	 0.8239801 
413000 	 0.8178078 
413500 	 0.8532838 
414000 	 0.8083469 
414500 	 0.8505708 
415000 	 0.8105495 
415500 	 0.8375908 
416000 	 0.8404727 
416500 	 0.8010289 
417000 	 0.8074544 
417500 	 0.8257807 
418000 	 0.848258 
418500 	 0.79058 
419000 	 0.8095694 
419500 	 0.840236 
420000 	 0.777183 
420500 	 0.8501479 
421000 	 0.7600075 
421500 	 0.8783902 
422000 	 0.7484704 
422500 	 0.7744925 
423000 	 0.8423484 
423500 	 0.8069989 
424000 	 0.8462286 
424500 	 0.8292251 
425000 	 0.8127449 
425500 	 0.8138477 
426000 	 0.8004172 
426500 	 0.8253417 
427000 	 0.7780467 
427500 	 0.8624249 
428000 	 0.8211649 
428500 	 0.7966459 
429000 	 0.8073821 
429500 	 0.7998478 
430000 	 0.838625 
430500 	 0.877638 
431000 	 0.8604121 
431500 	 0.8690705 
432000 	 0.8735313 
432500 	 0.8149221 
433000 	 0.8120474 
433500 	 0.8484116 
434000 	 0.8802147 
434500 	 0.8509878 
435000 	 0.8713607 
435500 	 0.8855629 
436000 	 0.8251566 
436500 	 0.8273702 
437000 	 0.793802 
437500 	 0.7583356 
438000 	 0.8853719 
438500 	 0.8409474 
439000 	 0.8770176 
439500 	 0.7918349 
440000 	 0.8564707 
440500 	 0.7677263 
441000 	 0.8063654 
441500 	 0.827158 
442000 	 0.8099724 
442500 	 0.8135981 
443000 	 0.8474736 
443500 	 0.8408771 
444000 	 0.8241636 
444500 	 0.8619052 
445000 	 0.8790797 
445500 	 0.8658038 
446000 	 0.8051226 
446500 	 0.8284525 
447000 	 0.879248 
447500 	 0.7599469 
448000 	 0.8983616 
448500 	 0.8744525 
449000 	 0.807218 
449500 	 0.8428811 
450000 	 0.7934255 
450500 	 0.8430408 
451000 	 0.8151537 
451500 	 0.8621836 
452000 	 0.7210574 
452500 	 0.8513444 
453000 	 0.8290721 
453500 	 0.8474472 
454000 	 0.8580183 
454500 	 0.8295117 
455000 	 0.8230072 
455500 	 0.8517698 
456000 	 0.8367667 
456500 	 0.8547966 
457000 	 0.8598312 
457500 	 0.7980615 
458000 	 0.8471154 
458500 	 0.8334523 
459000 	 0.7805872 
459500 	 0.7684559 
460000 	 0.7839491 
460500 	 0.8371075 
461000 	 0.8609077 
461500 	 0.8377113 
462000 	 0.7638177 
462500 	 0.7544967 
463000 	 0.8548295 
463500 	 0.7854292 
464000 	 0.8060342 
464500 	 0.8260619 
465000 	 0.8157499 
465500 	 0.7015595 
466000 	 0.8398619 
466500 	 0.8098304 
467000 	 0.8591261 
467500 	 0.7897225 
468000 	 0.771182 
468500 	 0.8486638 
469000 	 0.8679091 
469500 	 0.8340954 
470000 	 0.8341879 
470500 	 0.8209594 
471000 	 0.8315258 
471500 	 0.8301525 
472000 	 0.8734311 
472500 	 0.8311444 
473000 	 0.8950837 
473500 	 0.8630273 
474000 	 0.8058977 
474500 	 0.9080336 
475000 	 0.7723052 
475500 	 0.8016196 
476000 	 0.8663227 
476500 	 0.8081933 
477000 	 0.8334204 
477500 	 0.754178 
478000 	 0.847968 
478500 	 0.8393816 
479000 	 0.8800326 
479500 	 0.8130329 
480000 	 0.8465824 
480500 	 0.8582788 
481000 	 0.8501865 
481500 	 0.8472612 
482000 	 0.7725613 
482500 	 0.7975515 
483000 	 0.7758361 
483500 	 0.8409045 
484000 	 0.8075734 
484500 	 0.7859607 
485000 	 0.8590944 
485500 	 0.8380662 
486000 	 0.8825922 
486500 	 0.8473725 
487000 	 0.7846026 
487500 	 0.7913807 
488000 	 0.8474762 
488500 	 0.7716036 
489000 	 0.8706519 
489500 	 0.8435384 
490000 	 0.9210287 
490500 	 0.8167097 
491000 	 0.8572664 
491500 	 0.8431513 
492000 	 0.7641025 
492500 	 0.821544 
493000 	 0.8463488 
493500 	 0.7733621 
494000 	 0.8186705 
494500 	 0.8839497 
495000 	 0.7693779 
495500 	 0.845557 
496000 	 0.7696589 
496500 	 0.803328 
497000 	 0.8861655 
497500 	 0.7885372 
498000 	 0.8119525 
498500 	 0.8664933 
499000 	 0.8542961 
499500 	 0.7793939 
500000 	 0.7740453 
