iter 	 p
500 	 0.8163551 
1000 	 0.7566927 
1500 	 0.7818453 
2000 	 0.7563252 
2500 	 0.7705054 
3000 	 0.7839513 
3500 	 0.8132385 
4000 	 0.8230062 
4500 	 0.7227395 
5000 	 0.7857343 
5500 	 0.7939372 
6000 	 0.7647305 
6500 	 0.7381036 
7000 	 0.7840931 
7500 	 0.7893918 
8000 	 0.7900476 
8500 	 0.8268323 
9000 	 0.7916647 
9500 	 0.7667392 
10000 	 0.7672958 
10500 	 0.7763486 
11000 	 0.8213066 
11500 	 0.7753644 
12000 	 0.8665244 
12500 	 0.8444163 
13000 	 0.8229868 
13500 	 0.7696675 
14000 	 0.7334895 
14500 	 0.8172019 
15000 	 0.8710636 
15500 	 0.8224625 
16000 	 0.7537231 
16500 	 0.8322006 
17000 	 0.7967339 
17500 	 0.767865 
18000 	 0.8004578 
18500 	 0.8420765 
19000 	 0.7457091 
19500 	 0.808167 
20000 	 0.7903073 
20500 	 0.7300261 
21000 	 0.797941 
21500 	 0.8194471 
22000 	 0.8206644 
22500 	 0.7938744 
23000 	 0.821282 
23500 	 0.7932285 
24000 	 0.7740725 
24500 	 0.8207357 
25000 	 0.7848822 
25500 	 0.8419038 
26000 	 0.7414917 
26500 	 0.726942 
27000 	 0.7822309 
27500 	 0.8112079 
28000 	 0.7520985 
28500 	 0.7790148 
29000 	 0.8081686 
29500 	 0.8326996 
30000 	 0.7106272 
30500 	 0.8177123 
31000 	 0.7217458 
31500 	 0.8224744 
32000 	 0.8018383 
32500 	 0.7358182 
33000 	 0.7972839 
33500 	 0.7592878 
34000 	 0.8159037 
34500 	 0.7764941 
35000 	 0.7918057 
35500 	 0.7305384 
36000 	 0.7470722 
36500 	 0.860231 
37000 	 0.7990025 
37500 	 0.7683833 
38000 	 0.7501356 
38500 	 0.746632 
39000 	 0.8559617 
39500 	 0.7782614 
40000 	 0.8676829 
40500 	 0.8002255 
41000 	 0.7287839 
41500 	 0.732774 
42000 	 0.7991463 
42500 	 0.7309152 
43000 	 0.8149773 
43500 	 0.7409885 
44000 	 0.7603697 
44500 	 0.7637163 
45000 	 0.8051796 
45500 	 0.7810359 
46000 	 0.7892353 
46500 	 0.796542 
47000 	 0.7637888 
47500 	 0.7605014 
48000 	 0.7410823 
48500 	 0.7696848 
49000 	 0.779177 
49500 	 0.7749152 
50000 	 0.8046188 
50500 	 0.7963269 
51000 	 0.7529782 
51500 	 0.7672719 
52000 	 0.7921592 
52500 	 0.8292707 
53000 	 0.8814786 
53500 	 0.8205798 
54000 	 0.8027221 
54500 	 0.8008548 
55000 	 0.8422233 
55500 	 0.7884169 
56000 	 0.7735349 
56500 	 0.82354 
57000 	 0.7708516 
57500 	 0.8163047 
58000 	 0.8016583 
58500 	 0.7820828 
59000 	 0.793843 
59500 	 0.7802586 
60000 	 0.7681362 
60500 	 0.7573449 
61000 	 0.7224488 
61500 	 0.8203482 
62000 	 0.7948691 
62500 	 0.7888174 
63000 	 0.780527 
63500 	 0.7513214 
64000 	 0.7879518 
64500 	 0.8528238 
65000 	 0.8179443 
65500 	 0.8206874 
66000 	 0.7978606 
66500 	 0.723717 
67000 	 0.728407 
67500 	 0.7502994 
68000 	 0.8410082 
68500 	 0.8314734 
69000 	 0.828629 
69500 	 0.8360959 
70000 	 0.8058636 
70500 	 0.757997 
71000 	 0.7766205 
71500 	 0.7282129 
72000 	 0.7817154 
72500 	 0.8570014 
73000 	 0.8388082 
73500 	 0.8280172 
74000 	 0.8214932 
74500 	 0.8296726 
75000 	 0.726645 
75500 	 0.7880484 
76000 	 0.7917405 
76500 	 0.7797533 
77000 	 0.7448179 
77500 	 0.8065659 
78000 	 0.8071137 
78500 	 0.8356917 
79000 	 0.7649865 
79500 	 0.7740586 
80000 	 0.7968387 
80500 	 0.7500182 
81000 	 0.7912672 
81500 	 0.8296352 
82000 	 0.8213416 
82500 	 0.786278 
83000 	 0.6927612 
83500 	 0.7512381 
84000 	 0.7997225 
84500 	 0.831373 
85000 	 0.8155253 
85500 	 0.7971108 
86000 	 0.7981982 
86500 	 0.7527974 
87000 	 0.7540998 
87500 	 0.8046896 
88000 	 0.7516116 
88500 	 0.8273431 
89000 	 0.7559428 
89500 	 0.6941729 
90000 	 0.7966707 
90500 	 0.7799784 
91000 	 0.7639716 
91500 	 0.7720269 
92000 	 0.798809 
92500 	 0.748616 
93000 	 0.8081515 
93500 	 0.797883 
94000 	 0.8301439 
94500 	 0.7989926 
95000 	 0.7713855 
95500 	 0.7493454 
96000 	 0.8098462 
96500 	 0.7581366 
97000 	 0.785831 
97500 	 0.7711043 
98000 	 0.7741607 
98500 	 0.7938197 
99000 	 0.7463078 
99500 	 0.8462147 
100000 	 0.7885847 
100500 	 0.8141016 
101000 	 0.7970919 
101500 	 0.8218123 
102000 	 0.7923479 
102500 	 0.790767 
103000 	 0.7741204 
103500 	 0.8234331 
104000 	 0.7921289 
104500 	 0.76872 
105000 	 0.7877029 
105500 	 0.7894515 
106000 	 0.7563967 
106500 	 0.7812163 
107000 	 0.8221214 
107500 	 0.7943145 
108000 	 0.8019976 
108500 	 0.7429004 
109000 	 0.7843708 
109500 	 0.798931 
110000 	 0.8090586 
110500 	 0.7699234 
111000 	 0.7953468 
111500 	 0.7907037 
112000 	 0.7663692 
112500 	 0.772381 
113000 	 0.7815877 
113500 	 0.7949211 
114000 	 0.82128 
114500 	 0.7590239 
115000 	 0.7545101 
115500 	 0.7874682 
116000 	 0.7749802 
116500 	 0.773061 
117000 	 0.7146039 
117500 	 0.7834215 
118000 	 0.8022034 
118500 	 0.7925572 
119000 	 0.7371316 
119500 	 0.8170728 
120000 	 0.8040319 
120500 	 0.8159529 
121000 	 0.8026289 
121500 	 0.7859316 
122000 	 0.7675709 
122500 	 0.8119606 
123000 	 0.7942491 
123500 	 0.8168529 
124000 	 0.7906448 
124500 	 0.7949728 
125000 	 0.7741929 
125500 	 0.836926 
126000 	 0.7770585 
126500 	 0.7797958 
127000 	 0.7704439 
127500 	 0.788275 
128000 	 0.8193744 
128500 	 0.8031554 
129000 	 0.8280378 
129500 	 0.7931215 
130000 	 0.8140633 
130500 	 0.7840689 
131000 	 0.7978762 
131500 	 0.7653444 
132000 	 0.8136188 
132500 	 0.7740003 
133000 	 0.7942941 
133500 	 0.7929677 
134000 	 0.8258354 
134500 	 0.8200188 
135000 	 0.796737 
135500 	 0.8021216 
136000 	 0.7579363 
136500 	 0.7722655 
137000 	 0.7523292 
137500 	 0.7521303 
138000 	 0.7607412 
138500 	 0.8227494 
139000 	 0.7294806 
139500 	 0.7419554 
140000 	 0.7105977 
140500 	 0.7807524 
141000 	 0.8450469 
141500 	 0.8661279 
142000 	 0.8171039 
142500 	 0.7554913 
143000 	 0.7550959 
143500 	 0.7613217 
144000 	 0.7522887 
144500 	 0.7845387 
145000 	 0.8060166 
145500 	 0.7798195 
146000 	 0.8346192 
146500 	 0.7949569 
147000 	 0.7719921 
147500 	 0.8051357 
148000 	 0.7872836 
148500 	 0.8002349 
149000 	 0.7739776 
149500 	 0.7326667 
150000 	 0.7251035 
150500 	 0.7940907 
151000 	 0.8634376 
151500 	 0.798229 
152000 	 0.7568762 
152500 	 0.7893645 
153000 	 0.7724877 
153500 	 0.6948999 
154000 	 0.7805799 
154500 	 0.7488891 
155000 	 0.7597561 
155500 	 0.8289999 
156000 	 0.7506063 
156500 	 0.8358911 
157000 	 0.7918858 
157500 	 0.808543 
158000 	 0.8072151 
158500 	 0.8032077 
159000 	 0.8146303 
159500 	 0.7788648 
160000 	 0.8049281 
160500 	 0.7906741 
161000 	 0.8247221 
161500 	 0.8085008 
162000 	 0.7703282 
162500 	 0.7861856 
163000 	 0.8015291 
163500 	 0.7908388 
164000 	 0.8326729 
164500 	 0.8019837 
165000 	 0.8027823 
165500 	 0.7854651 
166000 	 0.7797902 
166500 	 0.7881754 
167000 	 0.790573 
167500 	 0.7911796 
168000 	 0.7817014 
168500 	 0.7461159 
169000 	 0.7452839 
169500 	 0.8225364 
170000 	 0.7289753 
170500 	 0.8181905 
171000 	 0.7465254 
171500 	 0.7821553 
172000 	 0.8038959 
172500 	 0.8018984 
173000 	 0.7956794 
173500 	 0.810285 
174000 	 0.7941807 
174500 	 0.7849864 
175000 	 0.8466289 
175500 	 0.8021523 
176000 	 0.7998652 
176500 	 0.7275561 
177000 	 0.8430478 
177500 	 0.8192112 
178000 	 0.7488897 
178500 	 0.7737293 
179000 	 0.7555966 
179500 	 0.7764229 
180000 	 0.7850795 
180500 	 0.7626779 
181000 	 0.7843908 
181500 	 0.779478 
182000 	 0.8126774 
182500 	 0.8146063 
183000 	 0.8004372 
183500 	 0.7877024 
184000 	 0.7415623 
184500 	 0.7824087 
185000 	 0.737937 
185500 	 0.8283971 
186000 	 0.8280869 
186500 	 0.8130712 
187000 	 0.7072726 
187500 	 0.767869 
188000 	 0.7826486 
188500 	 0.8271682 
189000 	 0.7612425 
189500 	 0.7871555 
190000 	 0.734279 
190500 	 0.7816667 
191000 	 0.7988637 
191500 	 0.7817721 
192000 	 0.8388142 
192500 	 0.6836408 
193000 	 0.789824 
193500 	 0.7261262 
194000 	 0.7887406 
194500 	 0.8292344 
195000 	 0.7471527 
195500 	 0.7850045 
196000 	 0.7880431 
196500 	 0.7296786 
197000 	 0.7701901 
197500 	 0.8057243 
198000 	 0.8226644 
198500 	 0.8016446 
199000 	 0.8444256 
199500 	 0.7999474 
200000 	 0.8140327 
200500 	 0.8532149 
201000 	 0.790524 
201500 	 0.8116446 
202000 	 0.7340365 
202500 	 0.7736447 
203000 	 0.8046456 
203500 	 0.8062504 
204000 	 0.7393025 
204500 	 0.7856545 
205000 	 0.780503 
205500 	 0.773251 
206000 	 0.8070941 
206500 	 0.7906032 
207000 	 0.7643645 
207500 	 0.7969013 
208000 	 0.7993144 
208500 	 0.776856 
209000 	 0.7768806 
209500 	 0.7764909 
210000 	 0.7436502 
210500 	 0.7659527 
211000 	 0.756838 
211500 	 0.7388946 
212000 	 0.8197222 
212500 	 0.7921082 
213000 	 0.7869468 
213500 	 0.8296657 
214000 	 0.7635553 
214500 	 0.8098919 
215000 	 0.8096373 
215500 	 0.7653419 
216000 	 0.7849875 
216500 	 0.7971406 
217000 	 0.8020764 
217500 	 0.8076872 
218000 	 0.7527697 
218500 	 0.7654463 
219000 	 0.7775918 
219500 	 0.7430707 
220000 	 0.7608466 
220500 	 0.8016173 
221000 	 0.8004956 
221500 	 0.8031882 
222000 	 0.8058736 
222500 	 0.6871383 
223000 	 0.7973546 
223500 	 0.8347509 
224000 	 0.7540038 
224500 	 0.8192603 
225000 	 0.8016212 
225500 	 0.778494 
226000 	 0.825017 
226500 	 0.8600925 
227000 	 0.7807072 
227500 	 0.8091745 
228000 	 0.8004964 
228500 	 0.7709552 
229000 	 0.7613189 
229500 	 0.7609468 
230000 	 0.7653204 
230500 	 0.8099994 
231000 	 0.8365256 
231500 	 0.799287 
232000 	 0.7312879 
232500 	 0.780928 
233000 	 0.8118067 
233500 	 0.7525165 
234000 	 0.7757258 
234500 	 0.7781872 
235000 	 0.7644373 
235500 	 0.7560116 
236000 	 0.780759 
236500 	 0.795154 
237000 	 0.8026436 
237500 	 0.7590874 
238000 	 0.7480906 
238500 	 0.7809565 
239000 	 0.811222 
239500 	 0.7671913 
240000 	 0.8184069 
240500 	 0.7796784 
241000 	 0.8160827 
241500 	 0.8200541 
242000 	 0.8017375 
242500 	 0.7854438 
243000 	 0.7788648 
243500 	 0.7422673 
244000 	 0.850205 
244500 	 0.7811194 
245000 	 0.7957271 
245500 	 0.8068354 
246000 	 0.7348151 
246500 	 0.7806531 
247000 	 0.8062338 
247500 	 0.801184 
248000 	 0.7931364 
248500 	 0.7141673 
249000 	 0.8123557 
249500 	 0.7911074 
250000 	 0.7840308 
250500 	 0.7261594 
251000 	 0.7530652 
251500 	 0.7997241 
252000 	 0.7962081 
252500 	 0.8300489 
253000 	 0.7252638 
253500 	 0.8491156 
254000 	 0.7792406 
254500 	 0.6509992 
255000 	 0.7795174 
255500 	 0.814822 
256000 	 0.8044 
256500 	 0.8110726 
257000 	 0.7500045 
257500 	 0.7814902 
258000 	 0.8371364 
258500 	 0.8003495 
259000 	 0.7729385 
259500 	 0.7604582 
260000 	 0.8122841 
260500 	 0.7659813 
261000 	 0.7236471 
261500 	 0.7656451 
262000 	 0.7675871 
262500 	 0.8070657 
263000 	 0.8269597 
263500 	 0.8088977 
264000 	 0.8345855 
264500 	 0.7439163 
265000 	 0.7653534 
265500 	 0.7518142 
266000 	 0.798337 
266500 	 0.7967195 
267000 	 0.732936 
267500 	 0.8019568 
268000 	 0.8305409 
268500 	 0.815178 
269000 	 0.7565414 
269500 	 0.747063 
270000 	 0.7614463 
270500 	 0.797177 
271000 	 0.8180127 
271500 	 0.8173729 
272000 	 0.8372379 
272500 	 0.7617036 
273000 	 0.7420625 
273500 	 0.7622942 
274000 	 0.7823224 
274500 	 0.7914967 
275000 	 0.769343 
275500 	 0.7758004 
276000 	 0.8259938 
276500 	 0.7858571 
277000 	 0.7842333 
277500 	 0.7292981 
278000 	 0.8133871 
278500 	 0.7331719 
279000 	 0.7763212 
279500 	 0.7868939 
280000 	 0.7449901 
280500 	 0.7717871 
281000 	 0.7995789 
281500 	 0.7872323 
282000 	 0.7844676 
282500 	 0.7219636 
283000 	 0.8235368 
283500 	 0.7617905 
284000 	 0.767973 
284500 	 0.8229497 
285000 	 0.7677117 
285500 	 0.7547298 
286000 	 0.7560324 
286500 	 0.8142256 
287000 	 0.8103776 
287500 	 0.7716112 
288000 	 0.7125632 
288500 	 0.7466036 
289000 	 0.8404706 
289500 	 0.740521 
290000 	 0.7900385 
290500 	 0.7882795 
291000 	 0.7432001 
291500 	 0.7691199 
292000 	 0.8000105 
292500 	 0.7965723 
293000 	 0.8147468 
293500 	 0.85093 
294000 	 0.7379964 
294500 	 0.7406673 
295000 	 0.6647955 
295500 	 0.7740055 
296000 	 0.8419819 
296500 	 0.7637254 
297000 	 0.8337172 
297500 	 0.743159 
298000 	 0.7948365 
298500 	 0.8172751 
299000 	 0.7712854 
299500 	 0.8271748 
300000 	 0.7557309 
300500 	 0.8128952 
301000 	 0.773943 
301500 	 0.7916351 
302000 	 0.7777705 
302500 	 0.7768193 
303000 	 0.7577 
303500 	 0.8199375 
304000 	 0.8383352 
304500 	 0.7812099 
305000 	 0.7890415 
305500 	 0.7892981 
306000 	 0.7593315 
306500 	 0.8039058 
307000 	 0.8201432 
307500 	 0.8177628 
308000 	 0.7815074 
308500 	 0.8262847 
309000 	 0.8351155 
309500 	 0.7633471 
310000 	 0.8125187 
310500 	 0.7596023 
311000 	 0.7576438 
311500 	 0.7561153 
312000 	 0.7808264 
312500 	 0.82492 
313000 	 0.7431673 
313500 	 0.8062503 
314000 	 0.7864753 
314500 	 0.7639646 
315000 	 0.8475901 
315500 	 0.7958771 
316000 	 0.8283739 
316500 	 0.7810815 
317000 	 0.7694964 
317500 	 0.7976722 
318000 	 0.7095786 
318500 	 0.8161011 
319000 	 0.7829874 
319500 	 0.7644569 
320000 	 0.7722822 
320500 	 0.7867768 
321000 	 0.8114607 
321500 	 0.7879284 
322000 	 0.8162422 
322500 	 0.7974009 
323000 	 0.7872772 
323500 	 0.7055136 
324000 	 0.7699158 
324500 	 0.797775 
325000 	 0.7340989 
325500 	 0.7589852 
326000 	 0.816337 
326500 	 0.8299885 
327000 	 0.8099664 
327500 	 0.7852868 
328000 	 0.7715772 
328500 	 0.7886618 
329000 	 0.753811 
329500 	 0.7712506 
330000 	 0.764894 
330500 	 0.8036772 
331000 	 0.8172715 
331500 	 0.8330955 
332000 	 0.8196041 
332500 	 0.7424309 
333000 	 0.7557854 
333500 	 0.7580389 
334000 	 0.8112043 
334500 	 0.7768449 
335000 	 0.7957322 
335500 	 0.7305495 
336000 	 0.8069933 
336500 	 0.7716746 
337000 	 0.7019852 
337500 	 0.8119307 
338000 	 0.7982334 
338500 	 0.7577541 
339000 	 0.7900829 
339500 	 0.7620309 
340000 	 0.7801376 
340500 	 0.7663377 
341000 	 0.8062193 
341500 	 0.7956084 
342000 	 0.7374922 
342500 	 0.7672422 
343000 	 0.7626847 
343500 	 0.8464739 
344000 	 0.7800663 
344500 	 0.881104 
345000 	 0.7892287 
345500 	 0.8316702 
346000 	 0.813249 
346500 	 0.8027456 
347000 	 0.8405943 
347500 	 0.805638 
348000 	 0.7353768 
348500 	 0.7456845 
349000 	 0.7789928 
349500 	 0.7612207 
350000 	 0.7928508 
350500 	 0.788175 
351000 	 0.7620056 
351500 	 0.8094033 
352000 	 0.8094438 
352500 	 0.7487297 
353000 	 0.7549999 
353500 	 0.8292226 
354000 	 0.7853306 
354500 	 0.7427873 
355000 	 0.7909629 
355500 	 0.7807004 
356000 	 0.798291 
356500 	 0.7815564 
357000 	 0.7978692 
357500 	 0.8054942 
358000 	 0.7504059 
358500 	 0.8215399 
359000 	 0.7694461 
359500 	 0.7508105 
360000 	 0.7494018 
360500 	 0.84249 
361000 	 0.7804922 
361500 	 0.7644655 
362000 	 0.7646928 
362500 	 0.8184271 
363000 	 0.7917848 
363500 	 0.7864933 
364000 	 0.780751 
364500 	 0.7997271 
365000 	 0.7887635 
365500 	 0.7488224 
366000 	 0.8145312 
366500 	 0.8311103 
367000 	 0.7987938 
367500 	 0.7817209 
368000 	 0.778477 
368500 	 0.7586651 
369000 	 0.763584 
369500 	 0.7765117 
370000 	 0.7849187 
370500 	 0.7775653 
371000 	 0.7893356 
371500 	 0.8059673 
372000 	 0.8309956 
372500 	 0.7531628 
373000 	 0.822836 
373500 	 0.8539844 
374000 	 0.7699929 
374500 	 0.8351732 
375000 	 0.799124 
375500 	 0.7752951 
376000 	 0.7794813 
376500 	 0.8606982 
377000 	 0.7984366 
377500 	 0.8609403 
378000 	 0.8297126 
378500 	 0.7762472 
379000 	 0.8391551 
379500 	 0.7580146 
380000 	 0.750144 
380500 	 0.7833974 
381000 	 0.8335636 
381500 	 0.7608709 
382000 	 0.7650654 
382500 	 0.8112915 
383000 	 0.7484246 
383500 	 0.8263818 
384000 	 0.7838372 
384500 	 0.7939015 
385000 	 0.787834 
385500 	 0.7784311 
386000 	 0.7689955 
386500 	 0.7756497 
387000 	 0.7813411 
387500 	 0.7687842 
388000 	 0.8030476 
388500 	 0.7702389 
389000 	 0.7194633 
389500 	 0.8036923 
390000 	 0.7021663 
390500 	 0.7972785 
391000 	 0.8217395 
391500 	 0.7823195 
392000 	 0.8018716 
392500 	 0.8116045 
393000 	 0.8457106 
393500 	 0.8221245 
394000 	 0.7444667 
394500 	 0.7433834 
395000 	 0.7239895 
395500 	 0.7511249 
396000 	 0.7488022 
396500 	 0.7930469 
397000 	 0.8523308 
397500 	 0.8022641 
398000 	 0.7635029 
398500 	 0.8081891 
399000 	 0.7919831 
399500 	 0.7542449 
400000 	 0.7165166 
400500 	 0.8186824 
401000 	 0.7526604 
401500 	 0.7921109 
402000 	 0.7996822 
402500 	 0.7264014 
403000 	 0.7778701 
403500 	 0.8165651 
404000 	 0.758705 
404500 	 0.8061384 
405000 	 0.8208313 
405500 	 0.8006222 
406000 	 0.8222436 
406500 	 0.7861527 
407000 	 0.7881859 
407500 	 0.7579755 
408000 	 0.7910587 
408500 	 0.7992573 
409000 	 0.8023331 
409500 	 0.8222411 
410000 	 0.7787406 
410500 	 0.7745494 
411000 	 0.7211856 
411500 	 0.7732608 
412000 	 0.7880067 
412500 	 0.7701955 
413000 	 0.7611076 
413500 	 0.831266 
414000 	 0.8231133 
414500 	 0.7525073 
415000 	 0.7794981 
415500 	 0.8033312 
416000 	 0.8231433 
416500 	 0.832994 
417000 	 0.7641249 
417500 	 0.7776088 
418000 	 0.7626347 
418500 	 0.8450575 
419000 	 0.8416615 
419500 	 0.7864569 
420000 	 0.8172224 
420500 	 0.8321011 
421000 	 0.8514549 
421500 	 0.7345593 
422000 	 0.8164718 
422500 	 0.7495998 
423000 	 0.8123365 
423500 	 0.8175129 
424000 	 0.7882362 
424500 	 0.7767915 
425000 	 0.8140441 
425500 	 0.7812082 
426000 	 0.7152225 
426500 	 0.8051362 
427000 	 0.8001591 
427500 	 0.7635449 
428000 	 0.8206869 
428500 	 0.7662609 
429000 	 0.7616617 
429500 	 0.8341281 
430000 	 0.7904106 
430500 	 0.8249893 
431000 	 0.8424873 
431500 	 0.7734574 
432000 	 0.8188416 
432500 	 0.7744218 
433000 	 0.7505681 
433500 	 0.7454844 
434000 	 0.8313455 
434500 	 0.7922714 
435000 	 0.8016138 
435500 	 0.8098118 
436000 	 0.7959048 
436500 	 0.8344406 
437000 	 0.7837009 
437500 	 0.7123863 
438000 	 0.8193609 
438500 	 0.7751178 
439000 	 0.7434966 
439500 	 0.7757676 
440000 	 0.8392555 
440500 	 0.8479293 
441000 	 0.8393436 
441500 	 0.7784594 
442000 	 0.8378883 
442500 	 0.7884295 
443000 	 0.7930409 
443500 	 0.8143163 
444000 	 0.7986582 
444500 	 0.789251 
445000 	 0.7799491 
445500 	 0.7998947 
446000 	 0.7556293 
446500 	 0.8220264 
447000 	 0.7870525 
447500 	 0.7440208 
448000 	 0.7501642 
448500 	 0.8199012 
449000 	 0.7418486 
449500 	 0.8180967 
450000 	 0.7882061 
450500 	 0.7515831 
451000 	 0.8001855 
451500 	 0.8076918 
452000 	 0.7772945 
452500 	 0.7888773 
453000 	 0.7901396 
453500 	 0.760839 
454000 	 0.7907018 
454500 	 0.8354785 
455000 	 0.8268829 
455500 	 0.8268011 
456000 	 0.8080259 
456500 	 0.8041892 
457000 	 0.7777367 
457500 	 0.8076828 
458000 	 0.7537409 
458500 	 0.8211358 
459000 	 0.8143723 
459500 	 0.7590849 
460000 	 0.848732 
460500 	 0.8125061 
461000 	 0.7445356 
461500 	 0.8249516 
462000 	 0.829547 
462500 	 0.8444296 
463000 	 0.7949482 
463500 	 0.7707464 
464000 	 0.7701514 
464500 	 0.759859 
465000 	 0.7781113 
465500 	 0.7905341 
466000 	 0.7535762 
466500 	 0.7564668 
467000 	 0.8127433 
467500 	 0.8194665 
468000 	 0.7386341 
468500 	 0.8385453 
469000 	 0.7705181 
469500 	 0.7895357 
470000 	 0.8405757 
470500 	 0.7813405 
471000 	 0.7725181 
471500 	 0.8261478 
472000 	 0.8075904 
472500 	 0.78161 
473000 	 0.785131 
473500 	 0.816355 
474000 	 0.8210802 
474500 	 0.8505738 
475000 	 0.8383053 
475500 	 0.7872482 
476000 	 0.8151703 
476500 	 0.7517459 
477000 	 0.7933621 
477500 	 0.7616024 
478000 	 0.7536009 
478500 	 0.7801873 
479000 	 0.7249751 
479500 	 0.8286519 
480000 	 0.7364609 
480500 	 0.7671889 
481000 	 0.824423 
481500 	 0.7724736 
482000 	 0.7828467 
482500 	 0.8248018 
483000 	 0.7773777 
483500 	 0.744093 
484000 	 0.7614198 
484500 	 0.7844779 
485000 	 0.7733881 
485500 	 0.7757741 
486000 	 0.8012392 
486500 	 0.7602864 
487000 	 0.7939181 
487500 	 0.7936179 
488000 	 0.8024199 
488500 	 0.8337094 
489000 	 0.7841587 
489500 	 0.7836874 
490000 	 0.7627482 
490500 	 0.7740512 
491000 	 0.7891293 
491500 	 0.7840842 
492000 	 0.8355773 
492500 	 0.7271451 
493000 	 0.8814446 
493500 	 0.803492 
494000 	 0.7877543 
494500 	 0.8231372 
495000 	 0.8295667 
495500 	 0.7808226 
496000 	 0.8398327 
496500 	 0.7394626 
497000 	 0.7702167 
497500 	 0.7893604 
498000 	 0.7834523 
498500 	 0.7815302 
499000 	 0.7984172 
499500 	 0.7979331 
500000 	 0.7710045 
