iter 	 p
500 	 0.8171329 
1000 	 0.827568 
1500 	 0.8235201 
2000 	 0.8265417 
2500 	 0.7993948 
3000 	 0.7952247 
3500 	 0.8306145 
4000 	 0.8192376 
4500 	 0.7687096 
5000 	 0.8182919 
5500 	 0.7464313 
6000 	 0.8380749 
6500 	 0.7979797 
7000 	 0.8474274 
7500 	 0.8372578 
8000 	 0.7862734 
8500 	 0.7600371 
9000 	 0.7822273 
9500 	 0.8547098 
10000 	 0.8436863 
10500 	 0.7469378 
11000 	 0.8193094 
11500 	 0.7744535 
12000 	 0.8259726 
12500 	 0.8179071 
13000 	 0.8423707 
13500 	 0.7292993 
14000 	 0.8053773 
14500 	 0.8191036 
15000 	 0.7303816 
15500 	 0.8126483 
16000 	 0.8322072 
16500 	 0.7786494 
17000 	 0.8443885 
17500 	 0.8287239 
18000 	 0.8323857 
18500 	 0.8173134 
19000 	 0.8324641 
19500 	 0.8032421 
20000 	 0.8338945 
20500 	 0.8084697 
21000 	 0.8115318 
21500 	 0.8749418 
22000 	 0.7667598 
22500 	 0.8069 
23000 	 0.8022297 
23500 	 0.8373323 
24000 	 0.7974876 
24500 	 0.8083386 
25000 	 0.8340409 
25500 	 0.8623562 
26000 	 0.8293945 
26500 	 0.8149134 
27000 	 0.8497953 
27500 	 0.8413112 
28000 	 0.8121233 
28500 	 0.8021875 
29000 	 0.7786755 
29500 	 0.8158621 
30000 	 0.8172079 
30500 	 0.802053 
31000 	 0.8298046 
31500 	 0.818908 
32000 	 0.7948535 
32500 	 0.7750774 
33000 	 0.8424686 
33500 	 0.8104418 
34000 	 0.7812367 
34500 	 0.8065419 
35000 	 0.8086451 
35500 	 0.7964205 
36000 	 0.8261348 
36500 	 0.808562 
37000 	 0.7960545 
37500 	 0.861324 
38000 	 0.8273146 
38500 	 0.7994933 
39000 	 0.8686571 
39500 	 0.8114716 
40000 	 0.8356021 
40500 	 0.7496268 
41000 	 0.7998091 
41500 	 0.7189612 
42000 	 0.793285 
42500 	 0.8165008 
43000 	 0.7821113 
43500 	 0.7596979 
44000 	 0.8134189 
44500 	 0.8491869 
45000 	 0.8050508 
45500 	 0.8102259 
46000 	 0.8228896 
46500 	 0.808247 
47000 	 0.8738922 
47500 	 0.7413373 
48000 	 0.8092517 
48500 	 0.8154425 
49000 	 0.8269056 
49500 	 0.818986 
50000 	 0.7964489 
50500 	 0.776866 
51000 	 0.8339898 
51500 	 0.732508 
52000 	 0.8094192 
52500 	 0.8378253 
53000 	 0.7827069 
53500 	 0.8024933 
54000 	 0.8642433 
54500 	 0.8083633 
55000 	 0.8161998 
55500 	 0.8753696 
56000 	 0.7981405 
56500 	 0.8351868 
57000 	 0.8197522 
57500 	 0.7989858 
58000 	 0.7747973 
58500 	 0.7707262 
59000 	 0.822695 
59500 	 0.7943095 
60000 	 0.8060428 
60500 	 0.8489768 
61000 	 0.7805811 
61500 	 0.7462239 
62000 	 0.7793078 
62500 	 0.7353465 
63000 	 0.7697061 
63500 	 0.7943013 
64000 	 0.8041102 
64500 	 0.7972402 
65000 	 0.7636885 
65500 	 0.8468127 
66000 	 0.8195542 
66500 	 0.8363419 
67000 	 0.8263396 
67500 	 0.808259 
68000 	 0.8409206 
68500 	 0.7997639 
69000 	 0.8184704 
69500 	 0.8144042 
70000 	 0.7944428 
70500 	 0.849857 
71000 	 0.780406 
71500 	 0.7903357 
72000 	 0.7926568 
72500 	 0.8006802 
73000 	 0.7950181 
73500 	 0.7694348 
74000 	 0.7980122 
74500 	 0.762225 
75000 	 0.8390393 
75500 	 0.8162607 
76000 	 0.7918795 
76500 	 0.8168996 
77000 	 0.8502982 
77500 	 0.757372 
78000 	 0.7399369 
78500 	 0.8373305 
79000 	 0.8148899 
79500 	 0.7867024 
80000 	 0.8054295 
80500 	 0.8326153 
81000 	 0.7796044 
81500 	 0.8085319 
82000 	 0.8066428 
82500 	 0.8001352 
83000 	 0.8328662 
83500 	 0.7559511 
84000 	 0.8220584 
84500 	 0.8256239 
85000 	 0.7596124 
85500 	 0.8078292 
86000 	 0.8358205 
86500 	 0.8466701 
87000 	 0.8279737 
87500 	 0.770622 
88000 	 0.832037 
88500 	 0.8287359 
89000 	 0.8027016 
89500 	 0.8554084 
90000 	 0.7900514 
90500 	 0.828531 
91000 	 0.7855586 
91500 	 0.8068421 
92000 	 0.7249981 
92500 	 0.8426239 
93000 	 0.7875099 
93500 	 0.8058776 
94000 	 0.8427975 
94500 	 0.8430127 
95000 	 0.860192 
95500 	 0.7848531 
96000 	 0.8148088 
96500 	 0.7486387 
97000 	 0.8084179 
97500 	 0.8044802 
98000 	 0.7899847 
98500 	 0.8386638 
99000 	 0.790761 
99500 	 0.7525306 
100000 	 0.8950236 
100500 	 0.7279892 
101000 	 0.8410822 
101500 	 0.8921519 
102000 	 0.8388685 
102500 	 0.7777406 
103000 	 0.8247589 
103500 	 0.8060516 
104000 	 0.8186257 
104500 	 0.8154036 
105000 	 0.7526821 
105500 	 0.8250045 
106000 	 0.7755005 
106500 	 0.7433825 
107000 	 0.7050921 
107500 	 0.7509391 
108000 	 0.8070044 
108500 	 0.8503601 
109000 	 0.7781139 
109500 	 0.7909195 
110000 	 0.8397213 
110500 	 0.8243089 
111000 	 0.8608264 
111500 	 0.8010044 
112000 	 0.8434573 
112500 	 0.8146717 
113000 	 0.7965136 
113500 	 0.7891397 
114000 	 0.8414336 
114500 	 0.8194044 
115000 	 0.8076477 
115500 	 0.8432682 
116000 	 0.7952686 
116500 	 0.8348411 
117000 	 0.8288223 
117500 	 0.8205417 
118000 	 0.79927 
118500 	 0.7953416 
119000 	 0.7861483 
119500 	 0.8816257 
120000 	 0.7970187 
120500 	 0.7769004 
121000 	 0.7841416 
121500 	 0.8030024 
122000 	 0.7949923 
122500 	 0.8389521 
123000 	 0.8634914 
123500 	 0.8134403 
124000 	 0.8333814 
124500 	 0.8566035 
125000 	 0.7860563 
125500 	 0.8091287 
126000 	 0.8105468 
126500 	 0.8432871 
127000 	 0.8402198 
127500 	 0.8479337 
128000 	 0.7928038 
128500 	 0.7803417 
129000 	 0.8111162 
129500 	 0.8134662 
130000 	 0.8292622 
130500 	 0.8410385 
131000 	 0.8475606 
131500 	 0.8645323 
132000 	 0.8377326 
132500 	 0.8209633 
133000 	 0.7989452 
133500 	 0.8204169 
134000 	 0.8392669 
134500 	 0.8403201 
135000 	 0.773144 
135500 	 0.8586218 
136000 	 0.8082696 
136500 	 0.8100185 
137000 	 0.8351521 
137500 	 0.8350525 
138000 	 0.8126774 
138500 	 0.8021549 
139000 	 0.8188882 
139500 	 0.8184533 
140000 	 0.8076979 
140500 	 0.8043109 
141000 	 0.8336372 
141500 	 0.8340734 
142000 	 0.9077823 
142500 	 0.8453699 
143000 	 0.7771358 
143500 	 0.8009267 
144000 	 0.7356724 
144500 	 0.8182427 
145000 	 0.8352888 
145500 	 0.7837686 
146000 	 0.8554023 
146500 	 0.7899323 
147000 	 0.7664521 
147500 	 0.8417986 
148000 	 0.7864406 
148500 	 0.7927409 
149000 	 0.7901668 
149500 	 0.8331059 
150000 	 0.797897 
150500 	 0.8191979 
151000 	 0.7911793 
151500 	 0.8506393 
152000 	 0.8194748 
152500 	 0.8160726 
153000 	 0.7275311 
153500 	 0.8167999 
154000 	 0.8366757 
154500 	 0.7397611 
155000 	 0.8091606 
155500 	 0.8004278 
156000 	 0.835444 
156500 	 0.8155001 
157000 	 0.8228257 
157500 	 0.8113099 
158000 	 0.8098791 
158500 	 0.8186089 
159000 	 0.8182863 
159500 	 0.813867 
160000 	 0.8151289 
160500 	 0.841835 
161000 	 0.7736333 
161500 	 0.8033134 
162000 	 0.7988088 
162500 	 0.8090615 
163000 	 0.8312351 
163500 	 0.842417 
164000 	 0.8246081 
164500 	 0.8256206 
165000 	 0.7775688 
165500 	 0.8121456 
166000 	 0.7914272 
166500 	 0.8438594 
167000 	 0.8388118 
167500 	 0.8281773 
168000 	 0.7666087 
168500 	 0.818784 
169000 	 0.7685153 
169500 	 0.8427494 
170000 	 0.7695387 
170500 	 0.7799347 
171000 	 0.7911354 
171500 	 0.8186803 
172000 	 0.8316629 
172500 	 0.8050216 
173000 	 0.844426 
173500 	 0.8560994 
174000 	 0.8256614 
174500 	 0.8242694 
175000 	 0.8087105 
175500 	 0.8183318 
176000 	 0.8119883 
176500 	 0.7870013 
177000 	 0.830404 
177500 	 0.8484908 
178000 	 0.7616517 
178500 	 0.8107999 
179000 	 0.8181912 
179500 	 0.8083624 
180000 	 0.8066054 
180500 	 0.8165713 
181000 	 0.7828969 
181500 	 0.8213673 
182000 	 0.7976138 
182500 	 0.7633831 
183000 	 0.806228 
183500 	 0.7813469 
184000 	 0.8664982 
184500 	 0.794181 
185000 	 0.8180564 
185500 	 0.8335533 
186000 	 0.8104101 
186500 	 0.7810179 
187000 	 0.8259932 
187500 	 0.8101692 
188000 	 0.8010341 
188500 	 0.8158901 
189000 	 0.8877556 
189500 	 0.8131519 
190000 	 0.8266522 
190500 	 0.8380333 
191000 	 0.767279 
191500 	 0.830443 
192000 	 0.793465 
192500 	 0.7785095 
193000 	 0.8231234 
193500 	 0.8155616 
194000 	 0.7944458 
194500 	 0.7915024 
195000 	 0.8100963 
195500 	 0.8182722 
196000 	 0.8351364 
196500 	 0.8841207 
197000 	 0.8419255 
197500 	 0.7926279 
198000 	 0.8007461 
198500 	 0.8026731 
199000 	 0.8731347 
199500 	 0.8465832 
200000 	 0.8169422 
200500 	 0.8306942 
201000 	 0.8677219 
201500 	 0.8087009 
202000 	 0.7873602 
202500 	 0.7734298 
203000 	 0.8099531 
203500 	 0.8224798 
204000 	 0.8639284 
204500 	 0.8235574 
205000 	 0.8079798 
205500 	 0.8322343 
206000 	 0.8007514 
206500 	 0.8318362 
207000 	 0.7813957 
207500 	 0.8195764 
208000 	 0.7957111 
208500 	 0.841791 
209000 	 0.7997849 
209500 	 0.7765705 
210000 	 0.829445 
210500 	 0.770354 
211000 	 0.8463603 
211500 	 0.8078397 
212000 	 0.8128633 
212500 	 0.8016198 
213000 	 0.7854058 
213500 	 0.859433 
214000 	 0.8501141 
214500 	 0.8282218 
215000 	 0.7778043 
215500 	 0.8632961 
216000 	 0.8237386 
216500 	 0.8042696 
217000 	 0.777537 
217500 	 0.7960467 
218000 	 0.8707806 
218500 	 0.8015241 
219000 	 0.7391275 
219500 	 0.8225044 
220000 	 0.8268518 
220500 	 0.8708951 
221000 	 0.8707452 
221500 	 0.844139 
222000 	 0.8464572 
222500 	 0.8017468 
223000 	 0.7772056 
223500 	 0.836535 
224000 	 0.8414201 
224500 	 0.7984869 
225000 	 0.7386327 
225500 	 0.8162611 
226000 	 0.7899558 
226500 	 0.8317058 
227000 	 0.7620385 
227500 	 0.7628465 
228000 	 0.7133045 
228500 	 0.8003982 
229000 	 0.8121881 
229500 	 0.8196419 
230000 	 0.8661864 
230500 	 0.8361921 
231000 	 0.7748439 
231500 	 0.8535191 
232000 	 0.8201295 
232500 	 0.779736 
233000 	 0.7893637 
233500 	 0.8511188 
234000 	 0.7891551 
234500 	 0.8632764 
235000 	 0.8202866 
235500 	 0.8448568 
236000 	 0.7786132 
236500 	 0.8225641 
237000 	 0.8042942 
237500 	 0.762435 
238000 	 0.7870867 
238500 	 0.8384498 
239000 	 0.7733049 
239500 	 0.7813417 
240000 	 0.80354 
240500 	 0.8575122 
241000 	 0.8376558 
241500 	 0.7940395 
242000 	 0.817694 
242500 	 0.8259179 
243000 	 0.8162793 
243500 	 0.8057574 
244000 	 0.8085056 
244500 	 0.8626644 
245000 	 0.7980648 
245500 	 0.7492979 
246000 	 0.760391 
246500 	 0.7926257 
247000 	 0.840362 
247500 	 0.7924738 
248000 	 0.7947992 
248500 	 0.7206758 
249000 	 0.8012695 
249500 	 0.823197 
250000 	 0.8691956 
250500 	 0.80916 
251000 	 0.8180899 
251500 	 0.7761497 
252000 	 0.6948913 
252500 	 0.8304787 
253000 	 0.8397739 
253500 	 0.8251322 
254000 	 0.848482 
254500 	 0.8406526 
255000 	 0.8750574 
255500 	 0.8436961 
256000 	 0.8486503 
256500 	 0.8536461 
257000 	 0.8095345 
257500 	 0.8374414 
258000 	 0.8431684 
258500 	 0.73902 
259000 	 0.7762898 
259500 	 0.8168158 
260000 	 0.8466829 
260500 	 0.8367171 
261000 	 0.7738834 
261500 	 0.8113287 
262000 	 0.8306974 
262500 	 0.8513127 
263000 	 0.785298 
263500 	 0.8719036 
264000 	 0.8044553 
264500 	 0.8305124 
265000 	 0.8047832 
265500 	 0.7996126 
266000 	 0.8017631 
266500 	 0.804965 
267000 	 0.8156563 
267500 	 0.8486857 
268000 	 0.7530712 
268500 	 0.7954266 
269000 	 0.8401816 
269500 	 0.7849989 
270000 	 0.8025778 
270500 	 0.8533103 
271000 	 0.7899399 
271500 	 0.8312206 
272000 	 0.8133434 
272500 	 0.8313682 
273000 	 0.7592488 
273500 	 0.8594303 
274000 	 0.8122395 
274500 	 0.8046332 
275000 	 0.8140839 
275500 	 0.8437317 
276000 	 0.821416 
276500 	 0.818802 
277000 	 0.8180497 
277500 	 0.8382821 
278000 	 0.8324132 
278500 	 0.8404529 
279000 	 0.8092407 
279500 	 0.865016 
280000 	 0.8343822 
280500 	 0.8336527 
281000 	 0.8440464 
281500 	 0.8257853 
282000 	 0.8387207 
282500 	 0.840688 
283000 	 0.764421 
283500 	 0.8392928 
284000 	 0.860516 
284500 	 0.8459085 
285000 	 0.8034168 
285500 	 0.7700037 
286000 	 0.7820899 
286500 	 0.8338692 
287000 	 0.7966715 
287500 	 0.7877092 
288000 	 0.8193465 
288500 	 0.8446212 
289000 	 0.7749167 
289500 	 0.823708 
290000 	 0.845621 
290500 	 0.823725 
291000 	 0.898423 
291500 	 0.7819242 
292000 	 0.8316437 
292500 	 0.7874646 
293000 	 0.8519869 
293500 	 0.8025375 
294000 	 0.8705712 
294500 	 0.8211242 
295000 	 0.821063 
295500 	 0.7874433 
296000 	 0.7199027 
296500 	 0.8054827 
297000 	 0.8353452 
297500 	 0.7666569 
298000 	 0.8260574 
298500 	 0.8297076 
299000 	 0.778427 
299500 	 0.8251612 
300000 	 0.8468519 
300500 	 0.8199007 
301000 	 0.8053128 
301500 	 0.8331155 
302000 	 0.8128145 
302500 	 0.7723499 
303000 	 0.8446082 
303500 	 0.8060478 
304000 	 0.7964641 
304500 	 0.7630365 
305000 	 0.8271515 
305500 	 0.8168164 
306000 	 0.8695882 
306500 	 0.8313832 
307000 	 0.8086031 
307500 	 0.7843023 
308000 	 0.8289489 
308500 	 0.8426121 
309000 	 0.8418282 
309500 	 0.8258906 
310000 	 0.8089467 
310500 	 0.8257568 
311000 	 0.8087832 
311500 	 0.8298365 
312000 	 0.8094959 
312500 	 0.7886952 
313000 	 0.8114242 
313500 	 0.8132459 
314000 	 0.7938317 
314500 	 0.7672061 
315000 	 0.8527782 
315500 	 0.7945885 
316000 	 0.8010156 
316500 	 0.7976732 
317000 	 0.8275079 
317500 	 0.7552243 
318000 	 0.8591422 
318500 	 0.7977303 
319000 	 0.8239203 
319500 	 0.8311441 
320000 	 0.7785606 
320500 	 0.829044 
321000 	 0.7521781 
321500 	 0.861967 
322000 	 0.8506303 
322500 	 0.8351337 
323000 	 0.8540641 
323500 	 0.7545946 
324000 	 0.8189169 
324500 	 0.795667 
325000 	 0.8037126 
325500 	 0.7970053 
326000 	 0.7937742 
326500 	 0.7779641 
327000 	 0.7899775 
327500 	 0.8181096 
328000 	 0.8014411 
328500 	 0.802117 
329000 	 0.8048872 
329500 	 0.8581571 
330000 	 0.8076337 
330500 	 0.8034566 
331000 	 0.7773035 
331500 	 0.8572132 
332000 	 0.8147276 
332500 	 0.8303441 
333000 	 0.820865 
333500 	 0.8300601 
334000 	 0.8088088 
334500 	 0.8122921 
335000 	 0.8123607 
335500 	 0.782153 
336000 	 0.7958326 
336500 	 0.7777474 
337000 	 0.8295216 
337500 	 0.7971453 
338000 	 0.7466413 
338500 	 0.8144464 
339000 	 0.8629982 
339500 	 0.8659477 
340000 	 0.7744017 
340500 	 0.8144819 
341000 	 0.8104444 
341500 	 0.813053 
342000 	 0.8183513 
342500 	 0.7711458 
343000 	 0.8316394 
343500 	 0.8073369 
344000 	 0.8013784 
344500 	 0.7587063 
345000 	 0.812806 
345500 	 0.8502553 
346000 	 0.838247 
346500 	 0.8418689 
347000 	 0.8029026 
347500 	 0.8195943 
348000 	 0.8047682 
348500 	 0.834129 
349000 	 0.7840572 
349500 	 0.768772 
350000 	 0.8477156 
350500 	 0.8214137 
351000 	 0.8405065 
351500 	 0.7995965 
352000 	 0.8441922 
352500 	 0.7842693 
353000 	 0.8063893 
353500 	 0.8380031 
354000 	 0.7655188 
354500 	 0.8351252 
355000 	 0.8206742 
355500 	 0.8307558 
356000 	 0.8146948 
356500 	 0.7988943 
357000 	 0.8471341 
357500 	 0.7820997 
358000 	 0.7723566 
358500 	 0.7647636 
359000 	 0.830919 
359500 	 0.7691029 
360000 	 0.8071747 
360500 	 0.8306382 
361000 	 0.8247395 
361500 	 0.8043022 
362000 	 0.7219033 
362500 	 0.8046822 
363000 	 0.7758267 
363500 	 0.7853984 
364000 	 0.839722 
364500 	 0.8452924 
365000 	 0.8166824 
365500 	 0.8192672 
366000 	 0.7893041 
366500 	 0.8416534 
367000 	 0.7912676 
367500 	 0.8107919 
368000 	 0.8390459 
368500 	 0.8452754 
369000 	 0.8065791 
369500 	 0.7870283 
370000 	 0.802016 
370500 	 0.7987706 
371000 	 0.8351325 
371500 	 0.7925388 
372000 	 0.8694163 
372500 	 0.8556822 
373000 	 0.8006782 
373500 	 0.8085943 
374000 	 0.7723725 
374500 	 0.8253999 
375000 	 0.7917551 
375500 	 0.8355033 
376000 	 0.7889566 
376500 	 0.8230028 
377000 	 0.7624332 
377500 	 0.8133741 
378000 	 0.8311082 
378500 	 0.813789 
379000 	 0.8400393 
379500 	 0.7462516 
380000 	 0.7969854 
380500 	 0.8392297 
381000 	 0.8023856 
381500 	 0.784595 
382000 	 0.7596989 
382500 	 0.8448005 
383000 	 0.833034 
383500 	 0.8160069 
384000 	 0.7589618 
384500 	 0.8409065 
385000 	 0.7946251 
385500 	 0.8155617 
386000 	 0.8147647 
386500 	 0.8275044 
387000 	 0.7958697 
387500 	 0.810502 
388000 	 0.8118041 
388500 	 0.7981139 
389000 	 0.8294867 
389500 	 0.8102043 
390000 	 0.8429651 
390500 	 0.7688388 
391000 	 0.8351373 
391500 	 0.8507109 
392000 	 0.8460815 
392500 	 0.7717086 
393000 	 0.8310077 
393500 	 0.7923179 
394000 	 0.8523231 
394500 	 0.7867423 
395000 	 0.8393594 
395500 	 0.7545052 
396000 	 0.8435224 
396500 	 0.8173273 
397000 	 0.8051895 
397500 	 0.8216485 
398000 	 0.830107 
398500 	 0.8722309 
399000 	 0.8263981 
399500 	 0.8387062 
400000 	 0.8240804 
400500 	 0.8403708 
401000 	 0.792439 
401500 	 0.749531 
402000 	 0.8295565 
402500 	 0.8322758 
403000 	 0.8097269 
403500 	 0.8350401 
404000 	 0.7715458 
404500 	 0.8045011 
405000 	 0.8501739 
405500 	 0.8522723 
406000 	 0.8561167 
406500 	 0.8302402 
407000 	 0.7820703 
407500 	 0.7911052 
408000 	 0.7854787 
408500 	 0.8110413 
409000 	 0.7590139 
409500 	 0.8663247 
410000 	 0.7919102 
410500 	 0.8271406 
411000 	 0.7954901 
411500 	 0.7944013 
412000 	 0.8353611 
412500 	 0.8317063 
413000 	 0.7988981 
413500 	 0.8090041 
414000 	 0.7888968 
414500 	 0.81632 
415000 	 0.8687018 
415500 	 0.8526379 
416000 	 0.8234976 
416500 	 0.7911846 
417000 	 0.8123995 
417500 	 0.7954605 
418000 	 0.8104868 
418500 	 0.8121927 
419000 	 0.7207738 
419500 	 0.7717169 
420000 	 0.7635811 
420500 	 0.8126273 
421000 	 0.8620717 
421500 	 0.7809429 
422000 	 0.8305078 
422500 	 0.8063964 
423000 	 0.8293559 
423500 	 0.8407857 
424000 	 0.770383 
424500 	 0.8101404 
425000 	 0.7576682 
425500 	 0.7369534 
426000 	 0.836185 
426500 	 0.8080665 
427000 	 0.807421 
427500 	 0.8178839 
428000 	 0.796653 
428500 	 0.8667393 
429000 	 0.8317939 
429500 	 0.8061788 
430000 	 0.8267437 
430500 	 0.801375 
431000 	 0.8368308 
431500 	 0.8437799 
432000 	 0.8656018 
432500 	 0.800294 
433000 	 0.8143727 
433500 	 0.8164773 
434000 	 0.7917406 
434500 	 0.8614428 
435000 	 0.7981446 
435500 	 0.8737366 
436000 	 0.8197377 
436500 	 0.8640316 
437000 	 0.814423 
437500 	 0.8567769 
438000 	 0.8002234 
438500 	 0.8112711 
439000 	 0.7729874 
439500 	 0.754313 
440000 	 0.7985427 
440500 	 0.7952571 
441000 	 0.8048435 
441500 	 0.8620009 
442000 	 0.7742387 
442500 	 0.8329189 
443000 	 0.7496599 
443500 	 0.8112716 
444000 	 0.7878529 
444500 	 0.8348014 
445000 	 0.8560122 
445500 	 0.7515609 
446000 	 0.733646 
446500 	 0.8106333 
447000 	 0.8170589 
447500 	 0.8101371 
448000 	 0.7489028 
448500 	 0.8333924 
449000 	 0.7418979 
449500 	 0.8698214 
450000 	 0.8166555 
450500 	 0.8349717 
451000 	 0.8304363 
451500 	 0.7794048 
452000 	 0.7772532 
452500 	 0.8027255 
453000 	 0.8358742 
453500 	 0.8270924 
454000 	 0.8561037 
454500 	 0.7980582 
455000 	 0.7987611 
455500 	 0.8363879 
456000 	 0.8136158 
456500 	 0.8073183 
457000 	 0.8173899 
457500 	 0.8224717 
458000 	 0.730303 
458500 	 0.8528106 
459000 	 0.7415032 
459500 	 0.8484097 
460000 	 0.8316212 
460500 	 0.7907502 
461000 	 0.8331983 
461500 	 0.8731833 
462000 	 0.8414456 
462500 	 0.8247184 
463000 	 0.8186172 
463500 	 0.8582104 
464000 	 0.8602848 
464500 	 0.8475529 
465000 	 0.7774011 
465500 	 0.7879528 
466000 	 0.8463918 
466500 	 0.792396 
467000 	 0.7996309 
467500 	 0.829228 
468000 	 0.7892192 
468500 	 0.8266589 
469000 	 0.8290236 
469500 	 0.8026957 
470000 	 0.8007232 
470500 	 0.7989049 
471000 	 0.8706769 
471500 	 0.7942818 
472000 	 0.7255299 
472500 	 0.7826239 
473000 	 0.838782 
473500 	 0.7791366 
474000 	 0.7908104 
474500 	 0.7735887 
475000 	 0.8178926 
475500 	 0.8794179 
476000 	 0.8700657 
476500 	 0.8222295 
477000 	 0.8503532 
477500 	 0.7882207 
478000 	 0.8269408 
478500 	 0.8363613 
479000 	 0.8018363 
479500 	 0.8610393 
480000 	 0.812888 
480500 	 0.7991974 
481000 	 0.8084067 
481500 	 0.8673339 
482000 	 0.7634172 
482500 	 0.768264 
483000 	 0.8437627 
483500 	 0.8276647 
484000 	 0.817979 
484500 	 0.7839842 
485000 	 0.7730496 
485500 	 0.8113873 
486000 	 0.7934724 
486500 	 0.7896918 
487000 	 0.7784162 
487500 	 0.8163299 
488000 	 0.7243365 
488500 	 0.7454599 
489000 	 0.8273788 
489500 	 0.8009937 
490000 	 0.8176746 
490500 	 0.8310576 
491000 	 0.7692462 
491500 	 0.8344063 
492000 	 0.8209144 
492500 	 0.7817902 
493000 	 0.7854457 
493500 	 0.8206453 
494000 	 0.8126173 
494500 	 0.8137743 
495000 	 0.8366646 
495500 	 0.7581186 
496000 	 0.7732167 
496500 	 0.8117472 
497000 	 0.8246641 
497500 	 0.7884932 
498000 	 0.7523507 
498500 	 0.8198544 
499000 	 0.799572 
499500 	 0.8478467 
500000 	 0.8261839 
