iter 	 p
500 	 0.7798939 
1000 	 0.8584829 
1500 	 0.8210161 
2000 	 0.8049232 
2500 	 0.7963948 
3000 	 0.7725601 
3500 	 0.854581 
4000 	 0.8006398 
4500 	 0.8296998 
5000 	 0.8069091 
5500 	 0.8604942 
6000 	 0.8264479 
6500 	 0.8406214 
7000 	 0.770703 
7500 	 0.864598 
8000 	 0.8077108 
8500 	 0.7863413 
9000 	 0.7954456 
9500 	 0.7835182 
10000 	 0.8593938 
10500 	 0.8139818 
11000 	 0.8012509 
11500 	 0.8892128 
12000 	 0.7965908 
12500 	 0.7773568 
13000 	 0.7669969 
13500 	 0.8385931 
14000 	 0.847403 
14500 	 0.797788 
15000 	 0.7643782 
15500 	 0.836429 
16000 	 0.8009575 
16500 	 0.7847818 
17000 	 0.8057466 
17500 	 0.8655967 
18000 	 0.8128932 
18500 	 0.8176699 
19000 	 0.8206917 
19500 	 0.769878 
20000 	 0.8082803 
20500 	 0.8305002 
21000 	 0.8118809 
21500 	 0.8503024 
22000 	 0.822192 
22500 	 0.8387286 
23000 	 0.7922999 
23500 	 0.7757492 
24000 	 0.8308629 
24500 	 0.8614321 
25000 	 0.7824924 
25500 	 0.8078223 
26000 	 0.7835314 
26500 	 0.7813531 
27000 	 0.8386849 
27500 	 0.7318702 
28000 	 0.8185378 
28500 	 0.8358791 
29000 	 0.8612091 
29500 	 0.838536 
30000 	 0.8191784 
30500 	 0.8224954 
31000 	 0.7911131 
31500 	 0.8000161 
32000 	 0.7808632 
32500 	 0.8321301 
33000 	 0.7949661 
33500 	 0.8543664 
34000 	 0.7880083 
34500 	 0.8094438 
35000 	 0.7900024 
35500 	 0.8367825 
36000 	 0.7971316 
36500 	 0.8702697 
37000 	 0.7798644 
37500 	 0.8297 
38000 	 0.7872509 
38500 	 0.8098208 
39000 	 0.820803 
39500 	 0.8301355 
40000 	 0.8236754 
40500 	 0.8002264 
41000 	 0.835466 
41500 	 0.8012114 
42000 	 0.8314673 
42500 	 0.7728018 
43000 	 0.8586154 
43500 	 0.7948795 
44000 	 0.8484437 
44500 	 0.7437661 
45000 	 0.8108861 
45500 	 0.8374055 
46000 	 0.809416 
46500 	 0.8239032 
47000 	 0.8166354 
47500 	 0.8260024 
48000 	 0.7826744 
48500 	 0.79544 
49000 	 0.8097471 
49500 	 0.8063919 
50000 	 0.861112 
50500 	 0.8057785 
51000 	 0.8195186 
51500 	 0.8085786 
52000 	 0.8112137 
52500 	 0.7846447 
53000 	 0.798049 
53500 	 0.869876 
54000 	 0.7186641 
54500 	 0.7375543 
55000 	 0.7527306 
55500 	 0.8790919 
56000 	 0.729723 
56500 	 0.8157679 
57000 	 0.8214381 
57500 	 0.7931493 
58000 	 0.7628006 
58500 	 0.8322471 
59000 	 0.8374714 
59500 	 0.7716499 
60000 	 0.8138852 
60500 	 0.8060961 
61000 	 0.8275177 
61500 	 0.8621519 
62000 	 0.7898651 
62500 	 0.8304666 
63000 	 0.7993388 
63500 	 0.8241726 
64000 	 0.7689956 
64500 	 0.8011783 
65000 	 0.8321198 
65500 	 0.8161709 
66000 	 0.8110006 
66500 	 0.8402518 
67000 	 0.7965558 
67500 	 0.8271591 
68000 	 0.7955625 
68500 	 0.798776 
69000 	 0.8356321 
69500 	 0.7949527 
70000 	 0.8311933 
70500 	 0.812792 
71000 	 0.8439322 
71500 	 0.873676 
72000 	 0.8112717 
72500 	 0.7874844 
73000 	 0.8115344 
73500 	 0.7946664 
74000 	 0.7968098 
74500 	 0.8297588 
75000 	 0.8564805 
75500 	 0.7995519 
76000 	 0.8003393 
76500 	 0.834172 
77000 	 0.8411587 
77500 	 0.7983444 
78000 	 0.8417534 
78500 	 0.8422039 
79000 	 0.8157227 
79500 	 0.8054624 
80000 	 0.8430596 
80500 	 0.8163465 
81000 	 0.7929378 
81500 	 0.7346237 
82000 	 0.7989937 
82500 	 0.8258468 
83000 	 0.8014794 
83500 	 0.8747897 
84000 	 0.8307447 
84500 	 0.805152 
85000 	 0.7978241 
85500 	 0.845455 
86000 	 0.7725465 
86500 	 0.8053908 
87000 	 0.7548464 
87500 	 0.7838261 
88000 	 0.8573632 
88500 	 0.8143877 
89000 	 0.8623656 
89500 	 0.831742 
90000 	 0.8469848 
90500 	 0.8112338 
91000 	 0.834259 
91500 	 0.7803351 
92000 	 0.8429216 
92500 	 0.7500999 
93000 	 0.8232147 
93500 	 0.8158338 
94000 	 0.8563723 
94500 	 0.8334622 
95000 	 0.7740316 
95500 	 0.8391077 
96000 	 0.8107739 
96500 	 0.834107 
97000 	 0.8031388 
97500 	 0.8100045 
98000 	 0.8317192 
98500 	 0.805207 
99000 	 0.7904971 
99500 	 0.8120725 
100000 	 0.7525512 
100500 	 0.7501535 
101000 	 0.7688858 
101500 	 0.8400557 
102000 	 0.8351659 
102500 	 0.8177674 
103000 	 0.8588966 
103500 	 0.8035323 
104000 	 0.785865 
104500 	 0.8048988 
105000 	 0.819117 
105500 	 0.8517011 
106000 	 0.8266834 
106500 	 0.8548562 
107000 	 0.7808819 
107500 	 0.8034998 
108000 	 0.8819378 
108500 	 0.7747308 
109000 	 0.8386493 
109500 	 0.8137014 
110000 	 0.7972641 
110500 	 0.8313828 
111000 	 0.8275069 
111500 	 0.7892405 
112000 	 0.8258524 
112500 	 0.8631213 
113000 	 0.8438256 
113500 	 0.7794506 
114000 	 0.8413175 
114500 	 0.806701 
115000 	 0.8430513 
115500 	 0.8170048 
116000 	 0.8606139 
116500 	 0.8112611 
117000 	 0.7980769 
117500 	 0.8151415 
118000 	 0.8147188 
118500 	 0.8224535 
119000 	 0.7729375 
119500 	 0.8083664 
120000 	 0.8487607 
120500 	 0.7886426 
121000 	 0.8296242 
121500 	 0.794686 
122000 	 0.8567443 
122500 	 0.7814243 
123000 	 0.7498348 
123500 	 0.8000172 
124000 	 0.8140174 
124500 	 0.790876 
125000 	 0.7266218 
125500 	 0.8355581 
126000 	 0.860028 
126500 	 0.8536373 
127000 	 0.8703148 
127500 	 0.8694324 
128000 	 0.8061897 
128500 	 0.8173751 
129000 	 0.8276635 
129500 	 0.7787581 
130000 	 0.7912459 
130500 	 0.7761175 
131000 	 0.8450759 
131500 	 0.7839535 
132000 	 0.8205297 
132500 	 0.8272919 
133000 	 0.7758649 
133500 	 0.848747 
134000 	 0.7967216 
134500 	 0.7981916 
135000 	 0.7959435 
135500 	 0.8156312 
136000 	 0.8375268 
136500 	 0.8466413 
137000 	 0.7940627 
137500 	 0.8051262 
138000 	 0.7996109 
138500 	 0.8429283 
139000 	 0.8532512 
139500 	 0.7585442 
140000 	 0.8664182 
140500 	 0.802962 
141000 	 0.7997127 
141500 	 0.8354005 
142000 	 0.766829 
142500 	 0.8282256 
143000 	 0.7857924 
143500 	 0.7869399 
144000 	 0.7884297 
144500 	 0.788979 
145000 	 0.8031877 
145500 	 0.8099456 
146000 	 0.8531456 
146500 	 0.7861539 
147000 	 0.8696799 
147500 	 0.7947314 
148000 	 0.8441471 
148500 	 0.8589649 
149000 	 0.8123787 
149500 	 0.8818044 
150000 	 0.804518 
150500 	 0.8067218 
151000 	 0.8284609 
151500 	 0.7917251 
152000 	 0.8201635 
152500 	 0.7838695 
153000 	 0.8209241 
153500 	 0.8122236 
154000 	 0.8542596 
154500 	 0.8048661 
155000 	 0.7959119 
155500 	 0.8313982 
156000 	 0.8348853 
156500 	 0.850969 
157000 	 0.8068409 
157500 	 0.816342 
158000 	 0.7828518 
158500 	 0.744085 
159000 	 0.7968815 
159500 	 0.8577696 
160000 	 0.8288469 
160500 	 0.8092852 
161000 	 0.8001581 
161500 	 0.7930883 
162000 	 0.7879794 
162500 	 0.779233 
163000 	 0.8391862 
163500 	 0.7893437 
164000 	 0.8069235 
164500 	 0.8084022 
165000 	 0.8053908 
165500 	 0.7906847 
166000 	 0.8171693 
166500 	 0.8085847 
167000 	 0.7335687 
167500 	 0.8522522 
168000 	 0.7268653 
168500 	 0.8348476 
169000 	 0.8054097 
169500 	 0.7615399 
170000 	 0.7889982 
170500 	 0.8468106 
171000 	 0.7554531 
171500 	 0.8479684 
172000 	 0.8402141 
172500 	 0.8347154 
173000 	 0.7435913 
173500 	 0.8579229 
174000 	 0.8020766 
174500 	 0.8750455 
175000 	 0.7693232 
175500 	 0.8757382 
176000 	 0.7949032 
176500 	 0.8434497 
177000 	 0.8015085 
177500 	 0.8329986 
178000 	 0.7932138 
178500 	 0.8192678 
179000 	 0.7965382 
179500 	 0.8922604 
180000 	 0.8200569 
180500 	 0.8395169 
181000 	 0.8353098 
181500 	 0.788812 
182000 	 0.7692944 
182500 	 0.8090366 
183000 	 0.8053998 
183500 	 0.898482 
184000 	 0.7705751 
184500 	 0.7951042 
185000 	 0.8001029 
185500 	 0.8433624 
186000 	 0.835381 
186500 	 0.8742434 
187000 	 0.8503267 
187500 	 0.7896199 
188000 	 0.8065635 
188500 	 0.8109821 
189000 	 0.8830371 
189500 	 0.8289761 
190000 	 0.8493708 
190500 	 0.8163727 
191000 	 0.7972004 
191500 	 0.8097949 
192000 	 0.804558 
192500 	 0.8780915 
193000 	 0.7490411 
193500 	 0.8357813 
194000 	 0.840369 
194500 	 0.8413314 
195000 	 0.7781941 
195500 	 0.7773124 
196000 	 0.794342 
196500 	 0.74983 
197000 	 0.8377083 
197500 	 0.8117714 
198000 	 0.7658412 
198500 	 0.7793906 
199000 	 0.7513466 
199500 	 0.8380863 
200000 	 0.8167142 
200500 	 0.8158996 
201000 	 0.8215311 
201500 	 0.8236893 
202000 	 0.8085163 
202500 	 0.8119046 
203000 	 0.780591 
203500 	 0.8789616 
204000 	 0.832344 
204500 	 0.8535398 
205000 	 0.7140605 
205500 	 0.7677577 
206000 	 0.8073472 
206500 	 0.8496416 
207000 	 0.8296247 
207500 	 0.8240254 
208000 	 0.8327643 
208500 	 0.7898318 
209000 	 0.8152664 
209500 	 0.8106304 
210000 	 0.8318466 
210500 	 0.7845205 
211000 	 0.8143823 
211500 	 0.7332894 
212000 	 0.7637164 
212500 	 0.8285565 
213000 	 0.8088946 
213500 	 0.8351503 
214000 	 0.8168449 
214500 	 0.7877773 
215000 	 0.8149031 
215500 	 0.8517918 
216000 	 0.7927165 
216500 	 0.8221553 
217000 	 0.8263531 
217500 	 0.8160666 
218000 	 0.7923321 
218500 	 0.83184 
219000 	 0.8653668 
219500 	 0.8378262 
220000 	 0.83148 
220500 	 0.8690678 
221000 	 0.8352932 
221500 	 0.8034243 
222000 	 0.756493 
222500 	 0.8190434 
223000 	 0.8007009 
223500 	 0.8242666 
224000 	 0.7707658 
224500 	 0.8179554 
225000 	 0.8235838 
225500 	 0.8064743 
226000 	 0.8132019 
226500 	 0.8703626 
227000 	 0.8090462 
227500 	 0.8076302 
228000 	 0.8492667 
228500 	 0.8377364 
229000 	 0.8130557 
229500 	 0.8385087 
230000 	 0.8215278 
230500 	 0.8241785 
231000 	 0.8247382 
231500 	 0.8438929 
232000 	 0.784396 
232500 	 0.8214924 
233000 	 0.8533482 
233500 	 0.8086648 
234000 	 0.8424556 
234500 	 0.833542 
235000 	 0.8463454 
235500 	 0.8298079 
236000 	 0.8394231 
236500 	 0.8033343 
237000 	 0.7774427 
237500 	 0.8311569 
238000 	 0.8166445 
238500 	 0.8607233 
239000 	 0.8234798 
239500 	 0.8447747 
240000 	 0.7915672 
240500 	 0.8261595 
241000 	 0.8643813 
241500 	 0.8324636 
242000 	 0.8410223 
242500 	 0.7955169 
243000 	 0.8956826 
243500 	 0.7930027 
244000 	 0.8576964 
244500 	 0.8295133 
245000 	 0.7793056 
245500 	 0.8403129 
246000 	 0.8024127 
246500 	 0.7816645 
247000 	 0.8114499 
247500 	 0.8505187 
248000 	 0.811529 
248500 	 0.7930308 
249000 	 0.8014793 
249500 	 0.824183 
250000 	 0.847235 
250500 	 0.8116165 
251000 	 0.8298829 
251500 	 0.8039077 
252000 	 0.8192771 
252500 	 0.8328428 
253000 	 0.8338417 
253500 	 0.8102072 
254000 	 0.7985847 
254500 	 0.8007749 
255000 	 0.8485101 
255500 	 0.8000774 
256000 	 0.8043271 
256500 	 0.8393806 
257000 	 0.787984 
257500 	 0.7667463 
258000 	 0.827673 
258500 	 0.7440609 
259000 	 0.7649034 
259500 	 0.8134692 
260000 	 0.8353382 
260500 	 0.8257593 
261000 	 0.7672758 
261500 	 0.7989376 
262000 	 0.8046948 
262500 	 0.8220465 
263000 	 0.7903202 
263500 	 0.8233621 
264000 	 0.8396121 
264500 	 0.812075 
265000 	 0.8643682 
265500 	 0.8038764 
266000 	 0.8283661 
266500 	 0.8451668 
267000 	 0.8000791 
267500 	 0.8078089 
268000 	 0.8538029 
268500 	 0.8116007 
269000 	 0.7885458 
269500 	 0.8426799 
270000 	 0.8468035 
270500 	 0.8537726 
271000 	 0.8367381 
271500 	 0.7817696 
272000 	 0.7823803 
272500 	 0.8313045 
273000 	 0.8160377 
273500 	 0.7409287 
274000 	 0.8348554 
274500 	 0.7961118 
275000 	 0.7973288 
275500 	 0.8216019 
276000 	 0.8469125 
276500 	 0.8185227 
277000 	 0.8022091 
277500 	 0.8414783 
278000 	 0.8006841 
278500 	 0.7971137 
279000 	 0.8815015 
279500 	 0.831792 
280000 	 0.8161972 
280500 	 0.8132947 
281000 	 0.8001055 
281500 	 0.8182701 
282000 	 0.8526791 
282500 	 0.8493774 
283000 	 0.8380315 
283500 	 0.8419402 
284000 	 0.7895055 
284500 	 0.7743575 
285000 	 0.7374364 
285500 	 0.8222429 
286000 	 0.7911956 
286500 	 0.7994827 
287000 	 0.8019763 
287500 	 0.8663468 
288000 	 0.8234777 
288500 	 0.7733554 
289000 	 0.8080921 
289500 	 0.8515884 
290000 	 0.835619 
290500 	 0.7639953 
291000 	 0.8417816 
291500 	 0.7922618 
292000 	 0.8586835 
292500 	 0.8252478 
293000 	 0.8246955 
293500 	 0.8471033 
294000 	 0.7930454 
294500 	 0.8453434 
295000 	 0.7995947 
295500 	 0.7716201 
296000 	 0.8239525 
296500 	 0.8393749 
297000 	 0.7910513 
297500 	 0.8179498 
298000 	 0.8620692 
298500 	 0.8166459 
299000 	 0.7983538 
299500 	 0.781627 
300000 	 0.8164492 
300500 	 0.806418 
301000 	 0.8127745 
301500 	 0.8491918 
302000 	 0.839325 
302500 	 0.8492912 
303000 	 0.8040742 
303500 	 0.8107053 
304000 	 0.7826205 
304500 	 0.8422824 
305000 	 0.795913 
305500 	 0.8039654 
306000 	 0.8797473 
306500 	 0.8315475 
307000 	 0.8271958 
307500 	 0.8054292 
308000 	 0.8355665 
308500 	 0.7888201 
309000 	 0.8320796 
309500 	 0.8495955 
310000 	 0.8707207 
310500 	 0.7822267 
311000 	 0.8236226 
311500 	 0.7751276 
312000 	 0.7713129 
312500 	 0.8052007 
313000 	 0.7622517 
313500 	 0.8047303 
314000 	 0.8133301 
314500 	 0.8213828 
315000 	 0.887473 
315500 	 0.8376526 
316000 	 0.7930592 
316500 	 0.8927522 
317000 	 0.8293777 
317500 	 0.8654733 
318000 	 0.819962 
318500 	 0.8098147 
319000 	 0.7789764 
319500 	 0.8392395 
320000 	 0.7413207 
320500 	 0.7918568 
321000 	 0.8405242 
321500 	 0.7678139 
322000 	 0.8004256 
322500 	 0.7756089 
323000 	 0.8294558 
323500 	 0.7776418 
324000 	 0.8158087 
324500 	 0.8126365 
325000 	 0.8552115 
325500 	 0.7926756 
326000 	 0.8200903 
326500 	 0.8603212 
327000 	 0.8052454 
327500 	 0.8094727 
328000 	 0.8283836 
328500 	 0.772575 
329000 	 0.8003897 
329500 	 0.8946259 
330000 	 0.8408265 
330500 	 0.8154599 
331000 	 0.7947531 
331500 	 0.8032777 
332000 	 0.8352834 
332500 	 0.8225313 
333000 	 0.7905725 
333500 	 0.7645137 
334000 	 0.7755879 
334500 	 0.8802484 
335000 	 0.848083 
335500 	 0.8083627 
336000 	 0.7839196 
336500 	 0.8202388 
337000 	 0.7890524 
337500 	 0.7570165 
338000 	 0.8498192 
338500 	 0.8410765 
339000 	 0.8020574 
339500 	 0.8658939 
340000 	 0.7936553 
340500 	 0.8562464 
341000 	 0.8178776 
341500 	 0.8515845 
342000 	 0.7711234 
342500 	 0.8332037 
343000 	 0.775793 
343500 	 0.846579 
344000 	 0.8381281 
344500 	 0.8377309 
345000 	 0.8574961 
345500 	 0.8097224 
346000 	 0.8059868 
346500 	 0.7479091 
347000 	 0.8282298 
347500 	 0.8178005 
348000 	 0.7680551 
348500 	 0.7749844 
349000 	 0.8051905 
349500 	 0.8224397 
350000 	 0.8025726 
350500 	 0.8092375 
351000 	 0.7630769 
351500 	 0.8501992 
352000 	 0.8283893 
352500 	 0.7891961 
353000 	 0.7913946 
353500 	 0.7749788 
354000 	 0.81971 
354500 	 0.7650489 
355000 	 0.811447 
355500 	 0.7855564 
356000 	 0.8192091 
356500 	 0.7901652 
357000 	 0.8596977 
357500 	 0.8463109 
358000 	 0.816493 
358500 	 0.7759189 
359000 	 0.8305556 
359500 	 0.8286837 
360000 	 0.8208454 
360500 	 0.8374385 
361000 	 0.8203364 
361500 	 0.8443087 
362000 	 0.8253834 
362500 	 0.7992378 
363000 	 0.8634629 
363500 	 0.8239536 
364000 	 0.8368437 
364500 	 0.8211763 
365000 	 0.8492642 
365500 	 0.750401 
366000 	 0.8389474 
366500 	 0.8106284 
367000 	 0.8406924 
367500 	 0.7606434 
368000 	 0.7636557 
368500 	 0.7792562 
369000 	 0.85883 
369500 	 0.7618888 
370000 	 0.7716186 
370500 	 0.8461092 
371000 	 0.8372634 
371500 	 0.8532533 
372000 	 0.8329308 
372500 	 0.7859021 
373000 	 0.8004995 
373500 	 0.7551104 
374000 	 0.8140333 
374500 	 0.809488 
375000 	 0.8378603 
375500 	 0.848613 
376000 	 0.8093738 
376500 	 0.7990035 
377000 	 0.8235589 
377500 	 0.8262188 
378000 	 0.817393 
378500 	 0.7891561 
379000 	 0.7735476 
379500 	 0.7556441 
380000 	 0.811092 
380500 	 0.7803542 
381000 	 0.7900054 
381500 	 0.8133374 
382000 	 0.8425674 
382500 	 0.7935775 
383000 	 0.8212304 
383500 	 0.8025044 
384000 	 0.7501711 
384500 	 0.806899 
385000 	 0.8488589 
385500 	 0.8445586 
386000 	 0.8450856 
386500 	 0.8651843 
387000 	 0.7633519 
387500 	 0.8304282 
388000 	 0.8314187 
388500 	 0.8425242 
389000 	 0.7712747 
389500 	 0.810384 
390000 	 0.8009337 
390500 	 0.8139552 
391000 	 0.8191196 
391500 	 0.8166349 
392000 	 0.8054423 
392500 	 0.8683841 
393000 	 0.864095 
393500 	 0.7580864 
394000 	 0.8552703 
394500 	 0.7874432 
395000 	 0.7855868 
395500 	 0.8217126 
396000 	 0.8005745 
396500 	 0.8428252 
397000 	 0.794455 
397500 	 0.8084987 
398000 	 0.8571413 
398500 	 0.8282573 
399000 	 0.807725 
399500 	 0.7826474 
400000 	 0.8148326 
400500 	 0.8218619 
401000 	 0.8368928 
401500 	 0.8643198 
402000 	 0.7980868 
402500 	 0.7966446 
403000 	 0.7959656 
403500 	 0.8546076 
404000 	 0.8154014 
404500 	 0.8683127 
405000 	 0.7919449 
405500 	 0.8415077 
406000 	 0.8094164 
406500 	 0.8207211 
407000 	 0.7928007 
407500 	 0.8787094 
408000 	 0.8175258 
408500 	 0.7679616 
409000 	 0.8008972 
409500 	 0.8313879 
410000 	 0.8173191 
410500 	 0.7942149 
411000 	 0.7668709 
411500 	 0.8579789 
412000 	 0.7960992 
412500 	 0.8203833 
413000 	 0.8281732 
413500 	 0.8597722 
414000 	 0.8377633 
414500 	 0.8414558 
415000 	 0.8284168 
415500 	 0.844212 
416000 	 0.8481169 
416500 	 0.7524501 
417000 	 0.81264 
417500 	 0.8248918 
418000 	 0.7347669 
418500 	 0.8411481 
419000 	 0.8415498 
419500 	 0.7678283 
420000 	 0.8498923 
420500 	 0.761161 
421000 	 0.8518611 
421500 	 0.7831913 
422000 	 0.7914051 
422500 	 0.7489653 
423000 	 0.7546134 
423500 	 0.8238402 
424000 	 0.83721 
424500 	 0.8194747 
425000 	 0.7689829 
425500 	 0.797667 
426000 	 0.784427 
426500 	 0.8435255 
427000 	 0.8027011 
427500 	 0.7688791 
428000 	 0.8739627 
428500 	 0.8218481 
429000 	 0.8470006 
429500 	 0.8541304 
430000 	 0.8306311 
430500 	 0.8044044 
431000 	 0.7796074 
431500 	 0.8219823 
432000 	 0.8441556 
432500 	 0.8589412 
433000 	 0.8060349 
433500 	 0.8335812 
434000 	 0.844162 
434500 	 0.8222884 
435000 	 0.7337374 
435500 	 0.7927808 
436000 	 0.8365892 
436500 	 0.7485042 
437000 	 0.852491 
437500 	 0.8336472 
438000 	 0.8071437 
438500 	 0.8197981 
439000 	 0.8084621 
439500 	 0.8555436 
440000 	 0.8236797 
440500 	 0.8181601 
441000 	 0.8317927 
441500 	 0.8017276 
442000 	 0.7809544 
442500 	 0.8251675 
443000 	 0.8247263 
443500 	 0.8045793 
444000 	 0.7981444 
444500 	 0.8118249 
445000 	 0.8239076 
445500 	 0.8264329 
446000 	 0.7959156 
446500 	 0.7826628 
447000 	 0.8401331 
447500 	 0.7745571 
448000 	 0.8077668 
448500 	 0.7863865 
449000 	 0.7932737 
449500 	 0.7794503 
450000 	 0.8628503 
450500 	 0.7930597 
451000 	 0.8122533 
451500 	 0.8232646 
452000 	 0.8011188 
452500 	 0.8346002 
453000 	 0.8564172 
453500 	 0.7611646 
454000 	 0.7137117 
454500 	 0.79877 
455000 	 0.855384 
455500 	 0.826478 
456000 	 0.7900658 
456500 	 0.8171388 
457000 	 0.8152419 
457500 	 0.8601905 
458000 	 0.7947234 
458500 	 0.8455384 
459000 	 0.8248002 
459500 	 0.781416 
460000 	 0.7869967 
460500 	 0.8480628 
461000 	 0.8621811 
461500 	 0.7552944 
462000 	 0.8021068 
462500 	 0.8270735 
463000 	 0.8283964 
463500 	 0.8087327 
464000 	 0.8225954 
464500 	 0.8100431 
465000 	 0.8030904 
465500 	 0.8260471 
466000 	 0.8498898 
466500 	 0.8553626 
467000 	 0.7646446 
467500 	 0.8555984 
468000 	 0.841506 
468500 	 0.7793357 
469000 	 0.8457171 
469500 	 0.8873337 
470000 	 0.8129849 
470500 	 0.8308477 
471000 	 0.8145754 
471500 	 0.8267601 
472000 	 0.7900214 
472500 	 0.790531 
473000 	 0.8024787 
473500 	 0.8809963 
474000 	 0.7492753 
474500 	 0.7979928 
475000 	 0.8349426 
475500 	 0.7329719 
476000 	 0.8023516 
476500 	 0.812568 
477000 	 0.7906948 
477500 	 0.888074 
478000 	 0.8289414 
478500 	 0.8372492 
479000 	 0.7873168 
479500 	 0.8340735 
480000 	 0.8357557 
480500 	 0.8688518 
481000 	 0.7618166 
481500 	 0.8092745 
482000 	 0.8483926 
482500 	 0.8283716 
483000 	 0.7720756 
483500 	 0.8062538 
484000 	 0.7790195 
484500 	 0.7854408 
485000 	 0.8837702 
485500 	 0.8099208 
486000 	 0.8144949 
486500 	 0.8363914 
487000 	 0.8424388 
487500 	 0.759743 
488000 	 0.8091761 
488500 	 0.8594678 
489000 	 0.8235718 
489500 	 0.7834557 
490000 	 0.7823865 
490500 	 0.8173621 
491000 	 0.8702544 
491500 	 0.8058184 
492000 	 0.8317111 
492500 	 0.8840773 
493000 	 0.8017506 
493500 	 0.8590255 
494000 	 0.8089719 
494500 	 0.8160302 
495000 	 0.8025888 
495500 	 0.8087085 
496000 	 0.7474684 
496500 	 0.8234805 
497000 	 0.8302036 
497500 	 0.7852386 
498000 	 0.8287344 
498500 	 0.7494431 
499000 	 0.7549341 
499500 	 0.8647297 
500000 	 0.8426542 
