iter 	 p
500 	 0.8740023 
1000 	 0.8200344 
1500 	 0.824324 
2000 	 0.8060755 
2500 	 0.7636728 
3000 	 0.7578298 
3500 	 0.8623188 
4000 	 0.7607541 
4500 	 0.8022679 
5000 	 0.7902731 
5500 	 0.8398317 
6000 	 0.8126701 
6500 	 0.8002349 
7000 	 0.7779479 
7500 	 0.7952876 
8000 	 0.7762025 
8500 	 0.8270647 
9000 	 0.8029871 
9500 	 0.7699737 
10000 	 0.8014399 
10500 	 0.8209156 
11000 	 0.8153148 
11500 	 0.8350445 
12000 	 0.7872187 
12500 	 0.8680084 
13000 	 0.8437876 
13500 	 0.7969206 
14000 	 0.8102399 
14500 	 0.824829 
15000 	 0.7771636 
15500 	 0.7837337 
16000 	 0.7746317 
16500 	 0.8130223 
17000 	 0.839159 
17500 	 0.801436 
18000 	 0.8361492 
18500 	 0.8447805 
19000 	 0.8368668 
19500 	 0.8072332 
20000 	 0.8185694 
20500 	 0.7810915 
21000 	 0.7567917 
21500 	 0.8155438 
22000 	 0.8019153 
22500 	 0.8008979 
23000 	 0.8104846 
23500 	 0.7428944 
24000 	 0.783968 
24500 	 0.798895 
25000 	 0.8289983 
25500 	 0.7944145 
26000 	 0.8002117 
26500 	 0.8027445 
27000 	 0.8200027 
27500 	 0.8352833 
28000 	 0.8276214 
28500 	 0.7859448 
29000 	 0.8493447 
29500 	 0.8042789 
30000 	 0.8338017 
30500 	 0.7925041 
31000 	 0.8456977 
31500 	 0.7854215 
32000 	 0.7882408 
32500 	 0.8553534 
33000 	 0.7948724 
33500 	 0.7933414 
34000 	 0.804814 
34500 	 0.761563 
35000 	 0.7519792 
35500 	 0.8092363 
36000 	 0.8418838 
36500 	 0.8285972 
37000 	 0.8139143 
37500 	 0.8199163 
38000 	 0.8484761 
38500 	 0.7671928 
39000 	 0.7520259 
39500 	 0.8152232 
40000 	 0.8196505 
40500 	 0.7988871 
41000 	 0.7952755 
41500 	 0.7626703 
42000 	 0.8214194 
42500 	 0.7571418 
43000 	 0.8155973 
43500 	 0.747261 
44000 	 0.8031591 
44500 	 0.811384 
45000 	 0.846331 
45500 	 0.7938468 
46000 	 0.8707932 
46500 	 0.8054571 
47000 	 0.7767535 
47500 	 0.7893182 
48000 	 0.8205476 
48500 	 0.8544131 
49000 	 0.7721159 
49500 	 0.7744977 
50000 	 0.8069114 
50500 	 0.8379306 
51000 	 0.8152255 
51500 	 0.8811451 
52000 	 0.7882479 
52500 	 0.7980176 
53000 	 0.8146349 
53500 	 0.8091566 
54000 	 0.7777578 
54500 	 0.838163 
55000 	 0.8507765 
55500 	 0.8540721 
56000 	 0.8582934 
56500 	 0.8137169 
57000 	 0.8338721 
57500 	 0.8084961 
58000 	 0.801429 
58500 	 0.7732329 
59000 	 0.8475769 
59500 	 0.779346 
60000 	 0.8562631 
60500 	 0.878746 
61000 	 0.7903806 
61500 	 0.8148413 
62000 	 0.80696 
62500 	 0.7881472 
63000 	 0.8104136 
63500 	 0.7507512 
64000 	 0.8177364 
64500 	 0.7911439 
65000 	 0.813644 
65500 	 0.835839 
66000 	 0.7745092 
66500 	 0.8057744 
67000 	 0.7618405 
67500 	 0.7748553 
68000 	 0.7910784 
68500 	 0.8810514 
69000 	 0.8226732 
69500 	 0.806287 
70000 	 0.8238159 
70500 	 0.8304024 
71000 	 0.8395635 
71500 	 0.8757077 
72000 	 0.8463482 
72500 	 0.8203402 
73000 	 0.8291762 
73500 	 0.8080838 
74000 	 0.8340034 
74500 	 0.8275458 
75000 	 0.741093 
75500 	 0.864243 
76000 	 0.8167092 
76500 	 0.8479183 
77000 	 0.7779742 
77500 	 0.7523787 
78000 	 0.8559847 
78500 	 0.8493535 
79000 	 0.8653613 
79500 	 0.7998952 
80000 	 0.8122198 
80500 	 0.7595598 
81000 	 0.8490065 
81500 	 0.8910324 
82000 	 0.8091622 
82500 	 0.7559523 
83000 	 0.7962943 
83500 	 0.8209199 
84000 	 0.8128396 
84500 	 0.7727677 
85000 	 0.8331396 
85500 	 0.70176 
86000 	 0.8451581 
86500 	 0.8580221 
87000 	 0.8314476 
87500 	 0.7848749 
88000 	 0.792503 
88500 	 0.8264276 
89000 	 0.8189393 
89500 	 0.7763362 
90000 	 0.770287 
90500 	 0.8653642 
91000 	 0.8088767 
91500 	 0.8248628 
92000 	 0.7672657 
92500 	 0.8846313 
93000 	 0.8066201 
93500 	 0.8134667 
94000 	 0.7939581 
94500 	 0.7919551 
95000 	 0.8734367 
95500 	 0.804807 
96000 	 0.8043655 
96500 	 0.7848112 
97000 	 0.7673928 
97500 	 0.7950712 
98000 	 0.858589 
98500 	 0.8185223 
99000 	 0.7875225 
99500 	 0.8443067 
100000 	 0.8575977 
100500 	 0.7954113 
101000 	 0.8754363 
101500 	 0.8299944 
102000 	 0.8327988 
102500 	 0.7782548 
103000 	 0.7937243 
103500 	 0.8300146 
104000 	 0.7939214 
104500 	 0.8277346 
105000 	 0.8153688 
105500 	 0.8218617 
106000 	 0.8145096 
106500 	 0.837392 
107000 	 0.8260756 
107500 	 0.8421919 
108000 	 0.8354251 
108500 	 0.763195 
109000 	 0.8508484 
109500 	 0.8226761 
110000 	 0.8164325 
110500 	 0.8142215 
111000 	 0.7904595 
111500 	 0.8125358 
112000 	 0.850668 
112500 	 0.7639545 
113000 	 0.8122451 
113500 	 0.8062496 
114000 	 0.8450451 
114500 	 0.7720263 
115000 	 0.84417 
115500 	 0.8404888 
116000 	 0.8152765 
116500 	 0.8066919 
117000 	 0.8322911 
117500 	 0.7743463 
118000 	 0.8200428 
118500 	 0.8204914 
119000 	 0.8258765 
119500 	 0.8134977 
120000 	 0.8051062 
120500 	 0.8312618 
121000 	 0.8138819 
121500 	 0.8130948 
122000 	 0.7546871 
122500 	 0.826106 
123000 	 0.8317932 
123500 	 0.7972382 
124000 	 0.7675991 
124500 	 0.8201579 
125000 	 0.7966213 
125500 	 0.813703 
126000 	 0.8537755 
126500 	 0.8215985 
127000 	 0.839554 
127500 	 0.8846305 
128000 	 0.8278204 
128500 	 0.8053294 
129000 	 0.8688792 
129500 	 0.8313849 
130000 	 0.8132864 
130500 	 0.8342634 
131000 	 0.8390197 
131500 	 0.8318768 
132000 	 0.8289208 
132500 	 0.7810211 
133000 	 0.7664896 
133500 	 0.7894903 
134000 	 0.7875187 
134500 	 0.8690461 
135000 	 0.8842506 
135500 	 0.7893076 
136000 	 0.8078329 
136500 	 0.8084795 
137000 	 0.828547 
137500 	 0.7969819 
138000 	 0.8477112 
138500 	 0.7970103 
139000 	 0.8280844 
139500 	 0.7470349 
140000 	 0.7911248 
140500 	 0.8211284 
141000 	 0.8436925 
141500 	 0.8284157 
142000 	 0.7851999 
142500 	 0.8440324 
143000 	 0.7159701 
143500 	 0.8569373 
144000 	 0.8149125 
144500 	 0.831516 
145000 	 0.8332248 
145500 	 0.7631901 
146000 	 0.8496466 
146500 	 0.8025167 
147000 	 0.8131018 
147500 	 0.8099389 
148000 	 0.833784 
148500 	 0.8647974 
149000 	 0.8248888 
149500 	 0.8536767 
150000 	 0.8087686 
150500 	 0.8985738 
151000 	 0.8256152 
151500 	 0.9014809 
152000 	 0.7986439 
152500 	 0.8020904 
153000 	 0.7825019 
153500 	 0.8237453 
154000 	 0.8332659 
154500 	 0.8334233 
155000 	 0.8786235 
155500 	 0.7814462 
156000 	 0.8115422 
156500 	 0.8588869 
157000 	 0.7831144 
157500 	 0.835634 
158000 	 0.8535602 
158500 	 0.7831345 
159000 	 0.8088137 
159500 	 0.755505 
160000 	 0.8353408 
160500 	 0.8145671 
161000 	 0.8016164 
161500 	 0.7906962 
162000 	 0.7730989 
162500 	 0.8645142 
163000 	 0.7959605 
163500 	 0.8752873 
164000 	 0.7718236 
164500 	 0.8691241 
165000 	 0.8393291 
165500 	 0.8274915 
166000 	 0.8056459 
166500 	 0.8208501 
167000 	 0.8102434 
167500 	 0.8247227 
168000 	 0.8534161 
168500 	 0.8138069 
169000 	 0.7904635 
169500 	 0.8402727 
170000 	 0.8484066 
170500 	 0.808319 
171000 	 0.8147996 
171500 	 0.7959499 
172000 	 0.8301142 
172500 	 0.7770761 
173000 	 0.7874986 
173500 	 0.7968216 
174000 	 0.793963 
174500 	 0.8527406 
175000 	 0.8145132 
175500 	 0.8710133 
176000 	 0.7743825 
176500 	 0.8399866 
177000 	 0.7638254 
177500 	 0.7922552 
178000 	 0.7577778 
178500 	 0.8276166 
179000 	 0.8063874 
179500 	 0.7992783 
180000 	 0.8273629 
180500 	 0.8641691 
181000 	 0.7999015 
181500 	 0.8301094 
182000 	 0.8103639 
182500 	 0.7718507 
183000 	 0.8161829 
183500 	 0.7845684 
184000 	 0.7528266 
184500 	 0.8024936 
185000 	 0.8210704 
185500 	 0.8888204 
186000 	 0.8080965 
186500 	 0.8050482 
187000 	 0.8627372 
187500 	 0.871157 
188000 	 0.7796676 
188500 	 0.7944471 
189000 	 0.8639428 
189500 	 0.8503583 
190000 	 0.7996798 
190500 	 0.7984942 
191000 	 0.7883539 
191500 	 0.7779649 
192000 	 0.8713697 
192500 	 0.8574928 
193000 	 0.8147796 
193500 	 0.8428983 
194000 	 0.8023468 
194500 	 0.8090581 
195000 	 0.8316212 
195500 	 0.7388776 
196000 	 0.7931837 
196500 	 0.8156214 
197000 	 0.8683125 
197500 	 0.8087292 
198000 	 0.8265626 
198500 	 0.8382319 
199000 	 0.7815436 
199500 	 0.799794 
200000 	 0.7872619 
200500 	 0.8271725 
201000 	 0.7786261 
201500 	 0.8083128 
202000 	 0.8262681 
202500 	 0.8187632 
203000 	 0.720986 
203500 	 0.8900518 
204000 	 0.8446707 
204500 	 0.8071348 
205000 	 0.7847157 
205500 	 0.7875681 
206000 	 0.8230008 
206500 	 0.8138097 
207000 	 0.8632689 
207500 	 0.8121941 
208000 	 0.8331537 
208500 	 0.786541 
209000 	 0.856117 
209500 	 0.8100976 
210000 	 0.857341 
210500 	 0.8533215 
211000 	 0.8314019 
211500 	 0.8128023 
212000 	 0.8249605 
212500 	 0.798985 
213000 	 0.8029599 
213500 	 0.8083887 
214000 	 0.7872745 
214500 	 0.7881474 
215000 	 0.8451748 
215500 	 0.798605 
216000 	 0.790277 
216500 	 0.8267752 
217000 	 0.7507648 
217500 	 0.8235564 
218000 	 0.8532947 
218500 	 0.8711219 
219000 	 0.8180431 
219500 	 0.7987943 
220000 	 0.7953799 
220500 	 0.7788234 
221000 	 0.7905437 
221500 	 0.8496744 
222000 	 0.8135913 
222500 	 0.7669676 
223000 	 0.8207146 
223500 	 0.8425961 
224000 	 0.8422404 
224500 	 0.8001361 
225000 	 0.8238333 
225500 	 0.843252 
226000 	 0.847978 
226500 	 0.8041259 
227000 	 0.8083745 
227500 	 0.8476961 
228000 	 0.8232448 
228500 	 0.8182533 
229000 	 0.8562586 
229500 	 0.8569996 
230000 	 0.8517676 
230500 	 0.7930868 
231000 	 0.8064385 
231500 	 0.8028228 
232000 	 0.7818994 
232500 	 0.8240906 
233000 	 0.8480456 
233500 	 0.7627878 
234000 	 0.7778062 
234500 	 0.8226785 
235000 	 0.8132873 
235500 	 0.7899569 
236000 	 0.8496109 
236500 	 0.7956877 
237000 	 0.8207892 
237500 	 0.8212906 
238000 	 0.8386615 
238500 	 0.7851693 
239000 	 0.8288988 
239500 	 0.7709058 
240000 	 0.8260667 
240500 	 0.8271376 
241000 	 0.7932567 
241500 	 0.7801358 
242000 	 0.8787388 
242500 	 0.8534563 
243000 	 0.8256634 
243500 	 0.7490376 
244000 	 0.8028918 
244500 	 0.8326257 
245000 	 0.7951411 
245500 	 0.8677647 
246000 	 0.7524683 
246500 	 0.8578029 
247000 	 0.845646 
247500 	 0.7872543 
248000 	 0.8126071 
248500 	 0.8156694 
249000 	 0.7644073 
249500 	 0.7869052 
250000 	 0.7348937 
250500 	 0.8073057 
251000 	 0.8136628 
251500 	 0.8355019 
252000 	 0.7936674 
252500 	 0.8221842 
253000 	 0.8364016 
253500 	 0.7929369 
254000 	 0.78087 
254500 	 0.8703389 
255000 	 0.7939873 
255500 	 0.8061861 
256000 	 0.8282382 
256500 	 0.7993602 
257000 	 0.7332403 
257500 	 0.8159955 
258000 	 0.7952022 
258500 	 0.8471219 
259000 	 0.8145203 
259500 	 0.7715725 
260000 	 0.8626862 
260500 	 0.8228713 
261000 	 0.8046701 
261500 	 0.8367232 
262000 	 0.7504697 
262500 	 0.7769145 
263000 	 0.7952941 
263500 	 0.8434961 
264000 	 0.801793 
264500 	 0.7767916 
265000 	 0.7523554 
265500 	 0.8376299 
266000 	 0.8551813 
266500 	 0.8317952 
267000 	 0.8201246 
267500 	 0.7817179 
268000 	 0.8619061 
268500 	 0.841302 
269000 	 0.8595196 
269500 	 0.8705647 
270000 	 0.7954779 
270500 	 0.8502849 
271000 	 0.828426 
271500 	 0.8075121 
272000 	 0.8631799 
272500 	 0.8237094 
273000 	 0.781361 
273500 	 0.8594286 
274000 	 0.8061147 
274500 	 0.808682 
275000 	 0.7036143 
275500 	 0.7833348 
276000 	 0.8386556 
276500 	 0.846188 
277000 	 0.7871143 
277500 	 0.8726212 
278000 	 0.7723753 
278500 	 0.7783051 
279000 	 0.8526438 
279500 	 0.8518138 
280000 	 0.7412899 
280500 	 0.809629 
281000 	 0.7355891 
281500 	 0.8132648 
282000 	 0.8033968 
282500 	 0.8361018 
283000 	 0.813281 
283500 	 0.7355686 
284000 	 0.7971368 
284500 	 0.7947509 
285000 	 0.8438759 
285500 	 0.80954 
286000 	 0.8592519 
286500 	 0.8289975 
287000 	 0.8448902 
287500 	 0.8004736 
288000 	 0.7877176 
288500 	 0.8345822 
289000 	 0.8320494 
289500 	 0.8138694 
290000 	 0.8390031 
290500 	 0.8532577 
291000 	 0.8137086 
291500 	 0.8380211 
292000 	 0.8204425 
292500 	 0.8498318 
293000 	 0.8772075 
293500 	 0.8526679 
294000 	 0.8069329 
294500 	 0.8437938 
295000 	 0.8130175 
295500 	 0.7988669 
296000 	 0.8169525 
296500 	 0.7919182 
297000 	 0.7961038 
297500 	 0.8150246 
298000 	 0.8404687 
298500 	 0.8185604 
299000 	 0.8110238 
299500 	 0.8361029 
300000 	 0.8000199 
300500 	 0.8611419 
301000 	 0.7874424 
301500 	 0.8380067 
302000 	 0.8019681 
302500 	 0.8016228 
303000 	 0.7989712 
303500 	 0.8104728 
304000 	 0.8038787 
304500 	 0.7657059 
305000 	 0.823173 
305500 	 0.8535921 
306000 	 0.8046547 
306500 	 0.8418623 
307000 	 0.8385255 
307500 	 0.8537402 
308000 	 0.8222847 
308500 	 0.7674944 
309000 	 0.8784144 
309500 	 0.7913743 
310000 	 0.8476679 
310500 	 0.8205726 
311000 	 0.7938457 
311500 	 0.832591 
312000 	 0.8289984 
312500 	 0.7960984 
313000 	 0.8153268 
313500 	 0.7402195 
314000 	 0.8041333 
314500 	 0.7357112 
315000 	 0.8210547 
315500 	 0.8041176 
316000 	 0.8485763 
316500 	 0.8058803 
317000 	 0.8172789 
317500 	 0.7973818 
318000 	 0.7723299 
318500 	 0.7692394 
319000 	 0.8213208 
319500 	 0.8004932 
320000 	 0.8245876 
320500 	 0.8396599 
321000 	 0.8423918 
321500 	 0.8601205 
322000 	 0.8485738 
322500 	 0.8104063 
323000 	 0.7843934 
323500 	 0.8450571 
324000 	 0.8503859 
324500 	 0.849533 
325000 	 0.8005145 
325500 	 0.8623024 
326000 	 0.8651627 
326500 	 0.7598433 
327000 	 0.7745425 
327500 	 0.8125537 
328000 	 0.8287623 
328500 	 0.8027301 
329000 	 0.8304407 
329500 	 0.7813188 
330000 	 0.7887372 
330500 	 0.7851557 
331000 	 0.8294191 
331500 	 0.7312774 
332000 	 0.8106323 
332500 	 0.8213657 
333000 	 0.8682249 
333500 	 0.853115 
334000 	 0.8653255 
334500 	 0.8480445 
335000 	 0.8228241 
335500 	 0.8046161 
336000 	 0.8169627 
336500 	 0.8399525 
337000 	 0.807019 
337500 	 0.8176026 
338000 	 0.7929767 
338500 	 0.7751988 
339000 	 0.8081101 
339500 	 0.8434345 
340000 	 0.8003084 
340500 	 0.7969201 
341000 	 0.8003243 
341500 	 0.8259371 
342000 	 0.8150768 
342500 	 0.8429998 
343000 	 0.8374394 
343500 	 0.8283929 
344000 	 0.8139744 
344500 	 0.8032198 
345000 	 0.7886285 
345500 	 0.8503555 
346000 	 0.7640249 
346500 	 0.8381076 
347000 	 0.8374438 
347500 	 0.8684923 
348000 	 0.7336227 
348500 	 0.8488958 
349000 	 0.8827558 
349500 	 0.7533572 
350000 	 0.7640434 
350500 	 0.8236047 
351000 	 0.7957088 
351500 	 0.7839552 
352000 	 0.7318368 
352500 	 0.8071945 
353000 	 0.8537425 
353500 	 0.7676807 
354000 	 0.82027 
354500 	 0.806322 
355000 	 0.8082361 
355500 	 0.7794886 
356000 	 0.8174181 
356500 	 0.7885664 
357000 	 0.8222313 
357500 	 0.7302561 
358000 	 0.8334185 
358500 	 0.7962042 
359000 	 0.8005726 
359500 	 0.8141963 
360000 	 0.8290648 
360500 	 0.8055323 
361000 	 0.8202312 
361500 	 0.7647419 
362000 	 0.8054137 
362500 	 0.8794325 
363000 	 0.8159827 
363500 	 0.8444709 
364000 	 0.839584 
364500 	 0.7790945 
365000 	 0.8699856 
365500 	 0.8115083 
366000 	 0.8379222 
366500 	 0.7921112 
367000 	 0.7755753 
367500 	 0.8403022 
368000 	 0.81833 
368500 	 0.8250138 
369000 	 0.8222891 
369500 	 0.854177 
370000 	 0.7884879 
370500 	 0.8013432 
371000 	 0.8019175 
371500 	 0.8420635 
372000 	 0.8137795 
372500 	 0.8261178 
373000 	 0.865159 
373500 	 0.8341527 
374000 	 0.7926761 
374500 	 0.7937422 
375000 	 0.8249538 
375500 	 0.7859207 
376000 	 0.825109 
376500 	 0.7845338 
377000 	 0.753563 
377500 	 0.8215228 
378000 	 0.8070988 
378500 	 0.7971784 
379000 	 0.8188129 
379500 	 0.8772399 
380000 	 0.8026232 
380500 	 0.7955804 
381000 	 0.8318589 
381500 	 0.8373763 
382000 	 0.835843 
382500 	 0.8109472 
383000 	 0.8430189 
383500 	 0.805812 
384000 	 0.8202123 
384500 	 0.8268858 
385000 	 0.8110766 
385500 	 0.795664 
386000 	 0.7610474 
386500 	 0.8390391 
387000 	 0.8212195 
387500 	 0.8108281 
388000 	 0.788092 
388500 	 0.8323797 
389000 	 0.8641113 
389500 	 0.7779058 
390000 	 0.7841812 
390500 	 0.7802673 
391000 	 0.7621978 
391500 	 0.8545347 
392000 	 0.8708753 
392500 	 0.8383586 
393000 	 0.8063463 
393500 	 0.8344894 
394000 	 0.8930269 
394500 	 0.8320276 
395000 	 0.8076808 
395500 	 0.7891765 
396000 	 0.8208494 
396500 	 0.8279062 
397000 	 0.8421302 
397500 	 0.7661866 
398000 	 0.8053122 
398500 	 0.8565128 
399000 	 0.8810848 
399500 	 0.7841659 
400000 	 0.7859115 
400500 	 0.8457919 
401000 	 0.8584846 
401500 	 0.8728686 
402000 	 0.8170585 
402500 	 0.8053501 
403000 	 0.8130462 
403500 	 0.7885374 
404000 	 0.8375388 
404500 	 0.8480391 
405000 	 0.8197471 
405500 	 0.7590251 
406000 	 0.8016723 
406500 	 0.7745723 
407000 	 0.8386619 
407500 	 0.7919483 
408000 	 0.8253647 
408500 	 0.8490956 
409000 	 0.7903224 
409500 	 0.7591605 
410000 	 0.7661724 
410500 	 0.8675684 
411000 	 0.803064 
411500 	 0.7711865 
412000 	 0.7810653 
412500 	 0.8292226 
413000 	 0.7609055 
413500 	 0.7799398 
414000 	 0.8203435 
414500 	 0.7876647 
415000 	 0.853857 
415500 	 0.7172138 
416000 	 0.8434275 
416500 	 0.8436803 
417000 	 0.8321144 
417500 	 0.8303335 
418000 	 0.8232533 
418500 	 0.7619477 
419000 	 0.8775214 
419500 	 0.8446266 
420000 	 0.8071207 
420500 	 0.7723904 
421000 	 0.8422724 
421500 	 0.787937 
422000 	 0.77107 
422500 	 0.8148188 
423000 	 0.8131948 
423500 	 0.7989167 
424000 	 0.7420731 
424500 	 0.8252256 
425000 	 0.7709509 
425500 	 0.7723498 
426000 	 0.8543334 
426500 	 0.8488479 
427000 	 0.8106865 
427500 	 0.8246029 
428000 	 0.8228959 
428500 	 0.7885089 
429000 	 0.8339555 
429500 	 0.7489708 
430000 	 0.7949117 
430500 	 0.8383047 
431000 	 0.863694 
431500 	 0.7750674 
432000 	 0.8377012 
432500 	 0.8887144 
433000 	 0.7678841 
433500 	 0.7995894 
434000 	 0.8922116 
434500 	 0.8247623 
435000 	 0.8392743 
435500 	 0.7740923 
436000 	 0.8444748 
436500 	 0.812084 
437000 	 0.7985421 
437500 	 0.8243436 
438000 	 0.7981633 
438500 	 0.8502889 
439000 	 0.8715783 
439500 	 0.8189373 
440000 	 0.8535863 
440500 	 0.7748357 
441000 	 0.7887227 
441500 	 0.7789937 
442000 	 0.8218799 
442500 	 0.7755166 
443000 	 0.8094655 
443500 	 0.8629162 
444000 	 0.863496 
444500 	 0.8061954 
445000 	 0.7738521 
445500 	 0.7782572 
446000 	 0.8280345 
446500 	 0.8361938 
447000 	 0.7643835 
447500 	 0.762069 
448000 	 0.8086368 
448500 	 0.8295609 
449000 	 0.7281883 
449500 	 0.8520822 
450000 	 0.7735018 
450500 	 0.8538732 
451000 	 0.801002 
451500 	 0.7940728 
452000 	 0.8338387 
452500 	 0.8615296 
453000 	 0.8266002 
453500 	 0.8187109 
454000 	 0.8527731 
454500 	 0.8161728 
455000 	 0.7683855 
455500 	 0.7969242 
456000 	 0.8165833 
456500 	 0.8545709 
457000 	 0.8104712 
457500 	 0.8426919 
458000 	 0.8287422 
458500 	 0.8336271 
459000 	 0.7990726 
459500 	 0.8347183 
460000 	 0.8113368 
460500 	 0.7718915 
461000 	 0.8354965 
461500 	 0.7758162 
462000 	 0.8099501 
462500 	 0.85407 
463000 	 0.8648072 
463500 	 0.8188766 
464000 	 0.8017709 
464500 	 0.8564827 
465000 	 0.8484242 
465500 	 0.786772 
466000 	 0.8064239 
466500 	 0.8547988 
467000 	 0.8495329 
467500 	 0.8201864 
468000 	 0.8303169 
468500 	 0.8564254 
469000 	 0.7880605 
469500 	 0.8304511 
470000 	 0.7984711 
470500 	 0.8563047 
471000 	 0.7584019 
471500 	 0.8073764 
472000 	 0.8105533 
472500 	 0.8242883 
473000 	 0.7396048 
473500 	 0.8298851 
474000 	 0.8122061 
474500 	 0.7666288 
475000 	 0.8004988 
475500 	 0.7984618 
476000 	 0.8283921 
476500 	 0.8145608 
477000 	 0.858247 
477500 	 0.7713591 
478000 	 0.8286101 
478500 	 0.7629398 
479000 	 0.8476292 
479500 	 0.8088845 
480000 	 0.8513049 
480500 	 0.8142147 
481000 	 0.8172753 
481500 	 0.829203 
482000 	 0.8049123 
482500 	 0.8399844 
483000 	 0.8210245 
483500 	 0.7573857 
484000 	 0.7738219 
484500 	 0.754612 
485000 	 0.8009412 
485500 	 0.8462824 
486000 	 0.7888423 
486500 	 0.8441246 
487000 	 0.801231 
487500 	 0.7905509 
488000 	 0.801331 
488500 	 0.8155296 
489000 	 0.7821075 
489500 	 0.7797791 
490000 	 0.8015321 
490500 	 0.818344 
491000 	 0.8509322 
491500 	 0.7669125 
492000 	 0.8143467 
492500 	 0.8134152 
493000 	 0.8277837 
493500 	 0.746398 
494000 	 0.8115717 
494500 	 0.8241883 
495000 	 0.8381247 
495500 	 0.818348 
496000 	 0.8343404 
496500 	 0.7740046 
497000 	 0.7712056 
497500 	 0.8074517 
498000 	 0.8268262 
498500 	 0.7848723 
499000 	 0.8703046 
499500 	 0.8014511 
500000 	 0.8195316 
