iter 	 p
500 	 0.7864466 
1000 	 0.8282034 
1500 	 0.7886 
2000 	 0.8012907 
2500 	 0.7269673 
3000 	 0.864012 
3500 	 0.8440407 
4000 	 0.7937892 
4500 	 0.7499639 
5000 	 0.7969632 
5500 	 0.8331655 
6000 	 0.8375822 
6500 	 0.7526346 
7000 	 0.7818672 
7500 	 0.7925853 
8000 	 0.8507695 
8500 	 0.8136586 
9000 	 0.7581407 
9500 	 0.8360458 
10000 	 0.8491395 
10500 	 0.7969779 
11000 	 0.8142933 
11500 	 0.7247069 
12000 	 0.7295063 
12500 	 0.753899 
13000 	 0.7796477 
13500 	 0.7883057 
14000 	 0.7919225 
14500 	 0.79459 
15000 	 0.826389 
15500 	 0.842851 
16000 	 0.8176608 
16500 	 0.7936206 
17000 	 0.7713184 
17500 	 0.8151018 
18000 	 0.8195016 
18500 	 0.8106332 
19000 	 0.7912772 
19500 	 0.7556274 
20000 	 0.8159112 
20500 	 0.7677828 
21000 	 0.7991496 
21500 	 0.8120484 
22000 	 0.7725608 
22500 	 0.7995341 
23000 	 0.7988145 
23500 	 0.8180505 
24000 	 0.8174995 
24500 	 0.7883795 
25000 	 0.801499 
25500 	 0.8151472 
26000 	 0.750499 
26500 	 0.7683622 
27000 	 0.7823804 
27500 	 0.7857639 
28000 	 0.831328 
28500 	 0.8229166 
29000 	 0.8348867 
29500 	 0.7588398 
30000 	 0.8049206 
30500 	 0.7980989 
31000 	 0.79622 
31500 	 0.7864069 
32000 	 0.7536907 
32500 	 0.8244317 
33000 	 0.7846476 
33500 	 0.8296865 
34000 	 0.7897455 
34500 	 0.8434126 
35000 	 0.7999309 
35500 	 0.834771 
36000 	 0.7967775 
36500 	 0.7301543 
37000 	 0.7568833 
37500 	 0.7945573 
38000 	 0.7823113 
38500 	 0.8346382 
39000 	 0.8435681 
39500 	 0.8125765 
40000 	 0.8012801 
40500 	 0.7727656 
41000 	 0.8260049 
41500 	 0.7707572 
42000 	 0.7970282 
42500 	 0.8714263 
43000 	 0.806192 
43500 	 0.7826211 
44000 	 0.7790875 
44500 	 0.8092672 
45000 	 0.7947549 
45500 	 0.8083923 
46000 	 0.7944848 
46500 	 0.8323046 
47000 	 0.8408827 
47500 	 0.7751705 
48000 	 0.8491952 
48500 	 0.8053979 
49000 	 0.7748459 
49500 	 0.7939261 
50000 	 0.8318661 
50500 	 0.8191315 
51000 	 0.8402137 
51500 	 0.7844521 
52000 	 0.7567196 
52500 	 0.7699854 
53000 	 0.7634888 
53500 	 0.786628 
54000 	 0.7920237 
54500 	 0.8298242 
55000 	 0.8098651 
55500 	 0.8099268 
56000 	 0.7176388 
56500 	 0.7793147 
57000 	 0.7899561 
57500 	 0.7909909 
58000 	 0.7843253 
58500 	 0.8556432 
59000 	 0.7899808 
59500 	 0.7471465 
60000 	 0.8191527 
60500 	 0.8241238 
61000 	 0.7685094 
61500 	 0.8169358 
62000 	 0.8175221 
62500 	 0.8284636 
63000 	 0.7794845 
63500 	 0.7859666 
64000 	 0.8035929 
64500 	 0.7885399 
65000 	 0.7961331 
65500 	 0.7736377 
66000 	 0.7861538 
66500 	 0.8469641 
67000 	 0.7324434 
67500 	 0.8355532 
68000 	 0.8052539 
68500 	 0.7283699 
69000 	 0.8078972 
69500 	 0.8252178 
70000 	 0.8043471 
70500 	 0.7790048 
71000 	 0.8297699 
71500 	 0.8011484 
72000 	 0.8464855 
72500 	 0.7704051 
73000 	 0.7258412 
73500 	 0.7943081 
74000 	 0.8006247 
74500 	 0.7715264 
75000 	 0.8240983 
75500 	 0.7966522 
76000 	 0.8083143 
76500 	 0.7718924 
77000 	 0.8567919 
77500 	 0.7701456 
78000 	 0.8068102 
78500 	 0.7866252 
79000 	 0.7845426 
79500 	 0.8444078 
80000 	 0.8248193 
80500 	 0.7689418 
81000 	 0.8316839 
81500 	 0.8356324 
82000 	 0.749252 
82500 	 0.8190821 
83000 	 0.7846133 
83500 	 0.8507244 
84000 	 0.866156 
84500 	 0.8038755 
85000 	 0.7538286 
85500 	 0.8163108 
86000 	 0.7346165 
86500 	 0.8422407 
87000 	 0.8150779 
87500 	 0.8009987 
88000 	 0.7905291 
88500 	 0.8308916 
89000 	 0.7917992 
89500 	 0.8429089 
90000 	 0.8229834 
90500 	 0.8326358 
91000 	 0.7472946 
91500 	 0.7956844 
92000 	 0.7607757 
92500 	 0.8274432 
93000 	 0.8182833 
93500 	 0.8016839 
94000 	 0.7558842 
94500 	 0.7459131 
95000 	 0.7889744 
95500 	 0.8303418 
96000 	 0.7942595 
96500 	 0.8240264 
97000 	 0.8010453 
97500 	 0.7945867 
98000 	 0.7907382 
98500 	 0.7277959 
99000 	 0.8173855 
99500 	 0.796142 
100000 	 0.7352802 
100500 	 0.7488758 
101000 	 0.798913 
101500 	 0.7478764 
102000 	 0.8106804 
102500 	 0.8358085 
103000 	 0.7476653 
103500 	 0.8238451 
104000 	 0.8670915 
104500 	 0.8331468 
105000 	 0.7197542 
105500 	 0.7899085 
106000 	 0.7981576 
106500 	 0.7882247 
107000 	 0.7906092 
107500 	 0.7420913 
108000 	 0.7843919 
108500 	 0.8039693 
109000 	 0.835534 
109500 	 0.7848409 
110000 	 0.7713338 
110500 	 0.8081826 
111000 	 0.7355818 
111500 	 0.8389501 
112000 	 0.7297733 
112500 	 0.7771356 
113000 	 0.7819924 
113500 	 0.8199448 
114000 	 0.8000801 
114500 	 0.8484246 
115000 	 0.7801187 
115500 	 0.7829833 
116000 	 0.7536924 
116500 	 0.8248592 
117000 	 0.7699193 
117500 	 0.8520636 
118000 	 0.8133183 
118500 	 0.7661367 
119000 	 0.8306077 
119500 	 0.780319 
120000 	 0.7751367 
120500 	 0.8358175 
121000 	 0.7973092 
121500 	 0.7745779 
122000 	 0.7887214 
122500 	 0.7865728 
123000 	 0.8108297 
123500 	 0.8348928 
124000 	 0.7733994 
124500 	 0.7683822 
125000 	 0.7703651 
125500 	 0.7615711 
126000 	 0.8039363 
126500 	 0.7635547 
127000 	 0.7760416 
127500 	 0.733874 
128000 	 0.8114758 
128500 	 0.7665626 
129000 	 0.8398865 
129500 	 0.7358647 
130000 	 0.8206869 
130500 	 0.7989054 
131000 	 0.8108575 
131500 	 0.8213542 
132000 	 0.7330862 
132500 	 0.849448 
133000 	 0.8055545 
133500 	 0.8301682 
134000 	 0.8405043 
134500 	 0.8049467 
135000 	 0.8171486 
135500 	 0.7473008 
136000 	 0.8404669 
136500 	 0.8292023 
137000 	 0.8556029 
137500 	 0.7784152 
138000 	 0.8147584 
138500 	 0.8020292 
139000 	 0.8399288 
139500 	 0.8248259 
140000 	 0.8088292 
140500 	 0.7813759 
141000 	 0.7905362 
141500 	 0.8313292 
142000 	 0.8121669 
142500 	 0.8929213 
143000 	 0.8192097 
143500 	 0.7972595 
144000 	 0.7671539 
144500 	 0.8081779 
145000 	 0.8281244 
145500 	 0.834013 
146000 	 0.7890338 
146500 	 0.8430776 
147000 	 0.7207516 
147500 	 0.8009165 
148000 	 0.7829388 
148500 	 0.7568698 
149000 	 0.7852354 
149500 	 0.8245896 
150000 	 0.8203803 
150500 	 0.8009904 
151000 	 0.8171278 
151500 	 0.8222262 
152000 	 0.8098465 
152500 	 0.758315 
153000 	 0.7820928 
153500 	 0.7922504 
154000 	 0.7726119 
154500 	 0.7559156 
155000 	 0.8041301 
155500 	 0.7673619 
156000 	 0.8169186 
156500 	 0.8001602 
157000 	 0.7696572 
157500 	 0.6969457 
158000 	 0.823447 
158500 	 0.8292448 
159000 	 0.8298228 
159500 	 0.8208879 
160000 	 0.7725464 
160500 	 0.8332492 
161000 	 0.7968805 
161500 	 0.8019697 
162000 	 0.8218108 
162500 	 0.8428944 
163000 	 0.8396961 
163500 	 0.8274965 
164000 	 0.7581565 
164500 	 0.8237228 
165000 	 0.7660927 
165500 	 0.8516506 
166000 	 0.8288246 
166500 	 0.7772517 
167000 	 0.8007435 
167500 	 0.7962361 
168000 	 0.8113233 
168500 	 0.8373449 
169000 	 0.753773 
169500 	 0.8524709 
170000 	 0.7971051 
170500 	 0.7868681 
171000 	 0.7840846 
171500 	 0.7701986 
172000 	 0.7887497 
172500 	 0.8397066 
173000 	 0.8068461 
173500 	 0.8156673 
174000 	 0.8392163 
174500 	 0.795709 
175000 	 0.8139492 
175500 	 0.7730952 
176000 	 0.7809977 
176500 	 0.8332245 
177000 	 0.8173285 
177500 	 0.742431 
178000 	 0.7992849 
178500 	 0.7963081 
179000 	 0.7010928 
179500 	 0.8480033 
180000 	 0.8105202 
180500 	 0.7554453 
181000 	 0.8334684 
181500 	 0.812564 
182000 	 0.870485 
182500 	 0.7949686 
183000 	 0.8439005 
183500 	 0.8023017 
184000 	 0.77742 
184500 	 0.7777163 
185000 	 0.8415235 
185500 	 0.8697947 
186000 	 0.7499169 
186500 	 0.7874719 
187000 	 0.7851822 
187500 	 0.7810309 
188000 	 0.8042554 
188500 	 0.7757503 
189000 	 0.7415529 
189500 	 0.764089 
190000 	 0.8155913 
190500 	 0.8132047 
191000 	 0.7892344 
191500 	 0.7787961 
192000 	 0.8241673 
192500 	 0.6765844 
193000 	 0.7918679 
193500 	 0.792061 
194000 	 0.7852557 
194500 	 0.7905752 
195000 	 0.783157 
195500 	 0.7885276 
196000 	 0.8262396 
196500 	 0.8142922 
197000 	 0.7920283 
197500 	 0.7707337 
198000 	 0.8218338 
198500 	 0.8050728 
199000 	 0.7865889 
199500 	 0.8183599 
200000 	 0.7826264 
200500 	 0.728959 
201000 	 0.7935395 
201500 	 0.7922116 
202000 	 0.8021997 
202500 	 0.8381475 
203000 	 0.8435186 
203500 	 0.8174086 
204000 	 0.7711249 
204500 	 0.8108239 
205000 	 0.7986596 
205500 	 0.7943149 
206000 	 0.8452218 
206500 	 0.7550886 
207000 	 0.818944 
207500 	 0.8179796 
208000 	 0.7422299 
208500 	 0.7736847 
209000 	 0.8611095 
209500 	 0.7188204 
210000 	 0.7872849 
210500 	 0.7732905 
211000 	 0.7818383 
211500 	 0.7864339 
212000 	 0.7675859 
212500 	 0.8227962 
213000 	 0.7949362 
213500 	 0.8557412 
214000 	 0.7982029 
214500 	 0.793816 
215000 	 0.7924608 
215500 	 0.7656579 
216000 	 0.7768276 
216500 	 0.7836532 
217000 	 0.8347874 
217500 	 0.747338 
218000 	 0.811891 
218500 	 0.818232 
219000 	 0.7513524 
219500 	 0.7907641 
220000 	 0.8382122 
220500 	 0.7537871 
221000 	 0.8028424 
221500 	 0.7741627 
222000 	 0.7873211 
222500 	 0.7574965 
223000 	 0.7735392 
223500 	 0.8510111 
224000 	 0.8030754 
224500 	 0.6959909 
225000 	 0.7764708 
225500 	 0.7796622 
226000 	 0.7651322 
226500 	 0.8173827 
227000 	 0.8123574 
227500 	 0.7546061 
228000 	 0.8031675 
228500 	 0.8397037 
229000 	 0.8269514 
229500 	 0.749691 
230000 	 0.7855599 
230500 	 0.8084419 
231000 	 0.771675 
231500 	 0.7631059 
232000 	 0.8242355 
232500 	 0.869399 
233000 	 0.7386503 
233500 	 0.7411306 
234000 	 0.7991756 
234500 	 0.7961169 
235000 	 0.8004791 
235500 	 0.8125641 
236000 	 0.7747351 
236500 	 0.8146509 
237000 	 0.781451 
237500 	 0.8157242 
238000 	 0.7959044 
238500 	 0.8459459 
239000 	 0.7939575 
239500 	 0.7885498 
240000 	 0.8331286 
240500 	 0.8171721 
241000 	 0.7998303 
241500 	 0.7950028 
242000 	 0.8493292 
242500 	 0.7798199 
243000 	 0.8265663 
243500 	 0.7918619 
244000 	 0.8155159 
244500 	 0.8560454 
245000 	 0.7818216 
245500 	 0.8329392 
246000 	 0.7684914 
246500 	 0.7615363 
247000 	 0.7681687 
247500 	 0.7896652 
248000 	 0.8242342 
248500 	 0.764858 
249000 	 0.7733812 
249500 	 0.7843957 
250000 	 0.8088229 
250500 	 0.7602708 
251000 	 0.8371971 
251500 	 0.8014623 
252000 	 0.7764378 
252500 	 0.7380653 
253000 	 0.8010546 
253500 	 0.7011806 
254000 	 0.8122407 
254500 	 0.8048342 
255000 	 0.741264 
255500 	 0.7541954 
256000 	 0.8330117 
256500 	 0.8133805 
257000 	 0.7505019 
257500 	 0.8241211 
258000 	 0.8049954 
258500 	 0.8175775 
259000 	 0.827679 
259500 	 0.7614333 
260000 	 0.8211978 
260500 	 0.8237026 
261000 	 0.7310087 
261500 	 0.8251561 
262000 	 0.8038395 
262500 	 0.7873775 
263000 	 0.8072711 
263500 	 0.7802925 
264000 	 0.8722767 
264500 	 0.7426087 
265000 	 0.8254322 
265500 	 0.7796241 
266000 	 0.7738245 
266500 	 0.816244 
267000 	 0.7709593 
267500 	 0.7844655 
268000 	 0.8452105 
268500 	 0.8020963 
269000 	 0.8154639 
269500 	 0.7945248 
270000 	 0.8093381 
270500 	 0.7906113 
271000 	 0.8578575 
271500 	 0.833666 
272000 	 0.7558923 
272500 	 0.7983666 
273000 	 0.8178034 
273500 	 0.8444169 
274000 	 0.7154612 
274500 	 0.7294564 
275000 	 0.7609135 
275500 	 0.8068397 
276000 	 0.875574 
276500 	 0.7134611 
277000 	 0.8073106 
277500 	 0.7712906 
278000 	 0.8264742 
278500 	 0.8218238 
279000 	 0.7703061 
279500 	 0.8694477 
280000 	 0.8091622 
280500 	 0.8021897 
281000 	 0.7939961 
281500 	 0.7875651 
282000 	 0.775001 
282500 	 0.7872196 
283000 	 0.7770135 
283500 	 0.7526379 
284000 	 0.7870188 
284500 	 0.8241722 
285000 	 0.8430523 
285500 	 0.7711732 
286000 	 0.8326181 
286500 	 0.8003291 
287000 	 0.7366233 
287500 	 0.8235299 
288000 	 0.8714282 
288500 	 0.7816427 
289000 	 0.7772495 
289500 	 0.7953995 
290000 	 0.8014727 
290500 	 0.7971149 
291000 	 0.7484891 
291500 	 0.8048594 
292000 	 0.7933117 
292500 	 0.7375173 
293000 	 0.775532 
293500 	 0.7197414 
294000 	 0.7343058 
294500 	 0.8226211 
295000 	 0.763689 
295500 	 0.7923575 
296000 	 0.7987258 
296500 	 0.8458515 
297000 	 0.8200759 
297500 	 0.7843126 
298000 	 0.7927099 
298500 	 0.8333835 
299000 	 0.8228979 
299500 	 0.7883343 
300000 	 0.7587886 
300500 	 0.7455882 
301000 	 0.8461698 
301500 	 0.7721051 
302000 	 0.7414816 
302500 	 0.8525257 
303000 	 0.7716569 
303500 	 0.7714669 
304000 	 0.8152504 
304500 	 0.7756912 
305000 	 0.8231279 
305500 	 0.8309336 
306000 	 0.779868 
306500 	 0.8094851 
307000 	 0.8231935 
307500 	 0.7913757 
308000 	 0.8529258 
308500 	 0.807877 
309000 	 0.7712637 
309500 	 0.7840044 
310000 	 0.8398675 
310500 	 0.812208 
311000 	 0.7285524 
311500 	 0.8161764 
312000 	 0.784608 
312500 	 0.8328727 
313000 	 0.8570888 
313500 	 0.8071404 
314000 	 0.766562 
314500 	 0.8336003 
315000 	 0.7379943 
315500 	 0.7780136 
316000 	 0.8088313 
316500 	 0.7401063 
317000 	 0.8288315 
317500 	 0.8324935 
318000 	 0.8287797 
318500 	 0.7622594 
319000 	 0.7720262 
319500 	 0.8257047 
320000 	 0.775611 
320500 	 0.8262659 
321000 	 0.8062332 
321500 	 0.8289009 
322000 	 0.8474236 
322500 	 0.8165279 
323000 	 0.7606597 
323500 	 0.8245389 
324000 	 0.7911258 
324500 	 0.8240747 
325000 	 0.7711286 
325500 	 0.7928266 
326000 	 0.8019065 
326500 	 0.8179293 
327000 	 0.8242474 
327500 	 0.7341621 
328000 	 0.7647964 
328500 	 0.827794 
329000 	 0.7829863 
329500 	 0.824701 
330000 	 0.7989558 
330500 	 0.812007 
331000 	 0.7654708 
331500 	 0.8118659 
332000 	 0.8103961 
332500 	 0.8259468 
333000 	 0.7637194 
333500 	 0.8030016 
334000 	 0.7959532 
334500 	 0.8689537 
335000 	 0.8337963 
335500 	 0.8060213 
336000 	 0.7874815 
336500 	 0.794015 
337000 	 0.8061193 
337500 	 0.7806227 
338000 	 0.8166862 
338500 	 0.7932246 
339000 	 0.8274855 
339500 	 0.8236406 
340000 	 0.7727022 
340500 	 0.8052561 
341000 	 0.8254373 
341500 	 0.7975254 
342000 	 0.808671 
342500 	 0.6896205 
343000 	 0.7979035 
343500 	 0.8204381 
344000 	 0.8482968 
344500 	 0.8128386 
345000 	 0.8236326 
345500 	 0.7790974 
346000 	 0.8195238 
346500 	 0.8083648 
347000 	 0.8017614 
347500 	 0.7959518 
348000 	 0.7719291 
348500 	 0.810192 
349000 	 0.8438062 
349500 	 0.7858911 
350000 	 0.8527441 
350500 	 0.8291678 
351000 	 0.8434832 
351500 	 0.8279876 
352000 	 0.8128266 
352500 	 0.812251 
353000 	 0.8297728 
353500 	 0.7478594 
354000 	 0.8009959 
354500 	 0.7621973 
355000 	 0.7801666 
355500 	 0.8156898 
356000 	 0.8215672 
356500 	 0.7815661 
357000 	 0.7920318 
357500 	 0.8211915 
358000 	 0.7575648 
358500 	 0.7803328 
359000 	 0.7769173 
359500 	 0.7951973 
360000 	 0.7438294 
360500 	 0.8415474 
361000 	 0.8473341 
361500 	 0.7740805 
362000 	 0.8061387 
362500 	 0.7963904 
363000 	 0.777525 
363500 	 0.7929451 
364000 	 0.7411112 
364500 	 0.7919638 
365000 	 0.7758876 
365500 	 0.7878247 
366000 	 0.803672 
366500 	 0.7819285 
367000 	 0.7999974 
367500 	 0.821487 
368000 	 0.7903193 
368500 	 0.7349501 
369000 	 0.8218224 
369500 	 0.8982136 
370000 	 0.7692288 
370500 	 0.7883716 
371000 	 0.8203942 
371500 	 0.8104967 
372000 	 0.7960505 
372500 	 0.7014902 
373000 	 0.8224585 
373500 	 0.8203635 
374000 	 0.7243378 
374500 	 0.8489716 
375000 	 0.7501694 
375500 	 0.7731131 
376000 	 0.8435963 
376500 	 0.7784635 
377000 	 0.7813286 
377500 	 0.789189 
378000 	 0.8305451 
378500 	 0.8441225 
379000 	 0.8569928 
379500 	 0.7950773 
380000 	 0.7893342 
380500 	 0.7158792 
381000 	 0.7621621 
381500 	 0.7800167 
382000 	 0.8480157 
382500 	 0.7894083 
383000 	 0.803768 
383500 	 0.8010978 
384000 	 0.8236281 
384500 	 0.836429 
385000 	 0.8201205 
385500 	 0.8231095 
386000 	 0.773385 
386500 	 0.8002954 
387000 	 0.8087961 
387500 	 0.7472964 
388000 	 0.776709 
388500 	 0.7610734 
389000 	 0.8158943 
389500 	 0.7717401 
390000 	 0.7663696 
390500 	 0.7592847 
391000 	 0.7912216 
391500 	 0.7413699 
392000 	 0.7806776 
392500 	 0.8786421 
393000 	 0.8365507 
393500 	 0.8202008 
394000 	 0.7594865 
394500 	 0.7835158 
395000 	 0.8051483 
395500 	 0.8209855 
396000 	 0.8550979 
396500 	 0.796322 
397000 	 0.7683666 
397500 	 0.8224298 
398000 	 0.8430738 
398500 	 0.8198006 
399000 	 0.7906972 
399500 	 0.8235795 
400000 	 0.7941673 
400500 	 0.8712513 
401000 	 0.8039758 
401500 	 0.8191334 
402000 	 0.770058 
402500 	 0.8393472 
403000 	 0.8131404 
403500 	 0.8258215 
404000 	 0.7283808 
404500 	 0.8134207 
405000 	 0.7932808 
405500 	 0.8282034 
406000 	 0.7507236 
406500 	 0.8124056 
407000 	 0.8221143 
407500 	 0.7768392 
408000 	 0.8034773 
408500 	 0.7686918 
409000 	 0.8198712 
409500 	 0.7966064 
410000 	 0.785005 
410500 	 0.8083813 
411000 	 0.7829653 
411500 	 0.7789303 
412000 	 0.7473648 
412500 	 0.8075491 
413000 	 0.7961678 
413500 	 0.7731732 
414000 	 0.8156353 
414500 	 0.8199582 
415000 	 0.8491195 
415500 	 0.8030925 
416000 	 0.8036593 
416500 	 0.7154167 
417000 	 0.8108707 
417500 	 0.8189331 
418000 	 0.7887581 
418500 	 0.7642016 
419000 	 0.8499336 
419500 	 0.815453 
420000 	 0.8066653 
420500 	 0.7304715 
421000 	 0.817091 
421500 	 0.8601721 
422000 	 0.7886108 
422500 	 0.8189995 
423000 	 0.7976843 
423500 	 0.7959699 
424000 	 0.785509 
424500 	 0.7892375 
425000 	 0.7687792 
425500 	 0.8330699 
426000 	 0.844724 
426500 	 0.795702 
427000 	 0.8040263 
427500 	 0.7905539 
428000 	 0.801678 
428500 	 0.8002307 
429000 	 0.8343671 
429500 	 0.7679517 
430000 	 0.8090243 
430500 	 0.7849278 
431000 	 0.8135374 
431500 	 0.7906552 
432000 	 0.7589195 
432500 	 0.8101459 
433000 	 0.8073432 
433500 	 0.7970564 
434000 	 0.8759007 
434500 	 0.8545462 
435000 	 0.7774774 
435500 	 0.8034495 
436000 	 0.8307712 
436500 	 0.8362449 
437000 	 0.7443673 
437500 	 0.8264195 
438000 	 0.7933326 
438500 	 0.790398 
439000 	 0.7968826 
439500 	 0.8220001 
440000 	 0.7412374 
440500 	 0.804123 
441000 	 0.8287829 
441500 	 0.7870908 
442000 	 0.7862911 
442500 	 0.8101406 
443000 	 0.7999598 
443500 	 0.7615098 
444000 	 0.7848067 
444500 	 0.8135999 
445000 	 0.799966 
445500 	 0.857077 
446000 	 0.8147151 
446500 	 0.817656 
447000 	 0.7834728 
447500 	 0.7584934 
448000 	 0.7991385 
448500 	 0.8180334 
449000 	 0.7979899 
449500 	 0.7769483 
450000 	 0.7805596 
450500 	 0.7700547 
451000 	 0.7784322 
451500 	 0.8101461 
452000 	 0.8232551 
452500 	 0.7829218 
453000 	 0.8204791 
453500 	 0.8105839 
454000 	 0.8073798 
454500 	 0.7545171 
455000 	 0.8174728 
455500 	 0.7880913 
456000 	 0.7881923 
456500 	 0.7792889 
457000 	 0.7680316 
457500 	 0.7433805 
458000 	 0.8148163 
458500 	 0.7114002 
459000 	 0.7413028 
459500 	 0.7144261 
460000 	 0.8091894 
460500 	 0.8208819 
461000 	 0.820875 
461500 	 0.792729 
462000 	 0.8320578 
462500 	 0.8685755 
463000 	 0.7762908 
463500 	 0.8117718 
464000 	 0.7015986 
464500 	 0.7849105 
465000 	 0.81658 
465500 	 0.7646812 
466000 	 0.7667194 
466500 	 0.7978865 
467000 	 0.7846975 
467500 	 0.8540174 
468000 	 0.7903691 
468500 	 0.7748203 
469000 	 0.8056975 
469500 	 0.7914216 
470000 	 0.8099551 
470500 	 0.8059405 
471000 	 0.8462808 
471500 	 0.7638202 
472000 	 0.8475798 
472500 	 0.789918 
473000 	 0.7510386 
473500 	 0.7328171 
474000 	 0.7902625 
474500 	 0.7665525 
475000 	 0.8449465 
475500 	 0.8023849 
476000 	 0.7584851 
476500 	 0.7921798 
477000 	 0.8265402 
477500 	 0.8014829 
478000 	 0.827875 
478500 	 0.7737069 
479000 	 0.8167863 
479500 	 0.8318504 
480000 	 0.7588641 
480500 	 0.818614 
481000 	 0.8134907 
481500 	 0.8256165 
482000 	 0.8197039 
482500 	 0.7888829 
483000 	 0.8181616 
483500 	 0.8440284 
484000 	 0.7330382 
484500 	 0.7901449 
485000 	 0.7950472 
485500 	 0.8078207 
486000 	 0.8241059 
486500 	 0.7982578 
487000 	 0.7775667 
487500 	 0.7936351 
488000 	 0.7931029 
488500 	 0.78813 
489000 	 0.8374027 
489500 	 0.7998058 
490000 	 0.8154953 
490500 	 0.7752087 
491000 	 0.7685517 
491500 	 0.7848877 
492000 	 0.7778509 
492500 	 0.78032 
493000 	 0.7887739 
493500 	 0.8296211 
494000 	 0.7893365 
494500 	 0.8419563 
495000 	 0.8263109 
495500 	 0.7518104 
496000 	 0.8207038 
496500 	 0.7218436 
497000 	 0.7720483 
497500 	 0.8408003 
498000 	 0.8386975 
498500 	 0.7896906 
499000 	 0.8582604 
499500 	 0.8227037 
500000 	 0.8024049 
