iter 	 p
500 	 0.3100102 
1000 	 0.3747717 
1500 	 0.2402039 
2000 	 0.2906828 
2500 	 0.2469448 
3000 	 0.308285 
3500 	 0.2883653 
4000 	 0.2377141 
4500 	 0.3502775 
5000 	 0.215315 
5500 	 0.1825555 
6000 	 0.2354461 
6500 	 0.1363291 
7000 	 0.2869728 
7500 	 0.2327204 
8000 	 0.3576871 
8500 	 0.250498 
9000 	 0.1832987 
9500 	 0.2147263 
10000 	 0.1581319 
10500 	 0.2364082 
11000 	 0.2493893 
11500 	 0.1836866 
12000 	 0.3675853 
12500 	 0.3148319 
13000 	 0.3497652 
13500 	 0.2379684 
14000 	 0.1587615 
14500 	 0.3337349 
15000 	 0.2751339 
15500 	 0.2586477 
16000 	 0.2480177 
16500 	 0.2506477 
17000 	 0.2180302 
17500 	 0.3003645 
18000 	 0.280864 
18500 	 0.2577192 
19000 	 0.1985936 
19500 	 0.2671581 
20000 	 0.2101065 
20500 	 0.2373024 
21000 	 0.248981 
21500 	 0.2820642 
22000 	 0.230748 
22500 	 0.2689212 
23000 	 0.2229326 
23500 	 0.2071711 
24000 	 0.2397745 
24500 	 0.2000193 
25000 	 0.3177946 
25500 	 0.2051712 
26000 	 0.1560234 
26500 	 0.3106689 
27000 	 0.3025391 
27500 	 0.2243872 
28000 	 0.1901799 
28500 	 0.2383569 
29000 	 0.2532514 
29500 	 0.3631175 
30000 	 0.2764296 
30500 	 0.1817862 
31000 	 0.2800779 
31500 	 0.1762066 
32000 	 0.4308044 
32500 	 0.327752 
33000 	 0.2666841 
33500 	 0.292034 
34000 	 0.2884665 
34500 	 0.3077664 
35000 	 0.243565 
35500 	 0.2990077 
36000 	 0.2535293 
36500 	 0.2736726 
37000 	 0.2034709 
37500 	 0.3498211 
38000 	 0.2140318 
38500 	 0.3181919 
39000 	 0.2098952 
39500 	 0.2280787 
40000 	 0.2896477 
40500 	 0.240448 
41000 	 0.2674012 
41500 	 0.2805616 
42000 	 0.2287638 
42500 	 0.3240906 
43000 	 0.2796933 
43500 	 0.219981 
44000 	 0.1730096 
44500 	 0.3253371 
45000 	 0.3086094 
45500 	 0.2262809 
46000 	 0.2556861 
46500 	 0.3354921 
47000 	 0.2649458 
47500 	 0.3232088 
48000 	 0.217208 
48500 	 0.1685493 
49000 	 0.3268759 
49500 	 0.2018473 
50000 	 0.2857094 
50500 	 0.2425385 
51000 	 0.2562048 
51500 	 0.1337593 
52000 	 0.3029554 
52500 	 0.1842389 
53000 	 0.3269304 
53500 	 0.3079047 
54000 	 0.2987837 
54500 	 0.3341696 
55000 	 0.1859137 
55500 	 0.2414084 
56000 	 0.3484082 
56500 	 0.1866795 
57000 	 0.28792 
57500 	 0.2316989 
58000 	 0.350527 
58500 	 0.2440358 
59000 	 0.2298236 
59500 	 0.2192272 
60000 	 0.1711485 
60500 	 0.2701151 
61000 	 0.2048057 
61500 	 0.1270507 
62000 	 0.2426653 
62500 	 0.1791266 
63000 	 0.2235124 
63500 	 0.2380092 
64000 	 0.2035827 
64500 	 0.3197004 
65000 	 0.2228904 
65500 	 0.2773997 
66000 	 0.2753951 
66500 	 0.26629 
67000 	 0.2940448 
67500 	 0.2660334 
68000 	 0.3540549 
68500 	 0.2617081 
69000 	 0.2068768 
69500 	 0.2297957 
70000 	 0.2756899 
70500 	 0.2592306 
71000 	 0.2533566 
71500 	 0.240071 
72000 	 0.2253002 
72500 	 0.2660533 
73000 	 0.2790618 
73500 	 0.1878359 
74000 	 0.2306485 
74500 	 0.3105041 
75000 	 0.3068094 
75500 	 0.2477507 
76000 	 0.2491771 
76500 	 0.2156569 
77000 	 0.2895541 
77500 	 0.2703848 
78000 	 0.3044348 
78500 	 0.2969888 
79000 	 0.2337513 
79500 	 0.29453 
80000 	 0.2217976 
80500 	 0.3148957 
81000 	 0.2621272 
81500 	 0.2497921 
82000 	 0.29932 
82500 	 0.2336921 
83000 	 0.225181 
83500 	 0.1719129 
84000 	 0.375051 
84500 	 0.3130269 
85000 	 0.2737136 
85500 	 0.2234741 
86000 	 0.2214561 
86500 	 0.1972583 
87000 	 0.3297151 
87500 	 0.3220955 
88000 	 0.2273229 
88500 	 0.2654017 
89000 	 0.2415973 
89500 	 0.2967009 
90000 	 0.2422605 
90500 	 0.2501359 
91000 	 0.244569 
91500 	 0.2765229 
92000 	 0.3310297 
92500 	 0.2605153 
93000 	 0.3407853 
93500 	 0.2891822 
94000 	 0.1652415 
94500 	 0.1981905 
95000 	 0.2627757 
95500 	 0.2218157 
96000 	 0.2808874 
96500 	 0.2452317 
97000 	 0.2268712 
97500 	 0.2845765 
98000 	 0.2472187 
98500 	 0.385309 
99000 	 0.2153041 
99500 	 0.2486835 
100000 	 0.2907939 
100500 	 0.2427209 
101000 	 0.2676718 
101500 	 0.3472211 
102000 	 0.2652298 
102500 	 0.229431 
103000 	 0.3245841 
103500 	 0.2107622 
104000 	 0.3251313 
104500 	 0.2006792 
105000 	 0.2787402 
105500 	 0.2527782 
106000 	 0.3001033 
106500 	 0.2612727 
107000 	 0.1820788 
107500 	 0.2823482 
108000 	 0.278356 
108500 	 0.2862036 
109000 	 0.2197 
109500 	 0.2685641 
110000 	 0.2774662 
110500 	 0.2177897 
111000 	 0.2022877 
111500 	 0.1843819 
112000 	 0.2307018 
112500 	 0.2594149 
113000 	 0.3571857 
113500 	 0.1872875 
114000 	 0.3177762 
114500 	 0.2611721 
115000 	 0.2478941 
115500 	 0.2139309 
116000 	 0.2755306 
116500 	 0.2877553 
117000 	 0.2933899 
117500 	 0.2931186 
118000 	 0.225389 
118500 	 0.2700052 
119000 	 0.2287496 
119500 	 0.20209 
120000 	 0.2022071 
120500 	 0.2646323 
121000 	 0.1942221 
121500 	 0.3499876 
122000 	 0.2890539 
122500 	 0.2857172 
123000 	 0.2224958 
123500 	 0.2615245 
124000 	 0.1645141 
124500 	 0.3133358 
125000 	 0.3042389 
125500 	 0.2769694 
126000 	 0.2483299 
126500 	 0.2853086 
127000 	 0.3405078 
127500 	 0.2930924 
128000 	 0.1934085 
128500 	 0.2932211 
129000 	 0.1999999 
129500 	 0.2548701 
130000 	 0.2006524 
130500 	 0.2846565 
131000 	 0.2861945 
131500 	 0.1983176 
132000 	 0.2777182 
132500 	 0.3049952 
133000 	 0.2356833 
133500 	 0.2382176 
134000 	 0.2944681 
134500 	 0.1915805 
135000 	 0.1727151 
135500 	 0.2217299 
136000 	 0.3138163 
136500 	 0.2108741 
137000 	 0.2114781 
137500 	 0.1966591 
138000 	 0.332352 
138500 	 0.2219451 
139000 	 0.276229 
139500 	 0.1833668 
140000 	 0.3166032 
140500 	 0.2863852 
141000 	 0.2557084 
141500 	 0.1268087 
142000 	 0.2233239 
142500 	 0.2568511 
143000 	 0.1522529 
143500 	 0.2605362 
144000 	 0.2847393 
144500 	 0.1823488 
145000 	 0.1944219 
145500 	 0.2780002 
146000 	 0.2656478 
146500 	 0.3044491 
147000 	 0.2736758 
147500 	 0.2403728 
148000 	 0.2125717 
148500 	 0.1750854 
149000 	 0.2339563 
149500 	 0.2437347 
150000 	 0.2986791 
150500 	 0.2851928 
151000 	 0.3076691 
151500 	 0.3665105 
152000 	 0.2813874 
152500 	 0.3112379 
153000 	 0.3088899 
153500 	 0.2665782 
154000 	 0.214857 
154500 	 0.1956136 
155000 	 0.2635873 
155500 	 0.2050935 
156000 	 0.2277753 
156500 	 0.2202685 
157000 	 0.2266936 
157500 	 0.2454058 
158000 	 0.2063796 
158500 	 0.1812226 
159000 	 0.2666347 
159500 	 0.1438728 
160000 	 0.2373992 
160500 	 0.2138132 
161000 	 0.2827777 
161500 	 0.2788742 
162000 	 0.2230167 
162500 	 0.2262383 
163000 	 0.3387135 
163500 	 0.2330027 
164000 	 0.2057741 
164500 	 0.1987198 
165000 	 0.2984996 
165500 	 0.2870288 
166000 	 0.2470584 
166500 	 0.2252344 
167000 	 0.3089221 
167500 	 0.2578686 
168000 	 0.3423013 
168500 	 0.2561563 
169000 	 0.3909191 
169500 	 0.2972435 
170000 	 0.2518016 
170500 	 0.2388365 
171000 	 0.2268456 
171500 	 0.2773954 
172000 	 0.204595 
172500 	 0.3486498 
173000 	 0.2234793 
173500 	 0.2249735 
174000 	 0.1926496 
174500 	 0.1852146 
175000 	 0.286948 
175500 	 0.1737193 
176000 	 0.229098 
176500 	 0.284988 
177000 	 0.2178139 
177500 	 0.2161307 
178000 	 0.2559791 
178500 	 0.2699889 
179000 	 0.2253958 
179500 	 0.2451393 
180000 	 0.2781124 
180500 	 0.2686427 
181000 	 0.2388677 
181500 	 0.1973639 
182000 	 0.2852579 
182500 	 0.2740061 
183000 	 0.2630964 
183500 	 0.2763705 
184000 	 0.2462384 
184500 	 0.2886844 
185000 	 0.2486736 
185500 	 0.3318106 
186000 	 0.2454459 
186500 	 0.2746202 
187000 	 0.2248743 
187500 	 0.2247631 
188000 	 0.2406882 
188500 	 0.2896455 
189000 	 0.292966 
189500 	 0.13269 
190000 	 0.2235885 
190500 	 0.1738527 
191000 	 0.1889153 
191500 	 0.19031 
192000 	 0.1890017 
192500 	 0.3174826 
193000 	 0.2717935 
193500 	 0.3028464 
194000 	 0.2784922 
194500 	 0.1988038 
195000 	 0.2433294 
195500 	 0.1961513 
196000 	 0.2027553 
196500 	 0.2346675 
197000 	 0.2513204 
197500 	 0.2929245 
198000 	 0.3180073 
198500 	 0.2453043 
199000 	 0.2786389 
199500 	 0.2236434 
200000 	 0.2606143 
200500 	 0.2156291 
201000 	 0.2260793 
201500 	 0.2228273 
202000 	 0.18162 
202500 	 0.1783182 
203000 	 0.2932049 
203500 	 0.2400705 
204000 	 0.3425424 
204500 	 0.1800052 
205000 	 0.2288054 
205500 	 0.2398301 
206000 	 0.2825005 
206500 	 0.2932536 
207000 	 0.2271683 
207500 	 0.2809053 
208000 	 0.2150069 
208500 	 0.3104475 
209000 	 0.264609 
209500 	 0.2749656 
210000 	 0.2314562 
210500 	 0.209378 
211000 	 0.2565321 
211500 	 0.3024823 
212000 	 0.2141428 
212500 	 0.2912901 
213000 	 0.2118471 
213500 	 0.2718293 
214000 	 0.2602802 
214500 	 0.3024568 
215000 	 0.1801132 
215500 	 0.2547072 
216000 	 0.2670539 
216500 	 0.263935 
217000 	 0.2112696 
217500 	 0.1972266 
218000 	 0.2177521 
218500 	 0.2954587 
219000 	 0.2400057 
219500 	 0.2362706 
220000 	 0.2990972 
220500 	 0.2317667 
221000 	 0.2597978 
221500 	 0.3154067 
222000 	 0.3097628 
222500 	 0.1725064 
223000 	 0.215945 
223500 	 0.2114166 
224000 	 0.179106 
224500 	 0.3110577 
225000 	 0.282401 
225500 	 0.2879951 
226000 	 0.3215181 
226500 	 0.2254519 
227000 	 0.2503955 
227500 	 0.2485147 
228000 	 0.2490208 
228500 	 0.1822253 
229000 	 0.2921578 
229500 	 0.2275563 
230000 	 0.2910644 
230500 	 0.2048505 
231000 	 0.2193897 
231500 	 0.2800996 
232000 	 0.2277189 
232500 	 0.3068797 
233000 	 0.2713336 
233500 	 0.2557916 
234000 	 0.2667534 
234500 	 0.2454106 
235000 	 0.2648056 
235500 	 0.2662682 
236000 	 0.2341313 
236500 	 0.2426806 
237000 	 0.2268078 
237500 	 0.2680758 
238000 	 0.2549481 
238500 	 0.2293472 
239000 	 0.2368393 
239500 	 0.2733451 
240000 	 0.3085341 
240500 	 0.3161568 
241000 	 0.2325404 
241500 	 0.1776015 
242000 	 0.2655277 
242500 	 0.2550434 
243000 	 0.2349182 
243500 	 0.3029238 
244000 	 0.2194748 
244500 	 0.1947989 
245000 	 0.240209 
245500 	 0.1906574 
246000 	 0.208409 
246500 	 0.2238695 
247000 	 0.2078965 
247500 	 0.2462511 
248000 	 0.2424152 
248500 	 0.2658903 
249000 	 0.1856569 
249500 	 0.2190987 
250000 	 0.2123488 
250500 	 0.3109434 
251000 	 0.2278933 
251500 	 0.2567123 
252000 	 0.246675 
252500 	 0.2318736 
253000 	 0.2991323 
253500 	 0.3185175 
254000 	 0.1669929 
254500 	 0.2479792 
255000 	 0.3122281 
255500 	 0.2298583 
256000 	 0.2997224 
256500 	 0.2410475 
257000 	 0.2861044 
257500 	 0.2367526 
258000 	 0.2599808 
258500 	 0.3027621 
259000 	 0.2339851 
259500 	 0.2092655 
260000 	 0.2877985 
260500 	 0.2291825 
261000 	 0.1947681 
261500 	 0.2349127 
262000 	 0.2472644 
262500 	 0.2717543 
263000 	 0.2136955 
263500 	 0.337518 
264000 	 0.2201585 
264500 	 0.3010068 
265000 	 0.1732002 
265500 	 0.2309821 
266000 	 0.2076783 
266500 	 0.2136755 
267000 	 0.3324274 
267500 	 0.1579168 
268000 	 0.252978 
268500 	 0.2364881 
269000 	 0.3291922 
269500 	 0.2985253 
270000 	 0.2858541 
270500 	 0.2392466 
271000 	 0.2317727 
271500 	 0.300037 
272000 	 0.2308099 
272500 	 0.3350409 
273000 	 0.2056886 
273500 	 0.3065183 
274000 	 0.2317018 
274500 	 0.283332 
275000 	 0.3199189 
275500 	 0.36088 
276000 	 0.2190642 
276500 	 0.4150174 
277000 	 0.3535467 
277500 	 0.3392169 
278000 	 0.2219614 
278500 	 0.2323622 
279000 	 0.2786489 
279500 	 0.1977112 
280000 	 0.2800979 
280500 	 0.3501182 
281000 	 0.2630848 
281500 	 0.2861175 
282000 	 0.2160648 
282500 	 0.265492 
283000 	 0.2579674 
283500 	 0.2510331 
284000 	 0.2106513 
284500 	 0.2656438 
285000 	 0.2332353 
285500 	 0.3257717 
286000 	 0.2391387 
286500 	 0.2566864 
287000 	 0.2139391 
287500 	 0.2112398 
288000 	 0.2541279 
288500 	 0.3022178 
289000 	 0.3312977 
289500 	 0.2828979 
290000 	 0.3100294 
290500 	 0.2674755 
291000 	 0.2169396 
291500 	 0.2853764 
292000 	 0.199314 
292500 	 0.2638468 
293000 	 0.1390125 
293500 	 0.2437365 
294000 	 0.2339968 
294500 	 0.1610889 
295000 	 0.3013934 
295500 	 0.2308165 
296000 	 0.3971501 
296500 	 0.2370705 
297000 	 0.2603309 
297500 	 0.2193971 
298000 	 0.2582446 
298500 	 0.3056648 
299000 	 0.2132814 
299500 	 0.2733866 
300000 	 0.2616912 
300500 	 0.2137361 
301000 	 0.2388615 
301500 	 0.2582675 
302000 	 0.2420473 
302500 	 0.2985545 
303000 	 0.2528646 
303500 	 0.3001792 
304000 	 0.2670354 
304500 	 0.193022 
305000 	 0.1543307 
305500 	 0.249578 
306000 	 0.1774191 
306500 	 0.2901535 
307000 	 0.293862 
307500 	 0.2879814 
308000 	 0.2278226 
308500 	 0.3518333 
309000 	 0.1749331 
309500 	 0.2297232 
310000 	 0.2663019 
310500 	 0.2281424 
311000 	 0.2019568 
311500 	 0.2676997 
312000 	 0.1932235 
312500 	 0.276986 
313000 	 0.2624884 
313500 	 0.2159305 
314000 	 0.2512791 
314500 	 0.2906241 
315000 	 0.2251844 
315500 	 0.1630966 
316000 	 0.2241533 
316500 	 0.2901777 
317000 	 0.3267621 
317500 	 0.2711905 
318000 	 0.2419793 
318500 	 0.2655752 
319000 	 0.2144027 
319500 	 0.2415059 
320000 	 0.2320696 
320500 	 0.2419701 
321000 	 0.2252081 
321500 	 0.3213127 
322000 	 0.3332535 
322500 	 0.2021398 
323000 	 0.3281671 
323500 	 0.3192626 
324000 	 0.3268275 
324500 	 0.2858253 
325000 	 0.2285734 
325500 	 0.2368063 
326000 	 0.2447747 
326500 	 0.1992049 
327000 	 0.2649209 
327500 	 0.2917075 
328000 	 0.2989254 
328500 	 0.294683 
329000 	 0.2309216 
329500 	 0.2420515 
330000 	 0.2538293 
330500 	 0.1753997 
331000 	 0.2463819 
331500 	 0.3055995 
332000 	 0.2603849 
332500 	 0.2995837 
333000 	 0.2688655 
333500 	 0.2657733 
334000 	 0.2761274 
334500 	 0.3643132 
335000 	 0.2550078 
335500 	 0.2482325 
336000 	 0.2855041 
336500 	 0.2867909 
337000 	 0.192056 
337500 	 0.2848853 
338000 	 0.2587509 
338500 	 0.2354311 
339000 	 0.2964335 
339500 	 0.2834425 
340000 	 0.2905339 
340500 	 0.325863 
341000 	 0.2252466 
341500 	 0.3238167 
342000 	 0.248089 
342500 	 0.2288717 
343000 	 0.2767756 
343500 	 0.2276566 
344000 	 0.239898 
344500 	 0.2860081 
345000 	 0.2388057 
345500 	 0.267261 
346000 	 0.2010374 
346500 	 0.1618879 
347000 	 0.2496715 
347500 	 0.1500404 
348000 	 0.1901754 
348500 	 0.4363667 
349000 	 0.2456667 
349500 	 0.263247 
350000 	 0.2091208 
350500 	 0.1995064 
351000 	 0.173656 
351500 	 0.2116629 
352000 	 0.1392203 
352500 	 0.2025909 
353000 	 0.2811614 
353500 	 0.2222277 
354000 	 0.2314453 
354500 	 0.2836694 
355000 	 0.3149411 
355500 	 0.2732768 
356000 	 0.3482121 
356500 	 0.2435077 
357000 	 0.2359706 
357500 	 0.2753631 
358000 	 0.2860386 
358500 	 0.2816972 
359000 	 0.2619588 
359500 	 0.2062272 
360000 	 0.1776065 
360500 	 0.3847857 
361000 	 0.2225195 
361500 	 0.2153714 
362000 	 0.2727318 
362500 	 0.2507417 
363000 	 0.1962472 
363500 	 0.2291666 
364000 	 0.2308705 
364500 	 0.2129501 
365000 	 0.2686235 
365500 	 0.3081242 
366000 	 0.2866174 
366500 	 0.2009508 
367000 	 0.3292573 
367500 	 0.1781172 
368000 	 0.2287958 
368500 	 0.185679 
369000 	 0.3333412 
369500 	 0.2631255 
370000 	 0.2274515 
370500 	 0.264046 
371000 	 0.199516 
371500 	 0.3059753 
372000 	 0.2381184 
372500 	 0.309819 
373000 	 0.2964489 
373500 	 0.2952351 
374000 	 0.221019 
374500 	 0.3226081 
375000 	 0.3202605 
375500 	 0.2028811 
376000 	 0.2487557 
376500 	 0.1956506 
377000 	 0.2393826 
377500 	 0.2201566 
378000 	 0.1828792 
378500 	 0.2713912 
379000 	 0.3135084 
379500 	 0.2168373 
380000 	 0.2993314 
380500 	 0.2921817 
381000 	 0.3359916 
381500 	 0.2636985 
382000 	 0.2175909 
382500 	 0.2652885 
383000 	 0.2923506 
383500 	 0.2283037 
384000 	 0.2824453 
384500 	 0.2454244 
385000 	 0.2436661 
385500 	 0.2054265 
386000 	 0.2536114 
386500 	 0.2730524 
387000 	 0.2884664 
387500 	 0.3026813 
388000 	 0.1724584 
388500 	 0.202421 
389000 	 0.1722951 
389500 	 0.2746762 
390000 	 0.2199149 
390500 	 0.2099539 
391000 	 0.2899742 
391500 	 0.2166601 
392000 	 0.2440937 
392500 	 0.2989948 
393000 	 0.3002747 
393500 	 0.1731751 
394000 	 0.2826466 
394500 	 0.2289969 
395000 	 0.3079062 
395500 	 0.1927596 
396000 	 0.2952589 
396500 	 0.2087981 
397000 	 0.2402653 
397500 	 0.1962282 
398000 	 0.3535995 
398500 	 0.2243635 
399000 	 0.1961965 
399500 	 0.2490413 
400000 	 0.2878236 
400500 	 0.2675116 
401000 	 0.2174728 
401500 	 0.2757367 
402000 	 0.3133285 
402500 	 0.2081135 
403000 	 0.2680678 
403500 	 0.2853908 
404000 	 0.2563532 
404500 	 0.3246703 
405000 	 0.2784806 
405500 	 0.212728 
406000 	 0.3198046 
406500 	 0.2226028 
407000 	 0.2774384 
407500 	 0.207955 
408000 	 0.2468854 
408500 	 0.2812134 
409000 	 0.2645008 
409500 	 0.3795526 
410000 	 0.2111438 
410500 	 0.2424469 
411000 	 0.193661 
411500 	 0.20239 
412000 	 0.2226664 
412500 	 0.1953356 
413000 	 0.3163906 
413500 	 0.316132 
414000 	 0.3197162 
414500 	 0.2518296 
415000 	 0.2838713 
415500 	 0.351748 
416000 	 0.3277089 
416500 	 0.2158423 
417000 	 0.2353483 
417500 	 0.1445327 
418000 	 0.1806321 
418500 	 0.3651297 
419000 	 0.215834 
419500 	 0.2232201 
420000 	 0.2125537 
420500 	 0.2800597 
421000 	 0.1917519 
421500 	 0.2134493 
422000 	 0.1789858 
422500 	 0.2256185 
423000 	 0.296901 
423500 	 0.2320714 
424000 	 0.2883604 
424500 	 0.3272665 
425000 	 0.278892 
425500 	 0.1681716 
426000 	 0.3068376 
426500 	 0.2886154 
427000 	 0.2100143 
427500 	 0.2484984 
428000 	 0.2452879 
428500 	 0.2343871 
429000 	 0.2232849 
429500 	 0.2998853 
430000 	 0.2147184 
430500 	 0.2854485 
431000 	 0.2136709 
431500 	 0.2104728 
432000 	 0.1986034 
432500 	 0.3388295 
433000 	 0.2403425 
433500 	 0.2374958 
434000 	 0.2271541 
434500 	 0.2810599 
435000 	 0.2798449 
435500 	 0.2356497 
436000 	 0.2058469 
436500 	 0.2638424 
437000 	 0.1654801 
437500 	 0.2488896 
438000 	 0.2865421 
438500 	 0.2712605 
439000 	 0.2183134 
439500 	 0.2459475 
440000 	 0.2474362 
440500 	 0.2131583 
441000 	 0.2556912 
441500 	 0.2261186 
442000 	 0.2248127 
442500 	 0.3338941 
443000 	 0.2733409 
443500 	 0.289466 
444000 	 0.2484381 
444500 	 0.2591056 
445000 	 0.3478432 
445500 	 0.3540828 
446000 	 0.2663457 
446500 	 0.3237828 
447000 	 0.2589247 
447500 	 0.2668074 
448000 	 0.2147289 
448500 	 0.2516133 
449000 	 0.2635356 
449500 	 0.2481178 
450000 	 0.3162874 
450500 	 0.3025343 
451000 	 0.3734291 
451500 	 0.2037109 
452000 	 0.289528 
452500 	 0.441669 
453000 	 0.2071393 
453500 	 0.2120452 
454000 	 0.2249525 
454500 	 0.295078 
455000 	 0.288738 
455500 	 0.2594016 
456000 	 0.179972 
456500 	 0.2875164 
457000 	 0.2309338 
457500 	 0.2821367 
458000 	 0.2490608 
458500 	 0.2392742 
459000 	 0.2013085 
459500 	 0.2500625 
460000 	 0.2233526 
460500 	 0.2548065 
461000 	 0.1431331 
461500 	 0.2616839 
462000 	 0.3107665 
462500 	 0.2782892 
463000 	 0.2812425 
463500 	 0.3435473 
464000 	 0.2100246 
464500 	 0.2947417 
465000 	 0.2992493 
465500 	 0.2572823 
466000 	 0.3031467 
466500 	 0.2887893 
467000 	 0.2524853 
467500 	 0.1616723 
468000 	 0.2811513 
468500 	 0.2982665 
469000 	 0.2242511 
469500 	 0.214733 
470000 	 0.2862031 
470500 	 0.3807395 
471000 	 0.2873548 
471500 	 0.3159918 
472000 	 0.1401439 
472500 	 0.3251784 
473000 	 0.2845808 
473500 	 0.2268316 
474000 	 0.2813719 
474500 	 0.2948038 
475000 	 0.2295089 
475500 	 0.2469444 
476000 	 0.2121697 
476500 	 0.2442801 
477000 	 0.1702269 
477500 	 0.2445271 
478000 	 0.2643674 
478500 	 0.2153062 
479000 	 0.2134159 
479500 	 0.3209092 
480000 	 0.1725988 
480500 	 0.2837275 
481000 	 0.2912095 
481500 	 0.224642 
482000 	 0.231026 
482500 	 0.2574515 
483000 	 0.2468408 
483500 	 0.2003836 
484000 	 0.2872426 
484500 	 0.2641233 
485000 	 0.2057437 
485500 	 0.1740829 
486000 	 0.2155334 
486500 	 0.1626301 
487000 	 0.2871711 
487500 	 0.3861505 
488000 	 0.2444689 
488500 	 0.2991537 
489000 	 0.2754224 
489500 	 0.1498195 
490000 	 0.2785654 
490500 	 0.2568552 
491000 	 0.2719865 
491500 	 0.1908335 
492000 	 0.2466539 
492500 	 0.2274638 
493000 	 0.2202396 
493500 	 0.2066215 
494000 	 0.2302243 
494500 	 0.2346889 
495000 	 0.2641101 
495500 	 0.2620169 
496000 	 0.2654851 
496500 	 0.2798669 
497000 	 0.31155 
497500 	 0.2762888 
498000 	 0.2990515 
498500 	 0.2285085 
499000 	 0.2341531 
499500 	 0.2708999 
500000 	 0.2389644 
