iter 	 p
500 	 0.2070055 
1000 	 0.1277191 
1500 	 0.172124 
2000 	 0.1627373 
2500 	 0.124322 
3000 	 0.2164771 
3500 	 0.1428702 
4000 	 0.1980717 
4500 	 0.2496606 
5000 	 0.165268 
5500 	 0.1689666 
6000 	 0.1363766 
6500 	 0.2591574 
7000 	 0.1973623 
7500 	 0.1538897 
8000 	 0.2024824 
8500 	 0.2027747 
9000 	 0.211992 
9500 	 0.1905994 
10000 	 0.1796588 
10500 	 0.1915043 
11000 	 0.2630258 
11500 	 0.2842471 
12000 	 0.23706 
12500 	 0.1307553 
13000 	 0.1572004 
13500 	 0.2149398 
14000 	 0.2192907 
14500 	 0.2463353 
15000 	 0.266537 
15500 	 0.1791051 
16000 	 0.1471132 
16500 	 0.2123191 
17000 	 0.1865392 
17500 	 0.08862897 
18000 	 0.2552131 
18500 	 0.1878957 
19000 	 0.1165691 
19500 	 0.2763415 
20000 	 0.1656158 
20500 	 0.1425675 
21000 	 0.241657 
21500 	 0.2196988 
22000 	 0.1449493 
22500 	 0.1901026 
23000 	 0.169264 
23500 	 0.1641027 
24000 	 0.2506713 
24500 	 0.1669017 
25000 	 0.2303249 
25500 	 0.1575815 
26000 	 0.1934989 
26500 	 0.169519 
27000 	 0.2184872 
27500 	 0.2601096 
28000 	 0.1318137 
28500 	 0.1631765 
29000 	 0.194981 
29500 	 0.1976677 
30000 	 0.1937372 
30500 	 0.2279674 
31000 	 0.1979912 
31500 	 0.183667 
32000 	 0.1263556 
32500 	 0.1346789 
33000 	 0.1776731 
33500 	 0.2705714 
34000 	 0.1972355 
34500 	 0.2609071 
35000 	 0.1489229 
35500 	 0.2540272 
36000 	 0.1800572 
36500 	 0.1913635 
37000 	 0.1210714 
37500 	 0.1873989 
38000 	 0.2030689 
38500 	 0.1692599 
39000 	 0.176285 
39500 	 0.2533635 
40000 	 0.2231309 
40500 	 0.2001313 
41000 	 0.2709934 
41500 	 0.1433066 
42000 	 0.2618207 
42500 	 0.2286844 
43000 	 0.205668 
43500 	 0.1568318 
44000 	 0.2210954 
44500 	 0.08954199 
45000 	 0.1543949 
45500 	 0.2482497 
46000 	 0.189268 
46500 	 0.1720578 
47000 	 0.2250901 
47500 	 0.1573373 
48000 	 0.2025583 
48500 	 0.1492374 
49000 	 0.1942711 
49500 	 0.1924584 
50000 	 0.182957 
50500 	 0.2276875 
51000 	 0.1499709 
51500 	 0.313242 
52000 	 0.1603084 
52500 	 0.1832187 
53000 	 0.1200401 
53500 	 0.2456065 
54000 	 0.2356037 
54500 	 0.2386187 
55000 	 0.2622126 
55500 	 0.1637694 
56000 	 0.218638 
56500 	 0.1877713 
57000 	 0.2100313 
57500 	 0.1990573 
58000 	 0.2144901 
58500 	 0.1965983 
59000 	 0.2230875 
59500 	 0.2431573 
60000 	 0.1919168 
60500 	 0.1254732 
61000 	 0.1738865 
61500 	 0.2028115 
62000 	 0.1834251 
62500 	 0.2163418 
63000 	 0.2134206 
63500 	 0.1248805 
64000 	 0.2496883 
64500 	 0.1393337 
65000 	 0.1673409 
65500 	 0.2036829 
66000 	 0.1358248 
66500 	 0.1949188 
67000 	 0.1902145 
67500 	 0.1525627 
68000 	 0.1586836 
68500 	 0.1646015 
69000 	 0.1370751 
69500 	 0.09754729 
70000 	 0.260837 
70500 	 0.1747616 
71000 	 0.1659051 
71500 	 0.1459121 
72000 	 0.1691526 
72500 	 0.1926121 
73000 	 0.2335688 
73500 	 0.1702572 
74000 	 0.200009 
74500 	 0.2333853 
75000 	 0.1926216 
75500 	 0.250108 
76000 	 0.2019155 
76500 	 0.1071807 
77000 	 0.1716854 
77500 	 0.2386706 
78000 	 0.2163963 
78500 	 0.1730214 
79000 	 0.1713249 
79500 	 0.229087 
80000 	 0.1672434 
80500 	 0.2132895 
81000 	 0.1563159 
81500 	 0.1101486 
82000 	 0.2127546 
82500 	 0.1392293 
83000 	 0.1576841 
83500 	 0.1247427 
84000 	 0.1411298 
84500 	 0.2695544 
85000 	 0.1503976 
85500 	 0.2096019 
86000 	 0.2467554 
86500 	 0.2267009 
87000 	 0.2129377 
87500 	 0.1652669 
88000 	 0.1589872 
88500 	 0.2588944 
89000 	 0.1633382 
89500 	 0.2213973 
90000 	 0.2067947 
90500 	 0.1788781 
91000 	 0.1880256 
91500 	 0.1924162 
92000 	 0.1596485 
92500 	 0.1728589 
93000 	 0.255317 
93500 	 0.1182746 
94000 	 0.2498271 
94500 	 0.1826352 
95000 	 0.2216215 
95500 	 0.2567126 
96000 	 0.1058964 
96500 	 0.2488185 
97000 	 0.1823238 
97500 	 0.254429 
98000 	 0.1314775 
98500 	 0.1831359 
99000 	 0.1583077 
99500 	 0.2348071 
100000 	 0.1617032 
100500 	 0.1827119 
101000 	 0.1607241 
101500 	 0.2389366 
102000 	 0.1477 
102500 	 0.1785793 
103000 	 0.1487138 
103500 	 0.1702491 
104000 	 0.1219603 
104500 	 0.1555418 
105000 	 0.2226936 
105500 	 0.2733534 
106000 	 0.12317 
106500 	 0.2140783 
107000 	 0.176122 
107500 	 0.1886351 
108000 	 0.204184 
108500 	 0.2119064 
109000 	 0.1455008 
109500 	 0.1673489 
110000 	 0.1745805 
110500 	 0.1333317 
111000 	 0.2878919 
111500 	 0.1693874 
112000 	 0.2675445 
112500 	 0.2374869 
113000 	 0.2871673 
113500 	 0.1591809 
114000 	 0.2061444 
114500 	 0.224314 
115000 	 0.1741933 
115500 	 0.2144511 
116000 	 0.174679 
116500 	 0.2164932 
117000 	 0.1706924 
117500 	 0.1307676 
118000 	 0.2178533 
118500 	 0.1971847 
119000 	 0.1609471 
119500 	 0.2045615 
120000 	 0.1863669 
120500 	 0.2184152 
121000 	 0.1667027 
121500 	 0.2324791 
122000 	 0.1727156 
122500 	 0.2177912 
123000 	 0.1985481 
123500 	 0.1618638 
124000 	 0.2003918 
124500 	 0.1818171 
125000 	 0.2358049 
125500 	 0.2303831 
126000 	 0.2239566 
126500 	 0.1603635 
127000 	 0.171491 
127500 	 0.157665 
128000 	 0.1371755 
128500 	 0.1518384 
129000 	 0.1781149 
129500 	 0.1791945 
130000 	 0.2714918 
130500 	 0.1581081 
131000 	 0.2124265 
131500 	 0.2005319 
132000 	 0.2163648 
132500 	 0.1283357 
133000 	 0.2901436 
133500 	 0.1426399 
134000 	 0.1618547 
134500 	 0.2250743 
135000 	 0.1528219 
135500 	 0.1436632 
136000 	 0.2126733 
136500 	 0.1865142 
137000 	 0.1979661 
137500 	 0.1731476 
138000 	 0.2913059 
138500 	 0.2352138 
139000 	 0.1524503 
139500 	 0.1717495 
140000 	 0.2045849 
140500 	 0.1435891 
141000 	 0.2132447 
141500 	 0.2358854 
142000 	 0.1516459 
142500 	 0.2250854 
143000 	 0.1612328 
143500 	 0.1543583 
144000 	 0.209369 
144500 	 0.1890362 
145000 	 0.2516117 
145500 	 0.1786497 
146000 	 0.2292731 
146500 	 0.2177966 
147000 	 0.2004905 
147500 	 0.1626611 
148000 	 0.1441294 
148500 	 0.2133091 
149000 	 0.118846 
149500 	 0.2175362 
150000 	 0.2417042 
150500 	 0.2907996 
151000 	 0.1587241 
151500 	 0.1572844 
152000 	 0.1771364 
152500 	 0.2439489 
153000 	 0.1953381 
153500 	 0.1925033 
154000 	 0.1930731 
154500 	 0.2216387 
155000 	 0.1428348 
155500 	 0.163339 
156000 	 0.2134998 
156500 	 0.2122297 
157000 	 0.2450835 
157500 	 0.198712 
158000 	 0.2437333 
158500 	 0.1047234 
159000 	 0.1948726 
159500 	 0.1557121 
160000 	 0.1999319 
160500 	 0.21198 
161000 	 0.2133444 
161500 	 0.1427341 
162000 	 0.1777517 
162500 	 0.1348024 
163000 	 0.1630012 
163500 	 0.2009494 
164000 	 0.1892051 
164500 	 0.208458 
165000 	 0.191886 
165500 	 0.2062054 
166000 	 0.1991494 
166500 	 0.2421275 
167000 	 0.2100324 
167500 	 0.1449826 
168000 	 0.2541051 
168500 	 0.1432366 
169000 	 0.2051595 
169500 	 0.1707924 
170000 	 0.1629275 
170500 	 0.1887545 
171000 	 0.1546347 
171500 	 0.1691841 
172000 	 0.2520249 
172500 	 0.2301668 
173000 	 0.3437452 
173500 	 0.1357915 
174000 	 0.1661726 
174500 	 0.1633851 
175000 	 0.2733937 
175500 	 0.2128768 
176000 	 0.171749 
176500 	 0.2242614 
177000 	 0.1783449 
177500 	 0.245022 
178000 	 0.198353 
178500 	 0.1574147 
179000 	 0.2087 
179500 	 0.2504752 
180000 	 0.2102096 
180500 	 0.1496152 
181000 	 0.1881231 
181500 	 0.176693 
182000 	 0.1679956 
182500 	 0.1331556 
183000 	 0.2183822 
183500 	 0.2401908 
184000 	 0.1844722 
184500 	 0.2343828 
185000 	 0.2271246 
185500 	 0.2491902 
186000 	 0.2508713 
186500 	 0.2732513 
187000 	 0.2569907 
187500 	 0.198518 
188000 	 0.2541092 
188500 	 0.1948311 
189000 	 0.1995274 
189500 	 0.1661511 
190000 	 0.2682571 
190500 	 0.275704 
191000 	 0.2154021 
191500 	 0.1584318 
192000 	 0.1730244 
192500 	 0.2335347 
193000 	 0.2471024 
193500 	 0.1210983 
194000 	 0.098088 
194500 	 0.2261761 
195000 	 0.2246139 
195500 	 0.2073464 
196000 	 0.1910033 
196500 	 0.1820993 
197000 	 0.1870202 
197500 	 0.1275121 
198000 	 0.1396353 
198500 	 0.1812165 
199000 	 0.1820432 
199500 	 0.1498051 
200000 	 0.2272191 
200500 	 0.2327205 
201000 	 0.2209027 
201500 	 0.1469377 
202000 	 0.1944449 
202500 	 0.2270427 
203000 	 0.2063097 
203500 	 0.2126563 
204000 	 0.1692052 
204500 	 0.1456985 
205000 	 0.2625816 
205500 	 0.1956112 
206000 	 0.125429 
206500 	 0.1083011 
207000 	 0.1523211 
207500 	 0.1900863 
208000 	 0.1610762 
208500 	 0.3031461 
209000 	 0.2019251 
209500 	 0.2459363 
210000 	 0.1164214 
210500 	 0.1813835 
211000 	 0.2303094 
211500 	 0.2185041 
212000 	 0.1188592 
212500 	 0.1979866 
213000 	 0.2055438 
213500 	 0.1465899 
214000 	 0.2320205 
214500 	 0.2405661 
215000 	 0.1939682 
215500 	 0.1966002 
216000 	 0.1377227 
216500 	 0.2084868 
217000 	 0.2000232 
217500 	 0.1993292 
218000 	 0.1748341 
218500 	 0.2314056 
219000 	 0.1767153 
219500 	 0.2187851 
220000 	 0.1725448 
220500 	 0.2034541 
221000 	 0.3128653 
221500 	 0.1605191 
222000 	 0.1789457 
222500 	 0.2199407 
223000 	 0.1889603 
223500 	 0.1773549 
224000 	 0.2256396 
224500 	 0.2421917 
225000 	 0.2100665 
225500 	 0.2874917 
226000 	 0.158363 
226500 	 0.2827411 
227000 	 0.2130006 
227500 	 0.2366078 
228000 	 0.1590448 
228500 	 0.1735279 
229000 	 0.2270578 
229500 	 0.1645074 
230000 	 0.1491457 
230500 	 0.2401423 
231000 	 0.1336759 
231500 	 0.1213015 
232000 	 0.198877 
232500 	 0.1992163 
233000 	 0.1557619 
233500 	 0.1141062 
234000 	 0.2219203 
234500 	 0.2440239 
235000 	 0.1227015 
235500 	 0.1503599 
236000 	 0.1813538 
236500 	 0.2498628 
237000 	 0.283022 
237500 	 0.3004201 
238000 	 0.1819003 
238500 	 0.1997961 
239000 	 0.2096997 
239500 	 0.1724814 
240000 	 0.173844 
240500 	 0.1919929 
241000 	 0.2513884 
241500 	 0.1613001 
242000 	 0.1840914 
242500 	 0.1344428 
243000 	 0.1901003 
243500 	 0.2723724 
244000 	 0.2648761 
244500 	 0.1797622 
245000 	 0.2038036 
245500 	 0.2116654 
246000 	 0.2216994 
246500 	 0.1590943 
247000 	 0.1869944 
247500 	 0.14229 
248000 	 0.1530267 
248500 	 0.1672466 
249000 	 0.1090517 
249500 	 0.1944575 
250000 	 0.189295 
250500 	 0.1624026 
251000 	 0.2021472 
251500 	 0.2031499 
252000 	 0.1274433 
252500 	 0.1570013 
253000 	 0.1717731 
253500 	 0.1711136 
254000 	 0.1793833 
254500 	 0.2087969 
255000 	 0.2321117 
255500 	 0.2529738 
256000 	 0.1989733 
256500 	 0.2143107 
257000 	 0.1793329 
257500 	 0.1398946 
258000 	 0.1601941 
258500 	 0.2260962 
259000 	 0.2236313 
259500 	 0.2333455 
260000 	 0.1656119 
260500 	 0.2300542 
261000 	 0.2221788 
261500 	 0.1490186 
262000 	 0.1621122 
262500 	 0.2065949 
263000 	 0.2391732 
263500 	 0.1537677 
264000 	 0.2015537 
264500 	 0.186682 
265000 	 0.1513176 
265500 	 0.1975696 
266000 	 0.1822519 
266500 	 0.1645366 
267000 	 0.1620251 
267500 	 0.1751744 
268000 	 0.3009442 
268500 	 0.1507891 
269000 	 0.1818623 
269500 	 0.1828225 
270000 	 0.1812008 
270500 	 0.1437746 
271000 	 0.2447205 
271500 	 0.1757317 
272000 	 0.218393 
272500 	 0.1600862 
273000 	 0.1629978 
273500 	 0.2016906 
274000 	 0.1540815 
274500 	 0.2743154 
275000 	 0.2858461 
275500 	 0.1923157 
276000 	 0.1998486 
276500 	 0.08673777 
277000 	 0.1748806 
277500 	 0.1217129 
278000 	 0.2420534 
278500 	 0.1833025 
279000 	 0.3075507 
279500 	 0.2128567 
280000 	 0.2056986 
280500 	 0.1993475 
281000 	 0.1646986 
281500 	 0.1775947 
282000 	 0.3087991 
282500 	 0.1700608 
283000 	 0.3093494 
283500 	 0.1949503 
284000 	 0.147845 
284500 	 0.2182769 
285000 	 0.302156 
285500 	 0.1832015 
286000 	 0.2585502 
286500 	 0.1552722 
287000 	 0.1780249 
287500 	 0.2150781 
288000 	 0.1497637 
288500 	 0.1625889 
289000 	 0.1939264 
289500 	 0.1843344 
290000 	 0.150383 
290500 	 0.1240384 
291000 	 0.1903097 
291500 	 0.2956487 
292000 	 0.2388861 
292500 	 0.1675145 
293000 	 0.1288868 
293500 	 0.2380716 
294000 	 0.2102655 
294500 	 0.2674235 
295000 	 0.2430981 
295500 	 0.1146809 
296000 	 0.225175 
296500 	 0.1638891 
297000 	 0.1937334 
297500 	 0.2078239 
298000 	 0.1564134 
298500 	 0.1776214 
299000 	 0.2281244 
299500 	 0.2144724 
300000 	 0.1512432 
300500 	 0.195673 
301000 	 0.2586887 
301500 	 0.2084958 
302000 	 0.1764724 
302500 	 0.2150735 
303000 	 0.2405859 
303500 	 0.1968748 
304000 	 0.2178398 
304500 	 0.1795347 
305000 	 0.2242623 
305500 	 0.2336582 
306000 	 0.1962233 
306500 	 0.1891554 
307000 	 0.1688262 
307500 	 0.2350005 
308000 	 0.1619745 
308500 	 0.3359596 
309000 	 0.1612845 
309500 	 0.1824651 
310000 	 0.1556927 
310500 	 0.1752855 
311000 	 0.202363 
311500 	 0.235897 
312000 	 0.2169696 
312500 	 0.1761982 
313000 	 0.1869387 
313500 	 0.2054902 
314000 	 0.1827106 
314500 	 0.198276 
315000 	 0.1856878 
315500 	 0.2254107 
316000 	 0.2151599 
316500 	 0.2143016 
317000 	 0.1654175 
317500 	 0.1512927 
318000 	 0.1761962 
318500 	 0.1638537 
319000 	 0.1633304 
319500 	 0.0920308 
320000 	 0.302754 
320500 	 0.2158879 
321000 	 0.2194036 
321500 	 0.2620121 
322000 	 0.1840649 
322500 	 0.2092679 
323000 	 0.1451359 
323500 	 0.2956113 
324000 	 0.1824557 
324500 	 0.2278431 
325000 	 0.1858053 
325500 	 0.2481813 
326000 	 0.2171604 
326500 	 0.213799 
327000 	 0.1870843 
327500 	 0.1751132 
328000 	 0.185822 
328500 	 0.1905898 
329000 	 0.2386881 
329500 	 0.1958939 
330000 	 0.1618813 
330500 	 0.1715335 
331000 	 0.1412484 
331500 	 0.2165414 
332000 	 0.1947861 
332500 	 0.2173965 
333000 	 0.2040937 
333500 	 0.2417717 
334000 	 0.1761452 
334500 	 0.1550903 
335000 	 0.194064 
335500 	 0.2071382 
336000 	 0.1595121 
336500 	 0.1640948 
337000 	 0.2022721 
337500 	 0.1486068 
338000 	 0.1687313 
338500 	 0.2305972 
339000 	 0.1372823 
339500 	 0.2080144 
340000 	 0.2659712 
340500 	 0.1614368 
341000 	 0.230271 
341500 	 0.1779758 
342000 	 0.1736771 
342500 	 0.2448635 
343000 	 0.1637642 
343500 	 0.1929012 
344000 	 0.2327317 
344500 	 0.269933 
345000 	 0.1980582 
345500 	 0.2052812 
346000 	 0.177473 
346500 	 0.159133 
347000 	 0.1861522 
347500 	 0.1117518 
348000 	 0.2158099 
348500 	 0.1891691 
349000 	 0.134605 
349500 	 0.3090327 
350000 	 0.2162465 
350500 	 0.2370491 
351000 	 0.298097 
351500 	 0.1678775 
352000 	 0.228104 
352500 	 0.1463576 
353000 	 0.1268875 
353500 	 0.1638109 
354000 	 0.2276333 
354500 	 0.1513688 
355000 	 0.1857588 
355500 	 0.2651583 
356000 	 0.2441278 
356500 	 0.2337559 
357000 	 0.1468015 
357500 	 0.2218695 
358000 	 0.1711104 
358500 	 0.2686302 
359000 	 0.1718165 
359500 	 0.2387117 
360000 	 0.1479228 
360500 	 0.21374 
361000 	 0.1825663 
361500 	 0.1100795 
362000 	 0.2134888 
362500 	 0.2173396 
363000 	 0.1853132 
363500 	 0.1443583 
364000 	 0.2050564 
364500 	 0.2303004 
365000 	 0.1380545 
365500 	 0.1489944 
366000 	 0.2257163 
366500 	 0.2688171 
367000 	 0.1961847 
367500 	 0.2422969 
368000 	 0.1789093 
368500 	 0.2449506 
369000 	 0.23841 
369500 	 0.1319083 
370000 	 0.1585561 
370500 	 0.2116386 
371000 	 0.1664424 
371500 	 0.2845414 
372000 	 0.119913 
372500 	 0.1518584 
373000 	 0.2024752 
373500 	 0.2636298 
374000 	 0.1702548 
374500 	 0.292274 
375000 	 0.1129857 
375500 	 0.1181891 
376000 	 0.2312231 
376500 	 0.2012293 
377000 	 0.1540433 
377500 	 0.2072918 
378000 	 0.229692 
378500 	 0.2619947 
379000 	 0.2122451 
379500 	 0.2123672 
380000 	 0.1937288 
380500 	 0.1732 
381000 	 0.2114439 
381500 	 0.1904359 
382000 	 0.1942063 
382500 	 0.1434097 
383000 	 0.2123327 
383500 	 0.1371541 
384000 	 0.1401125 
384500 	 0.1795656 
385000 	 0.160069 
385500 	 0.2543725 
386000 	 0.1936103 
386500 	 0.2262372 
387000 	 0.1959416 
387500 	 0.1864245 
388000 	 0.1961097 
388500 	 0.1449705 
389000 	 0.2033214 
389500 	 0.2282436 
390000 	 0.2382046 
390500 	 0.1602145 
391000 	 0.1790481 
391500 	 0.1600173 
392000 	 0.1711663 
392500 	 0.251148 
393000 	 0.1688193 
393500 	 0.2412837 
394000 	 0.2168491 
394500 	 0.2426854 
395000 	 0.1655044 
395500 	 0.2584297 
396000 	 0.2554908 
396500 	 0.1773074 
397000 	 0.1756161 
397500 	 0.1544879 
398000 	 0.1512758 
398500 	 0.1010325 
399000 	 0.1932569 
399500 	 0.1987773 
400000 	 0.1671194 
400500 	 0.1470223 
401000 	 0.1803098 
401500 	 0.1243366 
402000 	 0.1538807 
402500 	 0.2083906 
403000 	 0.1784329 
403500 	 0.1481242 
404000 	 0.2362578 
404500 	 0.1226472 
405000 	 0.2442636 
405500 	 0.1306089 
406000 	 0.1541071 
406500 	 0.2468849 
407000 	 0.2562489 
407500 	 0.173172 
408000 	 0.2026939 
408500 	 0.3600195 
409000 	 0.195699 
409500 	 0.175052 
410000 	 0.1942843 
410500 	 0.2208914 
411000 	 0.2149977 
411500 	 0.2143058 
412000 	 0.2008015 
412500 	 0.1193126 
413000 	 0.1855839 
413500 	 0.1555643 
414000 	 0.2407875 
414500 	 0.1732852 
415000 	 0.09171606 
415500 	 0.2031037 
416000 	 0.1697092 
416500 	 0.1845756 
417000 	 0.180481 
417500 	 0.1639445 
418000 	 0.1984787 
418500 	 0.2101505 
419000 	 0.188805 
419500 	 0.1366481 
420000 	 0.2201682 
420500 	 0.2698249 
421000 	 0.2618663 
421500 	 0.2058998 
422000 	 0.1855347 
422500 	 0.2393839 
423000 	 0.1219227 
423500 	 0.1538679 
424000 	 0.1699469 
424500 	 0.2166124 
425000 	 0.1990053 
425500 	 0.2085549 
426000 	 0.1901174 
426500 	 0.2306699 
427000 	 0.1451405 
427500 	 0.1371426 
428000 	 0.2793588 
428500 	 0.08644727 
429000 	 0.1867307 
429500 	 0.2035413 
430000 	 0.2360474 
430500 	 0.2020028 
431000 	 0.1740396 
431500 	 0.2047502 
432000 	 0.1746531 
432500 	 0.2252077 
433000 	 0.2020456 
433500 	 0.2479689 
434000 	 0.2359832 
434500 	 0.2209688 
435000 	 0.187224 
435500 	 0.1666871 
436000 	 0.2388141 
436500 	 0.2075255 
437000 	 0.1177389 
437500 	 0.2589678 
438000 	 0.1959546 
438500 	 0.1960845 
439000 	 0.1604919 
439500 	 0.1538533 
440000 	 0.2179243 
440500 	 0.2546817 
441000 	 0.182187 
441500 	 0.2608133 
442000 	 0.2725265 
442500 	 0.2693635 
443000 	 0.1141139 
443500 	 0.2428601 
444000 	 0.1747606 
444500 	 0.2252818 
445000 	 0.2305078 
445500 	 0.1785333 
446000 	 0.2028902 
446500 	 0.2653327 
447000 	 0.1999098 
447500 	 0.2676549 
448000 	 0.1785393 
448500 	 0.2843387 
449000 	 0.1813292 
449500 	 0.2126796 
450000 	 0.1956987 
450500 	 0.2686749 
451000 	 0.242416 
451500 	 0.1488612 
452000 	 0.2062877 
452500 	 0.1710178 
453000 	 0.1944972 
453500 	 0.2456734 
454000 	 0.1971796 
454500 	 0.1871146 
455000 	 0.2176657 
455500 	 0.1716786 
456000 	 0.2290211 
456500 	 0.2137444 
457000 	 0.22546 
457500 	 0.1660257 
458000 	 0.1299943 
458500 	 0.1823229 
459000 	 0.1513357 
459500 	 0.2672498 
460000 	 0.1643201 
460500 	 0.184642 
461000 	 0.1679397 
461500 	 0.1655984 
462000 	 0.2438084 
462500 	 0.1288447 
463000 	 0.1268535 
463500 	 0.206512 
464000 	 0.1748555 
464500 	 0.2026884 
465000 	 0.2001131 
465500 	 0.1895779 
466000 	 0.1768078 
466500 	 0.1596012 
467000 	 0.1273056 
467500 	 0.2251642 
468000 	 0.2308222 
468500 	 0.1725439 
469000 	 0.1982609 
469500 	 0.1910556 
470000 	 0.2317515 
470500 	 0.2630243 
471000 	 0.1745327 
471500 	 0.329906 
472000 	 0.2471199 
472500 	 0.1684354 
473000 	 0.2037931 
473500 	 0.1908773 
474000 	 0.1673449 
474500 	 0.1791906 
475000 	 0.1998228 
475500 	 0.1621396 
476000 	 0.1579319 
476500 	 0.139246 
477000 	 0.1429899 
477500 	 0.1958676 
478000 	 0.1729015 
478500 	 0.2442992 
479000 	 0.131829 
479500 	 0.2212675 
480000 	 0.2342715 
480500 	 0.1258314 
481000 	 0.1871941 
481500 	 0.2166547 
482000 	 0.2162716 
482500 	 0.2288783 
483000 	 0.2289172 
483500 	 0.196828 
484000 	 0.268854 
484500 	 0.1753962 
485000 	 0.1645233 
485500 	 0.1482858 
486000 	 0.218798 
486500 	 0.2463554 
487000 	 0.2221722 
487500 	 0.2332322 
488000 	 0.2416042 
488500 	 0.2303057 
489000 	 0.2527627 
489500 	 0.2190054 
490000 	 0.1936579 
490500 	 0.2307014 
491000 	 0.1948272 
491500 	 0.1988906 
492000 	 0.2077861 
492500 	 0.2349788 
493000 	 0.1675109 
493500 	 0.2628997 
494000 	 0.2101108 
494500 	 0.2485444 
495000 	 0.2012061 
495500 	 0.1873987 
496000 	 0.3104047 
496500 	 0.2003585 
497000 	 0.2264643 
497500 	 0.1561121 
498000 	 0.1696921 
498500 	 0.1963019 
499000 	 0.2467195 
499500 	 0.1352101 
500000 	 0.2092099 
