iter 	 p
500 	 0.5783766 
1000 	 0.5906574 
1500 	 0.4680774 
2000 	 0.6414724 
2500 	 0.5313936 
3000 	 0.5531 
3500 	 0.6467801 
4000 	 0.5911462 
4500 	 0.5713403 
5000 	 0.5768918 
5500 	 0.6223977 
6000 	 0.6096522 
6500 	 0.5956061 
7000 	 0.6595949 
7500 	 0.6288384 
8000 	 0.5408907 
8500 	 0.5331315 
9000 	 0.565231 
9500 	 0.5421151 
10000 	 0.5872236 
10500 	 0.5339161 
11000 	 0.5827623 
11500 	 0.4676343 
12000 	 0.5800763 
12500 	 0.5520319 
13000 	 0.6275527 
13500 	 0.4633706 
14000 	 0.6924584 
14500 	 0.5983216 
15000 	 0.6397515 
15500 	 0.5961821 
16000 	 0.5795256 
16500 	 0.6065214 
17000 	 0.5998375 
17500 	 0.6001456 
18000 	 0.5838789 
18500 	 0.6809201 
19000 	 0.564924 
19500 	 0.5294993 
20000 	 0.6046945 
20500 	 0.6264976 
21000 	 0.5985052 
21500 	 0.6206083 
22000 	 0.6746711 
22500 	 0.571358 
23000 	 0.5720927 
23500 	 0.6107586 
24000 	 0.6360898 
24500 	 0.5181037 
25000 	 0.5805475 
25500 	 0.5288197 
26000 	 0.5305949 
26500 	 0.5578827 
27000 	 0.6213328 
27500 	 0.6106655 
28000 	 0.6269116 
28500 	 0.4857966 
29000 	 0.7125915 
29500 	 0.629457 
30000 	 0.7073166 
30500 	 0.5198098 
31000 	 0.5794584 
31500 	 0.5439346 
32000 	 0.5266912 
32500 	 0.5687236 
33000 	 0.5997226 
33500 	 0.5913091 
34000 	 0.6149574 
34500 	 0.5620112 
35000 	 0.663748 
35500 	 0.6685517 
36000 	 0.5791947 
36500 	 0.6185472 
37000 	 0.5633639 
37500 	 0.520433 
38000 	 0.54144 
38500 	 0.5103901 
39000 	 0.5754014 
39500 	 0.5922453 
40000 	 0.5014382 
40500 	 0.576894 
41000 	 0.5973286 
41500 	 0.6084135 
42000 	 0.6366403 
42500 	 0.5569519 
43000 	 0.5675139 
43500 	 0.5663229 
44000 	 0.6595153 
44500 	 0.5660047 
45000 	 0.6051859 
45500 	 0.5489865 
46000 	 0.4965743 
46500 	 0.5454683 
47000 	 0.594963 
47500 	 0.5831496 
48000 	 0.6606619 
48500 	 0.5901828 
49000 	 0.6282261 
49500 	 0.5482916 
50000 	 0.481089 
50500 	 0.5384792 
51000 	 0.5831972 
51500 	 0.5567512 
52000 	 0.5626171 
52500 	 0.5379724 
53000 	 0.6038066 
53500 	 0.598907 
54000 	 0.5915292 
54500 	 0.6621065 
55000 	 0.5328965 
55500 	 0.5370783 
56000 	 0.5668713 
56500 	 0.535968 
57000 	 0.6141165 
57500 	 0.5039811 
58000 	 0.5775929 
58500 	 0.5155071 
59000 	 0.6195295 
59500 	 0.5604785 
60000 	 0.6170314 
60500 	 0.5208139 
61000 	 0.5527108 
61500 	 0.5678643 
62000 	 0.5801835 
62500 	 0.6349481 
63000 	 0.5477958 
63500 	 0.5817572 
64000 	 0.5425959 
64500 	 0.5561091 
65000 	 0.6319096 
65500 	 0.6401882 
66000 	 0.5891546 
66500 	 0.6240476 
67000 	 0.6799294 
67500 	 0.5715629 
68000 	 0.5507114 
68500 	 0.5966795 
69000 	 0.5695018 
69500 	 0.5738722 
70000 	 0.6185582 
70500 	 0.7034468 
71000 	 0.6594717 
71500 	 0.5282376 
72000 	 0.6180462 
72500 	 0.52057 
73000 	 0.5703978 
73500 	 0.494769 
74000 	 0.568743 
74500 	 0.6728793 
75000 	 0.5242264 
75500 	 0.5519747 
76000 	 0.5896202 
76500 	 0.6343779 
77000 	 0.6081162 
77500 	 0.5251444 
78000 	 0.5247547 
78500 	 0.505876 
79000 	 0.5680263 
79500 	 0.6100954 
80000 	 0.5282513 
80500 	 0.5770639 
81000 	 0.646709 
81500 	 0.6193525 
82000 	 0.5973463 
82500 	 0.5909222 
83000 	 0.5511034 
83500 	 0.5523022 
84000 	 0.6150361 
84500 	 0.6134673 
85000 	 0.555979 
85500 	 0.5387959 
86000 	 0.5955685 
86500 	 0.6323989 
87000 	 0.4882414 
87500 	 0.6029284 
88000 	 0.5975763 
88500 	 0.5033958 
89000 	 0.565193 
89500 	 0.5720625 
90000 	 0.5777368 
90500 	 0.576043 
91000 	 0.5184784 
91500 	 0.6009247 
92000 	 0.6017416 
92500 	 0.6218307 
93000 	 0.5711735 
93500 	 0.5941914 
94000 	 0.4949697 
94500 	 0.6262211 
95000 	 0.6058728 
95500 	 0.5547268 
96000 	 0.5427556 
96500 	 0.590108 
97000 	 0.5855308 
97500 	 0.5070242 
98000 	 0.5609558 
98500 	 0.5773691 
99000 	 0.5758169 
99500 	 0.4872935 
100000 	 0.6152884 
100500 	 0.5617599 
101000 	 0.5366334 
101500 	 0.528404 
102000 	 0.617434 
102500 	 0.6293241 
103000 	 0.5940697 
103500 	 0.5476201 
104000 	 0.5879077 
104500 	 0.5330874 
105000 	 0.5783488 
105500 	 0.5621449 
106000 	 0.5434331 
106500 	 0.6039043 
107000 	 0.6468478 
107500 	 0.5168155 
108000 	 0.5836674 
108500 	 0.5734677 
109000 	 0.5640594 
109500 	 0.5917619 
110000 	 0.5272351 
110500 	 0.5341818 
111000 	 0.5853943 
111500 	 0.5267082 
112000 	 0.5950358 
112500 	 0.5360673 
113000 	 0.5495807 
113500 	 0.5192212 
114000 	 0.5441966 
114500 	 0.5985986 
115000 	 0.6284825 
115500 	 0.5331674 
116000 	 0.6065701 
116500 	 0.6145865 
117000 	 0.5725656 
117500 	 0.5554394 
118000 	 0.6107052 
118500 	 0.6145768 
119000 	 0.5612484 
119500 	 0.5449102 
120000 	 0.6078382 
120500 	 0.5678867 
121000 	 0.5256546 
121500 	 0.6612922 
122000 	 0.5943348 
122500 	 0.501093 
123000 	 0.6368531 
123500 	 0.5187998 
124000 	 0.5882613 
124500 	 0.5533254 
125000 	 0.5751276 
125500 	 0.5150412 
126000 	 0.5095889 
126500 	 0.655824 
127000 	 0.5473297 
127500 	 0.5864147 
128000 	 0.5839031 
128500 	 0.5819893 
129000 	 0.6489541 
129500 	 0.543609 
130000 	 0.4777718 
130500 	 0.6278754 
131000 	 0.531619 
131500 	 0.5088957 
132000 	 0.5737864 
132500 	 0.5899393 
133000 	 0.5907834 
133500 	 0.5697552 
134000 	 0.4785799 
134500 	 0.6516468 
135000 	 0.577031 
135500 	 0.5420395 
136000 	 0.6055191 
136500 	 0.5733305 
137000 	 0.5703623 
137500 	 0.5512005 
138000 	 0.5701955 
138500 	 0.586809 
139000 	 0.5499448 
139500 	 0.5415122 
140000 	 0.5325624 
140500 	 0.6337686 
141000 	 0.5557598 
141500 	 0.5585476 
142000 	 0.4589683 
142500 	 0.5841268 
143000 	 0.6010781 
143500 	 0.6391462 
144000 	 0.5809917 
144500 	 0.6596165 
145000 	 0.6333838 
145500 	 0.6284803 
146000 	 0.5240005 
146500 	 0.5513677 
147000 	 0.5734056 
147500 	 0.5883859 
148000 	 0.5488483 
148500 	 0.5692896 
149000 	 0.4585784 
149500 	 0.5294563 
150000 	 0.5778352 
150500 	 0.5907435 
151000 	 0.6253812 
151500 	 0.5128636 
152000 	 0.6076695 
152500 	 0.5606136 
153000 	 0.6442352 
153500 	 0.6133494 
154000 	 0.5702462 
154500 	 0.5506201 
155000 	 0.6271077 
155500 	 0.5577424 
156000 	 0.6392388 
156500 	 0.5284404 
157000 	 0.566413 
157500 	 0.5120252 
158000 	 0.6017392 
158500 	 0.6541894 
159000 	 0.5843102 
159500 	 0.5071831 
160000 	 0.5656259 
160500 	 0.5103956 
161000 	 0.5717673 
161500 	 0.5088186 
162000 	 0.5577876 
162500 	 0.5711468 
163000 	 0.6038317 
163500 	 0.5243278 
164000 	 0.607187 
164500 	 0.5931027 
165000 	 0.6082007 
165500 	 0.6103021 
166000 	 0.6594818 
166500 	 0.6113989 
167000 	 0.6277013 
167500 	 0.579305 
168000 	 0.5897583 
168500 	 0.5975457 
169000 	 0.6049198 
169500 	 0.5891257 
170000 	 0.5023863 
170500 	 0.6633819 
171000 	 0.563499 
171500 	 0.5066536 
172000 	 0.5638671 
172500 	 0.6316241 
173000 	 0.5566529 
173500 	 0.5259876 
174000 	 0.5879002 
174500 	 0.5983226 
175000 	 0.5519022 
175500 	 0.6158958 
176000 	 0.6528708 
176500 	 0.5391608 
177000 	 0.633552 
177500 	 0.637724 
178000 	 0.5658684 
178500 	 0.5851153 
179000 	 0.630357 
179500 	 0.6286604 
180000 	 0.5973349 
180500 	 0.6020166 
181000 	 0.5124108 
181500 	 0.539411 
182000 	 0.5954217 
182500 	 0.5090612 
183000 	 0.5434165 
183500 	 0.55698 
184000 	 0.467537 
184500 	 0.6167948 
185000 	 0.6641574 
185500 	 0.5682873 
186000 	 0.5618074 
186500 	 0.5727715 
187000 	 0.5842551 
187500 	 0.5387426 
188000 	 0.5563237 
188500 	 0.5400511 
189000 	 0.6117858 
189500 	 0.5636663 
190000 	 0.5765148 
190500 	 0.6205986 
191000 	 0.5620984 
191500 	 0.5614593 
192000 	 0.6071153 
192500 	 0.5715334 
193000 	 0.6448592 
193500 	 0.6185669 
194000 	 0.5415106 
194500 	 0.5085182 
195000 	 0.4844507 
195500 	 0.5778706 
196000 	 0.5460741 
196500 	 0.5574266 
197000 	 0.699023 
197500 	 0.5698143 
198000 	 0.6356744 
198500 	 0.4998033 
199000 	 0.5822208 
199500 	 0.5526644 
200000 	 0.6770992 
200500 	 0.5606758 
201000 	 0.5998616 
201500 	 0.5312506 
202000 	 0.6670388 
202500 	 0.6055911 
203000 	 0.5455825 
203500 	 0.5614446 
204000 	 0.5172546 
204500 	 0.6038715 
205000 	 0.5715293 
205500 	 0.5483139 
206000 	 0.5777345 
206500 	 0.6129333 
207000 	 0.5590903 
207500 	 0.5705017 
208000 	 0.552344 
208500 	 0.5661333 
209000 	 0.6119025 
209500 	 0.455433 
210000 	 0.5825222 
210500 	 0.57324 
211000 	 0.5646629 
211500 	 0.5628539 
212000 	 0.5449375 
212500 	 0.5570295 
213000 	 0.6563278 
213500 	 0.6515836 
214000 	 0.5037668 
214500 	 0.5227209 
215000 	 0.5514125 
215500 	 0.5223085 
216000 	 0.5201294 
216500 	 0.5413215 
217000 	 0.5803256 
217500 	 0.6003337 
218000 	 0.6069773 
218500 	 0.5102224 
219000 	 0.5595901 
219500 	 0.5242504 
220000 	 0.5040013 
220500 	 0.5297835 
221000 	 0.53866 
221500 	 0.6247104 
222000 	 0.51258 
222500 	 0.5784576 
223000 	 0.6191128 
223500 	 0.5062712 
224000 	 0.5511606 
224500 	 0.6213186 
225000 	 0.4885078 
225500 	 0.5788439 
226000 	 0.4884074 
226500 	 0.5590264 
227000 	 0.6268113 
227500 	 0.4915776 
228000 	 0.5870809 
228500 	 0.5505186 
229000 	 0.574845 
229500 	 0.5973083 
230000 	 0.5500856 
230500 	 0.5953941 
231000 	 0.5486608 
231500 	 0.616147 
232000 	 0.5498801 
232500 	 0.5908065 
233000 	 0.5569095 
233500 	 0.6050924 
234000 	 0.5567055 
234500 	 0.564086 
235000 	 0.634345 
235500 	 0.4258729 
236000 	 0.6107254 
236500 	 0.5325275 
237000 	 0.5883991 
237500 	 0.4996914 
238000 	 0.5953902 
238500 	 0.5686957 
239000 	 0.5629755 
239500 	 0.5383685 
240000 	 0.6392138 
240500 	 0.5210624 
241000 	 0.6179824 
241500 	 0.6008513 
242000 	 0.6311189 
242500 	 0.5681219 
243000 	 0.5533689 
243500 	 0.576757 
244000 	 0.5873219 
244500 	 0.5833384 
245000 	 0.6647705 
245500 	 0.5341368 
246000 	 0.6872375 
246500 	 0.6146062 
247000 	 0.5579863 
247500 	 0.5433959 
248000 	 0.5120151 
248500 	 0.6742346 
249000 	 0.5014564 
249500 	 0.5567714 
250000 	 0.6024473 
250500 	 0.5825048 
251000 	 0.5591766 
251500 	 0.5350074 
252000 	 0.6148897 
252500 	 0.5708069 
253000 	 0.4881564 
253500 	 0.5338927 
254000 	 0.4981962 
254500 	 0.5768525 
255000 	 0.5651365 
255500 	 0.5517137 
256000 	 0.4949058 
256500 	 0.5696816 
257000 	 0.6331849 
257500 	 0.5886461 
258000 	 0.5885612 
258500 	 0.4819723 
259000 	 0.5231071 
259500 	 0.5987183 
260000 	 0.5932829 
260500 	 0.5304359 
261000 	 0.5963795 
261500 	 0.6710347 
262000 	 0.5931324 
262500 	 0.6372457 
263000 	 0.4462738 
263500 	 0.5732738 
264000 	 0.5682172 
264500 	 0.5121006 
265000 	 0.6429703 
265500 	 0.6072503 
266000 	 0.500832 
266500 	 0.6410945 
267000 	 0.5836702 
267500 	 0.5699065 
268000 	 0.523087 
268500 	 0.528699 
269000 	 0.553889 
269500 	 0.6118139 
270000 	 0.615302 
270500 	 0.5690499 
271000 	 0.558783 
271500 	 0.6479077 
272000 	 0.6872133 
272500 	 0.6540639 
273000 	 0.5957765 
273500 	 0.6760462 
274000 	 0.5802508 
274500 	 0.5782317 
275000 	 0.591791 
275500 	 0.6115583 
276000 	 0.6105838 
276500 	 0.5653104 
277000 	 0.5546821 
277500 	 0.5539372 
278000 	 0.5900926 
278500 	 0.6268024 
279000 	 0.5806831 
279500 	 0.5434768 
280000 	 0.4606346 
280500 	 0.5916772 
281000 	 0.546956 
281500 	 0.5765117 
282000 	 0.5792836 
282500 	 0.5748989 
283000 	 0.6349916 
283500 	 0.5730542 
284000 	 0.5331129 
284500 	 0.6034574 
285000 	 0.6462617 
285500 	 0.5404773 
286000 	 0.4898177 
286500 	 0.4986579 
287000 	 0.5734059 
287500 	 0.5472706 
288000 	 0.5760014 
288500 	 0.5758592 
289000 	 0.5952674 
289500 	 0.509522 
290000 	 0.4933758 
290500 	 0.5548938 
291000 	 0.5870431 
291500 	 0.5757806 
292000 	 0.537567 
292500 	 0.6262624 
293000 	 0.5899132 
293500 	 0.5032058 
294000 	 0.6193714 
294500 	 0.5960479 
295000 	 0.643014 
295500 	 0.5316617 
296000 	 0.6031581 
296500 	 0.6546348 
297000 	 0.5370946 
297500 	 0.6216998 
298000 	 0.5708821 
298500 	 0.6668307 
299000 	 0.5725958 
299500 	 0.6218185 
300000 	 0.5676532 
300500 	 0.528825 
301000 	 0.5951378 
301500 	 0.5153252 
302000 	 0.5086938 
302500 	 0.5848231 
303000 	 0.5946691 
303500 	 0.5651346 
304000 	 0.6341134 
304500 	 0.6311178 
305000 	 0.5756004 
305500 	 0.5960563 
306000 	 0.6160262 
306500 	 0.6476767 
307000 	 0.5422235 
307500 	 0.5943329 
308000 	 0.6610031 
308500 	 0.6041089 
309000 	 0.6196743 
309500 	 0.5273034 
310000 	 0.6228154 
310500 	 0.5848453 
311000 	 0.5663765 
311500 	 0.4702223 
312000 	 0.5904657 
312500 	 0.6018595 
313000 	 0.7044394 
313500 	 0.5829813 
314000 	 0.5273299 
314500 	 0.5831535 
315000 	 0.5366386 
315500 	 0.5792383 
316000 	 0.5612134 
316500 	 0.5852975 
317000 	 0.5685172 
317500 	 0.5992431 
318000 	 0.5757779 
318500 	 0.5086207 
319000 	 0.5912928 
319500 	 0.6143995 
320000 	 0.6214525 
320500 	 0.531789 
321000 	 0.6432589 
321500 	 0.6316612 
322000 	 0.5899167 
322500 	 0.547051 
323000 	 0.5678978 
323500 	 0.5455908 
324000 	 0.6183341 
324500 	 0.5966993 
325000 	 0.6207542 
325500 	 0.5936302 
326000 	 0.5869823 
326500 	 0.557585 
327000 	 0.6092243 
327500 	 0.538885 
328000 	 0.5900676 
328500 	 0.559946 
329000 	 0.5447321 
329500 	 0.5352898 
330000 	 0.6304857 
330500 	 0.5388857 
331000 	 0.5998745 
331500 	 0.4903898 
332000 	 0.6160087 
332500 	 0.5172307 
333000 	 0.512461 
333500 	 0.7153585 
334000 	 0.6290782 
334500 	 0.5930171 
335000 	 0.4947153 
335500 	 0.6076261 
336000 	 0.576926 
336500 	 0.5718476 
337000 	 0.5458804 
337500 	 0.5812224 
338000 	 0.5900537 
338500 	 0.6078617 
339000 	 0.7012152 
339500 	 0.5639256 
340000 	 0.5978249 
340500 	 0.6584437 
341000 	 0.6018443 
341500 	 0.704276 
342000 	 0.6764357 
342500 	 0.5590383 
343000 	 0.5480345 
343500 	 0.5187796 
344000 	 0.5689391 
344500 	 0.5668259 
345000 	 0.5598901 
345500 	 0.5845344 
346000 	 0.6974568 
346500 	 0.5704045 
347000 	 0.5884563 
347500 	 0.6062553 
348000 	 0.6057719 
348500 	 0.5776048 
349000 	 0.5533191 
349500 	 0.5972941 
350000 	 0.6483647 
350500 	 0.6100874 
351000 	 0.5975554 
351500 	 0.5689781 
352000 	 0.5733184 
352500 	 0.6160871 
353000 	 0.435526 
353500 	 0.5706183 
354000 	 0.5802529 
354500 	 0.5797966 
355000 	 0.5555826 
355500 	 0.5979393 
356000 	 0.5119719 
356500 	 0.4967008 
357000 	 0.554467 
357500 	 0.5443625 
358000 	 0.5232184 
358500 	 0.62443 
359000 	 0.6017931 
359500 	 0.6008526 
360000 	 0.5707036 
360500 	 0.5437835 
361000 	 0.5618752 
361500 	 0.6557187 
362000 	 0.5279305 
362500 	 0.5906814 
363000 	 0.6224964 
363500 	 0.4915966 
364000 	 0.6246163 
364500 	 0.5901515 
365000 	 0.5308544 
365500 	 0.5230653 
366000 	 0.4812387 
366500 	 0.5734431 
367000 	 0.5866153 
367500 	 0.5947048 
368000 	 0.4949922 
368500 	 0.579528 
369000 	 0.6180903 
369500 	 0.6108583 
370000 	 0.5902691 
370500 	 0.593256 
371000 	 0.5065893 
371500 	 0.5347389 
372000 	 0.6098285 
372500 	 0.5565326 
373000 	 0.5245449 
373500 	 0.6364879 
374000 	 0.448415 
374500 	 0.5697838 
375000 	 0.5052253 
375500 	 0.6050989 
376000 	 0.5276805 
376500 	 0.5785582 
377000 	 0.6160795 
377500 	 0.5851565 
378000 	 0.5756877 
378500 	 0.6308228 
379000 	 0.6422466 
379500 	 0.5220683 
380000 	 0.5287163 
380500 	 0.5845944 
381000 	 0.6455192 
381500 	 0.5468767 
382000 	 0.5989373 
382500 	 0.5302968 
383000 	 0.5748259 
383500 	 0.5644106 
384000 	 0.5869966 
384500 	 0.5367566 
385000 	 0.5356742 
385500 	 0.6165404 
386000 	 0.7236128 
386500 	 0.7129984 
387000 	 0.5533078 
387500 	 0.5281207 
388000 	 0.5784921 
388500 	 0.5036354 
389000 	 0.5815631 
389500 	 0.5452875 
390000 	 0.5465729 
390500 	 0.5505804 
391000 	 0.4929698 
391500 	 0.6004204 
392000 	 0.6001086 
392500 	 0.6215028 
393000 	 0.5224847 
393500 	 0.5809193 
394000 	 0.6040248 
394500 	 0.6622434 
395000 	 0.6066629 
395500 	 0.6804185 
396000 	 0.6137036 
396500 	 0.5641198 
397000 	 0.5529531 
397500 	 0.6684296 
398000 	 0.5183972 
398500 	 0.6108158 
399000 	 0.6402134 
399500 	 0.5903025 
400000 	 0.6269711 
400500 	 0.5672529 
401000 	 0.603769 
401500 	 0.5604436 
402000 	 0.4196287 
402500 	 0.5425061 
403000 	 0.5604317 
403500 	 0.5400973 
404000 	 0.576653 
404500 	 0.604698 
405000 	 0.6313958 
405500 	 0.5403791 
406000 	 0.4548015 
406500 	 0.5778154 
407000 	 0.5833818 
407500 	 0.577864 
408000 	 0.6168594 
408500 	 0.550074 
409000 	 0.5593046 
409500 	 0.63692 
410000 	 0.6041756 
410500 	 0.5726338 
411000 	 0.5881258 
411500 	 0.5413541 
412000 	 0.5660542 
412500 	 0.5717164 
413000 	 0.6023075 
413500 	 0.5966749 
414000 	 0.5486462 
414500 	 0.5691946 
415000 	 0.6386418 
415500 	 0.553686 
416000 	 0.4912847 
416500 	 0.5400605 
417000 	 0.63002 
417500 	 0.6332862 
418000 	 0.5017909 
418500 	 0.5116004 
419000 	 0.5157834 
419500 	 0.5538332 
420000 	 0.5545938 
420500 	 0.5908166 
421000 	 0.4360358 
421500 	 0.5829173 
422000 	 0.5133402 
422500 	 0.5901844 
423000 	 0.5236633 
423500 	 0.5608966 
424000 	 0.5745238 
424500 	 0.6197723 
425000 	 0.634503 
425500 	 0.468704 
426000 	 0.5523464 
426500 	 0.5654577 
427000 	 0.5325225 
427500 	 0.5479131 
428000 	 0.5352276 
428500 	 0.5450969 
429000 	 0.6140099 
429500 	 0.6077583 
430000 	 0.6023401 
430500 	 0.6075559 
431000 	 0.6478072 
431500 	 0.5756002 
432000 	 0.5808316 
432500 	 0.4724134 
433000 	 0.6173661 
433500 	 0.5974443 
434000 	 0.5018313 
434500 	 0.5240768 
435000 	 0.5455546 
435500 	 0.5766735 
436000 	 0.557636 
436500 	 0.5587511 
437000 	 0.5518674 
437500 	 0.5992412 
438000 	 0.5613075 
438500 	 0.516245 
439000 	 0.5156264 
439500 	 0.5510179 
440000 	 0.5711768 
440500 	 0.5928564 
441000 	 0.6214226 
441500 	 0.6090926 
442000 	 0.5317826 
442500 	 0.5436548 
443000 	 0.5815822 
443500 	 0.6335862 
444000 	 0.6241674 
444500 	 0.5640278 
445000 	 0.5928623 
445500 	 0.520012 
446000 	 0.515436 
446500 	 0.4871668 
447000 	 0.5941681 
447500 	 0.5310743 
448000 	 0.5195572 
448500 	 0.4971766 
449000 	 0.6605755 
449500 	 0.5613195 
450000 	 0.5865471 
450500 	 0.6197012 
451000 	 0.6298096 
451500 	 0.6411604 
452000 	 0.5779469 
452500 	 0.5304734 
453000 	 0.6805123 
453500 	 0.6527294 
454000 	 0.4694869 
454500 	 0.559538 
455000 	 0.5202746 
455500 	 0.5973208 
456000 	 0.6100439 
456500 	 0.548932 
457000 	 0.5784504 
457500 	 0.506968 
458000 	 0.6327123 
458500 	 0.5675191 
459000 	 0.6409176 
459500 	 0.5891434 
460000 	 0.5155007 
460500 	 0.5686433 
461000 	 0.6547096 
461500 	 0.5827597 
462000 	 0.5769649 
462500 	 0.6141403 
463000 	 0.6657602 
463500 	 0.5549377 
464000 	 0.645384 
464500 	 0.5460709 
465000 	 0.5211019 
465500 	 0.5046056 
466000 	 0.6140422 
466500 	 0.5443272 
467000 	 0.5735146 
467500 	 0.493433 
468000 	 0.5690217 
468500 	 0.6763858 
469000 	 0.5047735 
469500 	 0.5098379 
470000 	 0.6363497 
470500 	 0.5864755 
471000 	 0.5701391 
471500 	 0.539741 
472000 	 0.5535515 
472500 	 0.5931331 
473000 	 0.6121878 
473500 	 0.5999997 
474000 	 0.4958413 
474500 	 0.601347 
475000 	 0.5734867 
475500 	 0.5904854 
476000 	 0.553374 
476500 	 0.5692251 
477000 	 0.6133879 
477500 	 0.6050117 
478000 	 0.6243436 
478500 	 0.5995664 
479000 	 0.4413538 
479500 	 0.5515079 
480000 	 0.5312043 
480500 	 0.5441497 
481000 	 0.5527965 
481500 	 0.5719397 
482000 	 0.5591155 
482500 	 0.6378682 
483000 	 0.5850618 
483500 	 0.6543553 
484000 	 0.6466323 
484500 	 0.6064706 
485000 	 0.5867439 
485500 	 0.5301971 
486000 	 0.5729041 
486500 	 0.5001855 
487000 	 0.6748644 
487500 	 0.5338979 
488000 	 0.5573952 
488500 	 0.5209629 
489000 	 0.6375718 
489500 	 0.5429204 
490000 	 0.5984189 
490500 	 0.5985196 
491000 	 0.6483535 
491500 	 0.5809709 
492000 	 0.5629868 
492500 	 0.5957403 
493000 	 0.5606124 
493500 	 0.5573678 
494000 	 0.5607684 
494500 	 0.5806292 
495000 	 0.5724928 
495500 	 0.5607429 
496000 	 0.5702989 
496500 	 0.5784762 
497000 	 0.4595937 
497500 	 0.5696595 
498000 	 0.5750947 
498500 	 0.6121615 
499000 	 0.6087508 
499500 	 0.5214938 
500000 	 0.520573 
