iter 	 p
500 	 0.420466 
1000 	 0.3432674 
1500 	 0.3278222 
2000 	 0.3691237 
2500 	 0.3539554 
3000 	 0.334032 
3500 	 0.3524622 
4000 	 0.3810112 
4500 	 0.3166304 
5000 	 0.3860538 
5500 	 0.1849904 
6000 	 0.3146604 
6500 	 0.3461376 
7000 	 0.3447836 
7500 	 0.2830169 
8000 	 0.2655989 
8500 	 0.3257159 
9000 	 0.4496337 
9500 	 0.3497262 
10000 	 0.2622471 
10500 	 0.3190712 
11000 	 0.4417184 
11500 	 0.3200648 
12000 	 0.3758715 
12500 	 0.4645551 
13000 	 0.3119432 
13500 	 0.3931006 
14000 	 0.3529678 
14500 	 0.2392001 
15000 	 0.460656 
15500 	 0.3834635 
16000 	 0.3519237 
16500 	 0.3693397 
17000 	 0.2913182 
17500 	 0.3831143 
18000 	 0.3889227 
18500 	 0.3192721 
19000 	 0.3040034 
19500 	 0.492604 
20000 	 0.262441 
20500 	 0.3968298 
21000 	 0.2698238 
21500 	 0.4368935 
22000 	 0.2740795 
22500 	 0.3005279 
23000 	 0.3107231 
23500 	 0.533133 
24000 	 0.3371486 
24500 	 0.369817 
25000 	 0.3524255 
25500 	 0.4052399 
26000 	 0.419473 
26500 	 0.2686073 
27000 	 0.2597798 
27500 	 0.2626028 
28000 	 0.3494189 
28500 	 0.4088802 
29000 	 0.4168433 
29500 	 0.2870297 
30000 	 0.3884078 
30500 	 0.3659655 
31000 	 0.3701404 
31500 	 0.2947495 
32000 	 0.3189926 
32500 	 0.2983495 
33000 	 0.2122559 
33500 	 0.3205609 
34000 	 0.2676355 
34500 	 0.3038788 
35000 	 0.2409207 
35500 	 0.3809569 
36000 	 0.2964673 
36500 	 0.5700547 
37000 	 0.2483758 
37500 	 0.3087784 
38000 	 0.4341734 
38500 	 0.3917275 
39000 	 0.3548516 
39500 	 0.3662547 
40000 	 0.2868357 
40500 	 0.3168146 
41000 	 0.2550646 
41500 	 0.3903948 
42000 	 0.3261431 
42500 	 0.3320608 
43000 	 0.3736035 
43500 	 0.3589472 
44000 	 0.3914426 
44500 	 0.261924 
45000 	 0.2862516 
45500 	 0.3677902 
46000 	 0.3214923 
46500 	 0.3415796 
47000 	 0.3358665 
47500 	 0.2365943 
48000 	 0.3286987 
48500 	 0.3364909 
49000 	 0.2968378 
49500 	 0.4824077 
50000 	 0.3821047 
50500 	 0.33992 
51000 	 0.4065407 
51500 	 0.3851838 
52000 	 0.3328453 
52500 	 0.2060009 
53000 	 0.240191 
53500 	 0.4521577 
54000 	 0.4015866 
54500 	 0.3169669 
55000 	 0.240038 
55500 	 0.2796468 
56000 	 0.38594 
56500 	 0.3518268 
57000 	 0.2813923 
57500 	 0.3906907 
58000 	 0.3134973 
58500 	 0.3406198 
59000 	 0.2572927 
59500 	 0.382615 
60000 	 0.3076774 
60500 	 0.2468506 
61000 	 0.297188 
61500 	 0.293614 
62000 	 0.2813786 
62500 	 0.3150382 
63000 	 0.3427101 
63500 	 0.3681469 
64000 	 0.292026 
64500 	 0.2813343 
65000 	 0.3470068 
65500 	 0.3113012 
66000 	 0.3205844 
66500 	 0.3216564 
67000 	 0.3356122 
67500 	 0.4373247 
68000 	 0.3250887 
68500 	 0.4323221 
69000 	 0.2984574 
69500 	 0.3097696 
70000 	 0.2879369 
70500 	 0.4677937 
71000 	 0.3020732 
71500 	 0.2757027 
72000 	 0.2710187 
72500 	 0.4232096 
73000 	 0.3048947 
73500 	 0.3764736 
74000 	 0.3109367 
74500 	 0.2720968 
75000 	 0.3893056 
75500 	 0.2181279 
76000 	 0.2644417 
76500 	 0.3425645 
77000 	 0.443754 
77500 	 0.3523232 
78000 	 0.4113686 
78500 	 0.3715378 
79000 	 0.2631143 
79500 	 0.354259 
80000 	 0.2358302 
80500 	 0.3754847 
81000 	 0.1937085 
81500 	 0.3573319 
82000 	 0.3605148 
82500 	 0.4105515 
83000 	 0.3287354 
83500 	 0.2698682 
84000 	 0.354118 
84500 	 0.3822506 
85000 	 0.3199797 
85500 	 0.2924823 
86000 	 0.3512728 
86500 	 0.2989938 
87000 	 0.2183657 
87500 	 0.2814914 
88000 	 0.3612635 
88500 	 0.3767337 
89000 	 0.2607139 
89500 	 0.2736002 
90000 	 0.3936643 
90500 	 0.3726273 
91000 	 0.4015704 
91500 	 0.19239 
92000 	 0.5088528 
92500 	 0.2783706 
93000 	 0.3236045 
93500 	 0.3084168 
94000 	 0.2960888 
94500 	 0.3697511 
95000 	 0.3902088 
95500 	 0.2881113 
96000 	 0.2991603 
96500 	 0.3349887 
97000 	 0.2520764 
97500 	 0.385361 
98000 	 0.3253215 
98500 	 0.27935 
99000 	 0.363959 
99500 	 0.3410836 
100000 	 0.4356712 
100500 	 0.2972388 
101000 	 0.2462176 
101500 	 0.3079753 
102000 	 0.3349706 
102500 	 0.2947341 
103000 	 0.2562473 
103500 	 0.2311415 
104000 	 0.3326976 
104500 	 0.2568717 
105000 	 0.3666461 
105500 	 0.2644416 
106000 	 0.3632043 
106500 	 0.2658265 
107000 	 0.3757529 
107500 	 0.3180922 
108000 	 0.371497 
108500 	 0.3370505 
109000 	 0.360939 
109500 	 0.4403106 
110000 	 0.2493913 
110500 	 0.4181361 
111000 	 0.3046957 
111500 	 0.2712909 
112000 	 0.2353667 
112500 	 0.4162483 
113000 	 0.3734737 
113500 	 0.2931594 
114000 	 0.5504698 
114500 	 0.2303549 
115000 	 0.3288104 
115500 	 0.4053255 
116000 	 0.3939334 
116500 	 0.2740468 
117000 	 0.2939585 
117500 	 0.3186875 
118000 	 0.3945838 
118500 	 0.2175876 
119000 	 0.4535708 
119500 	 0.3204866 
120000 	 0.2937537 
120500 	 0.3948583 
121000 	 0.2982878 
121500 	 0.2925681 
122000 	 0.3862913 
122500 	 0.3778119 
123000 	 0.3003272 
123500 	 0.3719289 
124000 	 0.3182884 
124500 	 0.2555656 
125000 	 0.3459679 
125500 	 0.2977903 
126000 	 0.2509867 
126500 	 0.4177407 
127000 	 0.339029 
127500 	 0.37893 
128000 	 0.329053 
128500 	 0.3552516 
129000 	 0.339238 
129500 	 0.2164175 
130000 	 0.416445 
130500 	 0.5283441 
131000 	 0.4440057 
131500 	 0.3584251 
132000 	 0.297934 
132500 	 0.3602602 
133000 	 0.3188956 
133500 	 0.3827218 
134000 	 0.3359027 
134500 	 0.2468608 
135000 	 0.2309933 
135500 	 0.4248143 
136000 	 0.4128985 
136500 	 0.3155831 
137000 	 0.3670331 
137500 	 0.3621165 
138000 	 0.3557871 
138500 	 0.3137398 
139000 	 0.3145859 
139500 	 0.38435 
140000 	 0.2837089 
140500 	 0.2774437 
141000 	 0.3133788 
141500 	 0.3332162 
142000 	 0.4024164 
142500 	 0.3017076 
143000 	 0.3125192 
143500 	 0.2482933 
144000 	 0.291686 
144500 	 0.2121019 
145000 	 0.3801065 
145500 	 0.3737059 
146000 	 0.3430984 
146500 	 0.3273561 
147000 	 0.3802048 
147500 	 0.3519644 
148000 	 0.3865594 
148500 	 0.3423973 
149000 	 0.3382923 
149500 	 0.3235995 
150000 	 0.3514679 
150500 	 0.3749782 
151000 	 0.2435521 
151500 	 0.2984633 
152000 	 0.2459251 
152500 	 0.3508793 
153000 	 0.2889698 
153500 	 0.4057726 
154000 	 0.2789012 
154500 	 0.3394125 
155000 	 0.4284114 
155500 	 0.2466959 
156000 	 0.4026939 
156500 	 0.4127998 
157000 	 0.3088926 
157500 	 0.4706067 
158000 	 0.3784923 
158500 	 0.2583068 
159000 	 0.3890725 
159500 	 0.2841315 
160000 	 0.2181784 
160500 	 0.4040367 
161000 	 0.2806747 
161500 	 0.2760318 
162000 	 0.2665469 
162500 	 0.1957244 
163000 	 0.309938 
163500 	 0.2548874 
164000 	 0.347997 
164500 	 0.3665852 
165000 	 0.3525025 
165500 	 0.367324 
166000 	 0.4021435 
166500 	 0.3260264 
167000 	 0.4126269 
167500 	 0.41877 
168000 	 0.3512004 
168500 	 0.3314859 
169000 	 0.1441675 
169500 	 0.4096577 
170000 	 0.3526052 
170500 	 0.327397 
171000 	 0.3887608 
171500 	 0.2711432 
172000 	 0.2519481 
172500 	 0.4281092 
173000 	 0.2806429 
173500 	 0.190811 
174000 	 0.2377293 
174500 	 0.4573701 
175000 	 0.4100197 
175500 	 0.2841476 
176000 	 0.3863751 
176500 	 0.3781964 
177000 	 0.3424874 
177500 	 0.4213082 
178000 	 0.3614209 
178500 	 0.3427196 
179000 	 0.3320483 
179500 	 0.4298431 
180000 	 0.2384991 
180500 	 0.1936697 
181000 	 0.1923621 
181500 	 0.2587524 
182000 	 0.2016605 
182500 	 0.3630046 
183000 	 0.2985188 
183500 	 0.3426832 
184000 	 0.2592957 
184500 	 0.3744855 
185000 	 0.4258599 
185500 	 0.3394208 
186000 	 0.4011915 
186500 	 0.3730667 
187000 	 0.2730489 
187500 	 0.4401381 
188000 	 0.3801115 
188500 	 0.3872888 
189000 	 0.3054568 
189500 	 0.478939 
190000 	 0.310559 
190500 	 0.3001102 
191000 	 0.2909953 
191500 	 0.490217 
192000 	 0.2616688 
192500 	 0.3490399 
193000 	 0.3494033 
193500 	 0.2344352 
194000 	 0.3626966 
194500 	 0.3229178 
195000 	 0.1916735 
195500 	 0.329987 
196000 	 0.4222005 
196500 	 0.390558 
197000 	 0.268462 
197500 	 0.3874483 
198000 	 0.2990931 
198500 	 0.3612756 
199000 	 0.2986514 
199500 	 0.3820322 
200000 	 0.3661737 
200500 	 0.5151607 
201000 	 0.3205674 
201500 	 0.3450933 
202000 	 0.2913941 
202500 	 0.3264407 
203000 	 0.4242052 
203500 	 0.3816898 
204000 	 0.3652331 
204500 	 0.2998231 
205000 	 0.257879 
205500 	 0.3043146 
206000 	 0.402079 
206500 	 0.3193052 
207000 	 0.2950818 
207500 	 0.3766762 
208000 	 0.2695999 
208500 	 0.2958446 
209000 	 0.2693042 
209500 	 0.3276206 
210000 	 0.2594092 
210500 	 0.3235489 
211000 	 0.38592 
211500 	 0.2093244 
212000 	 0.2329028 
212500 	 0.3018329 
213000 	 0.287784 
213500 	 0.4339724 
214000 	 0.2368257 
214500 	 0.3698745 
215000 	 0.3579056 
215500 	 0.3306199 
216000 	 0.2202306 
216500 	 0.3658132 
217000 	 0.3085047 
217500 	 0.4117958 
218000 	 0.2889274 
218500 	 0.2654903 
219000 	 0.3635276 
219500 	 0.238291 
220000 	 0.4309884 
220500 	 0.3198863 
221000 	 0.3371303 
221500 	 0.2824919 
222000 	 0.2396534 
222500 	 0.2896321 
223000 	 0.2928914 
223500 	 0.2782334 
224000 	 0.4397044 
224500 	 0.2574566 
225000 	 0.2684226 
225500 	 0.4210187 
226000 	 0.3179156 
226500 	 0.281126 
227000 	 0.3058662 
227500 	 0.3438723 
228000 	 0.3277183 
228500 	 0.4357676 
229000 	 0.3712032 
229500 	 0.4711363 
230000 	 0.2590361 
230500 	 0.3850368 
231000 	 0.3242334 
231500 	 0.2103371 
232000 	 0.3713853 
232500 	 0.408476 
233000 	 0.3863838 
233500 	 0.3212049 
234000 	 0.1788178 
234500 	 0.3647983 
235000 	 0.3092933 
235500 	 0.3231619 
236000 	 0.3598498 
236500 	 0.2837306 
237000 	 0.4112059 
237500 	 0.280553 
238000 	 0.4327976 
238500 	 0.231387 
239000 	 0.3838713 
239500 	 0.3453355 
240000 	 0.3619777 
240500 	 0.3878837 
241000 	 0.3586391 
241500 	 0.2283251 
242000 	 0.3057634 
242500 	 0.3454285 
243000 	 0.2753813 
243500 	 0.3344354 
244000 	 0.2845607 
244500 	 0.3505989 
245000 	 0.2362296 
245500 	 0.3108527 
246000 	 0.3840937 
246500 	 0.3121201 
247000 	 0.3049147 
247500 	 0.2463851 
248000 	 0.4498582 
248500 	 0.2301853 
249000 	 0.3105614 
249500 	 0.3133269 
250000 	 0.3740192 
250500 	 0.2407038 
251000 	 0.3157667 
251500 	 0.3666692 
252000 	 0.3127538 
252500 	 0.3879465 
253000 	 0.38912 
253500 	 0.4056396 
254000 	 0.2957969 
254500 	 0.2283911 
255000 	 0.454382 
255500 	 0.3276624 
256000 	 0.4070999 
256500 	 0.4107073 
257000 	 0.217139 
257500 	 0.4828503 
258000 	 0.3143165 
258500 	 0.4174741 
259000 	 0.3987248 
259500 	 0.4191745 
260000 	 0.4026121 
260500 	 0.2873729 
261000 	 0.3195542 
261500 	 0.3703911 
262000 	 0.4526104 
262500 	 0.4141416 
263000 	 0.2596517 
263500 	 0.4334485 
264000 	 0.4082334 
264500 	 0.3169802 
265000 	 0.3987921 
265500 	 0.4149022 
266000 	 0.2369937 
266500 	 0.3794888 
267000 	 0.3340658 
267500 	 0.3844566 
268000 	 0.3134762 
268500 	 0.2720306 
269000 	 0.3101009 
269500 	 0.3983294 
270000 	 0.4419701 
270500 	 0.2904256 
271000 	 0.3117098 
271500 	 0.4069634 
272000 	 0.2398458 
272500 	 0.3391988 
273000 	 0.354674 
273500 	 0.4284103 
274000 	 0.3571198 
274500 	 0.4365156 
275000 	 0.2657829 
275500 	 0.40557 
276000 	 0.5026896 
276500 	 0.4307448 
277000 	 0.2380269 
277500 	 0.3720181 
278000 	 0.2739621 
278500 	 0.3386383 
279000 	 0.3590743 
279500 	 0.4316598 
280000 	 0.3520948 
280500 	 0.3901043 
281000 	 0.3307791 
281500 	 0.2258551 
282000 	 0.2095654 
282500 	 0.3082341 
283000 	 0.252832 
283500 	 0.4163104 
284000 	 0.3762004 
284500 	 0.3453775 
285000 	 0.3013293 
285500 	 0.4159807 
286000 	 0.346318 
286500 	 0.3496816 
287000 	 0.3217535 
287500 	 0.3637084 
288000 	 0.3197642 
288500 	 0.4339109 
289000 	 0.3902153 
289500 	 0.2676039 
290000 	 0.3155735 
290500 	 0.3819481 
291000 	 0.2818773 
291500 	 0.352228 
292000 	 0.3372228 
292500 	 0.3667249 
293000 	 0.2933917 
293500 	 0.4293054 
294000 	 0.2726135 
294500 	 0.3911724 
295000 	 0.426547 
295500 	 0.176624 
296000 	 0.3501833 
296500 	 0.3635734 
297000 	 0.2096752 
297500 	 0.389613 
298000 	 0.3065644 
298500 	 0.4080064 
299000 	 0.2894562 
299500 	 0.3387115 
300000 	 0.2623285 
300500 	 0.2313593 
301000 	 0.3603873 
301500 	 0.3649254 
302000 	 0.5253974 
302500 	 0.3466274 
303000 	 0.371301 
303500 	 0.3116571 
304000 	 0.3113312 
304500 	 0.3088165 
305000 	 0.3912845 
305500 	 0.3896409 
306000 	 0.4538009 
306500 	 0.4440769 
307000 	 0.448636 
307500 	 0.247505 
308000 	 0.2850121 
308500 	 0.2624965 
309000 	 0.2525138 
309500 	 0.4478107 
310000 	 0.3051025 
310500 	 0.1765055 
311000 	 0.1888916 
311500 	 0.1872229 
312000 	 0.2782543 
312500 	 0.4031277 
313000 	 0.4711293 
313500 	 0.3918854 
314000 	 0.2830664 
314500 	 0.366036 
315000 	 0.3573121 
315500 	 0.3891493 
316000 	 0.3313205 
316500 	 0.2828382 
317000 	 0.3734642 
317500 	 0.3680774 
318000 	 0.3084547 
318500 	 0.3779486 
319000 	 0.2299445 
319500 	 0.2689405 
320000 	 0.3505366 
320500 	 0.4273876 
321000 	 0.3473027 
321500 	 0.35094 
322000 	 0.3917079 
322500 	 0.5513926 
323000 	 0.1836807 
323500 	 0.3905686 
324000 	 0.4137978 
324500 	 0.3062803 
325000 	 0.4108323 
325500 	 0.2505684 
326000 	 0.3611218 
326500 	 0.3838668 
327000 	 0.4768519 
327500 	 0.2255207 
328000 	 0.3753377 
328500 	 0.3658844 
329000 	 0.3923485 
329500 	 0.2642499 
330000 	 0.4591571 
330500 	 0.3786709 
331000 	 0.3662712 
331500 	 0.2475282 
332000 	 0.335269 
332500 	 0.2969809 
333000 	 0.325939 
333500 	 0.2837983 
334000 	 0.4030487 
334500 	 0.3522244 
335000 	 0.3057993 
335500 	 0.2032984 
336000 	 0.3659216 
336500 	 0.2350288 
337000 	 0.4944117 
337500 	 0.354585 
338000 	 0.365879 
338500 	 0.2905302 
339000 	 0.3219631 
339500 	 0.3615717 
340000 	 0.3063637 
340500 	 0.3479354 
341000 	 0.3538976 
341500 	 0.3932975 
342000 	 0.2526467 
342500 	 0.408154 
343000 	 0.355207 
343500 	 0.3297261 
344000 	 0.3219179 
344500 	 0.4529167 
345000 	 0.4159009 
345500 	 0.4898178 
346000 	 0.2305169 
346500 	 0.3308036 
347000 	 0.3856665 
347500 	 0.2412339 
348000 	 0.3552827 
348500 	 0.3336088 
349000 	 0.4249009 
349500 	 0.2582792 
350000 	 0.1785135 
350500 	 0.2400236 
351000 	 0.422995 
351500 	 0.3022005 
352000 	 0.277444 
352500 	 0.3975439 
353000 	 0.4519806 
353500 	 0.3601833 
354000 	 0.2882421 
354500 	 0.2223606 
355000 	 0.4191554 
355500 	 0.3986809 
356000 	 0.2864575 
356500 	 0.4093371 
357000 	 0.2535506 
357500 	 0.2377291 
358000 	 0.3473734 
358500 	 0.3891042 
359000 	 0.4786243 
359500 	 0.35344 
360000 	 0.4043655 
360500 	 0.4085388 
361000 	 0.3105013 
361500 	 0.3675428 
362000 	 0.3399922 
362500 	 0.2596057 
363000 	 0.3242867 
363500 	 0.3340395 
364000 	 0.2862081 
364500 	 0.4972166 
365000 	 0.4093819 
365500 	 0.3369941 
366000 	 0.3177509 
366500 	 0.3444312 
367000 	 0.4033935 
367500 	 0.3574758 
368000 	 0.3601335 
368500 	 0.3167858 
369000 	 0.3699245 
369500 	 0.2714897 
370000 	 0.2816662 
370500 	 0.2894614 
371000 	 0.2766532 
371500 	 0.2723291 
372000 	 0.3880161 
372500 	 0.47906 
373000 	 0.4501435 
373500 	 0.2043883 
374000 	 0.3861054 
374500 	 0.2798259 
375000 	 0.3969278 
375500 	 0.3989929 
376000 	 0.2691359 
376500 	 0.3079719 
377000 	 0.3578303 
377500 	 0.3399905 
378000 	 0.3845396 
378500 	 0.3882635 
379000 	 0.4057278 
379500 	 0.3700304 
380000 	 0.2769959 
380500 	 0.3328859 
381000 	 0.2599517 
381500 	 0.45392 
382000 	 0.2367901 
382500 	 0.4045766 
383000 	 0.2997015 
383500 	 0.3925918 
384000 	 0.3823954 
384500 	 0.3010083 
385000 	 0.2722426 
385500 	 0.1987271 
386000 	 0.3951504 
386500 	 0.3783225 
387000 	 0.3570596 
387500 	 0.2988131 
388000 	 0.2986101 
388500 	 0.3223935 
389000 	 0.3897926 
389500 	 0.2760151 
390000 	 0.4235441 
390500 	 0.4042585 
391000 	 0.3779313 
391500 	 0.4056689 
392000 	 0.4236663 
392500 	 0.3310544 
393000 	 0.3176835 
393500 	 0.3061829 
394000 	 0.3700652 
394500 	 0.3097059 
395000 	 0.330594 
395500 	 0.2874155 
396000 	 0.4143343 
396500 	 0.2443761 
397000 	 0.356292 
397500 	 0.2854483 
398000 	 0.2666791 
398500 	 0.2200084 
399000 	 0.3672852 
399500 	 0.258533 
400000 	 0.3512303 
400500 	 0.2776639 
401000 	 0.2474204 
401500 	 0.2726455 
402000 	 0.3730416 
402500 	 0.3851869 
403000 	 0.2095233 
403500 	 0.301177 
404000 	 0.2972867 
404500 	 0.2544681 
405000 	 0.2546728 
405500 	 0.3502303 
406000 	 0.2558548 
406500 	 0.3729923 
407000 	 0.2912425 
407500 	 0.3303117 
408000 	 0.3666037 
408500 	 0.3139058 
409000 	 0.3442793 
409500 	 0.4443001 
410000 	 0.3099321 
410500 	 0.2270958 
411000 	 0.228196 
411500 	 0.3135376 
412000 	 0.3830024 
412500 	 0.3291363 
413000 	 0.4683251 
413500 	 0.2572374 
414000 	 0.3471113 
414500 	 0.3365817 
415000 	 0.3324115 
415500 	 0.2924731 
416000 	 0.2920437 
416500 	 0.3646299 
417000 	 0.3400825 
417500 	 0.4354104 
418000 	 0.3051387 
418500 	 0.2933888 
419000 	 0.1652871 
419500 	 0.2714017 
420000 	 0.3868053 
420500 	 0.3407532 
421000 	 0.2173931 
421500 	 0.264862 
422000 	 0.3968645 
422500 	 0.406633 
423000 	 0.3388476 
423500 	 0.472526 
424000 	 0.3615286 
424500 	 0.2768801 
425000 	 0.4215164 
425500 	 0.3177448 
426000 	 0.3387683 
426500 	 0.3471199 
427000 	 0.2870354 
427500 	 0.3675144 
428000 	 0.203835 
428500 	 0.254951 
429000 	 0.3309831 
429500 	 0.4492081 
430000 	 0.2817193 
430500 	 0.3054356 
431000 	 0.4076808 
431500 	 0.4463112 
432000 	 0.463079 
432500 	 0.4672653 
433000 	 0.3772456 
433500 	 0.3239931 
434000 	 0.3701943 
434500 	 0.1956416 
435000 	 0.3100481 
435500 	 0.2393733 
436000 	 0.3412065 
436500 	 0.4289106 
437000 	 0.4385496 
437500 	 0.2937121 
438000 	 0.325464 
438500 	 0.2995534 
439000 	 0.2987869 
439500 	 0.3570651 
440000 	 0.3902778 
440500 	 0.2623089 
441000 	 0.3158305 
441500 	 0.3346139 
442000 	 0.291066 
442500 	 0.3017195 
443000 	 0.3972812 
443500 	 0.4599052 
444000 	 0.2738285 
444500 	 0.3666986 
445000 	 0.3443056 
445500 	 0.371287 
446000 	 0.2933502 
446500 	 0.298712 
447000 	 0.2935609 
447500 	 0.2737719 
448000 	 0.4620115 
448500 	 0.3455626 
449000 	 0.3760309 
449500 	 0.4403135 
450000 	 0.3459365 
450500 	 0.3857291 
451000 	 0.3275126 
451500 	 0.4163981 
452000 	 0.2204095 
452500 	 0.382284 
453000 	 0.3327351 
453500 	 0.3533795 
454000 	 0.4403106 
454500 	 0.3053902 
455000 	 0.2461309 
455500 	 0.3277347 
456000 	 0.4200262 
456500 	 0.3513624 
457000 	 0.3107202 
457500 	 0.2910609 
458000 	 0.3286224 
458500 	 0.2703509 
459000 	 0.2076649 
459500 	 0.3143087 
460000 	 0.2601198 
460500 	 0.347216 
461000 	 0.3438248 
461500 	 0.4174725 
462000 	 0.3393881 
462500 	 0.2575879 
463000 	 0.382457 
463500 	 0.2809042 
464000 	 0.2980691 
464500 	 0.3083982 
465000 	 0.3533071 
465500 	 0.4454695 
466000 	 0.2648563 
466500 	 0.2055797 
467000 	 0.3750094 
467500 	 0.2838579 
468000 	 0.2437188 
468500 	 0.4893005 
469000 	 0.3645969 
469500 	 0.4054175 
470000 	 0.4000241 
470500 	 0.4018084 
471000 	 0.3506214 
471500 	 0.2728011 
472000 	 0.3889645 
472500 	 0.3378167 
473000 	 0.2844386 
473500 	 0.4570697 
474000 	 0.3559473 
474500 	 0.3456896 
475000 	 0.2986517 
475500 	 0.2952122 
476000 	 0.3656032 
476500 	 0.2955721 
477000 	 0.3801805 
477500 	 0.4145472 
478000 	 0.3104096 
478500 	 0.3612993 
479000 	 0.3393148 
479500 	 0.4345923 
480000 	 0.2434479 
480500 	 0.2743086 
481000 	 0.3368606 
481500 	 0.3583652 
482000 	 0.3241458 
482500 	 0.2699941 
483000 	 0.2843816 
483500 	 0.2523508 
484000 	 0.2694311 
484500 	 0.4254436 
485000 	 0.3898454 
485500 	 0.2853125 
486000 	 0.3240219 
486500 	 0.2297412 
487000 	 0.3137629 
487500 	 0.3025689 
488000 	 0.2410119 
488500 	 0.4676361 
489000 	 0.2940969 
489500 	 0.3666702 
490000 	 0.2495133 
490500 	 0.3829238 
491000 	 0.2517464 
491500 	 0.2916938 
492000 	 0.3718325 
492500 	 0.3112833 
493000 	 0.3014575 
493500 	 0.2387674 
494000 	 0.3928325 
494500 	 0.3227784 
495000 	 0.2588625 
495500 	 0.3631467 
496000 	 0.3589946 
496500 	 0.2740662 
497000 	 0.3805664 
497500 	 0.3720182 
498000 	 0.2962232 
498500 	 0.4751515 
499000 	 0.4056984 
499500 	 0.239512 
500000 	 0.4031206 
