iter 	 p
500 	 0.8232712 
1000 	 0.7015741 
1500 	 0.7375053 
2000 	 0.831223 
2500 	 0.840245 
3000 	 0.8881674 
3500 	 0.7401581 
4000 	 0.8004494 
4500 	 0.7181035 
5000 	 0.7340316 
5500 	 0.7927585 
6000 	 0.8347316 
6500 	 0.8021769 
7000 	 0.7651627 
7500 	 0.7690333 
8000 	 0.7731729 
8500 	 0.7928974 
9000 	 0.7303674 
9500 	 0.8052372 
10000 	 0.7475847 
10500 	 0.7979761 
11000 	 0.7946566 
11500 	 0.7762991 
12000 	 0.7983223 
12500 	 0.7581441 
13000 	 0.7911564 
13500 	 0.810206 
14000 	 0.7919416 
14500 	 0.8221581 
15000 	 0.7487678 
15500 	 0.810793 
16000 	 0.8190888 
16500 	 0.8003556 
17000 	 0.7244013 
17500 	 0.8077854 
18000 	 0.7850033 
18500 	 0.7621435 
19000 	 0.7578663 
19500 	 0.8128839 
20000 	 0.8331483 
20500 	 0.7705581 
21000 	 0.7860138 
21500 	 0.72068 
22000 	 0.743191 
22500 	 0.7276242 
23000 	 0.8325494 
23500 	 0.7075055 
24000 	 0.7886701 
24500 	 0.7627172 
25000 	 0.8452056 
25500 	 0.8208986 
26000 	 0.7125121 
26500 	 0.8067475 
27000 	 0.7974407 
27500 	 0.7848022 
28000 	 0.7376306 
28500 	 0.7916415 
29000 	 0.8186277 
29500 	 0.7561287 
30000 	 0.7842393 
30500 	 0.7639781 
31000 	 0.7396911 
31500 	 0.7449512 
32000 	 0.762636 
32500 	 0.7917791 
33000 	 0.8099513 
33500 	 0.7730422 
34000 	 0.7753643 
34500 	 0.7480881 
35000 	 0.7331043 
35500 	 0.7429129 
36000 	 0.8174993 
36500 	 0.8333486 
37000 	 0.8289531 
37500 	 0.8340136 
38000 	 0.7944157 
38500 	 0.8247032 
39000 	 0.7902749 
39500 	 0.7368773 
40000 	 0.8461973 
40500 	 0.7795924 
41000 	 0.8025679 
41500 	 0.781361 
42000 	 0.7529646 
42500 	 0.7282934 
43000 	 0.7921348 
43500 	 0.8037007 
44000 	 0.8259606 
44500 	 0.7966025 
45000 	 0.7321152 
45500 	 0.7142302 
46000 	 0.8313012 
46500 	 0.8019453 
47000 	 0.8015347 
47500 	 0.7328849 
48000 	 0.7597816 
48500 	 0.7400178 
49000 	 0.7657827 
49500 	 0.7633715 
50000 	 0.811874 
50500 	 0.7890864 
51000 	 0.8551166 
51500 	 0.823676 
52000 	 0.7847792 
52500 	 0.7842091 
53000 	 0.711453 
53500 	 0.7571892 
54000 	 0.7016982 
54500 	 0.8195094 
55000 	 0.7372848 
55500 	 0.8193463 
56000 	 0.8204413 
56500 	 0.7718162 
57000 	 0.8652243 
57500 	 0.7304703 
58000 	 0.7912908 
58500 	 0.8413665 
59000 	 0.8334071 
59500 	 0.7610563 
60000 	 0.7455152 
60500 	 0.7270503 
61000 	 0.7558401 
61500 	 0.8282575 
62000 	 0.7638907 
62500 	 0.6924396 
63000 	 0.7392226 
63500 	 0.7876392 
64000 	 0.8047861 
64500 	 0.8018316 
65000 	 0.7592998 
65500 	 0.7887654 
66000 	 0.7986812 
66500 	 0.7993595 
67000 	 0.8273572 
67500 	 0.8102143 
68000 	 0.8371726 
68500 	 0.7702647 
69000 	 0.857243 
69500 	 0.7390308 
70000 	 0.8486751 
70500 	 0.729796 
71000 	 0.757244 
71500 	 0.7838379 
72000 	 0.8028716 
72500 	 0.7956449 
73000 	 0.7472702 
73500 	 0.8109107 
74000 	 0.799484 
74500 	 0.7683104 
75000 	 0.8537462 
75500 	 0.7185864 
76000 	 0.7310777 
76500 	 0.7835184 
77000 	 0.7897663 
77500 	 0.7545403 
78000 	 0.8286102 
78500 	 0.7436089 
79000 	 0.746312 
79500 	 0.7273284 
80000 	 0.8398215 
80500 	 0.8507275 
81000 	 0.7682313 
81500 	 0.8003136 
82000 	 0.697041 
82500 	 0.8087352 
83000 	 0.806649 
83500 	 0.8456089 
84000 	 0.669049 
84500 	 0.7478095 
85000 	 0.7627787 
85500 	 0.7991357 
86000 	 0.788687 
86500 	 0.7719843 
87000 	 0.771552 
87500 	 0.8470434 
88000 	 0.8061448 
88500 	 0.7255051 
89000 	 0.8130034 
89500 	 0.811327 
90000 	 0.7522779 
90500 	 0.6973002 
91000 	 0.8336889 
91500 	 0.8060354 
92000 	 0.828015 
92500 	 0.7851279 
93000 	 0.8110311 
93500 	 0.7821128 
94000 	 0.7704492 
94500 	 0.8001828 
95000 	 0.8138212 
95500 	 0.6805425 
96000 	 0.7054912 
96500 	 0.8133668 
97000 	 0.792095 
97500 	 0.8129242 
98000 	 0.8237861 
98500 	 0.816356 
99000 	 0.8092398 
99500 	 0.7137881 
100000 	 0.8194524 
100500 	 0.8232068 
101000 	 0.7966642 
101500 	 0.7995501 
102000 	 0.7596961 
102500 	 0.7932838 
103000 	 0.6763845 
103500 	 0.7782571 
104000 	 0.7361288 
104500 	 0.8147928 
105000 	 0.7738177 
105500 	 0.7533098 
106000 	 0.7579887 
106500 	 0.8247922 
107000 	 0.7975249 
107500 	 0.7862073 
108000 	 0.7973034 
108500 	 0.6939957 
109000 	 0.7626489 
109500 	 0.7557965 
110000 	 0.7853353 
110500 	 0.8178583 
111000 	 0.7621052 
111500 	 0.75736 
112000 	 0.8032782 
112500 	 0.7240401 
113000 	 0.7922632 
113500 	 0.7777653 
114000 	 0.8594319 
114500 	 0.8111979 
115000 	 0.7361155 
115500 	 0.6572802 
116000 	 0.8608268 
116500 	 0.7530977 
117000 	 0.8394875 
117500 	 0.8901672 
118000 	 0.7642167 
118500 	 0.7985408 
119000 	 0.787885 
119500 	 0.8242015 
120000 	 0.7808387 
120500 	 0.7901428 
121000 	 0.7410978 
121500 	 0.7994387 
122000 	 0.7545884 
122500 	 0.760328 
123000 	 0.7903599 
123500 	 0.7966567 
124000 	 0.7423031 
124500 	 0.7963457 
125000 	 0.837745 
125500 	 0.7882629 
126000 	 0.8048123 
126500 	 0.7233734 
127000 	 0.6966934 
127500 	 0.7158762 
128000 	 0.8236984 
128500 	 0.7521049 
129000 	 0.7870214 
129500 	 0.780718 
130000 	 0.7256307 
130500 	 0.8114706 
131000 	 0.7588528 
131500 	 0.6843192 
132000 	 0.7428249 
132500 	 0.7923375 
133000 	 0.7877426 
133500 	 0.7553961 
134000 	 0.7347602 
134500 	 0.8346213 
135000 	 0.7827265 
135500 	 0.7624015 
136000 	 0.8185219 
136500 	 0.8017955 
137000 	 0.7307933 
137500 	 0.7847503 
138000 	 0.7305239 
138500 	 0.7858175 
139000 	 0.7316875 
139500 	 0.8634229 
140000 	 0.7661054 
140500 	 0.727229 
141000 	 0.7356485 
141500 	 0.7989195 
142000 	 0.8074421 
142500 	 0.7522235 
143000 	 0.8100896 
143500 	 0.802409 
144000 	 0.7985764 
144500 	 0.807506 
145000 	 0.7142647 
145500 	 0.745195 
146000 	 0.7776115 
146500 	 0.7969898 
147000 	 0.8206776 
147500 	 0.7680447 
148000 	 0.7908177 
148500 	 0.7835591 
149000 	 0.8241853 
149500 	 0.8197101 
150000 	 0.8117991 
150500 	 0.8546596 
151000 	 0.9169094 
151500 	 0.7960065 
152000 	 0.8638789 
152500 	 0.8077175 
153000 	 0.835166 
153500 	 0.6843564 
154000 	 0.8682139 
154500 	 0.7698329 
155000 	 0.7786465 
155500 	 0.8220281 
156000 	 0.7678908 
156500 	 0.7532867 
157000 	 0.8312125 
157500 	 0.7166117 
158000 	 0.7663354 
158500 	 0.8090788 
159000 	 0.7682757 
159500 	 0.8382939 
160000 	 0.8791384 
160500 	 0.7052978 
161000 	 0.7904001 
161500 	 0.7885434 
162000 	 0.8069232 
162500 	 0.7902875 
163000 	 0.8609112 
163500 	 0.7553333 
164000 	 0.6998361 
164500 	 0.8356198 
165000 	 0.8009903 
165500 	 0.7159529 
166000 	 0.8204052 
166500 	 0.802104 
167000 	 0.7437755 
167500 	 0.7842048 
168000 	 0.8058803 
168500 	 0.8237659 
169000 	 0.8588925 
169500 	 0.7925392 
170000 	 0.7395949 
170500 	 0.8349735 
171000 	 0.7638449 
171500 	 0.8039548 
172000 	 0.7959511 
172500 	 0.830277 
173000 	 0.7825724 
173500 	 0.7243767 
174000 	 0.7845758 
174500 	 0.7124008 
175000 	 0.7387677 
175500 	 0.7629364 
176000 	 0.7848088 
176500 	 0.7064461 
177000 	 0.7504775 
177500 	 0.7692973 
178000 	 0.7478054 
178500 	 0.7832176 
179000 	 0.797397 
179500 	 0.8358774 
180000 	 0.7913261 
180500 	 0.7823425 
181000 	 0.7281729 
181500 	 0.7569111 
182000 	 0.7688837 
182500 	 0.8192525 
183000 	 0.7711334 
183500 	 0.7341936 
184000 	 0.8439402 
184500 	 0.8129873 
185000 	 0.8160642 
185500 	 0.8008043 
186000 	 0.7964725 
186500 	 0.7897992 
187000 	 0.6888356 
187500 	 0.7453663 
188000 	 0.8147841 
188500 	 0.7989856 
189000 	 0.7386645 
189500 	 0.8154817 
190000 	 0.7834939 
190500 	 0.809954 
191000 	 0.7073441 
191500 	 0.7921354 
192000 	 0.7669585 
192500 	 0.8288658 
193000 	 0.7694079 
193500 	 0.7705365 
194000 	 0.7962651 
194500 	 0.7861785 
195000 	 0.76404 
195500 	 0.7946815 
196000 	 0.824062 
196500 	 0.810242 
197000 	 0.8373975 
197500 	 0.7756147 
198000 	 0.7891119 
198500 	 0.7527085 
199000 	 0.7782937 
199500 	 0.7759726 
200000 	 0.7872661 
200500 	 0.7410914 
201000 	 0.7939916 
201500 	 0.7248642 
202000 	 0.7740023 
202500 	 0.765718 
203000 	 0.7607317 
203500 	 0.7827499 
204000 	 0.7446123 
204500 	 0.7906542 
205000 	 0.7850522 
205500 	 0.777254 
206000 	 0.7533831 
206500 	 0.834363 
207000 	 0.7856636 
207500 	 0.7595369 
208000 	 0.82784 
208500 	 0.8203516 
209000 	 0.8358983 
209500 	 0.8058183 
210000 	 0.7854932 
210500 	 0.8006797 
211000 	 0.77037 
211500 	 0.7659391 
212000 	 0.7885384 
212500 	 0.8481199 
213000 	 0.7256116 
213500 	 0.7415159 
214000 	 0.7995286 
214500 	 0.7481927 
215000 	 0.7768984 
215500 	 0.759837 
216000 	 0.8032918 
216500 	 0.7680478 
217000 	 0.8376021 
217500 	 0.7577735 
218000 	 0.7836702 
218500 	 0.7699123 
219000 	 0.7501298 
219500 	 0.7226349 
220000 	 0.8174799 
220500 	 0.8108463 
221000 	 0.8131434 
221500 	 0.7498779 
222000 	 0.7632269 
222500 	 0.7808801 
223000 	 0.8326927 
223500 	 0.6657924 
224000 	 0.7610179 
224500 	 0.8265383 
225000 	 0.6827606 
225500 	 0.7185753 
226000 	 0.8052078 
226500 	 0.811908 
227000 	 0.7675616 
227500 	 0.7928609 
228000 	 0.7734688 
228500 	 0.7780742 
229000 	 0.7370748 
229500 	 0.7943723 
230000 	 0.8039906 
230500 	 0.7354996 
231000 	 0.7656323 
231500 	 0.7790784 
232000 	 0.7258262 
232500 	 0.8151581 
233000 	 0.8352565 
233500 	 0.8151807 
234000 	 0.7360372 
234500 	 0.7811317 
235000 	 0.7737632 
235500 	 0.7704445 
236000 	 0.7728873 
236500 	 0.8020492 
237000 	 0.7862581 
237500 	 0.7740451 
238000 	 0.7863285 
238500 	 0.7235048 
239000 	 0.7752359 
239500 	 0.7984859 
240000 	 0.7573275 
240500 	 0.7274347 
241000 	 0.7542604 
241500 	 0.817987 
242000 	 0.7625584 
242500 	 0.8061885 
243000 	 0.8619815 
243500 	 0.7580973 
244000 	 0.7969276 
244500 	 0.745373 
245000 	 0.7832009 
245500 	 0.7389374 
246000 	 0.7458479 
246500 	 0.844361 
247000 	 0.7487396 
247500 	 0.8332007 
248000 	 0.7393947 
248500 	 0.8406743 
249000 	 0.823978 
249500 	 0.7698108 
250000 	 0.7368852 
250500 	 0.676478 
251000 	 0.8164738 
251500 	 0.7057023 
252000 	 0.8657271 
252500 	 0.7117651 
253000 	 0.7383925 
253500 	 0.8457009 
254000 	 0.7533704 
254500 	 0.7740752 
255000 	 0.8065727 
255500 	 0.7517991 
256000 	 0.8212329 
256500 	 0.7426812 
257000 	 0.8002543 
257500 	 0.788996 
258000 	 0.7650193 
258500 	 0.754494 
259000 	 0.8264245 
259500 	 0.7922972 
260000 	 0.8073173 
260500 	 0.7340545 
261000 	 0.7666764 
261500 	 0.7558523 
262000 	 0.7835968 
262500 	 0.7909993 
263000 	 0.7739678 
263500 	 0.8310832 
264000 	 0.7919029 
264500 	 0.801348 
265000 	 0.7202106 
265500 	 0.7336896 
266000 	 0.8396042 
266500 	 0.7902 
267000 	 0.7128043 
267500 	 0.7632878 
268000 	 0.7604306 
268500 	 0.7879125 
269000 	 0.8380815 
269500 	 0.8098322 
270000 	 0.7918055 
270500 	 0.7523667 
271000 	 0.79955 
271500 	 0.7846501 
272000 	 0.8016138 
272500 	 0.7668606 
273000 	 0.7796307 
273500 	 0.7193019 
274000 	 0.7636076 
274500 	 0.7626925 
275000 	 0.7183577 
275500 	 0.817545 
276000 	 0.7314266 
276500 	 0.8268394 
277000 	 0.8183745 
277500 	 0.8053824 
278000 	 0.8030073 
278500 	 0.7316771 
279000 	 0.7348739 
279500 	 0.7673657 
280000 	 0.8240664 
280500 	 0.7567113 
281000 	 0.8135736 
281500 	 0.8155196 
282000 	 0.7417647 
282500 	 0.7347387 
283000 	 0.8146691 
283500 	 0.7839818 
284000 	 0.7421671 
284500 	 0.8188337 
285000 	 0.8387875 
285500 	 0.7369139 
286000 	 0.7519055 
286500 	 0.7346664 
287000 	 0.7752608 
287500 	 0.8066132 
288000 	 0.7751409 
288500 	 0.8060105 
289000 	 0.8435105 
289500 	 0.7079949 
290000 	 0.7905285 
290500 	 0.7163847 
291000 	 0.8380093 
291500 	 0.7259428 
292000 	 0.8251173 
292500 	 0.7021748 
293000 	 0.8491943 
293500 	 0.710912 
294000 	 0.7580134 
294500 	 0.8075446 
295000 	 0.7917292 
295500 	 0.7567453 
296000 	 0.783898 
296500 	 0.6976408 
297000 	 0.8043962 
297500 	 0.8065551 
298000 	 0.7851456 
298500 	 0.7701474 
299000 	 0.8081067 
299500 	 0.7776691 
300000 	 0.7954214 
300500 	 0.8049027 
301000 	 0.8425256 
301500 	 0.8031234 
302000 	 0.7022623 
302500 	 0.7481445 
303000 	 0.7761349 
303500 	 0.8675037 
304000 	 0.7800399 
304500 	 0.6965362 
305000 	 0.8181771 
305500 	 0.8325867 
306000 	 0.7700063 
306500 	 0.7496008 
307000 	 0.8074658 
307500 	 0.7631131 
308000 	 0.7861748 
308500 	 0.8705352 
309000 	 0.8296161 
309500 	 0.7781021 
310000 	 0.8170683 
310500 	 0.7520715 
311000 	 0.6947873 
311500 	 0.6971651 
312000 	 0.7258146 
312500 	 0.7655153 
313000 	 0.7394765 
313500 	 0.8513843 
314000 	 0.8008648 
314500 	 0.7712079 
315000 	 0.810365 
315500 	 0.7937505 
316000 	 0.8810703 
316500 	 0.8437478 
317000 	 0.7371079 
317500 	 0.7771786 
318000 	 0.7419913 
318500 	 0.7713846 
319000 	 0.7830285 
319500 	 0.8846841 
320000 	 0.8236611 
320500 	 0.8006199 
321000 	 0.7121917 
321500 	 0.7798162 
322000 	 0.7972742 
322500 	 0.7959624 
323000 	 0.7436966 
323500 	 0.7616495 
324000 	 0.8495265 
324500 	 0.7375781 
325000 	 0.8223151 
325500 	 0.7282985 
326000 	 0.7898347 
326500 	 0.8062809 
327000 	 0.8646596 
327500 	 0.7763196 
328000 	 0.8020115 
328500 	 0.8180756 
329000 	 0.8050426 
329500 	 0.8306 
330000 	 0.8276895 
330500 	 0.7765488 
331000 	 0.7922837 
331500 	 0.7857372 
332000 	 0.7969598 
332500 	 0.840414 
333000 	 0.7449948 
333500 	 0.7817934 
334000 	 0.781313 
334500 	 0.7603098 
335000 	 0.7690488 
335500 	 0.7639395 
336000 	 0.8366815 
336500 	 0.7842143 
337000 	 0.7664556 
337500 	 0.7735177 
338000 	 0.719929 
338500 	 0.778739 
339000 	 0.799172 
339500 	 0.7746195 
340000 	 0.7982607 
340500 	 0.7638037 
341000 	 0.7324433 
341500 	 0.8447621 
342000 	 0.8225655 
342500 	 0.8392135 
343000 	 0.7718673 
343500 	 0.8097681 
344000 	 0.7482041 
344500 	 0.7387782 
345000 	 0.7973817 
345500 	 0.7424739 
346000 	 0.7748648 
346500 	 0.7389887 
347000 	 0.7773933 
347500 	 0.6713453 
348000 	 0.7805705 
348500 	 0.8167667 
349000 	 0.7986424 
349500 	 0.8201456 
350000 	 0.7432505 
350500 	 0.8489982 
351000 	 0.7929018 
351500 	 0.7864904 
352000 	 0.7843993 
352500 	 0.7182527 
353000 	 0.8036046 
353500 	 0.8231327 
354000 	 0.7942352 
354500 	 0.7670319 
355000 	 0.7446942 
355500 	 0.7202066 
356000 	 0.7681856 
356500 	 0.8256887 
357000 	 0.8006765 
357500 	 0.8283754 
358000 	 0.8429924 
358500 	 0.7549713 
359000 	 0.7357498 
359500 	 0.7259738 
360000 	 0.7852642 
360500 	 0.7726698 
361000 	 0.7462773 
361500 	 0.8197174 
362000 	 0.8380994 
362500 	 0.7413779 
363000 	 0.789904 
363500 	 0.7373392 
364000 	 0.7620994 
364500 	 0.7720304 
365000 	 0.8067914 
365500 	 0.7615417 
366000 	 0.7819589 
366500 	 0.717777 
367000 	 0.7932848 
367500 	 0.8496821 
368000 	 0.8086415 
368500 	 0.773657 
369000 	 0.7832804 
369500 	 0.7726362 
370000 	 0.7902736 
370500 	 0.8505174 
371000 	 0.8351288 
371500 	 0.828241 
372000 	 0.7730245 
372500 	 0.7755873 
373000 	 0.8352102 
373500 	 0.7801207 
374000 	 0.771621 
374500 	 0.8631908 
375000 	 0.7873974 
375500 	 0.7981107 
376000 	 0.7326862 
376500 	 0.7750799 
377000 	 0.7391476 
377500 	 0.7334341 
378000 	 0.7407322 
378500 	 0.808693 
379000 	 0.7498385 
379500 	 0.7748646 
380000 	 0.7774402 
380500 	 0.7809518 
381000 	 0.7711238 
381500 	 0.845263 
382000 	 0.8001913 
382500 	 0.8054407 
383000 	 0.8020299 
383500 	 0.744954 
384000 	 0.7979502 
384500 	 0.8047858 
385000 	 0.7564925 
385500 	 0.8091315 
386000 	 0.723513 
386500 	 0.7681378 
387000 	 0.7678099 
387500 	 0.7832699 
388000 	 0.8177386 
388500 	 0.8543106 
389000 	 0.7590683 
389500 	 0.7742107 
390000 	 0.7711183 
390500 	 0.8519657 
391000 	 0.7363809 
391500 	 0.7246998 
392000 	 0.8447405 
392500 	 0.8049854 
393000 	 0.8007457 
393500 	 0.8030615 
394000 	 0.8387398 
394500 	 0.7127794 
395000 	 0.7839124 
395500 	 0.8379115 
396000 	 0.8277965 
396500 	 0.8232353 
397000 	 0.7731212 
397500 	 0.7868717 
398000 	 0.7519367 
398500 	 0.7872211 
399000 	 0.8109687 
399500 	 0.770143 
400000 	 0.7861196 
400500 	 0.7793217 
401000 	 0.7980681 
401500 	 0.7802593 
402000 	 0.7851344 
402500 	 0.7851608 
403000 	 0.7853853 
403500 	 0.8358015 
404000 	 0.8181552 
404500 	 0.7963688 
405000 	 0.7715747 
405500 	 0.7821309 
406000 	 0.8130189 
406500 	 0.7205684 
407000 	 0.816891 
407500 	 0.7869696 
408000 	 0.7860729 
408500 	 0.7920441 
409000 	 0.7345322 
409500 	 0.7950975 
410000 	 0.7782735 
410500 	 0.7890995 
411000 	 0.7968315 
411500 	 0.7643542 
412000 	 0.8085632 
412500 	 0.783692 
413000 	 0.7049615 
413500 	 0.7926096 
414000 	 0.7593975 
414500 	 0.7277222 
415000 	 0.7551811 
415500 	 0.8308309 
416000 	 0.7142485 
416500 	 0.8025087 
417000 	 0.7401558 
417500 	 0.7888016 
418000 	 0.7108715 
418500 	 0.7931715 
419000 	 0.8019458 
419500 	 0.7431588 
420000 	 0.7558019 
420500 	 0.8241853 
421000 	 0.7374737 
421500 	 0.796455 
422000 	 0.7752487 
422500 	 0.7670452 
423000 	 0.8113752 
423500 	 0.8266592 
424000 	 0.8071482 
424500 	 0.7687324 
425000 	 0.7151448 
425500 	 0.7321471 
426000 	 0.7544808 
426500 	 0.788981 
427000 	 0.7404766 
427500 	 0.838345 
428000 	 0.7394845 
428500 	 0.7967742 
429000 	 0.7436056 
429500 	 0.759598 
430000 	 0.8014529 
430500 	 0.7867428 
431000 	 0.7938263 
431500 	 0.7507861 
432000 	 0.8496187 
432500 	 0.7782505 
433000 	 0.7941445 
433500 	 0.7481269 
434000 	 0.8040257 
434500 	 0.7925682 
435000 	 0.7742998 
435500 	 0.7756646 
436000 	 0.796231 
436500 	 0.819357 
437000 	 0.8552583 
437500 	 0.846664 
438000 	 0.7019294 
438500 	 0.810964 
439000 	 0.7951937 
439500 	 0.7815929 
440000 	 0.8315598 
440500 	 0.7204157 
441000 	 0.8059664 
441500 	 0.7532869 
442000 	 0.7156318 
442500 	 0.7311634 
443000 	 0.7798138 
443500 	 0.7269936 
444000 	 0.7385001 
444500 	 0.7926902 
445000 	 0.7593432 
445500 	 0.8040538 
446000 	 0.8304825 
446500 	 0.8084955 
447000 	 0.7557663 
447500 	 0.7427049 
448000 	 0.642672 
448500 	 0.760765 
449000 	 0.837898 
449500 	 0.7333344 
450000 	 0.7471863 
450500 	 0.7832809 
451000 	 0.836515 
451500 	 0.7602293 
452000 	 0.8049914 
452500 	 0.8143255 
453000 	 0.7593865 
453500 	 0.7814899 
454000 	 0.8067651 
454500 	 0.7677453 
455000 	 0.8244434 
455500 	 0.8235608 
456000 	 0.7591425 
456500 	 0.8083262 
457000 	 0.7977873 
457500 	 0.8080192 
458000 	 0.8292829 
458500 	 0.7216778 
459000 	 0.8097558 
459500 	 0.798616 
460000 	 0.823281 
460500 	 0.773485 
461000 	 0.712754 
461500 	 0.819068 
462000 	 0.8039725 
462500 	 0.8687495 
463000 	 0.7949674 
463500 	 0.7829525 
464000 	 0.7057659 
464500 	 0.7777084 
465000 	 0.7798179 
465500 	 0.7850862 
466000 	 0.7868466 
466500 	 0.7787654 
467000 	 0.7701777 
467500 	 0.7821653 
468000 	 0.7875421 
468500 	 0.7928993 
469000 	 0.7471364 
469500 	 0.8069533 
470000 	 0.7988592 
470500 	 0.8096921 
471000 	 0.7878876 
471500 	 0.7041298 
472000 	 0.7286582 
472500 	 0.7981498 
473000 	 0.7852502 
473500 	 0.8219813 
474000 	 0.696094 
474500 	 0.8186589 
475000 	 0.8231765 
475500 	 0.7756933 
476000 	 0.7724746 
476500 	 0.8069851 
477000 	 0.7188018 
477500 	 0.80952 
478000 	 0.783613 
478500 	 0.7620526 
479000 	 0.7438309 
479500 	 0.7938994 
480000 	 0.7776694 
480500 	 0.783474 
481000 	 0.7707022 
481500 	 0.7266824 
482000 	 0.8253968 
482500 	 0.7831742 
483000 	 0.7526594 
483500 	 0.8173302 
484000 	 0.7206867 
484500 	 0.7041863 
485000 	 0.8068167 
485500 	 0.7908625 
486000 	 0.7446345 
486500 	 0.7832961 
487000 	 0.8007604 
487500 	 0.7511202 
488000 	 0.74833 
488500 	 0.7643522 
489000 	 0.8186637 
489500 	 0.7588246 
490000 	 0.8365621 
490500 	 0.7667149 
491000 	 0.730941 
491500 	 0.6827779 
492000 	 0.7728611 
492500 	 0.8072655 
493000 	 0.8304276 
493500 	 0.7905162 
494000 	 0.6995001 
494500 	 0.6826791 
495000 	 0.8082462 
495500 	 0.7571021 
496000 	 0.7471275 
496500 	 0.7884917 
497000 	 0.7650307 
497500 	 0.7647248 
498000 	 0.8398884 
498500 	 0.7894743 
499000 	 0.8370803 
499500 	 0.8093905 
500000 	 0.7732523 
