iter 	 p
500 	 0.7323554 
1000 	 0.78654 
1500 	 0.7959137 
2000 	 0.7856013 
2500 	 0.7038955 
3000 	 0.7726836 
3500 	 0.7668557 
4000 	 0.7189876 
4500 	 0.8315183 
5000 	 0.7752743 
5500 	 0.7206255 
6000 	 0.6860177 
6500 	 0.7700511 
7000 	 0.6360579 
7500 	 0.7948274 
8000 	 0.684591 
8500 	 0.6393436 
9000 	 0.7901872 
9500 	 0.7294105 
10000 	 0.7394139 
10500 	 0.8464959 
11000 	 0.7166622 
11500 	 0.7914273 
12000 	 0.7560717 
12500 	 0.7926494 
13000 	 0.7197407 
13500 	 0.7389831 
14000 	 0.7176516 
14500 	 0.7784339 
15000 	 0.6847823 
15500 	 0.7287857 
16000 	 0.7144599 
16500 	 0.7724875 
17000 	 0.7487815 
17500 	 0.6530399 
18000 	 0.7122725 
18500 	 0.7755846 
19000 	 0.6992628 
19500 	 0.796074 
20000 	 0.7199018 
20500 	 0.7949837 
21000 	 0.7521075 
21500 	 0.7357807 
22000 	 0.744643 
22500 	 0.7436506 
23000 	 0.7925164 
23500 	 0.7847149 
24000 	 0.8086616 
24500 	 0.7763651 
25000 	 0.7192562 
25500 	 0.7054942 
26000 	 0.8230691 
26500 	 0.6580783 
27000 	 0.7291777 
27500 	 0.7666245 
28000 	 0.7224926 
28500 	 0.7916868 
29000 	 0.7204728 
29500 	 0.7315871 
30000 	 0.7917923 
30500 	 0.7462156 
31000 	 0.7995203 
31500 	 0.646713 
32000 	 0.6874942 
32500 	 0.6843028 
33000 	 0.8092891 
33500 	 0.7359971 
34000 	 0.747884 
34500 	 0.828006 
35000 	 0.803597 
35500 	 0.8198686 
36000 	 0.7368903 
36500 	 0.722511 
37000 	 0.6852147 
37500 	 0.7940945 
38000 	 0.7740663 
38500 	 0.7172224 
39000 	 0.6800323 
39500 	 0.783584 
40000 	 0.8126823 
40500 	 0.6699215 
41000 	 0.7155734 
41500 	 0.794311 
42000 	 0.7368664 
42500 	 0.6991302 
43000 	 0.791059 
43500 	 0.7608596 
44000 	 0.7567896 
44500 	 0.7244572 
45000 	 0.7363229 
45500 	 0.7577264 
46000 	 0.7517204 
46500 	 0.8312443 
47000 	 0.7423655 
47500 	 0.6934277 
48000 	 0.800468 
48500 	 0.7404382 
49000 	 0.80261 
49500 	 0.7783081 
50000 	 0.7568562 
50500 	 0.628674 
51000 	 0.795573 
51500 	 0.724061 
52000 	 0.8074953 
52500 	 0.8147179 
53000 	 0.8106391 
53500 	 0.8118865 
54000 	 0.7551876 
54500 	 0.6841472 
55000 	 0.7457199 
55500 	 0.7376432 
56000 	 0.7315755 
56500 	 0.7648801 
57000 	 0.7153946 
57500 	 0.7596929 
58000 	 0.7968938 
58500 	 0.760684 
59000 	 0.7768546 
59500 	 0.7735638 
60000 	 0.7034798 
60500 	 0.7641846 
61000 	 0.711313 
61500 	 0.807114 
62000 	 0.6971752 
62500 	 0.8010624 
63000 	 0.7259365 
63500 	 0.7599798 
64000 	 0.7116894 
64500 	 0.7916396 
65000 	 0.743548 
65500 	 0.7137419 
66000 	 0.7336219 
66500 	 0.7649335 
67000 	 0.7073853 
67500 	 0.7934026 
68000 	 0.7400724 
68500 	 0.7610164 
69000 	 0.7192776 
69500 	 0.6691505 
70000 	 0.7746113 
70500 	 0.7420912 
71000 	 0.7713688 
71500 	 0.7500864 
72000 	 0.7773549 
72500 	 0.6953601 
73000 	 0.7055932 
73500 	 0.7400707 
74000 	 0.6946897 
74500 	 0.7567528 
75000 	 0.7906047 
75500 	 0.7303869 
76000 	 0.733247 
76500 	 0.7089798 
77000 	 0.6946796 
77500 	 0.7644856 
78000 	 0.7605363 
78500 	 0.781915 
79000 	 0.8135985 
79500 	 0.7425371 
80000 	 0.7758666 
80500 	 0.7555567 
81000 	 0.719318 
81500 	 0.7592448 
82000 	 0.8203076 
82500 	 0.7518363 
83000 	 0.74757 
83500 	 0.8023212 
84000 	 0.7592512 
84500 	 0.8140784 
85000 	 0.7285559 
85500 	 0.713976 
86000 	 0.7597677 
86500 	 0.7757422 
87000 	 0.7472329 
87500 	 0.7309756 
88000 	 0.7740689 
88500 	 0.7039655 
89000 	 0.754029 
89500 	 0.7646673 
90000 	 0.7548868 
90500 	 0.7208683 
91000 	 0.7960223 
91500 	 0.7337598 
92000 	 0.7586934 
92500 	 0.8084232 
93000 	 0.7650417 
93500 	 0.802355 
94000 	 0.7805188 
94500 	 0.7223691 
95000 	 0.6691461 
95500 	 0.7325407 
96000 	 0.7391617 
96500 	 0.7727388 
97000 	 0.7123444 
97500 	 0.7137594 
98000 	 0.7128101 
98500 	 0.74057 
99000 	 0.7153912 
99500 	 0.7740367 
100000 	 0.7520511 
100500 	 0.71843 
101000 	 0.8276599 
101500 	 0.7422207 
102000 	 0.7236297 
102500 	 0.7730991 
103000 	 0.7571088 
103500 	 0.783243 
104000 	 0.6489521 
104500 	 0.7347047 
105000 	 0.7019246 
105500 	 0.6631602 
106000 	 0.7699056 
106500 	 0.7705278 
107000 	 0.8143099 
107500 	 0.79061 
108000 	 0.7894494 
108500 	 0.7051154 
109000 	 0.8003721 
109500 	 0.7964636 
110000 	 0.7947708 
110500 	 0.7865678 
111000 	 0.8392494 
111500 	 0.6906217 
112000 	 0.7328049 
112500 	 0.7328514 
113000 	 0.6908793 
113500 	 0.7164433 
114000 	 0.7448363 
114500 	 0.718951 
115000 	 0.7079621 
115500 	 0.7642032 
116000 	 0.7487963 
116500 	 0.7239666 
117000 	 0.75766 
117500 	 0.696451 
118000 	 0.7699659 
118500 	 0.7755495 
119000 	 0.8004871 
119500 	 0.7469338 
120000 	 0.7564645 
120500 	 0.7072258 
121000 	 0.7587289 
121500 	 0.7618416 
122000 	 0.7605967 
122500 	 0.7193947 
123000 	 0.7368614 
123500 	 0.6823432 
124000 	 0.7118892 
124500 	 0.6912594 
125000 	 0.7118427 
125500 	 0.7063704 
126000 	 0.8396576 
126500 	 0.7195985 
127000 	 0.7478038 
127500 	 0.6044195 
128000 	 0.6799085 
128500 	 0.7760661 
129000 	 0.7586082 
129500 	 0.730236 
130000 	 0.7658752 
130500 	 0.7715601 
131000 	 0.7475693 
131500 	 0.831878 
132000 	 0.7868457 
132500 	 0.7139457 
133000 	 0.7670702 
133500 	 0.7455633 
134000 	 0.7442176 
134500 	 0.767854 
135000 	 0.7526943 
135500 	 0.8229717 
136000 	 0.6872897 
136500 	 0.7588019 
137000 	 0.827107 
137500 	 0.8004623 
138000 	 0.7538824 
138500 	 0.7035782 
139000 	 0.7394994 
139500 	 0.7065999 
140000 	 0.7466521 
140500 	 0.7923688 
141000 	 0.737174 
141500 	 0.6907195 
142000 	 0.7234877 
142500 	 0.7890147 
143000 	 0.6661839 
143500 	 0.6709682 
144000 	 0.7856497 
144500 	 0.8094787 
145000 	 0.7481867 
145500 	 0.7099135 
146000 	 0.7865231 
146500 	 0.7227217 
147000 	 0.734215 
147500 	 0.7075979 
148000 	 0.7848737 
148500 	 0.7199218 
149000 	 0.7164619 
149500 	 0.7458858 
150000 	 0.747013 
150500 	 0.7401448 
151000 	 0.7003197 
151500 	 0.7287237 
152000 	 0.7625983 
152500 	 0.7232108 
153000 	 0.7328343 
153500 	 0.709062 
154000 	 0.7415927 
154500 	 0.7587559 
155000 	 0.752957 
155500 	 0.79151 
156000 	 0.8168661 
156500 	 0.72836 
157000 	 0.7626819 
157500 	 0.7461418 
158000 	 0.8278005 
158500 	 0.7032669 
159000 	 0.7671473 
159500 	 0.7206442 
160000 	 0.7369766 
160500 	 0.7168986 
161000 	 0.7778848 
161500 	 0.7218747 
162000 	 0.724316 
162500 	 0.8499206 
163000 	 0.7400584 
163500 	 0.7920763 
164000 	 0.7862708 
164500 	 0.6926497 
165000 	 0.6802798 
165500 	 0.7571519 
166000 	 0.785738 
166500 	 0.7645828 
167000 	 0.7833457 
167500 	 0.7136636 
168000 	 0.7783609 
168500 	 0.735406 
169000 	 0.7827004 
169500 	 0.6959604 
170000 	 0.7352866 
170500 	 0.7551382 
171000 	 0.8215322 
171500 	 0.7041813 
172000 	 0.7393037 
172500 	 0.7217538 
173000 	 0.7519299 
173500 	 0.731213 
174000 	 0.7095789 
174500 	 0.7156465 
175000 	 0.8008323 
175500 	 0.7465502 
176000 	 0.7057047 
176500 	 0.7486723 
177000 	 0.7437998 
177500 	 0.7598058 
178000 	 0.7551278 
178500 	 0.7523748 
179000 	 0.7251265 
179500 	 0.7339554 
180000 	 0.8278226 
180500 	 0.680552 
181000 	 0.7785867 
181500 	 0.7752682 
182000 	 0.7192318 
182500 	 0.8042827 
183000 	 0.8073985 
183500 	 0.747984 
184000 	 0.7213179 
184500 	 0.8102516 
185000 	 0.7326828 
185500 	 0.7700762 
186000 	 0.733799 
186500 	 0.7135094 
187000 	 0.8110432 
187500 	 0.6991568 
188000 	 0.7661466 
188500 	 0.6925802 
189000 	 0.7370942 
189500 	 0.7646294 
190000 	 0.7399168 
190500 	 0.7362585 
191000 	 0.6981416 
191500 	 0.8006795 
192000 	 0.7490282 
192500 	 0.7492342 
193000 	 0.74169 
193500 	 0.7119098 
194000 	 0.6209944 
194500 	 0.6515747 
195000 	 0.715487 
195500 	 0.7231837 
196000 	 0.8450222 
196500 	 0.7814136 
197000 	 0.7861586 
197500 	 0.7258796 
198000 	 0.7421087 
198500 	 0.7354905 
199000 	 0.7432033 
199500 	 0.6583796 
200000 	 0.7920456 
200500 	 0.81009 
201000 	 0.7228014 
201500 	 0.8176602 
202000 	 0.785234 
202500 	 0.7919864 
203000 	 0.6857578 
203500 	 0.7223865 
204000 	 0.7835647 
204500 	 0.7680046 
205000 	 0.7553747 
205500 	 0.7403299 
206000 	 0.7274341 
206500 	 0.7436941 
207000 	 0.8035157 
207500 	 0.7391874 
208000 	 0.7156781 
208500 	 0.8082742 
209000 	 0.726841 
209500 	 0.7811586 
210000 	 0.7150476 
210500 	 0.6829722 
211000 	 0.7194042 
211500 	 0.7079066 
212000 	 0.6965953 
212500 	 0.7673892 
213000 	 0.8361262 
213500 	 0.7913562 
214000 	 0.7377141 
214500 	 0.7177984 
215000 	 0.7203262 
215500 	 0.7549625 
216000 	 0.7968343 
216500 	 0.7801023 
217000 	 0.7846596 
217500 	 0.7169206 
218000 	 0.7478331 
218500 	 0.7533535 
219000 	 0.7698312 
219500 	 0.7999631 
220000 	 0.7853098 
220500 	 0.7944233 
221000 	 0.6936905 
221500 	 0.7605945 
222000 	 0.801981 
222500 	 0.729381 
223000 	 0.7406237 
223500 	 0.7221659 
224000 	 0.6710771 
224500 	 0.723513 
225000 	 0.760745 
225500 	 0.7505468 
226000 	 0.7426102 
226500 	 0.7267708 
227000 	 0.7355936 
227500 	 0.8311596 
228000 	 0.661289 
228500 	 0.7364609 
229000 	 0.7299177 
229500 	 0.7631441 
230000 	 0.7769069 
230500 	 0.7832752 
231000 	 0.784448 
231500 	 0.6951779 
232000 	 0.7307965 
232500 	 0.7769227 
233000 	 0.7186307 
233500 	 0.6869778 
234000 	 0.7891262 
234500 	 0.7404354 
235000 	 0.7651795 
235500 	 0.6962662 
236000 	 0.7640042 
236500 	 0.8071437 
237000 	 0.72811 
237500 	 0.703501 
238000 	 0.8056017 
238500 	 0.73056 
239000 	 0.7776285 
239500 	 0.7347307 
240000 	 0.7492172 
240500 	 0.765179 
241000 	 0.7529645 
241500 	 0.717419 
242000 	 0.7857986 
242500 	 0.8285288 
243000 	 0.6554658 
243500 	 0.7081015 
244000 	 0.6968521 
244500 	 0.7269083 
245000 	 0.7442541 
245500 	 0.7421745 
246000 	 0.7396675 
246500 	 0.7519733 
247000 	 0.7563581 
247500 	 0.781539 
248000 	 0.684885 
248500 	 0.7310232 
249000 	 0.6876239 
249500 	 0.6889127 
250000 	 0.7085004 
250500 	 0.680281 
251000 	 0.7527329 
251500 	 0.7630581 
252000 	 0.683162 
252500 	 0.7935829 
253000 	 0.7475036 
253500 	 0.7630069 
254000 	 0.7413695 
254500 	 0.6968657 
255000 	 0.7617718 
255500 	 0.7507218 
256000 	 0.7490152 
256500 	 0.8219879 
257000 	 0.7153856 
257500 	 0.7928559 
258000 	 0.6521 
258500 	 0.7807327 
259000 	 0.770584 
259500 	 0.7590114 
260000 	 0.763139 
260500 	 0.7772609 
261000 	 0.6760552 
261500 	 0.6789603 
262000 	 0.8092155 
262500 	 0.7344238 
263000 	 0.6807807 
263500 	 0.712146 
264000 	 0.700587 
264500 	 0.7577496 
265000 	 0.7718948 
265500 	 0.7571063 
266000 	 0.7478715 
266500 	 0.7322557 
267000 	 0.6553223 
267500 	 0.76619 
268000 	 0.7261922 
268500 	 0.7648164 
269000 	 0.6981757 
269500 	 0.7617277 
270000 	 0.810479 
270500 	 0.708086 
271000 	 0.7866715 
271500 	 0.7497378 
272000 	 0.7812693 
272500 	 0.7987597 
273000 	 0.8135639 
273500 	 0.6950757 
274000 	 0.799484 
274500 	 0.6573056 
275000 	 0.7398074 
275500 	 0.7285546 
276000 	 0.7399505 
276500 	 0.7842163 
277000 	 0.7659112 
277500 	 0.6705144 
278000 	 0.7859616 
278500 	 0.7559468 
279000 	 0.7532589 
279500 	 0.7791914 
280000 	 0.7684822 
280500 	 0.6897518 
281000 	 0.7176245 
281500 	 0.6986432 
282000 	 0.7661695 
282500 	 0.6356247 
283000 	 0.8031235 
283500 	 0.7833011 
284000 	 0.7413288 
284500 	 0.7907302 
285000 	 0.7291358 
285500 	 0.7752433 
286000 	 0.723095 
286500 	 0.7206853 
287000 	 0.7838909 
287500 	 0.6949179 
288000 	 0.7374292 
288500 	 0.6867805 
289000 	 0.7326775 
289500 	 0.7596125 
290000 	 0.740605 
290500 	 0.803561 
291000 	 0.7472005 
291500 	 0.7456894 
292000 	 0.7587421 
292500 	 0.7544053 
293000 	 0.7892607 
293500 	 0.8056445 
294000 	 0.6812736 
294500 	 0.774453 
295000 	 0.7815435 
295500 	 0.7808244 
296000 	 0.7818008 
296500 	 0.7181696 
297000 	 0.7602559 
297500 	 0.6615529 
298000 	 0.7465148 
298500 	 0.7634531 
299000 	 0.7497902 
299500 	 0.7607693 
300000 	 0.7552824 
300500 	 0.7048111 
301000 	 0.7364947 
301500 	 0.7277635 
302000 	 0.694867 
302500 	 0.7137676 
303000 	 0.7420913 
303500 	 0.7960864 
304000 	 0.6983014 
304500 	 0.6855725 
305000 	 0.7804244 
305500 	 0.7763732 
306000 	 0.7289028 
306500 	 0.7365835 
307000 	 0.6684321 
307500 	 0.7774626 
308000 	 0.7951007 
308500 	 0.8045454 
309000 	 0.7135671 
309500 	 0.7108393 
310000 	 0.6587606 
310500 	 0.7641166 
311000 	 0.7015925 
311500 	 0.7638614 
312000 	 0.8118204 
312500 	 0.759187 
313000 	 0.7799763 
313500 	 0.6944002 
314000 	 0.7132759 
314500 	 0.761182 
315000 	 0.6913637 
315500 	 0.6871404 
316000 	 0.7222633 
316500 	 0.7440299 
317000 	 0.7425759 
317500 	 0.7097112 
318000 	 0.725905 
318500 	 0.7639508 
319000 	 0.6485603 
319500 	 0.7921432 
320000 	 0.7975943 
320500 	 0.8380905 
321000 	 0.7732917 
321500 	 0.749391 
322000 	 0.7480736 
322500 	 0.5932662 
323000 	 0.7688732 
323500 	 0.7471187 
324000 	 0.6625992 
324500 	 0.7824233 
325000 	 0.7465461 
325500 	 0.7377602 
326000 	 0.7186571 
326500 	 0.7766345 
327000 	 0.8213584 
327500 	 0.768507 
328000 	 0.7157193 
328500 	 0.6772361 
329000 	 0.8065057 
329500 	 0.6955005 
330000 	 0.7328226 
330500 	 0.7107669 
331000 	 0.7328846 
331500 	 0.7731937 
332000 	 0.7198333 
332500 	 0.7843479 
333000 	 0.7450855 
333500 	 0.7477464 
334000 	 0.7018737 
334500 	 0.7069731 
335000 	 0.7930452 
335500 	 0.7848045 
336000 	 0.7884986 
336500 	 0.6938135 
337000 	 0.738603 
337500 	 0.7368796 
338000 	 0.7472444 
338500 	 0.7247376 
339000 	 0.7416375 
339500 	 0.7925055 
340000 	 0.7560845 
340500 	 0.7696206 
341000 	 0.7859058 
341500 	 0.7574999 
342000 	 0.7374603 
342500 	 0.7307543 
343000 	 0.7330447 
343500 	 0.7301231 
344000 	 0.7427779 
344500 	 0.731444 
345000 	 0.7794525 
345500 	 0.7342207 
346000 	 0.728885 
346500 	 0.7824395 
347000 	 0.7865413 
347500 	 0.7885344 
348000 	 0.7136177 
348500 	 0.6946747 
349000 	 0.7453886 
349500 	 0.7051644 
350000 	 0.7187612 
350500 	 0.771423 
351000 	 0.7023978 
351500 	 0.7475856 
352000 	 0.7229971 
352500 	 0.7355647 
353000 	 0.7336534 
353500 	 0.7217894 
354000 	 0.7146529 
354500 	 0.7512262 
355000 	 0.8224332 
355500 	 0.7065374 
356000 	 0.7825259 
356500 	 0.6982501 
357000 	 0.7873261 
357500 	 0.7303525 
358000 	 0.7435265 
358500 	 0.7993898 
359000 	 0.6527844 
359500 	 0.7339856 
360000 	 0.650645 
360500 	 0.7749032 
361000 	 0.7149825 
361500 	 0.7548498 
362000 	 0.7100778 
362500 	 0.7593663 
363000 	 0.7411585 
363500 	 0.8067791 
364000 	 0.782711 
364500 	 0.6618568 
365000 	 0.7315208 
365500 	 0.734868 
366000 	 0.740211 
366500 	 0.7542461 
367000 	 0.8122915 
367500 	 0.7189693 
368000 	 0.7247323 
368500 	 0.6970642 
369000 	 0.7491056 
369500 	 0.6945541 
370000 	 0.6727884 
370500 	 0.7647107 
371000 	 0.7635749 
371500 	 0.7264686 
372000 	 0.7252322 
372500 	 0.7189223 
373000 	 0.7119995 
373500 	 0.7558912 
374000 	 0.7308137 
374500 	 0.8516536 
375000 	 0.7036422 
375500 	 0.8072931 
376000 	 0.69116 
376500 	 0.7915899 
377000 	 0.7486622 
377500 	 0.768069 
378000 	 0.7780569 
378500 	 0.7088146 
379000 	 0.7466001 
379500 	 0.6780375 
380000 	 0.7277297 
380500 	 0.8264582 
381000 	 0.7592932 
381500 	 0.7552151 
382000 	 0.7819401 
382500 	 0.7746772 
383000 	 0.7971498 
383500 	 0.6955734 
384000 	 0.7912234 
384500 	 0.712741 
385000 	 0.7262573 
385500 	 0.6894762 
386000 	 0.789089 
386500 	 0.787985 
387000 	 0.7367892 
387500 	 0.7820631 
388000 	 0.7135405 
388500 	 0.8398237 
389000 	 0.7429132 
389500 	 0.8138317 
390000 	 0.7457021 
390500 	 0.7572398 
391000 	 0.7683776 
391500 	 0.7548861 
392000 	 0.7308159 
392500 	 0.710614 
393000 	 0.7239476 
393500 	 0.7296995 
394000 	 0.8031063 
394500 	 0.7149971 
395000 	 0.7191315 
395500 	 0.6225669 
396000 	 0.7673667 
396500 	 0.7475936 
397000 	 0.7537845 
397500 	 0.7559222 
398000 	 0.7261541 
398500 	 0.7471776 
399000 	 0.693658 
399500 	 0.7710945 
400000 	 0.7542843 
400500 	 0.7110106 
401000 	 0.6646531 
401500 	 0.7547922 
402000 	 0.7787187 
402500 	 0.7731499 
403000 	 0.7034558 
403500 	 0.7368873 
404000 	 0.7924638 
404500 	 0.720452 
405000 	 0.7366086 
405500 	 0.7445181 
406000 	 0.7234983 
406500 	 0.6783659 
407000 	 0.7560844 
407500 	 0.7091049 
408000 	 0.7832614 
408500 	 0.7116568 
409000 	 0.7721381 
409500 	 0.7359938 
410000 	 0.7613228 
410500 	 0.7878074 
411000 	 0.7094491 
411500 	 0.7508081 
412000 	 0.699087 
412500 	 0.7332944 
413000 	 0.8001437 
413500 	 0.7777472 
414000 	 0.6694334 
414500 	 0.7160232 
415000 	 0.7207971 
415500 	 0.7453032 
416000 	 0.7473263 
416500 	 0.6707549 
417000 	 0.721708 
417500 	 0.7545705 
418000 	 0.7897434 
418500 	 0.8428735 
419000 	 0.75163 
419500 	 0.7570828 
420000 	 0.7359647 
420500 	 0.7051914 
421000 	 0.8379417 
421500 	 0.6823328 
422000 	 0.7389911 
422500 	 0.7784594 
423000 	 0.7452685 
423500 	 0.7052772 
424000 	 0.7293515 
424500 	 0.7157492 
425000 	 0.7739242 
425500 	 0.7498676 
426000 	 0.7356048 
426500 	 0.7786523 
427000 	 0.8066184 
427500 	 0.7759323 
428000 	 0.7609321 
428500 	 0.8181322 
429000 	 0.8037414 
429500 	 0.7221864 
430000 	 0.7749067 
430500 	 0.7156928 
431000 	 0.7696724 
431500 	 0.7010632 
432000 	 0.7923616 
432500 	 0.7378754 
433000 	 0.7174306 
433500 	 0.7009736 
434000 	 0.7379074 
434500 	 0.7903642 
435000 	 0.7182496 
435500 	 0.7208459 
436000 	 0.7165088 
436500 	 0.7357806 
437000 	 0.7714001 
437500 	 0.6466546 
438000 	 0.8293767 
438500 	 0.7286604 
439000 	 0.6864022 
439500 	 0.8000441 
440000 	 0.6385209 
440500 	 0.772753 
441000 	 0.6871343 
441500 	 0.7155272 
442000 	 0.7836879 
442500 	 0.6958508 
443000 	 0.7764125 
443500 	 0.7266223 
444000 	 0.713281 
444500 	 0.6983792 
445000 	 0.7847329 
445500 	 0.7765603 
446000 	 0.6930708 
446500 	 0.7220016 
447000 	 0.8090207 
447500 	 0.7205445 
448000 	 0.6958963 
448500 	 0.7204155 
449000 	 0.7233832 
449500 	 0.7653406 
450000 	 0.7634718 
450500 	 0.7202146 
451000 	 0.7317767 
451500 	 0.7477566 
452000 	 0.6723102 
452500 	 0.7594369 
453000 	 0.7102391 
453500 	 0.7710803 
454000 	 0.7330313 
454500 	 0.722293 
455000 	 0.7486477 
455500 	 0.5907275 
456000 	 0.7679559 
456500 	 0.7207195 
457000 	 0.7148279 
457500 	 0.7716557 
458000 	 0.7320628 
458500 	 0.757565 
459000 	 0.7483446 
459500 	 0.7446906 
460000 	 0.7675246 
460500 	 0.6648537 
461000 	 0.7343156 
461500 	 0.6735354 
462000 	 0.7126357 
462500 	 0.8315144 
463000 	 0.8293334 
463500 	 0.7843744 
464000 	 0.7568189 
464500 	 0.7949798 
465000 	 0.7143354 
465500 	 0.7017063 
466000 	 0.7982828 
466500 	 0.7422001 
467000 	 0.7996578 
467500 	 0.7406252 
468000 	 0.7437128 
468500 	 0.8172779 
469000 	 0.7863752 
469500 	 0.7642042 
470000 	 0.7567424 
470500 	 0.7582665 
471000 	 0.7216862 
471500 	 0.7859537 
472000 	 0.770808 
472500 	 0.7645679 
473000 	 0.7159639 
473500 	 0.7492878 
474000 	 0.751379 
474500 	 0.6804521 
475000 	 0.7949087 
475500 	 0.739218 
476000 	 0.727302 
476500 	 0.7544654 
477000 	 0.7265947 
477500 	 0.679779 
478000 	 0.7844135 
478500 	 0.810653 
479000 	 0.792368 
479500 	 0.7360201 
480000 	 0.6974385 
480500 	 0.7832773 
481000 	 0.732766 
481500 	 0.7013824 
482000 	 0.747357 
482500 	 0.7674085 
483000 	 0.7612371 
483500 	 0.7378714 
484000 	 0.6942353 
484500 	 0.7126064 
485000 	 0.736311 
485500 	 0.7848911 
486000 	 0.8020712 
486500 	 0.7920718 
487000 	 0.7376933 
487500 	 0.7461512 
488000 	 0.7814887 
488500 	 0.8168624 
489000 	 0.7340272 
489500 	 0.7942239 
490000 	 0.712543 
490500 	 0.8141168 
491000 	 0.8074702 
491500 	 0.7130207 
492000 	 0.7330352 
492500 	 0.7619955 
493000 	 0.7520762 
493500 	 0.7482777 
494000 	 0.7445886 
494500 	 0.6661072 
495000 	 0.8337712 
495500 	 0.7486781 
496000 	 0.7375963 
496500 	 0.6821063 
497000 	 0.7490209 
497500 	 0.80383 
498000 	 0.734678 
498500 	 0.8383543 
499000 	 0.6316153 
499500 	 0.7807827 
500000 	 0.8213169 
