iter 	 p
500 	 0.7484135 
1000 	 0.7802683 
1500 	 0.775513 
2000 	 0.8024327 
2500 	 0.7219609 
3000 	 0.7207099 
3500 	 0.7949278 
4000 	 0.7997153 
4500 	 0.8244795 
5000 	 0.7657851 
5500 	 0.8061612 
6000 	 0.7839017 
6500 	 0.7896257 
7000 	 0.7709856 
7500 	 0.8195361 
8000 	 0.7526137 
8500 	 0.7587023 
9000 	 0.7454721 
9500 	 0.8187596 
10000 	 0.7557061 
10500 	 0.6995138 
11000 	 0.7800211 
11500 	 0.749443 
12000 	 0.7221435 
12500 	 0.7655602 
13000 	 0.7938828 
13500 	 0.7398941 
14000 	 0.7936727 
14500 	 0.7492237 
15000 	 0.8023543 
15500 	 0.8286709 
16000 	 0.7629098 
16500 	 0.7836765 
17000 	 0.7876121 
17500 	 0.8291673 
18000 	 0.810987 
18500 	 0.7616326 
19000 	 0.7436306 
19500 	 0.7976107 
20000 	 0.7876692 
20500 	 0.8374445 
21000 	 0.7321042 
21500 	 0.8300943 
22000 	 0.758506 
22500 	 0.7250133 
23000 	 0.8265016 
23500 	 0.8131193 
24000 	 0.7616532 
24500 	 0.7798228 
25000 	 0.8070015 
25500 	 0.7252819 
26000 	 0.7531997 
26500 	 0.8930372 
27000 	 0.7277415 
27500 	 0.7865984 
28000 	 0.7877172 
28500 	 0.8211451 
29000 	 0.7708598 
29500 	 0.7472863 
30000 	 0.7592184 
30500 	 0.8281953 
31000 	 0.8147444 
31500 	 0.8142454 
32000 	 0.7453547 
32500 	 0.8002001 
33000 	 0.8256883 
33500 	 0.7911794 
34000 	 0.7511253 
34500 	 0.7258408 
35000 	 0.7591569 
35500 	 0.7681485 
36000 	 0.8328805 
36500 	 0.6710873 
37000 	 0.8091517 
37500 	 0.7574037 
38000 	 0.7394971 
38500 	 0.7597219 
39000 	 0.764858 
39500 	 0.7047398 
40000 	 0.8202231 
40500 	 0.7412286 
41000 	 0.7767912 
41500 	 0.7895242 
42000 	 0.7958806 
42500 	 0.7838347 
43000 	 0.8037223 
43500 	 0.8045513 
44000 	 0.7517102 
44500 	 0.7591421 
45000 	 0.7947937 
45500 	 0.8028758 
46000 	 0.8301677 
46500 	 0.7733278 
47000 	 0.798277 
47500 	 0.7837168 
48000 	 0.7810031 
48500 	 0.8101761 
49000 	 0.7777241 
49500 	 0.636062 
50000 	 0.8471567 
50500 	 0.7738975 
51000 	 0.8598508 
51500 	 0.8251257 
52000 	 0.7612109 
52500 	 0.78252 
53000 	 0.7689863 
53500 	 0.7759747 
54000 	 0.8935092 
54500 	 0.7976323 
55000 	 0.7802194 
55500 	 0.8002724 
56000 	 0.7969515 
56500 	 0.7080511 
57000 	 0.80716 
57500 	 0.7953753 
58000 	 0.7723211 
58500 	 0.797241 
59000 	 0.8462831 
59500 	 0.8715282 
60000 	 0.7676799 
60500 	 0.8579341 
61000 	 0.8031253 
61500 	 0.8098098 
62000 	 0.8310264 
62500 	 0.7912365 
63000 	 0.8296355 
63500 	 0.7939307 
64000 	 0.8127874 
64500 	 0.8271619 
65000 	 0.8076938 
65500 	 0.8378823 
66000 	 0.7693597 
66500 	 0.8427543 
67000 	 0.7160108 
67500 	 0.8277629 
68000 	 0.8240197 
68500 	 0.7992449 
69000 	 0.8311495 
69500 	 0.8166052 
70000 	 0.8398508 
70500 	 0.7316169 
71000 	 0.8225271 
71500 	 0.8234698 
72000 	 0.8055786 
72500 	 0.7042321 
73000 	 0.7564141 
73500 	 0.7738346 
74000 	 0.8116481 
74500 	 0.8018906 
75000 	 0.766503 
75500 	 0.7639284 
76000 	 0.8899806 
76500 	 0.809953 
77000 	 0.7083877 
77500 	 0.7685816 
78000 	 0.7818864 
78500 	 0.7992945 
79000 	 0.7453418 
79500 	 0.8327189 
80000 	 0.8128115 
80500 	 0.7695705 
81000 	 0.801872 
81500 	 0.7915346 
82000 	 0.800018 
82500 	 0.7224248 
83000 	 0.7829928 
83500 	 0.8203001 
84000 	 0.8412679 
84500 	 0.7996302 
85000 	 0.7185285 
85500 	 0.7991631 
86000 	 0.7422122 
86500 	 0.7957854 
87000 	 0.7739456 
87500 	 0.8303279 
88000 	 0.7824947 
88500 	 0.7233365 
89000 	 0.7958572 
89500 	 0.7538173 
90000 	 0.7834138 
90500 	 0.8004486 
91000 	 0.7678243 
91500 	 0.7668855 
92000 	 0.8313543 
92500 	 0.830024 
93000 	 0.8575701 
93500 	 0.8797292 
94000 	 0.8280495 
94500 	 0.7874745 
95000 	 0.7782471 
95500 	 0.7475307 
96000 	 0.8059149 
96500 	 0.8246225 
97000 	 0.7331611 
97500 	 0.7651666 
98000 	 0.7881003 
98500 	 0.7857302 
99000 	 0.8240035 
99500 	 0.7960145 
100000 	 0.8053958 
100500 	 0.7978498 
101000 	 0.8113828 
101500 	 0.7389825 
102000 	 0.7013466 
102500 	 0.8450947 
103000 	 0.6907261 
103500 	 0.7856817 
104000 	 0.7143729 
104500 	 0.7071093 
105000 	 0.8348547 
105500 	 0.7634548 
106000 	 0.7119676 
106500 	 0.770162 
107000 	 0.7350163 
107500 	 0.7900614 
108000 	 0.8415705 
108500 	 0.7961347 
109000 	 0.7420167 
109500 	 0.8370265 
110000 	 0.779974 
110500 	 0.8090089 
111000 	 0.8199816 
111500 	 0.7560631 
112000 	 0.7343923 
112500 	 0.7529519 
113000 	 0.7799117 
113500 	 0.7584001 
114000 	 0.7666113 
114500 	 0.7714604 
115000 	 0.7700431 
115500 	 0.8103546 
116000 	 0.7915679 
116500 	 0.7220325 
117000 	 0.7779695 
117500 	 0.783378 
118000 	 0.6896082 
118500 	 0.7238074 
119000 	 0.8515279 
119500 	 0.7903893 
120000 	 0.8172174 
120500 	 0.8262166 
121000 	 0.8487998 
121500 	 0.7699799 
122000 	 0.7462255 
122500 	 0.7517688 
123000 	 0.7867684 
123500 	 0.7602599 
124000 	 0.8061572 
124500 	 0.7994863 
125000 	 0.7570964 
125500 	 0.8089306 
126000 	 0.7459639 
126500 	 0.8024993 
127000 	 0.715631 
127500 	 0.7457833 
128000 	 0.7688557 
128500 	 0.7230639 
129000 	 0.7065754 
129500 	 0.7710297 
130000 	 0.7867437 
130500 	 0.7746784 
131000 	 0.7939489 
131500 	 0.8352807 
132000 	 0.7900052 
132500 	 0.787831 
133000 	 0.7419741 
133500 	 0.8061195 
134000 	 0.7984095 
134500 	 0.7915215 
135000 	 0.825928 
135500 	 0.7837682 
136000 	 0.7844153 
136500 	 0.8014133 
137000 	 0.8448118 
137500 	 0.7897984 
138000 	 0.7118281 
138500 	 0.7859403 
139000 	 0.8331133 
139500 	 0.6902745 
140000 	 0.7551018 
140500 	 0.7230166 
141000 	 0.7910891 
141500 	 0.7682528 
142000 	 0.7532896 
142500 	 0.7654986 
143000 	 0.7180336 
143500 	 0.7482809 
144000 	 0.7492559 
144500 	 0.7947137 
145000 	 0.7928177 
145500 	 0.8131451 
146000 	 0.8445783 
146500 	 0.7615957 
147000 	 0.818109 
147500 	 0.7611252 
148000 	 0.6968492 
148500 	 0.8034169 
149000 	 0.6949748 
149500 	 0.8105353 
150000 	 0.8126526 
150500 	 0.7502764 
151000 	 0.7677602 
151500 	 0.80299 
152000 	 0.8245168 
152500 	 0.7697515 
153000 	 0.759946 
153500 	 0.8090994 
154000 	 0.78076 
154500 	 0.7150871 
155000 	 0.7730397 
155500 	 0.8495536 
156000 	 0.8436453 
156500 	 0.742326 
157000 	 0.7974808 
157500 	 0.8018629 
158000 	 0.7782705 
158500 	 0.7919676 
159000 	 0.7346693 
159500 	 0.7711105 
160000 	 0.8143264 
160500 	 0.7543725 
161000 	 0.8269673 
161500 	 0.7929645 
162000 	 0.8054681 
162500 	 0.8239398 
163000 	 0.847802 
163500 	 0.8217998 
164000 	 0.710439 
164500 	 0.8242905 
165000 	 0.762342 
165500 	 0.8078279 
166000 	 0.8643852 
166500 	 0.7627308 
167000 	 0.7811717 
167500 	 0.8475962 
168000 	 0.8423873 
168500 	 0.8109517 
169000 	 0.8058141 
169500 	 0.8168057 
170000 	 0.7883977 
170500 	 0.7497333 
171000 	 0.7670447 
171500 	 0.769869 
172000 	 0.804891 
172500 	 0.8141765 
173000 	 0.8114876 
173500 	 0.8916369 
174000 	 0.8410688 
174500 	 0.7245462 
175000 	 0.8102944 
175500 	 0.7718557 
176000 	 0.8313449 
176500 	 0.7231459 
177000 	 0.7947078 
177500 	 0.8122872 
178000 	 0.7543368 
178500 	 0.7420114 
179000 	 0.8367743 
179500 	 0.7900043 
180000 	 0.7922382 
180500 	 0.8101031 
181000 	 0.8044601 
181500 	 0.7708502 
182000 	 0.8121567 
182500 	 0.8476304 
183000 	 0.8155826 
183500 	 0.6452344 
184000 	 0.8089996 
184500 	 0.8414197 
185000 	 0.797416 
185500 	 0.7600625 
186000 	 0.8585705 
186500 	 0.7499176 
187000 	 0.7297419 
187500 	 0.7980401 
188000 	 0.7448928 
188500 	 0.7972021 
189000 	 0.7684707 
189500 	 0.7832488 
190000 	 0.756636 
190500 	 0.7734546 
191000 	 0.8067021 
191500 	 0.8014154 
192000 	 0.7251423 
192500 	 0.8253973 
193000 	 0.7304472 
193500 	 0.8739896 
194000 	 0.761552 
194500 	 0.8233599 
195000 	 0.7928565 
195500 	 0.7709638 
196000 	 0.8036425 
196500 	 0.7927294 
197000 	 0.7737541 
197500 	 0.8608123 
198000 	 0.8004258 
198500 	 0.7730656 
199000 	 0.8426209 
199500 	 0.759265 
200000 	 0.7953393 
200500 	 0.8280795 
201000 	 0.7700968 
201500 	 0.8232487 
202000 	 0.8562103 
202500 	 0.8283428 
203000 	 0.8011885 
203500 	 0.811879 
204000 	 0.7502948 
204500 	 0.7897432 
205000 	 0.7971861 
205500 	 0.7928261 
206000 	 0.8002393 
206500 	 0.7952438 
207000 	 0.716872 
207500 	 0.790803 
208000 	 0.8670639 
208500 	 0.7672334 
209000 	 0.8330688 
209500 	 0.8449498 
210000 	 0.7581357 
210500 	 0.804008 
211000 	 0.7802874 
211500 	 0.7572922 
212000 	 0.8235349 
212500 	 0.8329679 
213000 	 0.7896802 
213500 	 0.8522103 
214000 	 0.7662911 
214500 	 0.6391317 
215000 	 0.7914387 
215500 	 0.7901608 
216000 	 0.7833275 
216500 	 0.7920361 
217000 	 0.8021416 
217500 	 0.8089187 
218000 	 0.8177973 
218500 	 0.7768338 
219000 	 0.7880684 
219500 	 0.7262284 
220000 	 0.7553006 
220500 	 0.8211413 
221000 	 0.661586 
221500 	 0.7770105 
222000 	 0.780239 
222500 	 0.7782754 
223000 	 0.7915071 
223500 	 0.8103346 
224000 	 0.8135932 
224500 	 0.7813911 
225000 	 0.8210127 
225500 	 0.8402793 
226000 	 0.7922201 
226500 	 0.7788646 
227000 	 0.8243156 
227500 	 0.8071826 
228000 	 0.7469638 
228500 	 0.7911159 
229000 	 0.8067829 
229500 	 0.802151 
230000 	 0.7155779 
230500 	 0.8176186 
231000 	 0.8172109 
231500 	 0.830422 
232000 	 0.8165792 
232500 	 0.8160748 
233000 	 0.7689524 
233500 	 0.7840233 
234000 	 0.7873321 
234500 	 0.7728038 
235000 	 0.842151 
235500 	 0.8794709 
236000 	 0.7534114 
236500 	 0.799177 
237000 	 0.7911692 
237500 	 0.773108 
238000 	 0.7374675 
238500 	 0.8100347 
239000 	 0.7259751 
239500 	 0.7782141 
240000 	 0.7089427 
240500 	 0.7142206 
241000 	 0.799556 
241500 	 0.7512944 
242000 	 0.8483794 
242500 	 0.7979929 
243000 	 0.7657825 
243500 	 0.8329897 
244000 	 0.7495127 
244500 	 0.8229328 
245000 	 0.7874818 
245500 	 0.8016715 
246000 	 0.8288629 
246500 	 0.7924912 
247000 	 0.7745768 
247500 	 0.7139446 
248000 	 0.8028489 
248500 	 0.7595372 
249000 	 0.7939978 
249500 	 0.8260453 
250000 	 0.7316478 
250500 	 0.7183796 
251000 	 0.8313908 
251500 	 0.7230856 
252000 	 0.7500306 
252500 	 0.7698987 
253000 	 0.7523317 
253500 	 0.8098381 
254000 	 0.8443308 
254500 	 0.8089248 
255000 	 0.8051662 
255500 	 0.8167762 
256000 	 0.7081439 
256500 	 0.7469143 
257000 	 0.7674605 
257500 	 0.7524946 
258000 	 0.8124516 
258500 	 0.7154141 
259000 	 0.8250924 
259500 	 0.8333672 
260000 	 0.7203151 
260500 	 0.8170489 
261000 	 0.8438821 
261500 	 0.7927027 
262000 	 0.8068703 
262500 	 0.7624531 
263000 	 0.7593204 
263500 	 0.7790895 
264000 	 0.7520193 
264500 	 0.7457378 
265000 	 0.7036638 
265500 	 0.7496887 
266000 	 0.8052542 
266500 	 0.8139276 
267000 	 0.7298547 
267500 	 0.8217762 
268000 	 0.8392204 
268500 	 0.7913348 
269000 	 0.805921 
269500 	 0.7416286 
270000 	 0.8185966 
270500 	 0.7730878 
271000 	 0.843275 
271500 	 0.8161821 
272000 	 0.7327073 
272500 	 0.8157996 
273000 	 0.7954751 
273500 	 0.7679144 
274000 	 0.770414 
274500 	 0.7980961 
275000 	 0.7984633 
275500 	 0.7554984 
276000 	 0.7992368 
276500 	 0.7441511 
277000 	 0.7534909 
277500 	 0.8338525 
278000 	 0.7051765 
278500 	 0.6836496 
279000 	 0.7837553 
279500 	 0.7761016 
280000 	 0.8043722 
280500 	 0.8562756 
281000 	 0.7765409 
281500 	 0.775265 
282000 	 0.7926552 
282500 	 0.7622402 
283000 	 0.715297 
283500 	 0.7680285 
284000 	 0.792968 
284500 	 0.7970808 
285000 	 0.760151 
285500 	 0.8541728 
286000 	 0.8139968 
286500 	 0.7658382 
287000 	 0.8028755 
287500 	 0.8348912 
288000 	 0.7267148 
288500 	 0.794739 
289000 	 0.8327309 
289500 	 0.8281407 
290000 	 0.7900494 
290500 	 0.7864433 
291000 	 0.8263609 
291500 	 0.8407185 
292000 	 0.7725005 
292500 	 0.6996243 
293000 	 0.7585368 
293500 	 0.8197949 
294000 	 0.7771866 
294500 	 0.8225878 
295000 	 0.7237668 
295500 	 0.7598829 
296000 	 0.8344285 
296500 	 0.8278618 
297000 	 0.7736099 
297500 	 0.8126898 
298000 	 0.7828518 
298500 	 0.7554007 
299000 	 0.8179713 
299500 	 0.7514114 
300000 	 0.8160522 
300500 	 0.765091 
301000 	 0.7826728 
301500 	 0.7836426 
302000 	 0.7189013 
302500 	 0.7197405 
303000 	 0.7840976 
303500 	 0.7111561 
304000 	 0.8305594 
304500 	 0.8424917 
305000 	 0.8233997 
305500 	 0.8100003 
306000 	 0.7884503 
306500 	 0.6548686 
307000 	 0.7496765 
307500 	 0.7960046 
308000 	 0.7925469 
308500 	 0.7549054 
309000 	 0.8005545 
309500 	 0.811866 
310000 	 0.8436041 
310500 	 0.7506951 
311000 	 0.8087389 
311500 	 0.8029587 
312000 	 0.8451454 
312500 	 0.7922763 
313000 	 0.7495097 
313500 	 0.7492629 
314000 	 0.7977019 
314500 	 0.7623795 
315000 	 0.7611032 
315500 	 0.8350166 
316000 	 0.7814154 
316500 	 0.7145216 
317000 	 0.826004 
317500 	 0.8041803 
318000 	 0.803701 
318500 	 0.7860674 
319000 	 0.7807461 
319500 	 0.7820301 
320000 	 0.7463383 
320500 	 0.8046576 
321000 	 0.8011808 
321500 	 0.8254475 
322000 	 0.771885 
322500 	 0.7862799 
323000 	 0.875381 
323500 	 0.8055081 
324000 	 0.8058839 
324500 	 0.7486914 
325000 	 0.8523479 
325500 	 0.8107673 
326000 	 0.755173 
326500 	 0.7938203 
327000 	 0.841086 
327500 	 0.7592063 
328000 	 0.7790671 
328500 	 0.7964612 
329000 	 0.7964208 
329500 	 0.822397 
330000 	 0.8310726 
330500 	 0.8152291 
331000 	 0.8035544 
331500 	 0.7834363 
332000 	 0.7980742 
332500 	 0.8072084 
333000 	 0.8713673 
333500 	 0.8105198 
334000 	 0.8215786 
334500 	 0.7869209 
335000 	 0.7995905 
335500 	 0.7812709 
336000 	 0.7902452 
336500 	 0.7300864 
337000 	 0.7620095 
337500 	 0.7515456 
338000 	 0.7444716 
338500 	 0.7665585 
339000 	 0.6963798 
339500 	 0.7205455 
340000 	 0.7839401 
340500 	 0.8118594 
341000 	 0.7296488 
341500 	 0.8237801 
342000 	 0.7988263 
342500 	 0.8152679 
343000 	 0.8123707 
343500 	 0.7304042 
344000 	 0.8040578 
344500 	 0.8186743 
345000 	 0.7806968 
345500 	 0.8293173 
346000 	 0.7445011 
346500 	 0.8184774 
347000 	 0.7516334 
347500 	 0.8098042 
348000 	 0.7601879 
348500 	 0.7876679 
349000 	 0.7847493 
349500 	 0.7505688 
350000 	 0.7641225 
350500 	 0.748027 
351000 	 0.7861019 
351500 	 0.8026943 
352000 	 0.7138637 
352500 	 0.7446014 
353000 	 0.7963078 
353500 	 0.7785936 
354000 	 0.8193255 
354500 	 0.6966958 
355000 	 0.7401956 
355500 	 0.8233111 
356000 	 0.8171642 
356500 	 0.7840509 
357000 	 0.8056123 
357500 	 0.7304927 
358000 	 0.7565841 
358500 	 0.7925014 
359000 	 0.8019615 
359500 	 0.8121384 
360000 	 0.824205 
360500 	 0.8247349 
361000 	 0.8057114 
361500 	 0.7613681 
362000 	 0.748463 
362500 	 0.7407885 
363000 	 0.8300776 
363500 	 0.8159539 
364000 	 0.8438051 
364500 	 0.7304561 
365000 	 0.8087382 
365500 	 0.8368095 
366000 	 0.8031986 
366500 	 0.8096773 
367000 	 0.7368338 
367500 	 0.7991144 
368000 	 0.782313 
368500 	 0.8643112 
369000 	 0.777267 
369500 	 0.7972217 
370000 	 0.807011 
370500 	 0.7869713 
371000 	 0.7691635 
371500 	 0.7673535 
372000 	 0.8349779 
372500 	 0.7796707 
373000 	 0.7105899 
373500 	 0.8223247 
374000 	 0.8449318 
374500 	 0.7849532 
375000 	 0.7930517 
375500 	 0.8554987 
376000 	 0.7159212 
376500 	 0.7359139 
377000 	 0.7951662 
377500 	 0.7656132 
378000 	 0.7962362 
378500 	 0.8365381 
379000 	 0.8434774 
379500 	 0.8196166 
380000 	 0.7390075 
380500 	 0.8474682 
381000 	 0.761849 
381500 	 0.7567551 
382000 	 0.8119565 
382500 	 0.8446069 
383000 	 0.8067382 
383500 	 0.7840437 
384000 	 0.761265 
384500 	 0.7776999 
385000 	 0.7516281 
385500 	 0.7323841 
386000 	 0.7210221 
386500 	 0.7421124 
387000 	 0.7819773 
387500 	 0.7530575 
388000 	 0.7360911 
388500 	 0.7785051 
389000 	 0.7518701 
389500 	 0.7706796 
390000 	 0.8265372 
390500 	 0.7158251 
391000 	 0.7294776 
391500 	 0.7870878 
392000 	 0.8432988 
392500 	 0.7580825 
393000 	 0.7568353 
393500 	 0.750002 
394000 	 0.7700109 
394500 	 0.8307509 
395000 	 0.8423486 
395500 	 0.7578073 
396000 	 0.8044995 
396500 	 0.8333507 
397000 	 0.8232085 
397500 	 0.7513068 
398000 	 0.7941766 
398500 	 0.8593892 
399000 	 0.6547554 
399500 	 0.8055261 
400000 	 0.7695387 
400500 	 0.7741026 
401000 	 0.7332024 
401500 	 0.7802233 
402000 	 0.7287895 
402500 	 0.7763962 
403000 	 0.7840255 
403500 	 0.7290185 
404000 	 0.7623706 
404500 	 0.7453701 
405000 	 0.7655164 
405500 	 0.8325093 
406000 	 0.77583 
406500 	 0.7709203 
407000 	 0.8182681 
407500 	 0.7387182 
408000 	 0.7551644 
408500 	 0.7631237 
409000 	 0.8114272 
409500 	 0.7987723 
410000 	 0.8359902 
410500 	 0.756972 
411000 	 0.8053037 
411500 	 0.7746782 
412000 	 0.8287427 
412500 	 0.8096762 
413000 	 0.7610106 
413500 	 0.7989267 
414000 	 0.7794408 
414500 	 0.8199646 
415000 	 0.7850855 
415500 	 0.7844508 
416000 	 0.7858152 
416500 	 0.6712416 
417000 	 0.7277661 
417500 	 0.8383277 
418000 	 0.7287348 
418500 	 0.7317293 
419000 	 0.7490432 
419500 	 0.7405748 
420000 	 0.6891559 
420500 	 0.7470481 
421000 	 0.7874623 
421500 	 0.8206232 
422000 	 0.7905841 
422500 	 0.7630852 
423000 	 0.7409054 
423500 	 0.7757746 
424000 	 0.8593227 
424500 	 0.8077986 
425000 	 0.7763059 
425500 	 0.8216012 
426000 	 0.8092515 
426500 	 0.6943261 
427000 	 0.7982187 
427500 	 0.8054623 
428000 	 0.7483703 
428500 	 0.830481 
429000 	 0.7880314 
429500 	 0.8321309 
430000 	 0.7864442 
430500 	 0.8064823 
431000 	 0.7907891 
431500 	 0.8230367 
432000 	 0.7684699 
432500 	 0.8123613 
433000 	 0.7716194 
433500 	 0.8511451 
434000 	 0.7444991 
434500 	 0.8376652 
435000 	 0.8310935 
435500 	 0.7742175 
436000 	 0.8090046 
436500 	 0.7774392 
437000 	 0.8115876 
437500 	 0.7109762 
438000 	 0.7890876 
438500 	 0.7968247 
439000 	 0.7895203 
439500 	 0.8288537 
440000 	 0.7919978 
440500 	 0.7809678 
441000 	 0.8273404 
441500 	 0.7057041 
442000 	 0.7049696 
442500 	 0.7894919 
443000 	 0.8151707 
443500 	 0.7616693 
444000 	 0.7848556 
444500 	 0.8646804 
445000 	 0.7964773 
445500 	 0.7788924 
446000 	 0.7901821 
446500 	 0.8239307 
447000 	 0.7614788 
447500 	 0.7778015 
448000 	 0.7822706 
448500 	 0.7195879 
449000 	 0.7920099 
449500 	 0.8239692 
450000 	 0.7423767 
450500 	 0.7627739 
451000 	 0.7926886 
451500 	 0.8615407 
452000 	 0.806353 
452500 	 0.8106478 
453000 	 0.7532279 
453500 	 0.7490341 
454000 	 0.7804047 
454500 	 0.7827466 
455000 	 0.7598305 
455500 	 0.8072152 
456000 	 0.7367944 
456500 	 0.7716967 
457000 	 0.7485865 
457500 	 0.7249204 
458000 	 0.6961861 
458500 	 0.7683634 
459000 	 0.7407079 
459500 	 0.7484673 
460000 	 0.7430325 
460500 	 0.7371335 
461000 	 0.8182747 
461500 	 0.8055727 
462000 	 0.8099248 
462500 	 0.7580277 
463000 	 0.7381269 
463500 	 0.8124956 
464000 	 0.8110998 
464500 	 0.8211208 
465000 	 0.7624859 
465500 	 0.7283499 
466000 	 0.780643 
466500 	 0.7756778 
467000 	 0.7746737 
467500 	 0.8251413 
468000 	 0.8268089 
468500 	 0.7410853 
469000 	 0.7770421 
469500 	 0.8286136 
470000 	 0.755937 
470500 	 0.7732483 
471000 	 0.7056281 
471500 	 0.7459535 
472000 	 0.8373225 
472500 	 0.7565391 
473000 	 0.8230466 
473500 	 0.8403943 
474000 	 0.7328649 
474500 	 0.7986773 
475000 	 0.7794737 
475500 	 0.8047636 
476000 	 0.7677267 
476500 	 0.7575478 
477000 	 0.7308992 
477500 	 0.7821951 
478000 	 0.8237528 
478500 	 0.7443788 
479000 	 0.8127286 
479500 	 0.716284 
480000 	 0.8131635 
480500 	 0.7621994 
481000 	 0.803855 
481500 	 0.8095956 
482000 	 0.7817352 
482500 	 0.7844156 
483000 	 0.8050542 
483500 	 0.7644742 
484000 	 0.7231755 
484500 	 0.8264296 
485000 	 0.8233909 
485500 	 0.7517125 
486000 	 0.8430573 
486500 	 0.8030008 
487000 	 0.7684848 
487500 	 0.8030932 
488000 	 0.687793 
488500 	 0.7771899 
489000 	 0.7795618 
489500 	 0.7882517 
490000 	 0.7573621 
490500 	 0.8133158 
491000 	 0.8148396 
491500 	 0.7473341 
492000 	 0.7557003 
492500 	 0.7616843 
493000 	 0.7695559 
493500 	 0.7962104 
494000 	 0.7997741 
494500 	 0.7851391 
495000 	 0.8460153 
495500 	 0.8120541 
496000 	 0.8001434 
496500 	 0.7013033 
497000 	 0.7630114 
497500 	 0.7678091 
498000 	 0.8321615 
498500 	 0.8849637 
499000 	 0.7905553 
499500 	 0.7308676 
500000 	 0.7526419 
