iter 	 p
500 	 0.8383616 
1000 	 0.8230802 
1500 	 0.8404705 
2000 	 0.8062673 
2500 	 0.8315192 
3000 	 0.7657064 
3500 	 0.8191461 
4000 	 0.8097525 
4500 	 0.7661804 
5000 	 0.8032096 
5500 	 0.8246781 
6000 	 0.7767293 
6500 	 0.8522503 
7000 	 0.8353071 
7500 	 0.7599201 
8000 	 0.8351223 
8500 	 0.7944517 
9000 	 0.8649492 
9500 	 0.8373429 
10000 	 0.8100935 
10500 	 0.7866158 
11000 	 0.7733803 
11500 	 0.8425594 
12000 	 0.8524688 
12500 	 0.8110097 
13000 	 0.8526495 
13500 	 0.8417046 
14000 	 0.8076926 
14500 	 0.7805405 
15000 	 0.83584 
15500 	 0.7831786 
16000 	 0.8548468 
16500 	 0.9031594 
17000 	 0.8764359 
17500 	 0.8040845 
18000 	 0.7503798 
18500 	 0.8544196 
19000 	 0.8133375 
19500 	 0.7426579 
20000 	 0.8387735 
20500 	 0.8318485 
21000 	 0.83743 
21500 	 0.8215466 
22000 	 0.8166257 
22500 	 0.8210719 
23000 	 0.845283 
23500 	 0.8068854 
24000 	 0.8204469 
24500 	 0.8726484 
25000 	 0.8499752 
25500 	 0.8075649 
26000 	 0.8802777 
26500 	 0.8078801 
27000 	 0.7843617 
27500 	 0.851225 
28000 	 0.7924195 
28500 	 0.8575316 
29000 	 0.8155687 
29500 	 0.7103689 
30000 	 0.8465517 
30500 	 0.8765838 
31000 	 0.8443235 
31500 	 0.8274091 
32000 	 0.8105926 
32500 	 0.7698389 
33000 	 0.9007598 
33500 	 0.8118755 
34000 	 0.8760949 
34500 	 0.8693568 
35000 	 0.7533272 
35500 	 0.8447595 
36000 	 0.8650107 
36500 	 0.8485674 
37000 	 0.8231185 
37500 	 0.8216444 
38000 	 0.8733336 
38500 	 0.824886 
39000 	 0.7941916 
39500 	 0.7867274 
40000 	 0.7707547 
40500 	 0.8766128 
41000 	 0.8135335 
41500 	 0.8640741 
42000 	 0.8035811 
42500 	 0.7855462 
43000 	 0.8502299 
43500 	 0.7588903 
44000 	 0.7994826 
44500 	 0.8907488 
45000 	 0.8342331 
45500 	 0.8531066 
46000 	 0.796653 
46500 	 0.8412717 
47000 	 0.7533623 
47500 	 0.8318022 
48000 	 0.8944458 
48500 	 0.8461587 
49000 	 0.7786737 
49500 	 0.8577725 
50000 	 0.8762939 
50500 	 0.867968 
51000 	 0.8815692 
51500 	 0.8154042 
52000 	 0.8544685 
52500 	 0.8595438 
53000 	 0.7891911 
53500 	 0.8438781 
54000 	 0.8659047 
54500 	 0.8117076 
55000 	 0.8496475 
55500 	 0.7984642 
56000 	 0.8290978 
56500 	 0.82014 
57000 	 0.7934076 
57500 	 0.8601253 
58000 	 0.7929303 
58500 	 0.7945065 
59000 	 0.8958444 
59500 	 0.8687967 
60000 	 0.8135863 
60500 	 0.8549403 
61000 	 0.8344017 
61500 	 0.8130966 
62000 	 0.849911 
62500 	 0.7727292 
63000 	 0.8683402 
63500 	 0.7977444 
64000 	 0.7994909 
64500 	 0.8540421 
65000 	 0.8327731 
65500 	 0.7938988 
66000 	 0.7854915 
66500 	 0.8235203 
67000 	 0.8193235 
67500 	 0.8889037 
68000 	 0.7873371 
68500 	 0.8754475 
69000 	 0.8334532 
69500 	 0.8429782 
70000 	 0.7768213 
70500 	 0.8794277 
71000 	 0.8560518 
71500 	 0.8192993 
72000 	 0.8280698 
72500 	 0.7699938 
73000 	 0.8043759 
73500 	 0.8358175 
74000 	 0.8372136 
74500 	 0.813884 
75000 	 0.8523846 
75500 	 0.8201819 
76000 	 0.803343 
76500 	 0.7944773 
77000 	 0.8331356 
77500 	 0.8375732 
78000 	 0.8103204 
78500 	 0.8588869 
79000 	 0.8151851 
79500 	 0.8626446 
80000 	 0.7332995 
80500 	 0.8684634 
81000 	 0.7889564 
81500 	 0.8839463 
82000 	 0.8730236 
82500 	 0.8177008 
83000 	 0.8247934 
83500 	 0.8142952 
84000 	 0.8702046 
84500 	 0.8426973 
85000 	 0.8612404 
85500 	 0.8069472 
86000 	 0.7972178 
86500 	 0.7825368 
87000 	 0.831112 
87500 	 0.7741641 
88000 	 0.8385245 
88500 	 0.8195942 
89000 	 0.7880409 
89500 	 0.7974503 
90000 	 0.8552399 
90500 	 0.8646664 
91000 	 0.80457 
91500 	 0.8795698 
92000 	 0.7755502 
92500 	 0.8515007 
93000 	 0.8169395 
93500 	 0.8240343 
94000 	 0.8186057 
94500 	 0.8115199 
95000 	 0.8270239 
95500 	 0.74997 
96000 	 0.8190846 
96500 	 0.754013 
97000 	 0.7502976 
97500 	 0.7794651 
98000 	 0.8441657 
98500 	 0.8078372 
99000 	 0.8580824 
99500 	 0.8895053 
100000 	 0.8503563 
100500 	 0.8593311 
101000 	 0.8468563 
101500 	 0.8682714 
102000 	 0.8325049 
102500 	 0.8825354 
103000 	 0.8619107 
103500 	 0.8007209 
104000 	 0.8342255 
104500 	 0.7464991 
105000 	 0.819185 
105500 	 0.8455321 
106000 	 0.8046044 
106500 	 0.8016566 
107000 	 0.8898194 
107500 	 0.7651079 
108000 	 0.8198917 
108500 	 0.853882 
109000 	 0.8141896 
109500 	 0.8423441 
110000 	 0.8427519 
110500 	 0.7834905 
111000 	 0.8452093 
111500 	 0.8693726 
112000 	 0.8177 
112500 	 0.7768247 
113000 	 0.858563 
113500 	 0.840954 
114000 	 0.8680788 
114500 	 0.8695427 
115000 	 0.8921251 
115500 	 0.8709463 
116000 	 0.8282157 
116500 	 0.867619 
117000 	 0.7853067 
117500 	 0.8046604 
118000 	 0.7785617 
118500 	 0.8315638 
119000 	 0.903575 
119500 	 0.8234828 
120000 	 0.8663617 
120500 	 0.9165807 
121000 	 0.835967 
121500 	 0.773085 
122000 	 0.8361893 
122500 	 0.8399637 
123000 	 0.8419751 
123500 	 0.8525243 
124000 	 0.8705796 
124500 	 0.7901147 
125000 	 0.8220593 
125500 	 0.8219043 
126000 	 0.9181914 
126500 	 0.7987664 
127000 	 0.9044584 
127500 	 0.8074136 
128000 	 0.8342433 
128500 	 0.8291202 
129000 	 0.9101321 
129500 	 0.8034245 
130000 	 0.7658341 
130500 	 0.8385377 
131000 	 0.8230449 
131500 	 0.8577665 
132000 	 0.8120916 
132500 	 0.8258464 
133000 	 0.7828422 
133500 	 0.8416553 
134000 	 0.8065087 
134500 	 0.827391 
135000 	 0.7791428 
135500 	 0.8038461 
136000 	 0.8764588 
136500 	 0.8140202 
137000 	 0.827584 
137500 	 0.8054822 
138000 	 0.800106 
138500 	 0.7574593 
139000 	 0.8774016 
139500 	 0.79075 
140000 	 0.7568373 
140500 	 0.8738607 
141000 	 0.8202793 
141500 	 0.8228289 
142000 	 0.8288055 
142500 	 0.8525381 
143000 	 0.8543023 
143500 	 0.8388594 
144000 	 0.8904745 
144500 	 0.8112591 
145000 	 0.8156612 
145500 	 0.8622593 
146000 	 0.8139969 
146500 	 0.8092493 
147000 	 0.8118806 
147500 	 0.7537736 
148000 	 0.801514 
148500 	 0.7689051 
149000 	 0.8479585 
149500 	 0.7887458 
150000 	 0.8439131 
150500 	 0.7705844 
151000 	 0.8452903 
151500 	 0.8295124 
152000 	 0.8551867 
152500 	 0.789129 
153000 	 0.890045 
153500 	 0.8603397 
154000 	 0.8499785 
154500 	 0.7729966 
155000 	 0.7907224 
155500 	 0.8050526 
156000 	 0.7522137 
156500 	 0.7583221 
157000 	 0.873659 
157500 	 0.8449558 
158000 	 0.8467173 
158500 	 0.8514675 
159000 	 0.7839535 
159500 	 0.8079113 
160000 	 0.7980056 
160500 	 0.7517307 
161000 	 0.8713923 
161500 	 0.8495757 
162000 	 0.859646 
162500 	 0.7801769 
163000 	 0.8813946 
163500 	 0.8368484 
164000 	 0.866297 
164500 	 0.8124232 
165000 	 0.8366804 
165500 	 0.8391196 
166000 	 0.8145359 
166500 	 0.8461117 
167000 	 0.7262267 
167500 	 0.8029288 
168000 	 0.8446156 
168500 	 0.8038466 
169000 	 0.8032627 
169500 	 0.8868571 
170000 	 0.8232278 
170500 	 0.8657174 
171000 	 0.8265606 
171500 	 0.8070371 
172000 	 0.867304 
172500 	 0.8322304 
173000 	 0.8736122 
173500 	 0.8128129 
174000 	 0.8345454 
174500 	 0.8518717 
175000 	 0.8060941 
175500 	 0.8718981 
176000 	 0.8474596 
176500 	 0.7995784 
177000 	 0.826685 
177500 	 0.8707211 
178000 	 0.8083672 
178500 	 0.8108464 
179000 	 0.7994861 
179500 	 0.7866076 
180000 	 0.7959677 
180500 	 0.8124524 
181000 	 0.8619683 
181500 	 0.8288648 
182000 	 0.8128758 
182500 	 0.8193745 
183000 	 0.8635745 
183500 	 0.810567 
184000 	 0.8245242 
184500 	 0.7647217 
185000 	 0.8818625 
185500 	 0.8400068 
186000 	 0.8901277 
186500 	 0.7855005 
187000 	 0.7552269 
187500 	 0.773865 
188000 	 0.849699 
188500 	 0.8241736 
189000 	 0.8375777 
189500 	 0.8085168 
190000 	 0.8149754 
190500 	 0.8303136 
191000 	 0.7771503 
191500 	 0.845366 
192000 	 0.7463142 
192500 	 0.7493732 
193000 	 0.9187193 
193500 	 0.8859785 
194000 	 0.809297 
194500 	 0.8545899 
195000 	 0.8484259 
195500 	 0.8197276 
196000 	 0.7561029 
196500 	 0.8125319 
197000 	 0.8143884 
197500 	 0.8675263 
198000 	 0.7811048 
198500 	 0.8455299 
199000 	 0.8373804 
199500 	 0.8369915 
200000 	 0.8424977 
200500 	 0.7998855 
201000 	 0.8670868 
201500 	 0.7874286 
202000 	 0.7923211 
202500 	 0.879582 
203000 	 0.820864 
203500 	 0.8685621 
204000 	 0.8406515 
204500 	 0.8478061 
205000 	 0.7339014 
205500 	 0.7840067 
206000 	 0.804377 
206500 	 0.8272101 
207000 	 0.8840773 
207500 	 0.817897 
208000 	 0.8371774 
208500 	 0.8489264 
209000 	 0.8181512 
209500 	 0.8546695 
210000 	 0.8079185 
210500 	 0.7843156 
211000 	 0.7503993 
211500 	 0.7955906 
212000 	 0.8913026 
212500 	 0.8161406 
213000 	 0.8102024 
213500 	 0.821335 
214000 	 0.7350128 
214500 	 0.8330283 
215000 	 0.8254486 
215500 	 0.8361178 
216000 	 0.8625821 
216500 	 0.8500516 
217000 	 0.8533855 
217500 	 0.8008027 
218000 	 0.8170361 
218500 	 0.7604842 
219000 	 0.7882628 
219500 	 0.8047776 
220000 	 0.8840616 
220500 	 0.8279569 
221000 	 0.8716446 
221500 	 0.8497463 
222000 	 0.846052 
222500 	 0.7762339 
223000 	 0.8284526 
223500 	 0.779611 
224000 	 0.8387583 
224500 	 0.7857376 
225000 	 0.8229303 
225500 	 0.8115124 
226000 	 0.79583 
226500 	 0.835175 
227000 	 0.8243224 
227500 	 0.7835202 
228000 	 0.8221072 
228500 	 0.7331231 
229000 	 0.7514505 
229500 	 0.8382723 
230000 	 0.8325711 
230500 	 0.8167905 
231000 	 0.8000644 
231500 	 0.7901637 
232000 	 0.7924863 
232500 	 0.8557215 
233000 	 0.8895332 
233500 	 0.8317133 
234000 	 0.7601184 
234500 	 0.7705495 
235000 	 0.8593527 
235500 	 0.8051465 
236000 	 0.8757447 
236500 	 0.7849771 
237000 	 0.7287661 
237500 	 0.7822343 
238000 	 0.8107712 
238500 	 0.8274802 
239000 	 0.8747314 
239500 	 0.8466897 
240000 	 0.8275562 
240500 	 0.8569841 
241000 	 0.8530728 
241500 	 0.8433472 
242000 	 0.8654397 
242500 	 0.8271806 
243000 	 0.7873663 
243500 	 0.800201 
244000 	 0.8528152 
244500 	 0.8569512 
245000 	 0.8147044 
245500 	 0.8327041 
246000 	 0.8348723 
246500 	 0.8212832 
247000 	 0.7983014 
247500 	 0.8890824 
248000 	 0.8682523 
248500 	 0.7544692 
249000 	 0.8269346 
249500 	 0.8280274 
250000 	 0.8169219 
250500 	 0.8127696 
251000 	 0.8383765 
251500 	 0.772346 
252000 	 0.7946884 
252500 	 0.8453501 
253000 	 0.8024943 
253500 	 0.7905932 
254000 	 0.8294075 
254500 	 0.8364422 
255000 	 0.8247876 
255500 	 0.8200464 
256000 	 0.8063285 
256500 	 0.8393123 
257000 	 0.779302 
257500 	 0.8024175 
258000 	 0.8612734 
258500 	 0.7329272 
259000 	 0.7043592 
259500 	 0.8382212 
260000 	 0.8050822 
260500 	 0.9070728 
261000 	 0.781147 
261500 	 0.785688 
262000 	 0.8227926 
262500 	 0.7902998 
263000 	 0.7997599 
263500 	 0.868523 
264000 	 0.8776527 
264500 	 0.7999129 
265000 	 0.8608662 
265500 	 0.8422776 
266000 	 0.8357306 
266500 	 0.8355844 
267000 	 0.7465226 
267500 	 0.8316963 
268000 	 0.7646946 
268500 	 0.8876357 
269000 	 0.8134445 
269500 	 0.8366879 
270000 	 0.8266011 
270500 	 0.7555658 
271000 	 0.8024312 
271500 	 0.7997148 
272000 	 0.7771265 
272500 	 0.8654685 
273000 	 0.8143171 
273500 	 0.7728668 
274000 	 0.8499822 
274500 	 0.8859143 
275000 	 0.8637152 
275500 	 0.8569297 
276000 	 0.8645734 
276500 	 0.857161 
277000 	 0.8181533 
277500 	 0.8976026 
278000 	 0.8342238 
278500 	 0.8246983 
279000 	 0.8502073 
279500 	 0.811566 
280000 	 0.8530213 
280500 	 0.7687167 
281000 	 0.8096916 
281500 	 0.839348 
282000 	 0.8612387 
282500 	 0.880074 
283000 	 0.8311673 
283500 	 0.7864537 
284000 	 0.7751006 
284500 	 0.9234328 
285000 	 0.7919562 
285500 	 0.8199964 
286000 	 0.7886645 
286500 	 0.7971718 
287000 	 0.8167535 
287500 	 0.7853547 
288000 	 0.8264067 
288500 	 0.7967262 
289000 	 0.8562554 
289500 	 0.8877789 
290000 	 0.8384976 
290500 	 0.8314344 
291000 	 0.8410106 
291500 	 0.8527 
292000 	 0.8511001 
292500 	 0.8091378 
293000 	 0.7575351 
293500 	 0.8258113 
294000 	 0.7961126 
294500 	 0.8877804 
295000 	 0.8355257 
295500 	 0.7833388 
296000 	 0.822861 
296500 	 0.8227594 
297000 	 0.8640144 
297500 	 0.8002029 
298000 	 0.7486697 
298500 	 0.8185729 
299000 	 0.7573036 
299500 	 0.8428762 
300000 	 0.8294289 
300500 	 0.7766788 
301000 	 0.7985273 
301500 	 0.8472998 
302000 	 0.8059125 
302500 	 0.8753653 
303000 	 0.8879364 
303500 	 0.7988169 
304000 	 0.8146912 
304500 	 0.7714217 
305000 	 0.8267593 
305500 	 0.8228935 
306000 	 0.8321245 
306500 	 0.8813697 
307000 	 0.9029171 
307500 	 0.8415204 
308000 	 0.7323704 
308500 	 0.8576943 
309000 	 0.8177378 
309500 	 0.8717713 
310000 	 0.7206929 
310500 	 0.8139626 
311000 	 0.8078325 
311500 	 0.889619 
312000 	 0.8590669 
312500 	 0.7429497 
313000 	 0.8232955 
313500 	 0.880349 
314000 	 0.8639793 
314500 	 0.8652299 
315000 	 0.8184371 
315500 	 0.8567598 
316000 	 0.7935779 
316500 	 0.8608345 
317000 	 0.8505282 
317500 	 0.8600319 
318000 	 0.8170846 
318500 	 0.8416883 
319000 	 0.787613 
319500 	 0.785833 
320000 	 0.8630929 
320500 	 0.8335185 
321000 	 0.876758 
321500 	 0.7775793 
322000 	 0.7463151 
322500 	 0.8051996 
323000 	 0.8375778 
323500 	 0.8404181 
324000 	 0.8235403 
324500 	 0.814854 
325000 	 0.8279251 
325500 	 0.8102608 
326000 	 0.7932206 
326500 	 0.8693565 
327000 	 0.9059974 
327500 	 0.7897482 
328000 	 0.8154364 
328500 	 0.8727024 
329000 	 0.8231982 
329500 	 0.8709797 
330000 	 0.7487801 
330500 	 0.8085545 
331000 	 0.74217 
331500 	 0.7960531 
332000 	 0.8352777 
332500 	 0.8020193 
333000 	 0.8123763 
333500 	 0.8247129 
334000 	 0.80974 
334500 	 0.8787746 
335000 	 0.7761972 
335500 	 0.8374506 
336000 	 0.8128032 
336500 	 0.8040662 
337000 	 0.8118584 
337500 	 0.8768009 
338000 	 0.8131065 
338500 	 0.8235375 
339000 	 0.848688 
339500 	 0.8400126 
340000 	 0.86875 
340500 	 0.8354259 
341000 	 0.8149191 
341500 	 0.8460451 
342000 	 0.8559861 
342500 	 0.8797807 
343000 	 0.8221858 
343500 	 0.8260412 
344000 	 0.7857292 
344500 	 0.8511003 
345000 	 0.83174 
345500 	 0.841307 
346000 	 0.817776 
346500 	 0.8626059 
347000 	 0.8394899 
347500 	 0.8246523 
348000 	 0.8679063 
348500 	 0.8529428 
349000 	 0.8462129 
349500 	 0.8228493 
350000 	 0.8289512 
350500 	 0.7939165 
351000 	 0.8067796 
351500 	 0.8633185 
352000 	 0.8175743 
352500 	 0.8915733 
353000 	 0.8299908 
353500 	 0.8208653 
354000 	 0.7972507 
354500 	 0.7814931 
355000 	 0.8224035 
355500 	 0.8803707 
356000 	 0.8694114 
356500 	 0.8132722 
357000 	 0.8475775 
357500 	 0.8823073 
358000 	 0.8493523 
358500 	 0.8562595 
359000 	 0.7918327 
359500 	 0.7767951 
360000 	 0.808559 
360500 	 0.7642416 
361000 	 0.8381731 
361500 	 0.8370038 
362000 	 0.7530953 
362500 	 0.8226167 
363000 	 0.8171287 
363500 	 0.8286518 
364000 	 0.8568734 
364500 	 0.7917517 
365000 	 0.8052689 
365500 	 0.7636882 
366000 	 0.8447408 
366500 	 0.8386366 
367000 	 0.812542 
367500 	 0.8304702 
368000 	 0.8701322 
368500 	 0.8263194 
369000 	 0.8496031 
369500 	 0.8141323 
370000 	 0.8903739 
370500 	 0.8314708 
371000 	 0.8241596 
371500 	 0.7612401 
372000 	 0.8638795 
372500 	 0.8350876 
373000 	 0.8393778 
373500 	 0.8429983 
374000 	 0.825833 
374500 	 0.8597241 
375000 	 0.8579133 
375500 	 0.7940103 
376000 	 0.7653003 
376500 	 0.7810614 
377000 	 0.8701823 
377500 	 0.7791026 
378000 	 0.7969456 
378500 	 0.8182978 
379000 	 0.7580095 
379500 	 0.8345517 
380000 	 0.8652222 
380500 	 0.7896214 
381000 	 0.8334619 
381500 	 0.8769482 
382000 	 0.8595975 
382500 	 0.8389571 
383000 	 0.8575415 
383500 	 0.7544715 
384000 	 0.82554 
384500 	 0.8442006 
385000 	 0.7913474 
385500 	 0.7741656 
386000 	 0.8868069 
386500 	 0.7907585 
387000 	 0.7847795 
387500 	 0.8703986 
388000 	 0.8445865 
388500 	 0.767452 
389000 	 0.8700589 
389500 	 0.8249258 
390000 	 0.7991006 
390500 	 0.7488075 
391000 	 0.8249506 
391500 	 0.776292 
392000 	 0.8617953 
392500 	 0.8540727 
393000 	 0.8438329 
393500 	 0.8107844 
394000 	 0.8495439 
394500 	 0.8699899 
395000 	 0.8967249 
395500 	 0.775598 
396000 	 0.796503 
396500 	 0.8214665 
397000 	 0.8361459 
397500 	 0.7832545 
398000 	 0.8344212 
398500 	 0.7855698 
399000 	 0.8211484 
399500 	 0.85854 
400000 	 0.7993507 
400500 	 0.8091679 
401000 	 0.8748195 
401500 	 0.9038524 
402000 	 0.8276323 
402500 	 0.8587093 
403000 	 0.8356111 
403500 	 0.7799678 
404000 	 0.8579814 
404500 	 0.8173627 
405000 	 0.8280251 
405500 	 0.7787556 
406000 	 0.8050251 
406500 	 0.8793274 
407000 	 0.803413 
407500 	 0.8036462 
408000 	 0.8591154 
408500 	 0.8517299 
409000 	 0.848774 
409500 	 0.8643195 
410000 	 0.8472174 
410500 	 0.7660242 
411000 	 0.856937 
411500 	 0.7224166 
412000 	 0.8514881 
412500 	 0.8581714 
413000 	 0.8160129 
413500 	 0.8852915 
414000 	 0.8197671 
414500 	 0.858076 
415000 	 0.8591664 
415500 	 0.7940495 
416000 	 0.8321397 
416500 	 0.8448418 
417000 	 0.7902375 
417500 	 0.7657485 
418000 	 0.8196116 
418500 	 0.8576932 
419000 	 0.8629302 
419500 	 0.8431969 
420000 	 0.8305024 
420500 	 0.8694639 
421000 	 0.8209674 
421500 	 0.8646416 
422000 	 0.8618151 
422500 	 0.8431475 
423000 	 0.8380893 
423500 	 0.7663621 
424000 	 0.8553698 
424500 	 0.8567556 
425000 	 0.7910928 
425500 	 0.8396613 
426000 	 0.7871274 
426500 	 0.8257838 
427000 	 0.8539627 
427500 	 0.8228731 
428000 	 0.7278099 
428500 	 0.825718 
429000 	 0.8447088 
429500 	 0.8410228 
430000 	 0.8632518 
430500 	 0.8365419 
431000 	 0.9090849 
431500 	 0.8628004 
432000 	 0.8474795 
432500 	 0.8042713 
433000 	 0.8196407 
433500 	 0.8504265 
434000 	 0.7912832 
434500 	 0.8640752 
435000 	 0.7704354 
435500 	 0.7918694 
436000 	 0.7313589 
436500 	 0.7700833 
437000 	 0.8296714 
437500 	 0.8524314 
438000 	 0.8419846 
438500 	 0.7773863 
439000 	 0.8538386 
439500 	 0.841836 
440000 	 0.8901139 
440500 	 0.8165813 
441000 	 0.8591886 
441500 	 0.796266 
442000 	 0.8237586 
442500 	 0.8769098 
443000 	 0.827963 
443500 	 0.8234895 
444000 	 0.8126266 
444500 	 0.7781384 
445000 	 0.8038799 
445500 	 0.7947487 
446000 	 0.847738 
446500 	 0.7962607 
447000 	 0.8014808 
447500 	 0.9128595 
448000 	 0.8328123 
448500 	 0.8614204 
449000 	 0.8504431 
449500 	 0.845081 
450000 	 0.8004546 
450500 	 0.8350744 
451000 	 0.8536705 
451500 	 0.8437984 
452000 	 0.8593237 
452500 	 0.7991034 
453000 	 0.8717729 
453500 	 0.8322828 
454000 	 0.8163796 
454500 	 0.8328798 
455000 	 0.8192981 
455500 	 0.8629772 
456000 	 0.8628421 
456500 	 0.8276695 
457000 	 0.7971188 
457500 	 0.8397084 
458000 	 0.7978509 
458500 	 0.8081518 
459000 	 0.8117044 
459500 	 0.883247 
460000 	 0.8268385 
460500 	 0.816852 
461000 	 0.8811343 
461500 	 0.8324903 
462000 	 0.813774 
462500 	 0.8238321 
463000 	 0.7213504 
463500 	 0.8099673 
464000 	 0.8367207 
464500 	 0.8437082 
465000 	 0.8423968 
465500 	 0.8795574 
466000 	 0.7891285 
466500 	 0.8639376 
467000 	 0.8609649 
467500 	 0.8256088 
468000 	 0.8224565 
468500 	 0.864613 
469000 	 0.8084833 
469500 	 0.7862566 
470000 	 0.8891896 
470500 	 0.868853 
471000 	 0.8249481 
471500 	 0.8078452 
472000 	 0.7733404 
472500 	 0.8253576 
473000 	 0.7835114 
473500 	 0.8580192 
474000 	 0.8750806 
474500 	 0.8423289 
475000 	 0.8251996 
475500 	 0.8111901 
476000 	 0.8682568 
476500 	 0.7249159 
477000 	 0.8091359 
477500 	 0.8449629 
478000 	 0.8447714 
478500 	 0.8446462 
479000 	 0.8658296 
479500 	 0.8667615 
480000 	 0.773738 
480500 	 0.7775765 
481000 	 0.8042943 
481500 	 0.8241923 
482000 	 0.854603 
482500 	 0.8123409 
483000 	 0.8500541 
483500 	 0.7665677 
484000 	 0.8861136 
484500 	 0.7848225 
485000 	 0.8510569 
485500 	 0.8201415 
486000 	 0.8388913 
486500 	 0.7948846 
487000 	 0.8129318 
487500 	 0.8461081 
488000 	 0.850614 
488500 	 0.8624382 
489000 	 0.8143852 
489500 	 0.8697376 
490000 	 0.8656118 
490500 	 0.8589015 
491000 	 0.8168202 
491500 	 0.8275945 
492000 	 0.9038905 
492500 	 0.8688641 
493000 	 0.8039248 
493500 	 0.8226974 
494000 	 0.8594737 
494500 	 0.8042627 
495000 	 0.788523 
495500 	 0.8249189 
496000 	 0.8595767 
496500 	 0.9018121 
497000 	 0.8551793 
497500 	 0.8413086 
498000 	 0.7551829 
498500 	 0.8462353 
499000 	 0.8533587 
499500 	 0.8168142 
500000 	 0.8927611 
