iter 	 p
500 	 0.4859895 
1000 	 0.4198808 
1500 	 0.431236 
2000 	 0.4320949 
2500 	 0.4036283 
3000 	 0.4350719 
3500 	 0.4832032 
4000 	 0.450573 
4500 	 0.3909039 
5000 	 0.3844945 
5500 	 0.4301324 
6000 	 0.47091 
6500 	 0.4080987 
7000 	 0.4385699 
7500 	 0.4372273 
8000 	 0.5437384 
8500 	 0.477705 
9000 	 0.4160909 
9500 	 0.4513518 
10000 	 0.4107889 
10500 	 0.4481796 
11000 	 0.378188 
11500 	 0.4107538 
12000 	 0.4809281 
12500 	 0.3869923 
13000 	 0.4201088 
13500 	 0.3706575 
14000 	 0.4153273 
14500 	 0.356555 
15000 	 0.4686689 
15500 	 0.3771191 
16000 	 0.4610357 
16500 	 0.4719843 
17000 	 0.3914248 
17500 	 0.4457158 
18000 	 0.3625324 
18500 	 0.3961417 
19000 	 0.4508868 
19500 	 0.4637198 
20000 	 0.3643565 
20500 	 0.4836992 
21000 	 0.4297131 
21500 	 0.4120254 
22000 	 0.4368115 
22500 	 0.4464869 
23000 	 0.4351158 
23500 	 0.4455582 
24000 	 0.4384005 
24500 	 0.397072 
25000 	 0.463273 
25500 	 0.4085314 
26000 	 0.4092648 
26500 	 0.4160654 
27000 	 0.3724629 
27500 	 0.5661606 
28000 	 0.4460523 
28500 	 0.4365771 
29000 	 0.4235746 
29500 	 0.3914284 
30000 	 0.4815577 
30500 	 0.4232465 
31000 	 0.4711155 
31500 	 0.5114925 
32000 	 0.5029161 
32500 	 0.4409099 
33000 	 0.4310968 
33500 	 0.3869575 
34000 	 0.4172673 
34500 	 0.4658745 
35000 	 0.5309294 
35500 	 0.3879497 
36000 	 0.4472347 
36500 	 0.4298942 
37000 	 0.414202 
37500 	 0.365634 
38000 	 0.3948102 
38500 	 0.4321391 
39000 	 0.3709862 
39500 	 0.4301671 
40000 	 0.4570603 
40500 	 0.4930992 
41000 	 0.354176 
41500 	 0.3476447 
42000 	 0.3911176 
42500 	 0.388188 
43000 	 0.4791639 
43500 	 0.3872474 
44000 	 0.3867585 
44500 	 0.4424235 
45000 	 0.481242 
45500 	 0.3537228 
46000 	 0.4197445 
46500 	 0.397853 
47000 	 0.3900448 
47500 	 0.3988773 
48000 	 0.4202151 
48500 	 0.4100829 
49000 	 0.4398007 
49500 	 0.4370857 
50000 	 0.4359614 
50500 	 0.4996856 
51000 	 0.4298906 
51500 	 0.3919338 
52000 	 0.3820853 
52500 	 0.4276128 
53000 	 0.4653348 
53500 	 0.3869549 
54000 	 0.4328117 
54500 	 0.440761 
55000 	 0.3991493 
55500 	 0.3919358 
56000 	 0.4236041 
56500 	 0.4952293 
57000 	 0.396352 
57500 	 0.3755309 
58000 	 0.3831933 
58500 	 0.4391672 
59000 	 0.4361693 
59500 	 0.4205913 
60000 	 0.4798406 
60500 	 0.4850944 
61000 	 0.4106115 
61500 	 0.4598305 
62000 	 0.4362554 
62500 	 0.4553798 
63000 	 0.376098 
63500 	 0.4017728 
64000 	 0.3701432 
64500 	 0.4342465 
65000 	 0.4853686 
65500 	 0.4639784 
66000 	 0.4681352 
66500 	 0.3822892 
67000 	 0.4664804 
67500 	 0.3872211 
68000 	 0.431085 
68500 	 0.4815917 
69000 	 0.3957657 
69500 	 0.3978132 
70000 	 0.4106004 
70500 	 0.4749281 
71000 	 0.3758588 
71500 	 0.4433399 
72000 	 0.460874 
72500 	 0.4342664 
73000 	 0.3559178 
73500 	 0.4796305 
74000 	 0.3733962 
74500 	 0.5048297 
75000 	 0.3714634 
75500 	 0.425871 
76000 	 0.4519956 
76500 	 0.3829685 
77000 	 0.4076153 
77500 	 0.4663453 
78000 	 0.3664223 
78500 	 0.3897339 
79000 	 0.3712934 
79500 	 0.4473995 
80000 	 0.445975 
80500 	 0.3523261 
81000 	 0.4332025 
81500 	 0.50353 
82000 	 0.4180135 
82500 	 0.4444436 
83000 	 0.5105041 
83500 	 0.3996936 
84000 	 0.448914 
84500 	 0.4108054 
85000 	 0.4657935 
85500 	 0.4234709 
86000 	 0.4332957 
86500 	 0.4713093 
87000 	 0.4285017 
87500 	 0.460337 
88000 	 0.515423 
88500 	 0.3254967 
89000 	 0.4239959 
89500 	 0.3799168 
90000 	 0.5162917 
90500 	 0.3715256 
91000 	 0.4092509 
91500 	 0.4622584 
92000 	 0.3856435 
92500 	 0.3915491 
93000 	 0.422857 
93500 	 0.4323311 
94000 	 0.3653233 
94500 	 0.4126724 
95000 	 0.4180998 
95500 	 0.3521367 
96000 	 0.3848797 
96500 	 0.4183272 
97000 	 0.4589041 
97500 	 0.4703348 
98000 	 0.5095181 
98500 	 0.4350191 
99000 	 0.4876077 
99500 	 0.461097 
100000 	 0.4029181 
100500 	 0.3879069 
101000 	 0.4580166 
101500 	 0.4021087 
102000 	 0.4401781 
102500 	 0.3945837 
103000 	 0.472877 
103500 	 0.340569 
104000 	 0.5545983 
104500 	 0.3821601 
105000 	 0.423072 
105500 	 0.400327 
106000 	 0.5080275 
106500 	 0.4333329 
107000 	 0.4288979 
107500 	 0.4589816 
108000 	 0.4228987 
108500 	 0.4236758 
109000 	 0.4300351 
109500 	 0.4462669 
110000 	 0.4351409 
110500 	 0.4345418 
111000 	 0.4239231 
111500 	 0.3979772 
112000 	 0.4081955 
112500 	 0.4046068 
113000 	 0.4050868 
113500 	 0.3649156 
114000 	 0.3922274 
114500 	 0.4329218 
115000 	 0.474595 
115500 	 0.4947934 
116000 	 0.4424437 
116500 	 0.2935179 
117000 	 0.3226005 
117500 	 0.4100574 
118000 	 0.3918803 
118500 	 0.3765167 
119000 	 0.394589 
119500 	 0.4481228 
120000 	 0.4680422 
120500 	 0.4612021 
121000 	 0.4237347 
121500 	 0.40223 
122000 	 0.5032135 
122500 	 0.4904359 
123000 	 0.4016246 
123500 	 0.3903925 
124000 	 0.4945257 
124500 	 0.4382936 
125000 	 0.4671615 
125500 	 0.4247601 
126000 	 0.4014775 
126500 	 0.3917212 
127000 	 0.4289355 
127500 	 0.4802739 
128000 	 0.4007313 
128500 	 0.4042019 
129000 	 0.3898275 
129500 	 0.3734669 
130000 	 0.4339282 
130500 	 0.4685196 
131000 	 0.4208004 
131500 	 0.4011754 
132000 	 0.3808671 
132500 	 0.4097619 
133000 	 0.4457968 
133500 	 0.4148965 
134000 	 0.4156364 
134500 	 0.444474 
135000 	 0.5099073 
135500 	 0.4357842 
136000 	 0.4600448 
136500 	 0.4696889 
137000 	 0.4084797 
137500 	 0.4530671 
138000 	 0.3967144 
138500 	 0.4672526 
139000 	 0.4455781 
139500 	 0.3859566 
140000 	 0.4120613 
140500 	 0.4394296 
141000 	 0.4258684 
141500 	 0.4551904 
142000 	 0.3631589 
142500 	 0.3868885 
143000 	 0.3445369 
143500 	 0.3979637 
144000 	 0.4420383 
144500 	 0.4380789 
145000 	 0.3527661 
145500 	 0.489817 
146000 	 0.4035285 
146500 	 0.4801023 
147000 	 0.44642 
147500 	 0.3949243 
148000 	 0.3941576 
148500 	 0.3772641 
149000 	 0.3632156 
149500 	 0.4114478 
150000 	 0.3908203 
150500 	 0.4462683 
151000 	 0.441431 
151500 	 0.4101035 
152000 	 0.4821285 
152500 	 0.4250395 
153000 	 0.389471 
153500 	 0.3869945 
154000 	 0.4932735 
154500 	 0.4647366 
155000 	 0.4700138 
155500 	 0.451837 
156000 	 0.3886059 
156500 	 0.4906202 
157000 	 0.4107955 
157500 	 0.4444156 
158000 	 0.3496109 
158500 	 0.4092872 
159000 	 0.4058993 
159500 	 0.4200132 
160000 	 0.4026512 
160500 	 0.3528208 
161000 	 0.4787423 
161500 	 0.4162524 
162000 	 0.3707241 
162500 	 0.3990002 
163000 	 0.4262456 
163500 	 0.4491376 
164000 	 0.538074 
164500 	 0.4749498 
165000 	 0.405038 
165500 	 0.4417339 
166000 	 0.385647 
166500 	 0.4217945 
167000 	 0.394509 
167500 	 0.4493983 
168000 	 0.4610192 
168500 	 0.4044134 
169000 	 0.432621 
169500 	 0.4252253 
170000 	 0.4152508 
170500 	 0.4270819 
171000 	 0.3695189 
171500 	 0.4389217 
172000 	 0.4429291 
172500 	 0.4419888 
173000 	 0.4063393 
173500 	 0.4614062 
174000 	 0.4012101 
174500 	 0.4396853 
175000 	 0.4679733 
175500 	 0.4206684 
176000 	 0.4470373 
176500 	 0.4643123 
177000 	 0.4936191 
177500 	 0.4723092 
178000 	 0.4269041 
178500 	 0.3932378 
179000 	 0.3936052 
179500 	 0.4830119 
180000 	 0.4453297 
180500 	 0.3886464 
181000 	 0.4712533 
181500 	 0.3678969 
182000 	 0.4728188 
182500 	 0.4378063 
183000 	 0.4294939 
183500 	 0.4624809 
184000 	 0.443201 
184500 	 0.4093598 
185000 	 0.4175046 
185500 	 0.3647699 
186000 	 0.441603 
186500 	 0.4356727 
187000 	 0.4097302 
187500 	 0.4129621 
188000 	 0.3862444 
188500 	 0.4317788 
189000 	 0.4096902 
189500 	 0.4260395 
190000 	 0.4399215 
190500 	 0.372784 
191000 	 0.4506804 
191500 	 0.4155832 
192000 	 0.4819517 
192500 	 0.3970696 
193000 	 0.3836957 
193500 	 0.4523554 
194000 	 0.3887929 
194500 	 0.4155567 
195000 	 0.3931045 
195500 	 0.475178 
196000 	 0.4338334 
196500 	 0.5011757 
197000 	 0.4570805 
197500 	 0.4383644 
198000 	 0.4905384 
198500 	 0.5108052 
199000 	 0.41767 
199500 	 0.4774295 
200000 	 0.3706545 
200500 	 0.450612 
201000 	 0.4584796 
201500 	 0.4509208 
202000 	 0.4292258 
202500 	 0.4941791 
203000 	 0.4125557 
203500 	 0.4460539 
204000 	 0.4417554 
204500 	 0.4223801 
205000 	 0.4599273 
205500 	 0.4484389 
206000 	 0.4235319 
206500 	 0.3637284 
207000 	 0.4102604 
207500 	 0.4165159 
208000 	 0.4844756 
208500 	 0.4077948 
209000 	 0.4311726 
209500 	 0.3980139 
210000 	 0.4376672 
210500 	 0.3555982 
211000 	 0.4352186 
211500 	 0.3525972 
212000 	 0.4762937 
212500 	 0.3635698 
213000 	 0.3948902 
213500 	 0.4112304 
214000 	 0.515865 
214500 	 0.4205867 
215000 	 0.5398347 
215500 	 0.4558682 
216000 	 0.4485457 
216500 	 0.5047366 
217000 	 0.4408193 
217500 	 0.5147741 
218000 	 0.417547 
218500 	 0.3802437 
219000 	 0.425618 
219500 	 0.4855382 
220000 	 0.4248286 
220500 	 0.4544787 
221000 	 0.4471466 
221500 	 0.4525472 
222000 	 0.4120879 
222500 	 0.454948 
223000 	 0.3506474 
223500 	 0.3740144 
224000 	 0.4278564 
224500 	 0.4880314 
225000 	 0.4281589 
225500 	 0.4191125 
226000 	 0.4505789 
226500 	 0.3941525 
227000 	 0.3199375 
227500 	 0.478369 
228000 	 0.4114839 
228500 	 0.5195247 
229000 	 0.5227319 
229500 	 0.5040603 
230000 	 0.46975 
230500 	 0.4705836 
231000 	 0.4249281 
231500 	 0.4557146 
232000 	 0.4651227 
232500 	 0.5153233 
233000 	 0.4539849 
233500 	 0.4360533 
234000 	 0.4968762 
234500 	 0.3959848 
235000 	 0.4913432 
235500 	 0.4432685 
236000 	 0.412695 
236500 	 0.4510271 
237000 	 0.3996197 
237500 	 0.411475 
238000 	 0.5082652 
238500 	 0.3955974 
239000 	 0.3221751 
239500 	 0.4340557 
240000 	 0.4177308 
240500 	 0.3809976 
241000 	 0.378176 
241500 	 0.4058821 
242000 	 0.4076552 
242500 	 0.4864139 
243000 	 0.4029832 
243500 	 0.4572255 
244000 	 0.3779026 
244500 	 0.4956921 
245000 	 0.4528071 
245500 	 0.4096593 
246000 	 0.4601661 
246500 	 0.4861684 
247000 	 0.4871143 
247500 	 0.4688845 
248000 	 0.4427999 
248500 	 0.4941744 
249000 	 0.438398 
249500 	 0.3899346 
250000 	 0.4213542 
250500 	 0.4183006 
251000 	 0.4032178 
251500 	 0.4442406 
252000 	 0.4261722 
252500 	 0.4001546 
253000 	 0.4633083 
253500 	 0.4261335 
254000 	 0.4895987 
254500 	 0.4362336 
255000 	 0.4215714 
255500 	 0.4134445 
256000 	 0.4443151 
256500 	 0.4438754 
257000 	 0.4446837 
257500 	 0.4902769 
258000 	 0.4466107 
258500 	 0.4226589 
259000 	 0.3955102 
259500 	 0.4239554 
260000 	 0.4622844 
260500 	 0.4220384 
261000 	 0.4484022 
261500 	 0.4322819 
262000 	 0.4450323 
262500 	 0.3648134 
263000 	 0.4872077 
263500 	 0.3678193 
264000 	 0.4405344 
264500 	 0.382253 
265000 	 0.4709166 
265500 	 0.4575629 
266000 	 0.3797903 
266500 	 0.4899207 
267000 	 0.3764501 
267500 	 0.3418457 
268000 	 0.4019476 
268500 	 0.4651717 
269000 	 0.4371445 
269500 	 0.4500775 
270000 	 0.3902501 
270500 	 0.4415759 
271000 	 0.4617495 
271500 	 0.4574504 
272000 	 0.4049956 
272500 	 0.3812137 
273000 	 0.4482971 
273500 	 0.4049734 
274000 	 0.4530955 
274500 	 0.3969363 
275000 	 0.477656 
275500 	 0.4306272 
276000 	 0.4102824 
276500 	 0.4615073 
277000 	 0.4585564 
277500 	 0.511054 
278000 	 0.4569945 
278500 	 0.4643808 
279000 	 0.4443765 
279500 	 0.4052262 
280000 	 0.4300076 
280500 	 0.4216399 
281000 	 0.4658805 
281500 	 0.4497559 
282000 	 0.4290727 
282500 	 0.4570265 
283000 	 0.4761794 
283500 	 0.4102523 
284000 	 0.4187521 
284500 	 0.4576884 
285000 	 0.423322 
285500 	 0.3924782 
286000 	 0.3992426 
286500 	 0.45077 
287000 	 0.3539539 
287500 	 0.4485135 
288000 	 0.5048652 
288500 	 0.4378777 
289000 	 0.4701492 
289500 	 0.4106703 
290000 	 0.4417694 
290500 	 0.3817605 
291000 	 0.4906902 
291500 	 0.3389313 
292000 	 0.4319815 
292500 	 0.4580469 
293000 	 0.4684866 
293500 	 0.4432413 
294000 	 0.3769379 
294500 	 0.4027626 
295000 	 0.4768095 
295500 	 0.5247082 
296000 	 0.4475887 
296500 	 0.3994924 
297000 	 0.415833 
297500 	 0.4097142 
298000 	 0.4419199 
298500 	 0.4172926 
299000 	 0.4267488 
299500 	 0.4012507 
300000 	 0.4857059 
300500 	 0.3792913 
301000 	 0.4389477 
301500 	 0.4389246 
302000 	 0.4577634 
302500 	 0.4604036 
303000 	 0.3665147 
303500 	 0.4489852 
304000 	 0.4671688 
304500 	 0.4486419 
305000 	 0.4573236 
305500 	 0.396147 
306000 	 0.4831859 
306500 	 0.3808863 
307000 	 0.4580794 
307500 	 0.4897495 
308000 	 0.4228717 
308500 	 0.4664241 
309000 	 0.4709607 
309500 	 0.4804928 
310000 	 0.4255019 
310500 	 0.4419127 
311000 	 0.3623729 
311500 	 0.4164789 
312000 	 0.4047316 
312500 	 0.4807027 
313000 	 0.4088706 
313500 	 0.3778874 
314000 	 0.3764153 
314500 	 0.4463048 
315000 	 0.3953828 
315500 	 0.4738192 
316000 	 0.4212098 
316500 	 0.4691209 
317000 	 0.4537497 
317500 	 0.4162044 
318000 	 0.4305402 
318500 	 0.4703408 
319000 	 0.3950704 
319500 	 0.4197373 
320000 	 0.3397371 
320500 	 0.4094201 
321000 	 0.4952675 
321500 	 0.4503821 
322000 	 0.4093299 
322500 	 0.4453813 
323000 	 0.3842662 
323500 	 0.4015881 
324000 	 0.4136351 
324500 	 0.4057958 
325000 	 0.3879647 
325500 	 0.4841571 
326000 	 0.4216935 
326500 	 0.4242553 
327000 	 0.4720407 
327500 	 0.4052079 
328000 	 0.3988066 
328500 	 0.4312058 
329000 	 0.4369532 
329500 	 0.4408554 
330000 	 0.39649 
330500 	 0.4963874 
331000 	 0.4318311 
331500 	 0.4121682 
332000 	 0.4933063 
332500 	 0.4255593 
333000 	 0.4491633 
333500 	 0.4198967 
334000 	 0.4345272 
334500 	 0.460734 
335000 	 0.4016026 
335500 	 0.4188463 
336000 	 0.4363738 
336500 	 0.4239599 
337000 	 0.4136217 
337500 	 0.4546527 
338000 	 0.4016016 
338500 	 0.3854468 
339000 	 0.4088449 
339500 	 0.3760461 
340000 	 0.4125977 
340500 	 0.4436787 
341000 	 0.4355456 
341500 	 0.3484419 
342000 	 0.4444785 
342500 	 0.421512 
343000 	 0.4610162 
343500 	 0.4386972 
344000 	 0.4050126 
344500 	 0.3949704 
345000 	 0.4443299 
345500 	 0.5132514 
346000 	 0.4376943 
346500 	 0.4038307 
347000 	 0.3609724 
347500 	 0.4520036 
348000 	 0.4230302 
348500 	 0.4220632 
349000 	 0.4857923 
349500 	 0.4462692 
350000 	 0.4592792 
350500 	 0.4314489 
351000 	 0.4997415 
351500 	 0.3918839 
352000 	 0.4108647 
352500 	 0.4443337 
353000 	 0.4489065 
353500 	 0.5036357 
354000 	 0.4253309 
354500 	 0.5227868 
355000 	 0.4046723 
355500 	 0.4439599 
356000 	 0.4337881 
356500 	 0.402762 
357000 	 0.3943228 
357500 	 0.4866477 
358000 	 0.424275 
358500 	 0.3905568 
359000 	 0.4101591 
359500 	 0.477991 
360000 	 0.4035551 
360500 	 0.4745431 
361000 	 0.4486471 
361500 	 0.4053501 
362000 	 0.3888524 
362500 	 0.4611547 
363000 	 0.5481898 
363500 	 0.4589017 
364000 	 0.43468 
364500 	 0.4577541 
365000 	 0.4702288 
365500 	 0.417724 
366000 	 0.3956176 
366500 	 0.4633491 
367000 	 0.4507106 
367500 	 0.4204421 
368000 	 0.4074707 
368500 	 0.4301224 
369000 	 0.4479742 
369500 	 0.4839084 
370000 	 0.4407246 
370500 	 0.4079901 
371000 	 0.4353593 
371500 	 0.444892 
372000 	 0.5285173 
372500 	 0.3353451 
373000 	 0.3674798 
373500 	 0.4754957 
374000 	 0.5037113 
374500 	 0.4204428 
375000 	 0.4436585 
375500 	 0.4367985 
376000 	 0.4038169 
376500 	 0.4335882 
377000 	 0.3982904 
377500 	 0.4438799 
378000 	 0.4318341 
378500 	 0.3829429 
379000 	 0.4341427 
379500 	 0.4117823 
380000 	 0.3727628 
380500 	 0.4116948 
381000 	 0.3624199 
381500 	 0.4780154 
382000 	 0.4290423 
382500 	 0.4029241 
383000 	 0.4266511 
383500 	 0.3680127 
384000 	 0.4232673 
384500 	 0.5018076 
385000 	 0.4829705 
385500 	 0.3790198 
386000 	 0.424607 
386500 	 0.4402651 
387000 	 0.4055961 
387500 	 0.4987248 
388000 	 0.4734141 
388500 	 0.4830864 
389000 	 0.4393476 
389500 	 0.4226578 
390000 	 0.4048565 
390500 	 0.4644134 
391000 	 0.3129717 
391500 	 0.4407251 
392000 	 0.4121811 
392500 	 0.3424016 
393000 	 0.3896522 
393500 	 0.3929514 
394000 	 0.3917879 
394500 	 0.4332185 
395000 	 0.462126 
395500 	 0.4117378 
396000 	 0.49691 
396500 	 0.4430801 
397000 	 0.4699691 
397500 	 0.4112562 
398000 	 0.4010807 
398500 	 0.4994916 
399000 	 0.4423488 
399500 	 0.441947 
400000 	 0.3947678 
400500 	 0.4605208 
401000 	 0.4372391 
401500 	 0.3663477 
402000 	 0.3857157 
402500 	 0.443202 
403000 	 0.4157212 
403500 	 0.4146317 
404000 	 0.445937 
404500 	 0.4224085 
405000 	 0.3920411 
405500 	 0.5241021 
406000 	 0.5098803 
406500 	 0.4281166 
407000 	 0.4897313 
407500 	 0.3989299 
408000 	 0.4234806 
408500 	 0.4589932 
409000 	 0.4692848 
409500 	 0.4141943 
410000 	 0.3625942 
410500 	 0.3965295 
411000 	 0.4693161 
411500 	 0.42996 
412000 	 0.4247113 
412500 	 0.4478322 
413000 	 0.4581865 
413500 	 0.4380693 
414000 	 0.4137126 
414500 	 0.4257035 
415000 	 0.4004337 
415500 	 0.4836646 
416000 	 0.3477803 
416500 	 0.4534864 
417000 	 0.4723334 
417500 	 0.3956969 
418000 	 0.4547146 
418500 	 0.4379116 
419000 	 0.330456 
419500 	 0.4209413 
420000 	 0.3721044 
420500 	 0.4723281 
421000 	 0.4843644 
421500 	 0.393976 
422000 	 0.383399 
422500 	 0.3603808 
423000 	 0.4914489 
423500 	 0.4597885 
424000 	 0.4606048 
424500 	 0.4177325 
425000 	 0.4210924 
425500 	 0.4327475 
426000 	 0.3917799 
426500 	 0.4895985 
427000 	 0.4837772 
427500 	 0.3544752 
428000 	 0.4352688 
428500 	 0.3790797 
429000 	 0.4184819 
429500 	 0.5709896 
430000 	 0.4002817 
430500 	 0.4806075 
431000 	 0.3983031 
431500 	 0.4336674 
432000 	 0.389508 
432500 	 0.427229 
433000 	 0.4833261 
433500 	 0.4350936 
434000 	 0.4349839 
434500 	 0.4527403 
435000 	 0.4426127 
435500 	 0.5632639 
436000 	 0.4768098 
436500 	 0.4389856 
437000 	 0.4470921 
437500 	 0.4821381 
438000 	 0.410447 
438500 	 0.4577502 
439000 	 0.4457361 
439500 	 0.5074413 
440000 	 0.3143253 
440500 	 0.3576451 
441000 	 0.4252144 
441500 	 0.3590727 
442000 	 0.4334531 
442500 	 0.4530732 
443000 	 0.4862288 
443500 	 0.3761868 
444000 	 0.3890892 
444500 	 0.3908098 
445000 	 0.4237938 
445500 	 0.4593418 
446000 	 0.4479998 
446500 	 0.3911751 
447000 	 0.3853149 
447500 	 0.4482763 
448000 	 0.4372335 
448500 	 0.4489824 
449000 	 0.4156704 
449500 	 0.3848862 
450000 	 0.482368 
450500 	 0.4281414 
451000 	 0.5180388 
451500 	 0.4011225 
452000 	 0.3609089 
452500 	 0.3694179 
453000 	 0.4781232 
453500 	 0.4271201 
454000 	 0.4376506 
454500 	 0.4525518 
455000 	 0.4659979 
455500 	 0.4096609 
456000 	 0.372521 
456500 	 0.4330745 
457000 	 0.4475845 
457500 	 0.4307812 
458000 	 0.4308853 
458500 	 0.4555446 
459000 	 0.4911555 
459500 	 0.4353695 
460000 	 0.3615398 
460500 	 0.4038019 
461000 	 0.4196402 
461500 	 0.5289212 
462000 	 0.3694721 
462500 	 0.4019503 
463000 	 0.3968048 
463500 	 0.4583478 
464000 	 0.4568408 
464500 	 0.39845 
465000 	 0.4856271 
465500 	 0.5058831 
466000 	 0.3913932 
466500 	 0.3314905 
467000 	 0.4458362 
467500 	 0.412401 
468000 	 0.3891613 
468500 	 0.530417 
469000 	 0.4745109 
469500 	 0.3613049 
470000 	 0.4372517 
470500 	 0.3815972 
471000 	 0.3892628 
471500 	 0.4502622 
472000 	 0.4476802 
472500 	 0.4381224 
473000 	 0.4469968 
473500 	 0.3715751 
474000 	 0.3665879 
474500 	 0.4643533 
475000 	 0.424438 
475500 	 0.3903241 
476000 	 0.4335676 
476500 	 0.4763134 
477000 	 0.4623793 
477500 	 0.4872479 
478000 	 0.4054445 
478500 	 0.4165335 
479000 	 0.4327837 
479500 	 0.4542539 
480000 	 0.5213268 
480500 	 0.4613721 
481000 	 0.4848137 
481500 	 0.4424259 
482000 	 0.4675395 
482500 	 0.3678781 
483000 	 0.4428167 
483500 	 0.4627838 
484000 	 0.5187874 
484500 	 0.4034678 
485000 	 0.3994027 
485500 	 0.4486914 
486000 	 0.4364789 
486500 	 0.4452037 
487000 	 0.425121 
487500 	 0.4277773 
488000 	 0.5103988 
488500 	 0.40982 
489000 	 0.4318332 
489500 	 0.4181128 
490000 	 0.4475077 
490500 	 0.4633378 
491000 	 0.3895941 
491500 	 0.3375913 
492000 	 0.4425214 
492500 	 0.3673493 
493000 	 0.4708461 
493500 	 0.3429882 
494000 	 0.4091119 
494500 	 0.4152342 
495000 	 0.4221754 
495500 	 0.5264903 
496000 	 0.4631368 
496500 	 0.3401495 
497000 	 0.4046005 
497500 	 0.4644041 
498000 	 0.4200271 
498500 	 0.4525511 
499000 	 0.444802 
499500 	 0.4091747 
500000 	 0.443414 
